0   :
parent#1: 0.4114773666127734                                 0.35303605509627933                                -0.351972553083123                                 0.1669308244660555                                 -0.6249790304914262                                -0.40460172235508607                               
parent#2: 0.4114773666127734                                 0.35303605509627933                                -0.351972553083123                                 0.1669308244660555                                 -0.6249790304914262                                -0.40460172235508607                               
son     : 0.4114773666127734                                 0.35303605509627933                                -0.351972553083123                                 0.1669308244660555                                 -0.6249790304914262                                -0.40460172235508607                               
1   :
parent#1: 0.4114773666127734                                 0.35303605509627933                                -0.351972553083123                                 0.1669308244660555                                 -0.6249790304914262                                -0.40460172235508607                               
parent#2: 0.013956564746250864                               -0.47575194429547063                               0.48210372954016045                                0.42298555936036536                                0.39786030280502827                                -0.4514772328562326                                
son     : 0.44004728859264197                                -0.10211855542801726                               0.10828921863876004                                0.4909014580979857                                 -0.18899782687747524                               -0.7123897875735089                                
2   :
parent#1: 0.4114773666127734                                 0.35303605509627933                                -0.351972553083123                                 0.1669308244660555                                 -0.6249790304914262                                -0.40460172235508607                               
parent#2: 0.641203963554633                                  -0.4320040704304389                                -0.24210444194992284                               0.008013827921567006                               -0.4046568142855711                                -0.4240330655217514                                
son     : 0.5843999093853023                                 -0.043839383945643864                              -0.32980402721685326                               0.0971211667509208                                 -0.5716061234712368                                -0.46001964798950384                               
3   :
parent#1: 0.4114773666127734                                 0.35303605509627933                                -0.351972553083123                                 0.1669308244660555                                 -0.6249790304914262                                -0.40460172235508607                               
parent#2: 0.29085527417441626                                0.25733626516347335                                -0.21183211697599721                               -0.24419522650199865                               0.6607173766948191                                 -0.5550942711119088                                
son     : 0.4832807895820087                                 0.4200021467655477                                 -0.3879585687642233                                -0.05316626204452128                               0.02459184604060613                                -0.6603746010744701                                
4   :
parent#1: 0.4114773666127734                                 0.35303605509627933                                -0.351972553083123                                 0.1669308244660555                                 -0.6249790304914262                                -0.40460172235508607                               
parent#2: -0.21277315511615508                               0.4774718557240536                                 -0.06485251024311009                               0.6463067750128703                                 0.01829717410385328                                -0.5518107731467271                                
son     : 0.12553352799105955                                0.5246823269849765                                 -0.2633337278577477                                0.5137716215909556                                 -0.10274886542117502                               -0.6042239058285851                                
5   :
parent#1: 0.4114773666127734                                 0.35303605509627933                                -0.351972553083123                                 0.1669308244660555                                 -0.6249790304914262                                -0.40460172235508607                               
parent#2: -0.03164101926782635                               -0.45335887343302383                               -0.5314678081475984                                -0.5798870353577714                                0.006683072627004188                               -0.41796280868787494                               
son     : 0.258192473571675                                  -0.0681940967553653                                -0.6005156002410373                                -0.2807055888995527                                -0.42028458802392427                               -0.5591354603814016                                
6   :
parent#1: 0.4114773666127734                                 0.35303605509627933                                -0.351972553083123                                 0.1669308244660555                                 -0.6249790304914262                                -0.40460172235508607                               
parent#2: 0.5256945945046677                                 0.5188591644839944                                 0.3403627085179391                                 0.30892611102502765                                0.3221470091742438                                 0.37332231355347445                                
son     : 0.6697926218406434                                 0.6231396257274632                                 -0.008297504143428365                              0.34009282998991214                                -0.21643269533318774                               -0.022355253998290837                              
7   :
parent#1: 0.4114773666127734                                 0.35303605509627933                                -0.351972553083123                                 0.1669308244660555                                 -0.6249790304914262                                -0.40460172235508607                               
parent#2: 0.4678898566033697                                 0.03243996247910639                                0.44448913827680187                                0.19496211073101583                                -0.6527984582059131                                0.3439477943224356                                 
son     : 0.5353841623212131                                 0.23468893235492896                                0.05632676901872914                                0.2203308707047705                                 -0.7779478383526018                                -0.03692786312012679                               
8   :
parent#1: 0.4114773666127734                                 0.35303605509627933                                -0.351972553083123                                 0.1669308244660555                                 -0.6249790304914262                                -0.40460172235508607                               
parent#2: -0.03372638278830708                               -0.48224870183990054                               0.1988457016439539                                 -0.18785065827051248                               0.6807369249075043                                 -0.47756515458132065                               
son     : 0.3820830761580193                                 -0.13069447244448087                               -0.1548829280282084                                -0.021159744898072024                              -0.12776883279724094                               -0.8922836695541233                                
9   :
parent#1: 0.4114773666127734                                 0.35303605509627933                                -0.351972553083123                                 0.1669308244660555                                 -0.6249790304914262                                -0.40460172235508607                               
parent#2: -0.38804648549447013                               0.3423684295318927                                 0.6370810150897349                                 -0.15918074184804815                               -0.42782166466600025                               0.3434554970219661                                 
son     : 0.018090181640329266                               0.5368980098062213                                 0.22012248872986528                                0.005983573625739269                               -0.812831395895961                                 -0.047208908504621526                              
10  :
parent#1: 0.013956564746250864                               -0.47575194429547063                               0.48210372954016045                                0.42298555936036536                                0.39786030280502827                                -0.4514772328562326                                
parent#2: 0.4114773666127734                                 0.35303605509627933                                -0.351972553083123                                 0.1669308244660555                                 -0.6249790304914262                                -0.40460172235508607                               
son     : 0.36677481721326716                                -0.10579574056638584                               0.11218860307242139                                0.5085783194534502                                 -0.19580344606455527                               -0.7380422180119457                                
11  :
parent#1: 0.013956564746250864                               -0.47575194429547063                               0.48210372954016045                                0.42298555936036536                                0.39786030280502827                                -0.4514772328562326                                
parent#2: 0.013956564746250864                               -0.47575194429547063                               0.48210372954016045                                0.42298555936036536                                0.39786030280502827                                -0.4514772328562326                                
son     : 0.013956564746250866                               -0.4757519442954707                                0.4821037295401605                                 0.4229855593603654                                 0.3978603028050283                                 -0.45147723285623265                               
12  :
parent#1: 0.013956564746250864                               -0.47575194429547063                               0.48210372954016045                                0.42298555936036536                                0.39786030280502827                                -0.4514772328562326                                
parent#2: 0.29085527417441626                                0.25733626516347335                                -0.21183211697599721                               -0.24419522650199865                               0.6607173766948191                                 -0.5550942711119088                                
son     : 0.19760502518432743                                -0.1415956674398185                                0.17521310522735445                                0.11590713914621632                                0.686260316390064                                  -0.6525454788625163                                
13  :
parent#1: 0.013956564746250864                               -0.47575194429547063                               0.48210372954016045                                0.42298555936036536                                0.39786030280502827                                -0.4514772328562326                                
parent#2: -0.21277315511615508                               0.4774718557240536                                 -0.06485251024311009                               0.6463067750128703                                 0.01829717410385328                                -0.5518107731467271                                
son     : -0.12482753728450878                               0.0010798510706679528                              0.26197231346189287                                0.6713581019002304                                 0.2612856043271835                                 -0.6299171047216228                                
14  :
parent#1: 0.013956564746250864                               -0.47575194429547063                               0.48210372954016045                                0.42298555936036536                                0.39786030280502827                                -0.4514772328562326                                
parent#2: -0.03164101926782635                               -0.45335887343302383                               -0.5314678081475984                                -0.5798870353577714                                0.006683072627004188                               -0.41796280868787494                               
son     : -0.01314404036706131                               -0.6905652689935894                                -0.036690045548611445                              -0.11661763904820045                               0.3006784546517162                                 -0.6462147299399489                                
15  :
parent#1: 0.013956564746250864                               -0.47575194429547063                               0.48210372954016045                                0.42298555936036536                                0.39786030280502827                                -0.4514772328562326                                
parent#2: 0.5256945945046677                                 0.5188591644839944                                 0.3403627085179391                                 0.30892611102502765                                0.3221470091742438                                 0.37332231355347445                                
son     : 0.37878455355135593                                0.030257229830869068                               0.5772943821398469                                 0.5137334193644398                                 0.5053776750898663                                 -0.05485743096898036                               
16  :
parent#1: 0.013956564746250864                               -0.47575194429547063                               0.48210372954016045                                0.42298555936036536                                0.39786030280502827                                -0.4514772328562326                                
parent#2: 0.4678898566033697                                 0.03243996247910639                                0.44448913827680187                                0.19496211073101583                                -0.6527984582059131                                0.3439477943224356                                 
son     : 0.3646909003192637                                 -0.3355256750026172                                0.701302266076989                                  0.46770066596032556                                -0.19295281919593377                               -0.0813848687303242                                
17  :
parent#1: 0.013956564746250864                               -0.47575194429547063                               0.48210372954016045                                0.42298555936036536                                0.39786030280502827                                -0.4514772328562326                                
parent#2: -0.03372638278830708                               -0.48224870183990054                               0.1988457016439539                                 -0.18785065827051248                               0.6807369249075043                                 -0.47756515458132065                               
son     : -0.010622751645632684                              -0.5147545070269773                                0.36588888553833876                                0.12634307772506564                                0.5795536636343503                                 -0.49919460710364416                               
18  :
parent#1: 0.013956564746250864                               -0.47575194429547063                               0.48210372954016045                                0.42298555936036536                                0.39786030280502827                                -0.4514772328562326                                
parent#2: -0.38804648549447013                               0.3423684295318927                                 0.6370810150897349                                 -0.15918074184804815                               -0.42782166466600025                               0.3434554970219661                                 
son     : -0.3062128782061311                                -0.10918163707622316                               0.9161133804729631                                 0.2159385430474054                                 -0.02452499878123836                               -0.08842164625145293                               
19  :
parent#1: 0.641203963554633                                  -0.4320040704304389                                -0.24210444194992284                               0.008013827921567006                               -0.4046568142855711                                -0.4240330655217514                                
parent#2: 0.4114773666127734                                 0.35303605509627933                                -0.351972553083123                                 0.1669308244660555                                 -0.6249790304914262                                -0.40460172235508607                               
son     : 0.5843999093853023                                 -0.043839383945643864                              -0.32980402721685326                               0.0971211667509208                                 -0.5716061234712368                                -0.46001964798950384                               
20  :
parent#1: 0.641203963554633                                  -0.4320040704304389                                -0.24210444194992284                               0.008013827921567006                               -0.4046568142855711                                -0.4240330655217514                                
parent#2: 0.013956564746250864                               -0.47575194429547063                               0.48210372954016045                                0.42298555936036536                                0.39786030280502827                                -0.4514772328562326                                
son     : 0.43549992978056407                                -0.6034058274180144                                0.15953292113613565                                0.2864949806783017                                 -0.004517793952278318                              -0.5819713749462435                                
21  :
parent#1: 0.641203963554633                                  -0.4320040704304389                                -0.24210444194992284                               0.008013827921567006                               -0.4046568142855711                                -0.4240330655217514                                
parent#2: 0.641203963554633                                  -0.4320040704304389                                -0.24210444194992284                               0.008013827921567006                               -0.4046568142855711                                -0.4240330655217514                                
son     : 0.6412039635546332                                 -0.432004070430439                                 -0.24210444194992287                               0.008013827921567008                               -0.40465681428557115                               -0.42403306552175146                               
22  :
parent#1: 0.641203963554633                                  -0.4320040704304389                                -0.24210444194992284                               0.008013827921567006                               -0.4046568142855711                                -0.4240330655217514                                
parent#2: 0.29085527417441626                                0.25733626516347335                                -0.21183211697599721                               -0.24419522650199865                               0.6607173766948191                                 -0.5550942711119088                                
son     : 0.6304983305983876                                 -0.11815532229306686                               -0.30706872590813766                               -0.15976664518252798                               0.1732140518498327                                 -0.6623378924872896                                
23  :
parent#1: 0.641203963554633                                  -0.4320040704304389                                -0.24210444194992284                               0.008013827921567006                               -0.4046568142855711                                -0.4240330655217514                                
parent#2: -0.21277315511615508                               0.4774718557240536                                 -0.06485251024311009                               0.6463067750128703                                 0.01829717410385328                                -0.5518107731467271                                
son     : 0.31849205820866705                                0.033800390250022294                               -0.22818935884125882                               0.48641673626711246                                -0.2872166860705711                                -0.7254345545329762                                
24  :
parent#1: 0.641203963554633                                  -0.4320040704304389                                -0.24210444194992284                               0.008013827921567006                               -0.4046568142855711                                -0.4240330655217514                                
parent#2: -0.03164101926782635                               -0.45335887343302383                               -0.5314678081475984                                -0.5798870353577714                                0.006683072627004188                               -0.41796280868787494                               
son     : 0.3550079259761029                                 -0.5156331522166441                                -0.4505265332706546                                -0.3330575180070419                                -0.23177890641705656                               -0.490376279898917                                 
25  :
parent#1: 0.641203963554633                                  -0.4320040704304389                                -0.24210444194992284                               0.008013827921567006                               -0.4046568142855711                                -0.4240330655217514                                
parent#2: 0.5256945945046677                                 0.5188591644839944                                 0.3403627085179391                                 0.30892611102502765                                0.3221470091742438                                 0.37332231355347445                                
son     : 0.9563839166417317                                 0.0711859779562809                                 0.08053195813270608                                0.2597623058632072                                 -0.06762460200906938                               -0.04156226541570844                               
26  :
parent#1: 0.641203963554633                                  -0.4320040704304389                                -0.24210444194992284                               0.008013827921567006                               -0.4046568142855711                                -0.4240330655217514                                
parent#2: 0.4678898566033697                                 0.03243996247910639                                0.44448913827680187                                0.19496211073101583                                -0.6527984582059131                                0.3439477943224356                                 
son     : 0.6882909480297418                                 -0.24796491844242863                               0.1255976293166021                                 0.12596454754613115                                -0.656244655568024                                 -0.049700003944790995                              
27  :
parent#1: 0.641203963554633                                  -0.4320040704304389                                -0.24210444194992284                               0.008013827921567006                               -0.4046568142855711                                -0.4240330655217514                                
parent#2: -0.03372638278830708                               -0.48224870183990054                               0.1988457016439539                                 -0.18785065827051248                               0.6807369249075043                                 -0.47756515458132065                               
son     : 0.4164128321075493                                 -0.6267006359033257                                -0.029652937218670197                              -0.1232742840458095                                0.1892469852263845                                 -0.6180262122309704                                
28  :
parent#1: 0.641203963554633                                  -0.4320040704304389                                -0.24210444194992284                               0.008013827921567006                               -0.4046568142855711                                -0.4240330655217514                                
parent#2: -0.38804648549447013                               0.3423684295318927                                 0.6370810150897349                                 -0.15918074184804815                               -0.42782166466600025                               0.3434554970219661                                 
son     : 0.2596665400196953                                 -0.09194030890543943                               0.4051320187021187                                 -0.15505364410138409                               -0.8538827607487905                                -0.0826493397543122                                
29  :
parent#1: 0.29085527417441626                                0.25733626516347335                                -0.21183211697599721                               -0.24419522650199865                               0.6607173766948191                                 -0.5550942711119088                                
parent#2: 0.4114773666127734                                 0.35303605509627933                                -0.351972553083123                                 0.1669308244660555                                 -0.6249790304914262                                -0.40460172235508607                               
son     : 0.4832807895820087                                 0.4200021467655477                                 -0.3879585687642233                                -0.05316626204452128                               0.02459184604060613                                -0.6603746010744701                                
30  :
parent#1: 0.29085527417441626                                0.25733626516347335                                -0.21183211697599721                               -0.24419522650199865                               0.6607173766948191                                 -0.5550942711119088                                
parent#2: 0.013956564746250864                               -0.47575194429547063                               0.48210372954016045                                0.42298555936036536                                0.39786030280502827                                -0.4514772328562326                                
son     : 0.19760502518432743                                -0.1415956674398185                                0.17521310522735445                                0.11590713914621632                                0.686260316390064                                  -0.6525454788625163                                
31  :
parent#1: 0.29085527417441626                                0.25733626516347335                                -0.21183211697599721                               -0.24419522650199865                               0.6607173766948191                                 -0.5550942711119088                                
parent#2: 0.641203963554633                                  -0.4320040704304389                                -0.24210444194992284                               0.008013827921567006                               -0.4046568142855711                                -0.4240330655217514                                
son     : 0.6304983305983876                                 -0.11815532229306686                               -0.30706872590813766                               -0.15976664518252798                               0.1732140518498327                                 -0.6623378924872896                                
32  :
parent#1: 0.29085527417441626                                0.25733626516347335                                -0.21183211697599721                               -0.24419522650199865                               0.6607173766948191                                 -0.5550942711119088                                
parent#2: 0.29085527417441626                                0.25733626516347335                                -0.21183211697599721                               -0.24419522650199865                               0.6607173766948191                                 -0.5550942711119088                                
son     : 0.29085527417441626                                0.25733626516347335                                -0.21183211697599721                               -0.24419522650199865                               0.6607173766948191                                 -0.5550942711119088                                
33  :
parent#1: 0.29085527417441626                                0.25733626516347335                                -0.21183211697599721                               -0.24419522650199865                               0.6607173766948191                                 -0.5550942711119088                                
parent#2: -0.21277315511615508                               0.4774718557240536                                 -0.06485251024311009                               0.6463067750128703                                 0.01829717410385328                                -0.5518107731467271                                
son     : 0.04967655598959194                                0.46749162547240125                                -0.17602928226440273                               0.2558270330593493                                 0.4319952475332965                                 -0.7042230803860101                                
34  :
parent#1: 0.29085527417441626                                0.25733626516347335                                -0.21183211697599721                               -0.24419522650199865                               0.6607173766948191                                 -0.5550942711119088                                
parent#2: -0.03164101926782635                               -0.45335887343302383                               -0.5314678081475984                                -0.5798870353577714                                0.006683072627004188                               -0.41796280868787494                               
son     : 0.15689835518913473                                -0.11864943472518362                               -0.4499078791254173                                -0.4988041705998502                                0.40396710739854236                                -0.5889763098898438                                
35  :
parent#1: 0.29085527417441626                                0.25733626516347335                                -0.21183211697599721                               -0.24419522650199865                               0.6607173766948191                                 -0.5550942711119088                                
parent#2: 0.5256945945046677                                 0.5188591644839944                                 0.3403627085179391                                 0.30892611102502765                                0.3221470091742438                                 0.37332231355347445                                
son     : 0.5397084073289193                                 0.5130356579307251                                 0.08495383260101701                                0.04278465275786659                                0.6496359777460045                                 -0.12014435060729739                               
36  :
parent#1: 0.29085527417441626                                0.25733626516347335                                -0.21183211697599721                               -0.24419522650199865                               0.6607173766948191                                 -0.5550942711119088                                
parent#2: 0.4678898566033697                                 0.03243996247910639                                0.44448913827680187                                0.19496211073101583                                -0.6527984582059131                                0.3439477943224356                                 
son     : 0.8698465317726864                                 0.3322075310673614                                 0.2667244834423048                                 -0.05644221394587746                               0.009078468518017906                               -0.24206419663355355                               
37  :
parent#1: 0.29085527417441626                                0.25733626516347335                                -0.21183211697599721                               -0.24419522650199865                               0.6607173766948191                                 -0.5550942711119088                                
parent#2: -0.03372638278830708                               -0.48224870183990054                               0.1988457016439539                                 -0.18785065827051248                               0.6807369249075043                                 -0.47756515458132065                               
son     : 0.1444312257337776                                 -0.12633500162829975                               -0.007294566838381606                              -0.24268341209944366                               0.7535049367724957                                 -0.5800525402431278                                
38  :
parent#1: 0.29085527417441626                                0.25733626516347335                                -0.21183211697599721                               -0.24419522650199865                               0.6607173766948191                                 -0.5550942711119088                                
parent#2: -0.38804648549447013                               0.3423684295318927                                 0.6370810150897349                                 -0.15918074184804815                               -0.42782166466600025                               0.3434554970219661                                 
son     : -0.1078789482762909                                0.66565187182456                                   0.4720118543753137                                 -0.4477336441690655                                0.25850634157641                                   -0.2349118614040326                                
39  :
parent#1: -0.21277315511615508                               0.4774718557240536                                 -0.06485251024311009                               0.6463067750128703                                 0.01829717410385328                                -0.5518107731467271                                
parent#2: 0.4114773666127734                                 0.35303605509627933                                -0.351972553083123                                 0.1669308244660555                                 -0.6249790304914262                                -0.40460172235508607                               
son     : 0.11776187681211964                                0.4921997855449548                                 -0.24703100850211823                               0.48196455066303917                                -0.3595494705318679                                -0.5668170273219058                                
40  :
parent#1: -0.21277315511615508                               0.4774718557240536                                 -0.06485251024311009                               0.6463067750128703                                 0.01829717410385328                                -0.5518107731467271                                
parent#2: 0.013956564746250864                               -0.47575194429547063                               0.48210372954016045                                0.42298555936036536                                0.39786030280502827                                -0.4514772328562326                                
son     : -0.12482753728450878                               0.0010798510706679528                              0.26197231346189287                                0.6713581019002304                                 0.2612856043271835                                 -0.6299171047216228                                
41  :
parent#1: -0.21277315511615508                               0.4774718557240536                                 -0.06485251024311009                               0.6463067750128703                                 0.01829717410385328                                -0.5518107731467271                                
parent#2: 0.641203963554633                                  -0.4320040704304389                                -0.24210444194992284                               0.008013827921567006                               -0.4046568142855711                                -0.4240330655217514                                
son     : 0.31849205820866705                                0.033800390250022294                               -0.22818935884125882                               0.48641673626711246                                -0.2872166860705711                                -0.7254345545329762                                
42  :
parent#1: -0.21277315511615508                               0.4774718557240536                                 -0.06485251024311009                               0.6463067750128703                                 0.01829717410385328                                -0.5518107731467271                                
parent#2: -0.21277315511615508                               0.4774718557240536                                 -0.06485251024311009                               0.6463067750128703                                 0.01829717410385328                                -0.5518107731467271                                
son     : -0.2127731551161551                                0.47747185572405365                                -0.0648525102431101                                0.6463067750128704                                 0.018297174103853283                               -0.5518107731467272                                
43  :
parent#1: -0.21277315511615508                               0.4774718557240536                                 -0.06485251024311009                               0.6463067750128703                                 0.01829717410385328                                -0.5518107731467271                                
parent#2: -0.03164101926782635                               -0.45335887343302383                               -0.5314678081475984                                -0.5798870353577714                                0.006683072627004188                               -0.41796280868787494                               
son     : -0.20947455463013526                               0.020665970944395592                               -0.511074832000336                                 0.05692487114533411                                0.021409257755552684                               -0.8311420139968282                                
44  :
parent#1: -0.21277315511615508                               0.4774718557240536                                 -0.06485251024311009                               0.6463067750128703                                 0.01829717410385328                                -0.5518107731467271                                
parent#2: 0.5256945945046677                                 0.5188591644839944                                 0.3403627085179391                                 0.30892611102502765                                0.3221470091742438                                 0.37332231355347445                                
son     : 0.20970143336066696                                0.6676820976140289                                 0.18463063316023504                                0.6401405598377398                                 0.22814554781617613                                -0.11961240459645092                               
45  :
parent#1: -0.21277315511615508                               0.4774718557240536                                 -0.06485251024311009                               0.6463067750128703                                 0.01829717410385328                                -0.5518107731467271                                
parent#2: 0.4678898566033697                                 0.03243996247910639                                0.44448913827680187                                0.19496211073101583                                -0.6527984582059131                                0.3439477943224356                                 
son     : 0.20026865232503702                                0.4002848580310369                                 0.29801779117679245                                0.6604028078473613                                 -0.49808858583095633                               -0.16317410187076603                               
46  :
parent#1: -0.21277315511615508                               0.4774718557240536                                 -0.06485251024311009                               0.6463067750128703                                 0.01829717410385328                                -0.5518107731467271                                
parent#2: -0.03372638278830708                               -0.48224870183990054                               0.1988457016439539                                 -0.18785065827051248                               0.6807369249075043                                 -0.47756515458132065                               
son     : -0.18186106215744519                               -0.003524235038230739                              0.09885675371719303                                0.33823721152636527                                0.5157295012039732                                 -0.759447263744909                                 
47  :
parent#1: -0.03164101926782635                               -0.45335887343302383                               -0.5314678081475984                                -0.5798870353577714                                0.006683072627004188                               -0.41796280868787494                               
parent#2: 0.4114773666127734                                 0.35303605509627933                                -0.351972553083123                                 0.1669308244660555                                 -0.6249790304914262                                -0.40460172235508607                               
son     : 0.258192473571675                                  -0.0681940967553653                                -0.6005156002410373                                -0.2807055888995527                                -0.42028458802392427                               -0.5591354603814016                                
48  :
parent#1: -0.03164101926782635                               -0.45335887343302383                               -0.5314678081475984                                -0.5798870353577714                                0.006683072627004188                               -0.41796280868787494                               
parent#2: 0.013956564746250864                               -0.47575194429547063                               0.48210372954016045                                0.42298555936036536                                0.39786030280502827                                -0.4514772328562326                                
son     : -0.01314404036706131                               -0.6905652689935894                                -0.036690045548611445                              -0.11661763904820045                               0.3006784546517162                                 -0.6462147299399489                                
49  :
parent#1: -0.03164101926782635                               -0.45335887343302383                               -0.5314678081475984                                -0.5798870353577714                                0.006683072627004188                               -0.41796280868787494                               
parent#2: 0.641203963554633                                  -0.4320040704304389                                -0.24210444194992284                               0.008013827921567006                               -0.4046568142855711                                -0.4240330655217514                                
son     : 0.3550079259761029                                 -0.5156331522166441                                -0.4505265332706546                                -0.3330575180070419                                -0.23177890641705656                               -0.490376279898917                                 
50  :
parent#1: -0.03164101926782635                               -0.45335887343302383                               -0.5314678081475984                                -0.5798870353577714                                0.006683072627004188                               -0.41796280868787494                               
parent#2: 0.29085527417441626                                0.25733626516347335                                -0.21183211697599721                               -0.24419522650199865                               0.6607173766948191                                 -0.5550942711119088                                
son     : 0.15689835518913473                                -0.11864943472518362                               -0.4499078791254173                                -0.4988041705998502                                0.40396710739854236                                -0.5889763098898438                                
51  :
parent#1: -0.03164101926782635                               -0.45335887343302383                               -0.5314678081475984                                -0.5798870353577714                                0.006683072627004188                               -0.41796280868787494                               
parent#2: -0.21277315511615508                               0.4774718557240536                                 -0.06485251024311009                               0.6463067750128703                                 0.01829717410385328                                -0.5518107731467271                                
son     : -0.20947455463013526                               0.020665970944395592                               -0.511074832000336                                 0.05692487114533411                                0.021409257755552684                               -0.8311420139968282                                
52  :
parent#1: -0.03164101926782635                               -0.45335887343302383                               -0.5314678081475984                                -0.5798870353577714                                0.006683072627004188                               -0.41796280868787494                               
parent#2: -0.03164101926782635                               -0.45335887343302383                               -0.5314678081475984                                -0.5798870353577714                                0.006683072627004188                               -0.41796280868787494                               
son     : -0.03164101926782635                               -0.45335887343302383                               -0.5314678081475984                                -0.5798870353577714                                0.006683072627004188                               -0.41796280868787494                               
53  :
parent#1: -0.03164101926782635                               -0.45335887343302383                               -0.5314678081475984                                -0.5798870353577714                                0.006683072627004188                               -0.41796280868787494                               
parent#2: 0.5256945945046677                                 0.5188591644839944                                 0.3403627085179391                                 0.30892611102502765                                0.3221470091742438                                 0.37332231355347445                                
son     : 0.7218484691490507                                 0.09570072395750696                                -0.2792185514457939                                -0.3958937617950418                                0.48044484051066483                                -0.06522303387719668                               
54  :
parent#1: -0.03164101926782635                               -0.45335887343302383                               -0.5314678081475984                                -0.5798870353577714                                0.006683072627004188                               -0.41796280868787494                               
parent#2: 0.4678898566033697                                 0.03243996247910639                                0.44448913827680187                                0.19496211073101583                                -0.6527984582059131                                0.3439477943224356                                 
son     : 0.44848882730483697                                -0.43272878368487727                               -0.08941906158224128                               -0.3957249011840312                                -0.6642436765029471                                -0.07609168014853526                               
55  :
parent#1: -0.03164101926782635                               -0.45335887343302383                               -0.5314678081475984                                -0.5798870353577714                                0.006683072627004188                               -0.41796280868787494                               
parent#2: -0.03372638278830708                               -0.48224870183990054                               0.1988457016439539                                 -0.18785065827051248                               0.6807369249075043                                 -0.47756515458132065                               
son     : -0.03869174258377488                               -0.5537972494425162                                -0.19688298016586694                               -0.4544330702972974                                0.4068920708934419                                 -0.5300736504967579                                
56  :
parent#1: -0.03164101926782635                               -0.45335887343302383                               -0.5314678081475984                                -0.5798870353577714                                0.006683072627004188                               -0.41796280868787494                               
parent#2: -0.38804648549447013                               0.3423684295318927                                 0.6370810150897349                                 -0.15918074184804815                               -0.42782166466600025                               0.3434554970219661                                 
son     : -0.43549057703196165                               -0.11516972011571656                               0.10959000663952796                                -0.7668969152259745                                -0.43699630409860746                               -0.07731283820056635                               
57  :
parent#1: 0.5256945945046677                                 0.5188591644839944                                 0.3403627085179391                                 0.30892611102502765                                0.3221470091742438                                 0.37332231355347445                                
parent#2: 0.4114773666127734                                 0.35303605509627933                                -0.351972553083123                                 0.1669308244660555                                 -0.6249790304914262                                -0.40460172235508607                               
son     : 0.6697926218406434                                 0.6231396257274632                                 -0.008297504143428365                              0.34009282998991214                                -0.21643269533318774                               -0.022355253998290837                              
58  :
parent#1: 0.5256945945046677                                 0.5188591644839944                                 0.3403627085179391                                 0.30892611102502765                                0.3221470091742438                                 0.37332231355347445                                
parent#2: 0.013956564746250864                               -0.47575194429547063                               0.48210372954016045                                0.42298555936036536                                0.39786030280502827                                -0.4514772328562326                                
son     : 0.37878455355135593                                0.030257229830869068                               0.5772943821398469                                 0.5137334193644398                                 0.5053776750898663                                 -0.05485743096898036                               
59  :
parent#1: 0.5256945945046677                                 0.5188591644839944                                 0.3403627085179391                                 0.30892611102502765                                0.3221470091742438                                 0.37332231355347445                                
parent#2: 0.641203963554633                                  -0.4320040704304389                                -0.24210444194992284                               0.008013827921567006                               -0.4046568142855711                                -0.4240330655217514                                
son     : 0.9563839166417317                                 0.0711859779562809                                 0.08053195813270608                                0.2597623058632072                                 -0.06762460200906938                               -0.04156226541570844                               
60  :
parent#1: 0.5256945945046677                                 0.5188591644839944                                 0.3403627085179391                                 0.30892611102502765                                0.3221470091742438                                 0.37332231355347445                                
parent#2: 0.29085527417441626                                0.25733626516347335                                -0.21183211697599721                               -0.24419522650199865                               0.6607173766948191                                 -0.5550942711119088                                
son     : 0.5397084073289193                                 0.5130356579307251                                 0.08495383260101701                                0.04278465275786659                                0.6496359777460045                                 -0.12014435060729739                               
61  :
parent#1: 0.5256945945046677                                 0.5188591644839944                                 0.3403627085179391                                 0.30892611102502765                                0.3221470091742438                                 0.37332231355347445                                
parent#2: -0.21277315511615508                               0.4774718557240536                                 -0.06485251024311009                               0.6463067750128703                                 0.01829717410385328                                -0.5518107731467271                                
son     : 0.20970143336066696                                0.6676820976140289                                 0.18463063316023504                                0.6401405598377398                                 0.22814554781617613                                -0.11961240459645092                               
62  :
parent#1: 0.5256945945046677                                 0.5188591644839944                                 0.3403627085179391                                 0.30892611102502765                                0.3221470091742438                                 0.37332231355347445                                
parent#2: -0.03164101926782635                               -0.45335887343302383                               -0.5314678081475984                                -0.5798870353577714                                0.006683072627004188                               -0.41796280868787494                               
son     : 0.7218484691490507                                 0.09570072395750696                                -0.2792185514457939                                -0.3958937617950418                                0.48044484051066483                                -0.06522303387719668                               
63  :
parent#1: 0.5256945945046677                                 0.5188591644839944                                 0.3403627085179391                                 0.30892611102502765                                0.3221470091742438                                 0.37332231355347445                                
parent#2: 0.5256945945046677                                 0.5188591644839944                                 0.3403627085179391                                 0.30892611102502765                                0.3221470091742438                                 0.37332231355347445                                
son     : 0.5256945945046677                                 0.5188591644839944                                 0.3403627085179391                                 0.30892611102502765                                0.3221470091742438                                 0.37332231355347445                                
64  :
parent#1: 0.5256945945046677                                 0.5188591644839944                                 0.3403627085179391                                 0.30892611102502765                                0.3221470091742438                                 0.37332231355347445                                
parent#2: 0.4678898566033697                                 0.03243996247910639                                0.44448913827680187                                0.19496211073101583                                -0.6527984582059131                                0.3439477943224356                                 
son     : 0.5953939289959911                                 0.3303595913649509                                 0.47031334298937116                                0.30194915771031133                                -0.19813903604030617                               0.4298157717779948                                 
65  :
parent#1: 0.5256945945046677                                 0.5188591644839944                                 0.3403627085179391                                 0.30892611102502765                                0.3221470091742438                                 0.37332231355347445                                
parent#2: -0.03372638278830708                               -0.48224870183990054                               0.1988457016439539                                 -0.18785065827051248                               0.6807369249075043                                 -0.47756515458132065                               
son     : 0.3932072303175881                                 0.029261034095489986                               0.430964116124532                                  0.09676995851207287                                0.8015583215722976                                 -0.08331643757631207                               
66  :
parent#1: 0.5256945945046677                                 0.5188591644839944                                 0.3403627085179391                                 0.30892611102502765                                0.3221470091742438                                 0.37332231355347445                                
parent#2: -0.38804648549447013                               0.3423684295318927                                 0.6370810150897349                                 -0.15918074184804815                               -0.42782166466600025                               0.3434554970219661                                 
son     : 0.09149301102381639                                0.572447426411596                                  0.6496948633894545                                 0.09953391159089468                                -0.07024064834140935                               0.47643342575630504                                
67  :
parent#1: 0.4678898566033697                                 0.03243996247910639                                0.44448913827680187                                0.19496211073101583                                -0.6527984582059131                                0.3439477943224356                                 
parent#2: 0.4114773666127734                                 0.35303605509627933                                -0.351972553083123                                 0.1669308244660555                                 -0.6249790304914262                                -0.40460172235508607                               
son     : 0.5353841623212131                                 0.23468893235492896                                0.05632676901872914                                0.2203308707047705                                 -0.7779478383526018                                -0.03692786312012679                               
68  :
parent#1: 0.4678898566033697                                 0.03243996247910639                                0.44448913827680187                                0.19496211073101583                                -0.6527984582059131                                0.3439477943224356                                 
parent#2: 0.013956564746250864                               -0.47575194429547063                               0.48210372954016045                                0.42298555936036536                                0.39786030280502827                                -0.4514772328562326                                
son     : 0.3646909003192637                                 -0.3355256750026172                                0.701302266076989                                  0.46770066596032556                                -0.19295281919593377                               -0.0813848687303242                                
69  :
parent#1: 0.4678898566033697                                 0.03243996247910639                                0.44448913827680187                                0.19496211073101583                                -0.6527984582059131                                0.3439477943224356                                 
parent#2: 0.641203963554633                                  -0.4320040704304389                                -0.24210444194992284                               0.008013827921567006                               -0.4046568142855711                                -0.4240330655217514                                
son     : 0.6882909480297418                                 -0.24796491844242863                               0.1255976293166021                                 0.12596454754613115                                -0.656244655568024                                 -0.049700003944790995                              
70  :
parent#1: 0.4678898566033697                                 0.03243996247910639                                0.44448913827680187                                0.19496211073101583                                -0.6527984582059131                                0.3439477943224356                                 
parent#2: 0.29085527417441626                                0.25733626516347335                                -0.21183211697599721                               -0.24419522650199865                               0.6607173766948191                                 -0.5550942711119088                                
son     : 0.8698465317726864                                 0.3322075310673614                                 0.2667244834423048                                 -0.05644221394587746                               0.009078468518017906                               -0.24206419663355355                               
71  :
parent#1: 0.4678898566033697                                 0.03243996247910639                                0.44448913827680187                                0.19496211073101583                                -0.6527984582059131                                0.3439477943224356                                 
parent#2: -0.21277315511615508                               0.4774718557240536                                 -0.06485251024311009                               0.6463067750128703                                 0.01829717410385328                                -0.5518107731467271                                
son     : 0.20026865232503702                                0.4002848580310369                                 0.29801779117679245                                0.6604028078473613                                 -0.49808858583095633                               -0.16317410187076603                               
72  :
parent#1: 0.4678898566033697                                 0.03243996247910639                                0.44448913827680187                                0.19496211073101583                                -0.6527984582059131                                0.3439477943224356                                 
parent#2: -0.03164101926782635                               -0.45335887343302383                               -0.5314678081475984                                -0.5798870353577714                                0.006683072627004188                               -0.41796280868787494                               
son     : 0.44848882730483697                                -0.43272878368487727                               -0.08941906158224128                               -0.3957249011840312                                -0.6642436765029471                                -0.07609168014853526                               
73  :
parent#1: 0.4678898566033697                                 0.03243996247910639                                0.44448913827680187                                0.19496211073101583                                -0.6527984582059131                                0.3439477943224356                                 
parent#2: 0.5256945945046677                                 0.5188591644839944                                 0.3403627085179391                                 0.30892611102502765                                0.3221470091742438                                 0.37332231355347445                                
son     : 0.5953939289959911                                 0.3303595913649509                                 0.47031334298937116                                0.30194915771031133                                -0.19813903604030617                               0.4298157717779948                                 
74  :
parent#1: 0.4678898566033697                                 0.03243996247910639                                0.44448913827680187                                0.19496211073101583                                -0.6527984582059131                                0.3439477943224356                                 
parent#2: 0.4678898566033697                                 0.03243996247910639                                0.44448913827680187                                0.19496211073101583                                -0.6527984582059131                                0.3439477943224356                                 
son     : 0.4678898566033697                                 0.03243996247910639                                0.44448913827680187                                0.19496211073101583                                -0.6527984582059131                                0.3439477943224356                                 
75  :
parent#1: 0.4678898566033697                                 0.03243996247910639                                0.44448913827680187                                0.19496211073101583                                -0.6527984582059131                                0.3439477943224356                                 
parent#2: -0.03372638278830708                               -0.48224870183990054                               0.1988457016439539                                 -0.18785065827051248                               0.6807369249075043                                 -0.47756515458132065                               
son     : 0.4784652685780963                                 -0.49570696815161386                               0.7089803623126711                                 0.007837101038454633                               0.03078929200693449                                -0.14725159995885792                               
76  :
parent#1: 0.4678898566033697                                 0.03243996247910639                                0.44448913827680187                                0.19496211073101583                                -0.6527984582059131                                0.3439477943224356                                 
parent#2: -0.38804648549447013                               0.3423684295318927                                 0.6370810150897349                                 -0.15918074184804815                               -0.42782166466600025                               0.3434554970219661                                 
son     : 0.04642218296490912                                0.2179194529122105                                 0.6288417792440852                                 0.020803846705752214                               -0.6282894166768346                                0.399667009524773                                  
77  :
parent#1: -0.03372638278830708                               -0.48224870183990054                               0.1988457016439539                                 -0.18785065827051248                               0.6807369249075043                                 -0.47756515458132065                               
parent#2: 0.013956564746250864                               -0.47575194429547063                               0.48210372954016045                                0.42298555936036536                                0.39786030280502827                                -0.4514772328562326                                
son     : -0.010622751645632684                              -0.5147545070269773                                0.36588888553833876                                0.12634307772506564                                0.5795536636343503                                 -0.49919460710364416                               
78  :
parent#1: -0.03372638278830708                               -0.48224870183990054                               0.1988457016439539                                 -0.18785065827051248                               0.6807369249075043                                 -0.47756515458132065                               
parent#2: 0.641203963554633                                  -0.4320040704304389                                -0.24210444194992284                               0.008013827921567006                               -0.4046568142855711                                -0.4240330655217514                                
son     : 0.4164128321075493                                 -0.6267006359033257                                -0.029652937218670197                              -0.1232742840458095                                0.1892469852263845                                 -0.6180262122309704                                
79  :
parent#1: -0.03372638278830708                               -0.48224870183990054                               0.1988457016439539                                 -0.18785065827051248                               0.6807369249075043                                 -0.47756515458132065                               
parent#2: 0.29085527417441626                                0.25733626516347335                                -0.21183211697599721                               -0.24419522650199865                               0.6607173766948191                                 -0.5550942711119088                                
son     : 0.1444312257337776                                 -0.12633500162829975                               -0.007294566838381606                              -0.24268341209944366                               0.7535049367724957                                 -0.5800525402431278                                
80  :
parent#1: -0.03372638278830708                               -0.48224870183990054                               0.1988457016439539                                 -0.18785065827051248                               0.6807369249075043                                 -0.47756515458132065                               
parent#2: -0.21277315511615508                               0.4774718557240536                                 -0.06485251024311009                               0.6463067750128703                                 0.01829717410385328                                -0.5518107731467271                                
son     : -0.18186106215744519                               -0.003524235038230739                              0.09885675371719303                                0.33823721152636527                                0.5157295012039732                                 -0.759447263744909                                 
81  :
parent#1: -0.03372638278830708                               -0.48224870183990054                               0.1988457016439539                                 -0.18785065827051248                               0.6807369249075043                                 -0.47756515458132065                               
parent#2: -0.03164101926782635                               -0.45335887343302383                               -0.5314678081475984                                -0.5798870353577714                                0.006683072627004188                               -0.41796280868787494                               
son     : -0.03869174258377488                               -0.5537972494425162                                -0.19688298016586694                               -0.4544330702972974                                0.4068920708934419                                 -0.5300736504967579                                
82  :
parent#1: -0.03372638278830708                               -0.48224870183990054                               0.1988457016439539                                 -0.18785065827051248                               0.6807369249075043                                 -0.47756515458132065                               
parent#2: 0.5256945945046677                                 0.5188591644839944                                 0.3403627085179391                                 0.30892611102502765                                0.3221470091742438                                 0.37332231355347445                                
son     : 0.3932072303175881                                 0.029261034095489986                               0.430964116124532                                  0.09676995851207287                                0.8015583215722976                                 -0.08331643757631207                               
83  :
parent#1: -0.03372638278830708                               -0.48224870183990054                               0.1988457016439539                                 -0.18785065827051248                               0.6807369249075043                                 -0.47756515458132065                               
parent#2: 0.4678898566033697                                 0.03243996247910639                                0.44448913827680187                                0.19496211073101583                                -0.6527984582059131                                0.3439477943224356                                 
son     : 0.4784652685780963                                 -0.49570696815161386                               0.7089803623126711                                 0.007837101038454633                               0.03078929200693449                                -0.14725159995885792                               
84  :
parent#1: -0.03372638278830708                               -0.48224870183990054                               0.1988457016439539                                 -0.18785065827051248                               0.6807369249075043                                 -0.47756515458132065                               
parent#2: -0.03372638278830708                               -0.48224870183990054                               0.1988457016439539                                 -0.18785065827051248                               0.6807369249075043                                 -0.47756515458132065                               
son     : -0.033726382788307085                              -0.4822487018399006                                0.19884570164395393                                -0.1878506582705125                                0.6807369249075044                                 -0.4775651545813207                                
85  :
parent#1: -0.03372638278830708                               -0.48224870183990054                               0.1988457016439539                                 -0.18785065827051248                               0.6807369249075043                                 -0.47756515458132065                               
parent#2: -0.38804648549447013                               0.3423684295318927                                 0.6370810150897349                                 -0.15918074184804815                               -0.42782166466600025                               0.3434554970219661                                 
son     : -0.40239812455880164                               -0.13345467068256006                               0.7975272199270781                                 -0.33109001330331933                               0.24129723376433285                                -0.1279491374275082                                
86  :
parent#1: -0.38804648549447013                               0.3423684295318927                                 0.6370810150897349                                 -0.15918074184804815                               -0.42782166466600025                               0.3434554970219661                                 
parent#2: 0.4114773666127734                                 0.35303605509627933                                -0.351972553083123                                 0.1669308244660555                                 -0.6249790304914262                                -0.40460172235508607                               
son     : 0.018090181640329266                               0.5368980098062213                                 0.22012248872986528                                0.005983573625739269                               -0.812831395895961                                 -0.047208908504621526                              
87  :
parent#1: -0.38804648549447013                               0.3423684295318927                                 0.6370810150897349                                 -0.15918074184804815                               -0.42782166466600025                               0.3434554970219661                                 
parent#2: 0.013956564746250864                               -0.47575194429547063                               0.48210372954016045                                0.42298555936036536                                0.39786030280502827                                -0.4514772328562326                                
son     : -0.3062128782061311                                -0.10918163707622316                               0.9161133804729631                                 0.2159385430474054                                 -0.02452499878123836                               -0.08842164625145293                               
88  :
parent#1: -0.38804648549447013                               0.3423684295318927                                 0.6370810150897349                                 -0.15918074184804815                               -0.42782166466600025                               0.3434554970219661                                 
parent#2: 0.641203963554633                                  -0.4320040704304389                                -0.24210444194992284                               0.008013827921567006                               -0.4046568142855711                                -0.4240330655217514                                
son     : 0.2596665400196953                                 -0.09194030890543943                               0.4051320187021187                                 -0.15505364410138409                               -0.8538827607487905                                -0.0826493397543122                                
89  :
parent#1: -0.38804648549447013                               0.3423684295318927                                 0.6370810150897349                                 -0.15918074184804815                               -0.42782166466600025                               0.3434554970219661                                 
parent#2: 0.29085527417441626                                0.25733626516347335                                -0.21183211697599721                               -0.24419522650199865                               0.6607173766948191                                 -0.5550942711119088                                
son     : -0.1078789482762909                                0.66565187182456                                   0.4720118543753137                                 -0.4477336441690655                                0.25850634157641                                   -0.2349118614040326                                
90  :
parent#1: -0.38804648549447013                               0.3423684295318927                                 0.6370810150897349                                 -0.15918074184804815                               -0.42782166466600025                               0.3434554970219661                                 
parent#2: -0.21277315511615508                               0.4774718557240536                                 -0.06485251024311009                               0.6463067750128703                                 0.01829717410385328                                -0.5518107731467271                                
son     : -0.4467113866602293                                0.6095539591455311                                 0.42545378281367885                                0.3621798141155945                                 -0.30448281095540713                               -0.15491283577393256                               
91  :
parent#1: -0.38804648549447013                               0.3423684295318927                                 0.6370810150897349                                 -0.15918074184804815                               -0.42782166466600025                               0.3434554970219661                                 
parent#2: -0.03164101926782635                               -0.45335887343302383                               -0.5314678081475984                                -0.5798870353577714                                0.006683072627004188                               -0.41796280868787494                               
son     : -0.43549057703196165                               -0.11516972011571656                               0.10959000663952796                                -0.7668969152259745                                -0.43699630409860746                               -0.07731283820056635                               
92  :
parent#1: -0.38804648549447013                               0.3423684295318927                                 0.6370810150897349                                 -0.15918074184804815                               -0.42782166466600025                               0.3434554970219661                                 
parent#2: 0.5256945945046677                                 0.5188591644839944                                 0.3403627085179391                                 0.30892611102502765                                0.3221470091742438                                 0.37332231355347445                                
son     : 0.09149301102381639                                0.572447426411596                                  0.6496948633894545                                 0.09953391159089468                                -0.07024064834140935                               0.47643342575630504                                
93  :
parent#1: -0.38804648549447013                               0.3423684295318927                                 0.6370810150897349                                 -0.15918074184804815                               -0.42782166466600025                               0.3434554970219661                                 
parent#2: 0.4678898566033697                                 0.03243996247910639                                0.44448913827680187                                0.19496211073101583                                -0.6527984582059131                                0.3439477943224356                                 
son     : 0.04642218296490912                                0.2179194529122105                                 0.6288417792440852                                 0.020803846705752214                               -0.6282894166768346                                0.399667009524773                                  
94  :
parent#1: -0.38804648549447013                               0.3423684295318927                                 0.6370810150897349                                 -0.15918074184804815                               -0.42782166466600025                               0.3434554970219661                                 
parent#2: -0.03372638278830708                               -0.48224870183990054                               0.1988457016439539                                 -0.18785065827051248                               0.6807369249075043                                 -0.47756515458132065                               
son     : -0.40239812455880164                               -0.13345467068256006                               0.7975272199270781                                 -0.33109001330331933                               0.24129723376433285                                -0.1279491374275082                                
95  :
parent#1: -0.38804648549447013                               0.3423684295318927                                 0.6370810150897349                                 -0.15918074184804815                               -0.42782166466600025                               0.3434554970219661                                 
parent#2: -0.38804648549447013                               0.3423684295318927                                 0.6370810150897349                                 -0.15918074184804815                               -0.42782166466600025                               0.3434554970219661                                 
son     : -0.38804648549447013                               0.3423684295318927                                 0.6370810150897349                                 -0.15918074184804815                               -0.42782166466600025                               0.3434554970219661                                 

0   :
parent#1: 0.013956564746250864                               -0.47575194429547063                               0.48210372954016045                                0.42298555936036536                                0.39786030280502827                                -0.4514772328562326                                
parent#2: 0.641203963554633                                  -0.4320040704304389                                -0.24210444194992284                               0.008013827921567006                               -0.4046568142855711                                -0.4240330655217514                                
son:      0.43549992978056407                                -0.6034058274180144                                0.15953292113613565                                0.2864949806783017                                 -0.004517793952278318                              -0.5819713749462435                                
mutated:  0.43549992978056407                                -0.6034058274180144                                0.15953292113613565                                0.2864949806783017                                 -0.004517793952278318                              -0.5819713749462435                                
1   :
parent#1: -0.21277315511615508                               0.4774718557240536                                 -0.06485251024311009                               0.6463067750128703                                 0.01829717410385328                                -0.5518107731467271                                
parent#2: 0.29085527417441626                                0.25733626516347335                                -0.21183211697599721                               -0.24419522650199865                               0.6607173766948191                                 -0.5550942711119088                                
son:      0.04967655598959194                                0.46749162547240125                                -0.17602928226440273                               0.2558270330593493                                 0.4319952475332965                                 -0.7042230803860101                                
mutated:  0.04967655598959194                                0.46749162547240125                                -0.17602928226440273                               0.2558270330593493                                 0.4319952475332965                                 -0.7042230803860101                                
2   :
parent#1: -0.21277315511615508                               0.4774718557240536                                 -0.06485251024311009                               0.6463067750128703                                 0.01829717410385328                                -0.5518107731467271                                
parent#2: -0.38804648549447013                               0.3423684295318927                                 0.6370810150897349                                 -0.15918074184804815                               -0.42782166466600025                               0.3434554970219661                                 
son:      -0.4467113866602293                                0.6095539591455311                                 0.42545378281367885                                0.3621798141155945                                 -0.30448281095540713                               -0.15491283577393256                               
mutated:  -0.4467113866602293                                0.6095539591455311                                 0.42545378281367885                                0.3621798141155945                                 -0.30448281095540713                               -0.15491283577393256                               
3   :
parent#1: -0.03372638278830708                               -0.48224870183990054                               0.1988457016439539                                 -0.18785065827051248                               0.6807369249075043                                 -0.47756515458132065                               
parent#2: 0.4114773666127734                                 0.35303605509627933                                -0.351972553083123                                 0.1669308244660555                                 -0.6249790304914262                                -0.40460172235508607                               
son:      0.38461919635885894                                -0.1315619719815906                                -0.1559109812110065                                -0.021300195129524885                              0.05677167620810058                                -0.898206304657437                                 
mutated:  0.38461919635885894                                -0.1315619719815906                                -0.1559109812110065                                -0.021300195129524885                              0.05677167620810058                                -0.898206304657437                                 

