0   :
parent#1: 0.4769853068012761                                 -0.13083684396760195                               0.09032461101536281                                0.6930515517403805                                 0.025776731224217517                               -0.5159683214683422                                
parent#2: 0.4769853068012761                                 -0.13083684396760195                               0.09032461101536281                                0.6930515517403805                                 0.025776731224217517                               -0.5159683214683422                                
son     : 0.4769853068012761                                 -0.13083684396760195                               0.09032461101536281                                0.6930515517403805                                 0.025776731224217517                               -0.5159683214683422                                
1   :
parent#1: 0.4769853068012761                                 -0.13083684396760195                               0.09032461101536281                                0.6930515517403805                                 0.025776731224217517                               -0.5159683214683422                                
parent#2: 4.795900983084259E-4                               0.5195856698389261                                 0.6834187572090661                                 0.4613351202936343                                 -0.21794641013244107                               0.05136704274364413                                
son     : 0.2982310115301133                                 0.24281775754319276                                0.4832905389876613                                 0.7210454781767747                                 -0.12003177217501212                               -0.2901962221976519                                
2   :
parent#1: 0.4769853068012761                                 -0.13083684396760195                               0.09032461101536281                                0.6930515517403805                                 0.025776731224217517                               -0.5159683214683422                                
parent#2: 0.513609862146599                                  -0.03969687532329356                               0.26515001486809464                                -0.16278093320038586                               -0.618123056432208                                 0.5057180954880737                                 
son     : 0.7866654852002254                                 -0.1354266558471682                                0.2822945516118232                                 0.42110602443604145                                -0.3251619244345611                                -0.00814005483465482                               
3   :
parent#1: 0.4769853068012761                                 -0.13083684396760195                               0.09032461101536281                                0.6930515517403805                                 0.025776731224217517                               -0.5159683214683422                                
parent#2: 0.23616354729068859                                0.40190498845266953                                0.49052421943408103                                0.4287665271597682                                 -0.004744255726600081                              0.598516421296422                                  
son     : 0.4824328626062758                                 0.18337291037480777                                0.39293418534904695                                0.7588905233765972                                 0.014228105820812902                               0.05584236148493294                                
4   :
parent#1: 0.4769853068012761                                 -0.13083684396760195                               0.09032461101536281                                0.6930515517403805                                 0.025776731224217517                               -0.5159683214683422                                
parent#2: -0.4627748348748278                                -0.04840212253269867                               -0.156821688999543                                 -0.2065068096589786                                -0.6822136962434069                                -0.5008423452770492                                
son     : 0.010778229665578797                               -0.13594754318930408                               -0.05043609968149249                               0.3690300364320012                                 -0.4978883464654001                                -0.771221318286737                                 
5   :
parent#1: 0.4769853068012761                                 -0.13083684396760195                               0.09032461101536281                                0.6930515517403805                                 0.025776731224217517                               -0.5159683214683422                                
parent#2: 0.46397277315517566                                -0.29535813919408443                               -0.5289493194549518                                -0.48254255556900205                               0.38138531023715094                                0.1985028464050217                                 
son     : 0.7508909301496118                                 -0.3401064873646527                                -0.3500254924449432                                0.16798760678828856                                0.3249180707908809                                 -0.25333960241004316                               
6   :
parent#1: 0.4769853068012761                                 -0.13083684396760195                               0.09032461101536281                                0.6930515517403805                                 0.025776731224217517                               -0.5159683214683422                                
parent#2: -0.2024131620885535                                0.201948072470656                                  0.3934345654259352                                 -0.4966033564673385                                -0.6715458441202526                                0.25664453268479315                                
son     : 0.19645465666670553                                0.0798788161430232                                 0.5434037792047873                                 0.22066907859945217                                -0.7253885683841084                                -0.29129685538850814                               
7   :
parent#1: 0.4769853068012761                                 -0.13083684396760195                               0.09032461101536281                                0.6930515517403805                                 0.025776731224217517                               -0.5159683214683422                                
parent#2: 0.579928673469045                                  0.23071156114819755                                0.18942949758143685                                0.48280979816853553                                -0.2153851884937851                                0.5432083339355116                                 
son     : 0.65238524058748                                   0.06164814981423993                                0.17267956981284346                                0.7258060769161615                                 -0.11703673271649816                               0.01681402878449494                                
8   :
parent#1: 0.4769853068012761                                 -0.13083684396760195                               0.09032461101536281                                0.6930515517403805                                 0.025776731224217517                               -0.5159683214683422                                
parent#2: 0.4816275896179255                                 0.49882829240834187                                -0.4296071925710571                                -0.29023558287852025                               -0.17765288764989823                               -0.46780938173986847                               
son     : 0.6290058461646633                                 0.24146219320901596                                -0.22262451099661223                               0.26431273800826555                                -0.09965544031549971                               -0.6455180490017185                                
9   :
parent#1: 0.4769853068012761                                 -0.13083684396760195                               0.09032461101536281                                0.6930515517403805                                 0.025776731224217517                               -0.5159683214683422                                
parent#2: -0.40733053248393436                               -0.5177647739419021                                -0.24129347745102225                               -0.3261483497899887                                -0.6035729590044565                                -0.19262884259297847                               
son     : 0.05847556268246354                                -0.5445045933423089                                -0.12673918620623525                               0.3080172377890421                                 -0.4850630824144743                                -0.5948711813336183                                
10  :
parent#1: 4.795900983084259E-4                               0.5195856698389261                                 0.6834187572090661                                 0.4613351202936343                                 -0.21794641013244107                               0.05136704274364413                                
parent#2: 0.4769853068012761                                 -0.13083684396760195                               0.09032461101536281                                0.6930515517403805                                 0.025776731224217517                               -0.5159683214683422                                
son     : 0.2982310115301133                                 0.24281775754319276                                0.4832905389876613                                 0.7210454781767747                                 -0.12003177217501212                               -0.2901962221976519                                
11  :
parent#1: 4.795900983084259E-4                               0.5195856698389261                                 0.6834187572090661                                 0.4613351202936343                                 -0.21794641013244107                               0.05136704274364413                                
parent#2: 4.795900983084259E-4                               0.5195856698389261                                 0.6834187572090661                                 0.4613351202936343                                 -0.21794641013244107                               0.05136704274364413                                
son     : 4.7959009830842597E-4                              0.5195856698389262                                 0.6834187572090662                                 0.4613351202936344                                 -0.2179464101324411                                0.051367042743644134                               
12  :
parent#1: 4.795900983084259E-4                               0.5195856698389261                                 0.6834187572090661                                 0.4613351202936343                                 -0.21794641013244107                               0.05136704274364413                                
parent#2: 0.513609862146599                                  -0.03969687532329356                               0.26515001486809464                                -0.16278093320038586                               -0.618123056432208                                 0.5057180954880737                                 
son     : 0.3256043694585508                                 0.3039429960411806                                 0.6007867610812575                                 0.18909267134972685                                -0.5295340534523215                                0.3528361735036258                                 
13  :
parent#1: 4.795900983084259E-4                               0.5195856698389261                                 0.6834187572090661                                 0.4613351202936343                                 -0.21794641013244107                               0.05136704274364413                                
parent#2: 0.23616354729068859                                0.40190498845266953                                0.49052421943408103                                0.4287665271597682                                 -0.004744255726600081                              0.598516421296422                                  
son     : 0.12564124763828882                                0.4892482295164472                                 0.6232830660928752                                 0.4725828213099985                                 -0.11823344384561114                               0.3450434698525233                                 
14  :
parent#1: 4.795900983084259E-4                               0.5195856698389261                                 0.6834187572090661                                 0.4613351202936343                                 -0.21794641013244107                               0.05136704274364413                                
parent#2: -0.4627748348748278                                -0.04840212253269867                               -0.156821688999543                                 -0.2065068096589786                                -0.6822136962434069                                -0.5008423452770492                                
son     : -0.3455077955057856                                0.3521506884352002                                 0.39356535506835333                                0.19045224633968674                                -0.6727569393592202                                -0.33592649430708704                               
15  :
parent#1: 4.795900983084259E-4                               0.5195856698389261                                 0.6834187572090661                                 0.4613351202936343                                 -0.21794641013244107                               0.05136704274364413                                
parent#2: 0.46397277315517566                                -0.29535813919408443                               -0.5289493194549518                                -0.48254255556900205                               0.38138531023715094                                0.1985028464050217                                 
son     : 0.7539853004900732                                 0.364007755041022                                  0.25076346823969964                                -0.03442784604800256                               0.265324364686161                                  0.40563519180621754                                
16  :
parent#1: 4.795900983084259E-4                               0.5195856698389261                                 0.6834187572090661                                 0.4613351202936343                                 -0.21794641013244107                               0.05136704274364413                                
parent#2: -0.2024131620885535                                0.201948072470656                                  0.3934345654259352                                 -0.4966033564673385                                -0.6715458441202526                                0.25664453268479315                                
son     : -0.1250341669213679                                0.44676261349793617                                0.6667710414129587                                 -0.021837550266174545                              -0.5507599449529261                                0.19071603773588053                                
17  :
parent#1: 4.795900983084259E-4                               0.5195856698389261                                 0.6834187572090661                                 0.4613351202936343                                 -0.21794641013244107                               0.05136704274364413                                
parent#2: 0.579928673469045                                  0.23071156114819755                                0.18942949758143685                                0.48280979816853553                                -0.2153851884937851                                0.5432083339355116                                 
son     : 0.3299484516476826                                 0.42652633530435097                                0.4961937109947575                                 0.5367241880102389                                 -0.2463388256017596                                0.3380021223635791                                 
18  :
parent#1: 4.795900983084259E-4                               0.5195856698389261                                 0.6834187572090661                                 0.4613351202936343                                 -0.21794641013244107                               0.05136704274364413                                
parent#2: 0.4816275896179255                                 0.49882829240834187                                -0.4296071925710571                                -0.29023558287852025                               -0.17765288764989823                               -0.46780938173986847                               
son     : 0.37049968074414563                                0.7826517914545126                                 0.1950543522768199                                 0.1314901056339447                                 -0.3040183172904311                                -0.32003620800101296                               
19  :
parent#1: 4.795900983084259E-4                               0.5195856698389261                                 0.6834187572090661                                 0.4613351202936343                                 -0.21794641013244107                               0.05136704274364413                                
parent#2: -0.40733053248393436                               -0.5177647739419021                                -0.24129347745102225                               -0.3261483497899887                                -0.6035729590044565                                -0.19262884259297847                               
son     : -0.39256073893916044                               0.0017569388795700114                              0.4265961030047073                                 0.13043848003038264                                -0.792664381481367                                 -0.13630013047916112                               
20  :
parent#1: 0.513609862146599                                  -0.03969687532329356                               0.26515001486809464                                -0.16278093320038586                               -0.618123056432208                                 0.5057180954880737                                 
parent#2: 0.4769853068012761                                 -0.13083684396760195                               0.09032461101536281                                0.6930515517403805                                 0.025776731224217517                               -0.5159683214683422                                
son     : 0.744810731887326                                  -0.12822124340806593                               0.2672749924197975                                 0.3987009626875141                                 -0.44537457261932856                               -0.007706960980319474                              
21  :
parent#1: 0.513609862146599                                  -0.03969687532329356                               0.26515001486809464                                -0.16278093320038586                               -0.618123056432208                                 0.5057180954880737                                 
parent#2: 4.795900983084259E-4                               0.5195856698389261                                 0.6834187572090661                                 0.4613351202936343                                 -0.21794641013244107                               0.05136704274364413                                
son     : 0.3256043694585508                                 0.3039429960411806                                 0.6007867610812575                                 0.18909267134972685                                -0.5295340534523215                                0.3528361735036258                                 
22  :
parent#1: 0.513609862146599                                  -0.03969687532329356                               0.26515001486809464                                -0.16278093320038586                               -0.618123056432208                                 0.5057180954880737                                 
parent#2: 0.23616354729068859                                0.40190498845266953                                0.49052421943408103                                0.4287665271597682                                 -0.004744255726600081                              0.598516421296422                                  
son     : 0.4370950690826501                                 0.2111563016743968                                 0.4405350703143537                                 0.15506150271976302                                -0.3631126783246512                                0.6437351022619002                                 
23  :
parent#1: 0.513609862146599                                  -0.03969687532329356                               0.26515001486809464                                -0.16278093320038586                               -0.618123056432208                                 0.5057180954880737                                 
parent#2: -0.4627748348748278                                -0.04840212253269867                               -0.156821688999543                                 -0.2065068096589786                                -0.6822136962434069                                -0.5008423452770492                                
son     : 0.03738118713670029                                -0.06478299121990144                               0.07965848822798693                                -0.2715531979419471                                -0.9561936739530095                                0.003585349331981621                               
24  :
parent#1: 0.513609862146599                                  -0.03969687532329356                               0.26515001486809464                                -0.16278093320038586                               -0.618123056432208                                 0.5057180954880737                                 
parent#2: 0.46397277315517566                                -0.29535813919408443                               -0.5289493194549518                                -0.48254255556900205                               0.38138531023715094                                0.1985028464050217                                 
son     : 0.6736450080165346                                 -0.2308839475967822                                -0.18178216166688804                               -0.44468767249647073                               -0.16313424070196966                               0.48527347450330116                                
25  :
parent#1: 0.513609862146599                                  -0.03969687532329356                               0.26515001486809464                                -0.16278093320038586                               -0.618123056432208                                 0.5057180954880737                                 
parent#2: -0.2024131620885535                                0.201948072470656                                  0.3934345654259352                                 -0.4966033564673385                                -0.6715458441202526                                0.25664453268479315                                
son     : 0.17299032592178482                                0.0901933968788444                                 0.3660988730628432                                 -0.36654342143103713                               -0.7169106979481038                                0.4237877827548099                                 
26  :
parent#1: 0.513609862146599                                  -0.03969687532329356                               0.26515001486809464                                -0.16278093320038586                               -0.618123056432208                                 0.5057180954880737                                 
parent#2: 0.579928673469045                                  0.23071156114819755                                0.18942949758143685                                0.48280979816853553                                -0.2153851884937851                                0.5432083339355116                                 
son     : 0.5986842701275961                                 0.1045756359215575                                 0.24887061110525066                                0.17520758638409956                                -0.4563243626141793                                0.5742602874652832                                 
27  :
parent#1: 0.513609862146599                                  -0.03969687532329356                               0.26515001486809464                                -0.16278093320038586                               -0.618123056432208                                 0.5057180954880737                                 
parent#2: 0.4816275896179255                                 0.49882829240834187                                -0.4296071925710571                                -0.29023558287852025                               -0.17765288764989823                               -0.46780938173986847                               
son     : 0.6920277914290777                                 0.3192521543253225                                 -0.11435355177667485                               -0.31500022285852997                               -0.5533343505905622                                0.026359421467284733                               
28  :
parent#1: 0.513609862146599                                  -0.03969687532329356                               0.26515001486809464                                -0.16278093320038586                               -0.618123056432208                                 0.5057180954880737                                 
parent#2: -0.40733053248393436                               -0.5177647739419021                                -0.24129347745102225                               -0.3261483497899887                                -0.6035729590044565                                -0.19262884259297847                               
son     : 0.0724440751028468                                 -0.37998728176502267                               0.016261532640654178                               -0.3332729874130792                                -0.832754950337569                                 0.2134136658804534                                 
29  :
parent#1: 0.23616354729068859                                0.40190498845266953                                0.49052421943408103                                0.4287665271597682                                 -0.004744255726600081                              0.598516421296422                                  
parent#2: 0.4769853068012761                                 -0.13083684396760195                               0.09032461101536281                                0.6930515517403805                                 0.025776731224217517                               -0.5159683214683422                                
son     : 0.4824328626062758                                 0.18337291037480777                                0.39293418534904695                                0.7588905233765972                                 0.014228105820812902                               0.05584236148493294                                
30  :
parent#1: 0.23616354729068859                                0.40190498845266953                                0.49052421943408103                                0.4287665271597682                                 -0.004744255726600081                              0.598516421296422                                  
parent#2: 4.795900983084259E-4                               0.5195856698389261                                 0.6834187572090661                                 0.4613351202936343                                 -0.21794641013244107                               0.05136704274364413                                
son     : 0.12564124763828882                                0.4892482295164472                                 0.6232830660928752                                 0.4725828213099985                                 -0.11823344384561114                               0.3450434698525233                                 
31  :
parent#1: 0.23616354729068859                                0.40190498845266953                                0.49052421943408103                                0.4287665271597682                                 -0.004744255726600081                              0.598516421296422                                  
parent#2: 0.513609862146599                                  -0.03969687532329356                               0.26515001486809464                                -0.16278093320038586                               -0.618123056432208                                 0.5057180954880737                                 
son     : 0.4370950690826501                                 0.2111563016743968                                 0.4405350703143537                                 0.15506150271976302                                -0.3631126783246512                                0.6437351022619002                                 
32  :
parent#1: 0.23616354729068859                                0.40190498845266953                                0.49052421943408103                                0.4287665271597682                                 -0.004744255726600081                              0.598516421296422                                  
parent#2: 0.23616354729068859                                0.40190498845266953                                0.49052421943408103                                0.4287665271597682                                 -0.004744255726600081                              0.598516421296422                                  
son     : 0.2361635472906886                                 0.4019049884526696                                 0.4905242194340811                                 0.42876652715976826                                -0.0047442557266000815                             0.5985164212964221                                 
33  :
parent#1: 0.23616354729068859                                0.40190498845266953                                0.49052421943408103                                0.4287665271597682                                 -0.004744255726600081                              0.598516421296422                                  
parent#2: -0.4627748348748278                                -0.04840212253269867                               -0.156821688999543                                 -0.2065068096589786                                -0.6822136962434069                                -0.5008423452770492                                
son     : -0.2504756545761956                                0.39073014711586285                                0.36884464421609825                                0.24566582194746353                                -0.7593012886532549                                0.10796010378341733                                
34  :
parent#1: 0.23616354729068859                                0.40190498845266953                                0.49052421943408103                                0.4287665271597682                                 -0.004744255726600081                              0.598516421296422                                  
parent#2: 0.46397277315517566                                -0.29535813919408443                               -0.5289493194549518                                -0.48254255556900205                               0.38138531023715094                                0.1985028464050217                                 
son     : 0.6181126720406994                                 0.09406447825875061                                -0.03392345255307756                               -0.04747596095371864                               0.3325161140840205                                 0.7036454113866433                                 
35  :
parent#1: 0.23616354729068859                                0.40190498845266953                                0.49052421943408103                                0.4287665271597682                                 -0.004744255726600081                              0.598516421296422                                  
parent#2: -0.2024131620885535                                0.201948072470656                                  0.3934345654259352                                 -0.4966033564673385                                -0.6715458441202526                                0.25664453268479315                                
son     : 0.022061284772839206                               0.39471473460804707                                0.5778087083585658                                 -0.04434223788788398                               -0.4420639466013987                                0.5589847114159442                                 
36  :
parent#1: 0.23616354729068859                                0.40190498845266953                                0.49052421943408103                                0.4287665271597682                                 -0.004744255726600081                              0.598516421296422                                  
parent#2: 0.579928673469045                                  0.23071156114819755                                0.18942949758143685                                0.48280979816853553                                -0.2153851884937851                                0.5432083339355116                                 
son     : 0.4236077127462205                                 0.3283712830546952                                 0.35294251251420106                                0.47317049757739865                                -0.11426224635187092                               0.5926332831592176                                 
37  :
parent#1: 0.23616354729068859                                0.40190498845266953                                0.49052421943408103                                0.4287665271597682                                 -0.004744255726600081                              0.598516421296422                                  
parent#2: 0.4816275896179255                                 0.49882829240834187                                -0.4296071925710571                                -0.29023558287852025                               -0.17765288764989823                               -0.46780938173986847                               
son     : 0.6066877183418897                                 0.7613131326108096                                 0.051487974893182416                               0.11708840940514151                                -0.15416477169633092                               0.1104755290533554                                 
38  :
parent#1: 0.23616354729068859                                0.40190498845266953                                0.49052421943408103                                0.4287665271597682                                 -0.004744255726600081                              0.598516421296422                                  
parent#2: -0.40733053248393436                               -0.5177647739419021                                -0.24129347745102225                               -0.3261483497899887                                -0.6035729590044565                                -0.19262884259297847                               
son     : -0.21227995958196902                               -0.14368840201901503                               0.3090940216947605                                 0.1272662629410599                                 -0.7544302635834487                                0.5033786083497029                                 
39  :
parent#1: -0.4627748348748278                                -0.04840212253269867                               -0.156821688999543                                 -0.2065068096589786                                -0.6822136962434069                                -0.5008423452770492                                
parent#2: 0.4769853068012761                                 -0.13083684396760195                               0.09032461101536281                                0.6930515517403805                                 0.025776731224217517                               -0.5159683214683422                                
son     : 0.010778229665578797                               -0.13594754318930408                               -0.05043609968149249                               0.3690300364320012                                 -0.4978883464654001                                -0.771221318286737                                 
40  :
parent#1: -0.4627748348748278                                -0.04840212253269867                               -0.156821688999543                                 -0.2065068096589786                                -0.6822136962434069                                -0.5008423452770492                                
parent#2: 4.795900983084259E-4                               0.5195856698389261                                 0.6834187572090661                                 0.4613351202936343                                 -0.21794641013244107                               0.05136704274364413                                
son     : -0.3455077955057856                                0.3521506884352002                                 0.39356535506835333                                0.19045224633968674                                -0.6727569393592202                                -0.33592649430708704                               
41  :
parent#1: -0.4627748348748278                                -0.04840212253269867                               -0.156821688999543                                 -0.2065068096589786                                -0.6822136962434069                                -0.5008423452770492                                
parent#2: 0.513609862146599                                  -0.03969687532329356                               0.26515001486809464                                -0.16278093320038586                               -0.618123056432208                                 0.5057180954880737                                 
son     : 0.03738118713670029                                -0.06478299121990144                               0.07965848822798693                                -0.2715531979419471                                -0.9561936739530095                                0.003585349331981621                               
42  :
parent#1: -0.4627748348748278                                -0.04840212253269867                               -0.156821688999543                                 -0.2065068096589786                                -0.6822136962434069                                -0.5008423452770492                                
parent#2: 0.23616354729068859                                0.40190498845266953                                0.49052421943408103                                0.4287665271597682                                 -0.004744255726600081                              0.598516421296422                                  
son     : -0.2504756545761956                                0.39073014711586285                                0.36884464421609825                                0.24566582194746353                                -0.7593012886532549                                0.10796010378341733                                
43  :
parent#1: -0.4627748348748278                                -0.04840212253269867                               -0.156821688999543                                 -0.2065068096589786                                -0.6822136962434069                                -0.5008423452770492                                
parent#2: -0.4627748348748278                                -0.04840212253269867                               -0.156821688999543                                 -0.2065068096589786                                -0.6822136962434069                                -0.5008423452770492                                
son     : -0.46277483487482785                               -0.048402122532698676                              -0.15682168899954302                               -0.20650680965897864                               -0.682213696243407                                 -0.5008423452770493                                
44  :
parent#1: -0.4627748348748278                                -0.04840212253269867                               -0.156821688999543                                 -0.2065068096589786                                -0.6822136962434069                                -0.5008423452770492                                
parent#2: 0.46397277315517566                                -0.29535813919408443                               -0.5289493194549518                                -0.48254255556900205                               0.38138531023715094                                0.1985028464050217                                 
son     : 0.001073553139117187                               -0.30806671273028186                               -0.6145655672912428                                -0.6175035234973838                                -0.2695925686912609                                -0.27094677865952266                               
45  :
parent#1: -0.4627748348748278                                -0.04840212253269867                               -0.156821688999543                                 -0.2065068096589786                                -0.6822136962434069                                -0.5008423452770492                                
parent#2: -0.2024131620885535                                0.201948072470656                                  0.3934345654259352                                 -0.4966033564673385                                -0.6715458441202526                                0.25664453268479315                                
son     : -0.3900273425225116                                0.09003036597591058                                0.13873595407686454                                -0.41226268490516016                               -0.7937654292514265                                -0.14318331709225224                               
46  :
parent#1: -0.4627748348748278                                -0.04840212253269867                               -0.156821688999543                                 -0.2065068096589786                                -0.6822136962434069                                -0.5008423452770492                                
parent#2: 0.579928673469045                                  0.23071156114819755                                0.18942949758143685                                0.48280979816853553                                -0.2153851884937851                                0.5432083339355116                                 
son     : 0.12136241714264044                                0.18885863582268408                                0.033779195924857314                               0.2862287651145751                                 -0.9298437984056038                                0.04388792420227608                                
47  :
parent#1: -0.4627748348748278                                -0.04840212253269867                               -0.156821688999543                                 -0.2065068096589786                                -0.6822136962434069                                -0.5008423452770492                                
parent#2: 0.4816275896179255                                 0.49882829240834187                                -0.4296071925710571                                -0.29023558287852025                               -0.17765288764989823                               -0.46780938173986847                               
son     : 0.011991964072418065                               0.28650955894937097                                -0.3730189128672363                                -0.31597063695625677                               -0.5469486725751079                                -0.6161453255697497                                
48  :
parent#1: -0.4627748348748278                                -0.04840212253269867                               -0.156821688999543                                 -0.2065068096589786                                -0.6822136962434069                                -0.5008423452770492                                
parent#2: -0.40733053248393436                               -0.5177647739419021                                -0.24129347745102225                               -0.3261483497899887                                -0.6035729590044565                                -0.19262884259297847                               
son     : -0.4551849204202746                                -0.29618324789637307                               -0.20826905241257504                               -0.278651994874153                                 -0.6726434731957361                                -0.36278092206529255                               
49  :
parent#1: 0.46397277315517566                                -0.29535813919408443                               -0.5289493194549518                                -0.48254255556900205                               0.38138531023715094                                0.1985028464050217                                 
parent#2: 0.4769853068012761                                 -0.13083684396760195                               0.09032461101536281                                0.6930515517403805                                 0.025776731224217517                               -0.5159683214683422                                
son     : 0.7508909301496118                                 -0.3401064873646527                                -0.3500254924449432                                0.16798760678828856                                0.3249180707908809                                 -0.25333960241004316                               
50  :
parent#1: 0.46397277315517566                                -0.29535813919408443                               -0.5289493194549518                                -0.48254255556900205                               0.38138531023715094                                0.1985028464050217                                 
parent#2: 4.795900983084259E-4                               0.5195856698389261                                 0.6834187572090661                                 0.4613351202936343                                 -0.21794641013244107                               0.05136704274364413                                
son     : 0.7539853004900732                                 0.364007755041022                                  0.25076346823969964                                -0.03442784604800256                               0.265324364686161                                  0.40563519180621754                                
51  :
parent#1: 0.46397277315517566                                -0.29535813919408443                               -0.5289493194549518                                -0.48254255556900205                               0.38138531023715094                                0.1985028464050217                                 
parent#2: 0.513609862146599                                  -0.03969687532329356                               0.26515001486809464                                -0.16278093320038586                               -0.618123056432208                                 0.5057180954880737                                 
son     : 0.6736450080165346                                 -0.2308839475967822                                -0.18178216166688804                               -0.44468767249647073                               -0.16313424070196966                               0.48527347450330116                                
52  :
parent#1: 0.46397277315517566                                -0.29535813919408443                               -0.5289493194549518                                -0.48254255556900205                               0.38138531023715094                                0.1985028464050217                                 
parent#2: 0.23616354729068859                                0.40190498845266953                                0.49052421943408103                                0.4287665271597682                                 -0.004744255726600081                              0.598516421296422                                  
son     : 0.6181126720406994                                 0.09406447825875061                                -0.03392345255307756                               -0.04747596095371864                               0.3325161140840205                                 0.7036454113866433                                 
53  :
parent#1: 0.46397277315517566                                -0.29535813919408443                               -0.5289493194549518                                -0.48254255556900205                               0.38138531023715094                                0.1985028464050217                                 
parent#2: -0.4627748348748278                                -0.04840212253269867                               -0.156821688999543                                 -0.2065068096589786                                -0.6822136962434069                                -0.5008423452770492                                
son     : 0.001073553139117187                               -0.30806671273028186                               -0.6145655672912428                                -0.6175035234973838                                -0.2695925686912609                                -0.27094677865952266                               
54  :
parent#1: 0.46397277315517566                                -0.29535813919408443                               -0.5289493194549518                                -0.48254255556900205                               0.38138531023715094                                0.1985028464050217                                 
parent#2: 0.46397277315517566                                -0.29535813919408443                               -0.5289493194549518                                -0.48254255556900205                               0.38138531023715094                                0.1985028464050217                                 
son     : 0.4639727731551757                                 -0.2953581391940845                                -0.5289493194549519                                -0.4825425555690021                                0.381385310237151                                  0.19850284640502172                                
55  :
parent#1: 0.46397277315517566                                -0.29535813919408443                               -0.5289493194549518                                -0.48254255556900205                               0.38138531023715094                                0.1985028464050217                                 
parent#2: -0.2024131620885535                                0.201948072470656                                  0.3934345654259352                                 -0.4966033564673385                                -0.6715458441202526                                0.25664453268479315                                
son     : 0.22548392239419737                                -0.0805264549446722                                -0.11682384048569515                               -0.8440969151998098                                -0.2501400542581909                                0.39237103880870017                                
56  :
parent#1: 0.46397277315517566                                -0.29535813919408443                               -0.5289493194549518                                -0.48254255556900205                               0.38138531023715094                                0.1985028464050217                                 
parent#2: 0.579928673469045                                  0.23071156114819755                                0.18942949758143685                                0.48280979816853553                                -0.2153851884937851                                0.5432083339355116                                 
son     : 0.7809306146698787                                 -0.04836135833793123                               -0.2539908571309187                                1.999211019340434E-4                               0.12418277369720582                                0.5548655669018925                                 
57  :
parent#1: 0.46397277315517566                                -0.29535813919408443                               -0.5289493194549518                                -0.48254255556900205                               0.38138531023715094                                0.1985028464050217                                 
parent#2: 0.4816275896179255                                 0.49882829240834187                                -0.4296071925710571                                -0.29023558287852025                               -0.17765288764989823                               -0.46780938173986847                               
son     : 0.5903537631229953                                 0.12702974254470775                                -0.5984424988808861                                -0.4824580235500047                                0.1271934816012851                                 -0.1681324720543617                                
58  :
parent#1: 0.46397277315517566                                -0.29535813919408443                               -0.5289493194549518                                -0.48254255556900205                               0.38138531023715094                                0.1985028464050217                                 
parent#2: -0.40733053248393436                               -0.5177647739419021                                -0.24129347745102225                               -0.3261483497899887                                -0.6035729590044565                                -0.19262884259297847                               
son     : 0.040448075355499935                               -0.580648937507635                                 -0.5500283590847065                                -0.5774840523898205                                -0.15866361665604603                               0.0041946107006435905                              
59  :
parent#1: -0.2024131620885535                                0.201948072470656                                  0.3934345654259352                                 -0.4966033564673385                                -0.6715458441202526                                0.25664453268479315                                
parent#2: 0.4769853068012761                                 -0.13083684396760195                               0.09032461101536281                                0.6930515517403805                                 0.025776731224217517                               -0.5159683214683422                                
son     : 0.3000603756853697                                 0.07771240583198846                                0.528666010079408                                  0.21468426572555555                                -0.705715151201256                                 -0.28339653160359213                               
60  :
parent#1: -0.2024131620885535                                0.201948072470656                                  0.3934345654259352                                 -0.4966033564673385                                -0.6715458441202526                                0.25664453268479315                                
parent#2: 4.795900983084259E-4                               0.5195856698389261                                 0.6834187572090661                                 0.4613351202936343                                 -0.21794641013244107                               0.05136704274364413                                
son     : -0.1250341669213679                                0.44676261349793617                                0.6667710414129587                                 -0.021837550266174545                              -0.5507599449529261                                0.19071603773588053                                
61  :
parent#1: -0.2024131620885535                                0.201948072470656                                  0.3934345654259352                                 -0.4966033564673385                                -0.6715458441202526                                0.25664453268479315                                
parent#2: 0.513609862146599                                  -0.03969687532329356                               0.26515001486809464                                -0.16278093320038586                               -0.618123056432208                                 0.5057180954880737                                 
son     : 0.17299032592178482                                0.0901933968788444                                 0.3660988730628432                                 -0.36654342143103713                               -0.7169106979481038                                0.4237877827548099                                 
62  :
parent#1: -0.2024131620885535                                0.201948072470656                                  0.3934345654259352                                 -0.4966033564673385                                -0.6715458441202526                                0.25664453268479315                                
parent#2: 0.23616354729068859                                0.40190498845266953                                0.49052421943408103                                0.4287665271597682                                 -0.004744255726600081                              0.598516421296422                                  
son     : 0.022061284772839206                               0.39471473460804707                                0.5778087083585658                                 -0.04434223788788398                               -0.4420639466013987                                0.5589847114159442                                 
63  :
parent#1: -0.2024131620885535                                0.201948072470656                                  0.3934345654259352                                 -0.4966033564673385                                -0.6715458441202526                                0.25664453268479315                                
parent#2: -0.4627748348748278                                -0.04840212253269867                               -0.156821688999543                                 -0.2065068096589786                                -0.6822136962434069                                -0.5008423452770492                                
son     : -0.3900273425225116                                0.09003036597591058                                0.13873595407686454                                -0.41226268490516016                               -0.7937654292514265                                -0.14318331709225224                               
64  :
parent#1: -0.2024131620885535                                0.201948072470656                                  0.3934345654259352                                 -0.4966033564673385                                -0.6715458441202526                                0.25664453268479315                                
parent#2: 0.46397277315517566                                -0.29535813919408443                               -0.5289493194549518                                -0.48254255556900205                               0.38138531023715094                                0.1985028464050217                                 
son     : 0.22548392239419737                                -0.0805264549446722                                -0.11682384048569515                               -0.8440969151998098                                -0.2501400542581909                                0.39237103880870017                                
65  :
parent#1: -0.2024131620885535                                0.201948072470656                                  0.3934345654259352                                 -0.4966033564673385                                -0.6715458441202526                                0.25664453268479315                                
parent#2: -0.2024131620885535                                0.201948072470656                                  0.3934345654259352                                 -0.4966033564673385                                -0.6715458441202526                                0.25664453268479315                                
son     : -0.20241316208855353                               0.20194807247065602                                0.39343456542593525                                -0.49660335646733855                               -0.6715458441202528                                0.2566445326847932                                 
66  :
parent#1: -0.2024131620885535                                0.201948072470656                                  0.3934345654259352                                 -0.4966033564673385                                -0.6715458441202526                                0.25664453268479315                                
parent#2: 0.579928673469045                                  0.23071156114819755                                0.18942949758143685                                0.48280979816853553                                -0.2153851884937851                                0.5432083339355116                                 
son     : 0.26075615320737294                                0.2988451025442915                                 0.4025937645763082                                 -0.009527436867123555                              -0.6126178057663535                                0.5524714888379512                                 
67  :
parent#1: -0.2024131620885535                                0.201948072470656                                  0.3934345654259352                                 -0.4966033564673385                                -0.6715458441202526                                0.25664453268479315                                
parent#2: -0.40733053248393436                               -0.5177647739419021                                -0.24129347745102225                               -0.3261483497899887                                -0.6035729590044565                                -0.19262884259297847                               
son     : -0.364286133620157                                 -0.1886819759444916                                0.09089538636722447                                -0.4915459408104428                                -0.7618087777395467                                0.03824562425516156                                
68  :
parent#1: 0.579928673469045                                  0.23071156114819755                                0.18942949758143685                                0.48280979816853553                                -0.2153851884937851                                0.5432083339355116                                 
parent#2: 0.4769853068012761                                 -0.13083684396760195                               0.09032461101536281                                0.6930515517403805                                 0.025776731224217517                               -0.5159683214683422                                
son     : 0.65238524058748                                   0.06164814981423993                                0.17267956981284346                                0.7258060769161615                                 -0.11703673271649816                               0.01681402878449494                                
69  :
parent#1: 0.579928673469045                                  0.23071156114819755                                0.18942949758143685                                0.48280979816853553                                -0.2153851884937851                                0.5432083339355116                                 
parent#2: 4.795900983084259E-4                               0.5195856698389261                                 0.6834187572090661                                 0.4613351202936343                                 -0.21794641013244107                               0.05136704274364413                                
son     : 0.3299484516476826                                 0.42652633530435097                                0.4961937109947575                                 0.5367241880102389                                 -0.2463388256017596                                0.3380021223635791                                 
70  :
parent#1: 0.579928673469045                                  0.23071156114819755                                0.18942949758143685                                0.48280979816853553                                -0.2153851884937851                                0.5432083339355116                                 
parent#2: 0.513609862146599                                  -0.03969687532329356                               0.26515001486809464                                -0.16278093320038586                               -0.618123056432208                                 0.5057180954880737                                 
son     : 0.5986842701275961                                 0.1045756359215575                                 0.24887061110525066                                0.17520758638409956                                -0.4563243626141793                                0.5742602874652832                                 
71  :
parent#1: 0.579928673469045                                  0.23071156114819755                                0.18942949758143685                                0.48280979816853553                                -0.2153851884937851                                0.5432083339355116                                 
parent#2: 0.23616354729068859                                0.40190498845266953                                0.49052421943408103                                0.4287665271597682                                 -0.004744255726600081                              0.598516421296422                                  
son     : 0.4236077127462205                                 0.3283712830546952                                 0.35294251251420106                                0.47317049757739865                                -0.11426224635187092                               0.5926332831592176                                 
72  :
parent#1: 0.579928673469045                                  0.23071156114819755                                0.18942949758143685                                0.48280979816853553                                -0.2153851884937851                                0.5432083339355116                                 
parent#2: -0.4627748348748278                                -0.04840212253269867                               -0.156821688999543                                 -0.2065068096589786                                -0.6822136962434069                                -0.5008423452770492                                
son     : 0.12136241714264044                                0.18885863582268408                                0.033779195924857314                               0.2862287651145751                                 -0.9298437984056038                                0.04388792420227608                                
73  :
parent#1: 0.579928673469045                                  0.23071156114819755                                0.18942949758143685                                0.48280979816853553                                -0.2153851884937851                                0.5432083339355116                                 
parent#2: 0.46397277315517566                                -0.29535813919408443                               -0.5289493194549518                                -0.48254255556900205                               0.38138531023715094                                0.1985028464050217                                 
son     : 0.7809306146698787                                 -0.04836135833793123                               -0.2539908571309187                                1.999211019340434E-4                               0.12418277369720582                                0.5548655669018925                                 
74  :
parent#1: 0.579928673469045                                  0.23071156114819755                                0.18942949758143685                                0.48280979816853553                                -0.2153851884937851                                0.5432083339355116                                 
parent#2: -0.2024131620885535                                0.201948072470656                                  0.3934345654259352                                 -0.4966033564673385                                -0.6715458441202526                                0.25664453268479315                                
son     : 0.26075615320737294                                0.2988451025442915                                 0.4025937645763082                                 -0.009527436867123555                              -0.6126178057663535                                0.5524714888379512                                 
75  :
parent#1: 0.579928673469045                                  0.23071156114819755                                0.18942949758143685                                0.48280979816853553                                -0.2153851884937851                                0.5432083339355116                                 
parent#2: 0.579928673469045                                  0.23071156114819755                                0.18942949758143685                                0.48280979816853553                                -0.2153851884937851                                0.5432083339355116                                 
son     : 0.579928673469045                                  0.23071156114819755                                0.18942949758143685                                0.48280979816853553                                -0.2153851884937851                                0.5432083339355116                                 
76  :
parent#1: 0.579928673469045                                  0.23071156114819755                                0.18942949758143685                                0.48280979816853553                                -0.2153851884937851                                0.5432083339355116                                 
parent#2: 0.4816275896179255                                 0.49882829240834187                                -0.4296071925710571                                -0.29023558287852025                               -0.17765288764989823                               -0.46780938173986847                               
son     : 0.7672992412298526                                 0.5273157867799322                                 -0.17360188012076416                               0.13919379915179989                                -0.2840902814915443                                0.05449881539110012                                
77  :
parent#1: 0.579928673469045                                  0.23071156114819755                                0.18942949758143685                                0.48280979816853553                                -0.2153851884937851                                0.5432083339355116                                 
parent#2: -0.40733053248393436                               -0.5177647739419021                                -0.24129347745102225                               -0.3261483497899887                                -0.6035729590044565                                -0.19262884259297847                               
son     : 0.17868597116563287                                -0.2971780681501255                                -0.05369331070785497                               0.16218716428788285                                -0.8478441951605654                                0.36294502665992295                                
78  :
parent#1: 0.4816275896179255                                 0.49882829240834187                                -0.4296071925710571                                -0.29023558287852025                               -0.17765288764989823                               -0.46780938173986847                               
parent#2: 0.4769853068012761                                 -0.13083684396760195                               0.09032461101536281                                0.6930515517403805                                 0.025776731224217517                               -0.5159683214683422                                
son     : 0.6290058461646633                                 0.24146219320901596                                -0.22262451099661223                               0.26431273800826555                                -0.09965544031549971                               -0.6455180490017185                                
79  :
parent#1: 0.4816275896179255                                 0.49882829240834187                                -0.4296071925710571                                -0.29023558287852025                               -0.17765288764989823                               -0.46780938173986847                               
parent#2: 4.795900983084259E-4                               0.5195856698389261                                 0.6834187572090661                                 0.4613351202936343                                 -0.21794641013244107                               0.05136704274364413                                
son     : 0.37049968074414563                                0.7826517914545126                                 0.1950543522768199                                 0.1314901056339447                                 -0.3040183172904311                                -0.32003620800101296                               
80  :
parent#1: 0.4816275896179255                                 0.49882829240834187                                -0.4296071925710571                                -0.29023558287852025                               -0.17765288764989823                               -0.46780938173986847                               
parent#2: 0.513609862146599                                  -0.03969687532329356                               0.26515001486809464                                -0.16278093320038586                               -0.618123056432208                                 0.5057180954880737                                 
son     : 0.6920277914290777                                 0.3192521543253225                                 -0.11435355177667485                               -0.31500022285852997                               -0.5533343505905622                                0.026359421467284733                               
81  :
parent#1: 0.4816275896179255                                 0.49882829240834187                                -0.4296071925710571                                -0.29023558287852025                               -0.17765288764989823                               -0.46780938173986847                               
parent#2: 0.23616354729068859                                0.40190498845266953                                0.49052421943408103                                0.4287665271597682                                 -0.004744255726600081                              0.598516421296422                                  
son     : 0.6066877183418897                                 0.7613131326108096                                 0.051487974893182416                               0.11708840940514151                                -0.15416477169633092                               0.1104755290533554                                 
82  :
parent#1: 0.4816275896179255                                 0.49882829240834187                                -0.4296071925710571                                -0.29023558287852025                               -0.17765288764989823                               -0.46780938173986847                               
parent#2: -0.4627748348748278                                -0.04840212253269867                               -0.156821688999543                                 -0.2065068096589786                                -0.6822136962434069                                -0.5008423452770492                                
son     : 0.011991964072418065                               0.28650955894937097                                -0.3730189128672363                                -0.31597063695625677                               -0.5469486725751079                                -0.6161453255697497                                
83  :
parent#1: 0.4816275896179255                                 0.49882829240834187                                -0.4296071925710571                                -0.29023558287852025                               -0.17765288764989823                               -0.46780938173986847                               
parent#2: 0.46397277315517566                                -0.29535813919408443                               -0.5289493194549518                                -0.48254255556900205                               0.38138531023715094                                0.1985028464050217                                 
son     : 0.5903537631229953                                 0.12702974254470775                                -0.5984424988808861                                -0.4824580235500047                                0.1271934816012851                                 -0.1681324720543617                                
84  :
parent#1: 0.4816275896179255                                 0.49882829240834187                                -0.4296071925710571                                -0.29023558287852025                               -0.17765288764989823                               -0.46780938173986847                               
parent#2: -0.2024131620885535                                0.201948072470656                                  0.3934345654259352                                 -0.4966033564673385                                -0.6715458441202526                                0.25664453268479315                                
son     : 0.19968347254451083                                0.5011684362242963                                 -0.025869278544483343                              -0.5627170957177444                                -0.6073144326412728                                -0.15101701839608284                               
85  :
parent#1: 0.4816275896179255                                 0.49882829240834187                                -0.4296071925710571                                -0.29023558287852025                               -0.17765288764989823                               -0.46780938173986847                               
parent#2: 0.579928673469045                                  0.23071156114819755                                0.18942949758143685                                0.48280979816853553                                -0.2153851884937851                                0.5432083339355116                                 
son     : 0.7672992412298526                                 0.5273157867799322                                 -0.17360188012076416                               0.13919379915179989                                -0.2840902814915443                                0.05449881539110012                                
86  :
parent#1: 0.4816275896179255                                 0.49882829240834187                                -0.4296071925710571                                -0.29023558287852025                               -0.17765288764989823                               -0.46780938173986847                               
parent#2: 0.4816275896179255                                 0.49882829240834187                                -0.4296071925710571                                -0.29023558287852025                               -0.17765288764989823                               -0.46780938173986847                               
son     : 0.4816275896179255                                 0.49882829240834187                                -0.4296071925710571                                -0.29023558287852025                               -0.17765288764989823                               -0.46780938173986847                               
87  :
parent#1: 0.4816275896179255                                 0.49882829240834187                                -0.4296071925710571                                -0.29023558287852025                               -0.17765288764989823                               -0.46780938173986847                               
parent#2: -0.40733053248393436                               -0.5177647739419021                                -0.24129347745102225                               -0.3261483497899887                                -0.6035729590044565                                -0.19262884259297847                               
son     : 0.05415202913488218                                -0.013802012344421204                              -0.4889915432872002                                -0.4492565650338203                                -0.5694029675045494                                -0.4813659025735489                                
88  :
parent#1: -0.40733053248393436                               -0.5177647739419021                                -0.24129347745102225                               -0.3261483497899887                                -0.6035729590044565                                -0.19262884259297847                               
parent#2: 0.4769853068012761                                 -0.13083684396760195                               0.09032461101536281                                0.6930515517403805                                 0.025776731224217517                               -0.5159683214683422                                
son     : 0.05847556268246354                                -0.5445045933423089                                -0.12673918620623525                               0.3080172377890421                                 -0.4850630824144743                                -0.5948711813336183                                
89  :
parent#1: -0.40733053248393436                               -0.5177647739419021                                -0.24129347745102225                               -0.3261483497899887                                -0.6035729590044565                                -0.19262884259297847                               
parent#2: 4.795900983084259E-4                               0.5195856698389261                                 0.6834187572090661                                 0.4613351202936343                                 -0.21794641013244107                               0.05136704274364413                                
son     : -0.39256073893916044                               0.0017569388795700114                              0.4265961030047073                                 0.13043848003038264                                -0.792664381481367                                 -0.13630013047916112                               
90  :
parent#1: -0.40733053248393436                               -0.5177647739419021                                -0.24129347745102225                               -0.3261483497899887                                -0.6035729590044565                                -0.19262884259297847                               
parent#2: 0.513609862146599                                  -0.03969687532329356                               0.26515001486809464                                -0.16278093320038586                               -0.618123056432208                                 0.5057180954880737                                 
son     : 0.0724440751028468                                 -0.37998728176502267                               0.016261532640654178                               -0.3332729874130792                                -0.832754950337569                                 0.2134136658804534                                 
91  :
parent#1: -0.40733053248393436                               -0.5177647739419021                                -0.24129347745102225                               -0.3261483497899887                                -0.6035729590044565                                -0.19262884259297847                               
parent#2: 0.23616354729068859                                0.40190498845266953                                0.49052421943408103                                0.4287665271597682                                 -0.004744255726600081                              0.598516421296422                                  
son     : -0.21227995958196902                               -0.14368840201901503                               0.3090940216947605                                 0.1272662629410599                                 -0.7544302635834487                                0.5033786083497029                                 
92  :
parent#1: -0.40733053248393436                               -0.5177647739419021                                -0.24129347745102225                               -0.3261483497899887                                -0.6035729590044565                                -0.19262884259297847                               
parent#2: -0.4627748348748278                                -0.04840212253269867                               -0.156821688999543                                 -0.2065068096589786                                -0.6822136962434069                                -0.5008423452770492                                
son     : -0.4551849204202746                                -0.29618324789637307                               -0.20826905241257504                               -0.278651994874153                                 -0.6726434731957361                                -0.36278092206529255                               
93  :
parent#1: -0.40733053248393436                               -0.5177647739419021                                -0.24129347745102225                               -0.3261483497899887                                -0.6035729590044565                                -0.19262884259297847                               
parent#2: 0.46397277315517566                                -0.29535813919408443                               -0.5289493194549518                                -0.48254255556900205                               0.38138531023715094                                0.1985028464050217                                 
son     : 0.040448075355499935                               -0.580648937507635                                 -0.5500283590847065                                -0.5774840523898205                                -0.15866361665604603                               0.0041946107006435905                              
94  :
parent#1: -0.40733053248393436                               -0.5177647739419021                                -0.24129347745102225                               -0.3261483497899887                                -0.6035729590044565                                -0.19262884259297847                               
parent#2: -0.2024131620885535                                0.201948072470656                                  0.3934345654259352                                 -0.4966033564673385                                -0.6715458441202526                                0.25664453268479315                                
son     : -0.364286133620157                                 -0.1886819759444916                                0.09089538636722447                                -0.4915459408104428                                -0.7618087777395467                                0.03824562425516156                                
95  :
parent#1: -0.40733053248393436                               -0.5177647739419021                                -0.24129347745102225                               -0.3261483497899887                                -0.6035729590044565                                -0.19262884259297847                               
parent#2: 0.579928673469045                                  0.23071156114819755                                0.18942949758143685                                0.48280979816853553                                -0.2153851884937851                                0.5432083339355116                                 
son     : 0.17868597116563287                                -0.2971780681501255                                -0.05369331070785497                               0.16218716428788285                                -0.8478441951605654                                0.36294502665992295                                
96  :
parent#1: -0.40733053248393436                               -0.5177647739419021                                -0.24129347745102225                               -0.3261483497899887                                -0.6035729590044565                                -0.19262884259297847                               
parent#2: 0.4816275896179255                                 0.49882829240834187                                -0.4296071925710571                                -0.29023558287852025                               -0.17765288764989823                               -0.46780938173986847                               
son     : 0.05415202913488218                                -0.013802012344421204                              -0.4889915432872002                                -0.4492565650338203                                -0.5694029675045494                                -0.4813659025735489                                
97  :
parent#1: -0.40733053248393436                               -0.5177647739419021                                -0.24129347745102225                               -0.3261483497899887                                -0.6035729590044565                                -0.19262884259297847                               
parent#2: -0.40733053248393436                               -0.5177647739419021                                -0.24129347745102225                               -0.3261483497899887                                -0.6035729590044565                                -0.19262884259297847                               
son     : -0.40733053248393436                               -0.5177647739419021                                -0.24129347745102225                               -0.3261483497899887                                -0.6035729590044565                                -0.19262884259297847                               

0   :
parent#1: 0.513609862146599                                  -0.03969687532329356                               0.26515001486809464                                -0.16278093320038586                               -0.618123056432208                                 0.5057180954880737                                 
parent#2: 0.513609862146599                                  -0.03969687532329356                               0.26515001486809464                                -0.16278093320038586                               -0.618123056432208                                 0.5057180954880737                                 
son:      0.5136098621465991                                 -0.039696875323293565                              0.2651500148680947                                 -0.1627809332003859                                -0.6181230564322081                                0.5057180954880738                                 
mutated:  0.5136098621465991                                 -0.039696875323293565                              0.2651500148680947                                 -0.1627809332003859                                -0.6181230564322081                                0.5057180954880738                                 
1   :
parent#1: -0.2024131620885535                                0.201948072470656                                  0.3934345654259352                                 -0.4966033564673385                                -0.6715458441202526                                0.25664453268479315                                
parent#2: 0.4816275896179255                                 0.49882829240834187                                -0.4296071925710571                                -0.29023558287852025                               -0.17765288764989823                               -0.46780938173986847                               
son:      0.19968347254451083                                0.5011684362242963                                 -0.025869278544483343                              -0.5627170957177444                                -0.6073144326412728                                -0.15101701839608284                               
mutated:  0.19968347254451083                                0.5011684362242963                                 -0.025869278544483343                              -0.5627170957177444                                -0.6073144326412728                                -0.15101701839608284                               

