0   :
parent#1: -0.39336570172919444                               -0.44427318425648277                               0.45562644664861096                                0.3550076899946659                                 0.22253785525527123                                0.5145247774316599                                 
parent#2: -0.39336570172919444                               -0.44427318425648277                               0.45562644664861096                                0.3550076899946659                                 0.22253785525527123                                0.5145247774316599                                 
son     : -0.3933657017291945                                -0.4442731842564828                                0.455626446648611                                  0.355007689994666                                  0.22253785525527126                                0.51452477743166                                   
1   :
parent#1: -0.39336570172919444                               -0.44427318425648277                               0.45562644664861096                                0.3550076899946659                                 0.22253785525527123                                0.5145247774316599                                 
parent#2: -0.08680378310694388                               -0.2804951546984053                                -0.10185592825828224                               -0.9072855994231784                                -0.09594480709107683                               0.2665340060466277                                 
son     : -0.3636956562789126                                -0.5489626163485364                                0.2679570545846111                                 -0.37194868231758876                               -0.07892768972447307                               0.5915987913027945                                 
2   :
parent#1: -0.39336570172919444                               -0.44427318425648277                               0.45562644664861096                                0.3550076899946659                                 0.22253785525527123                                0.5145247774316599                                 
parent#2: -0.39336570172919444                               -0.44427318425648277                               0.45562644664861096                                0.3550076899946659                                 0.22253785525527123                                0.5145247774316599                                 
son     : -0.37715881806932466                               -0.42596888426593194                               0.4368543859917378                                 0.44335421803610237                                0.213369172998062                                  0.49332607309292725                                
3   :
parent#1: -0.39336570172919444                               -0.44427318425648277                               0.45562644664861096                                0.3550076899946659                                 0.22253785525527123                                0.5145247774316599                                 
parent#2: 0.36926324609991484                                0.324899404720046                                  -0.5749329227476623                                0.4823941444187145                                 -0.11740575138700562                               0.4254984667480403                                 
son     : -0.018907502268952252                              -0.09364440047746478                               -0.09359160337186499                               0.6569113673613269                                 0.08247232244726962                                0.7374141413460109                                 
4   :
parent#1: -0.39336570172919444                               -0.44427318425648277                               0.45562644664861096                                0.3550076899946659                                 0.22253785525527123                                0.5145247774316599                                 
parent#2: -0.03372638278830708                               -0.48224870183990054                               0.1988457016439539                                 -0.18785065827051248                               0.6807369249075043                                 -0.47756515458132065                               
son     : -0.2807388960684867                                -0.6090272822074086                                0.43020181145899083                                0.10987672742598169                                0.5937463460974332                                 0.024294535287007105                               
5   :
parent#1: -0.39336570172919444                               -0.44427318425648277                               0.45562644664861096                                0.3550076899946659                                 0.22253785525527123                                0.5145247774316599                                 
parent#2: 0.447040597077234                                  0.4575315290047986                                 0.4419901719870991                                 0.12281928615900349                                -0.11978934247791552                               0.6050043212856231                                 
son     : 0.035384535277182674                               0.008740405815825523                               0.5917430616594728                                 0.3150017412137644                                 0.06773573290592715                                0.7380362202949523                                 
6   :
parent#1: -0.39336570172919444                               -0.44427318425648277                               0.45562644664861096                                0.3550076899946659                                 0.22253785525527123                                0.5145247774316599                                 
parent#2: -0.4784082766987913                                0.49771090317190336                                -0.17319263828546855                               0.368651983756461                                  0.4298894084492257                                 0.41557730817408756                                
son     : -0.5352795170524097                                0.03281139043058929                                0.17341769343988775                                0.4443355849807648                                 0.4005980440679293                                 0.5695723394731265                                 
7   :
parent#1: -0.39336570172919444                               -0.44427318425648277                               0.45562644664861096                                0.3550076899946659                                 0.22253785525527123                                0.5145247774316599                                 
parent#2: -0.2024131620885535                                0.201948072470656                                  0.3934345654259352                                 -0.4966033564673385                                -0.6715458441202526                                0.25664453268479315                                
son     : -0.4260283697852117                                -0.173537454869961                                 0.608042171027476                                  -0.10140158978653839                               -0.3215502637331954                                0.5522612096005655                                 
8   :
parent#1: -0.39336570172919444                               -0.44427318425648277                               0.45562644664861096                                0.3550076899946659                                 0.22253785525527123                                0.5145247774316599                                 
parent#2: 0.6260820785247944                                 -0.18304392326731728                               1.8977566461721683E-4                              0.13739941774423964                                -0.49955500524395724                               -0.5532470640043493                                
son     : 0.23554159203960387                                -0.6349328408013826                                0.461349906523492                                  0.4983850113406866                                 -0.2803801839348786                                -0.03919238152610102                               
9   :
parent#1: -0.39336570172919444                               -0.44427318425648277                               0.45562644664861096                                0.3550076899946659                                 0.22253785525527123                                0.5145247774316599                                 
parent#2: -0.08680378310694388                               -0.2804951546984053                                -0.10185592825828224                               -0.9072855994231784                                -0.09594480709107683                               0.2665340060466277                                 
son     : -0.3567007966120985                                -0.5384045676135789                                0.2628035094124499                                 -0.41026757523261176                               0.09404146359098953                                0.5802207326078993                                 
10  :
parent#1: -0.08680378310694388                               -0.2804951546984053                                -0.10185592825828224                               -0.9072855994231784                                -0.09594480709107683                               0.2665340060466277                                 
parent#2: -0.39336570172919444                               -0.44427318425648277                               0.45562644664861096                                0.3550076899946659                                 0.22253785525527123                                0.5145247774316599                                 
son     : -0.3567007966120985                                -0.5384045676135789                                0.2628035094124499                                 -0.41026757523261176                               0.09404146359098953                                0.5802207326078993                                 
11  :
parent#1: -0.08680378310694388                               -0.2804951546984053                                -0.10185592825828224                               -0.9072855994231784                                -0.09594480709107683                               0.2665340060466277                                 
parent#2: 0.36926324609991484                                0.324899404720046                                  -0.5749329227476623                                0.4823941444187145                                 -0.11740575138700562                               0.4254984667480403                                 
son     : 0.25317079098454015                                0.03979990254861392                                -0.6066115361231744                                -0.3808337826823992                                -0.1912278989507024                                0.6202745224675772                                 
12  :
parent#1: -0.08680378310694388                               -0.2804951546984053                                -0.10185592825828224                               -0.9072855994231784                                -0.09594480709107683                               0.2665340060466277                                 
parent#2: -0.03372638278830708                               -0.48224870183990054                               0.1988457016439539                                 -0.18785065827051248                               0.6807369249075043                                 -0.47756515458132065                               
son     : -0.0814178918042304                                -0.515231986322389                                 0.06551640261156051                                -0.739762404519414                                 0.3950259341526439                                 -0.14255112893192398                               
13  :
parent#1: -0.08680378310694388                               -0.2804951546984053                                -0.10185592825828224                               -0.9072855994231784                                -0.09594480709107683                               0.2665340060466277                                 
parent#2: 0.447040597077234                                  0.4575315290047986                                 0.4419901719870991                                 0.12281928615900349                                -0.11978934247791552                               0.6050043212856231                                 
son     : 0.27642634284768774                                0.13584818542328847                                0.2610007123785389                                 -0.6019572282823612                                -0.1655427754189245                                0.6687716056025139                                 
14  :
parent#1: -0.08680378310694388                               -0.2804951546984053                                -0.10185592825828224                               -0.9072855994231784                                -0.09594480709107683                               0.2665340060466277                                 
parent#2: -0.4784082766987913                                0.49771090317190336                                -0.17319263828546855                               0.368651983756461                                  0.4298894084492257                                 0.41557730817408756                                
son     : -0.49397513733753656                               0.18983880000888692                                -0.24038261582677434                               -0.47074652717960425                               0.29185564507543904                                0.5961409072507663                                 
15  :
parent#1: -0.08680378310694388                               -0.2804951546984053                                -0.10185592825828224                               -0.9072855994231784                                -0.09594480709107683                               0.2665340060466277                                 
parent#2: -0.2024131620885535                                0.201948072470656                                  0.3934345654259352                                 -0.4966033564673385                                -0.6715458441202526                                0.25664453268479315                                
son     : -0.16674353728011052                               -0.04528510016877989                               0.16810513410196018                                -0.8093903705933694                                -0.4424848133496742                                0.30163045985479325                                
16  :
parent#1: -0.08680378310694388                               -0.2804951546984053                                -0.10185592825828224                               -0.9072855994231784                                -0.09594480709107683                               0.2665340060466277                                 
parent#2: 0.6260820785247944                                 -0.18304392326731728                               1.8977566461721683E-4                              0.13739941774423964                                -0.49955500524395724                               -0.5532470640043493                                
son     : 0.4337784188179493                                 -0.37285618577418017                               -0.08177704034095012                               -0.619272114965642                                 -0.4790012303404975                                -0.23062292325151645                               
17  :
parent#1: -0.08680378310694388                               -0.2804951546984053                                -0.10185592825828224                               -0.9072855994231784                                -0.09594480709107683                               0.2665340060466277                                 
parent#2: -0.08680378310694388                               -0.2804951546984053                                -0.10185592825828224                               -0.9072855994231784                                -0.09594480709107683                               0.2665340060466277                                 
son     : -0.0868037831069439                                -0.28049515469840536                               -0.10185592825828226                               -0.9072855994231785                                -0.09594480709107685                               0.26653400604662775                                
18  :
parent#1: -0.39336570172919444                               -0.44427318425648277                               0.45562644664861096                                0.3550076899946659                                 0.22253785525527123                                0.5145247774316599                                 
parent#2: -0.39336570172919444                               -0.44427318425648277                               0.45562644664861096                                0.3550076899946659                                 0.22253785525527123                                0.5145247774316599                                 
son     : -0.3933657017291945                                -0.4442731842564828                                0.455626446648611                                  0.355007689994666                                  0.22253785525527126                                0.51452477743166                                   
19  :
parent#1: -0.39336570172919444                               -0.44427318425648277                               0.45562644664861096                                0.3550076899946659                                 0.22253785525527123                                0.5145247774316599                                 
parent#2: -0.08680378310694388                               -0.2804951546984053                                -0.10185592825828224                               -0.9072855994231784                                -0.09594480709107683                               0.2665340060466277                                 
son     : -0.3567007966120985                                -0.5384045676135789                                0.2628035094124499                                 -0.41026757523261176                               0.09404146359098953                                0.5802207326078993                                 
20  :
parent#1: -0.39336570172919444                               -0.44427318425648277                               0.45562644664861096                                0.3550076899946659                                 0.22253785525527123                                0.5145247774316599                                 
parent#2: -0.39336570172919444                               -0.44427318425648277                               0.45562644664861096                                0.3550076899946659                                 0.22253785525527123                                0.5145247774316599                                 
son     : -0.3933657017291945                                -0.4442731842564828                                0.455626446648611                                  0.355007689994666                                  0.22253785525527126                                0.51452477743166                                   
21  :
parent#1: -0.39336570172919444                               -0.44427318425648277                               0.45562644664861096                                0.3550076899946659                                 0.22253785525527123                                0.5145247774316599                                 
parent#2: 0.36926324609991484                                0.324899404720046                                  -0.5749329227476623                                0.4823941444187145                                 -0.11740575138700562                               0.4254984667480403                                 
son     : -0.018907502268952252                              -0.09364440047746478                               -0.09359160337186499                               0.6569113673613269                                 0.08247232244726962                                0.7374141413460109                                 
22  :
parent#1: -0.39336570172919444                               -0.44427318425648277                               0.45562644664861096                                0.3550076899946659                                 0.22253785525527123                                0.5145247774316599                                 
parent#2: -0.03372638278830708                               -0.48224870183990054                               0.1988457016439539                                 -0.18785065827051248                               0.6807369249075043                                 -0.47756515458132065                               
son     : -0.2807388960684867                                -0.6090272822074086                                0.43020181145899083                                0.10987672742598169                                0.5937463460974332                                 0.024294535287007105                               
23  :
parent#1: -0.39336570172919444                               -0.44427318425648277                               0.45562644664861096                                0.3550076899946659                                 0.22253785525527123                                0.5145247774316599                                 
parent#2: 0.447040597077234                                  0.4575315290047986                                 0.4419901719870991                                 0.12281928615900349                                -0.11978934247791552                               0.6050043212856231                                 
son     : 0.035384535277182674                               0.008740405815825523                               0.5917430616594728                                 0.3150017412137644                                 0.06773573290592715                                0.7380362202949523                                 
24  :
parent#1: -0.39336570172919444                               -0.44427318425648277                               0.45562644664861096                                0.3550076899946659                                 0.22253785525527123                                0.5145247774316599                                 
parent#2: -0.2024131620885535                                0.201948072470656                                  0.3934345654259352                                 -0.4966033564673385                                -0.6715458441202526                                0.25664453268479315                                
son     : -0.4265435151403044                                -0.1734908894309363                                0.6078790146030567                                 -0.10137438061979251                               -0.3214639819030829                                0.5521130209245206                                 
25  :
parent#1: -0.39336570172919444                               -0.44427318425648277                               0.45562644664861096                                0.3550076899946659                                 0.22253785525527123                                0.5145247774316599                                 
parent#2: 0.6260820785247944                                 -0.18304392326731728                               1.8977566461721683E-4                              0.13739941774423964                                -0.49955500524395724                               -0.5532470640043493                                
son     : 0.23554159203960387                                -0.6349328408013826                                0.461349906523492                                  0.4983850113406866                                 -0.2803801839348786                                -0.03919238152610102                               
26  :
parent#1: -0.39336570172919444                               -0.44427318425648277                               0.45562644664861096                                0.3550076899946659                                 0.22253785525527123                                0.5145247774316599                                 
parent#2: -0.08680378310694388                               -0.2804951546984053                                -0.10185592825828224                               -0.9072855994231784                                -0.09594480709107683                               0.2665340060466277                                 
son     : -0.3567007966120985                                -0.5384045676135789                                0.2628035094124499                                 -0.41026757523261176                               0.09404146359098953                                0.5802207326078993                                 
27  :
parent#1: 0.36926324609991484                                0.324899404720046                                  -0.5749329227476623                                0.4823941444187145                                 -0.11740575138700562                               0.4254984667480403                                 
parent#2: -0.39336570172919444                               -0.44427318425648277                               0.45562644664861096                                0.3550076899946659                                 0.22253785525527123                                0.5145247774316599                                 
son     : -0.018907502268952252                              -0.09364440047746478                               -0.09359160337186499                               0.6569113673613269                                 0.08247232244726962                                0.7374141413460109                                 
28  :
parent#1: 0.36926324609991484                                0.324899404720046                                  -0.5749329227476623                                0.4823941444187145                                 -0.11740575138700562                               0.4254984667480403                                 
parent#2: -0.08680378310694388                               -0.2804951546984053                                -0.10185592825828224                               -0.9072855994231784                                -0.09594480709107683                               0.2665340060466277                                 
son     : 0.25317079098454015                                0.03979990254861392                                -0.6066115361231744                                -0.3808337826823992                                -0.1912278989507024                                0.6202745224675772                                 
29  :
parent#1: 0.36926324609991484                                0.324899404720046                                  -0.5749329227476623                                0.4823941444187145                                 -0.11740575138700562                               0.4254984667480403                                 
parent#2: -0.39336570172919444                               -0.44427318425648277                               0.45562644664861096                                0.3550076899946659                                 0.22253785525527123                                0.5145247774316599                                 
son     : -0.018907502268952252                              -0.09364440047746478                               -0.09359160337186499                               0.6569113673613269                                 0.08247232244726962                                0.7374141413460109                                 
30  :
parent#1: 0.36926324609991484                                0.324899404720046                                  -0.5749329227476623                                0.4823941444187145                                 -0.11740575138700562                               0.4254984667480403                                 
parent#2: 0.36926324609991484                                0.324899404720046                                  -0.5749329227476623                                0.4823941444187145                                 -0.11740575138700562                               0.4254984667480403                                 
son     : 0.36926324609991484                                0.324899404720046                                  -0.5749329227476623                                0.4823941444187145                                 -0.11740575138700562                               0.4254984667480403                                 
31  :
parent#1: 0.36926324609991484                                0.324899404720046                                  -0.5749329227476623                                0.4823941444187145                                 -0.11740575138700562                               0.4254984667480403                                 
parent#2: -0.03372638278830708                               -0.48224870183990054                               0.1988457016439539                                 -0.18785065827051248                               0.6807369249075043                                 -0.47756515458132065                               
son     : 0.405234742508072                                  -0.19003396906340603                               -0.45420824019268136                               0.35572620125452353                                0.6803465967801816                                 -0.0628820053603857                                
32  :
parent#1: 0.36926324609991484                                0.324899404720046                                  -0.5749329227476623                                0.4823941444187145                                 -0.11740575138700562                               0.4254984667480403                                 
parent#2: 0.447040597077234                                  0.4575315290047986                                 0.4419901719870991                                 0.12281928615900349                                -0.11978934247791552                               0.6050043212856231                                 
son     : 0.48952446886075734                                0.46921142225807305                                -0.07972365927086512                               0.362936896141331                                  -0.14224213607604563                               0.617976179076049                                  
33  :
parent#1: 0.36926324609991484                                0.324899404720046                                  -0.5749329227476623                                0.4823941444187145                                 -0.11740575138700562                               0.4254984667480403                                 
parent#2: -0.4784082766987913                                0.49771090317190336                                -0.17319263828546855                               0.368651983756461                                  0.4298894084492257                                 0.41557730817408756                                
son     : -0.06548880495864287                               0.49357965007579163                                -0.4488875827167371                                0.5106416077127928                                 0.18749530929465721                                0.504659232555858                                  
34  :
parent#1: 0.36926324609991484                                0.324899404720046                                  -0.5749329227476623                                0.4823941444187145                                 -0.11740575138700562                               0.4254984667480403                                 
parent#2: -0.2024131620885535                                0.201948072470656                                  0.3934345654259352                                 -0.4966033564673385                                -0.6715458441202526                                0.25664453268479315                                
son     : 0.1397071994117946                                 0.4411408360481879                                 -0.15197251682254515                               -0.01189768187965921                               -0.6606063073500201                                0.5711731499196204                                 
35  :
parent#1: 0.36926324609991484                                0.324899404720046                                  -0.5749329227476623                                0.4823941444187145                                 -0.11740575138700562                               0.4254984667480403                                 
parent#2: 0.6260820785247944                                 -0.18304392326731728                               1.8977566461721683E-4                              0.13739941774423964                                -0.49955500524395724                               -0.5532470640043493                                
son     : 0.6832403919992354                                 0.09737464210378087                                -0.3945241147939838                                0.4254483201902676                                 -0.42350378183332593                               -0.08769117562255359                               
36  :
parent#1: 0.36926324609991484                                0.324899404720046                                  -0.5749329227476623                                0.4823941444187145                                 -0.11740575138700562                               0.4254984667480403                                 
parent#2: -0.08680378310694388                               -0.2804951546984053                                -0.10185592825828224                               -0.9072855994231784                                -0.09594480709107683                               0.2665340060466277                                 
son     : 0.25317079098454015                                0.03979990254861392                                -0.6066115361231744                                -0.3808337826823992                                -0.1912278989507024                                0.6202745224675772                                 
37  :
parent#1: -0.03372638278830708                               -0.48224870183990054                               0.1988457016439539                                 -0.18785065827051248                               0.6807369249075043                                 -0.47756515458132065                               
parent#2: -0.39336570172919444                               -0.44427318425648277                               0.45562644664861096                                0.3550076899946659                                 0.22253785525527123                                0.5145247774316599                                 
son     : -0.2807388960684867                                -0.6090272822074086                                0.43020181145899083                                0.10987672742598169                                0.5937463460974332                                 0.024294535287007105                               
38  :
parent#1: -0.03372638278830708                               -0.48224870183990054                               0.1988457016439539                                 -0.18785065827051248                               0.6807369249075043                                 -0.47756515458132065                               
parent#2: -0.08680378310694388                               -0.2804951546984053                                -0.10185592825828224                               -0.9072855994231784                                -0.09594480709107683                               0.2665340060466277                                 
son     : -0.0814178918042304                                -0.515231986322389                                 0.06551640261156051                                -0.739762404519414                                 0.3950259341526439                                 -0.14255112893192398                               
39  :
parent#1: -0.03372638278830708                               -0.48224870183990054                               0.1988457016439539                                 -0.18785065827051248                               0.6807369249075043                                 -0.47756515458132065                               
parent#2: -0.39336570172919444                               -0.44427318425648277                               0.45562644664861096                                0.3550076899946659                                 0.22253785525527123                                0.5145247774316599                                 
son     : -0.2807388960684867                                -0.6090272822074086                                0.43020181145899083                                0.10987672742598169                                0.5937463460974332                                 0.024294535287007105                               
40  :
parent#1: -0.03372638278830708                               -0.48224870183990054                               0.1988457016439539                                 -0.18785065827051248                               0.6807369249075043                                 -0.47756515458132065                               
parent#2: 0.36926324609991484                                0.324899404720046                                  -0.5749329227476623                                0.4823941444187145                                 -0.11740575138700562                               0.4254984667480403                                 
son     : 0.405234742508072                                  -0.19003396906340603                               -0.45420824019268136                               0.35572620125452353                                0.6803465967801816                                 -0.0628820053603857                                
41  :
parent#1: -0.03372638278830708                               -0.48224870183990054                               0.1988457016439539                                 -0.18785065827051248                               0.6807369249075043                                 -0.47756515458132065                               
parent#2: -0.03372638278830708                               -0.48224870183990054                               0.1988457016439539                                 -0.18785065827051248                               0.6807369249075043                                 -0.47756515458132065                               
son     : -0.033726382788307085                              -0.4822487018399006                                0.19884570164395393                                -0.1878506582705125                                0.6807369249075044                                 -0.4775651545813207                                
42  :
parent#1: -0.03372638278830708                               -0.48224870183990054                               0.1988457016439539                                 -0.18785065827051248                               0.6807369249075043                                 -0.47756515458132065                               
parent#2: 0.447040597077234                                  0.4575315290047986                                 0.4419901719870991                                 0.12281928615900349                                -0.11978934247791552                               0.6050043212856231                                 
son     : 0.43155715983992365                                -0.02580814435898505                               0.6691212157402996                                 -0.06790173983544007                               0.58570679914521                                   0.13306410216230677                                
43  :
parent#1: -0.03372638278830708                               -0.48224870183990054                               0.1988457016439539                                 -0.18785065827051248                               0.6807369249075043                                 -0.47756515458132065                               
parent#2: -0.4784082766987913                                0.49771090317190336                                -0.17319263828546855                               0.368651983756461                                  0.4298894084492257                                 0.41557730817408756                                
son     : -0.4136038244563827                                0.01248739074179386                                0.020717607991455875                               0.14601651792648382                                0.89695022687658                                   -0.05006185359437156                               
44  :
parent#1: -0.03372638278830708                               -0.48224870183990054                               0.1988457016439539                                 -0.18785065827051248                               0.6807369249075043                                 -0.47756515458132065                               
parent#2: -0.2024131620885535                                0.201948072470656                                  0.3934345654259352                                 -0.4966033564673385                                -0.6715458441202526                                0.25664453268479315                                
son     : -0.2358456358519894                                -0.27995175563574237                               0.5915430906014761                                 -0.6836021150183623                                0.009179641188716342                               -0.22064565497140107                               
45  :
parent#1: -0.03372638278830708                               -0.48224870183990054                               0.1988457016439539                                 -0.18785065827051248                               0.6807369249075043                                 -0.47756515458132065                               
parent#2: 0.6260820785247944                                 -0.18304392326731728                               1.8977566461721683E-4                              0.13739941774423964                                -0.49955500524395724                               -0.5532470640043493                                
son     : 0.426269838500322                                  -0.47875656788833754                               0.14322951797175243                                -0.03630562229090512                               0.13038177600053966                                -0.741791057473251                                 
46  :
parent#1: -0.03372638278830708                               -0.48224870183990054                               0.1988457016439539                                 -0.18785065827051248                               0.6807369249075043                                 -0.47756515458132065                               
parent#2: -0.08680378310694388                               -0.2804951546984053                                -0.10185592825828224                               -0.9072855994231784                                -0.09594480709107683                               0.2665340060466277                                 
son     : -0.0814178918042304                                -0.515231986322389                                 0.06551640261156051                                -0.739762404519414                                 0.3950259341526439                                 -0.14255112893192398                               
47  :
parent#1: 0.447040597077234                                  0.4575315290047986                                 0.4419901719870991                                 0.12281928615900349                                -0.11978934247791552                               0.6050043212856231                                 
parent#2: -0.39336570172919444                               -0.44427318425648277                               0.45562644664861096                                0.3550076899946659                                 0.22253785525527123                                0.5145247774316599                                 
son     : 0.035384535277182674                               0.008740405815825523                               0.5917430616594728                                 0.3150017412137644                                 0.06773573290592715                                0.7380362202949523                                 
48  :
parent#1: 0.447040597077234                                  0.4575315290047986                                 0.4419901719870991                                 0.12281928615900349                                -0.11978934247791552                               0.6050043212856231                                 
parent#2: -0.08680378310694388                               -0.2804951546984053                                -0.10185592825828224                               -0.9072855994231784                                -0.09594480709107683                               0.2665340060466277                                 
son     : 0.27642634284768774                                0.13584818542328847                                0.2610007123785389                                 -0.6019572282823612                                -0.1655427754189245                                0.6687716056025139                                 
49  :
parent#1: 0.447040597077234                                  0.4575315290047986                                 0.4419901719870991                                 0.12281928615900349                                -0.11978934247791552                               0.6050043212856231                                 
parent#2: -0.39336570172919444                               -0.44427318425648277                               0.45562644664861096                                0.3550076899946659                                 0.22253785525527123                                0.5145247774316599                                 
son     : 0.035384535277182674                               0.008740405815825523                               0.5917430616594728                                 0.3150017412137644                                 0.06773573290592715                                0.7380362202949523                                 
50  :
parent#1: 0.447040597077234                                  0.4575315290047986                                 0.4419901719870991                                 0.12281928615900349                                -0.11978934247791552                               0.6050043212856231                                 
parent#2: 0.36926324609991484                                0.324899404720046                                  -0.5749329227476623                                0.4823941444187145                                 -0.11740575138700562                               0.4254984667480403                                 
son     : 0.48952446886075734                                0.46921142225807305                                -0.07972365927086512                               0.362936896141331                                  -0.14224213607604563                               0.617976179076049                                  
51  :
parent#1: 0.447040597077234                                  0.4575315290047986                                 0.4419901719870991                                 0.12281928615900349                                -0.11978934247791552                               0.6050043212856231                                 
parent#2: -0.03372638278830708                               -0.48224870183990054                               0.1988457016439539                                 -0.18785065827051248                               0.6807369249075043                                 -0.47756515458132065                               
son     : 0.43155715983992365                                -0.02580814435898505                               0.6691212157402996                                 -0.06790173983544007                               0.58570679914521                                   0.13306410216230677                                
52  :
parent#1: 0.447040597077234                                  0.4575315290047986                                 0.4419901719870991                                 0.12281928615900349                                -0.11978934247791552                               0.6050043212856231                                 
parent#2: 0.447040597077234                                  0.4575315290047986                                 0.4419901719870991                                 0.12281928615900349                                -0.11978934247791552                               0.6050043212856231                                 
son     : 0.447040597077234                                  0.4575315290047986                                 0.4419901719870991                                 0.12281928615900349                                -0.11978934247791552                               0.6050043212856231                                 
53  :
parent#1: 0.447040597077234                                  0.4575315290047986                                 0.4419901719870991                                 0.12281928615900349                                -0.11978934247791552                               0.6050043212856231                                 
parent#2: -0.4784082766987913                                0.49771090317190336                                -0.17319263828546855                               0.368651983756461                                  0.4298894084492257                                 0.41557730817408756                                
son     : -0.020396951045038792                              0.6211499658349493                                 0.1747866020721338                                 0.31958103224248247                                0.20164372822569926                                0.6636370233534707                                 
54  :
parent#1: 0.447040597077234                                  0.4575315290047986                                 0.4419901719870991                                 0.12281928615900349                                -0.11978934247791552                               0.6050043212856231                                 
parent#2: -0.2024131620885535                                0.201948072470656                                  0.3934345654259352                                 -0.4966033564673385                                -0.6715458441202526                                0.25664453268479315                                
son     : 0.14884643651231777                                0.40126811057282696                                0.5083239954011003                                 -0.22743330850458268                               -0.48149719027793303                               0.5242803671810299                                 
55  :
parent#1: 0.447040597077234                                  0.4575315290047986                                 0.4419901719870991                                 0.12281928615900349                                -0.11978934247791552                               0.6050043212856231                                 
parent#2: 0.6260820785247944                                 -0.18304392326731728                               1.8977566461721683E-4                              0.13739941774423964                                -0.49955500524395724                               -0.5532470640043493                                
son     : 0.783397471106317                                  0.20038053530472263                                0.32279874485919724                                0.18996399871804076                                -0.45213171502233934                               0.037783662005652856                               
56  :
parent#1: 0.447040597077234                                  0.4575315290047986                                 0.4419901719870991                                 0.12281928615900349                                -0.11978934247791552                               0.6050043212856231                                 
parent#2: -0.08680378310694388                               -0.2804951546984053                                -0.10185592825828224                               -0.9072855994231784                                -0.09594480709107683                               0.2665340060466277                                 
son     : 0.27642634284768774                                0.13584818542328847                                0.2610007123785389                                 -0.6019572282823612                                -0.1655427754189245                                0.6687716056025139                                 
57  :
parent#1: -0.4784082766987913                                0.49771090317190336                                -0.17319263828546855                               0.368651983756461                                  0.4298894084492257                                 0.41557730817408756                                
parent#2: -0.39336570172919444                               -0.44427318425648277                               0.45562644664861096                                0.3550076899946659                                 0.22253785525527123                                0.5145247774316599                                 
son     : -0.534815679287639                                 0.03278295825354625                                0.17326742115646504                                0.44395055320207744                                0.40025091234438565                                0.5705987916926324                                 
58  :
parent#1: -0.4784082766987913                                0.49771090317190336                                -0.17319263828546855                               0.368651983756461                                  0.4298894084492257                                 0.41557730817408756                                
parent#2: -0.08680378310694388                               -0.2804951546984053                                -0.10185592825828224                               -0.9072855994231784                                -0.09594480709107683                               0.2665340060466277                                 
son     : -0.49397513733753656                               0.18983880000888692                                -0.24038261582677434                               -0.47074652717960425                               0.29185564507543904                                0.5961409072507663                                 
59  :
parent#1: -0.4784082766987913                                0.49771090317190336                                -0.17319263828546855                               0.368651983756461                                  0.4298894084492257                                 0.41557730817408756                                
parent#2: -0.39336570172919444                               -0.44427318425648277                               0.45562644664861096                                0.3550076899946659                                 0.22253785525527123                                0.5145247774316599                                 
son     : -0.534815679287639                                 0.03278295825354625                                0.17326742115646504                                0.44395055320207744                                0.40025091234438565                                0.5705987916926324                                 
60  :
parent#1: -0.4784082766987913                                0.49771090317190336                                -0.17319263828546855                               0.368651983756461                                  0.4298894084492257                                 0.41557730817408756                                
parent#2: 0.36926324609991484                                0.324899404720046                                  -0.5749329227476623                                0.4823941444187145                                 -0.11740575138700562                               0.4254984667480403                                 
son     : -0.06548880495864287                               0.49357965007579163                                -0.4488875827167371                                0.5106416077127928                                 0.18749530929465721                                0.504659232555858                                  
61  :
parent#1: -0.4784082766987913                                0.49771090317190336                                -0.17319263828546855                               0.368651983756461                                  0.4298894084492257                                 0.41557730817408756                                
parent#2: -0.03372638278830708                               -0.48224870183990054                               0.1988457016439539                                 -0.18785065827051248                               0.6807369249075043                                 -0.47756515458132065                               
son     : -0.4136038244563827                                0.01248739074179386                                0.020717607991455875                               0.14601651792648382                                0.89695022687658                                   -0.05006185359437156                               
62  :
parent#1: -0.4784082766987913                                0.49771090317190336                                -0.17319263828546855                               0.368651983756461                                  0.4298894084492257                                 0.41557730817408756                                
parent#2: 0.447040597077234                                  0.4575315290047986                                 0.4419901719870991                                 0.12281928615900349                                -0.11978934247791552                               0.6050043212856231                                 
son     : -0.020396951045038792                              0.6211499658349493                                 0.1747866020721338                                 0.31958103224248247                                0.20164372822569926                                0.6636370233534707                                 
63  :
parent#1: -0.4784082766987913                                0.49771090317190336                                -0.17319263828546855                               0.368651983756461                                  0.4298894084492257                                 0.41557730817408756                                
parent#2: -0.4784082766987913                                0.49771090317190336                                -0.17319263828546855                               0.368651983756461                                  0.4298894084492257                                 0.41557730817408756                                
son     : -0.4784082766987913                                0.49771090317190336                                -0.17319263828546855                               0.368651983756461                                  0.4298894084492257                                 0.41557730817408756                                
64  :
parent#1: -0.4784082766987913                                0.49771090317190336                                -0.17319263828546855                               0.368651983756461                                  0.4298894084492257                                 0.41557730817408756                                
parent#2: -0.2024131620885535                                0.201948072470656                                  0.3934345654259352                                 -0.4966033564673385                                -0.6715458441202526                                0.25664453268479315                                
son     : -0.5507358185177543                                0.5659740376568191                                 0.17815995664249218                                -0.10350350321797948                               -0.1954827614365659                                0.5437793592551141                                 
65  :
parent#1: -0.4784082766987913                                0.49771090317190336                                -0.17319263828546855                               0.368651983756461                                  0.4298894084492257                                 0.41557730817408756                                
parent#2: -0.08680378310694388                               -0.2804951546984053                                -0.10185592825828224                               -0.9072855994231784                                -0.09594480709107683                               0.2665340060466277                                 
son     : -0.49397513733753656                               0.18983880000888692                                -0.24038261582677434                               -0.47074652717960425                               0.29185564507543904                                0.5961409072507663                                 
66  :
parent#1: -0.2024131620885535                                0.201948072470656                                  0.3934345654259352                                 -0.4966033564673385                                -0.6715458441202526                                0.25664453268479315                                
parent#2: -0.39336570172919444                               -0.44427318425648277                               0.45562644664861096                                0.3550076899946659                                 0.22253785525527123                                0.5145247774316599                                 
son     : -0.4265435151403044                                -0.1734908894309363                                0.6078790146030567                                 -0.10137438061979251                               -0.3214639819030829                                0.5521130209245206                                 
67  :
parent#1: -0.2024131620885535                                0.201948072470656                                  0.3934345654259352                                 -0.4966033564673385                                -0.6715458441202526                                0.25664453268479315                                
parent#2: -0.08680378310694388                               -0.2804951546984053                                -0.10185592825828224                               -0.9072855994231784                                -0.09594480709107683                               0.2665340060466277                                 
son     : -0.16674353728011052                               -0.04528510016877989                               0.16810513410196018                                -0.8093903705933694                                -0.4424848133496742                                0.30163045985479325                                
68  :
parent#1: -0.2024131620885535                                0.201948072470656                                  0.3934345654259352                                 -0.4966033564673385                                -0.6715458441202526                                0.25664453268479315                                
parent#2: -0.39336570172919444                               -0.44427318425648277                               0.45562644664861096                                0.3550076899946659                                 0.22253785525527123                                0.5145247774316599                                 
son     : -0.4265435151403044                                -0.1734908894309363                                0.6078790146030567                                 -0.10137438061979251                               -0.3214639819030829                                0.5521130209245206                                 
69  :
parent#1: -0.2024131620885535                                0.201948072470656                                  0.3934345654259352                                 -0.4966033564673385                                -0.6715458441202526                                0.25664453268479315                                
parent#2: 0.36926324609991484                                0.324899404720046                                  -0.5749329227476623                                0.4823941444187145                                 -0.11740575138700562                               0.4254984667480403                                 
son     : 0.1397071994117946                                 0.4411408360481879                                 -0.15197251682254515                               -0.01189768187965921                               -0.6606063073500201                                0.5711731499196204                                 
70  :
parent#1: -0.2024131620885535                                0.201948072470656                                  0.3934345654259352                                 -0.4966033564673385                                -0.6715458441202526                                0.25664453268479315                                
parent#2: -0.03372638278830708                               -0.48224870183990054                               0.1988457016439539                                 -0.18785065827051248                               0.6807369249075043                                 -0.47756515458132065                               
son     : -0.2358456358519894                                -0.27995175563574237                               0.5915430906014761                                 -0.6836021150183623                                0.009179641188716342                               -0.22064565497140107                               
71  :
parent#1: -0.2024131620885535                                0.201948072470656                                  0.3934345654259352                                 -0.4966033564673385                                -0.6715458441202526                                0.25664453268479315                                
parent#2: 0.447040597077234                                  0.4575315290047986                                 0.4419901719870991                                 0.12281928615900349                                -0.11978934247791552                               0.6050043212856231                                 
son     : 0.14884643651231777                                0.40126811057282696                                0.5083239954011003                                 -0.22743330850458268                               -0.48149719027793303                               0.5242803671810299                                 
72  :
parent#1: -0.2024131620885535                                0.201948072470656                                  0.3934345654259352                                 -0.4966033564673385                                -0.6715458441202526                                0.25664453268479315                                
parent#2: -0.4784082766987913                                0.49771090317190336                                -0.17319263828546855                               0.368651983756461                                  0.4298894084492257                                 0.41557730817408756                                
son     : -0.5507358185177543                                0.5659740376568191                                 0.17815995664249218                                -0.10350350321797948                               -0.1954827614365659                                0.5437793592551141                                 
73  :
parent#1: -0.2024131620885535                                0.201948072470656                                  0.3934345654259352                                 -0.4966033564673385                                -0.6715458441202526                                0.25664453268479315                                
parent#2: -0.2024131620885535                                0.201948072470656                                  0.3934345654259352                                 -0.4966033564673385                                -0.6715458441202526                                0.25664453268479315                                
son     : -0.20241316208855353                               0.20194807247065602                                0.39343456542593525                                -0.49660335646733855                               -0.6715458441202528                                0.2566445326847932                                 
74  :
parent#1: -0.2024131620885535                                0.201948072470656                                  0.3934345654259352                                 -0.4966033564673385                                -0.6715458441202526                                0.25664453268479315                                
parent#2: 0.6260820785247944                                 -0.18304392326731728                               1.8977566461721683E-4                              0.13739941774423964                                -0.49955500524395724                               -0.5532470640043493                                
son     : 0.3054966195828533                                 0.013631289560462685                               0.2838322589256762                                 -0.2590126033880692                                -0.8444503167255979                                -0.21387235919980008                               
75  :
parent#1: 0.6260820785247944                                 -0.18304392326731728                               1.8977566461721683E-4                              0.13739941774423964                                -0.49955500524395724                               -0.5532470640043493                                
parent#2: -0.39336570172919444                               -0.44427318425648277                               0.45562644664861096                                0.3550076899946659                                 0.22253785525527123                                0.5145247774316599                                 
son     : 0.23554159203960387                                -0.6349328408013826                                0.461349906523492                                  0.4983850113406866                                 -0.2803801839348786                                -0.03919238152610102                               
76  :
parent#1: 0.6260820785247944                                 -0.18304392326731728                               1.8977566461721683E-4                              0.13739941774423964                                -0.49955500524395724                               -0.5532470640043493                                
parent#2: -0.08680378310694388                               -0.2804951546984053                                -0.10185592825828224                               -0.9072855994231784                                -0.09594480709107683                               0.2665340060466277                                 
son     : 0.4337784188179493                                 -0.37285618577418017                               -0.08177704034095012                               -0.619272114965642                                 -0.4790012303404975                                -0.23062292325151645                               
77  :
parent#1: 0.6260820785247944                                 -0.18304392326731728                               1.8977566461721683E-4                              0.13739941774423964                                -0.49955500524395724                               -0.5532470640043493                                
parent#2: -0.39336570172919444                               -0.44427318425648277                               0.45562644664861096                                0.3550076899946659                                 0.22253785525527123                                0.5145247774316599                                 
son     : 0.23554159203960387                                -0.6349328408013826                                0.461349906523492                                  0.4983850113406866                                 -0.2803801839348786                                -0.03919238152610102                               
78  :
parent#1: 0.6260820785247944                                 -0.18304392326731728                               1.8977566461721683E-4                              0.13739941774423964                                -0.49955500524395724                               -0.5532470640043493                                
parent#2: 0.36926324609991484                                0.324899404720046                                  -0.5749329227476623                                0.4823941444187145                                 -0.11740575138700562                               0.4254984667480403                                 
son     : 0.6832403919992354                                 0.09737464210378087                                -0.3945241147939838                                0.4254483201902676                                 -0.42350378183332593                               -0.08769117562255359                               
79  :
parent#1: 0.6260820785247944                                 -0.18304392326731728                               1.8977566461721683E-4                              0.13739941774423964                                -0.49955500524395724                               -0.5532470640043493                                
parent#2: -0.03372638278830708                               -0.48224870183990054                               0.1988457016439539                                 -0.18785065827051248                               0.6807369249075043                                 -0.47756515458132065                               
son     : 0.426269838500322                                  -0.47875656788833754                               0.14322951797175243                                -0.03630562229090512                               0.13038177600053966                                -0.741791057473251                                 
80  :
parent#1: 0.6260820785247944                                 -0.18304392326731728                               1.8977566461721683E-4                              0.13739941774423964                                -0.49955500524395724                               -0.5532470640043493                                
parent#2: 0.447040597077234                                  0.4575315290047986                                 0.4419901719870991                                 0.12281928615900349                                -0.11978934247791552                               0.6050043212856231                                 
son     : 0.783397471106317                                  0.20038053530472263                                0.32279874485919724                                0.18996399871804076                                -0.45213171502233934                               0.037783662005652856                               
81  :
parent#1: 0.6260820785247944                                 -0.18304392326731728                               1.8977566461721683E-4                              0.13739941774423964                                -0.49955500524395724                               -0.5532470640043493                                
parent#2: -0.4784082766987913                                0.49771090317190336                                -0.17319263828546855                               0.368651983756461                                  0.4298894084492257                                 0.41557730817408756                                
son     : 0.2250311698790171                                 0.4795019680854297                                 -0.26362859279440526                               0.7711411062118865                                 -0.10615918702702408                               -0.2097866095974469                                
82  :
parent#1: 0.6260820785247944                                 -0.18304392326731728                               1.8977566461721683E-4                              0.13739941774423964                                -0.49955500524395724                               -0.5532470640043493                                
parent#2: -0.2024131620885535                                0.201948072470656                                  0.3934345654259352                                 -0.4966033564673385                                -0.6715458441202526                                0.25664453268479315                                
son     : 0.3054966195828533                                 0.013631289560462685                               0.2838322589256762                                 -0.2590126033880692                                -0.8444503167255979                                -0.21387235919980008                               
83  :
parent#1: 0.6260820785247944                                 -0.18304392326731728                               1.8977566461721683E-4                              0.13739941774423964                                -0.49955500524395724                               -0.5532470640043493                                
parent#2: 0.6260820785247944                                 -0.18304392326731728                               1.8977566461721683E-4                              0.13739941774423964                                -0.49955500524395724                               -0.5532470640043493                                
son     : 0.6260820785247944                                 -0.18304392326731728                               1.8977566461721683E-4                              0.13739941774423964                                -0.49955500524395724                               -0.5532470640043493                                
84  :
parent#1: 0.6260820785247944                                 -0.18304392326731728                               1.8977566461721683E-4                              0.13739941774423964                                -0.49955500524395724                               -0.5532470640043493                                
parent#2: -0.08680378310694388                               -0.2804951546984053                                -0.10185592825828224                               -0.9072855994231784                                -0.09594480709107683                               0.2665340060466277                                 
son     : 0.4337784188179493                                 -0.37285618577418017                               -0.08177704034095012                               -0.619272114965642                                 -0.4790012303404975                                -0.23062292325151645                               
85  :
parent#1: -0.08680378310694388                               -0.2804951546984053                                -0.10185592825828224                               -0.9072855994231784                                -0.09594480709107683                               0.2665340060466277                                 
parent#2: -0.39336570172919444                               -0.44427318425648277                               0.45562644664861096                                0.3550076899946659                                 0.22253785525527123                                0.5145247774316599                                 
son     : -0.3567007966120985                                -0.5384045676135789                                0.2628035094124499                                 -0.41026757523261176                               0.09404146359098953                                0.5802207326078993                                 
86  :
parent#1: -0.08680378310694388                               -0.2804951546984053                                -0.10185592825828224                               -0.9072855994231784                                -0.09594480709107683                               0.2665340060466277                                 
parent#2: -0.08680378310694388                               -0.2804951546984053                                -0.10185592825828224                               -0.9072855994231784                                -0.09594480709107683                               0.2665340060466277                                 
son     : -0.0868037831069439                                -0.28049515469840536                               -0.10185592825828226                               -0.9072855994231785                                -0.09594480709107685                               0.26653400604662775                                
87  :
parent#1: -0.08680378310694388                               -0.2804951546984053                                -0.10185592825828224                               -0.9072855994231784                                -0.09594480709107683                               0.2665340060466277                                 
parent#2: -0.39336570172919444                               -0.44427318425648277                               0.45562644664861096                                0.3550076899946659                                 0.22253785525527123                                0.5145247774316599                                 
son     : -0.3567007966120985                                -0.5384045676135789                                0.2628035094124499                                 -0.41026757523261176                               0.09404146359098953                                0.5802207326078993                                 
88  :
parent#1: -0.08680378310694388                               -0.2804951546984053                                -0.10185592825828224                               -0.9072855994231784                                -0.09594480709107683                               0.2665340060466277                                 
parent#2: 0.36926324609991484                                0.324899404720046                                  -0.5749329227476623                                0.4823941444187145                                 -0.11740575138700562                               0.4254984667480403                                 
son     : 0.25317079098454015                                0.03979990254861392                                -0.6066115361231744                                -0.3808337826823992                                -0.1912278989507024                                0.6202745224675772                                 
89  :
parent#1: -0.08680378310694388                               -0.2804951546984053                                -0.10185592825828224                               -0.9072855994231784                                -0.09594480709107683                               0.2665340060466277                                 
parent#2: -0.03372638278830708                               -0.48224870183990054                               0.1988457016439539                                 -0.18785065827051248                               0.6807369249075043                                 -0.47756515458132065                               
son     : -0.0814178918042304                                -0.515231986322389                                 0.06551640261156051                                -0.739762404519414                                 0.3950259341526439                                 -0.14255112893192398                               
90  :
parent#1: -0.08680378310694388                               -0.2804951546984053                                -0.10185592825828224                               -0.9072855994231784                                -0.09594480709107683                               0.2665340060466277                                 
parent#2: 0.447040597077234                                  0.4575315290047986                                 0.4419901719870991                                 0.12281928615900349                                -0.11978934247791552                               0.6050043212856231                                 
son     : 0.27642634284768774                                0.13584818542328847                                0.2610007123785389                                 -0.6019572282823612                                -0.1655427754189245                                0.6687716056025139                                 
91  :
parent#1: -0.08680378310694388                               -0.2804951546984053                                -0.10185592825828224                               -0.9072855994231784                                -0.09594480709107683                               0.2665340060466277                                 
parent#2: -0.4784082766987913                                0.49771090317190336                                -0.17319263828546855                               0.368651983756461                                  0.4298894084492257                                 0.41557730817408756                                
son     : -0.49397513733753656                               0.18983880000888692                                -0.24038261582677434                               -0.47074652717960425                               0.29185564507543904                                0.5961409072507663                                 
92  :
parent#1: -0.08680378310694388                               -0.2804951546984053                                -0.10185592825828224                               -0.9072855994231784                                -0.09594480709107683                               0.2665340060466277                                 
parent#2: -0.2024131620885535                                0.201948072470656                                  0.3934345654259352                                 -0.4966033564673385                                -0.6715458441202526                                0.25664453268479315                                
son     : -0.16674353728011052                               -0.04528510016877989                               0.16810513410196018                                -0.8093903705933694                                -0.4424848133496742                                0.30163045985479325                                
93  :
parent#1: -0.08680378310694388                               -0.2804951546984053                                -0.10185592825828224                               -0.9072855994231784                                -0.09594480709107683                               0.2665340060466277                                 
parent#2: 0.6260820785247944                                 -0.18304392326731728                               1.8977566461721683E-4                              0.13739941774423964                                -0.49955500524395724                               -0.5532470640043493                                
son     : 0.4337784188179493                                 -0.37285618577418017                               -0.08177704034095012                               -0.619272114965642                                 -0.4790012303404975                                -0.23062292325151645                               
94  :
parent#1: -0.08680378310694388                               -0.2804951546984053                                -0.10185592825828224                               -0.9072855994231784                                -0.09594480709107683                               0.2665340060466277                                 
parent#2: -0.08680378310694388                               -0.2804951546984053                                -0.10185592825828224                               -0.9072855994231784                                -0.09594480709107683                               0.2665340060466277                                 
son     : -0.0868037831069439                                -0.28049515469840536                               -0.10185592825828226                               -0.9072855994231785                                -0.09594480709107685                               0.26653400604662775                                

0   :
parent#1: -0.08680378310694388                               -0.2804951546984053                                -0.10185592825828224                               -0.9072855994231784                                -0.09594480709107683                               0.2665340060466277                                 
parent#2: -0.08680378310694388                               -0.2804951546984053                                -0.10185592825828224                               -0.9072855994231784                                -0.09594480709107683                               0.2665340060466277                                 
son:      -0.0868037831069439                                -0.28049515469840536                               -0.10185592825828226                               -0.9072855994231785                                -0.09594480709107685                               0.26653400604662775                                
mutated:  -0.0868037831069439                                -0.28049515469840536                               -0.10185592825828226                               -0.9072855994231785                                -0.09594480709107685                               0.26653400604662775                                
1   :
parent#1: -0.08680378310694388                               -0.2804951546984053                                -0.10185592825828224                               -0.9072855994231784                                -0.09594480709107683                               0.2665340060466277                                 
parent#2: -0.39336570172919444                               -0.44427318425648277                               0.45562644664861096                                0.3550076899946659                                 0.22253785525527123                                0.5145247774316599                                 
son:      -0.3567007966120985                                -0.5384045676135789                                0.2628035094124499                                 -0.41026757523261176                               0.09404146359098953                                0.5802207326078993                                 
mutated:  -0.3567007966120985                                -0.5384045676135789                                0.2628035094124499                                 -0.41026757523261176                               0.09404146359098953                                0.5802207326078993                                 
2   :
parent#1: -0.39336570172919444                               -0.44427318425648277                               0.45562644664861096                                0.3550076899946659                                 0.22253785525527123                                0.5145247774316599                                 
parent#2: -0.4784082766987913                                0.49771090317190336                                -0.17319263828546855                               0.368651983756461                                  0.4298894084492257                                 0.41557730817408756                                
son:      -0.534815679287639                                 0.03278295825354625                                0.17326742115646504                                0.44395055320207744                                0.40025091234438565                                0.5705987916926324                                 
mutated:  -0.534815679287639                                 0.03278295825354625                                0.17326742115646504                                0.44395055320207744                                0.40025091234438565                                0.5705987916926324                                 
3   :
parent#1: -0.4784082766987913                                0.49771090317190336                                -0.17319263828546855                               0.368651983756461                                  0.4298894084492257                                 0.41557730817408756                                
parent#2: 0.6260820785247944                                 -0.18304392326731728                               1.8977566461721683E-4                              0.13739941774423964                                -0.49955500524395724                               -0.5532470640043493                                
son:      0.2250311698790171                                 0.4795019680854297                                 -0.26362859279440526                               0.7711411062118865                                 -0.10615918702702408                               -0.2097866095974469                                
mutated:  0.2250311698790171                                 0.4795019680854297                                 -0.26362859279440526                               0.7711411062118865                                 -0.10615918702702408                               -0.2097866095974469                                
4   :
parent#1: -0.2024131620885535                                0.201948072470656                                  0.3934345654259352                                 -0.4966033564673385                                -0.6715458441202526                                0.25664453268479315                                
parent#2: -0.08680378310694388                               -0.2804951546984053                                -0.10185592825828224                               -0.9072855994231784                                -0.09594480709107683                               0.2665340060466277                                 
son:      -0.16674353728011052                               -0.04528510016877989                               0.16810513410196018                                -0.8093903705933694                                -0.4424848133496742                                0.30163045985479325                                
mutated:  -0.16674353728011052                               -0.04528510016877989                               0.16810513410196018                                -0.8093903705933694                                -0.4424848133496742                                0.30163045985479325                                

