0   :
parent#1: -0.18628923436773914                               -0.5349839341810874                                0.5639996316837269                                 -0.4851295709639006                                0.34055424095676134                                0.09831091053476099                                
parent#2: -0.18628923436773914                               -0.5349839341810874                                0.5639996316837269                                 -0.4851295709639006                                0.34055424095676134                                0.09831091053476099                                
son     : -0.18628923436773914                               -0.5349839341810874                                0.5639996316837269                                 -0.4851295709639006                                0.34055424095676134                                0.09831091053476099                                
1   :
parent#1: -0.18628923436773914                               -0.5349839341810874                                0.5639996316837269                                 -0.4851295709639006                                0.34055424095676134                                0.09831091053476099                                
parent#2: 7.947666652668812E-4                               -0.6218295008677601                                -0.02274557528876888                               -0.6604072831090612                                -0.40472928371952654                               0.11343062336807667                                
son     : -0.10662029574299949                               -0.6649243618532962                                0.31110721672568464                                -0.658442700089953                                 -0.03688714883756325                               0.12170683711175723                                
2   :
parent#1: -0.18628923436773914                               -0.5349839341810874                                0.5639996316837269                                 -0.4851295709639006                                0.34055424095676134                                0.09831091053476099                                
parent#2: 0.10293329530858125                                0.35607264777945324                                0.5218977969483999                                 0.6175344961345101                                 -0.4124178299107178                                -0.19698318561817274                               
son     : -0.06687555525741204                               -0.4643885788773307                                0.8712035916340751                                 0.1062270186089132                                 -0.057655368871502834                              -0.07916368358626621                               
3   :
parent#1: -0.18628923436773914                               -0.5349839341810874                                0.5639996316837269                                 -0.4851295709639006                                0.34055424095676134                                0.09831091053476099                                
parent#2: 0.4437702207899403                                 0.18975135360562714                                -0.2508917220056361                                0.16475981875637555                                0.5755914489863772                                 -0.5879323470868527                                
son     : 0.21271377302638148                                -0.28520834025944397                               0.25866906041294946                                -0.26466831474634134                               0.7568590172717286                                 -0.40449286982618254                               
4   :
parent#1: -0.18628923436773914                               -0.5349839341810874                                0.5639996316837269                                 -0.4851295709639006                                0.34055424095676134                                0.09831091053476099                                
parent#2: -0.40733053248393436                               -0.5177647739419021                                -0.24129347745102225                               -0.3261483497899887                                -0.6035729590044565                                -0.19262884259297847                               
son     : -0.39133195751498656                               -0.6940035283967924                                0.21273757730101345                                -0.5348187418035145                                -0.1733898288841941                                -0.06217721013042054                               
5   :
parent#1: -0.18628923436773914                               -0.5349839341810874                                0.5639996316837269                                 -0.4851295709639006                                0.34055424095676134                                0.09831091053476099                                
parent#2: -0.43791437563607977                               0.21611039202443216                                -0.39722792003620605                               -0.2661278964576774                                0.5980338593862198                                 0.41865107591961676                                
son     : -0.46998104319526757                               -0.24008915935176678                               0.1255672696527383                                 -0.5656435858242919                                0.48399460049736215                                0.3892357073754184                                 
6   :
parent#1: -0.18628923436773914                               -0.5349839341810874                                0.5639996316837269                                 -0.4851295709639006                                0.34055424095676134                                0.09831091053476099                                
parent#2: 0.6893498397484201                                 0.1510233097813532                                 0.12829779899879332                                -0.35855233594257624                               0.5041579892494291                                 -0.3206140629786417                                
son     : 0.3699036285876549                                 -0.24607915071734                                  0.44369123540332767                                -0.5407130677831959                                0.541373398729772                                  -0.14247338783944172                               
7   :
parent#1: -0.18628923436773914                               -0.5349839341810874                                0.5639996316837269                                 -0.4851295709639006                                0.34055424095676134                                0.09831091053476099                                
parent#2: 0.4816275896179255                                 0.49882829240834187                                -0.4296071925710571                                -0.29023558287852025                               -0.17765288764989823                               -0.46780938173986847                               
son     : 0.4163137446567436                                 -0.037135666351861225                              0.13803524247944654                                -0.7963819819582539                                0.16731691122215053                                -0.3795139920469934                                
8   :
parent#1: -0.18628923436773914                               -0.5349839341810874                                0.5639996316837269                                 -0.4851295709639006                                0.34055424095676134                                0.09831091053476099                                
parent#2: -0.6002580560547989                                0.3323738506716787                                 0.4049248727665886                                 -0.30845342569755535                               -0.3076474713410188                                -0.41888334235067903                               
son     : -0.5150471640909141                                -0.13267320375826958                               0.6344714733773236                                 -0.5196542876419784                                0.021548022066004972                               -0.20991734877609008                               
9   :
parent#1: -0.18628923436773914                               -0.5349839341810874                                0.5639996316837269                                 -0.4851295709639006                                0.34055424095676134                                0.09831091053476099                                
parent#2: -0.4370595259190209                                0.08160633975993586                                0.5449039690966772                                 0.29415182682531626                                -0.5031556767537698                                -0.4070726081461381                                
son     : -0.44276802287324335                               -0.32203657709134326                               0.7876602732773389                                 -0.13565253285517628                               -0.11549668633506582                               -0.21931511715445598                               
10  :
parent#1: 7.947666652668812E-4                               -0.6218295008677601                                -0.02274557528876888                               -0.6604072831090612                                -0.40472928371952654                               0.11343062336807667                                
parent#2: -0.18628923436773914                               -0.5349839341810874                                0.5639996316837269                                 -0.4851295709639006                                0.34055424095676134                                0.09831091053476099                                
son     : -0.10662029574299949                               -0.6649243618532962                                0.31110721672568464                                -0.658442700089953                                 -0.03688714883756325                               0.12170683711175723                                
11  :
parent#1: 7.947666652668812E-4                               -0.6218295008677601                                -0.02274557528876888                               -0.6604072831090612                                -0.40472928371952654                               0.11343062336807667                                
parent#2: 7.947666652668812E-4                               -0.6218295008677601                                -0.02274557528876888                               -0.6604072831090612                                -0.40472928371952654                               0.11343062336807667                                
son     : 7.947666652668812E-4                               -0.6218295008677601                                -0.02274557528876888                               -0.6604072831090612                                -0.40472928371952654                               0.11343062336807667                                
12  :
parent#1: 7.947666652668812E-4                               -0.6218295008677601                                -0.02274557528876888                               -0.6604072831090612                                -0.40472928371952654                               0.11343062336807667                                
parent#2: 0.10293329530858125                                0.35607264777945324                                0.5218977969483999                                 0.6175344961345101                                 -0.4124178299107178                                -0.19698318561817274                               
son     : 0.10336240951308825                                -0.264820031890201                                 0.497392656941362                                  -0.042721655836471695                              -0.8142665830658435                                -0.08325803057363186                               
13  :
parent#1: 7.947666652668812E-4                               -0.6218295008677601                                -0.02274557528876888                               -0.6604072831090612                                -0.40472928371952654                               0.11343062336807667                                
parent#2: 0.4437702207899403                                 0.18975135360562714                                -0.2508917220056361                                0.16475981875637555                                0.5755914489863772                                 -0.5879323470868527                                
son     : 0.45391689483383957                                -0.44116738039463127                               -0.2793935550561442                                -0.5060739471164623                                0.17445643649642908                                -0.48448338286071757                               
14  :
parent#1: 7.947666652668812E-4                               -0.6218295008677601                                -0.02274557528876888                               -0.6604072831090612                                -0.40472928371952654                               0.11343062336807667                                
parent#2: -0.40733053248393436                               -0.5177647739419021                                -0.24129347745102225                               -0.3261483497899887                                -0.6035729590044565                                -0.19262884259297847                               
son     : -0.21638019418984436                               -0.6065533495789334                                -0.1405357813733473                                -0.5250979553936679                                -0.5366726704680328                                -0.04215355079734344                               
15  :
parent#1: 7.947666652668812E-4                               -0.6218295008677601                                -0.02274557528876888                               -0.6604072831090612                                -0.40472928371952654                               0.11343062336807667                                
parent#2: -0.43791437563607977                               0.21611039202443216                                -0.39722792003620605                               -0.2661278964576774                                0.5980338593862198                                 0.41865107591961676                                
son     : -0.33417559999560065                               -0.31017008581843897                               -0.32106748794205686                               -0.70833118257438                                  0.14778031282423085                                0.4067736094584955                                 
16  :
parent#1: 7.947666652668812E-4                               -0.6218295008677601                                -0.02274557528876888                               -0.6604072831090612                                -0.40472928371952654                               0.11343062336807667                                
parent#2: 0.6893498397484201                                 0.1510233097813532                                 0.12829779899879332                                -0.35855233594257624                               0.5041579892494291                                 -0.3206140629786417                                
son     : 0.5143764040787103                                 -0.35089978728871996                               0.07866985088329337                                -0.7594477735221481                                0.07410588960252718                                -0.15441730857729927                               
17  :
parent#1: 7.947666652668812E-4                               -0.6218295008677601                                -0.02274557528876888                               -0.6604072831090612                                -0.40472928371952654                               0.11343062336807667                                
parent#2: 0.4816275896179255                                 0.49882829240834187                                -0.4296071925710571                                -0.29023558287852025                               -0.17765288764989823                               -0.46780938173986847                               
son     : 0.3575010851833867                                 -0.09115055496577534                               -0.3352178921423476                                -0.7044778331394377                                -0.43157672015889575                               -0.26261384663003984                               
18  :
parent#1: 7.947666652668812E-4                               -0.6218295008677601                                -0.02274557528876888                               -0.6604072831090612                                -0.40472928371952654                               0.11343062336807667                                
parent#2: -0.6002580560547989                                0.3323738506716787                                 0.4049248727665886                                 -0.30845342569755535                               -0.3076474713410188                                -0.41888334235067903                               
son     : -0.4108733022877541                                -0.1983934645656548                                0.26194643241729726                                -0.6640590106687192                                -0.48826441085797034                               -0.20935788656710153                               
19  :
parent#1: 7.947666652668812E-4                               -0.6218295008677601                                -0.02274557528876888                               -0.6604072831090612                                -0.40472928371952654                               0.11343062336807667                                
parent#2: -0.4370595259190209                                0.08160633975993586                                0.5449039690966772                                 0.29415182682531626                                -0.5031556767537698                                -0.4070726081461381                                
son     : -0.3252230412682091                                -0.40272109010028984                               0.38925431691620155                                -0.2730330856368618                                -0.6768025647358142                                -0.2189017960032089                                
20  :
parent#1: 0.10293329530858125                                0.35607264777945324                                0.5218977969483999                                 0.6175344961345101                                 -0.4124178299107178                                -0.19698318561817274                               
parent#2: -0.18628923436773914                               -0.5349839341810874                                0.5639996316837269                                 -0.4851295709639006                                0.34055424095676134                                0.09831091053476099                                
son     : -0.07453905367574616                               -0.15998713625940558                               0.9710377884618431                                 0.11839993569289554                                -0.06426229462269145                               -0.08823532062341238                               
21  :
parent#1: 0.10293329530858125                                0.35607264777945324                                0.5218977969483999                                 0.6175344961345101                                 -0.4124178299107178                                -0.19698318561817274                               
parent#2: 0.10293329530858125                                0.35607264777945324                                0.5218977969483999                                 0.6175344961345101                                 -0.4124178299107178                                -0.19698318561817274                               
son     : 0.10293329530858127                                0.3560726477794533                                 0.5218977969484                                    0.6175344961345102                                 -0.41241782991071785                               -0.19698318561817277                               
22  :
parent#1: 0.10293329530858125                                0.35607264777945324                                0.5218977969483999                                 0.6175344961345101                                 -0.4124178299107178                                -0.19698318561817274                               
parent#2: 0.4437702207899403                                 0.18975135360562714                                -0.2508917220056361                                0.16475981875637555                                0.5755914489863772                                 -0.5879323470868527                                
son     : 0.394041119321019                                  0.3934072017552113                                 0.19532988899599177                                0.5638451526302666                                 0.11760874699157303                                -0.5657344172335725                                
23  :
parent#1: 0.10293329530858125                                0.35607264777945324                                0.5218977969483999                                 0.6175344961345101                                 -0.4124178299107178                                -0.19698318561817274                               
parent#2: -0.40733053248393436                               -0.5177647739419021                                -0.24129347745102225                               -0.3261483497899887                                -0.6035729590044565                                -0.19262884259297847                               
son     : -0.25136361341556646                               -0.13352130745400106                               0.2317160180013224                                 0.24061938053071943                                -0.8389797432738607                                -0.32173185325235365                               
24  :
parent#1: 0.10293329530858125                                0.35607264777945324                                0.5218977969483999                                 0.6175344961345101                                 -0.4124178299107178                                -0.19698318561817274                               
parent#2: 0.6893498397484201                                 0.1510233097813532                                 0.12829779899879332                                -0.35855233594257624                               0.5041579892494291                                 -0.3206140629786417                                
son     : 0.6166032467286497                                 0.39465312335907676                                0.5060220238574997                                 0.20155577438570202                                0.07139780919302703                                -0.40282587103113104                               
25  :
parent#1: 0.10293329530858125                                0.35607264777945324                                0.5218977969483999                                 0.6175344961345101                                 -0.4124178299107178                                -0.19698318561817274                               
parent#2: 0.4816275896179255                                 0.49882829240834187                                -0.4296071925710571                                -0.29023558287852025                               -0.17765288764989823                               -0.46780938173986847                               
son     : 0.4156033976460909                                 0.6078062089931914                                 0.06561555817210922                                0.23269866989503468                                -0.4195207058722221                                -0.4726454623432527                                
26  :
parent#1: 0.10293329530858125                                0.35607264777945324                                0.5218977969483999                                 0.6175344961345101                                 -0.4124178299107178                                -0.19698318561817274                               
parent#2: -0.6002580560547989                                0.3323738506716787                                 0.4049248727665886                                 -0.30845342569755535                               -0.3076474713410188                                -0.41888334235067903                               
son     : -0.31000516291584873                               0.4291400423959525                                 0.5777307614605475                                 0.1926643013938087                                 -0.4488494815533715                                -0.38389764276150423                               
27  :
parent#1: 0.10293329530858125                                0.35607264777945324                                0.5218977969483999                                 0.6175344961345101                                 -0.4124178299107178                                -0.19698318561817274                               
parent#2: -0.4370595259190209                                0.08160633975993586                                0.5449039690966772                                 0.29415182682531626                                -0.5031556767537698                                -0.4070726081461381                                
son     : -0.17922381266007797                               0.23476904738876603                                0.5722276862663334                                 0.48902445776970976                                -0.4911095256878637                                -0.32401282060393544                               
28  :
parent#1: 0.4437702207899403                                 0.18975135360562714                                -0.2508917220056361                                0.16475981875637555                                0.5755914489863772                                 -0.5879323470868527                                
parent#2: -0.18628923436773914                               -0.5349839341810874                                0.5639996316837269                                 -0.4851295709639006                                0.34055424095676134                                0.09831091053476099                                
son     : 0.21271377302638148                                -0.28520834025944397                               0.25866906041294946                                -0.26466831474634134                               0.7568590172717286                                 -0.40449286982618254                               
29  :
parent#1: 0.4437702207899403                                 0.18975135360562714                                -0.2508917220056361                                0.16475981875637555                                0.5755914489863772                                 -0.5879323470868527                                
parent#2: 7.947666652668812E-4                               -0.6218295008677601                                -0.02274557528876888                               -0.6604072831090612                                -0.40472928371952654                               0.11343062336807667                                
son     : 0.45391689483383957                                -0.44116738039463127                               -0.2793935550561442                                -0.5060739471164623                                0.17445643649642908                                -0.48448338286071757                               
30  :
parent#1: 0.4437702207899403                                 0.18975135360562714                                -0.2508917220056361                                0.16475981875637555                                0.5755914489863772                                 -0.5879323470868527                                
parent#2: 0.10293329530858125                                0.35607264777945324                                0.5218977969483999                                 0.6175344961345101                                 -0.4124178299107178                                -0.19698318561817274                               
son     : 0.394041119321019                                  0.3934072017552113                                 0.19532988899599177                                0.5638451526302666                                 0.11760874699157303                                -0.5657344172335725                                
31  :
parent#1: 0.4437702207899403                                 0.18975135360562714                                -0.2508917220056361                                0.16475981875637555                                0.5755914489863772                                 -0.5879323470868527                                
parent#2: 0.4437702207899403                                 0.18975135360562714                                -0.2508917220056361                                0.16475981875637555                                0.5755914489863772                                 -0.5879323470868527                                
son     : 0.4437702207899403                                 0.18975135360562714                                -0.2508917220056361                                0.16475981875637555                                0.5755914489863772                                 -0.5879323470868527                                
32  :
parent#1: 0.4437702207899403                                 0.18975135360562714                                -0.2508917220056361                                0.16475981875637555                                0.5755914489863772                                 -0.5879323470868527                                
parent#2: -0.40733053248393436                               -0.5177647739419021                                -0.24129347745102225                               -0.3261483497899887                                -0.6035729590044565                                -0.19262884259297847                               
son     : 0.03667382946888921                                -0.3301210520765334                                -0.49534770770829273                               -0.16242552394131615                               -0.028161303633212554                              -0.7855766415991354                                
33  :
parent#1: 0.4437702207899403                                 0.18975135360562714                                -0.2508917220056361                                0.16475981875637555                                0.5755914489863772                                 -0.5879323470868527                                
parent#2: -0.43791437563607977                               0.21611039202443216                                -0.39722792003620605                               -0.2661278964576774                                0.5980338593862198                                 0.41865107591961676                                
son     : 0.0041395229266039885                              0.28690546913788284                                -0.45815865121465027                               -0.07165754398298582                               0.8296409388571702                                 -0.11966568183236023                               
34  :
parent#1: 0.4437702207899403                                 0.18975135360562714                                -0.2508917220056361                                0.16475981875637555                                0.5755914489863772                                 -0.5879323470868527                                
parent#2: 0.6893498397484201                                 0.1510233097813532                                 0.12829779899879332                                -0.35855233594257624                               0.5041579892494291                                 -0.3206140629786417                                
son     : 0.6105835091675652                                 0.18362695803599205                                -0.0660599263211105                                -0.1044253996683702                                0.5818246662286559                                 -0.4895716478938845                                
35  :
parent#1: 0.4437702207899403                                 0.18975135360562714                                -0.2508917220056361                                0.16475981875637555                                0.5755914489863772                                 -0.5879323470868527                                
parent#2: 0.4816275896179255                                 0.49882829240834187                                -0.4296071925710571                                -0.29023558287852025                               -0.17765288764989823                               -0.46780938173986847                               
son     : 0.5270999925359777                                 0.39221005517013297                                -0.3876073281781639                                -0.07147010030537934                               0.22666296629531435                                -0.6013429588073239                                
36  :
parent#1: 0.4437702207899403                                 0.18975135360562714                                -0.2508917220056361                                0.16475981875637555                                0.5755914489863772                                 -0.5879323470868527                                
parent#2: -0.6002580560547989                                0.3323738506716787                                 0.4049248727665886                                 -0.30845342569755535                               -0.3076474713410188                                -0.41888334235067903                               
son     : -0.13100152476314064                               0.43708955243598596                                0.12894662118370337                                -0.12029102183022632                               0.22430542005539025                                -0.8428411719577794                                
37  :
parent#1: 0.4437702207899403                                 0.18975135360562714                                -0.2508917220056361                                0.16475981875637555                                0.5755914489863772                                 -0.5879323470868527                                
parent#2: -0.4370595259190209                                0.08160633975993586                                0.5449039690966772                                 0.29415182682531626                                -0.5031556767537698                                -0.4070726081461381                                
son     : 0.0057417113867259985                              0.2321752944876935                                 0.25155866857767845                                0.39264759784504755                                0.06197648771613335                                -0.8513322973552783                                
38  :
parent#1: -0.40733053248393436                               -0.5177647739419021                                -0.24129347745102225                               -0.3261483497899887                                -0.6035729590044565                                -0.19262884259297847                               
parent#2: -0.18628923436773914                               -0.5349839341810874                                0.5639996316837269                                 -0.4851295709639006                                0.34055424095676134                                0.09831091053476099                                
son     : -0.39133195751498656                               -0.6940035283967924                                0.21273757730101345                                -0.5348187418035145                                -0.1733898288841941                                -0.06217721013042054                               
39  :
parent#1: -0.40733053248393436                               -0.5177647739419021                                -0.24129347745102225                               -0.3261483497899887                                -0.6035729590044565                                -0.19262884259297847                               
parent#2: 7.947666652668812E-4                               -0.6218295008677601                                -0.02274557528876888                               -0.6604072831090612                                -0.40472928371952654                               0.11343062336807667                                
son     : -0.21638019418984436                               -0.6065533495789334                                -0.1405357813733473                                -0.5250979553936679                                -0.5366726704680328                                -0.04215355079734344                               
40  :
parent#1: -0.40733053248393436                               -0.5177647739419021                                -0.24129347745102225                               -0.3261483497899887                                -0.6035729590044565                                -0.19262884259297847                               
parent#2: 0.10293329530858125                                0.35607264777945324                                0.5218977969483999                                 0.6175344961345101                                 -0.4124178299107178                                -0.19698318561817274                               
son     : -0.25136361341556646                               -0.13352130745400106                               0.2317160180013224                                 0.24061938053071943                                -0.8389797432738607                                -0.32173185325235365                               
41  :
parent#1: -0.40733053248393436                               -0.5177647739419021                                -0.24129347745102225                               -0.3261483497899887                                -0.6035729590044565                                -0.19262884259297847                               
parent#2: 0.4437702207899403                                 0.18975135360562714                                -0.2508917220056361                                0.16475981875637555                                0.5755914489863772                                 -0.5879323470868527                                
son     : 0.03667382946888921                                -0.3301210520765334                                -0.49534770770829273                               -0.16242552394131615                               -0.028161303633212554                              -0.7855766415991354                                
42  :
parent#1: -0.40733053248393436                               -0.5177647739419021                                -0.24129347745102225                               -0.3261483497899887                                -0.6035729590044565                                -0.19262884259297847                               
parent#2: -0.40733053248393436                               -0.5177647739419021                                -0.24129347745102225                               -0.3261483497899887                                -0.6035729590044565                                -0.19262884259297847                               
son     : -0.40733053248393436                               -0.5177647739419021                                -0.24129347745102225                               -0.3261483497899887                                -0.6035729590044565                                -0.19262884259297847                               
43  :
parent#1: -0.40733053248393436                               -0.5177647739419021                                -0.24129347745102225                               -0.3261483497899887                                -0.6035729590044565                                -0.19262884259297847                               
parent#2: -0.43791437563607977                               0.21611039202443216                                -0.39722792003620605                               -0.2661278964576774                                0.5980338593862198                                 0.41865107591961676                                
son     : -0.665103660277851                                 -0.23736485322154097                               -0.5024377130872755                                -0.46604847363246826                               -0.00435858932167599                               0.17785166552979326                                
44  :
parent#1: -0.40733053248393436                               -0.5177647739419021                                -0.24129347745102225                               -0.3261483497899887                                -0.6035729590044565                                -0.19262884259297847                               
parent#2: 0.6893498397484201                                 0.1510233097813532                                 0.12829779899879332                                -0.35855233594257624                               0.5041579892494291                                 -0.3206140629786417                                
son     : 0.2865069337156562                                 -0.3725772301982421                                -0.11479371987148047                               -0.6955959713718078                                -0.10099690842526379                               -0.5214098727954589                                
45  :
parent#1: -0.40733053248393436                               -0.5177647739419021                                -0.24129347745102225                               -0.3261483497899887                                -0.6035729590044565                                -0.19262884259297847                               
parent#2: 0.4816275896179255                                 0.49882829240834187                                -0.4296071925710571                                -0.29023558287852025                               -0.17765288764989823                               -0.46780938173986847                               
son     : 0.05415202913488218                                -0.013802012344421204                              -0.4889915432872002                                -0.4492565650338203                                -0.5694029675045494                                -0.4813659025735489                                
46  :
parent#1: -0.40733053248393436                               -0.5177647739419021                                -0.24129347745102225                               -0.3261483497899887                                -0.6035729590044565                                -0.19262884259297847                               
parent#2: -0.6002580560547989                                0.3323738506716787                                 0.4049248727665886                                 -0.30845342569755535                               -0.3076474713410188                                -0.41888334235067903                               
son     : -0.6150961924738155                                -0.11317441693945517                               0.09989101640556493                                -0.3874013067234199                                -0.5562669363124764                                -0.3733059513463596                                
47  :
parent#1: -0.40733053248393436                               -0.5177647739419021                                -0.24129347745102225                               -0.3261483497899887                                -0.6035729590044565                                -0.19262884259297847                               
parent#2: -0.4370595259190209                                0.08160633975993586                                0.5449039690966772                                 0.29415182682531626                                -0.5031556767537698                                -0.4070726081461381                                
son     : -0.5256003851898424                                -0.27149187597426794                               0.18898587183564491                                -0.01991660681886186                               -0.6888960752988381                                -0.3732911234217389                                
48  :
parent#1: -0.43791437563607977                               0.21611039202443216                                -0.39722792003620605                               -0.2661278964576774                                0.5980338593862198                                 0.41865107591961676                                
parent#2: -0.18628923436773914                               -0.5349839341810874                                0.5639996316837269                                 -0.4851295709639006                                0.34055424095676134                                0.09831091053476099                                
son     : -0.4178376336745735                                -0.2134517714425763                                0.11163584484593433                                -0.5028866181435008                                0.6282844644875173                                 0.3460508232537819                                 
49  :
parent#1: -0.43791437563607977                               0.21611039202443216                                -0.39722792003620605                               -0.2661278964576774                                0.5980338593862198                                 0.41865107591961676                                
parent#2: 7.947666652668812E-4                               -0.6218295008677601                                -0.02274557528876888                               -0.6604072831090612                                -0.40472928371952654                               0.11343062336807667                                
son     : -0.33417559999560065                               -0.31017008581843897                               -0.32106748794205686                               -0.70833118257438                                  0.14778031282423085                                0.4067736094584955                                 
50  :
parent#1: -0.43791437563607977                               0.21611039202443216                                -0.39722792003620605                               -0.2661278964576774                                0.5980338593862198                                 0.41865107591961676                                
parent#2: 0.10293329530858125                                0.35607264777945324                                0.5218977969483999                                 0.6175344961345101                                 -0.4124178299107178                                -0.19698318561817274                               
son     : -0.4116399597364999                                0.703124496573082                                  0.15320000479524723                                0.4318243836359053                                 0.22809340403656342                                0.2723955673835434                                 
51  :
parent#1: -0.43791437563607977                               0.21611039202443216                                -0.39722792003620605                               -0.2661278964576774                                0.5980338593862198                                 0.41865107591961676                                
parent#2: 0.4437702207899403                                 0.18975135360562714                                -0.2508917220056361                                0.16475981875637555                                0.5755914489863772                                 -0.5879323470868527                                
son     : 0.0041395229266039885                              0.28690546913788284                                -0.45815865121465027                               -0.07165754398298582                               0.8296409388571702                                 -0.11966568183236023                               
52  :
parent#1: -0.43791437563607977                               0.21611039202443216                                -0.39722792003620605                               -0.2661278964576774                                0.5980338593862198                                 0.41865107591961676                                
parent#2: -0.43791437563607977                               0.21611039202443216                                -0.39722792003620605                               -0.2661278964576774                                0.5980338593862198                                 0.41865107591961676                                
son     : -0.4379143756360798                                0.2161103920244322                                 -0.3972279200362061                                -0.2661278964576775                                0.5980338593862199                                 0.4186510759196168                                 
53  :
parent#1: -0.43791437563607977                               0.21611039202443216                                -0.39722792003620605                               -0.2661278964576774                                0.5980338593862198                                 0.41865107591961676                                
parent#2: 0.6893498397484201                                 0.1510233097813532                                 0.12829779899879332                                -0.35855233594257624                               0.5041579892494291                                 -0.3206140629786417                                
son     : 0.18313508798914746                                0.2674048508683865                                 -0.19587746522946228                               -0.4549909843847154                                0.8027904969309535                                 0.07140606459205322                                
54  :
parent#1: -0.43791437563607977                               0.21611039202443216                                -0.39722792003620605                               -0.2661278964576774                                0.5980338593862198                                 0.41865107591961676                                
parent#2: 0.4816275896179255                                 0.49882829240834187                                -0.4296071925710571                                -0.29023558287852025                               -0.17765288764989823                               -0.46780938173986847                               
son     : 0.03367159030640512                                0.5507058457522312                                 -0.6368978765602664                                -0.4285578988869289                                0.3238127459306119                                 -0.03786585755108083                               
55  :
parent#1: -0.43791437563607977                               0.21611039202443216                                -0.39722792003620605                               -0.2661278964576774                                0.5980338593862198                                 0.41865107591961676                                
parent#2: -0.6002580560547989                                0.3323738506716787                                 0.4049248727665886                                 -0.30845342569755535                               -0.3076474713410188                                -0.41888334235067903                               
son     : -0.7752815719612794                                0.4095945075143809                                 0.005747894501883147                               -0.4290831629333208                                0.21685339402932205                                -1.7345084331946156E-4                             
56  :
parent#1: -0.43791437563607977                               0.21611039202443216                                -0.39722792003620605                               -0.2661278964576774                                0.5980338593862198                                 0.41865107591961676                                
parent#2: -0.4370595259190209                                0.08160633975993586                                0.5449039690966772                                 0.29415182682531626                                -0.5031556767537698                                -0.4070726081461381                                
son     : -0.9295910785682102                                0.31630065458564405                                0.15689420847962318                                0.029773225932651755                               0.10080062041751836                                0.012301213015137546                               
57  :
parent#1: 0.6893498397484201                                 0.1510233097813532                                 0.12829779899879332                                -0.35855233594257624                               0.5041579892494291                                 -0.3206140629786417                                
parent#2: -0.18628923436773914                               -0.5349839341810874                                0.5639996316837269                                 -0.4851295709639006                                0.34055424095676134                                0.09831091053476099                                
son     : 0.32784485534253205                                -0.2502273364623778                                0.45117059175079993                                -0.5498279327906356                                0.5504993950151423                                 -0.14487507881878714                               
58  :
parent#1: 0.6893498397484201                                 0.1510233097813532                                 0.12829779899879332                                -0.35855233594257624                               0.5041579892494291                                 -0.3206140629786417                                
parent#2: 7.947666652668812E-4                               -0.6218295008677601                                -0.02274557528876888                               -0.6604072831090612                                -0.40472928371952654                               0.11343062336807667                                
son     : 0.5143764040787103                                 -0.35089978728871996                               0.07866985088329337                                -0.7594477735221481                                0.07410588960252718                                -0.15441730857729927                               
59  :
parent#1: 0.6893498397484201                                 0.1510233097813532                                 0.12829779899879332                                -0.35855233594257624                               0.5041579892494291                                 -0.3206140629786417                                
parent#2: 0.10293329530858125                                0.35607264777945324                                0.5218977969483999                                 0.6175344961345101                                 -0.4124178299107178                                -0.19698318561817274                               
son     : 0.6166032467286497                                 0.39465312335907676                                0.5060220238574997                                 0.20155577438570202                                0.07139780919302703                                -0.40282587103113104                               
60  :
parent#1: 0.6893498397484201                                 0.1510233097813532                                 0.12829779899879332                                -0.35855233594257624                               0.5041579892494291                                 -0.3206140629786417                                
parent#2: 0.4437702207899403                                 0.18975135360562714                                -0.2508917220056361                                0.16475981875637555                                0.5755914489863772                                 -0.5879323470868527                                
son     : 0.6105835091675652                                 0.18362695803599205                                -0.0660599263211105                                -0.1044253996683702                                0.5818246662286559                                 -0.4895716478938845                                
61  :
parent#1: 0.6893498397484201                                 0.1510233097813532                                 0.12829779899879332                                -0.35855233594257624                               0.5041579892494291                                 -0.3206140629786417                                
parent#2: -0.40733053248393436                               -0.5177647739419021                                -0.24129347745102225                               -0.3261483497899887                                -0.6035729590044565                                -0.19262884259297847                               
son     : 0.2865069337156562                                 -0.3725772301982421                                -0.11479371987148047                               -0.6955959713718078                                -0.10099690842526379                               -0.5214098727954589                                
62  :
parent#1: 0.6893498397484201                                 0.1510233097813532                                 0.12829779899879332                                -0.35855233594257624                               0.5041579892494291                                 -0.3206140629786417                                
parent#2: -0.43791437563607977                               0.21611039202443216                                -0.39722792003620605                               -0.2661278964576774                                0.5980338593862198                                 0.41865107591961676                                
son     : 0.18313508798914746                                0.2674048508683865                                 -0.19587746522946228                               -0.4549909843847154                                0.8027904969309535                                 0.07140606459205322                                
63  :
parent#1: 0.6893498397484201                                 0.1510233097813532                                 0.12829779899879332                                -0.35855233594257624                               0.5041579892494291                                 -0.3206140629786417                                
parent#2: 0.4816275896179255                                 0.49882829240834187                                -0.4296071925710571                                -0.29023558287852025                               -0.17765288764989823                               -0.46780938173986847                               
son     : 0.6723290237601123                                 0.37311914160939125                                -0.17299996169850493                               -0.37250841660063794                               0.18746634282259197                                -0.45268162443064713                               
64  :
parent#1: 0.6893498397484201                                 0.1510233097813532                                 0.12829779899879332                                -0.35855233594257624                               0.5041579892494291                                 -0.3206140629786417                                
parent#2: -0.6002580560547989                                0.3323738506716787                                 0.4049248727665886                                 -0.30845342569755535                               -0.3076474713410188                                -0.41888334235067903                               
son     : 0.07141511660390179                                0.38748651276829216                                0.42742616323546845                                -0.5346654008725926                                0.1575209404111082                                 -0.5927740049687368                                
65  :
parent#1: 0.6893498397484201                                 0.1510233097813532                                 0.12829779899879332                                -0.35855233594257624                               0.5041579892494291                                 -0.3206140629786417                                
parent#2: -0.4370595259190209                                0.08160633975993586                                0.5449039690966772                                 0.29415182682531626                                -0.5031556767537698                                -0.4070726081461381                                
son     : 0.24004321121343197                                0.2213369481045815                                 0.6405220706073973                                 -0.061274270809859255                              9.536565492565886E-4                               -0.6923620754307763                                
66  :
parent#1: 0.4816275896179255                                 0.49882829240834187                                -0.4296071925710571                                -0.29023558287852025                               -0.17765288764989823                               -0.46780938173986847                               
parent#2: -0.18628923436773914                               -0.5349839341810874                                0.5639996316837269                                 -0.4851295709639006                                0.34055424095676134                                0.09831091053476099                                
son     : 0.3164813156509227                                 -0.038743985916589584                              0.14401345164898766                                -0.8308727249126054                                0.17456328884949085                                -0.3959504758497608                                
67  :
parent#1: 0.4816275896179255                                 0.49882829240834187                                -0.4296071925710571                                -0.29023558287852025                               -0.17765288764989823                               -0.46780938173986847                               
parent#2: 7.947666652668812E-4                               -0.6218295008677601                                -0.02274557528876888                               -0.6604072831090612                                -0.40472928371952654                               0.11343062336807667                                
son     : 0.3575010851833867                                 -0.09115055496577534                               -0.3352178921423476                                -0.7044778331394377                                -0.43157672015889575                               -0.26261384663003984                               
68  :
parent#1: 0.4816275896179255                                 0.49882829240834187                                -0.4296071925710571                                -0.29023558287852025                               -0.17765288764989823                               -0.46780938173986847                               
parent#2: 0.10293329530858125                                0.35607264777945324                                0.5218977969483999                                 0.6175344961345101                                 -0.4124178299107178                                -0.19698318561817274                               
son     : 0.4156033976460909                                 0.6078062089931914                                 0.06561555817210922                                0.23269866989503468                                -0.4195207058722221                                -0.4726454623432527                                
69  :
parent#1: 0.4816275896179255                                 0.49882829240834187                                -0.4296071925710571                                -0.29023558287852025                               -0.17765288764989823                               -0.46780938173986847                               
parent#2: -0.40733053248393436                               -0.5177647739419021                                -0.24129347745102225                               -0.3261483497899887                                -0.6035729590044565                                -0.19262884259297847                               
son     : 0.05415202913488218                                -0.013802012344421204                              -0.4889915432872002                                -0.4492565650338203                                -0.5694029675045494                                -0.4813659025735489                                
70  :
parent#1: 0.4816275896179255                                 0.49882829240834187                                -0.4296071925710571                                -0.29023558287852025                               -0.17765288764989823                               -0.46780938173986847                               
parent#2: -0.43791437563607977                               0.21611039202443216                                -0.39722792003620605                               -0.2661278964576774                                0.5980338593862198                                 0.41865107591961676                                
son     : 0.03367159030640512                                0.5507058457522312                                 -0.6368978765602664                                -0.4285578988869289                                0.3238127459306119                                 -0.03786585755108083                               
71  :
parent#1: 0.4816275896179255                                 0.49882829240834187                                -0.4296071925710571                                -0.29023558287852025                               -0.17765288764989823                               -0.46780938173986847                               
parent#2: 0.6893498397484201                                 0.1510233097813532                                 0.12829779899879332                                -0.35855233594257624                               0.5041579892494291                                 -0.3206140629786417                                
son     : 0.6723290237601123                                 0.37311914160939125                                -0.17299996169850493                               -0.37250841660063794                               0.18746634282259197                                -0.45268162443064713                               
72  :
parent#1: 0.4816275896179255                                 0.49882829240834187                                -0.4296071925710571                                -0.29023558287852025                               -0.17765288764989823                               -0.46780938173986847                               
parent#2: 0.4816275896179255                                 0.49882829240834187                                -0.4296071925710571                                -0.29023558287852025                               -0.17765288764989823                               -0.46780938173986847                               
son     : 0.4816275896179255                                 0.49882829240834187                                -0.4296071925710571                                -0.29023558287852025                               -0.17765288764989823                               -0.46780938173986847                               
73  :
parent#1: 0.4816275896179255                                 0.49882829240834187                                -0.4296071925710571                                -0.29023558287852025                               -0.17765288764989823                               -0.46780938173986847                               
parent#2: -0.6002580560547989                                0.3323738506716787                                 0.4049248727665886                                 -0.30845342569755535                               -0.3076474713410188                                -0.41888334235067903                               
son     : -0.0821420018073388                                0.5755402468679902                                 -0.017090509873927136                              -0.41454370956771575                               -0.3360312419115927                                -0.6139629854996594                                
74  :
parent#1: 0.4816275896179255                                 0.49882829240834187                                -0.4296071925710571                                -0.29023558287852025                               -0.17765288764989823                               -0.46780938173986847                               
parent#2: -0.4370595259190209                                0.08160633975993586                                0.5449039690966772                                 0.29415182682531626                                -0.5031556767537698                                -0.4070726081461381                                
son     : 0.03544390822335891                                0.461605690819751                                  0.0916927509624709                                 0.003114494539594156                               -0.5414306629388844                                -0.6957725865158325                                
75  :
parent#1: -0.6002580560547989                                0.3323738506716787                                 0.4049248727665886                                 -0.30845342569755535                               -0.3076474713410188                                -0.41888334235067903                               
parent#2: -0.18628923436773914                               -0.5349839341810874                                0.5639996316837269                                 -0.4851295709639006                                0.34055424095676134                                0.09831091053476099                                
son     : -0.5150471640909141                                -0.13267320375826958                               0.6344714733773236                                 -0.5196542876419784                                0.021548022066004972                               -0.20991734877609008                               
76  :
parent#1: -0.6002580560547989                                0.3323738506716787                                 0.4049248727665886                                 -0.30845342569755535                               -0.3076474713410188                                -0.41888334235067903                               
parent#2: 7.947666652668812E-4                               -0.6218295008677601                                -0.02274557528876888                               -0.6604072831090612                                -0.40472928371952654                               0.11343062336807667                                
son     : -0.4108733022877541                                -0.1983934645656548                                0.26194643241729726                                -0.6640590106687192                                -0.48826441085797034                               -0.20935788656710153                               
77  :
parent#1: -0.6002580560547989                                0.3323738506716787                                 0.4049248727665886                                 -0.30845342569755535                               -0.3076474713410188                                -0.41888334235067903                               
parent#2: 0.10293329530858125                                0.35607264777945324                                0.5218977969483999                                 0.6175344961345101                                 -0.4124178299107178                                -0.19698318561817274                               
son     : -0.31000516291584873                               0.4291400423959525                                 0.5777307614605475                                 0.1926643013938087                                 -0.4488494815533715                                -0.38389764276150423                               
78  :
parent#1: -0.6002580560547989                                0.3323738506716787                                 0.4049248727665886                                 -0.30845342569755535                               -0.3076474713410188                                -0.41888334235067903                               
parent#2: 0.4437702207899403                                 0.18975135360562714                                -0.2508917220056361                                0.16475981875637555                                0.5755914489863772                                 -0.5879323470868527                                
son     : -0.13100152476314064                               0.43708955243598596                                0.12894662118370337                                -0.12029102183022632                               0.22430542005539025                                -0.8428411719577794                                
79  :
parent#1: -0.6002580560547989                                0.3323738506716787                                 0.4049248727665886                                 -0.30845342569755535                               -0.3076474713410188                                -0.41888334235067903                               
parent#2: -0.40733053248393436                               -0.5177647739419021                                -0.24129347745102225                               -0.3261483497899887                                -0.6035729590044565                                -0.19262884259297847                               
son     : -0.6150961924738155                                -0.11317441693945517                               0.09989101640556493                                -0.3874013067234199                                -0.5562669363124764                                -0.3733059513463596                                
80  :
parent#1: -0.6002580560547989                                0.3323738506716787                                 0.4049248727665886                                 -0.30845342569755535                               -0.3076474713410188                                -0.41888334235067903                               
parent#2: -0.43791437563607977                               0.21611039202443216                                -0.39722792003620605                               -0.2661278964576774                                0.5980338593862198                                 0.41865107591961676                                
son     : -0.7752815719612794                                0.4095945075143809                                 0.005747894501883147                               -0.4290831629333208                                0.21685339402932205                                -1.7345084331946156E-4                             
81  :
parent#1: -0.6002580560547989                                0.3323738506716787                                 0.4049248727665886                                 -0.30845342569755535                               -0.3076474713410188                                -0.41888334235067903                               
parent#2: 0.6893498397484201                                 0.1510233097813532                                 0.12829779899879332                                -0.35855233594257624                               0.5041579892494291                                 -0.3206140629786417                                
son     : 0.07141511660390179                                0.38748651276829216                                0.42742616323546845                                -0.5346654008725926                                0.1575209404111082                                 -0.5927740049687368                                
82  :
parent#1: -0.6002580560547989                                0.3323738506716787                                 0.4049248727665886                                 -0.30845342569755535                               -0.3076474713410188                                -0.41888334235067903                               
parent#2: 0.4816275896179255                                 0.49882829240834187                                -0.4296071925710571                                -0.29023558287852025                               -0.17765288764989823                               -0.46780938173986847                               
son     : -0.0821420018073388                                0.5755402468679902                                 -0.017090509873927136                              -0.41454370956771575                               -0.3360312419115927                                -0.6139629854996594                                
83  :
parent#1: -0.6002580560547989                                0.3323738506716787                                 0.4049248727665886                                 -0.30845342569755535                               -0.3076474713410188                                -0.41888334235067903                               
parent#2: -0.6002580560547989                                0.3323738506716787                                 0.4049248727665886                                 -0.30845342569755535                               -0.3076474713410188                                -0.41888334235067903                               
son     : -0.600258056054799                                 0.33237385067167874                                0.4049248727665887                                 -0.3084534256975554                                -0.30764747134101883                               -0.4188833423506791                                
84  :
parent#1: -0.6002580560547989                                0.3323738506716787                                 0.4049248727665886                                 -0.30845342569755535                               -0.3076474713410188                                -0.41888334235067903                               
parent#2: -0.4370595259190209                                0.08160633975993586                                0.5449039690966772                                 0.29415182682531626                                -0.5031556767537698                                -0.4070726081461381                                
son     : -0.5553117677502023                                0.22161782983058242                                0.508476037041209                                  -0.007656137608586128                              -0.4340508030426015                                -0.4421626191676388                                
85  :
parent#1: -0.4370595259190209                                0.08160633975993586                                0.5449039690966772                                 0.29415182682531626                                -0.5031556767537698                                -0.4070726081461381                                
parent#2: -0.18628923436773914                               -0.5349839341810874                                0.5639996316837269                                 -0.4851295709639006                                0.34055424095676134                                0.09831091053476099                                
son     : -0.44276802287324335                               -0.32203657709134326                               0.7876602732773389                                 -0.13565253285517628                               -0.11549668633506582                               -0.21931511715445598                               
86  :
parent#1: -0.4370595259190209                                0.08160633975993586                                0.5449039690966772                                 0.29415182682531626                                -0.5031556767537698                                -0.4070726081461381                                
parent#2: 7.947666652668812E-4                               -0.6218295008677601                                -0.02274557528876888                               -0.6604072831090612                                -0.40472928371952654                               0.11343062336807667                                
son     : -0.3252230412682091                                -0.40272109010028984                               0.38925431691620155                                -0.2730330856368618                                -0.6768025647358142                                -0.2189017960032089                                
87  :
parent#1: -0.4370595259190209                                0.08160633975993586                                0.5449039690966772                                 0.29415182682531626                                -0.5031556767537698                                -0.4070726081461381                                
parent#2: 0.10293329530858125                                0.35607264777945324                                0.5218977969483999                                 0.6175344961345101                                 -0.4124178299107178                                -0.19698318561817274                               
son     : -0.17922381266007797                               0.23476904738876603                                0.5722276862663334                                 0.48902445776970976                                -0.4911095256878637                                -0.32401282060393544                               
88  :
parent#1: -0.4370595259190209                                0.08160633975993586                                0.5449039690966772                                 0.29415182682531626                                -0.5031556767537698                                -0.4070726081461381                                
parent#2: 0.4437702207899403                                 0.18975135360562714                                -0.2508917220056361                                0.16475981875637555                                0.5755914489863772                                 -0.5879323470868527                                
son     : 0.0057417113867259985                              0.2321752944876935                                 0.25155866857767845                                0.39264759784504755                                0.06197648771613335                                -0.8513322973552783                                
89  :
parent#1: -0.4370595259190209                                0.08160633975993586                                0.5449039690966772                                 0.29415182682531626                                -0.5031556767537698                                -0.4070726081461381                                
parent#2: -0.40733053248393436                               -0.5177647739419021                                -0.24129347745102225                               -0.3261483497899887                                -0.6035729590044565                                -0.19262884259297847                               
son     : -0.5256003851898424                                -0.27149187597426794                               0.18898587183564491                                -0.01991660681886186                               -0.6888960752988381                                -0.3732911234217389                                
90  :
parent#1: -0.4370595259190209                                0.08160633975993586                                0.5449039690966772                                 0.29415182682531626                                -0.5031556767537698                                -0.4070726081461381                                
parent#2: -0.43791437563607977                               0.21611039202443216                                -0.39722792003620605                               -0.2661278964576774                                0.5980338593862198                                 0.41865107591961676                                
son     : -0.9295910785682102                                0.31630065458564405                                0.15689420847962318                                0.029773225932651755                               0.10080062041751836                                0.012301213015137546                               
91  :
parent#1: -0.4370595259190209                                0.08160633975993586                                0.5449039690966772                                 0.29415182682531626                                -0.5031556767537698                                -0.4070726081461381                                
parent#2: 0.6893498397484201                                 0.1510233097813532                                 0.12829779899879332                                -0.35855233594257624                               0.5041579892494291                                 -0.3206140629786417                                
son     : 0.24004321121343197                                0.2213369481045815                                 0.6405220706073973                                 -0.061274270809859255                              9.536565492565886E-4                               -0.6923620754307763                                
92  :
parent#1: -0.4370595259190209                                0.08160633975993586                                0.5449039690966772                                 0.29415182682531626                                -0.5031556767537698                                -0.4070726081461381                                
parent#2: 0.4816275896179255                                 0.49882829240834187                                -0.4296071925710571                                -0.29023558287852025                               -0.17765288764989823                               -0.46780938173986847                               
son     : 0.03544390822335891                                0.461605690819751                                  0.0916927509624709                                 0.003114494539594156                               -0.5414306629388844                                -0.6957725865158325                                
93  :
parent#1: -0.4370595259190209                                0.08160633975993586                                0.5449039690966772                                 0.29415182682531626                                -0.5031556767537698                                -0.4070726081461381                                
parent#2: -0.6002580560547989                                0.3323738506716787                                 0.4049248727665886                                 -0.30845342569755535                               -0.3076474713410188                                -0.41888334235067903                               
son     : -0.5553117677502023                                0.22161782983058242                                0.508476037041209                                  -0.007656137608586128                              -0.4340508030426015                                -0.4421626191676388                                
94  :
parent#1: -0.4370595259190209                                0.08160633975993586                                0.5449039690966772                                 0.29415182682531626                                -0.5031556767537698                                -0.4070726081461381                                
parent#2: -0.4370595259190209                                0.08160633975993586                                0.5449039690966772                                 0.29415182682531626                                -0.5031556767537698                                -0.4070726081461381                                
son     : -0.4370595259190209                                0.08160633975993586                                0.5449039690966772                                 0.29415182682531626                                -0.5031556767537698                                -0.4070726081461381                                

0   :
parent#1: 0.10293329530858125                                0.35607264777945324                                0.5218977969483999                                 0.6175344961345101                                 -0.4124178299107178                                -0.19698318561817274                               
parent#2: 7.947666652668812E-4                               -0.6218295008677601                                -0.02274557528876888                               -0.6604072831090612                                -0.40472928371952654                               0.11343062336807667                                
son:      0.10336240951308825                                -0.264820031890201                                 0.497392656941362                                  -0.042721655836471695                              -0.8142665830658435                                -0.08325803057363186                               
mutated:  0.10336240951308825                                -0.264820031890201                                 0.497392656941362                                  -0.042721655836471695                              -0.8142665830658435                                -0.08325803057363186                               
1   :
parent#1: 0.10293329530858125                                0.35607264777945324                                0.5218977969483999                                 0.6175344961345101                                 -0.4124178299107178                                -0.19698318561817274                               
parent#2: -0.43791437563607977                               0.21611039202443216                                -0.39722792003620605                               -0.2661278964576774                                0.5980338593862198                                 0.41865107591961676                                
son:      -0.4116399597364999                                0.703124496573082                                  0.15320000479524723                                0.4318243836359053                                 0.22809340403656342                                0.2723955673835434                                 
mutated:  -0.4116399597364999                                0.703124496573082                                  0.15320000479524723                                0.4318243836359053                                 0.22809340403656342                                0.2723955673835434                                 
2   :
parent#1: -0.43791437563607977                               0.21611039202443216                                -0.39722792003620605                               -0.2661278964576774                                0.5980338593862198                                 0.41865107591961676                                
parent#2: -0.40733053248393436                               -0.5177647739419021                                -0.24129347745102225                               -0.3261483497899887                                -0.6035729590044565                                -0.19262884259297847                               
son:      -0.665103660277851                                 -0.23736485322154097                               -0.5024377130872755                                -0.46604847363246826                               -0.00435858932167599                               0.17785166552979326                                
mutated:  -0.665103660277851                                 -0.23736485322154097                               -0.5024377130872755                                -0.46604847363246826                               -0.00435858932167599                               0.17785166552979326                                
3   :
parent#1: 0.6893498397484201                                 0.1510233097813532                                 0.12829779899879332                                -0.35855233594257624                               0.5041579892494291                                 -0.3206140629786417                                
parent#2: 0.6893498397484201                                 0.1510233097813532                                 0.12829779899879332                                -0.35855233594257624                               0.5041579892494291                                 -0.3206140629786417                                
son:      0.6893498397484202                                 0.15102330978135323                                0.12829779899879334                                -0.3585523359425763                                0.5041579892494292                                 -0.32061406297864176                               
mutated:  0.6893498397484202                                 0.15102330978135323                                0.12829779899879334                                -0.3585523359425763                                0.5041579892494292                                 -0.32061406297864176                               
4   :
parent#1: 0.4816275896179255                                 0.49882829240834187                                -0.4296071925710571                                -0.29023558287852025                               -0.17765288764989823                               -0.46780938173986847                               
parent#2: 0.4437702207899403                                 0.18975135360562714                                -0.2508917220056361                                0.16475981875637555                                0.5755914489863772                                 -0.5879323470868527                                
son:      0.5270999925359777                                 0.39221005517013297                                -0.3876073281781639                                -0.07147010030537934                               0.22666296629531435                                -0.6013429588073239                                
mutated:  0.5270999925359777                                 0.39221005517013297                                -0.3876073281781639                                -0.07147010030537934                               0.22666296629531435                                -0.6013429588073239                                

