0   :
parent#1: -0.08680378310694388                               -0.2804951546984053                                -0.10185592825828224                               -0.9072855994231784                                -0.09594480709107683                               0.2665340060466277                                 
parent#2: -0.08680378310694388                               -0.2804951546984053                                -0.10185592825828224                               -0.9072855994231784                                -0.09594480709107683                               0.2665340060466277                                 
son     : -0.0868037831069439                                -0.28049515469840536                               -0.10185592825828226                               -0.9072855994231785                                -0.09594480709107685                               0.26653400604662775                                
1   :
parent#1: -0.08680378310694388                               -0.2804951546984053                                -0.10185592825828224                               -0.9072855994231784                                -0.09594480709107683                               0.2665340060466277                                 
parent#2: 0.4975869182210506                                 0.07019683068566397                                0.07507069079489455                                -0.3180745730602988                                -0.6276183367518888                                -0.49675732959448554                               
son     : 0.2713500920077272                                 -0.13891629108404585                               -0.017693464090535578                              -0.8094334141873527                                -0.4779624791574035                                -0.15207810323002388                               
2   :
parent#1: -0.08680378310694388                               -0.2804951546984053                                -0.10185592825828224                               -0.9072855994231784                                -0.09594480709107683                               0.2665340060466277                                 
parent#2: 0.5256945945046677                                 0.5188591644839944                                 0.3403627085179391                                 0.30892611102502765                                0.3221470091742438                                 0.37332231355347445                                
son     : 0.41380022038967007                                0.22473717202718765                                0.22487178057241156                                -0.5641523625953249                                0.21327063279486244                                0.603276895282977                                  
3   :
parent#1: -0.08680378310694388                               -0.2804951546984053                                -0.10185592825828224                               -0.9072855994231784                                -0.09594480709107683                               0.2665340060466277                                 
parent#2: -0.38264960890916355                               0.4790744124857008                                 0.26414492176544646                                -0.597470831021331                                 0.17987767867683918                                0.40616138565991555                                
son     : -0.27058782280534743                               0.11445892165823884                                0.09354160852855871                                -0.8673252196937064                                0.048377993152114655                               0.3877342981192444                                 
4   :
parent#1: -0.08680378310694388                               -0.2804951546984053                                -0.10185592825828224                               -0.9072855994231784                                -0.09594480709107683                               0.2665340060466277                                 
parent#2: 0.04993849713607218                                0.5669548658757171                                 0.26857884685129363                                -0.1582391697671452                                0.5085053286340128                                 -0.5659650391056736                                
son     : -0.03161339900330859                               0.2456502074872352                                 0.1429713078217138                                 -0.8527122605576545                                0.3537864968918218                                 -0.2567736143305082                                
5   :
parent#1: -0.08680378310694388                               -0.2804951546984053                                -0.10185592825828224                               -0.9072855994231784                                -0.09594480709107683                               0.2665340060466277                                 
parent#2: 0.4816275896179255                                 0.49882829240834187                                -0.4296071925710571                                -0.29023558287852025                               -0.17765288764989823                               -0.46780938173986847                               
son     : 0.27674192478250126                                0.15303518120549345                                -0.3725158528533045                                -0.83937268090943                                  -0.19177149758968928                               -0.14107896728136946                               
6   :
parent#1: -0.08680378310694388                               -0.2804951546984053                                -0.10185592825828224                               -0.9072855994231784                                -0.09594480709107683                               0.2665340060466277                                 
parent#2: 0.3038735900869655                                 -0.5221975628325886                                -0.02918447314908652                               0.5328329040610401                                 0.46610157754066306                                0.36463300578850194                                
son     : 0.18450093181804358                                -0.6822577327009667                                -0.11137926781173753                               -0.31827029367769716                               0.3146189238238549                                 0.5364675236805702                                 
7   :
parent#1: -0.08680378310694388                               -0.2804951546984053                                -0.10185592825828224                               -0.9072855994231784                                -0.09594480709107683                               0.2665340060466277                                 
parent#2: 0.36926324609991484                                0.324899404720046                                  -0.5749329227476623                                0.4823941444187145                                 -0.11740575138700562                               0.4254984667480403                                 
son     : 0.25317079098454015                                0.03979990254861392                                -0.6066115361231744                                -0.3808337826823992                                -0.1912278989507024                                0.6202745224675772                                 
8   :
parent#1: -0.08680378310694388                               -0.2804951546984053                                -0.10185592825828224                               -0.9072855994231784                                -0.09594480709107683                               0.2665340060466277                                 
parent#2: -0.4370595259190209                                0.08160633975993586                                0.5449039690966772                                 0.29415182682531626                                -0.5031556767537698                                -0.4070726081461381                                
son     : -0.4657921714470422                                -0.1768416519930907                                0.39393541300149604                                -0.5451668525075499                                -0.5326891776481211                                -0.12495965935422718                               
9   :
parent#1: -0.08680378310694388                               -0.2804951546984053                                -0.10185592825828224                               -0.9072855994231784                                -0.09594480709107683                               0.2665340060466277                                 
parent#2: 0.6908665279259526                                 0.07234460833012493                                0.5426600347526116                                 -0.29079772174101143                               -0.21669612491884965                               0.3024388523235498                                 
son     : 0.3851829382947903                                 -0.13272799844960284                               0.28108043809715255                                -0.7639624491430508                                -0.19935669573346568                               0.362807736905999                                  
10  :
parent#1: 0.4975869182210506                                 0.07019683068566397                                0.07507069079489455                                -0.3180745730602988                                -0.6276183367518888                                -0.49675732959448554                               
parent#2: -0.08680378310694388                               -0.2804951546984053                                -0.10185592825828224                               -0.9072855994231784                                -0.09594480709107683                               0.2665340060466277                                 
son     : 0.2713500920077272                                 -0.13891629108404585                               -0.017693464090535578                              -0.8094334141873527                                -0.4779624791574035                                -0.15207810323002388                               
11  :
parent#1: 0.4975869182210506                                 0.07019683068566397                                0.07507069079489455                                -0.3180745730602988                                -0.6276183367518888                                -0.49675732959448554                               
parent#2: 0.4975869182210506                                 0.07019683068566397                                0.07507069079489455                                -0.3180745730602988                                -0.6276183367518888                                -0.49675732959448554                               
son     : 0.4975869182210506                                 0.07019683068566397                                0.07507069079489455                                -0.3180745730602988                                -0.6276183367518888                                -0.49675732959448554                               
12  :
parent#1: 0.4975869182210506                                 0.07019683068566397                                0.07507069079489455                                -0.3180745730602988                                -0.6276183367518888                                -0.49675732959448554                               
parent#2: 0.5256945945046677                                 0.5188591644839944                                 0.3403627085179391                                 0.30892611102502765                                0.3221470091742438                                 0.37332231355347445                                
son     : 0.7905832245248792                                 0.45510231768622444                                0.32096219106824203                                -0.007068065361625213                              -0.23600593204595727                               -0.09536540217661464                               
13  :
parent#1: 0.4975869182210506                                 0.07019683068566397                                0.07507069079489455                                -0.3180745730602988                                -0.6276183367518888                                -0.49675732959448554                               
parent#2: -0.38264960890916355                               0.4790744124857008                                 0.26414492176544646                                -0.597470831021331                                 0.17987767867683918                                0.40616138565991555                                
son     : 0.09457764723256189                                0.4519749260067236                                 0.27912794141937786                                -0.7533683428908178                                -0.3684291746919955                                -0.07454804081844431                               
14  :
parent#1: 0.4975869182210506                                 0.07019683068566397                                0.07507069079489455                                -0.3180745730602988                                -0.6276183367518888                                -0.49675732959448554                               
parent#2: 0.04993849713607218                                0.5669548658757171                                 0.26857884685129363                                -0.1582391697671452                                0.5085053286340128                                 -0.5659650391056736                                
son     : 0.36962213791414017                                0.43012683183853867                                0.23199010171087842                                -0.32154873363628866                               -0.08041052246898393                               -0.7174200556003869                                
15  :
parent#1: 0.4975869182210506                                 0.07019683068566397                                0.07507069079489455                                -0.3180745730602988                                -0.6276183367518888                                -0.49675732959448554                               
parent#2: 0.4816275896179255                                 0.49882829240834187                                -0.4296071925710571                                -0.29023558287852025                               -0.17765288764989823                               -0.46780938173986847                               
son     : 0.5344249540243917                                 0.3105562905918924                                 -0.19349504336883425                               -0.33199684493811993                               -0.43949209660694627                               -0.5264306403057182                                
16  :
parent#1: 0.4975869182210506                                 0.07019683068566397                                0.07507069079489455                                -0.3180745730602988                                -0.6276183367518888                                -0.49675732959448554                               
parent#2: 0.3038735900869655                                 -0.5221975628325886                                -0.02918447314908652                               0.5328329040610401                                 0.46610157754066306                                0.36463300578850194                                
son     : 0.8273413002767902                                 -0.4665967562768276                                0.04736797705979607                                0.2216933148590542                                 -0.16673246429124425                               -0.13639088728976217                               
17  :
parent#1: 0.4975869182210506                                 0.07019683068566397                                0.07507069079489455                                -0.3180745730602988                                -0.6276183367518888                                -0.49675732959448554                               
parent#2: 0.36926324609991484                                0.324899404720046                                  -0.5749329227476623                                0.4823941444187145                                 -0.11740575138700562                               0.4254984667480403                                 
son     : 0.6563032415464545                                 0.29913236530639614                                -0.3784520285743145                                0.1244084292428205                                 -0.5640671758524369                                -0.05395098784075423                               
18  :
parent#1: 0.4975869182210506                                 0.07019683068566397                                0.07507069079489455                                -0.3180745730602988                                -0.6276183367518888                                -0.49675732959448554                               
parent#2: -0.4370595259190209                                0.08160633975993586                                0.5449039690966772                                 0.29415182682531626                                -0.5031556767537698                                -0.4070726081461381                                
son     : 0.03822582451223427                                0.0958706650519239                                 0.3915424347506977                                 -0.015108311537130105                              -0.7141356559286736                                -0.570810062600667                                 
19  :
parent#1: 0.4975869182210506                                 0.07019683068566397                                0.07507069079489455                                -0.3180745730602988                                -0.6276183367518888                                -0.49675732959448554                               
parent#2: 0.6908665279259526                                 0.07234460833012493                                0.5426600347526116                                 -0.29079772174101143                               -0.21669612491884965                               0.3024388523235498                                 
son     : 0.6936295689310241                                 0.08319295738497097                                0.3605326723281393                                 -0.35536253333800066                               -0.49277611839956276                               -0.11341213411576934                               
20  :
parent#1: 0.5256945945046677                                 0.5188591644839944                                 0.3403627085179391                                 0.30892611102502765                                0.3221470091742438                                 0.37332231355347445                                
parent#2: -0.08680378310694388                               -0.2804951546984053                                -0.10185592825828224                               -0.9072855994231784                                -0.09594480709107683                               0.2665340060466277                                 
son     : 0.41380022038967007                                0.22473717202718765                                0.22487178057241156                                -0.5641523625953249                                0.21327063279486244                                0.603276895282977                                  
21  :
parent#1: 0.5256945945046677                                 0.5188591644839944                                 0.3403627085179391                                 0.30892611102502765                                0.3221470091742438                                 0.37332231355347445                                
parent#2: 0.4975869182210506                                 0.07019683068566397                                0.07507069079489455                                -0.3180745730602988                                -0.6276183367518888                                -0.49675732959448554                               
son     : 0.7905832245248792                                 0.45510231768622444                                0.32096219106824203                                -0.007068065361625213                              -0.23600593204595727                               -0.09536540217661464                               
22  :
parent#1: 0.5256945945046677                                 0.5188591644839944                                 0.3403627085179391                                 0.30892611102502765                                0.3221470091742438                                 0.37332231355347445                                
parent#2: 0.5256945945046677                                 0.5188591644839944                                 0.3403627085179391                                 0.30892611102502765                                0.3221470091742438                                 0.37332231355347445                                
son     : 0.5256945945046677                                 0.5188591644839944                                 0.3403627085179391                                 0.30892611102502765                                0.3221470091742438                                 0.37332231355347445                                
23  :
parent#1: 0.5256945945046677                                 0.5188591644839944                                 0.3403627085179391                                 0.30892611102502765                                0.3221470091742438                                 0.37332231355347445                                
parent#2: -0.38264960890916355                               0.4790744124857008                                 0.26414492176544646                                -0.597470831021331                                 0.17987767867683918                                0.40616138565991555                                
son     : 0.09381977124918554                                0.654520670706551                                  0.3964820392372914                                 -0.18924955329622062                               0.3292659381211662                                 0.5112446413149044                                 
24  :
parent#1: 0.5256945945046677                                 0.5188591644839944                                 0.3403627085179391                                 0.30892611102502765                                0.3221470091742438                                 0.37332231355347445                                
parent#2: 0.04993849713607218                                0.5669548658757171                                 0.26857884685129363                                -0.1582391697671452                                0.5085053286340128                                 -0.5659650391056736                                
son     : 0.354886044653462                                  0.6694198996886161                                 0.37542118955348036                                0.09290065727721222                                0.512109062053201                                  -0.11876699914457077                               
25  :
parent#1: 0.5256945945046677                                 0.5188591644839944                                 0.3403627085179391                                 0.30892611102502765                                0.3221470091742438                                 0.37332231355347445                                
parent#2: 0.4816275896179255                                 0.49882829240834187                                -0.4296071925710571                                -0.29023558287852025                               -0.17765288764989823                               -0.46780938173986847                               
son     : 0.6970284961353203                                 0.7042008691899447                                 -0.061753775989854334                              0.012933131952496953                               0.09998441592372537                                -0.06538144407051236                               
26  :
parent#1: 0.5256945945046677                                 0.5188591644839944                                 0.3403627085179391                                 0.30892611102502765                                0.3221470091742438                                 0.37332231355347445                                
parent#2: 0.3038735900869655                                 -0.5221975628325886                                -0.02918447314908652                               0.5328329040610401                                 0.46610157754066306                                0.36463300578850194                                
son     : 0.5086888397950818                                 -0.002047096325850724                              0.19081360454678534                                0.5161642222115437                                 0.4833517804729985                                 0.45251209266357045                                
27  :
parent#1: 0.5256945945046677                                 0.5188591644839944                                 0.3403627085179391                                 0.30892611102502765                                0.3221470091742438                                 0.37332231355347445                                
parent#2: 0.36926324609991484                                0.324899404720046                                  -0.5749329227476623                                0.4823941444187145                                 -0.11740575138700562                               0.4254984667480403                                 
son     : 0.5278978963313002                                 0.4976976048317777                                 -0.13836307925991392                               0.4667664544856099                                 0.12076823552391373                                0.47119069785681045                                
28  :
parent#1: 0.5256945945046677                                 0.5188591644839944                                 0.3403627085179391                                 0.30892611102502765                                0.3221470091742438                                 0.37332231355347445                                
parent#2: -0.4370595259190209                                0.08160633975993586                                0.5449039690966772                                 0.29415182682531626                                -0.5031556767537698                                -0.4070726081461381                                
son     : 0.0711998704429763                                 0.48234933181478384                                0.7111279289273514                                 0.48444787968399206                                -0.14540287367482235                               -0.02711135265933636                               
29  :
parent#1: 0.5256945945046677                                 0.5188591644839944                                 0.3403627085179391                                 0.30892611102502765                                0.3221470091742438                                 0.37332231355347445                                
parent#2: 0.6908665279259526                                 0.07234460833012493                                0.5426600347526116                                 -0.29079772174101143                               -0.21669612491884965                               0.3024388523235498                                 
son     : 0.6934957659289919                                 0.3370133285442214                                 0.5033635568212507                                 0.010334015266293971                               0.06011185167455867                                0.38521492975103805                                
30  :
parent#1: -0.38264960890916355                               0.4790744124857008                                 0.26414492176544646                                -0.597470831021331                                 0.17987767867683918                                0.40616138565991555                                
parent#2: -0.08680378310694388                               -0.2804951546984053                                -0.10185592825828224                               -0.9072855994231784                                -0.09594480709107683                               0.2665340060466277                                 
son     : -0.27058782280534743                               0.11445892165823884                                0.09354160852855871                                -0.8673252196937064                                0.048377993152114655                               0.3877342981192444                                 
31  :
parent#1: -0.38264960890916355                               0.4790744124857008                                 0.26414492176544646                                -0.597470831021331                                 0.17987767867683918                                0.40616138565991555                                
parent#2: 0.4975869182210506                                 0.07019683068566397                                0.07507069079489455                                -0.3180745730602988                                -0.6276183367518888                                -0.49675732959448554                               
son     : 0.09457764723256189                                0.4519749260067236                                 0.27912794141937786                                -0.7533683428908178                                -0.3684291746919955                                -0.07454804081844431                               
32  :
parent#1: -0.38264960890916355                               0.4790744124857008                                 0.26414492176544646                                -0.597470831021331                                 0.17987767867683918                                0.40616138565991555                                
parent#2: 0.5256945945046677                                 0.5188591644839944                                 0.3403627085179391                                 0.30892611102502765                                0.3221470091742438                                 0.37332231355347445                                
son     : 0.09381977124918554                                0.654520670706551                                  0.3964820392372914                                 -0.18924955329622062                               0.3292659381211662                                 0.5112446413149044                                 
33  :
parent#1: -0.38264960890916355                               0.4790744124857008                                 0.26414492176544646                                -0.597470831021331                                 0.17987767867683918                                0.40616138565991555                                
parent#2: -0.38264960890916355                               0.4790744124857008                                 0.26414492176544646                                -0.597470831021331                                 0.17987767867683918                                0.40616138565991555                                
son     : -0.3826496089091636                                0.4790744124857009                                 0.2641449217654465                                 -0.5974708310213311                                0.1798776786768392                                 0.4061613856599156                                 
34  :
parent#1: -0.38264960890916355                               0.4790744124857008                                 0.26414492176544646                                -0.597470831021331                                 0.17987767867683918                                0.40616138565991555                                
parent#2: 0.04993849713607218                                0.5669548658757171                                 0.26857884685129363                                -0.1582391697671452                                0.5085053286340128                                 -0.5659650391056736                                
son     : -0.20797797887482145                               0.653873728467071                                  0.3330060487160693                                 -0.4723949186484265                                0.4303087618243517                                 -0.09989339004441739                               
35  :
parent#1: -0.38264960890916355                               0.4790744124857008                                 0.26414492176544646                                -0.597470831021331                                 0.17987767867683918                                0.40616138565991555                                
parent#2: 0.4816275896179255                                 0.49882829240834187                                -0.4296071925710571                                -0.29023558287852025                               -0.17765288764989823                               -0.46780938173986847                               
son     : 0.07407701065627746                                0.7318810564987193                                 -0.12383512282135344                               -0.6643764301031441                                0.0016650760849085107                              -0.04613853737822881                               
36  :
parent#1: -0.38264960890916355                               0.4790744124857008                                 0.26414492176544646                                -0.597470831021331                                 0.17987767867683918                                0.40616138565991555                                
parent#2: 0.3038735900869655                                 -0.5221975628325886                                -0.02918447314908652                               0.5328329040610401                                 0.46610157754066306                                0.36463300578850194                                
son     : -0.07584219475338869                               -0.04151713193795879                               0.22620990968744073                                -0.06223064224713396                               0.6219213066260153                                 0.7420880012100548                                 
37  :
parent#1: -0.38264960890916355                               0.4790744124857008                                 0.26414492176544646                                -0.597470831021331                                 0.17987767867683918                                0.40616138565991555                                
parent#2: 0.36926324609991484                                0.324899404720046                                  -0.5749329227476623                                0.4823941444187145                                 -0.11740575138700562                               0.4254984667480403                                 
son     : -0.011109317872157869                              0.6672163920478755                                 -0.2579223903432901                                -0.09550193053634319                               0.051845337545280964                               0.6901929817357473                                 
38  :
parent#1: -0.38264960890916355                               0.4790744124857008                                 0.26414492176544646                                -0.597470831021331                                 0.17987767867683918                                0.40616138565991555                                
parent#2: -0.4370595259190209                                0.08160633975993586                                0.5449039690966772                                 0.29415182682531626                                -0.5031556767537698                                -0.4070726081461381                                
son     : -0.6047319069090773                                0.4136364059719659                                 0.5968674225599268                                 -0.223770447364437                                 -0.23849498795665908                               -6.722449321335136E-4                              
39  :
parent#1: -0.38264960890916355                               0.4790744124857008                                 0.26414492176544646                                -0.597470831021331                                 0.17987767867683918                                0.40616138565991555                                
parent#2: 0.6908665279259526                                 0.07234460833012493                                0.5426600347526116                                 -0.29079772174101143                               -0.21669612491884965                               0.3024388523235498                                 
son     : 0.20138076905462216                                0.3602825790273664                                 0.5271449832766554                                 -0.5803711387841524                                -0.024056197314750432                              0.4629806220002657                                 
40  :
parent#1: 0.04993849713607218                                0.5669548658757171                                 0.26857884685129363                                -0.1582391697671452                                0.5085053286340128                                 -0.5659650391056736                                
parent#2: -0.08680378310694388                               -0.2804951546984053                                -0.10185592825828224                               -0.9072855994231784                                -0.09594480709107683                               0.2665340060466277                                 
son     : -0.03003614218018874                               0.23339421863201917                                0.13583817826647157                                -0.8681406537630229                                0.33613536845441794                                -0.2439626560669709                                
41  :
parent#1: 0.04993849713607218                                0.5669548658757171                                 0.26857884685129363                                -0.1582391697671452                                0.5085053286340128                                 -0.5659650391056736                                
parent#2: 0.4975869182210506                                 0.07019683068566397                                0.07507069079489455                                -0.3180745730602988                                -0.6276183367518888                                -0.49675732959448554                               
son     : 0.36962213791414017                                0.43012683183853867                                0.23199010171087842                                -0.32154873363628866                               -0.08041052246898393                               -0.7174200556003869                                
42  :
parent#1: 0.04993849713607218                                0.5669548658757171                                 0.26857884685129363                                -0.1582391697671452                                0.5085053286340128                                 -0.5659650391056736                                
parent#2: 0.5256945945046677                                 0.5188591644839944                                 0.3403627085179391                                 0.30892611102502765                                0.3221470091742438                                 0.37332231355347445                                
son     : 0.354886044653462                                  0.6694198996886161                                 0.37542118955348036                                0.09290065727721222                                0.512109062053201                                  -0.11876699914457077                               
43  :
parent#1: 0.04993849713607218                                0.5669548658757171                                 0.26857884685129363                                -0.1582391697671452                                0.5085053286340128                                 -0.5659650391056736                                
parent#2: 0.04993849713607218                                0.5669548658757171                                 0.26857884685129363                                -0.1582391697671452                                0.5085053286340128                                 -0.5659650391056736                                
son     : 0.04993849713607218                                0.5669548658757171                                 0.26857884685129363                                -0.1582391697671452                                0.5085053286340128                                 -0.5659650391056736                                
44  :
parent#1: 0.04993849713607218                                0.5669548658757171                                 0.26857884685129363                                -0.1582391697671452                                0.5085053286340128                                 -0.5659650391056736                                
parent#2: 0.4816275896179255                                 0.49882829240834187                                -0.4296071925710571                                -0.29023558287852025                               -0.17765288764989823                               -0.46780938173986847                               
son     : 0.3163372850029234                                 0.634252182550253                                  -0.09582866733384399                               -0.2668892714932411                                0.19689172339156494                                -0.6152036439959907                                
45  :
parent#1: 0.04993849713607218                                0.5669548658757171                                 0.26857884685129363                                -0.1582391697671452                                0.5085053286340128                                 -0.5659650391056736                                
parent#2: 0.3038735900869655                                 -0.5221975628325886                                -0.02918447314908652                               0.5328329040610401                                 0.46610157754066306                                0.36463300578850194                                
son     : 0.3085142216779976                                 0.03902711357640123                                0.20874518294868222                                0.3266352353538551                                 0.8498299011218834                                 -0.17555588913088863                               
46  :
parent#1: 0.04993849713607218                                0.5669548658757171                                 0.26857884685129363                                -0.1582391697671452                                0.5085053286340128                                 -0.5659650391056736                                
parent#2: 0.36926324609991484                                0.324899404720046                                  -0.5749329227476623                                0.4823941444187145                                 -0.11740575138700562                               0.4254984667480403                                 
son     : 0.36176370317597356                                0.7696544893478688                                 -0.2643781586493398                                0.27974001999044773                                0.33751203008663677                                -0.1212201719302653                                
47  :
parent#1: 0.04993849713607218                                0.5669548658757171                                 0.26857884685129363                                -0.1582391697671452                                0.5085053286340128                                 -0.5659650391056736                                
parent#2: -0.4370595259190209                                0.08160633975993586                                0.5449039690966772                                 0.29415182682531626                                -0.5031556767537698                                -0.4070726081461381                                
son     : -0.2611422895837717                                0.4375033790010577                                 0.5487554260784296                                 0.09168332332440857                                0.003608743097410123                               -0.6563871765204834                                
48  :
parent#1: 0.04993849713607218                                0.5669548658757171                                 0.26857884685129363                                -0.1582391697671452                                0.5085053286340128                                 -0.5659650391056736                                
parent#2: 0.6908665279259526                                 0.07234460833012493                                0.5426600347526116                                 -0.29079772174101143                               -0.21669612491884965                               0.3024388523235498                                 
son     : 0.5275557850753357                                 0.455269773561099                                  0.5777144465675741                                 -0.31977646183965863                               0.2078085708790544                                 -0.1876671454059223                                
49  :
parent#1: 0.4816275896179255                                 0.49882829240834187                                -0.4296071925710571                                -0.29023558287852025                               -0.17765288764989823                               -0.46780938173986847                               
parent#2: -0.08680378310694388                               -0.2804951546984053                                -0.10185592825828224                               -0.9072855994231784                                -0.09594480709107683                               0.2665340060466277                                 
son     : 0.27674192478250126                                0.15303518120549345                                -0.3725158528533045                                -0.83937268090943                                  -0.19177149758968928                               -0.14107896728136946                               
50  :
parent#1: 0.4816275896179255                                 0.49882829240834187                                -0.4296071925710571                                -0.29023558287852025                               -0.17765288764989823                               -0.46780938173986847                               
parent#2: 0.4975869182210506                                 0.07019683068566397                                0.07507069079489455                                -0.3180745730602988                                -0.6276183367518888                                -0.49675732959448554                               
son     : 0.5344249540243917                                 0.3105562905918924                                 -0.19349504336883425                               -0.33199684493811993                               -0.43949209660694627                               -0.5264306403057182                                
51  :
parent#1: 0.4816275896179255                                 0.49882829240834187                                -0.4296071925710571                                -0.29023558287852025                               -0.17765288764989823                               -0.46780938173986847                               
parent#2: 0.5256945945046677                                 0.5188591644839944                                 0.3403627085179391                                 0.30892611102502765                                0.3221470091742438                                 0.37332231355347445                                
son     : 0.6970284961353203                                 0.7042008691899447                                 -0.061753775989854334                              0.012933131952496953                               0.09998441592372537                                -0.06538144407051236                               
52  :
parent#1: 0.4816275896179255                                 0.49882829240834187                                -0.4296071925710571                                -0.29023558287852025                               -0.17765288764989823                               -0.46780938173986847                               
parent#2: -0.38264960890916355                               0.4790744124857008                                 0.26414492176544646                                -0.597470831021331                                 0.17987767867683918                                0.40616138565991555                                
son     : 0.07407701065627746                                0.7318810564987193                                 -0.12383512282135344                               -0.6643764301031441                                0.0016650760849085107                              -0.04613853737822881                               
53  :
parent#1: 0.4816275896179255                                 0.49882829240834187                                -0.4296071925710571                                -0.29023558287852025                               -0.17765288764989823                               -0.46780938173986847                               
parent#2: 0.04993849713607218                                0.5669548658757171                                 0.26857884685129363                                -0.1582391697671452                                0.5085053286340128                                 -0.5659650391056736                                
son     : 0.3163372850029234                                 0.634252182550253                                  -0.09582866733384399                               -0.2668892714932411                                0.19689172339156494                                -0.6152036439959907                                
54  :
parent#1: 0.4816275896179255                                 0.49882829240834187                                -0.4296071925710571                                -0.29023558287852025                               -0.17765288764989823                               -0.46780938173986847                               
parent#2: 0.4816275896179255                                 0.49882829240834187                                -0.4296071925710571                                -0.29023558287852025                               -0.17765288764989823                               -0.46780938173986847                               
son     : 0.4816275896179255                                 0.49882829240834187                                -0.4296071925710571                                -0.29023558287852025                               -0.17765288764989823                               -0.46780938173986847                               
55  :
parent#1: 0.4816275896179255                                 0.49882829240834187                                -0.4296071925710571                                -0.29023558287852025                               -0.17765288764989823                               -0.46780938173986847                               
parent#2: 0.3038735900869655                                 -0.5221975628325886                                -0.02918447314908652                               0.5328329040610401                                 0.46610157754066306                                0.36463300578850194                                
son     : 0.7931727697332321                                 -0.02359750618835288                               -0.4632724502927995                                0.2449666456828157                                 0.2912658213607461                                 -0.10418404707568775                               
56  :
parent#1: 0.4816275896179255                                 0.49882829240834187                                -0.4296071925710571                                -0.29023558287852025                               -0.17765288764989823                               -0.46780938173986847                               
parent#2: 0.36926324609991484                                0.324899404720046                                  -0.5749329227476623                                0.4823941444187145                                 -0.11740575138700562                               0.4254984667480403                                 
son     : 0.5341679528920835                                 0.5171156148889237                                 -0.6306251218995557                                0.12063233159870414                                -0.1852304227304332                                -0.026561732595355464                              
57  :
parent#1: 0.4816275896179255                                 0.49882829240834187                                -0.4296071925710571                                -0.29023558287852025                               -0.17765288764989823                               -0.46780938173986847                               
parent#2: -0.4370595259190209                                0.08160633975993586                                0.5449039690966772                                 0.29415182682531626                                -0.5031556767537698                                -0.4070726081461381                                
son     : 0.03544390822335891                                0.461605690819751                                  0.0916927509624709                                 0.003114494539594156                               -0.5414306629388844                                -0.6957725865158325                                
58  :
parent#1: 0.4816275896179255                                 0.49882829240834187                                -0.4296071925710571                                -0.29023558287852025                               -0.17765288764989823                               -0.46780938173986847                               
parent#2: 0.6908665279259526                                 0.07234460833012493                                0.5426600347526116                                 -0.29079772174101143                               -0.21669612491884965                               0.3024388523235498                                 
son     : 0.7844182537287115                                 0.38212426200736477                                0.07563424985780698                                -0.38872103778449807                               -0.2638261115090351                                -0.11063566116193052                               
59  :
parent#1: 0.3038735900869655                                 -0.5221975628325886                                -0.02918447314908652                               0.5328329040610401                                 0.46610157754066306                                0.36463300578850194                                
parent#2: -0.08680378310694388                               -0.2804951546984053                                -0.10185592825828224                               -0.9072855994231784                                -0.09594480709107683                               0.2665340060466277                                 
son     : 0.18450093181804358                                -0.6822577327009667                                -0.11137926781173753                               -0.31827029367769716                               0.3146189238238549                                 0.5364675236805702                                 
60  :
parent#1: 0.3038735900869655                                 -0.5221975628325886                                -0.02918447314908652                               0.5328329040610401                                 0.46610157754066306                                0.36463300578850194                                
parent#2: 0.4975869182210506                                 0.07019683068566397                                0.07507069079489455                                -0.3180745730602988                                -0.6276183367518888                                -0.49675732959448554                               
son     : 0.8273413002767902                                 -0.4665967562768276                                0.04736797705979607                                0.2216933148590542                                 -0.16673246429124425                               -0.13639088728976217                               
61  :
parent#1: 0.3038735900869655                                 -0.5221975628325886                                -0.02918447314908652                               0.5328329040610401                                 0.46610157754066306                                0.36463300578850194                                
parent#2: 0.5256945945046677                                 0.5188591644839944                                 0.3403627085179391                                 0.30892611102502765                                0.3221470091742438                                 0.37332231355347445                                
son     : 0.5086888397950818                                 -0.002047096325850724                              0.19081360454678534                                0.5161642222115437                                 0.4833517804729985                                 0.45251209266357045                                
62  :
parent#1: 0.3038735900869655                                 -0.5221975628325886                                -0.02918447314908652                               0.5328329040610401                                 0.46610157754066306                                0.36463300578850194                                
parent#2: -0.38264960890916355                               0.4790744124857008                                 0.26414492176544646                                -0.597470831021331                                 0.17987767867683918                                0.40616138565991555                                
son     : -0.07584219475338869                               -0.04151713193795879                               0.22620990968744073                                -0.06223064224713396                               0.6219213066260153                                 0.7420880012100548                                 
63  :
parent#1: 0.3038735900869655                                 -0.5221975628325886                                -0.02918447314908652                               0.5328329040610401                                 0.46610157754066306                                0.36463300578850194                                
parent#2: 0.04993849713607218                                0.5669548658757171                                 0.26857884685129363                                -0.1582391697671452                                0.5085053286340128                                 -0.5659650391056736                                
son     : 0.3085142216779976                                 0.03902711357640123                                0.20874518294868222                                0.3266352353538551                                 0.8498299011218834                                 -0.17555588913088863                               
64  :
parent#1: 0.3038735900869655                                 -0.5221975628325886                                -0.02918447314908652                               0.5328329040610401                                 0.46610157754066306                                0.36463300578850194                                
parent#2: 0.4816275896179255                                 0.49882829240834187                                -0.4296071925710571                                -0.29023558287852025                               -0.17765288764989823                               -0.46780938173986847                               
son     : 0.7931727697332321                                 -0.02359750618835288                               -0.4632724502927995                                0.2449666456828157                                 0.2912658213607461                                 -0.10418404707568775                               
65  :
parent#1: 0.3038735900869655                                 -0.5221975628325886                                -0.02918447314908652                               0.5328329040610401                                 0.46610157754066306                                0.36463300578850194                                
parent#2: 0.3038735900869655                                 -0.5221975628325886                                -0.02918447314908652                               0.5328329040610401                                 0.46610157754066306                                0.36463300578850194                                
son     : 0.3038735900869655                                 -0.5221975628325886                                -0.02918447314908652                               0.5328329040610401                                 0.46610157754066306                                0.36463300578850194                                
66  :
parent#1: 0.3038735900869655                                 -0.5221975628325886                                -0.02918447314908652                               0.5328329040610401                                 0.46610157754066306                                0.36463300578850194                                
parent#2: 0.36926324609991484                                0.324899404720046                                  -0.5749329227476623                                0.4823941444187145                                 -0.11740575138700562                               0.4254984667480403                                 
son     : 0.41479173417319004                                -0.12157653652749661                               -0.3722614612917064                                0.6255901703491623                                 0.21486886269447006                                0.4868846660878019                                 
67  :
parent#1: 0.3038735900869655                                 -0.5221975628325886                                -0.02918447314908652                               0.5328329040610401                                 0.46610157754066306                                0.36463300578850194                                
parent#2: -0.4370595259190209                                0.08160633975993586                                0.5449039690966772                                 0.29415182682531626                                -0.5031556767537698                                -0.4070726081461381                                
son     : -0.12339949288761891                               -0.40821677723133565                               0.47782465824649223                                0.7662182630594163                                 -0.03433138059014477                               -0.0393211593744273                                
68  :
parent#1: 0.3038735900869655                                 -0.5221975628325886                                -0.02918447314908652                               0.5328329040610401                                 0.46610157754066306                                0.36463300578850194                                
parent#2: 0.6908665279259526                                 0.07234460833012493                                0.5426600347526116                                 -0.29079772174101143                               -0.21669612491884965                               0.3024388523235498                                 
son     : 0.6996713033263123                                 -0.31641350065449314                               0.3611637943496343                                 0.17024051649083777                                0.17542455052599665                                0.46919896757547175                                
69  :
parent#1: 0.36926324609991484                                0.324899404720046                                  -0.5749329227476623                                0.4823941444187145                                 -0.11740575138700562                               0.4254984667480403                                 
parent#2: -0.08680378310694388                               -0.2804951546984053                                -0.10185592825828224                               -0.9072855994231784                                -0.09594480709107683                               0.2665340060466277                                 
son     : 0.25317079098454015                                0.03979990254861392                                -0.6066115361231744                                -0.3808337826823992                                -0.1912278989507024                                0.6202745224675772                                 
70  :
parent#1: 0.36926324609991484                                0.324899404720046                                  -0.5749329227476623                                0.4823941444187145                                 -0.11740575138700562                               0.4254984667480403                                 
parent#2: 0.4975869182210506                                 0.07019683068566397                                0.07507069079489455                                -0.3180745730602988                                -0.6276183367518888                                -0.49675732959448554                               
son     : 0.6563032415464545                                 0.29913236530639614                                -0.3784520285743145                                0.1244084292428205                                 -0.5640671758524369                                -0.05395098784075423                               
71  :
parent#1: 0.36926324609991484                                0.324899404720046                                  -0.5749329227476623                                0.4823941444187145                                 -0.11740575138700562                               0.4254984667480403                                 
parent#2: 0.5256945945046677                                 0.5188591644839944                                 0.3403627085179391                                 0.30892611102502765                                0.3221470091742438                                 0.37332231355347445                                
son     : 0.5278978963313002                                 0.4976976048317777                                 -0.13836307925991392                               0.4667664544856099                                 0.12076823552391373                                0.47119069785681045                                
72  :
parent#1: 0.36926324609991484                                0.324899404720046                                  -0.5749329227476623                                0.4823941444187145                                 -0.11740575138700562                               0.4254984667480403                                 
parent#2: -0.38264960890916355                               0.4790744124857008                                 0.26414492176544646                                -0.597470831021331                                 0.17987767867683918                                0.40616138565991555                                
son     : -0.011109317872157869                              0.6672163920478755                                 -0.2579223903432901                                -0.09550193053634319                               0.051845337545280964                               0.6901929817357473                                 
73  :
parent#1: 0.36926324609991484                                0.324899404720046                                  -0.5749329227476623                                0.4823941444187145                                 -0.11740575138700562                               0.4254984667480403                                 
parent#2: 0.04993849713607218                                0.5669548658757171                                 0.26857884685129363                                -0.1582391697671452                                0.5085053286340128                                 -0.5659650391056736                                
son     : 0.36176370317597356                                0.7696544893478688                                 -0.2643781586493398                                0.27974001999044773                                0.33751203008663677                                -0.1212201719302653                                
74  :
parent#1: 0.36926324609991484                                0.324899404720046                                  -0.5749329227476623                                0.4823941444187145                                 -0.11740575138700562                               0.4254984667480403                                 
parent#2: 0.4816275896179255                                 0.49882829240834187                                -0.4296071925710571                                -0.29023558287852025                               -0.17765288764989823                               -0.46780938173986847                               
son     : 0.5341679528920835                                 0.5171156148889237                                 -0.6306251218995557                                0.12063233159870414                                -0.1852304227304332                                -0.026561732595355464                              
75  :
parent#1: 0.36926324609991484                                0.324899404720046                                  -0.5749329227476623                                0.4823941444187145                                 -0.11740575138700562                               0.4254984667480403                                 
parent#2: 0.3038735900869655                                 -0.5221975628325886                                -0.02918447314908652                               0.5328329040610401                                 0.46610157754066306                                0.36463300578850194                                
son     : 0.41479173417319004                                -0.12157653652749661                               -0.3722614612917064                                0.6255901703491623                                 0.21486886269447006                                0.4868846660878019                                 
76  :
parent#1: 0.36926324609991484                                0.324899404720046                                  -0.5749329227476623                                0.4823941444187145                                 -0.11740575138700562                               0.4254984667480403                                 
parent#2: 0.36926324609991484                                0.324899404720046                                  -0.5749329227476623                                0.4823941444187145                                 -0.11740575138700562                               0.4254984667480403                                 
son     : 0.36926324609991484                                0.324899404720046                                  -0.5749329227476623                                0.4823941444187145                                 -0.11740575138700562                               0.4254984667480403                                 
77  :
parent#1: 0.36926324609991484                                0.324899404720046                                  -0.5749329227476623                                0.4823941444187145                                 -0.11740575138700562                               0.4254984667480403                                 
parent#2: -0.4370595259190209                                0.08160633975993586                                0.5449039690966772                                 0.29415182682531626                                -0.5031556767537698                                -0.4070726081461381                                
son     : -0.06296885676532929                               0.37756056920441566                                -0.027890746900963607                              0.7212521419380094                                 -0.5763744528010579                                0.01711384834355487                                
78  :
parent#1: 0.36926324609991484                                0.324899404720046                                  -0.5749329227476623                                0.4823941444187145                                 -0.11740575138700562                               0.4254984667480403                                 
parent#2: 0.6908665279259526                                 0.07234460833012493                                0.5426600347526116                                 -0.29079772174101143                               -0.21669612491884965                               0.3024388523235498                                 
son     : 0.7570529790403286                                 0.2836773108857417                                 -0.02304650486902731                               0.13682159120085788                                -0.2385866588764816                                0.519829863720374                                  
79  :
parent#1: -0.4370595259190209                                0.08160633975993586                                0.5449039690966772                                 0.29415182682531626                                -0.5031556767537698                                -0.4070726081461381                                
parent#2: -0.08680378310694388                               -0.2804951546984053                                -0.10185592825828224                               -0.9072855994231784                                -0.09594480709107683                               0.2665340060466277                                 
son     : -0.4657921714470422                                -0.1768416519930907                                0.39393541300149604                                -0.5451668525075499                                -0.5326891776481211                                -0.12495965935422718                               
80  :
parent#1: -0.4370595259190209                                0.08160633975993586                                0.5449039690966772                                 0.29415182682531626                                -0.5031556767537698                                -0.4070726081461381                                
parent#2: 0.4975869182210506                                 0.07019683068566397                                0.07507069079489455                                -0.3180745730602988                                -0.6276183367518888                                -0.49675732959448554                               
son     : 0.03822582451223427                                0.0958706650519239                                 0.3915424347506977                                 -0.015108311537130105                              -0.7141356559286736                                -0.570810062600667                                 
81  :
parent#1: -0.4370595259190209                                0.08160633975993586                                0.5449039690966772                                 0.29415182682531626                                -0.5031556767537698                                -0.4070726081461381                                
parent#2: 0.5256945945046677                                 0.5188591644839944                                 0.3403627085179391                                 0.30892611102502765                                0.3221470091742438                                 0.37332231355347445                                
son     : 0.0711998704429763                                 0.48234933181478384                                0.7111279289273514                                 0.48444787968399206                                -0.14540287367482235                               -0.02711135265933636                               
82  :
parent#1: -0.4370595259190209                                0.08160633975993586                                0.5449039690966772                                 0.29415182682531626                                -0.5031556767537698                                -0.4070726081461381                                
parent#2: -0.38264960890916355                               0.4790744124857008                                 0.26414492176544646                                -0.597470831021331                                 0.17987767867683918                                0.40616138565991555                                
son     : -0.6047319069090773                                0.4136364059719659                                 0.5968674225599268                                 -0.223770447364437                                 -0.23849498795665908                               -6.722449321335136E-4                              
83  :
parent#1: -0.4370595259190209                                0.08160633975993586                                0.5449039690966772                                 0.29415182682531626                                -0.5031556767537698                                -0.4070726081461381                                
parent#2: 0.04993849713607218                                0.5669548658757171                                 0.26857884685129363                                -0.1582391697671452                                0.5085053286340128                                 -0.5659650391056736                                
son     : -0.2611422895837717                                0.4375033790010577                                 0.5487554260784296                                 0.09168332332440857                                0.003608743097410123                               -0.6563871765204834                                
84  :
parent#1: -0.4370595259190209                                0.08160633975993586                                0.5449039690966772                                 0.29415182682531626                                -0.5031556767537698                                -0.4070726081461381                                
parent#2: 0.4816275896179255                                 0.49882829240834187                                -0.4296071925710571                                -0.29023558287852025                               -0.17765288764989823                               -0.46780938173986847                               
son     : 0.03544390822335891                                0.461605690819751                                  0.0916927509624709                                 0.003114494539594156                               -0.5414306629388844                                -0.6957725865158325                                
85  :
parent#1: -0.4370595259190209                                0.08160633975993586                                0.5449039690966772                                 0.29415182682531626                                -0.5031556767537698                                -0.4070726081461381                                
parent#2: 0.3038735900869655                                 -0.5221975628325886                                -0.02918447314908652                               0.5328329040610401                                 0.46610157754066306                                0.36463300578850194                                
son     : -0.12339949288761891                               -0.40821677723133565                               0.47782465824649223                                0.7662182630594163                                 -0.03433138059014477                               -0.0393211593744273                                
86  :
parent#1: -0.4370595259190209                                0.08160633975993586                                0.5449039690966772                                 0.29415182682531626                                -0.5031556767537698                                -0.4070726081461381                                
parent#2: 0.36926324609991484                                0.324899404720046                                  -0.5749329227476623                                0.4823941444187145                                 -0.11740575138700562                               0.4254984667480403                                 
son     : -0.06296885676532929                               0.37756056920441566                                -0.027890746900963607                              0.7212521419380094                                 -0.5763744528010579                                0.01711384834355487                                
87  :
parent#1: -0.4370595259190209                                0.08160633975993586                                0.5449039690966772                                 0.29415182682531626                                -0.5031556767537698                                -0.4070726081461381                                
parent#2: -0.4370595259190209                                0.08160633975993586                                0.5449039690966772                                 0.29415182682531626                                -0.5031556767537698                                -0.4070726081461381                                
son     : -0.4370595259190209                                0.08160633975993586                                0.5449039690966772                                 0.29415182682531626                                -0.5031556767537698                                -0.4070726081461381                                
88  :
parent#1: -0.4370595259190209                                0.08160633975993586                                0.5449039690966772                                 0.29415182682531626                                -0.5031556767537698                                -0.4070726081461381                                
parent#2: 0.6908665279259526                                 0.07234460833012493                                0.5426600347526116                                 -0.29079772174101143                               -0.21669612491884965                               0.3024388523235498                                 
son     : 0.1891733938786466                                 0.11474633524979254                                0.8106087382995075                                 0.0024999603525762506                              -0.536536846246459                                 -0.07798808758904156                               
89  :
parent#1: 0.6908665279259526                                 0.07234460833012493                                0.5426600347526116                                 -0.29079772174101143                               -0.21669612491884965                               0.3024388523235498                                 
parent#2: -0.08680378310694388                               -0.2804951546984053                                -0.10185592825828224                               -0.9072855994231784                                -0.09594480709107683                               0.2665340060466277                                 
son     : 0.3851829382947903                                 -0.13272799844960284                               0.28108043809715255                                -0.7639624491430508                                -0.19935669573346568                               0.362807736905999                                  
90  :
parent#1: 0.6908665279259526                                 0.07234460833012493                                0.5426600347526116                                 -0.29079772174101143                               -0.21669612491884965                               0.3024388523235498                                 
parent#2: 0.4975869182210506                                 0.07019683068566397                                0.07507069079489455                                -0.3180745730602988                                -0.6276183367518888                                -0.49675732959448554                               
son     : 0.6936295689310241                                 0.08319295738497097                                0.3605326723281393                                 -0.35536253333800066                               -0.49277611839956276                               -0.11341213411576934                               
91  :
parent#1: 0.6908665279259526                                 0.07234460833012493                                0.5426600347526116                                 -0.29079772174101143                               -0.21669612491884965                               0.3024388523235498                                 
parent#2: 0.5256945945046677                                 0.5188591644839944                                 0.3403627085179391                                 0.30892611102502765                                0.3221470091742438                                 0.37332231355347445                                
son     : 0.6934957659289919                                 0.3370133285442214                                 0.5033635568212507                                 0.010334015266293971                               0.06011185167455867                                0.38521492975103805                                
92  :
parent#1: 0.6908665279259526                                 0.07234460833012493                                0.5426600347526116                                 -0.29079772174101143                               -0.21669612491884965                               0.3024388523235498                                 
parent#2: -0.38264960890916355                               0.4790744124857008                                 0.26414492176544646                                -0.597470831021331                                 0.17987767867683918                                0.40616138565991555                                
son     : 0.20138076905462216                                0.3602825790273664                                 0.5271449832766554                                 -0.5803711387841524                                -0.024056197314750432                              0.4629806220002657                                 
93  :
parent#1: 0.6908665279259526                                 0.07234460833012493                                0.5426600347526116                                 -0.29079772174101143                               -0.21669612491884965                               0.3024388523235498                                 
parent#2: 0.04993849713607218                                0.5669548658757171                                 0.26857884685129363                                -0.1582391697671452                                0.5085053286340128                                 -0.5659650391056736                                
son     : 0.5275557850753357                                 0.455269773561099                                  0.5777144465675741                                 -0.31977646183965863                               0.2078085708790544                                 -0.1876671454059223                                
94  :
parent#1: 0.6908665279259526                                 0.07234460833012493                                0.5426600347526116                                 -0.29079772174101143                               -0.21669612491884965                               0.3024388523235498                                 
parent#2: 0.4816275896179255                                 0.49882829240834187                                -0.4296071925710571                                -0.29023558287852025                               -0.17765288764989823                               -0.46780938173986847                               
son     : 0.7844182537287115                                 0.38212426200736477                                0.07563424985780698                                -0.38872103778449807                               -0.2638261115090351                                -0.11063566116193052                               
95  :
parent#1: 0.6908665279259526                                 0.07234460833012493                                0.5426600347526116                                 -0.29079772174101143                               -0.21669612491884965                               0.3024388523235498                                 
parent#2: 0.3038735900869655                                 -0.5221975628325886                                -0.02918447314908652                               0.5328329040610401                                 0.46610157754066306                                0.36463300578850194                                
son     : 0.6996713033263123                                 -0.31641350065449314                               0.3611637943496343                                 0.17024051649083777                                0.17542455052599665                                0.46919896757547175                                
96  :
parent#1: 0.6908665279259526                                 0.07234460833012493                                0.5426600347526116                                 -0.29079772174101143                               -0.21669612491884965                               0.3024388523235498                                 
parent#2: 0.36926324609991484                                0.324899404720046                                  -0.5749329227476623                                0.4823941444187145                                 -0.11740575138700562                               0.4254984667480403                                 
son     : 0.7570529790403286                                 0.2836773108857417                                 -0.02304650486902731                               0.13682159120085788                                -0.2385866588764816                                0.519829863720374                                  
97  :
parent#1: 0.6908665279259526                                 0.07234460833012493                                0.5426600347526116                                 -0.29079772174101143                               -0.21669612491884965                               0.3024388523235498                                 
parent#2: -0.4370595259190209                                0.08160633975993586                                0.5449039690966772                                 0.29415182682531626                                -0.5031556767537698                                -0.4070726081461381                                
son     : 0.1891733938786466                                 0.11474633524979254                                0.8106087382995075                                 0.0024999603525762506                              -0.536536846246459                                 -0.07798808758904156                               
98  :
parent#1: 0.6908665279259526                                 0.07234460833012493                                0.5426600347526116                                 -0.29079772174101143                               -0.21669612491884965                               0.3024388523235498                                 
parent#2: 0.6908665279259526                                 0.07234460833012493                                0.5426600347526116                                 -0.29079772174101143                               -0.21669612491884965                               0.3024388523235498                                 
son     : 0.6908665279259526                                 0.07234460833012493                                0.5426600347526116                                 -0.29079772174101143                               -0.21669612491884965                               0.3024388523235498                                 

0   :
parent#1: 0.04993849713607218                                0.5669548658757171                                 0.26857884685129363                                -0.1582391697671452                                0.5085053286340128                                 -0.5659650391056736                                
parent#2: -0.38264960890916355                               0.4790744124857008                                 0.26414492176544646                                -0.597470831021331                                 0.17987767867683918                                0.40616138565991555                                
son:      -0.20797797887482145                               0.653873728467071                                  0.3330060487160693                                 -0.4723949186484265                                0.4303087618243517                                 -0.09989339004441739                               
mutated:  -0.20797797887482145                               0.653873728467071                                  0.3330060487160693                                 -0.4723949186484265                                0.4303087618243517                                 -0.09989339004441739                               

