0   :
parent#1: 0.49074531506549035                                -0.4601237602946077                                0.337391303423094                                  0.4698898758384546                                 -0.43895479156661493                               -0.14193119767450682                               
parent#2: 0.49074531506549035                                -0.4601237602946077                                0.337391303423094                                  0.4698898758384546                                 -0.43895479156661493                               -0.14193119767450682                               
son     : 0.4907453150654904                                 -0.4601237602946078                                0.33739130342309404                                0.46988987583845465                                -0.438954791566615                                 -0.14193119767450685                               
1   :
parent#1: 0.49074531506549035                                -0.4601237602946077                                0.337391303423094                                  0.4698898758384546                                 -0.43895479156661493                               -0.14193119767450682                               
parent#2: 0.6908665279259526                                 0.07234460833012493                                0.5426600347526116                                 -0.29079772174101143                               -0.21669612491884965                               0.3024388523235498                                 
son     : 0.7811144485229152                                 -0.20371955548987064                               0.46233446670140066                                0.09408596062894121                                -0.34444583363052717                               0.08432260448292385                                
2   :
parent#1: 0.49074531506549035                                -0.4601237602946077                                0.337391303423094                                  0.4698898758384546                                 -0.43895479156661493                               -0.14193119767450682                               
parent#2: -0.5266067726939471                                -0.5728180854091484                                -0.5275008527002146                                -0.09691948076312985                               0.045205691205705986                               -0.32383739455601684                               
son     : -0.030932999953323735                              -0.7693449997415345                                -0.16398270086626818                               0.32171289112077983                                -0.3396359687683284                                -0.4017577866186271                                
3   :
parent#1: 0.49074531506549035                                -0.4601237602946077                                0.337391303423094                                  0.4698898758384546                                 -0.43895479156661493                               -0.14193119767450682                               
parent#2: -0.5306178322870726                                0.35010107929222384                                0.4682942658139714                                 0.29513520474084753                                -0.4890107119689661                                -0.2243616844412706                                
son     : -0.024030912132292557                              -0.06630996897021647                               0.6487724917780768                                 0.4610757426784731                                 -0.5592788976260489                                -0.22076238668081619                               
4   :
parent#1: 0.49074531506549035                                -0.4601237602946077                                0.337391303423094                                  0.4698898758384546                                 -0.43895479156661493                               -0.14193119767450682                               
parent#2: -0.37220527354127375                               -0.3761116468098133                                -0.13179808138913535                               0.3946195767254984                                 -0.48639795864464486                               -0.5570681688227478                                
son     : 0.07024338346687399                                -0.49552879866178645                               0.12182856820217369                                0.5122831762698624                                 -0.5483371461611739                                -0.4142067095019363                                
5   :
parent#1: 0.49074531506549035                                -0.4601237602946077                                0.337391303423094                                  0.4698898758384546                                 -0.43895479156661493                               -0.14193119767450682                               
parent#2: 0.10293329530858125                                0.35607264777945324                                0.5218977969483999                                 0.6175344961345101                                 -0.4124178299107178                                -0.19698318561817274                               
son     : 0.3358972150122636                                 -0.05887104285388703                               0.48617688200575937                                0.6152534581834264                                 -0.4816978201585141                                -0.19175425135138363                               
6   :
parent#1: 0.49074531506549035                                -0.4601237602946077                                0.337391303423094                                  0.4698898758384546                                 -0.43895479156661493                               -0.14193119767450682                               
parent#2: -0.2024131620885535                                0.201948072470656                                  0.3934345654259352                                 -0.4966033564673385                                -0.6715458441202526                                0.25664453268479315                                
son     : 0.041824787817625046                               -0.1897589709521018                                0.5371565618236408                                 -0.019634391748546497                              -0.8162172807429047                                0.08431423031931272                                
7   :
parent#1: 0.49074531506549035                                -0.4601237602946077                                0.337391303423094                                  0.4698898758384546                                 -0.43895479156661493                               -0.14193119767450682                               
parent#2: -0.31804393017868704                               0.06382250409050676                                -0.6551511177669819                                -0.37866509305000706                               0.04910216239145787                                -0.5654674918071759                                
son     : 0.14953161035591214                                -0.3386987080414701                                -0.338217158624766                                 0.09709782495491834                                -0.4149513014862207                                -0.7529409446106063                                
8   :
parent#1: 0.49074531506549035                                -0.4601237602946077                                0.337391303423094                                  0.4698898758384546                                 -0.43895479156661493                               -0.14193119767450682                               
parent#2: -0.3421741524732287                                0.12357659631713436                                0.5871220511618845                                 -0.5040255266265009                                0.5152318057062633                                 -0.05854764007970732                               
son     : 0.14587988538612576                                -0.3304508146227337                                0.9077663515020775                                 -0.03351730401549929                               0.07489530192898522                                -0.1968472842484961                                
9   :
parent#1: 0.49074531506549035                                -0.4601237602946077                                0.337391303423094                                  0.4698898758384546                                 -0.43895479156661493                               -0.14193119767450682                               
parent#2: 0.42438881151852653                                0.03224904728322666                                -0.12631550009456682                               -0.4421613258516074                                0.5761956668138181                                 -0.5247765672257142                                
son     : 0.7400347651778026                                 -0.34600628866377076                               0.1706891132276028                                 0.02242304202427044                                0.11098156645678948                                -0.5391416513794011                                
10  :
parent#1: 0.6908665279259526                                 0.07234460833012493                                0.5426600347526116                                 -0.29079772174101143                               -0.21669612491884965                               0.3024388523235498                                 
parent#2: 0.49074531506549035                                -0.4601237602946077                                0.337391303423094                                  0.4698898758384546                                 -0.43895479156661493                               -0.14193119767450682                               
son     : 0.7050430443698131                                 -0.23137970008156328                               0.525108205667858                                  0.10686053825251263                                -0.3912131728745018                                0.09577155658149523                                
11  :
parent#1: 0.6908665279259526                                 0.07234460833012493                                0.5426600347526116                                 -0.29079772174101143                               -0.21669612491884965                               0.3024388523235498                                 
parent#2: 0.6908665279259526                                 0.07234460833012493                                0.5426600347526116                                 -0.29079772174101143                               -0.21669612491884965                               0.3024388523235498                                 
son     : 0.6908665279259526                                 0.07234460833012493                                0.5426600347526116                                 -0.29079772174101143                               -0.21669612491884965                               0.3024388523235498                                 
12  :
parent#1: 0.6908665279259526                                 0.07234460833012493                                0.5426600347526116                                 -0.29079772174101143                               -0.21669612491884965                               0.3024388523235498                                 
parent#2: -0.5266067726939471                                -0.5728180854091484                                -0.5275008527002146                                -0.09691948076312985                               0.045205691205705986                               -0.32383739455601684                               
son     : 0.2427488077995063                                 -0.7396171979229557                                0.02240276910943567                                -0.5729820340856168                                -0.2534345571992827                                -0.0316235136734615                                
13  :
parent#1: 0.6908665279259526                                 0.07234460833012493                                0.5426600347526116                                 -0.29079772174101143                               -0.21669612491884965                               0.3024388523235498                                 
parent#2: -0.5306178322870726                                0.35010107929222384                                0.4682942658139714                                 0.29513520474084753                                -0.4890107119689661                                -0.2243616844412706                                
son     : 0.12182406776068487                                0.3211511449059669                                 0.768546444163993                                  0.0032974360307657206                              -0.5364915899842186                                0.05935572924779174                                
14  :
parent#1: 0.6908665279259526                                 0.07234460833012493                                0.5426600347526116                                 -0.29079772174101143                               -0.21669612491884965                               0.3024388523235498                                 
parent#2: -0.37220527354127375                               -0.3761116468098133                                -0.13179808138913535                               0.3946195767254984                                 -0.48639795864464486                               -0.5570681688227478                                
son     : 0.32997834644876184                                -0.314555170055793                                 0.42545350626758416                                0.10750903525807284                                -0.728064111654185                                 -0.2636723469190723                                
15  :
parent#1: 0.6908665279259526                                 0.07234460833012493                                0.5426600347526116                                 -0.29079772174101143                               -0.21669612491884965                               0.3024388523235498                                 
parent#2: 0.10293329530858125                                0.35607264777945324                                0.5218977969483999                                 0.6175344961345101                                 -0.4124178299107178                                -0.19698318561817274                               
son     : 0.5060460518269866                                 0.27311528000271196                                0.6786538267023866                                 0.20829414397546775                                -0.40105908778553845                               0.06722781010656821                                
16  :
parent#1: 0.6908665279259526                                 0.07234460833012493                                0.5426600347526116                                 -0.29079772174101143                               -0.21669612491884965                               0.3024388523235498                                 
parent#2: -0.2024131620885535                                0.201948072470656                                  0.3934345654259352                                 -0.4966033564673385                                -0.6715458441202526                                0.25664453268479315                                
son     : 0.2862555487475427                                 0.16074779569888328                                0.5485933605848533                                 -0.4614522971717439                                -0.520549575560767                                 0.3276479032892421                                 
17  :
parent#1: 0.6908665279259526                                 0.07234460833012493                                0.5426600347526116                                 -0.29079772174101143                               -0.21669612491884965                               0.3024388523235498                                 
parent#2: -0.3421741524732287                                0.12357659631713436                                0.5871220511618845                                 -0.5040255266265009                                0.5152318057062633                                 -0.05854764007970732                               
son     : 0.23419957264708613                                0.13159066739361935                                0.7588192353273366                                 -0.5338438067536072                                0.20051177995946345                                0.16380976958766905                                
18  :
parent#1: 0.6908665279259526                                 0.07234460833012493                                0.5426600347526116                                 -0.29079772174101143                               -0.21669612491884965                               0.3024388523235498                                 
parent#2: 0.42438881151852653                                0.03224904728322666                                -0.12631550009456682                               -0.4421613258516074                                0.5761956668138181                                 -0.5247765672257142                                
son     : 0.7616649029999473                                 0.07143235610675086                                0.2843429736573477                                 -0.5005752155068326                                0.24552062117214202                                -0.15184579536605539                               
19  :
parent#1: -0.5266067726939471                                -0.5728180854091484                                -0.5275008527002146                                -0.09691948076312985                               0.045205691205705986                               -0.32383739455601684                               
parent#2: 0.49074531506549035                                -0.4601237602946077                                0.337391303423094                                  0.4698898758384546                                 -0.43895479156661493                               -0.14193119767450682                               
son     : -0.028214791830126946                              -0.8126897531915184                                -0.14957287607620462                               0.29344267499880083                                -0.30979077914465974                               -0.36645370098864694                               
20  :
parent#1: -0.5266067726939471                                -0.5728180854091484                                -0.5275008527002146                                -0.09691948076312985                               0.045205691205705986                               -0.32383739455601684                               
parent#2: 0.6908665279259526                                 0.07234460833012493                                0.5426600347526116                                 -0.29079772174101143                               -0.21669612491884965                               0.3024388523235498                                 
son     : 0.2427488077995063                                 -0.7396171979229557                                0.02240276910943567                                -0.5729820340856168                                -0.2534345571992827                                -0.0316235136734615                                
21  :
parent#1: -0.5266067726939471                                -0.5728180854091484                                -0.5275008527002146                                -0.09691948076312985                               0.045205691205705986                               -0.32383739455601684                               
parent#2: -0.5306178322870726                                0.35010107929222384                                0.4682942658139714                                 0.29513520474084753                                -0.4890107119689661                                -0.2243616844412706                                
son     : -0.8090462152130702                                -0.17043526041064747                               -0.045308125454438186                              0.1516855363792542                                 -0.3396239272614354                                -0.41951198255928673                               
22  :
parent#1: -0.5266067726939471                                -0.5728180854091484                                -0.5275008527002146                                -0.09691948076312985                               0.045205691205705986                               -0.32383739455601684                               
parent#2: -0.37220527354127375                               -0.3761116468098133                                -0.13179808138913535                               0.3946195767254984                                 -0.48639795864464486                               -0.5570681688227478                                
son     : -0.5022725889630935                                -0.5302792673307586                                -0.3684282869958373                                0.1663602513560981                                 -0.24654629777743375                               -0.492266119266556                                 
23  :
parent#1: -0.5266067726939471                                -0.5728180854091484                                -0.5275008527002146                                -0.09691948076312985                               0.045205691205705986                               -0.32383739455601684                               
parent#2: 0.10293329530858125                                0.35607264777945324                                0.5218977969483999                                 0.6175344961345101                                 -0.4124178299107178                                -0.19698318561817274                               
son     : -0.4456887036096865                                -0.22800812008967566                               -0.00589420576829662                               0.5476675875784291                                 -0.38629348020365406                               -0.5478838340875033                                
24  :
parent#1: -0.5266067726939471                                -0.5728180854091484                                -0.5275008527002146                                -0.09691948076312985                               0.045205691205705986                               -0.32383739455601684                               
parent#2: -0.2024131620885535                                0.201948072470656                                  0.3934345654259352                                 -0.4966033564673385                                -0.6715458441202526                                0.25664453268479315                                
son     : -0.6083463399904978                                -0.3094804465815769                                -0.11187449243586896                               -0.4952778771922801                                -0.5226629910035754                                -0.05607052652825099                               
25  :
parent#1: -0.5266067726939471                                -0.5728180854091484                                -0.5275008527002146                                -0.09691948076312985                               0.045205691205705986                               -0.32383739455601684                               
parent#2: -0.31804393017868704                               0.06382250409050676                                -0.6551511177669819                                -0.37866509305000706                               0.04910216239145787                                -0.5654674918071759                                
son     : -0.4582706396947712                                -0.2761588072553573                                -0.6416553886701836                                -0.2580314514971472                                0.051167328990822                                  -0.4824980524745978                                
26  :
parent#1: -0.5266067726939471                                -0.5728180854091484                                -0.5275008527002146                                -0.09691948076312985                               0.045205691205705986                               -0.32383739455601684                               
parent#2: -0.3421741524732287                                0.12357659631713436                                0.5871220511618845                                 -0.5040255266265009                                0.5152318057062633                                 -0.05854764007970732                               
son     : -0.6508870419865267                                -0.3365698480505395                                0.044667952969778414                               -0.45022549059895783                               0.4198774328674073                                 -0.28648127149668867                               
27  :
parent#1: -0.5266067726939471                                -0.5728180854091484                                -0.5275008527002146                                -0.09691948076312985                               0.045205691205705986                               -0.32383739455601684                               
parent#2: 0.42438881151852653                                0.03224904728322666                                -0.12631550009456682                               -0.4421613258516074                                0.5761956668138181                                 -0.5247765672257142                                
son     : -0.07008743029655537                               -0.37065007308360304                               -0.4482999614383942                                -0.3696296426122275                                0.42607408586086054                                -0.5818661535714795                                
28  :
parent#1: -0.5306178322870726                                0.35010107929222384                                0.4682942658139714                                 0.29513520474084753                                -0.4890107119689661                                -0.2243616844412706                                
parent#2: 0.49074531506549035                                -0.4601237602946077                                0.337391303423094                                  0.4698898758384546                                 -0.43895479156661493                               -0.14193119767450682                               
son     : -0.026620881892861926                              -0.07345663129879158                               0.5379158848248916                                 0.5107689138862604                                 -0.6195560699864576                                -0.2445554038841082                                
29  :
parent#1: -0.5306178322870726                                0.35010107929222384                                0.4682942658139714                                 0.29513520474084753                                -0.4890107119689661                                -0.2243616844412706                                
parent#2: 0.6908665279259526                                 0.07234460833012493                                0.5426600347526116                                 -0.29079772174101143                               -0.21669612491884965                               0.3024388523235498                                 
son     : 0.12182406776068487                                0.3211511449059669                                 0.768546444163993                                  0.0032974360307657206                              -0.5364915899842186                                0.05935572924779174                                
30  :
parent#1: -0.5306178322870726                                0.35010107929222384                                0.4682942658139714                                 0.29513520474084753                                -0.4890107119689661                                -0.2243616844412706                                
parent#2: -0.5306178322870726                                0.35010107929222384                                0.4682942658139714                                 0.29513520474084753                                -0.4890107119689661                                -0.2243616844412706                                
son     : -0.5306178322870727                                0.3501010792922239                                 0.46829426581397143                                0.2951352047408476                                 -0.48901071196896617                               -0.22436168444127064                               
31  :
parent#1: -0.5306178322870726                                0.35010107929222384                                0.4682942658139714                                 0.29513520474084753                                -0.4890107119689661                                -0.2243616844412706                                
parent#2: -0.37220527354127375                               -0.3761116468098133                                -0.13179808138913535                               0.3946195767254984                                 -0.48639795864464486                               -0.5570681688227478                                
son     : -0.5241524759092008                                -0.015100968590784032                              0.1953597632378397                                 0.4004512890086952                                 -0.5662935146706719                                -0.45367513269600973                               
32  :
parent#1: -0.5306178322870726                                0.35010107929222384                                0.4682942658139714                                 0.29513520474084753                                -0.4890107119689661                                -0.2243616844412706                                
parent#2: 0.10293329530858125                                0.35607264777945324                                0.5218977969483999                                 0.6175344961345101                                 -0.4124178299107178                                -0.19698318561817274                               
son     : -0.22909363438747712                               0.3782692420603855                                 0.5304065936133501                                 0.48888094071865507                                -0.4828594979345876                                -0.22569772639989463                               
33  :
parent#1: -0.5306178322870726                                0.35010107929222384                                0.4682942658139714                                 0.29513520474084753                                -0.4890107119689661                                -0.2243616844412706                                
parent#2: -0.2024131620885535                                0.201948072470656                                  0.3934345654259352                                 -0.4966033564673385                                -0.6715458441202526                                0.25664453268479315                                
son     : -0.4251193088154995                                0.3201593870249885                                 0.4997572652915347                                 -0.11684090040865792                               -0.6730615823225691                                0.018722349037330555                               
34  :
parent#1: -0.5306178322870726                                0.35010107929222384                                0.4682942658139714                                 0.29513520474084753                                -0.4890107119689661                                -0.2243616844412706                                
parent#2: -0.31804393017868704                               0.06382250409050676                                -0.6551511177669819                                -0.37866509305000706                               0.04910216239145787                                -0.5654674918071759                                
son     : -0.6413810579856075                                0.3128251531727528                                 -0.14121815156284628                               -0.06312819842558878                               -0.3324634423555992                                -0.5969179891153257                                
35  :
parent#1: -0.5306178322870726                                0.35010107929222384                                0.4682942658139714                                 0.29513520474084753                                -0.4890107119689661                                -0.2243616844412706                                
parent#2: -0.3421741524732287                                0.12357659631713436                                0.5871220511618845                                 -0.5040255266265009                                0.5152318057062633                                 -0.05854764007970732                               
son     : -0.585199933445708                                 0.3175970323758664                                 0.7076480641849702                                 -0.14005926337477642                               0.017581030277396634                               -0.1896884031609371                                
36  :
parent#1: -0.5306178322870726                                0.35010107929222384                                0.4682942658139714                                 0.29513520474084753                                -0.4890107119689661                                -0.2243616844412706                                
parent#2: 0.42438881151852653                                0.03224904728322666                                -0.12631550009456682                               -0.4421613258516074                                0.5761956668138181                                 -0.5247765672257142                                
son     : -0.11422794193711583                               0.41114064445034815                                0.36772936728311834                                -0.15809701627647885                               0.09374988009638714                                -0.8055474868843603                                
37  :
parent#1: -0.37220527354127375                               -0.3761116468098133                                -0.13179808138913535                               0.3946195767254984                                 -0.48639795864464486                               -0.5570681688227478                                
parent#2: 0.49074531506549035                                -0.4601237602946077                                0.337391303423094                                  0.4698898758384546                                 -0.43895479156661493                               -0.14193119767450682                               
son     : 0.07024338346687399                                -0.49552879866178645                               0.12182856820217369                                0.5122831762698624                                 -0.5483371461611739                                -0.4142067095019363                                
38  :
parent#1: -0.37220527354127375                               -0.3761116468098133                                -0.13179808138913535                               0.3946195767254984                                 -0.48639795864464486                               -0.5570681688227478                                
parent#2: 0.6908665279259526                                 0.07234460833012493                                0.5426600347526116                                 -0.29079772174101143                               -0.21669612491884965                               0.3024388523235498                                 
son     : 0.32997834644876184                                -0.314555170055793                                 0.42545350626758416                                0.10750903525807284                                -0.728064111654185                                 -0.2636723469190723                                
39  :
parent#1: -0.37220527354127375                               -0.3761116468098133                                -0.13179808138913535                               0.3946195767254984                                 -0.48639795864464486                               -0.5570681688227478                                
parent#2: -0.5266067726939471                                -0.5728180854091484                                -0.5275008527002146                                -0.09691948076312985                               0.045205691205705986                               -0.32383739455601684                               
son     : -0.5022725889630935                                -0.5302792673307586                                -0.3684282869958373                                0.1663602513560981                                 -0.24654629777743375                               -0.492266119266556                                 
40  :
parent#1: -0.37220527354127375                               -0.3761116468098133                                -0.13179808138913535                               0.3946195767254984                                 -0.48639795864464486                               -0.5570681688227478                                
parent#2: -0.5306178322870726                                0.35010107929222384                                0.4682942658139714                                 0.29513520474084753                                -0.4890107119689661                                -0.2243616844412706                                
son     : -0.5241524759092008                                -0.015100968590784032                              0.1953597632378397                                 0.4004512890086952                                 -0.5662935146706719                                -0.45367513269600973                               
41  :
parent#1: -0.37220527354127375                               -0.3761116468098133                                -0.13179808138913535                               0.3946195767254984                                 -0.48639795864464486                               -0.5570681688227478                                
parent#2: -0.37220527354127375                               -0.3761116468098133                                -0.13179808138913535                               0.3946195767254984                                 -0.48639795864464486                               -0.5570681688227478                                
son     : -0.3722052735412738                                -0.37611164680981335                               -0.13179808138913537                               0.39461957672549847                                -0.4863979586446449                                -0.5570681688227479                                
42  :
parent#1: -0.37220527354127375                               -0.3761116468098133                                -0.13179808138913535                               0.3946195767254984                                 -0.48639795864464486                               -0.5570681688227478                                
parent#2: 0.10293329530858125                                0.35607264777945324                                0.5218977969483999                                 0.6175344961345101                                 -0.4124178299107178                                -0.19698318561817274                               
son     : -0.1661664393006902                                -0.012365969670811586                              0.2407286533568647                                 0.6245953976150475                                 -0.5546548889035258                                -0.4653214546856177                                
43  :
parent#1: -0.37220527354127375                               -0.3761116468098133                                -0.13179808138913535                               0.3946195767254984                                 -0.48639795864464486                               -0.5570681688227478                                
parent#2: -0.2024131620885535                                0.201948072470656                                  0.3934345654259352                                 -0.4966033564673385                                -0.6715458441202526                                0.25664453268479315                                
son     : -0.42015073547300824                               -0.12734529439696682                               0.19130392340117838                                -0.0745687179665337                                -0.8466678237269385                                -0.21966439614574224                               
44  :
parent#1: -0.37220527354127375                               -0.3761116468098133                                -0.13179808138913535                               0.3946195767254984                                 -0.48639795864464486                               -0.5570681688227478                                
parent#2: -0.31804393017868704                               0.06382250409050676                                -0.6551511177669819                                -0.37866509305000706                               0.04910216239145787                                -0.5654674918071759                                
son     : -0.4244312601126489                                -0.19202524776490537                               -0.48389167049003856                               0.009810343241747165                               -0.2688913001933783                                -0.6902423391361683                                
45  :
parent#1: -0.37220527354127375                               -0.3761116468098133                                -0.13179808138913535                               0.3946195767254984                                 -0.48639795864464486                               -0.5570681688227478                                
parent#2: -0.3421741524732287                                0.12357659631713436                                0.5871220511618845                                 -0.5040255266265009                                0.5152318057062633                                 -0.05854764007970732                               
son     : -0.6595382742198039                                -0.23314855567882956                               0.4203698683068356                                 -0.10100712416880363                               0.026620343528414414                               -0.5683564971224568                                
46  :
parent#1: -0.37220527354127375                               -0.3761116468098133                                -0.13179808138913535                               0.3946195767254984                                 -0.48639795864464486                               -0.5570681688227478                                
parent#2: 0.42438881151852653                                0.03224904728322666                                -0.12631550009456682                               -0.4421613258516074                                0.5761956668138181                                 -0.5247765672257142                                
son     : 0.04461110680651483                                -0.2939641838951828                                -0.22065833399032603                               -0.04064289487151855                               0.07676702855719503                                -0.9248566298621166                                
47  :
parent#1: 0.10293329530858125                                0.35607264777945324                                0.5218977969483999                                 0.6175344961345101                                 -0.4124178299107178                                -0.19698318561817274                               
parent#2: 0.49074531506549035                                -0.4601237602946077                                0.337391303423094                                  0.4698898758384546                                 -0.43895479156661493                               -0.14193119767450682                               
son     : 0.3358972150122636                                 -0.05887104285388703                               0.48617688200575937                                0.6152534581834264                                 -0.4816978201585141                                -0.19175425135138363                               
48  :
parent#1: 0.10293329530858125                                0.35607264777945324                                0.5218977969483999                                 0.6175344961345101                                 -0.4124178299107178                                -0.19698318561817274                               
parent#2: 0.6908665279259526                                 0.07234460833012493                                0.5426600347526116                                 -0.29079772174101143                               -0.21669612491884965                               0.3024388523235498                                 
son     : 0.5060460518269866                                 0.27311528000271196                                0.6786538267023866                                 0.20829414397546775                                -0.40105908778553845                               0.06722781010656821                                
49  :
parent#1: 0.10293329530858125                                0.35607264777945324                                0.5218977969483999                                 0.6175344961345101                                 -0.4124178299107178                                -0.19698318561817274                               
parent#2: -0.5266067726939471                                -0.5728180854091484                                -0.5275008527002146                                -0.09691948076312985                               0.045205691205705986                               -0.32383739455601684                               
son     : -0.4456887036096865                                -0.22800812008967566                               -0.00589420576829662                               0.5476675875784291                                 -0.38629348020365406                               -0.5478838340875033                                
50  :
parent#1: 0.10293329530858125                                0.35607264777945324                                0.5218977969483999                                 0.6175344961345101                                 -0.4124178299107178                                -0.19698318561817274                               
parent#2: -0.5306178322870726                                0.35010107929222384                                0.4682942658139714                                 0.29513520474084753                                -0.4890107119689661                                -0.2243616844412706                                
son     : -0.22909363438747712                               0.3782692420603855                                 0.5304065936133501                                 0.48888094071865507                                -0.4828594979345876                                -0.22569772639989463                               
51  :
parent#1: 0.10293329530858125                                0.35607264777945324                                0.5218977969483999                                 0.6175344961345101                                 -0.4124178299107178                                -0.19698318561817274                               
parent#2: -0.37220527354127375                               -0.3761116468098133                                -0.13179808138913535                               0.3946195767254984                                 -0.48639795864464486                               -0.5570681688227478                                
son     : -0.1661664393006902                                -0.012365969670811586                              0.2407286533568647                                 0.6245953976150475                                 -0.5546548889035258                                -0.4653214546856177                                
52  :
parent#1: 0.10293329530858125                                0.35607264777945324                                0.5218977969483999                                 0.6175344961345101                                 -0.4124178299107178                                -0.19698318561817274                               
parent#2: 0.10293329530858125                                0.35607264777945324                                0.5218977969483999                                 0.6175344961345101                                 -0.4124178299107178                                -0.19698318561817274                               
son     : 0.10293329530858127                                0.3560726477794533                                 0.5218977969484                                    0.6175344961345102                                 -0.41241782991071785                               -0.19698318561817277                               
53  :
parent#1: 0.10293329530858125                                0.35607264777945324                                0.5218977969483999                                 0.6175344961345101                                 -0.4124178299107178                                -0.19698318561817274                               
parent#2: -0.2024131620885535                                0.201948072470656                                  0.3934345654259352                                 -0.4966033564673385                                -0.6715458441202526                                0.25664453268479315                                
son     : -0.06486208324775605                               0.3638362975584744                                 0.5968078346848172                                 0.07884857411084968                                -0.7067575011740472                                0.03889992402852189                                
54  :
parent#1: 0.10293329530858125                                0.35607264777945324                                0.5218977969483999                                 0.6175344961345101                                 -0.4124178299107178                                -0.19698318561817274                               
parent#2: -0.31804393017868704                               0.06382250409050676                                -0.6551511177669819                                -0.37866509305000706                               0.04910216239145787                                -0.5654674918071759                                
son     : -0.21396589071851793                               0.4176606155827444                                 -0.13254419288644212                               0.23759822301319045                                -0.36138222761367805                               -0.7583931795039469                                
55  :
parent#1: 0.10293329530858125                                0.35607264777945324                                0.5218977969483999                                 0.6175344961345101                                 -0.4124178299107178                                -0.19698318561817274                               
parent#2: -0.3421741524732287                                0.12357659631713436                                0.5871220511618845                                 -0.5040255266265009                                0.5152318057062633                                 -0.05854764007970732                               
son     : -0.18878430129570922                               0.37848989711432096                                0.8751245068666786                                 0.08956961512898301                                0.0811302250544861                                 -0.2016386705874852                                
56  :
parent#1: 0.10293329530858125                                0.35607264777945324                                0.5218977969483999                                 0.6175344961345101                                 -0.4124178299107178                                -0.19698318561817274                               
parent#2: 0.42438881151852653                                0.03224904728322666                                -0.12631550009456682                               -0.4421613258516074                                0.5761956668138181                                 -0.5247765672257142                                
son     : 0.4887929177111051                                 0.35994867630770816                                0.3666787767299911                                 0.1625593967728945                                 0.15181128520850515                                -0.6690238298594194                                
57  :
parent#1: -0.2024131620885535                                0.201948072470656                                  0.3934345654259352                                 -0.4966033564673385                                -0.6715458441202526                                0.25664453268479315                                
parent#2: 0.49074531506549035                                -0.4601237602946077                                0.337391303423094                                  0.4698898758384546                                 -0.43895479156661493                               -0.14193119767450682                               
son     : 0.2074932991068325                                 -0.18579171508511014                               0.5259263284876589                                 -0.019223899135373042                              -0.7991527763375522                                0.08255148823008832                                
58  :
parent#1: -0.2024131620885535                                0.201948072470656                                  0.3934345654259352                                 -0.4966033564673385                                -0.6715458441202526                                0.25664453268479315                                
parent#2: 0.6908665279259526                                 0.07234460833012493                                0.5426600347526116                                 -0.29079772174101143                               -0.21669612491884965                               0.3024388523235498                                 
son     : 0.2862555487475427                                 0.16074779569888328                                0.5485933605848533                                 -0.4614522971717439                                -0.520549575560767                                 0.3276479032892421                                 
59  :
parent#1: -0.2024131620885535                                0.201948072470656                                  0.3934345654259352                                 -0.4966033564673385                                -0.6715458441202526                                0.25664453268479315                                
parent#2: -0.5266067726939471                                -0.5728180854091484                                -0.5275008527002146                                -0.09691948076312985                               0.045205691205705986                               -0.32383739455601684                               
son     : -0.6083463399904978                                -0.3094804465815769                                -0.11187449243586896                               -0.4952778771922801                                -0.5226629910035754                                -0.05607052652825099                               
60  :
parent#1: -0.2024131620885535                                0.201948072470656                                  0.3934345654259352                                 -0.4966033564673385                                -0.6715458441202526                                0.25664453268479315                                
parent#2: -0.5306178322870726                                0.35010107929222384                                0.4682942658139714                                 0.29513520474084753                                -0.4890107119689661                                -0.2243616844412706                                
son     : -0.4251193088154995                                0.3201593870249885                                 0.4997572652915347                                 -0.11684090040865792                               -0.6730615823225691                                0.018722349037330555                               
61  :
parent#1: -0.2024131620885535                                0.201948072470656                                  0.3934345654259352                                 -0.4966033564673385                                -0.6715458441202526                                0.25664453268479315                                
parent#2: -0.37220527354127375                               -0.3761116468098133                                -0.13179808138913535                               0.3946195767254984                                 -0.48639795864464486                               -0.5570681688227478                                
son     : -0.42015073547300824                               -0.12734529439696682                               0.19130392340117838                                -0.0745687179665337                                -0.8466678237269385                                -0.21966439614574224                               
62  :
parent#1: -0.2024131620885535                                0.201948072470656                                  0.3934345654259352                                 -0.4966033564673385                                -0.6715458441202526                                0.25664453268479315                                
parent#2: 0.10293329530858125                                0.35607264777945324                                0.5218977969483999                                 0.6175344961345101                                 -0.4124178299107178                                -0.19698318561817274                               
son     : -0.06486208324775605                               0.3638362975584744                                 0.5968078346848172                                 0.07884857411084968                                -0.7067575011740472                                0.03889992402852189                                
63  :
parent#1: -0.2024131620885535                                0.201948072470656                                  0.3934345654259352                                 -0.4966033564673385                                -0.6715458441202526                                0.25664453268479315                                
parent#2: -0.2024131620885535                                0.201948072470656                                  0.3934345654259352                                 -0.4966033564673385                                -0.6715458441202526                                0.25664453268479315                                
son     : -0.20241316208855353                               0.20194807247065602                                0.39343456542593525                                -0.49660335646733855                               -0.6715458441202528                                0.2566445326847932                                 
64  :
parent#1: -0.2024131620885535                                0.201948072470656                                  0.3934345654259352                                 -0.4966033564673385                                -0.6715458441202526                                0.25664453268479315                                
parent#2: -0.31804393017868704                               0.06382250409050676                                -0.6551511177669819                                -0.37866509305000706                               0.04910216239145787                                -0.5654674918071759                                
son     : -0.404086007834534                                 0.20634586957907888                                -0.2031983008609067                                -0.6795636735552055                                -0.48326900754859714                               -0.2397719976027041                                
65  :
parent#1: -0.2024131620885535                                0.201948072470656                                  0.3934345654259352                                 -0.4966033564673385                                -0.6715458441202526                                0.25664453268479315                                
parent#2: 0.42438881151852653                                0.03224904728322666                                -0.12631550009456682                               -0.4421613258516074                                0.5761956668138181                                 -0.5247765672257142                                
son     : 0.2081056584463647                                 0.21956347886707836                                0.2504283200302052                                 -0.8801066371102468                                -0.0893922891195012                                -0.2513779945773062                                
66  :
parent#1: -0.31804393017868704                               0.06382250409050676                                -0.6551511177669819                                -0.37866509305000706                               0.04910216239145787                                -0.5654674918071759                                
parent#2: 0.49074531506549035                                -0.4601237602946077                                0.337391303423094                                  0.4698898758384546                                 -0.43895479156661493                               -0.14193119767450682                               
son     : 0.17732123196883076                                -0.4069025099420392                                -0.32626004583910373                               0.09366509064614092                                -0.4002813789648364                                -0.7263219527408282                                
67  :
parent#1: -0.31804393017868704                               0.06382250409050676                                -0.6551511177669819                                -0.37866509305000706                               0.04910216239145787                                -0.5654674918071759                                
parent#2: 0.6908665279259526                                 0.07234460833012493                                0.5426600347526116                                 -0.29079772174101143                               -0.21669612491884965                               0.3024388523235498                                 
son     : 0.4407106092020578                                 0.16096205388510898                                -0.1329748089966094                                -0.7913666358407805                                -0.19811148189601765                               -0.3109240497889522                                
68  :
parent#1: -0.31804393017868704                               0.06382250409050676                                -0.6551511177669819                                -0.37866509305000706                               0.04910216239145787                                -0.5654674918071759                                
parent#2: -0.5306178322870726                                0.35010107929222384                                0.4682942658139714                                 0.29513520474084753                                -0.4890107119689661                                -0.2243616844412706                                
son     : -0.6413810579856075                                0.3128251531727528                                 -0.14121815156284628                               -0.06312819842558878                               -0.3324634423555992                                -0.5969179891153257                                
69  :
parent#1: -0.31804393017868704                               0.06382250409050676                                -0.6551511177669819                                -0.37866509305000706                               0.04910216239145787                                -0.5654674918071759                                
parent#2: 0.10293329530858125                                0.35607264777945324                                0.5218977969483999                                 0.6175344961345101                                 -0.4124178299107178                                -0.19698318561817274                               
son     : -0.21396589071851793                               0.4176606155827444                                 -0.13254419288644212                               0.23759822301319045                                -0.36138222761367805                               -0.7583931795039469                                
70  :
parent#1: -0.31804393017868704                               0.06382250409050676                                -0.6551511177669819                                -0.37866509305000706                               0.04910216239145787                                -0.5654674918071759                                
parent#2: -0.2024131620885535                                0.201948072470656                                  0.3934345654259352                                 -0.4966033564673385                                -0.6715458441202526                                0.25664453268479315                                
son     : -0.404086007834534                                 0.20634586957907888                                -0.2031983008609067                                -0.6795636735552055                                -0.48326900754859714                               -0.2397719976027041                                
71  :
parent#1: -0.31804393017868704                               0.06382250409050676                                -0.6551511177669819                                -0.37866509305000706                               0.04910216239145787                                -0.5654674918071759                                
parent#2: -0.31804393017868704                               0.06382250409050676                                -0.6551511177669819                                -0.37866509305000706                               0.04910216239145787                                -0.5654674918071759                                
son     : -0.31804393017868704                               0.06382250409050676                                -0.6551511177669819                                -0.37866509305000706                               0.04910216239145787                                -0.5654674918071759                                
72  :
parent#1: -0.31804393017868704                               0.06382250409050676                                -0.6551511177669819                                -0.37866509305000706                               0.04910216239145787                                -0.5654674918071759                                
parent#2: -0.3421741524732287                                0.12357659631713436                                0.5871220511618845                                 -0.5040255266265009                                0.5152318057062633                                 -0.05854764007970732                               
son     : -0.4712664990293024                                0.13376628161351298                                -0.04855943951495529                               -0.6300683501276809                                0.40282400681979463                                -0.44542467750112386                               
73  :
parent#1: -0.31804393017868704                               0.06382250409050676                                -0.6551511177669819                                -0.37866509305000706                               0.04910216239145787                                -0.5654674918071759                                
parent#2: 0.42438881151852653                                0.03224904728322666                                -0.12631550009456682                               -0.4421613258516074                                0.5761956668138181                                 -0.5247765672257142                                
son     : 0.06261417986883923                                0.05656540608447542                                -0.46011515322407637                               -0.4832895799653956                                0.36816544676312823                                -0.6419184144375463                                
74  :
parent#1: -0.3421741524732287                                0.12357659631713436                                0.5871220511618845                                 -0.5040255266265009                                0.5152318057062633                                 -0.05854764007970732                               
parent#2: 0.49074531506549035                                -0.4601237602946077                                0.337391303423094                                  0.4698898758384546                                 -0.43895479156661493                               -0.14193119767450682                               
son     : 0.14587988538612576                                -0.3304508146227337                                0.9077663515020775                                 -0.03351730401549929                               0.07489530192898522                                -0.1968472842484961                                
75  :
parent#1: -0.3421741524732287                                0.12357659631713436                                0.5871220511618845                                 -0.5040255266265009                                0.5152318057062633                                 -0.05854764007970732                               
parent#2: 0.6908665279259526                                 0.07234460833012493                                0.5426600347526116                                 -0.29079772174101143                               -0.21669612491884965                               0.3024388523235498                                 
son     : 0.23419957264708613                                0.13159066739361935                                0.7588192353273366                                 -0.5338438067536072                                0.20051177995946345                                0.16380976958766905                                
76  :
parent#1: -0.3421741524732287                                0.12357659631713436                                0.5871220511618845                                 -0.5040255266265009                                0.5152318057062633                                 -0.05854764007970732                               
parent#2: -0.5266067726939471                                -0.5728180854091484                                -0.5275008527002146                                -0.09691948076312985                               0.045205691205705986                               -0.32383739455601684                               
son     : -0.6508870419865267                                -0.3365698480505395                                0.044667952969778414                               -0.45022549059895783                               0.4198774328674073                                 -0.28648127149668867                               
77  :
parent#1: -0.3421741524732287                                0.12357659631713436                                0.5871220511618845                                 -0.5040255266265009                                0.5152318057062633                                 -0.05854764007970732                               
parent#2: -0.5306178322870726                                0.35010107929222384                                0.4682942658139714                                 0.29513520474084753                                -0.4890107119689661                                -0.2243616844412706                                
son     : -0.585199933445708                                 0.3175970323758664                                 0.7076480641849702                                 -0.14005926337477642                               0.017581030277396634                               -0.1896884031609371                                
78  :
parent#1: -0.3421741524732287                                0.12357659631713436                                0.5871220511618845                                 -0.5040255266265009                                0.5152318057062633                                 -0.05854764007970732                               
parent#2: -0.37220527354127375                               -0.3761116468098133                                -0.13179808138913535                               0.3946195767254984                                 -0.48639795864464486                               -0.5570681688227478                                
son     : -0.6595382742198039                                -0.23314855567882956                               0.4203698683068356                                 -0.10100712416880363                               0.026620343528414414                               -0.5683564971224568                                
79  :
parent#1: -0.3421741524732287                                0.12357659631713436                                0.5871220511618845                                 -0.5040255266265009                                0.5152318057062633                                 -0.05854764007970732                               
parent#2: 0.10293329530858125                                0.35607264777945324                                0.5218977969483999                                 0.6175344961345101                                 -0.4124178299107178                                -0.19698318561817274                               
son     : -0.18878430129570922                               0.37848989711432096                                0.8751245068666786                                 0.08956961512898301                                0.0811302250544861                                 -0.2016386705874852                                
80  :
parent#1: -0.3421741524732287                                0.12357659631713436                                0.5871220511618845                                 -0.5040255266265009                                0.5152318057062633                                 -0.05854764007970732                               
parent#2: -0.2024131620885535                                0.201948072470656                                  0.3934345654259352                                 -0.4966033564673385                                -0.6715458441202526                                0.25664453268479315                                
son     : -0.3494271647197717                                0.20886854875125077                                0.629161034823596                                  -0.6420401360937789                                -0.10029681152755024                               0.1271062209344565                                 
81  :
parent#1: -0.3421741524732287                                0.12357659631713436                                0.5871220511618845                                 -0.5040255266265009                                0.5152318057062633                                 -0.05854764007970732                               
parent#2: -0.31804393017868704                               0.06382250409050676                                -0.6551511177669819                                -0.37866509305000706                               0.04910216239145787                                -0.5654674918071759                                
son     : -0.4712664990293024                                0.13376628161351298                                -0.04855943951495529                               -0.6300683501276809                                0.40282400681979463                                -0.44542467750112386                               
82  :
parent#1: -0.3421741524732287                                0.12357659631713436                                0.5871220511618845                                 -0.5040255266265009                                0.5152318057062633                                 -0.05854764007970732                               
parent#2: -0.3421741524732287                                0.12357659631713436                                0.5871220511618845                                 -0.5040255266265009                                0.5152318057062633                                 -0.05854764007970732                               
son     : -0.3421741524732287                                0.12357659631713436                                0.5871220511618845                                 -0.5040255266265009                                0.5152318057062633                                 -0.05854764007970732                               
83  :
parent#1: -0.3421741524732287                                0.12357659631713436                                0.5871220511618845                                 -0.5040255266265009                                0.5152318057062633                                 -0.05854764007970732                               
parent#2: 0.42438881151852653                                0.03224904728322666                                -0.12631550009456682                               -0.4421613258516074                                0.5761956668138181                                 -0.5247765672257142                                
son     : 0.050313290036372006                               0.09536134909042968                                0.28200194373774806                                -0.5790424005906735                                0.6679259832277803                                 -0.3569796477684601                                
84  :
parent#1: 0.42438881151852653                                0.03224904728322666                                -0.12631550009456682                               -0.4421613258516074                                0.5761956668138181                                 -0.5247765672257142                                
parent#2: 0.49074531506549035                                -0.4601237602946077                                0.337391303423094                                  0.4698898758384546                                 -0.43895479156661493                               -0.14193119767450682                               
son     : 0.7400347651778026                                 -0.34600628866377076                               0.1706891132276028                                 0.02242304202427044                                0.11098156645678948                                -0.5391416513794011                                
85  :
parent#1: 0.42438881151852653                                0.03224904728322666                                -0.12631550009456682                               -0.4421613258516074                                0.5761956668138181                                 -0.5247765672257142                                
parent#2: 0.6908665279259526                                 0.07234460833012493                                0.5426600347526116                                 -0.29079772174101143                               -0.21669612491884965                               0.3024388523235498                                 
son     : 0.7616649029999473                                 0.07143235610675086                                0.2843429736573477                                 -0.5005752155068326                                0.24552062117214202                                -0.15184579536605539                               
86  :
parent#1: 0.42438881151852653                                0.03224904728322666                                -0.12631550009456682                               -0.4421613258516074                                0.5761956668138181                                 -0.5247765672257142                                
parent#2: -0.5266067726939471                                -0.5728180854091484                                -0.5275008527002146                                -0.09691948076312985                               0.045205691205705986                               -0.32383739455601684                               
son     : -0.07008743029655537                               -0.37065007308360304                               -0.4482999614383942                                -0.3696296426122275                                0.42607408586086054                                -0.5818661535714795                                
87  :
parent#1: 0.42438881151852653                                0.03224904728322666                                -0.12631550009456682                               -0.4421613258516074                                0.5761956668138181                                 -0.5247765672257142                                
parent#2: -0.5306178322870726                                0.35010107929222384                                0.4682942658139714                                 0.29513520474084753                                -0.4890107119689661                                -0.2243616844412706                                
son     : -0.11422794193711583                               0.41114064445034815                                0.36772936728311834                                -0.15809701627647885                               0.09374988009638714                                -0.8055474868843603                                
88  :
parent#1: 0.42438881151852653                                0.03224904728322666                                -0.12631550009456682                               -0.4421613258516074                                0.5761956668138181                                 -0.5247765672257142                                
parent#2: -0.37220527354127375                               -0.3761116468098133                                -0.13179808138913535                               0.3946195767254984                                 -0.48639795864464486                               -0.5570681688227478                                
son     : 0.04461110680651483                                -0.2939641838951828                                -0.22065833399032603                               -0.04064289487151855                               0.07676702855719503                                -0.9248566298621166                                
89  :
parent#1: 0.42438881151852653                                0.03224904728322666                                -0.12631550009456682                               -0.4421613258516074                                0.5761956668138181                                 -0.5247765672257142                                
parent#2: 0.10293329530858125                                0.35607264777945324                                0.5218977969483999                                 0.6175344961345101                                 -0.4124178299107178                                -0.19698318561817274                               
son     : 0.4887929177111051                                 0.35994867630770816                                0.3666787767299911                                 0.1625593967728945                                 0.15181128520850515                                -0.6690238298594194                                
90  :
parent#1: 0.42438881151852653                                0.03224904728322666                                -0.12631550009456682                               -0.4421613258516074                                0.5761956668138181                                 -0.5247765672257142                                
parent#2: -0.2024131620885535                                0.201948072470656                                  0.3934345654259352                                 -0.4966033564673385                                -0.6715458441202526                                0.25664453268479315                                
son     : 0.2081056584463647                                 0.21956347886707836                                0.2504283200302052                                 -0.8801066371102468                                -0.0893922891195012                                -0.2513779945773062                                
91  :
parent#1: 0.42438881151852653                                0.03224904728322666                                -0.12631550009456682                               -0.4421613258516074                                0.5761956668138181                                 -0.5247765672257142                                
parent#2: -0.31804393017868704                               0.06382250409050676                                -0.6551511177669819                                -0.37866509305000706                               0.04910216239145787                                -0.5654674918071759                                
son     : 0.06261417986883923                                0.05656540608447542                                -0.46011515322407637                               -0.4832895799653956                                0.36816544676312823                                -0.6419184144375463                                
92  :
parent#1: 0.42438881151852653                                0.03224904728322666                                -0.12631550009456682                               -0.4421613258516074                                0.5761956668138181                                 -0.5247765672257142                                
parent#2: -0.3421741524732287                                0.12357659631713436                                0.5871220511618845                                 -0.5040255266265009                                0.5152318057062633                                 -0.05854764007970732                               
son     : 0.050313290036372006                               0.09536134909042968                                0.28200194373774806                                -0.5790424005906735                                0.6679259832277803                                 -0.3569796477684601                                
93  :
parent#1: 0.42438881151852653                                0.03224904728322666                                -0.12631550009456682                               -0.4421613258516074                                0.5761956668138181                                 -0.5247765672257142                                
parent#2: 0.42438881151852653                                0.03224904728322666                                -0.12631550009456682                               -0.4421613258516074                                0.5761956668138181                                 -0.5247765672257142                                
son     : 0.42438881151852653                                0.03224904728322666                                -0.12631550009456682                               -0.4421613258516074                                0.5761956668138181                                 -0.5247765672257142                                

0   :
parent#1: 0.6908665279259526                                 0.07234460833012493                                0.5426600347526116                                 -0.29079772174101143                               -0.21669612491884965                               0.3024388523235498                                 
parent#2: -0.31804393017868704                               0.06382250409050676                                -0.6551511177669819                                -0.37866509305000706                               0.04910216239145787                                -0.5654674918071759                                
son:      0.4407106092020578                                 0.16096205388510898                                -0.1329748089966094                                -0.7913666358407805                                -0.19811148189601765                               -0.3109240497889522                                
mutated:  0.4407106092020578                                 0.16096205388510898                                -0.1329748089966094                                -0.7913666358407805                                -0.19811148189601765                               -0.3109240497889522                                
1   :
parent#1: -0.5266067726939471                                -0.5728180854091484                                -0.5275008527002146                                -0.09691948076312985                               0.045205691205705986                               -0.32383739455601684                               
parent#2: -0.5266067726939471                                -0.5728180854091484                                -0.5275008527002146                                -0.09691948076312985                               0.045205691205705986                               -0.32383739455601684                               
son:      -0.5266067726939471                                -0.5728180854091484                                -0.5275008527002146                                -0.09691948076312985                               0.045205691205705986                               -0.32383739455601684                               
mutated:  -0.5266067726939471                                -0.5728180854091484                                -0.5275008527002146                                -0.09691948076312985                               0.045205691205705986                               -0.32383739455601684                               
2   :
parent#1: -0.5306178322870726                                0.35010107929222384                                0.4682942658139714                                 0.29513520474084753                                -0.4890107119689661                                -0.2243616844412706                                
parent#2: -0.5266067726939471                                -0.5728180854091484                                -0.5275008527002146                                -0.09691948076312985                               0.045205691205705986                               -0.32383739455601684                               
son:      -0.8090462152130702                                -0.17043526041064747                               -0.045308125454438186                              0.1516855363792542                                 -0.3396239272614354                                -0.41951198255928673                               
mutated:  -0.8090462152130702                                -0.17043526041064747                               -0.045308125454438186                              0.1516855363792542                                 -0.3396239272614354                                -0.41951198255928673                               
3   :
parent#1: -0.2024131620885535                                0.201948072470656                                  0.3934345654259352                                 -0.4966033564673385                                -0.6715458441202526                                0.25664453268479315                                
parent#2: -0.3421741524732287                                0.12357659631713436                                0.5871220511618845                                 -0.5040255266265009                                0.5152318057062633                                 -0.05854764007970732                               
son:      -0.3494271647197717                                0.20886854875125077                                0.629161034823596                                  -0.6420401360937789                                -0.10029681152755024                               0.1271062209344565                                 
mutated:  -0.3494271647197717                                0.20886854875125077                                0.629161034823596                                  -0.6420401360937789                                -0.10029681152755024                               0.1271062209344565                                 
4   :
parent#1: -0.31804393017868704                               0.06382250409050676                                -0.6551511177669819                                -0.37866509305000706                               0.04910216239145787                                -0.5654674918071759                                
parent#2: -0.5266067726939471                                -0.5728180854091484                                -0.5275008527002146                                -0.09691948076312985                               0.045205691205705986                               -0.32383739455601684                               
son:      -0.4582706396947712                                -0.2761588072553573                                -0.6416553886701836                                -0.2580314514971472                                0.051167328990822                                  -0.4824980524745978                                
mutated:  -0.4582706396947712                                -0.2761588072553573                                -0.6416553886701836                                -0.2580314514971472                                0.051167328990822                                  -0.4824980524745978                                
5   :
parent#1: -0.31804393017868704                               0.06382250409050676                                -0.6551511177669819                                -0.37866509305000706                               0.04910216239145787                                -0.5654674918071759                                
parent#2: -0.37220527354127375                               -0.3761116468098133                                -0.13179808138913535                               0.3946195767254984                                 -0.48639795864464486                               -0.5570681688227478                                
son:      -0.4244312601126489                                -0.19202524776490537                               -0.48389167049003856                               0.009810343241747165                               -0.2688913001933783                                -0.6902423391361683                                
mutated:  -0.4244312601126489                                -0.19202524776490537                               -0.48389167049003856                               0.009810343241747165                               -0.2688913001933783                                -0.6902423391361683                                

