0   :
parent#1: 0.49074531506549035                                -0.4601237602946077                                0.337391303423094                                  0.4698898758384546                                 -0.43895479156661493                               -0.14193119767450682                               
parent#2: 0.49074531506549035                                -0.4601237602946077                                0.337391303423094                                  0.4698898758384546                                 -0.43895479156661493                               -0.14193119767450682                               
son     : 0.524117455568238                                  -0.49141354402928294                               0.3603349151837852                                 0.5018437844666132                                 -0.2813321850963144                                -0.15158294110456852                               
1   :
parent#1: 0.49074531506549035                                -0.4601237602946077                                0.337391303423094                                  0.4698898758384546                                 -0.43895479156661493                               -0.14193119767450682                               
parent#2: 0.4769853068012761                                 -0.13083684396760195                               0.09032461101536281                                0.6930515517403805                                 0.025776731224217517                               -0.5159683214683422                                
son     : 0.522932754437683                                  -0.31933747839338417                               0.23112491865006635                                0.6284188494525265                                 -0.22326909605410417                               -0.35550927077717587                               
2   :
parent#1: 0.49074531506549035                                -0.4601237602946077                                0.337391303423094                                  0.4698898758384546                                 -0.43895479156661493                               -0.14193119767450682                               
parent#2: -0.36385251318293765                               0.5942059630822825                                 -0.28670104817039366                               0.4268159543460271                                 -0.42904573082625946                               0.25706231353772174                                
son     : 0.10008605074544352                                0.10575665406686266                                0.03998168047559538                                0.7072721532829443                                 -0.6846309880657595                                0.090809080843928                                  
3   :
parent#1: 0.49074531506549035                                -0.4601237602946077                                0.337391303423094                                  0.4698898758384546                                 -0.43895479156661493                               -0.14193119767450682                               
parent#2: 0.5258780977800475                                 -0.4515395179495335                                0.38104401302811225                                -0.4152800307231391                                0.3662921494365578                                 -0.2602735243629451                                
son     : 0.636530301218359                                  -0.570812450095155                                 0.4498281690233656                                 0.03419242634147471                                -0.04549568001085811                               -0.2518292315867053                                
4   :
parent#1: 0.49074531506549035                                -0.4601237602946077                                0.337391303423094                                  0.4698898758384546                                 -0.43895479156661493                               -0.14193119767450682                               
parent#2: -0.4370595259190209                                0.08160633975993586                                0.5449039690966772                                 0.29415182682531626                                -0.5031556767537698                                -0.4070726081461381                                
son     : 0.03268823927260066                                -0.23047194067554574                               0.537212536794895                                  0.46521022393429806                                -0.5736328532986433                                -0.3342778051985443                                
5   :
parent#1: 0.49074531506549035                                -0.4601237602946077                                0.337391303423094                                  0.4698898758384546                                 -0.43895479156661493                               -0.14193119767450682                               
parent#2: -0.38804648549447013                               0.3423684295318927                                 0.6370810150897349                                 -0.15918074184804815                               -0.42782166466600025                               0.3434554970219661                                 
son     : 0.07525262123755672                                -0.08628528038347119                               0.7140451025375903                                 0.22767228091007582                                -0.6351309029612409                                0.14766703605391146                                
6   :
parent#1: 0.49074531506549035                                -0.4601237602946077                                0.337391303423094                                  0.4698898758384546                                 -0.43895479156661493                               -0.14193119767450682                               
parent#2: -0.38804648549447013                               0.3423684295318927                                 0.6370810150897349                                 -0.15918074184804815                               -0.42782166466600025                               0.3434554970219661                                 
son     : -0.0801983210798424                                -0.08763031078785778                               0.7251757654820475                                 0.1464685707777582                                 -0.6450314372290998                                0.1499688962592149                                 
7   :
parent#1: 0.49074531506549035                                -0.4601237602946077                                0.337391303423094                                  0.4698898758384546                                 -0.43895479156661493                               -0.14193119767450682                               
parent#2: 0.15996211311586386                                0.71846026178756                                   0.1537226211062231                                 0.6506833832469361                                 -0.06809337107967343                               -0.08106021182564148                               
son     : 0.4296377939764038                                 0.1705699363463857                                 0.3242641684844316                                 0.7398726404091662                                 -0.33478495035471684                               -0.14723289316228813                               
8   :
parent#1: 0.4769853068012761                                 -0.13083684396760195                               0.09032461101536281                                0.6930515517403805                                 0.025776731224217517                               -0.5159683214683422                                
parent#2: 0.49074531506549035                                -0.4601237602946077                                0.337391303423094                                  0.4698898758384546                                 -0.43895479156661493                               -0.14193119767450682                               
son     : 0.522932754437683                                  -0.31933747839338417                               0.23112491865006635                                0.6284188494525265                                 -0.22326909605410417                               -0.35550927077717587                               
9   :
parent#1: 0.4769853068012761                                 -0.13083684396760195                               0.09032461101536281                                0.6930515517403805                                 0.025776731224217517                               -0.5159683214683422                                
parent#2: 0.4769853068012761                                 -0.13083684396760195                               0.09032461101536281                                0.6930515517403805                                 0.025776731224217517                               -0.5159683214683422                                
son     : 0.4769853068012761                                 -0.13083684396760195                               0.09032461101536281                                0.6930515517403805                                 0.025776731224217517                               -0.5159683214683422                                
10  :
parent#1: 0.4769853068012761                                 -0.13083684396760195                               0.09032461101536281                                0.6930515517403805                                 0.025776731224217517                               -0.5159683214683422                                
parent#2: -0.36385251318293765                               0.5942059630822825                                 -0.28670104817039366                               0.4268159543460271                                 -0.42904573082625946                               0.25706231353772174                                
son     : 0.08552438264282182                                0.35029063263233545                                -0.14845362707067902                               0.8465801474230683                                 -0.30485707217931185                               -0.19572376658075002                               
11  :
parent#1: 0.4769853068012761                                 -0.13083684396760195                               0.09032461101536281                                0.6930515517403805                                 0.025776731224217517                               -0.5159683214683422                                
parent#2: 0.5258780977800475                                 -0.4515395179495335                                0.38104401302811225                                -0.4152800307231391                                0.3662921494365578                                 -0.2602735243629451                                
son     : 0.6472764991090139                                 -0.3758822298067009                                0.3042346857676688                                 0.1792816218588481                                 0.25305238113623607                                -0.5010085143563044                                
12  :
parent#1: 0.4769853068012761                                 -0.13083684396760195                               0.09032461101536281                                0.6930515517403805                                 0.025776731224217517                               -0.5159683214683422                                
parent#2: -0.4370595259190209                                0.08160633975993586                                0.5449039690966772                                 0.29415182682531626                                -0.5031556767537698                                -0.4070726081461381                                
son     : 0.02544541285755604                                -0.0313754791282358                                0.4048425133509117                                 0.6291623353857235                                 -0.3042421235123027                                -0.5882704613274459                                
13  :
parent#1: 0.4769853068012761                                 -0.13083684396760195                               0.09032461101536281                                0.6930515517403805                                 0.025776731224217517                               -0.5159683214683422                                
parent#2: -0.38804648549447013                               0.3423684295318927                                 0.6370810150897349                                 -0.15918074184804815                               -0.42782166466600025                               0.3434554970219661                                 
son     : 0.08645872397893596                                0.20563293621848527                                0.7071216070111455                                 0.5189835924816779                                 -0.3908337373582077                                -0.1677022300552401                                
14  :
parent#1: 0.4769853068012761                                 -0.13083684396760195                               0.09032461101536281                                0.6930515517403805                                 0.025776731224217517                               -0.5159683214683422                                
parent#2: -0.38804648549447013                               0.3423684295318927                                 0.6370810150897349                                 -0.15918074184804815                               -0.42782166466600025                               0.3434554970219661                                 
son     : 0.08645872397893596                                0.20563293621848527                                0.7071216070111455                                 0.5189835924816779                                 -0.3908337373582077                                -0.1677022300552401                                
15  :
parent#1: 0.4769853068012761                                 -0.13083684396760195                               0.09032461101536281                                0.6930515517403805                                 0.025776731224217517                               -0.5159683214683422                                
parent#2: -0.18628923436773914                               -0.5349839341810874                                0.5639996316837269                                 -0.4851295709639006                                0.34055424095676134                                0.09831091053476099                                
son     : 0.2541930197073465                                 -0.5822128684597423                                0.5721599666862777                                 0.18181296952056383                                0.3203303548323691                                 -0.3652116714188912                                
16  :
parent#1: 0.4769853068012761                                 -0.13083684396760195                               0.09032461101536281                                0.6930515517403805                                 0.025776731224217517                               -0.5159683214683422                                
parent#2: 0.15996211311586386                                0.71846026178756                                   0.1537226211062231                                 0.6506833832469361                                 -0.06809337107967343                               -0.08106021182564148                               
son     : 0.3693196871178491                                 0.34072026987819515                                0.14150531832101046                                0.7791345882575333                                 -0.024536355282401123                              -0.3461736153123069                                
17  :
parent#1: 0.4769853068012761                                 -0.13083684396760195                               0.09032461101536281                                0.6930515517403805                                 0.025776731224217517                               -0.5159683214683422                                
parent#2: -0.6099776700785939                                -0.36209498434560855                               -0.34428382304571864                               0.2341815930188397                                 0.41210251458690944                                -0.3919357249200083                                
son     : -0.0896440122605905                                -0.33226258840744405                               -0.171182180359238                                 0.6250050555451546                                 0.2951541841413801                                 -0.6119762026949254                                
18  :
parent#1: -0.36385251318293765                               0.5942059630822825                                 -0.28670104817039366                               0.4268159543460271                                 -0.42904573082625946                               0.25706231353772174                                
parent#2: 0.49074531506549035                                -0.4601237602946077                                0.337391303423094                                  0.4698898758384546                                 -0.43895479156661493                               -0.14193119767450682                               
son     : 0.10008605074544352                                0.10575665406686266                                0.03998168047559538                                0.7072721532829443                                 -0.6846309880657595                                0.090809080843928                                  
19  :
parent#1: -0.36385251318293765                               0.5942059630822825                                 -0.28670104817039366                               0.4268159543460271                                 -0.42904573082625946                               0.25706231353772174                                
parent#2: 0.4769853068012761                                 -0.13083684396760195                               0.09032461101536281                                0.6930515517403805                                 0.025776731224217517                               -0.5159683214683422                                
son     : 0.08552438264282182                                0.35029063263233545                                -0.14845362707067902                               0.8465801474230683                                 -0.30485707217931185                               -0.19572376658075002                               
20  :
parent#1: -0.36385251318293765                               0.5942059630822825                                 -0.28670104817039366                               0.4268159543460271                                 -0.42904573082625946                               0.25706231353772174                                
parent#2: -0.36385251318293765                               0.5942059630822825                                 -0.28670104817039366                               0.4268159543460271                                 -0.42904573082625946                               0.25706231353772174                                
son     : -0.3638525131829377                                0.5942059630822826                                 -0.2867010481703937                                0.42681595434602715                                -0.4290457308262595                                0.2570623135377218                                 
21  :
parent#1: -0.36385251318293765                               0.5942059630822825                                 -0.28670104817039366                               0.4268159543460271                                 -0.42904573082625946                               0.25706231353772174                                
parent#2: 0.5258780977800475                                 -0.4515395179495335                                0.38104401302811225                                -0.4152800307231391                                0.3662921494365578                                 -0.2602735243629451                                
son     : 0.663749472230013                                  0.5844433636654405                                 0.38648274770083685                                0.04725774164257644                                -0.25707456406672113                               -0.013154956334589435                              
22  :
parent#1: -0.36385251318293765                               0.5942059630822825                                 -0.28670104817039366                               0.4268159543460271                                 -0.42904573082625946                               0.25706231353772174                                
parent#2: -0.4370595259190209                                0.08160633975993586                                0.5449039690966772                                 0.29415182682531626                                -0.5031556767537698                                -0.4070726081461381                                
son     : -0.4989986833924872                                0.4210567863567617                                 0.16087024704333086                                0.4491903679913398                                 -0.5807969568801059                                -0.0934621229927468                                
23  :
parent#1: -0.36385251318293765                               0.5942059630822825                                 -0.28670104817039366                               0.4268159543460271                                 -0.42904573082625946                               0.25706231353772174                                
parent#2: -0.38804648549447013                               0.3423684295318927                                 0.6370810150897349                                 -0.15918074184804815                               -0.42782166466600025                               0.3434554970219661                                 
son     : -0.45492320761013083                               0.5666577926064641                                 0.21199120987480524                                0.1619279578150313                                 -0.5184324819417928                                0.36333269373594995                                
24  :
parent#1: -0.36385251318293765                               0.5942059630822825                                 -0.28670104817039366                               0.4268159543460271                                 -0.42904573082625946                               0.25706231353772174                                
parent#2: -0.38804648549447013                               0.3423684295318927                                 0.6370810150897349                                 -0.15918074184804815                               -0.42782166466600025                               0.3434554970219661                                 
son     : -0.45492320761013083                               0.5666577926064641                                 0.21199120987480524                                0.1619279578150313                                 -0.5184324819417928                                0.36333269373594995                                
25  :
parent#1: -0.36385251318293765                               0.5942059630822825                                 -0.28670104817039366                               0.4268159543460271                                 -0.42904573082625946                               0.25706231353772174                                
parent#2: -0.18628923436773914                               -0.5349839341810874                                0.5639996316837269                                 -0.4851295709639006                                0.34055424095676134                                0.09831091053476099                                
son     : -0.7624849241825328                                0.08208049001499187                                0.38433002106718145                                -0.08082144964210843                               -0.12264734905930451                               0.4925398354511332                                 
26  :
parent#1: -0.36385251318293765                               0.5942059630822825                                 -0.28670104817039366                               0.4268159543460271                                 -0.42904573082625946                               0.25706231353772174                                
parent#2: 0.15996211311586386                                0.71846026178756                                   0.1537226211062231                                 0.6506833832469361                                 -0.06809337107967343                               -0.08106021182564148                               
son     : -0.1135976445336689                                0.7313526833782408                                 -0.07408900116588439                               0.6003293274076796                                 -0.27698131429198913                               0.09805966431421145                                
27  :
parent#1: -0.36385251318293765                               0.5942059630822825                                 -0.28670104817039366                               0.4268159543460271                                 -0.42904573082625946                               0.25706231353772174                                
parent#2: -0.6099776700785939                                -0.36209498434560855                               -0.34428382304571864                               0.2341815930188397                                 0.41210251458690944                                -0.3919357249200083                                
son     : -0.7148625145418708                                0.17038641927974826                                -0.4631890029991913                                0.48522050038816417                                -0.012437558799751848                              -0.09900693946727679                               
28  :
parent#1: 0.5258780977800475                                 -0.4515395179495335                                0.38104401302811225                                -0.4152800307231391                                0.3662921494365578                                 -0.2602735243629451                                
parent#2: 0.49074531506549035                                -0.4601237602946077                                0.337391303423094                                  0.4698898758384546                                 -0.43895479156661493                               -0.14193119767450682                               
son     : 0.636530301218359                                  -0.570812450095155                                 0.4498281690233656                                 0.03419242634147471                                -0.04549568001085811                               -0.2518292315867053                                
29  :
parent#1: 0.5258780977800475                                 -0.4515395179495335                                0.38104401302811225                                -0.4152800307231391                                0.3662921494365578                                 -0.2602735243629451                                
parent#2: 0.4769853068012761                                 -0.13083684396760195                               0.09032461101536281                                0.6930515517403805                                 0.025776731224217517                               -0.5159683214683422                                
son     : 0.6472764991090139                                 -0.3758822298067009                                0.3042346857676688                                 0.1792816218588481                                 0.25305238113623607                                -0.5010085143563044                                
30  :
parent#1: 0.5258780977800475                                 -0.4515395179495335                                0.38104401302811225                                -0.4152800307231391                                0.3662921494365578                                 -0.2602735243629451                                
parent#2: -0.36385251318293765                               0.5942059630822825                                 -0.28670104817039366                               0.4268159543460271                                 -0.42904573082625946                               0.25706231353772174                                
son     : 0.663749472230013                                  0.5844433636654405                                 0.38648274770083685                                0.04725774164257644                                -0.25707456406672113                               -0.013154956334589435                              
31  :
parent#1: 0.5258780977800475                                 -0.4515395179495335                                0.38104401302811225                                -0.4152800307231391                                0.3662921494365578                                 -0.2602735243629451                                
parent#2: 0.5258780977800475                                 -0.4515395179495335                                0.38104401302811225                                -0.4152800307231391                                0.3662921494365578                                 -0.2602735243629451                                
son     : 0.5258780977800476                                 -0.45153951794953356                               0.3810440130281123                                 -0.4152800307231392                                0.36629214943655786                                -0.26027352436294515                               
32  :
parent#1: 0.5258780977800475                                 -0.4515395179495335                                0.38104401302811225                                -0.4152800307231391                                0.3662921494365578                                 -0.2602735243629451                                
parent#2: -0.4370595259190209                                0.08160633975993586                                0.5449039690966772                                 0.29415182682531626                                -0.5031556767537698                                -0.4070726081461381                                
son     : 0.07298688128248565                                -0.3039935048857102                                0.7609000463421552                                 -0.09953740138587422                               -0.1124679423559483                                -0.548393336294334                                 
33  :
parent#1: 0.5258780977800475                                 -0.4515395179495335                                0.38104401302811225                                -0.4152800307231391                                0.3662921494365578                                 -0.2602735243629451                                
parent#2: -0.38804648549447013                               0.3423684295318927                                 0.6370810150897349                                 -0.15918074184804815                               -0.42782166466600025                               0.3434554970219661                                 
son     : 0.1161491225606033                                 -0.09199722703977876                               0.8579623114896379                                 -0.4840915198857582                                -0.05185021844387752                               0.07009649656558767                                
34  :
parent#1: 0.5258780977800475                                 -0.4515395179495335                                0.38104401302811225                                -0.4152800307231391                                0.3662921494365578                                 -0.2602735243629451                                
parent#2: -0.38804648549447013                               0.3423684295318927                                 0.6370810150897349                                 -0.15918074184804815                               -0.42782166466600025                               0.3434554970219661                                 
son     : 0.1161491225606033                                 -0.09199722703977876                               0.8579623114896379                                 -0.4840915198857582                                -0.05185021844387752                               0.07009649656558767                                
35  :
parent#1: 0.5258780977800475                                 -0.4515395179495335                                0.38104401302811225                                -0.4152800307231391                                0.3662921494365578                                 -0.2602735243629451                                
parent#2: -0.18628923436773914                               -0.5349839341810874                                0.5639996316837269                                 -0.4851295709639006                                0.34055424095676134                                0.09831091053476099                                
son     : 0.1864225222665875                                 -0.5415672009185966                                0.5187962235536736                                 -0.49429368010737723                               0.38803418235822945                                -0.08891186442142027                               
36  :
parent#1: 0.5258780977800475                                 -0.4515395179495335                                0.38104401302811225                                -0.4152800307231391                                0.3662921494365578                                 -0.2602735243629451                                
parent#2: 0.15996211311586386                                0.71846026178756                                   0.1537226211062231                                 0.6506833832469361                                 -0.06809337107967343                               -0.08106021182564148                               
son     : 0.6573849234609882                                 0.2558462889320757                                 0.5125793402965754                                 0.22563654393953653                                0.28582660796488635                                -0.3271719104160868                                
37  :
parent#1: 0.5258780977800475                                 -0.4515395179495335                                0.38104401302811225                                -0.4152800307231391                                0.3662921494365578                                 -0.2602735243629451                                
parent#2: -0.6099776700785939                                -0.36209498434560855                               -0.34428382304571864                               0.2341815930188397                                 0.41210251458690944                                -0.3919357249200083                                
son     : -0.06385678014077885                               -0.6177924347055317                                0.02791200127993446                                -0.13750798968714678                               0.5910348360256887                                 -0.49522228828224135                               
38  :
parent#1: -0.4370595259190209                                0.08160633975993586                                0.5449039690966772                                 0.29415182682531626                                -0.5031556767537698                                -0.4070726081461381                                
parent#2: 0.49074531506549035                                -0.4601237602946077                                0.337391303423094                                  0.4698898758384546                                 -0.43895479156661493                               -0.14193119767450682                               
son     : 0.03268823927260066                                -0.23047194067554574                               0.537212536794895                                  0.46521022393429806                                -0.5736328532986433                                -0.3342778051985443                                
39  :
parent#1: -0.4370595259190209                                0.08160633975993586                                0.5449039690966772                                 0.29415182682531626                                -0.5031556767537698                                -0.4070726081461381                                
parent#2: 0.4769853068012761                                 -0.13083684396760195                               0.09032461101536281                                0.6930515517403805                                 0.025776731224217517                               -0.5159683214683422                                
son     : 0.02544541285755604                                -0.0313754791282358                                0.4048425133509117                                 0.6291623353857235                                 -0.3042421235123027                                -0.5882704613274459                                
40  :
parent#1: -0.4370595259190209                                0.08160633975993586                                0.5449039690966772                                 0.29415182682531626                                -0.5031556767537698                                -0.4070726081461381                                
parent#2: -0.36385251318293765                               0.5942059630822825                                 -0.28670104817039366                               0.4268159543460271                                 -0.42904573082625946                               0.25706231353772174                                
son     : -0.4989986833924872                                0.4210567863567617                                 0.16087024704333086                                0.4491903679913398                                 -0.5807969568801059                                -0.0934621229927468                                
41  :
parent#1: -0.4370595259190209                                0.08160633975993586                                0.5449039690966772                                 0.29415182682531626                                -0.5031556767537698                                -0.4070726081461381                                
parent#2: 0.5258780977800475                                 -0.4515395179495335                                0.38104401302811225                                -0.4152800307231391                                0.3662921494365578                                 -0.2602735243629451                                
son     : 0.07298688128248565                                -0.3039935048857102                                0.7609000463421552                                 -0.09953740138587422                               -0.1124679423559483                                -0.548393336294334                                 
42  :
parent#1: -0.4370595259190209                                0.08160633975993586                                0.5449039690966772                                 0.29415182682531626                                -0.5031556767537698                                -0.4070726081461381                                
parent#2: -0.4370595259190209                                0.08160633975993586                                0.5449039690966772                                 0.29415182682531626                                -0.5031556767537698                                -0.4070726081461381                                
son     : -0.4370595259190209                                0.08160633975993586                                0.5449039690966772                                 0.29415182682531626                                -0.5031556767537698                                -0.4070726081461381                                
43  :
parent#1: -0.4370595259190209                                0.08160633975993586                                0.5449039690966772                                 0.29415182682531626                                -0.5031556767537698                                -0.4070726081461381                                
parent#2: -0.38804648549447013                               0.3423684295318927                                 0.6370810150897349                                 -0.15918074184804815                               -0.42782166466600025                               0.3434554970219661                                 
son     : -0.46514373461374414                               0.23901075115494813                                0.6663300257138879                                 0.07608834945178172                                -0.5248274420967164                                -0.03586339239359358                               
44  :
parent#1: -0.4370595259190209                                0.08160633975993586                                0.5449039690966772                                 0.29415182682531626                                -0.5031556767537698                                -0.4070726081461381                                
parent#2: -0.38804648549447013                               0.3423684295318927                                 0.6370810150897349                                 -0.15918074184804815                               -0.42782166466600025                               0.3434554970219661                                 
son     : -0.46514373461374414                               0.23901075115494813                                0.6663300257138879                                 0.07608834945178172                                -0.5248274420967164                                -0.03586339239359358                               
45  :
parent#1: -0.4370595259190209                                0.08160633975993586                                0.5449039690966772                                 0.29415182682531626                                -0.5031556767537698                                -0.4070726081461381                                
parent#2: -0.18628923436773914                               -0.5349839341810874                                0.5639996316837269                                 -0.4851295709639006                                0.34055424095676134                                0.09831091053476099                                
son     : -0.44276802287324335                               -0.32203657709134326                               0.7876602732773389                                 -0.13565253285517628                               -0.11549668633506582                               -0.21931511715445598                               
46  :
parent#1: -0.4370595259190209                                0.08160633975993586                                0.5449039690966772                                 0.29415182682531626                                -0.5031556767537698                                -0.4070726081461381                                
parent#2: 0.15996211311586386                                0.71846026178756                                   0.1537226211062231                                 0.6506833832469361                                 -0.06809337107967343                               -0.08106021182564148                               
son     : -0.1698265142396398                                0.4903420812408898                                 0.42817187417612756                                0.5790673706918864                                 -0.3501051618449525                                -0.2991651725043767                                
47  :
parent#1: -0.4370595259190209                                0.08160633975993586                                0.5449039690966772                                 0.29415182682531626                                -0.5031556767537698                                -0.4070726081461381                                
parent#2: -0.6099776700785939                                -0.36209498434560855                               -0.34428382304571864                               0.2341815930188397                                 0.41210251458690944                                -0.3919357249200083                                
son     : -0.7155642979838647                                -0.19169105054014704                               0.13710746334431234                                0.36107268597271414                                -0.062227390119661864                              -0.5460568536812874                                
48  :
parent#1: -0.38804648549447013                               0.3423684295318927                                 0.6370810150897349                                 -0.15918074184804815                               -0.42782166466600025                               0.3434554970219661                                 
parent#2: 0.49074531506549035                                -0.4601237602946077                                0.337391303423094                                  0.4698898758384546                                 -0.43895479156661493                               -0.14193119767450682                               
son     : 0.07525262123755672                                -0.08628528038347119                               0.7140451025375903                                 0.22767228091007582                                -0.6351309029612409                                0.14766703605391146                                
49  :
parent#1: -0.38804648549447013                               0.3423684295318927                                 0.6370810150897349                                 -0.15918074184804815                               -0.42782166466600025                               0.3434554970219661                                 
parent#2: 0.4769853068012761                                 -0.13083684396760195                               0.09032461101536281                                0.6930515517403805                                 0.025776731224217517                               -0.5159683214683422                                
son     : 0.08645872397893596                                0.20563293621848527                                0.7071216070111455                                 0.5189835924816779                                 -0.3908337373582077                                -0.1677022300552401                                
50  :
parent#1: -0.38804648549447013                               0.3423684295318927                                 0.6370810150897349                                 -0.15918074184804815                               -0.42782166466600025                               0.3434554970219661                                 
parent#2: -0.36385251318293765                               0.5942059630822825                                 -0.28670104817039366                               0.4268159543460271                                 -0.42904573082625946                               0.25706231353772174                                
son     : -0.45492320761013083                               0.5666577926064641                                 0.21199120987480524                                0.1619279578150313                                 -0.5184324819417928                                0.36333269373594995                                
51  :
parent#1: -0.38804648549447013                               0.3423684295318927                                 0.6370810150897349                                 -0.15918074184804815                               -0.42782166466600025                               0.3434554970219661                                 
parent#2: 0.5258780977800475                                 -0.4515395179495335                                0.38104401302811225                                -0.4152800307231391                                0.3662921494365578                                 -0.2602735243629451                                
son     : 0.1161491225606033                                 -0.09199722703977876                               0.8579623114896379                                 -0.4840915198857582                                -0.05185021844387752                               0.07009649656558767                                
52  :
parent#1: -0.38804648549447013                               0.3423684295318927                                 0.6370810150897349                                 -0.15918074184804815                               -0.42782166466600025                               0.3434554970219661                                 
parent#2: -0.4370595259190209                                0.08160633975993586                                0.5449039690966772                                 0.29415182682531626                                -0.5031556767537698                                -0.4070726081461381                                
son     : -0.46514373461374414                               0.23901075115494813                                0.6663300257138879                                 0.07608834945178172                                -0.5248274420967164                                -0.03586339239359358                               
53  :
parent#1: -0.38804648549447013                               0.3423684295318927                                 0.6370810150897349                                 -0.15918074184804815                               -0.42782166466600025                               0.3434554970219661                                 
parent#2: -0.38804648549447013                               0.3423684295318927                                 0.6370810150897349                                 -0.15918074184804815                               -0.42782166466600025                               0.3434554970219661                                 
son     : -0.38804648549447013                               0.3423684295318927                                 0.6370810150897349                                 -0.15918074184804815                               -0.42782166466600025                               0.3434554970219661                                 
54  :
parent#1: -0.38804648549447013                               0.3423684295318927                                 0.6370810150897349                                 -0.15918074184804815                               -0.42782166466600025                               0.3434554970219661                                 
parent#2: -0.38804648549447013                               0.3423684295318927                                 0.6370810150897349                                 -0.15918074184804815                               -0.42782166466600025                               0.3434554970219661                                 
son     : -0.38804648549447013                               0.3423684295318927                                 0.6370810150897349                                 -0.15918074184804815                               -0.42782166466600025                               0.3434554970219661                                 
55  :
parent#1: -0.38804648549447013                               0.3423684295318927                                 0.6370810150897349                                 -0.15918074184804815                               -0.42782166466600025                               0.3434554970219661                                 
parent#2: -0.18628923436773914                               -0.5349839341810874                                0.5639996316837269                                 -0.4851295709639006                                0.34055424095676134                                0.09831091053476099                                
son     : -0.3686287955556242                                -0.123627382084482                                 0.7708956571454301                                 -0.413540941930128                                 -0.056011291272109805                              0.2835411643448551                                 
56  :
parent#1: -0.38804648549447013                               0.3423684295318927                                 0.6370810150897349                                 -0.15918074184804815                               -0.42782166466600025                               0.3434554970219661                                 
parent#2: 0.15996211311586386                                0.71846026178756                                   0.1537226211062231                                 0.6506833832469361                                 -0.06809337107967343                               -0.08106021182564148                               
son     : -0.1484983390547445                                0.6906711627794672                                 0.5148666051465397                                 0.3200014324856944                                 -0.3228741993698042                                0.17083706183416286                                
57  :
parent#1: -0.38804648549447013                               0.3423684295318927                                 0.6370810150897349                                 -0.15918074184804815                               -0.42782166466600025                               0.3434554970219661                                 
parent#2: -0.6099776700785939                                -0.36209498434560855                               -0.34428382304571864                               0.2341815930188397                                 0.41210251458690944                                -0.3919357249200083                                
son     : -0.9557610029878671                                -0.018891197882306074                              0.2803981610839209                                 0.07182480337740851                                -0.01505349400795016                               -0.04642724425272792                               
58  :
parent#1: -0.38804648549447013                               0.3423684295318927                                 0.6370810150897349                                 -0.15918074184804815                               -0.42782166466600025                               0.3434554970219661                                 
parent#2: 0.49074531506549035                                -0.4601237602946077                                0.337391303423094                                  0.4698898758384546                                 -0.43895479156661493                               -0.14193119767450682                               
son     : 0.07525262123755672                                -0.08628528038347119                               0.7140451025375903                                 0.22767228091007582                                -0.6351309029612409                                0.14766703605391146                                
59  :
parent#1: -0.38804648549447013                               0.3423684295318927                                 0.6370810150897349                                 -0.15918074184804815                               -0.42782166466600025                               0.3434554970219661                                 
parent#2: 0.4769853068012761                                 -0.13083684396760195                               0.09032461101536281                                0.6930515517403805                                 0.025776731224217517                               -0.5159683214683422                                
son     : 0.08645872397893596                                0.20563293621848527                                0.7071216070111455                                 0.5189835924816779                                 -0.3908337373582077                                -0.1677022300552401                                
60  :
parent#1: -0.38804648549447013                               0.3423684295318927                                 0.6370810150897349                                 -0.15918074184804815                               -0.42782166466600025                               0.3434554970219661                                 
parent#2: -0.36385251318293765                               0.5942059630822825                                 -0.28670104817039366                               0.4268159543460271                                 -0.42904573082625946                               0.25706231353772174                                
son     : -0.45492320761013083                               0.5666577926064641                                 0.21199120987480524                                0.1619279578150313                                 -0.5184324819417928                                0.36333269373594995                                
61  :
parent#1: -0.38804648549447013                               0.3423684295318927                                 0.6370810150897349                                 -0.15918074184804815                               -0.42782166466600025                               0.3434554970219661                                 
parent#2: 0.5258780977800475                                 -0.4515395179495335                                0.38104401302811225                                -0.4152800307231391                                0.3662921494365578                                 -0.2602735243629451                                
son     : 0.1161491225606033                                 -0.09199722703977876                               0.8579623114896379                                 -0.4840915198857582                                -0.05185021844387752                               0.07009649656558767                                
62  :
parent#1: -0.38804648549447013                               0.3423684295318927                                 0.6370810150897349                                 -0.15918074184804815                               -0.42782166466600025                               0.3434554970219661                                 
parent#2: -0.4370595259190209                                0.08160633975993586                                0.5449039690966772                                 0.29415182682531626                                -0.5031556767537698                                -0.4070726081461381                                
son     : -0.46514373461374414                               0.23901075115494813                                0.6663300257138879                                 0.07608834945178172                                -0.5248274420967164                                -0.03586339239359358                               
63  :
parent#1: -0.38804648549447013                               0.3423684295318927                                 0.6370810150897349                                 -0.15918074184804815                               -0.42782166466600025                               0.3434554970219661                                 
parent#2: -0.38804648549447013                               0.3423684295318927                                 0.6370810150897349                                 -0.15918074184804815                               -0.42782166466600025                               0.3434554970219661                                 
son     : -0.38804648549447013                               0.3423684295318927                                 0.6370810150897349                                 -0.15918074184804815                               -0.42782166466600025                               0.3434554970219661                                 
64  :
parent#1: -0.38804648549447013                               0.3423684295318927                                 0.6370810150897349                                 -0.15918074184804815                               -0.42782166466600025                               0.3434554970219661                                 
parent#2: -0.38804648549447013                               0.3423684295318927                                 0.6370810150897349                                 -0.15918074184804815                               -0.42782166466600025                               0.3434554970219661                                 
son     : -0.38804648549447013                               0.3423684295318927                                 0.6370810150897349                                 -0.15918074184804815                               -0.42782166466600025                               0.3434554970219661                                 
65  :
parent#1: -0.38804648549447013                               0.3423684295318927                                 0.6370810150897349                                 -0.15918074184804815                               -0.42782166466600025                               0.3434554970219661                                 
parent#2: -0.6099776700785939                                -0.36209498434560855                               -0.34428382304571864                               0.2341815930188397                                 0.41210251458690944                                -0.3919357249200083                                
son     : -0.9557610029878671                                -0.018891197882306074                              0.2803981610839209                                 0.07182480337740851                                -0.01505349400795016                               -0.04642724425272792                               
66  :
parent#1: -0.18628923436773914                               -0.5349839341810874                                0.5639996316837269                                 -0.4851295709639006                                0.34055424095676134                                0.09831091053476099                                
parent#2: 0.49074531506549035                                -0.4601237602946077                                0.337391303423094                                  0.4698898758384546                                 -0.43895479156661493                               -0.14193119767450682                               
son     : 0.22045509830589255                                -0.7205524163216683                                0.6526925878951                                    -0.011034985667989786                              -0.07125133782295798                               -0.03158522788405243                               
67  :
parent#1: -0.18628923436773914                               -0.5349839341810874                                0.5639996316837269                                 -0.4851295709639006                                0.34055424095676134                                0.09831091053476099                                
parent#2: -0.36385251318293765                               0.5942059630822825                                 -0.28670104817039366                               0.4268159543460271                                 -0.42904573082625946                               0.25706231353772174                                
son     : -0.7624849241825328                                0.08208049001499187                                0.38433002106718145                                -0.08082144964210843                               -0.12264734905930451                               0.4925398354511332                                 
68  :
parent#1: -0.18628923436773914                               -0.5349839341810874                                0.5639996316837269                                 -0.4851295709639006                                0.34055424095676134                                0.09831091053476099                                
parent#2: 0.5258780977800475                                 -0.4515395179495335                                0.38104401302811225                                -0.4152800307231391                                0.3662921494365578                                 -0.2602735243629451                                
son     : 0.1864225222665875                                 -0.5415672009185966                                0.5187962235536736                                 -0.49429368010737723                               0.38803418235822945                                -0.08891186442142027                               
69  :
parent#1: -0.18628923436773914                               -0.5349839341810874                                0.5639996316837269                                 -0.4851295709639006                                0.34055424095676134                                0.09831091053476099                                
parent#2: -0.4370595259190209                                0.08160633975993586                                0.5449039690966772                                 0.29415182682531626                                -0.5031556767537698                                -0.4070726081461381                                
son     : -0.44276802287324335                               -0.32203657709134326                               0.7876602732773389                                 -0.13565253285517628                               -0.11549668633506582                               -0.21931511715445598                               
70  :
parent#1: -0.18628923436773914                               -0.5349839341810874                                0.5639996316837269                                 -0.4851295709639006                                0.34055424095676134                                0.09831091053476099                                
parent#2: -0.38804648549447013                               0.3423684295318927                                 0.6370810150897349                                 -0.15918074184804815                               -0.42782166466600025                               0.3434554970219661                                 
son     : -0.3686287955556242                                -0.123627382084482                                 0.7708956571454301                                 -0.413540941930128                                 -0.056011291272109805                              0.2835411643448551                                 
71  :
parent#1: -0.18628923436773914                               -0.5349839341810874                                0.5639996316837269                                 -0.4851295709639006                                0.34055424095676134                                0.09831091053476099                                
parent#2: -0.38804648549447013                               0.3423684295318927                                 0.6370810150897349                                 -0.15918074184804815                               -0.42782166466600025                               0.3434554970219661                                 
son     : -0.3686287955556242                                -0.123627382084482                                 0.7708956571454301                                 -0.413540941930128                                 -0.056011291272109805                              0.2835411643448551                                 
72  :
parent#1: -0.18628923436773914                               -0.5349839341810874                                0.5639996316837269                                 -0.4851295709639006                                0.34055424095676134                                0.09831091053476099                                
parent#2: -0.18628923436773914                               -0.5349839341810874                                0.5639996316837269                                 -0.4851295709639006                                0.34055424095676134                                0.09831091053476099                                
son     : -0.18628923436773914                               -0.5349839341810874                                0.5639996316837269                                 -0.4851295709639006                                0.34055424095676134                                0.09831091053476099                                
73  :
parent#1: -0.18628923436773914                               -0.5349839341810874                                0.5639996316837269                                 -0.4851295709639006                                0.34055424095676134                                0.09831091053476099                                
parent#2: 0.15996211311586386                                0.71846026178756                                   0.1537226211062231                                 0.6506833832469361                                 -0.06809337107967343                               -0.08106021182564148                               
son     : -0.03261910192128062                               0.22732576695644244                                0.8892523831582582                                 0.20511990751484985                                0.33757693441125686                                0.021373483793485096                               
74  :
parent#1: -0.18628923436773914                               -0.5349839341810874                                0.5639996316837269                                 -0.4851295709639006                                0.34055424095676134                                0.09831091053476099                                
parent#2: -0.6099776700785939                                -0.36209498434560855                               -0.34428382304571864                               0.2341815930188397                                 0.41210251458690944                                -0.3919357249200083                                
son     : -0.5365079201875194                                -0.6044329384221755                                0.14803989826333622                                -0.16908347812871113                               0.5071243175836863                                 -0.19783823439304177                               
75  :
parent#1: 0.15996211311586386                                0.71846026178756                                   0.1537226211062231                                 0.6506833832469361                                 -0.06809337107967343                               -0.08106021182564148                               
parent#2: 0.49074531506549035                                -0.4601237602946077                                0.337391303423094                                  0.4698898758384546                                 -0.43895479156661493                               -0.14193119767450682                               
son     : 0.4296377939764038                                 0.1705699363463857                                 0.3242641684844316                                 0.7398726404091662                                 -0.33478495035471684                               -0.14723289316228813                               
76  :
parent#1: 0.15996211311586386                                0.71846026178756                                   0.1537226211062231                                 0.6506833832469361                                 -0.06809337107967343                               -0.08106021182564148                               
parent#2: 0.4769853068012761                                 -0.13083684396760195                               0.09032461101536281                                0.6930515517403805                                 0.025776731224217517                               -0.5159683214683422                                
son     : 0.3693196871178491                                 0.34072026987819515                                0.14150531832101046                                0.7791345882575333                                 -0.024536355282401123                              -0.3461736153123069                                
77  :
parent#1: 0.15996211311586386                                0.71846026178756                                   0.1537226211062231                                 0.6506833832469361                                 -0.06809337107967343                               -0.08106021182564148                               
parent#2: -0.36385251318293765                               0.5942059630822825                                 -0.28670104817039366                               0.4268159543460271                                 -0.42904573082625946                               0.25706231353772174                                
son     : -0.1135976445336689                                0.7313526833782408                                 -0.07408900116588439                               0.6003293274076796                                 -0.27698131429198913                               0.09805966431421145                                
78  :
parent#1: 0.15996211311586386                                0.71846026178756                                   0.1537226211062231                                 0.6506833832469361                                 -0.06809337107967343                               -0.08106021182564148                               
parent#2: 0.5258780977800475                                 -0.4515395179495335                                0.38104401302811225                                -0.4152800307231391                                0.3662921494365578                                 -0.2602735243629451                                
son     : 0.6573849234609882                                 0.2558462889320757                                 0.5125793402965754                                 0.22563654393953653                                0.28582660796488635                                -0.3271719104160868                                
79  :
parent#1: 0.15996211311586386                                0.71846026178756                                   0.1537226211062231                                 0.6506833832469361                                 -0.06809337107967343                               -0.08106021182564148                               
parent#2: -0.4370595259190209                                0.08160633975993586                                0.5449039690966772                                 0.29415182682531626                                -0.5031556767537698                                -0.4070726081461381                                
son     : -0.1698265142396398                                0.4903420812408898                                 0.42817187417612756                                0.5790673706918864                                 -0.3501051618449525                                -0.2991651725043767                                
80  :
parent#1: 0.15996211311586386                                0.71846026178756                                   0.1537226211062231                                 0.6506833832469361                                 -0.06809337107967343                               -0.08106021182564148                               
parent#2: -0.38804648549447013                               0.3423684295318927                                 0.6370810150897349                                 -0.15918074184804815                               -0.42782166466600025                               0.3434554970219661                                 
son     : -0.1484983390547445                                0.6906711627794672                                 0.5148666051465397                                 0.3200014324856944                                 -0.3228741993698042                                0.17083706183416286                                
81  :
parent#1: 0.15996211311586386                                0.71846026178756                                   0.1537226211062231                                 0.6506833832469361                                 -0.06809337107967343                               -0.08106021182564148                               
parent#2: -0.38804648549447013                               0.3423684295318927                                 0.6370810150897349                                 -0.15918074184804815                               -0.42782166466600025                               0.3434554970219661                                 
son     : -0.1484983390547445                                0.6906711627794672                                 0.5148666051465397                                 0.3200014324856944                                 -0.3228741993698042                                0.17083706183416286                                
82  :
parent#1: 0.15996211311586386                                0.71846026178756                                   0.1537226211062231                                 0.6506833832469361                                 -0.06809337107967343                               -0.08106021182564148                               
parent#2: -0.18628923436773914                               -0.5349839341810874                                0.5639996316837269                                 -0.4851295709639006                                0.34055424095676134                                0.09831091053476099                                
son     : -0.03261910192128062                               0.22732576695644244                                0.8892523831582582                                 0.20511990751484985                                0.33757693441125686                                0.021373483793485096                               
83  :
parent#1: 0.15996211311586386                                0.71846026178756                                   0.1537226211062231                                 0.6506833832469361                                 -0.06809337107967343                               -0.08106021182564148                               
parent#2: 0.15996211311586386                                0.71846026178756                                   0.1537226211062231                                 0.6506833832469361                                 -0.06809337107967343                               -0.08106021182564148                               
son     : 0.15996211311586386                                0.71846026178756                                   0.1537226211062231                                 0.6506833832469361                                 -0.06809337107967343                               -0.08106021182564148                               
84  :
parent#1: 0.15996211311586386                                0.71846026178756                                   0.1537226211062231                                 0.6506833832469361                                 -0.06809337107967343                               -0.08106021182564148                               
parent#2: -0.6099776700785939                                -0.36209498434560855                               -0.34428382304571864                               0.2341815930188397                                 0.41210251458690944                                -0.3919357249200083                                
son     : -0.36855862805476647                               0.2918599050815468                                 -0.15606788267789687                               0.7246963279832505                                 0.2817403443228577                                 -0.3873793490585779                                
85  :
parent#1: -0.6099776700785939                                -0.36209498434560855                               -0.34428382304571864                               0.2341815930188397                                 0.41210251458690944                                -0.3919357249200083                                
parent#2: 0.49074531506549035                                -0.4601237602946077                                0.337391303423094                                  0.4698898758384546                                 -0.43895479156661493                               -0.14193119767450682                               
son     : -0.09828240107882526                               -0.6777491933827609                                -0.005681455993383865                              0.5803612155675816                                 -0.022134145179880788                              -0.44006279170939705                               
86  :
parent#1: -0.6099776700785939                                -0.36209498434560855                               -0.34428382304571864                               0.2341815930188397                                 0.41210251458690944                                -0.3919357249200083                                
parent#2: 0.4769853068012761                                 -0.13083684396760195                               0.09032461101536281                                0.6930515517403805                                 0.025776731224217517                               -0.5159683214683422                                
son     : -0.0896440122605905                                -0.33226258840744405                               -0.171182180359238                                 0.6250050555451546                                 0.2951541841413801                                 -0.6119762026949254                                
87  :
parent#1: -0.6099776700785939                                -0.36209498434560855                               -0.34428382304571864                               0.2341815930188397                                 0.41210251458690944                                -0.3919357249200083                                
parent#2: -0.36385251318293765                               0.5942059630822825                                 -0.28670104817039366                               0.4268159543460271                                 -0.42904573082625946                               0.25706231353772174                                
son     : -0.7148625145418708                                0.17038641927974826                                -0.4631890029991913                                0.48522050038816417                                -0.012437558799751848                              -0.09900693946727679                               
88  :
parent#1: -0.6099776700785939                                -0.36209498434560855                               -0.34428382304571864                               0.2341815930188397                                 0.41210251458690944                                -0.3919357249200083                                
parent#2: 0.5258780977800475                                 -0.4515395179495335                                0.38104401302811225                                -0.4152800307231391                                0.3662921494365578                                 -0.2602735243629451                                
son     : -0.06385678014077885                               -0.6177924347055317                                0.02791200127993446                                -0.13750798968714678                               0.5910348360256887                                 -0.49522228828224135                               
89  :
parent#1: -0.6099776700785939                                -0.36209498434560855                               -0.34428382304571864                               0.2341815930188397                                 0.41210251458690944                                -0.3919357249200083                                
parent#2: -0.4370595259190209                                0.08160633975993586                                0.5449039690966772                                 0.29415182682531626                                -0.5031556767537698                                -0.4070726081461381                                
son     : -0.7155642979838647                                -0.19169105054014704                               0.13710746334431234                                0.36107268597271414                                -0.062227390119661864                              -0.5460568536812874                                
90  :
parent#1: -0.6099776700785939                                -0.36209498434560855                               -0.34428382304571864                               0.2341815930188397                                 0.41210251458690944                                -0.3919357249200083                                
parent#2: -0.38804648549447013                               0.3423684295318927                                 0.6370810150897349                                 -0.15918074184804815                               -0.42782166466600025                               0.3434554970219661                                 
son     : -0.9557610029878671                                -0.018891197882306074                              0.2803981610839209                                 0.07182480337740851                                -0.01505349400795016                               -0.04642724425272792                               
91  :
parent#1: -0.6099776700785939                                -0.36209498434560855                               -0.34428382304571864                               0.2341815930188397                                 0.41210251458690944                                -0.3919357249200083                                
parent#2: -0.38804648549447013                               0.3423684295318927                                 0.6370810150897349                                 -0.15918074184804815                               -0.42782166466600025                               0.3434554970219661                                 
son     : -0.9557610029878671                                -0.018891197882306074                              0.2803981610839209                                 0.07182480337740851                                -0.01505349400795016                               -0.04642724425272792                               
92  :
parent#1: -0.6099776700785939                                -0.36209498434560855                               -0.34428382304571864                               0.2341815930188397                                 0.41210251458690944                                -0.3919357249200083                                
parent#2: -0.18628923436773914                               -0.5349839341810874                                0.5639996316837269                                 -0.4851295709639006                                0.34055424095676134                                0.09831091053476099                                
son     : -0.5365079201875194                                -0.6044329384221755                                0.14803989826333622                                -0.16908347812871113                               0.5071243175836863                                 -0.19783823439304177                               
93  :
parent#1: -0.6099776700785939                                -0.36209498434560855                               -0.34428382304571864                               0.2341815930188397                                 0.41210251458690944                                -0.3919357249200083                                
parent#2: 0.15996211311586386                                0.71846026178756                                   0.1537226211062231                                 0.6506833832469361                                 -0.06809337107967343                               -0.08106021182564148                               
son     : -0.36855862805476647                               0.2918599050815468                                 -0.15606788267789687                               0.7246963279832505                                 0.2817403443228577                                 -0.3873793490585779                                
94  :
parent#1: -0.6099776700785939                                -0.36209498434560855                               -0.34428382304571864                               0.2341815930188397                                 0.41210251458690944                                -0.3919357249200083                                
parent#2: -0.6099776700785939                                -0.36209498434560855                               -0.34428382304571864                               0.2341815930188397                                 0.41210251458690944                                -0.3919357249200083                                
son     : -0.609977670078594                                 -0.3620949843456086                                -0.3442838230457187                                0.23418159301883973                                0.4121025145869095                                 -0.39193572492000833                               

0   :
parent#1: 0.49074531506549035                                -0.4601237602946077                                0.337391303423094                                  0.4698898758384546                                 -0.43895479156661493                               -0.14193119767450682                               
parent#2: -0.18628923436773914                               -0.5349839341810874                                0.5639996316837269                                 -0.4851295709639006                                0.34055424095676134                                0.09831091053476099                                
son:      0.21999894583422328                                -0.7190614924637119                                0.651342075525477                                  0.06523240187303549                                -0.07110390882672497                               -0.03151987362425864                               
mutated:  0.21999894583422328                                -0.7190614924637119                                0.651342075525477                                  0.06523240187303549                                -0.07110390882672497                               -0.03151987362425864                               
1   :
parent#1: 0.49074531506549035                                -0.4601237602946077                                0.337391303423094                                  0.4698898758384546                                 -0.43895479156661493                               -0.14193119767450682                               
parent#2: -0.6099776700785939                                -0.36209498434560855                               -0.34428382304571864                               0.2341815930188397                                 0.41210251458690944                                -0.3919357249200083                                
son:      -0.09828240107882526                               -0.6777491933827609                                -0.005681455993383865                              0.5803612155675816                                 -0.022134145179880788                              -0.44006279170939705                               
mutated:  -0.09828240107882526                               -0.6777491933827609                                -0.005681455993383865                              0.5803612155675816                                 -0.022134145179880788                              -0.44006279170939705                               
2   :
parent#1: -0.38804648549447013                               0.3423684295318927                                 0.6370810150897349                                 -0.15918074184804815                               -0.42782166466600025                               0.3434554970219661                                 
parent#2: -0.18628923436773914                               -0.5349839341810874                                0.5639996316837269                                 -0.4851295709639006                                0.34055424095676134                                0.09831091053476099                                
son:      -0.3686287955556242                                -0.123627382084482                                 0.7708956571454301                                 -0.413540941930128                                 -0.056011291272109805                              0.2835411643448551                                 
mutated:  -0.3686287955556242                                -0.123627382084482                                 0.7708956571454301                                 -0.413540941930128                                 -0.056011291272109805                              0.2835411643448551                                 
3   :
parent#1: -0.38804648549447013                               0.3423684295318927                                 0.6370810150897349                                 -0.15918074184804815                               -0.42782166466600025                               0.3434554970219661                                 
parent#2: 0.15996211311586386                                0.71846026178756                                   0.1537226211062231                                 0.6506833832469361                                 -0.06809337107967343                               -0.08106021182564148                               
son:      -0.1484983390547445                                0.6906711627794672                                 0.5148666051465397                                 0.3200014324856944                                 -0.3228741993698042                                0.17083706183416286                                
mutated:  -0.1484983390547445                                0.6906711627794672                                 0.5148666051465397                                 0.3200014324856944                                 -0.3228741993698042                                0.17083706183416286                                
4   :
parent#1: -0.18628923436773914                               -0.5349839341810874                                0.5639996316837269                                 -0.4851295709639006                                0.34055424095676134                                0.09831091053476099                                
parent#2: 0.4769853068012761                                 -0.13083684396760195                               0.09032461101536281                                0.6930515517403805                                 0.025776731224217517                               -0.5159683214683422                                
son:      0.2541930197073465                                 -0.5822128684597423                                0.5721599666862777                                 0.18181296952056383                                0.3203303548323691                                 -0.3652116714188912                                
mutated:  0.2541930197073465                                 -0.5822128684597423                                0.5721599666862777                                 0.18181296952056383                                0.3203303548323691                                 -0.3652116714188912                                

