0   :
parent#1: 0.513609862146599                                  -0.03969687532329356                               0.26515001486809464                                -0.16278093320038586                               -0.618123056432208                                 0.5057180954880737                                 
parent#2: 0.513609862146599                                  -0.03969687532329356                               0.26515001486809464                                -0.16278093320038586                               -0.618123056432208                                 0.5057180954880737                                 
son     : 0.4571564413658525                                 -0.035333593829942736                              0.40293605434152774                                -0.14488886921501593                               -0.5501820693701479                                0.5510979654268631                                 
1   :
parent#1: 0.513609862146599                                  -0.03969687532329356                               0.26515001486809464                                -0.16278093320038586                               -0.618123056432208                                 0.5057180954880737                                 
parent#2: -0.5173542379163215                                -0.046859389930969046                              -0.551966014284841                                 0.3434186784487492                                 -0.22390721611852074                               0.5073573484462356                                 
son     : -0.00273590898286914                               0.11040743358928025                                -0.20956830123196085                               0.13198686784228572                                -0.6152475948454291                                0.740225441526508                                  
2   :
parent#1: 0.513609862146599                                  -0.03969687532329356                               0.26515001486809464                                -0.16278093320038586                               -0.618123056432208                                 0.5057180954880737                                 
parent#2: 0.6893498397484201                                 0.1510233097813532                                 0.12829779899879332                                -0.35855233594257624                               0.5041579892494291                                 -0.3206140629786417                                
son     : 0.8651595504279368                                 0.08006513255161839                                0.2829647021639277                                 -0.3749389576760844                                -0.08196281731883577                               0.13312542497972552                                
3   :
parent#1: 0.513609862146599                                  -0.03969687532329356                               0.26515001486809464                                -0.16278093320038586                               -0.618123056432208                                 0.5057180954880737                                 
parent#2: 0.3038735900869655                                 -0.5221975628325886                                -0.02918447314908652                               0.5328329040610401                                 0.46610157754066306                                0.36463300578850194                                
son     : 0.5843276662253711                                 -0.40163561086840804                               0.16866542549032443                                0.26450884592747115                                -0.10866318545546058                               0.622116847033521                                  
4   :
parent#1: 0.513609862146599                                  -0.03969687532329356                               0.26515001486809464                                -0.16278093320038586                               -0.618123056432208                                 0.5057180954880737                                 
parent#2: -0.03372638278830708                               -0.48224870183990054                               0.1988457016439539                                 -0.18785065827051248                               0.6807369249075043                                 -0.47756515458132065                               
son     : 0.5218397339443901                                 -0.5675793246404577                                0.5045629026024528                                 -0.38128734219053934                               0.06808820447428277                                0.030614354993378                                  
5   :
parent#1: 0.513609862146599                                  -0.03969687532329356                               0.26515001486809464                                -0.16278093320038586                               -0.618123056432208                                 0.5057180954880737                                 
parent#2: -0.18628923436773914                               -0.5349839341810874                                0.5639996316837269                                 -0.4851295709639006                                0.34055424095676134                                0.09831091053476099                                
son     : 0.23223169760676335                                -0.4077320176209527                                0.5882758789002102                                 -0.4596879741443659                                -0.1969331345169949                                0.42855435792204133                                
6   :
parent#1: 0.513609862146599                                  -0.03969687532329356                               0.26515001486809464                                -0.16278093320038586                               -0.618123056432208                                 0.5057180954880737                                 
parent#2: -0.3421741524732287                                0.12357659631713436                                0.5871220511618845                                 -0.5040255266265009                                0.5152318057062633                                 -0.05854764007970732                               
son     : 0.1439684654142073                                 0.07044060268343813                                0.7157219560353447                                 -0.5599714489615989                                -0.0864061256536664                                0.37552528797163925                                
7   :
parent#1: 0.513609862146599                                  -0.03969687532329356                               0.26515001486809464                                -0.16278093320038586                               -0.618123056432208                                 0.5057180954880737                                 
parent#2: -0.3421741524732287                                0.12357659631713436                                0.5871220511618845                                 -0.5040255266265009                                0.5152318057062633                                 -0.05854764007970732                               
son     : 0.1439684654142073                                 0.07044060268343813                                0.7157219560353447                                 -0.5599714489615989                                -0.0864061256536664                                0.37552528797163925                                
8   :
parent#1: -0.5173542379163215                                -0.046859389930969046                              -0.551966014284841                                 0.3434186784487492                                 -0.22390721611852074                               0.5073573484462356                                 
parent#2: 0.513609862146599                                  -0.03969687532329356                               0.26515001486809464                                -0.16278093320038586                               -0.618123056432208                                 0.5057180954880737                                 
son     : -0.0027471817823750836                             -0.06350478949781163                               -0.21043178808674345                               0.13253069496077535                                -0.6177826070942406                                0.7432754015375229                                 
9   :
parent#1: -0.5173542379163215                                -0.046859389930969046                              -0.551966014284841                                 0.3434186784487492                                 -0.22390721611852074                               0.5073573484462356                                 
parent#2: -0.5173542379163215                                -0.046859389930969046                              -0.551966014284841                                 0.3434186784487492                                 -0.22390721611852074                               0.5073573484462356                                 
son     : -0.5173542379163216                                -0.04685938993096905                               -0.5519660142848412                                0.34341867844874924                                -0.22390721611852077                               0.5073573484462357                                 
10  :
parent#1: -0.5173542379163215                                -0.046859389930969046                              -0.551966014284841                                 0.3434186784487492                                 -0.22390721611852074                               0.5073573484462356                                 
parent#2: 0.3038735900869655                                 -0.5221975628325886                                -0.02918447314908652                               0.5328329040610401                                 0.46610157754066306                                0.36463300578850194                                
son     : -0.1409496187096955                                -0.37571724337392187                               -0.38370194417923176                               0.578541088873061                                  0.15990771642859375                                0.5757276324463988                                 
11  :
parent#1: -0.5173542379163215                                -0.046859389930969046                              -0.551966014284841                                 0.3434186784487492                                 -0.22390721611852074                               0.5073573484462356                                 
parent#2: -0.1726691346355141                                -0.2398144072179066                                0.24328555925350911                                -0.6641993359204489                                0.13152970900149497                                0.6285107274394535                                 
son     : -0.48131989338567177                               -0.1999668518037005                                -0.2153174075197869                                -0.22375780009229407                               -0.06443713886439527                               0.7923150474796676                                 
12  :
parent#1: -0.5173542379163215                                -0.046859389930969046                              -0.551966014284841                                 0.3434186784487492                                 -0.22390721611852074                               0.5073573484462356                                 
parent#2: -0.03372638278830708                               -0.48224870183990054                               0.1988457016439539                                 -0.18785065827051248                               0.6807369249075043                                 -0.47756515458132065                               
son     : -0.5677559197005879                                -0.5451185180133662                                -0.3638054766143623                                0.16027539538472568                                0.4706530437023997                                 0.030693683994993958                               
13  :
parent#1: -0.5173542379163215                                -0.046859389930969046                              -0.551966014284841                                 0.3434186784487492                                 -0.22390721611852074                               0.5073573484462356                                 
parent#2: -0.18628923436773914                               -0.5349839341810874                                0.5639996316837269                                 -0.4851295709639006                                0.34055424095676134                                0.09831091053476099                                
son     : -0.6333419094414121                                -0.5237109081573382                                0.010831329389240776                               -0.12755244777991784                               0.10499273048309732                                0.5451554753800414                                 
14  :
parent#1: -0.5173542379163215                                -0.046859389930969046                              -0.551966014284841                                 0.3434186784487492                                 -0.22390721611852074                               0.5073573484462356                                 
parent#2: -0.3421741524732287                                0.12357659631713436                                0.5871220511618845                                 -0.5040255266265009                                0.5152318057062633                                 -0.05854764007970732                               
son     : -0.8356344047318427                                0.07458454869901242                                0.03417873601029585                                -0.15614214663933065                               0.2832260722575677                                 0.4363332702934478                                 
15  :
parent#1: -0.5173542379163215                                -0.046859389930969046                              -0.551966014284841                                 0.3434186784487492                                 -0.22390721611852074                               0.5073573484462356                                 
parent#2: -0.3421741524732287                                0.12357659631713436                                0.5871220511618845                                 -0.5040255266265009                                0.5152318057062633                                 -0.05854764007970732                               
son     : -0.8356344047318427                                0.07458454869901242                                0.03417873601029585                                -0.15614214663933065                               0.2832260722575677                                 0.4363332702934478                                 
16  :
parent#1: -0.5173542379163215                                -0.046859389930969046                              -0.551966014284841                                 0.3434186784487492                                 -0.22390721611852074                               0.5073573484462356                                 
parent#2: 0.04903569348496772                                -0.5551144915956269                                -0.08318931208403871                               -0.31346466160779063                               0.7116610795460026                                 0.27892894099123694                                
son     : -0.34504614037426307                               -0.4435202639243593                                -0.46796757571888453                               0.022069418396036645                               0.3593656284370288                                 0.579317331388248                                  
17  :
parent#1: 0.6893498397484201                                 0.1510233097813532                                 0.12829779899879332                                -0.35855233594257624                               0.5041579892494291                                 -0.3206140629786417                                
parent#2: 0.513609862146599                                  -0.03969687532329356                               0.26515001486809464                                -0.16278093320038586                               -0.618123056432208                                 0.5057180954880737                                 
son     : 0.8651595504279368                                 0.08006513255161839                                0.2829647021639277                                 -0.3749389576760844                                -0.08196281731883577                               0.13312542497972552                                
18  :
parent#1: 0.6893498397484201                                 0.1510233097813532                                 0.12829779899879332                                -0.35855233594257624                               0.5041579892494291                                 -0.3206140629786417                                
parent#2: -0.5173542379163215                                -0.046859389930969046                              -0.551966014284841                                 0.3434186784487492                                 -0.22390721611852074                               0.5073573484462356                                 
son     : 0.29779944601800257                                0.18035320261729468                                -0.7335545703708498                                -0.026202965482148812                              0.48523639032336013                                0.32333412231156594                                
19  :
parent#1: 0.6893498397484201                                 0.1510233097813532                                 0.12829779899879332                                -0.35855233594257624                               0.5041579892494291                                 -0.3206140629786417                                
parent#2: 0.6893498397484201                                 0.1510233097813532                                 0.12829779899879332                                -0.35855233594257624                               0.5041579892494291                                 -0.3206140629786417                                
son     : 0.6893498397484202                                 0.15102330978135323                                0.12829779899879334                                -0.3585523359425763                                0.5041579892494292                                 -0.32061406297864176                               
20  :
parent#1: 0.6893498397484201                                 0.1510233097813532                                 0.12829779899879332                                -0.35855233594257624                               0.5041579892494291                                 -0.3206140629786417                                
parent#2: 0.3038735900869655                                 -0.5221975628325886                                -0.02918447314908652                               0.5328329040610401                                 0.46610157754066306                                0.36463300578850194                                
son     : 0.6841196960080678                                 -0.25566011587696647                               0.06826800125112621                                0.12004224397029933                                0.6683024785182218                                 0.03031968927542231                                
21  :
parent#1: 0.6893498397484201                                 0.1510233097813532                                 0.12829779899879332                                -0.35855233594257624                               0.5041579892494291                                 -0.3206140629786417                                
parent#2: -0.1726691346355141                                -0.2398144072179066                                0.24328555925350911                                -0.6641993359204489                                0.13152970900149497                                0.6285107274394535                                 
son     : 0.3692614380194731                                 -0.06345723383570932                               0.26556324603289866                                -0.7309403067537298                                0.4543133723875568                                 0.22004763087747553                                
22  :
parent#1: 0.6893498397484201                                 0.1510233097813532                                 0.12829779899879332                                -0.35855233594257624                               0.5041579892494291                                 -0.3206140629786417                                
parent#2: -0.03372638278830708                               -0.48224870183990054                               0.1988457016439539                                 -0.18785065827051248                               0.6807369249075043                                 -0.47756515458132065                               
son     : 0.37939815935553395                                -0.1916745088125687                                0.18931238757757768                                -0.316194132577246                                 0.685678562425541                                  -0.4618927568305621                                
23  :
parent#1: 0.6893498397484201                                 0.1510233097813532                                 0.12829779899879332                                -0.35855233594257624                               0.5041579892494291                                 -0.3206140629786417                                
parent#2: -0.18628923436773914                               -0.5349839341810874                                0.5639996316837269                                 -0.4851295709639006                                0.34055424095676134                                0.09831091053476099                                
son     : 0.32784485534253205                                -0.2502273364623778                                0.45117059175079993                                -0.5498279327906356                                0.5504993950151423                                 -0.14487507881878714                               
24  :
parent#1: 0.6893498397484201                                 0.1510233097813532                                 0.12829779899879332                                -0.35855233594257624                               0.5041579892494291                                 -0.3206140629786417                                
parent#2: -0.3421741524732287                                0.12357659631713436                                0.5871220511618845                                 -0.5040255266265009                                0.5152318057062633                                 -0.05854764007970732                               
son     : 0.21388580306931404                                0.1691737745220565                                 0.44075133942790734                                -0.5314115175903996                                0.6280192217548233                                 -0.2335915455032465                                
25  :
parent#1: 0.6893498397484201                                 0.1510233097813532                                 0.12829779899879332                                -0.35855233594257624                               0.5041579892494291                                 -0.3206140629786417                                
parent#2: -0.3421741524732287                                0.12357659631713436                                0.5871220511618845                                 -0.5040255266265009                                0.5152318057062633                                 -0.05854764007970732                               
son     : 0.21388580306931404                                0.1691737745220565                                 0.44075133942790734                                -0.5314115175903996                                0.6280192217548233                                 -0.2335915455032465                                
26  :
parent#1: 0.6893498397484201                                 0.1510233097813532                                 0.12829779899879332                                -0.35855233594257624                               0.5041579892494291                                 -0.3206140629786417                                
parent#2: 0.04903569348496772                                -0.5551144915956269                                -0.08318931208403871                               -0.31346466160779063                               0.7116610795460026                                 0.27892894099123694                                
son     : 0.4542644020943291                                 -0.24860216084492429                               0.027751328967646566                               -0.4134336140805095                                0.7479877347037209                                 -0.025645230253789807                              
27  :
parent#1: 0.3038735900869655                                 -0.5221975628325886                                -0.02918447314908652                               0.5328329040610401                                 0.46610157754066306                                0.36463300578850194                                
parent#2: 0.513609862146599                                  -0.03969687532329356                               0.26515001486809464                                -0.16278093320038586                               -0.618123056432208                                 0.5057180954880737                                 
son     : 0.5843276662253711                                 -0.40163561086840804                               0.16866542549032443                                0.26450884592747115                                -0.10866318545546058                               0.622116847033521                                  
28  :
parent#1: 0.3038735900869655                                 -0.5221975628325886                                -0.02918447314908652                               0.5328329040610401                                 0.46610157754066306                                0.36463300578850194                                
parent#2: -0.5173542379163215                                -0.046859389930969046                              -0.551966014284841                                 0.3434186784487492                                 -0.22390721611852074                               0.5073573484462356                                 
son     : -0.1409496187096955                                -0.37571724337392187                               -0.38370194417923176                               0.578541088873061                                  0.15990771642859375                                0.5757276324463988                                 
29  :
parent#1: 0.3038735900869655                                 -0.5221975628325886                                -0.02918447314908652                               0.5328329040610401                                 0.46610157754066306                                0.36463300578850194                                
parent#2: 0.6893498397484201                                 0.1510233097813532                                 0.12829779899879332                                -0.35855233594257624                               0.5041579892494291                                 -0.3206140629786417                                
son     : 0.6841196960080678                                 -0.25566011587696647                               0.06826800125112621                                0.12004224397029933                                0.6683024785182218                                 0.03031968927542231                                
30  :
parent#1: 0.3038735900869655                                 -0.5221975628325886                                -0.02918447314908652                               0.5328329040610401                                 0.46610157754066306                                0.36463300578850194                                
parent#2: 0.3038735900869655                                 -0.5221975628325886                                -0.02918447314908652                               0.5328329040610401                                 0.46610157754066306                                0.36463300578850194                                
son     : 0.3038735900869655                                 -0.5221975628325886                                -0.02918447314908652                               0.5328329040610401                                 0.46610157754066306                                0.36463300578850194                                
31  :
parent#1: 0.3038735900869655                                 -0.5221975628325886                                -0.02918447314908652                               0.5328329040610401                                 0.46610157754066306                                0.36463300578850194                                
parent#2: -0.1726691346355141                                -0.2398144072179066                                0.24328555925350911                                -0.6641993359204489                                0.13152970900149497                                0.6285107274394535                                 
son     : 0.09267203624454254                                -0.538222582947457                                 0.15122339819326222                                -0.09278644305715675                               0.42211758782689096                                0.7014750507142417                                 
32  :
parent#1: 0.3038735900869655                                 -0.5221975628325886                                -0.02918447314908652                               0.5328329040610401                                 0.46610157754066306                                0.36463300578850194                                
parent#2: -0.03372638278830708                               -0.48224870183990054                               0.1988457016439539                                 -0.18785065827051248                               0.6807369249075043                                 -0.47756515458132065                               
son     : 0.1689185064852501                                 -0.6280633606017205                                0.10608631350433388                                0.2157115977824612                                 0.7170988327084856                                 -0.07061457380591514                               
33  :
parent#1: 0.3038735900869655                                 -0.5221975628325886                                -0.02918447314908652                               0.5328329040610401                                 0.46610157754066306                                0.36463300578850194                                
parent#2: -0.18628923436773914                               -0.5349839341810874                                0.5639996316837269                                 -0.4851295709639006                                0.34055424095676134                                0.09831091053476099                                
son     : 0.07779077132686382                                -0.6994039605196852                                0.3538198890935111                                 0.03155929250783848                                0.5336626452761769                                 0.3062717324221153                                 
34  :
parent#1: 0.3038735900869655                                 -0.5221975628325886                                -0.02918447314908652                               0.5328329040610401                                 0.46610157754066306                                0.36463300578850194                                
parent#2: -0.3421741524732287                                0.12357659631713436                                0.5871220511618845                                 -0.5040255266265009                                0.5152318057062633                                 -0.05854764007970732                               
son     : -0.030972335954865555                              -0.32235094537405384                               0.45118476156512616                                0.023295526652662622                               0.7935702594421896                                 0.2475206155458652                                 
35  :
parent#1: 0.3038735900869655                                 -0.5221975628325886                                -0.02918447314908652                               0.5328329040610401                                 0.46610157754066306                                0.36463300578850194                                
parent#2: -0.3421741524732287                                0.12357659631713436                                0.5871220511618845                                 -0.5040255266265009                                0.5152318057062633                                 -0.05854764007970732                               
son     : -0.030972335954865555                              -0.32235094537405384                               0.45118476156512616                                0.023295526652662622                               0.7935702594421896                                 0.2475206155458652                                 
36  :
parent#1: 0.3038735900869655                                 -0.5221975628325886                                -0.02918447314908652                               0.5328329040610401                                 0.46610157754066306                                0.36463300578850194                                
parent#2: 0.04903569348496772                                -0.5551144915956269                                -0.08318931208403871                               -0.31346466160779063                               0.7116610795460026                                 0.27892894099123694                                
son     : 0.19893049755047887                                -0.6072671731256702                                -0.06334368079467012                               0.1236551024566745                                 0.6638899067750612                                 0.3627677259766764                                 
37  :
parent#1: -0.1726691346355141                                -0.2398144072179066                                0.24328555925350911                                -0.6641993359204489                                0.13152970900149497                                0.6285107274394535                                 
parent#2: 0.513609862146599                                  -0.03969687532329356                               0.26515001486809464                                -0.16278093320038586                               -0.618123056432208                                 0.5057180954880737                                 
son     : 0.20904345167123103                                -0.17137877222827672                               0.31174077718059795                                -0.5070523876189073                                -0.2983484949121182                                0.6954379133893851                                 
38  :
parent#1: -0.1726691346355141                                -0.2398144072179066                                0.24328555925350911                                -0.6641993359204489                                0.13152970900149497                                0.6285107274394535                                 
parent#2: -0.5173542379163215                                -0.046859389930969046                              -0.551966014284841                                 0.3434186784487492                                 -0.22390721611852074                               0.5073573484462356                                 
son     : -0.48131989338567177                               -0.1999668518037005                                -0.2153174075197869                                -0.22375780009229407                               -0.06443713886439527                               0.7923150474796676                                 
39  :
parent#1: -0.1726691346355141                                -0.2398144072179066                                0.24328555925350911                                -0.6641993359204489                                0.13152970900149497                                0.6285107274394535                                 
parent#2: 0.6893498397484201                                 0.1510233097813532                                 0.12829779899879332                                -0.35855233594257624                               0.5041579892494291                                 -0.3206140629786417                                
son     : 0.3692614380194731                                 -0.06345723383570932                               0.26556324603289866                                -0.7309403067537298                                0.4543133723875568                                 0.22004763087747553                                
40  :
parent#1: -0.1726691346355141                                -0.2398144072179066                                0.24328555925350911                                -0.6641993359204489                                0.13152970900149497                                0.6285107274394535                                 
parent#2: 0.3038735900869655                                 -0.5221975628325886                                -0.02918447314908652                               0.5328329040610401                                 0.46610157754066306                                0.36463300578850194                                
son     : 0.09267203624454254                                -0.538222582947457                                 0.15122339819326222                                -0.09278644305715675                               0.42211758782689096                                0.7014750507142417                                 
41  :
parent#1: -0.1726691346355141                                -0.2398144072179066                                0.24328555925350911                                -0.6641993359204489                                0.13152970900149497                                0.6285107274394535                                 
parent#2: -0.1726691346355141                                -0.2398144072179066                                0.24328555925350911                                -0.6641993359204489                                0.13152970900149497                                0.6285107274394535                                 
son     : -0.1726691346355141                                -0.2398144072179066                                0.24328555925350911                                -0.6641993359204489                                0.13152970900149497                                0.6285107274394535                                 
42  :
parent#1: -0.1726691346355141                                -0.2398144072179066                                0.24328555925350911                                -0.6641993359204489                                0.13152970900149497                                0.6285107274394535                                 
parent#2: -0.03372638278830708                               -0.48224870183990054                               0.1988457016439539                                 -0.18785065827051248                               0.6807369249075043                                 -0.47756515458132065                               
son     : -0.14017485235212718                               -0.4903938368644738                                0.3002763092441501                                 -0.5786752717458199                                0.551656144958564                                  0.10251566338598195                                
43  :
parent#1: -0.1726691346355141                                -0.2398144072179066                                0.24328555925350911                                -0.6641993359204489                                0.13152970900149497                                0.6285107274394535                                 
parent#2: -0.18628923436773914                               -0.5349839341810874                                0.5639996316837269                                 -0.4851295709639006                                0.34055424095676134                                0.09831091053476099                                
son     : -0.19317375886012841                               -0.4169584021184369                                0.4344412284869977                                 -0.6185123520756809                                0.2540523887608444                                 0.3911396973922678                                 
44  :
parent#1: -0.1726691346355141                                -0.2398144072179066                                0.24328555925350911                                -0.6641993359204489                                0.13152970900149497                                0.6285107274394535                                 
parent#2: -0.3421741524732287                                0.12357659631713436                                0.5871220511618845                                 -0.5040255266265009                                0.5152318057062633                                 -0.05854764007970732                               
son     : -0.29354703594242443                               -0.06627505050318504                               0.47347163450532426                                -0.6660841353117838                                0.36876255427216037                                0.32497456814603076                                
45  :
parent#1: -0.1726691346355141                                -0.2398144072179066                                0.24328555925350911                                -0.6641993359204489                                0.13152970900149497                                0.6285107274394535                                 
parent#2: -0.3421741524732287                                0.12357659631713436                                0.5871220511618845                                 -0.5040255266265009                                0.5152318057062633                                 -0.05854764007970732                               
son     : -0.29354703594242443                               -0.06627505050318504                               0.47347163450532426                                -0.6660841353117838                                0.36876255427216037                                0.32497456814603076                                
46  :
parent#1: -0.1726691346355141                                -0.2398144072179066                                0.24328555925350911                                -0.6641993359204489                                0.13152970900149497                                0.6285107274394535                                 
parent#2: 0.04903569348496772                                -0.5551144915956269                                -0.08318931208403871                               -0.31346466160779063                               0.7116610795460026                                 0.27892894099123694                                
son     : -0.06951545907065068                               -0.44696521277168544                               0.0900174258186529                                 -0.5497118010511893                                0.47410145834773776                                0.5102267197518648                                 
47  :
parent#1: -0.03372638278830708                               -0.48224870183990054                               0.1988457016439539                                 -0.18785065827051248                               0.6807369249075043                                 -0.47756515458132065                               
parent#2: 0.513609862146599                                  -0.03969687532329356                               0.26515001486809464                                -0.16278093320038586                               -0.618123056432208                                 0.5057180954880737                                 
son     : 0.5218397339443901                                 -0.5675793246404577                                0.5045629026024528                                 -0.38128734219053934                               0.06808820447428277                                0.030614354993378                                  
48  :
parent#1: -0.03372638278830708                               -0.48224870183990054                               0.1988457016439539                                 -0.18785065827051248                               0.6807369249075043                                 -0.47756515458132065                               
parent#2: -0.5173542379163215                                -0.046859389930969046                              -0.551966014284841                                 0.3434186784487492                                 -0.22390721611852074                               0.5073573484462356                                 
son     : -0.5677559197005879                                -0.5451185180133662                                -0.3638054766143623                                0.16027539538472568                                0.4706530437023997                                 0.030693683994993958                               
49  :
parent#1: -0.03372638278830708                               -0.48224870183990054                               0.1988457016439539                                 -0.18785065827051248                               0.6807369249075043                                 -0.47756515458132065                               
parent#2: 0.6893498397484201                                 0.1510233097813532                                 0.12829779899879332                                -0.35855233594257624                               0.5041579892494291                                 -0.3206140629786417                                
son     : 0.37939815935553395                                -0.1916745088125687                                0.18931238757757768                                -0.316194132577246                                 0.685678562425541                                  -0.4618927568305621                                
50  :
parent#1: -0.03372638278830708                               -0.48224870183990054                               0.1988457016439539                                 -0.18785065827051248                               0.6807369249075043                                 -0.47756515458132065                               
parent#2: 0.3038735900869655                                 -0.5221975628325886                                -0.02918447314908652                               0.5328329040610401                                 0.46610157754066306                                0.36463300578850194                                
son     : 0.1689185064852501                                 -0.6280633606017205                                0.10608631350433388                                0.2157115977824612                                 0.7170988327084856                                 -0.07061457380591514                               
51  :
parent#1: -0.03372638278830708                               -0.48224870183990054                               0.1988457016439539                                 -0.18785065827051248                               0.6807369249075043                                 -0.47756515458132065                               
parent#2: -0.1726691346355141                                -0.2398144072179066                                0.24328555925350911                                -0.6641993359204489                                0.13152970900149497                                0.6285107274394535                                 
son     : -0.14017485235212718                               -0.4903938368644738                                0.3002763092441501                                 -0.5786752717458199                                0.551656144958564                                  0.10251566338598195                                
52  :
parent#1: -0.03372638278830708                               -0.48224870183990054                               0.1988457016439539                                 -0.18785065827051248                               0.6807369249075043                                 -0.47756515458132065                               
parent#2: -0.03372638278830708                               -0.48224870183990054                               0.1988457016439539                                 -0.18785065827051248                               0.6807369249075043                                 -0.47756515458132065                               
son     : -0.033726382788307085                              -0.4822487018399006                                0.19884570164395393                                -0.1878506582705125                                0.6807369249075044                                 -0.4775651545813207                                
53  :
parent#1: -0.03372638278830708                               -0.48224870183990054                               0.1988457016439539                                 -0.18785065827051248                               0.6807369249075043                                 -0.47756515458132065                               
parent#2: -0.18628923436773914                               -0.5349839341810874                                0.5639996316837269                                 -0.4851295709639006                                0.34055424095676134                                0.09831091053476099                                
son     : -0.12102527012621081                               -0.5595550722579892                                0.41962276916470587                                -0.37019014870624994                               0.5617875713730388                                 -0.20861858774185388                               
54  :
parent#1: -0.03372638278830708                               -0.48224870183990054                               0.1988457016439539                                 -0.18785065827051248                               0.6807369249075043                                 -0.47756515458132065                               
parent#2: -0.3421741524732287                                0.12357659631713436                                0.5871220511618845                                 -0.5040255266265009                                0.5152318057062633                                 -0.05854764007970732                               
son     : -0.21404529786285093                               -0.20423508471011248                               0.4475457893212949                                 -0.39396816494942577                               0.6810085625463966                                 -0.30527336903488383                               
55  :
parent#1: -0.03372638278830708                               -0.48224870183990054                               0.1988457016439539                                 -0.18785065827051248                               0.6807369249075043                                 -0.47756515458132065                               
parent#2: -0.3421741524732287                                0.12357659631713436                                0.5871220511618845                                 -0.5040255266265009                                0.5152318057062633                                 -0.05854764007970732                               
son     : -0.21404529786285093                               -0.20423508471011248                               0.4475457893212949                                 -0.39396816494942577                               0.6810085625463966                                 -0.30527336903488383                               
56  :
parent#1: -0.03372638278830708                               -0.48224870183990054                               0.1988457016439539                                 -0.18785065827051248                               0.6807369249075043                                 -0.47756515458132065                               
parent#2: 0.04903569348496772                                -0.5551144915956269                                -0.08318931208403871                               -0.31346466160779063                               0.7116610795460026                                 0.27892894099123694                                
son     : 0.00840298857317195                                -0.5693888662517833                                0.06348158575802364                                -0.27516241507936007                               0.7642607007304637                                 -0.10902762809430072                               
57  :
parent#1: -0.18628923436773914                               -0.5349839341810874                                0.5639996316837269                                 -0.4851295709639006                                0.34055424095676134                                0.09831091053476099                                
parent#2: 0.513609862146599                                  -0.03969687532329356                               0.26515001486809464                                -0.16278093320038586                               -0.618123056432208                                 0.5057180954880737                                 
son     : 0.23223169760676335                                -0.4077320176209527                                0.5882758789002102                                 -0.4596879741443659                                -0.1969331345169949                                0.42855435792204133                                
58  :
parent#1: -0.18628923436773914                               -0.5349839341810874                                0.5639996316837269                                 -0.4851295709639006                                0.34055424095676134                                0.09831091053476099                                
parent#2: -0.5173542379163215                                -0.046859389930969046                              -0.551966014284841                                 0.3434186784487492                                 -0.22390721611852074                               0.5073573484462356                                 
son     : -0.6333419094414121                                -0.5237109081573382                                0.010831329389240776                               -0.12755244777991784                               0.10499273048309732                                0.5451554753800414                                 
59  :
parent#1: -0.18628923436773914                               -0.5349839341810874                                0.5639996316837269                                 -0.4851295709639006                                0.34055424095676134                                0.09831091053476099                                
parent#2: 0.6893498397484201                                 0.1510233097813532                                 0.12829779899879332                                -0.35855233594257624                               0.5041579892494291                                 -0.3206140629786417                                
son     : 0.32784485534253205                                -0.2502273364623778                                0.45117059175079993                                -0.5498279327906356                                0.5504993950151423                                 -0.14487507881878714                               
60  :
parent#1: -0.18628923436773914                               -0.5349839341810874                                0.5639996316837269                                 -0.4851295709639006                                0.34055424095676134                                0.09831091053476099                                
parent#2: 0.3038735900869655                                 -0.5221975628325886                                -0.02918447314908652                               0.5328329040610401                                 0.46610157754066306                                0.36463300578850194                                
son     : 0.07779077132686382                                -0.6994039605196852                                0.3538198890935111                                 0.03155929250783848                                0.5336626452761769                                 0.3062717324221153                                 
61  :
parent#1: -0.18628923436773914                               -0.5349839341810874                                0.5639996316837269                                 -0.4851295709639006                                0.34055424095676134                                0.09831091053476099                                
parent#2: -0.1726691346355141                                -0.2398144072179066                                0.24328555925350911                                -0.6641993359204489                                0.13152970900149497                                0.6285107274394535                                 
son     : -0.19317375886012841                               -0.4169584021184369                                0.4344412284869977                                 -0.6185123520756809                                0.2540523887608444                                 0.3911396973922678                                 
62  :
parent#1: -0.18628923436773914                               -0.5349839341810874                                0.5639996316837269                                 -0.4851295709639006                                0.34055424095676134                                0.09831091053476099                                
parent#2: -0.03372638278830708                               -0.48224870183990054                               0.1988457016439539                                 -0.18785065827051248                               0.6807369249075043                                 -0.47756515458132065                               
son     : -0.12102527012621081                               -0.5595550722579892                                0.41962276916470587                                -0.37019014870624994                               0.5617875713730388                                 -0.20861858774185388                               
63  :
parent#1: -0.18628923436773914                               -0.5349839341810874                                0.5639996316837269                                 -0.4851295709639006                                0.34055424095676134                                0.09831091053476099                                
parent#2: -0.18628923436773914                               -0.5349839341810874                                0.5639996316837269                                 -0.4851295709639006                                0.34055424095676134                                0.09831091053476099                                
son     : -0.18628923436773914                               -0.5349839341810874                                0.5639996316837269                                 -0.4851295709639006                                0.34055424095676134                                0.09831091053476099                                
64  :
parent#1: -0.18628923436773914                               -0.5349839341810874                                0.5639996316837269                                 -0.4851295709639006                                0.34055424095676134                                0.09831091053476099                                
parent#2: -0.3421741524732287                                0.12357659631713436                                0.5871220511618845                                 -0.5040255266265009                                0.5152318057062633                                 -0.05854764007970732                               
son     : -0.2830426457436289                                -0.2203479451688083                                0.6165356669894132                                 -0.5297870824058393                                0.4583552103504124                                 0.02129703126700199                                
65  :
parent#1: -0.18628923436773914                               -0.5349839341810874                                0.5639996316837269                                 -0.4851295709639006                                0.34055424095676134                                0.09831091053476099                                
parent#2: -0.3421741524732287                                0.12357659631713436                                0.5871220511618845                                 -0.5040255266265009                                0.5152318057062633                                 -0.05854764007970732                               
son     : -0.2830426457436289                                -0.2203479451688083                                0.6165356669894132                                 -0.5297870824058393                                0.4583552103504124                                 0.02129703126700199                                
66  :
parent#1: -0.18628923436773914                               -0.5349839341810874                                0.5639996316837269                                 -0.4851295709639006                                0.34055424095676134                                0.09831091053476099                                
parent#2: 0.04903569348496772                                -0.5551144915956269                                -0.08318931208403871                               -0.31346466160779063                               0.7116610795460026                                 0.27892894099123694                                
son     : -0.07526476746863585                               -0.5977696750576807                                0.2636586034024386                                 -0.4379195526011145                                0.5769959806881563                                 0.2068643877774881                                 
67  :
parent#1: -0.3421741524732287                                0.12357659631713436                                0.5871220511618845                                 -0.5040255266265009                                0.5152318057062633                                 -0.05854764007970732                               
parent#2: 0.513609862146599                                  -0.03969687532329356                               0.26515001486809464                                -0.16278093320038586                               -0.618123056432208                                 0.5057180954880737                                 
son     : 0.1439684654142073                                 0.07044060268343813                                0.7157219560353447                                 -0.5599714489615989                                -0.0864061256536664                                0.37552528797163925                                
68  :
parent#1: -0.3421741524732287                                0.12357659631713436                                0.5871220511618845                                 -0.5040255266265009                                0.5152318057062633                                 -0.05854764007970732                               
parent#2: -0.5173542379163215                                -0.046859389930969046                              -0.551966014284841                                 0.3434186784487492                                 -0.22390721611852074                               0.5073573484462356                                 
son     : -0.8356344047318427                                0.07458454869901242                                0.03417873601029585                                -0.15614214663933065                               0.2832260722575677                                 0.4363332702934478                                 
69  :
parent#1: -0.3421741524732287                                0.12357659631713436                                0.5871220511618845                                 -0.5040255266265009                                0.5152318057062633                                 -0.05854764007970732                               
parent#2: 0.6893498397484201                                 0.1510233097813532                                 0.12829779899879332                                -0.35855233594257624                               0.5041579892494291                                 -0.3206140629786417                                
son     : 0.21388580306931404                                0.1691737745220565                                 0.44075133942790734                                -0.5314115175903996                                0.6280192217548233                                 -0.2335915455032465                                
70  :
parent#1: -0.3421741524732287                                0.12357659631713436                                0.5871220511618845                                 -0.5040255266265009                                0.5152318057062633                                 -0.05854764007970732                               
parent#2: 0.3038735900869655                                 -0.5221975628325886                                -0.02918447314908652                               0.5328329040610401                                 0.46610157754066306                                0.36463300578850194                                
son     : -0.030972335954865555                              -0.32235094537405384                               0.45118476156512616                                0.023295526652662622                               0.7935702594421896                                 0.2475206155458652                                 
71  :
parent#1: -0.3421741524732287                                0.12357659631713436                                0.5871220511618845                                 -0.5040255266265009                                0.5152318057062633                                 -0.05854764007970732                               
parent#2: -0.1726691346355141                                -0.2398144072179066                                0.24328555925350911                                -0.6641993359204489                                0.13152970900149497                                0.6285107274394535                                 
son     : -0.29354703594242443                               -0.06627505050318504                               0.47347163450532426                                -0.6660841353117838                                0.36876255427216037                                0.32497456814603076                                
72  :
parent#1: -0.3421741524732287                                0.12357659631713436                                0.5871220511618845                                 -0.5040255266265009                                0.5152318057062633                                 -0.05854764007970732                               
parent#2: -0.03372638278830708                               -0.48224870183990054                               0.1988457016439539                                 -0.18785065827051248                               0.6807369249075043                                 -0.47756515458132065                               
son     : -0.21404529786285093                               -0.20423508471011248                               0.4475457893212949                                 -0.39396816494942577                               0.6810085625463966                                 -0.30527336903488383                               
73  :
parent#1: -0.3421741524732287                                0.12357659631713436                                0.5871220511618845                                 -0.5040255266265009                                0.5152318057062633                                 -0.05854764007970732                               
parent#2: -0.18628923436773914                               -0.5349839341810874                                0.5639996316837269                                 -0.4851295709639006                                0.34055424095676134                                0.09831091053476099                                
son     : -0.2830426457436289                                -0.2203479451688083                                0.6165356669894132                                 -0.5297870824058393                                0.4583552103504124                                 0.02129703126700199                                
74  :
parent#1: -0.3421741524732287                                0.12357659631713436                                0.5871220511618845                                 -0.5040255266265009                                0.5152318057062633                                 -0.05854764007970732                               
parent#2: -0.3421741524732287                                0.12357659631713436                                0.5871220511618845                                 -0.5040255266265009                                0.5152318057062633                                 -0.05854764007970732                               
son     : -0.3421741524732287                                0.12357659631713436                                0.5871220511618845                                 -0.5040255266265009                                0.5152318057062633                                 -0.05854764007970732                               
75  :
parent#1: -0.3421741524732287                                0.12357659631713436                                0.5871220511618845                                 -0.5040255266265009                                0.5152318057062633                                 -0.05854764007970732                               
parent#2: -0.3421741524732287                                0.12357659631713436                                0.5871220511618845                                 -0.5040255266265009                                0.5152318057062633                                 -0.05854764007970732                               
son     : -0.3421741524732287                                0.12357659631713436                                0.5871220511618845                                 -0.5040255266265009                                0.5152318057062633                                 -0.05854764007970732                               
76  :
parent#1: -0.3421741524732287                                0.12357659631713436                                0.5871220511618845                                 -0.5040255266265009                                0.5152318057062633                                 -0.05854764007970732                               
parent#2: 0.04903569348496772                                -0.5551144915956269                                -0.08318931208403871                               -0.31346466160779063                               0.7116610795460026                                 0.27892894099123694                                
son     : -0.1768261342290075                                -0.2603110422930684                                0.30398085079016884                                -0.49312406926926716                               0.7400827812256436                                 0.1329377715603874                                 
77  :
parent#1: -0.3421741524732287                                0.12357659631713436                                0.5871220511618845                                 -0.5040255266265009                                0.5152318057062633                                 -0.05854764007970732                               
parent#2: 0.513609862146599                                  -0.03969687532329356                               0.26515001486809464                                -0.16278093320038586                               -0.618123056432208                                 0.5057180954880737                                 
son     : 0.1439684654142073                                 0.07044060268343813                                0.7157219560353447                                 -0.5599714489615989                                -0.0864061256536664                                0.37552528797163925                                
78  :
parent#1: -0.3421741524732287                                0.12357659631713436                                0.5871220511618845                                 -0.5040255266265009                                0.5152318057062633                                 -0.05854764007970732                               
parent#2: -0.5173542379163215                                -0.046859389930969046                              -0.551966014284841                                 0.3434186784487492                                 -0.22390721611852074                               0.5073573484462356                                 
son     : -0.8356344047318427                                0.07458454869901242                                0.03417873601029585                                -0.15614214663933065                               0.2832260722575677                                 0.4363332702934478                                 
79  :
parent#1: -0.3421741524732287                                0.12357659631713436                                0.5871220511618845                                 -0.5040255266265009                                0.5152318057062633                                 -0.05854764007970732                               
parent#2: 0.6893498397484201                                 0.1510233097813532                                 0.12829779899879332                                -0.35855233594257624                               0.5041579892494291                                 -0.3206140629786417                                
son     : 0.21388580306931404                                0.1691737745220565                                 0.44075133942790734                                -0.5314115175903996                                0.6280192217548233                                 -0.2335915455032465                                
80  :
parent#1: -0.3421741524732287                                0.12357659631713436                                0.5871220511618845                                 -0.5040255266265009                                0.5152318057062633                                 -0.05854764007970732                               
parent#2: 0.3038735900869655                                 -0.5221975628325886                                -0.02918447314908652                               0.5328329040610401                                 0.46610157754066306                                0.36463300578850194                                
son     : -0.030972335954865555                              -0.32235094537405384                               0.45118476156512616                                0.023295526652662622                               0.7935702594421896                                 0.2475206155458652                                 
81  :
parent#1: -0.3421741524732287                                0.12357659631713436                                0.5871220511618845                                 -0.5040255266265009                                0.5152318057062633                                 -0.05854764007970732                               
parent#2: -0.1726691346355141                                -0.2398144072179066                                0.24328555925350911                                -0.6641993359204489                                0.13152970900149497                                0.6285107274394535                                 
son     : -0.29354703594242443                               -0.06627505050318504                               0.47347163450532426                                -0.6660841353117838                                0.36876255427216037                                0.32497456814603076                                
82  :
parent#1: -0.3421741524732287                                0.12357659631713436                                0.5871220511618845                                 -0.5040255266265009                                0.5152318057062633                                 -0.05854764007970732                               
parent#2: -0.03372638278830708                               -0.48224870183990054                               0.1988457016439539                                 -0.18785065827051248                               0.6807369249075043                                 -0.47756515458132065                               
son     : -0.21404529786285093                               -0.20423508471011248                               0.4475457893212949                                 -0.39396816494942577                               0.6810085625463966                                 -0.30527336903488383                               
83  :
parent#1: -0.3421741524732287                                0.12357659631713436                                0.5871220511618845                                 -0.5040255266265009                                0.5152318057062633                                 -0.05854764007970732                               
parent#2: -0.18628923436773914                               -0.5349839341810874                                0.5639996316837269                                 -0.4851295709639006                                0.34055424095676134                                0.09831091053476099                                
son     : -0.2830426457436289                                -0.2203479451688083                                0.6165356669894132                                 -0.5297870824058393                                0.4583552103504124                                 0.02129703126700199                                
84  :
parent#1: -0.3421741524732287                                0.12357659631713436                                0.5871220511618845                                 -0.5040255266265009                                0.5152318057062633                                 -0.05854764007970732                               
parent#2: -0.3421741524732287                                0.12357659631713436                                0.5871220511618845                                 -0.5040255266265009                                0.5152318057062633                                 -0.05854764007970732                               
son     : -0.3421741524732287                                0.12357659631713436                                0.5871220511618845                                 -0.5040255266265009                                0.5152318057062633                                 -0.05854764007970732                               
85  :
parent#1: -0.3421741524732287                                0.12357659631713436                                0.5871220511618845                                 -0.5040255266265009                                0.5152318057062633                                 -0.05854764007970732                               
parent#2: -0.3421741524732287                                0.12357659631713436                                0.5871220511618845                                 -0.5040255266265009                                0.5152318057062633                                 -0.05854764007970732                               
son     : -0.3421741524732287                                0.12357659631713436                                0.5871220511618845                                 -0.5040255266265009                                0.5152318057062633                                 -0.05854764007970732                               
86  :
parent#1: -0.3421741524732287                                0.12357659631713436                                0.5871220511618845                                 -0.5040255266265009                                0.5152318057062633                                 -0.05854764007970732                               
parent#2: 0.04903569348496772                                -0.5551144915956269                                -0.08318931208403871                               -0.31346466160779063                               0.7116610795460026                                 0.27892894099123694                                
son     : -0.1768261342290075                                -0.2603110422930684                                0.30398085079016884                                -0.49312406926926716                               0.7400827812256436                                 0.1329377715603874                                 
87  :
parent#1: 0.04903569348496772                                -0.5551144915956269                                -0.08318931208403871                               -0.31346466160779063                               0.7116610795460026                                 0.27892894099123694                                
parent#2: 0.513609862146599                                  -0.03969687532329356                               0.26515001486809464                                -0.16278093320038586                               -0.618123056432208                                 0.5057180954880737                                 
son     : 0.4512426380464815                                 -0.4770396702898416                                0.14593277548047612                                -0.38194973088880185                               0.07501764456335706                                0.6292881817556356                                 
88  :
parent#1: 0.04903569348496772                                -0.5551144915956269                                -0.08318931208403871                               -0.31346466160779063                               0.7116610795460026                                 0.27892894099123694                                
parent#2: -0.5173542379163215                                -0.046859389930969046                              -0.551966014284841                                 0.3434186784487492                                 -0.22390721611852074                               0.5073573484462356                                 
son     : -0.34504614037426307                               -0.4435202639243593                                -0.46796757571888453                               0.022069418396036645                               0.3593656284370288                                 0.579317331388248                                  
89  :
parent#1: 0.04903569348496772                                -0.5551144915956269                                -0.08318931208403871                               -0.31346466160779063                               0.7116610795460026                                 0.27892894099123694                                
parent#2: 0.6893498397484201                                 0.1510233097813532                                 0.12829779899879332                                -0.35855233594257624                               0.5041579892494291                                 -0.3206140629786417                                
son     : 0.4542644020943291                                 -0.24860216084492429                               0.027751328967646566                               -0.4134336140805095                                0.7479877347037209                                 -0.025645230253789807                              
90  :
parent#1: 0.04903569348496772                                -0.5551144915956269                                -0.08318931208403871                               -0.31346466160779063                               0.7116610795460026                                 0.27892894099123694                                
parent#2: 0.3038735900869655                                 -0.5221975628325886                                -0.02918447314908652                               0.5328329040610401                                 0.46610157754066306                                0.36463300578850194                                
son     : 0.19893049755047887                                -0.6072671731256702                                -0.06334368079467012                               0.1236551024566745                                 0.6638899067750612                                 0.3627677259766764                                 
91  :
parent#1: 0.04903569348496772                                -0.5551144915956269                                -0.08318931208403871                               -0.31346466160779063                               0.7116610795460026                                 0.27892894099123694                                
parent#2: -0.1726691346355141                                -0.2398144072179066                                0.24328555925350911                                -0.6641993359204489                                0.13152970900149497                                0.6285107274394535                                 
son     : -0.06951545907065068                               -0.44696521277168544                               0.0900174258186529                                 -0.5497118010511893                                0.47410145834773776                                0.5102267197518648                                 
92  :
parent#1: 0.04903569348496772                                -0.5551144915956269                                -0.08318931208403871                               -0.31346466160779063                               0.7116610795460026                                 0.27892894099123694                                
parent#2: -0.03372638278830708                               -0.48224870183990054                               0.1988457016439539                                 -0.18785065827051248                               0.6807369249075043                                 -0.47756515458132065                               
son     : 0.00840298857317195                                -0.5693888662517833                                0.06348158575802364                                -0.27516241507936007                               0.7642607007304637                                 -0.10902762809430072                               
93  :
parent#1: 0.04903569348496772                                -0.5551144915956269                                -0.08318931208403871                               -0.31346466160779063                               0.7116610795460026                                 0.27892894099123694                                
parent#2: -0.18628923436773914                               -0.5349839341810874                                0.5639996316837269                                 -0.4851295709639006                                0.34055424095676134                                0.09831091053476099                                
son     : -0.07526476746863585                               -0.5977696750576807                                0.2636586034024386                                 -0.4379195526011145                                0.5769959806881563                                 0.2068643877774881                                 
94  :
parent#1: 0.04903569348496772                                -0.5551144915956269                                -0.08318931208403871                               -0.31346466160779063                               0.7116610795460026                                 0.27892894099123694                                
parent#2: -0.3421741524732287                                0.12357659631713436                                0.5871220511618845                                 -0.5040255266265009                                0.5152318057062633                                 -0.05854764007970732                               
son     : -0.1768261342290075                                -0.2603110422930684                                0.30398085079016884                                -0.49312406926926716                               0.7400827812256436                                 0.1329377715603874                                 
95  :
parent#1: 0.04903569348496772                                -0.5551144915956269                                -0.08318931208403871                               -0.31346466160779063                               0.7116610795460026                                 0.27892894099123694                                
parent#2: 0.04903569348496772                                -0.5551144915956269                                -0.08318931208403871                               -0.31346466160779063                               0.7116610795460026                                 0.27892894099123694                                
son     : 0.04903569348496772                                -0.5551144915956269                                -0.08318931208403871                               -0.31346466160779063                               0.7116610795460026                                 0.27892894099123694                                

0   :
parent#1: 0.513609862146599                                  -0.03969687532329356                               0.26515001486809464                                -0.16278093320038586                               -0.618123056432208                                 0.5057180954880737                                 
parent#2: -0.1726691346355141                                -0.2398144072179066                                0.24328555925350911                                -0.6641993359204489                                0.13152970900149497                                0.6285107274394535                                 
son:      0.20904345167123103                                -0.17137877222827672                               0.31174077718059795                                -0.5070523876189073                                -0.2983484949121182                                0.6954379133893851                                 
mutated:  0.20904345167123103                                -0.17137877222827672                               0.31174077718059795                                -0.5070523876189073                                -0.2983484949121182                                0.6954379133893851                                 
1   :
parent#1: 0.513609862146599                                  -0.03969687532329356                               0.26515001486809464                                -0.16278093320038586                               -0.618123056432208                                 0.5057180954880737                                 
parent#2: 0.04903569348496772                                -0.5551144915956269                                -0.08318931208403871                               -0.31346466160779063                               0.7116610795460026                                 0.27892894099123694                                
son:      0.45961168862285645                                -0.4858871700404784                                0.14863934324639957                                -0.3375053107686538                                0.07640897244006047                                0.6409593851752147                                 
mutated:  0.45961168862285645                                -0.4858871700404784                                0.14863934324639957                                -0.3375053107686538                                0.07640897244006047                                0.6409593851752147                                 
2   :
parent#1: -0.5173542379163215                                -0.046859389930969046                              -0.551966014284841                                 0.3434186784487492                                 -0.22390721611852074                               0.5073573484462356                                 
parent#2: 0.6893498397484201                                 0.1510233097813532                                 0.12829779899879332                                -0.35855233594257624                               0.5041579892494291                                 -0.3206140629786417                                
son:      0.29779944601800257                                0.18035320261729468                                -0.7335545703708498                                -0.026202965482148812                              0.48523639032336013                                0.32333412231156594                                
mutated:  0.29779944601800257                                0.18035320261729468                                -0.7335545703708498                                -0.026202965482148812                              0.48523639032336013                                0.32333412231156594                                
3   :
parent#1: 0.04903569348496772                                -0.5551144915956269                                -0.08318931208403871                               -0.31346466160779063                               0.7116610795460026                                 0.27892894099123694                                
parent#2: -0.3421741524732287                                0.12357659631713436                                0.5871220511618845                                 -0.5040255266265009                                0.5152318057062633                                 -0.05854764007970732                               
son:      -0.1768261342290075                                -0.2603110422930684                                0.30398085079016884                                -0.49312406926926716                               0.7400827812256436                                 0.1329377715603874                                 
mutated:  -0.1768261342290075                                -0.2603110422930684                                0.30398085079016884                                -0.49312406926926716                               0.7400827812256436                                 0.1329377715603874                                 

