0   :
parent#1: -0.1726691346355141                                -0.2398144072179066                                0.24328555925350911                                -0.6641993359204489                                0.13152970900149497                                0.6285107274394535                                 
parent#2: -0.1726691346355141                                -0.2398144072179066                                0.24328555925350911                                -0.6641993359204489                                0.13152970900149497                                0.6285107274394535                                 
son     : -0.1726691346355141                                -0.2398144072179066                                0.24328555925350911                                -0.6641993359204489                                0.13152970900149497                                0.6285107274394535                                 
1   :
parent#1: -0.1726691346355141                                -0.2398144072179066                                0.24328555925350911                                -0.6641993359204489                                0.13152970900149497                                0.6285107274394535                                 
parent#2: -0.43791437563607977                               0.21611039202443216                                -0.39722792003620605                               -0.2661278964576774                                0.5980338593862198                                 0.41865107591961676                                
son     : -0.3698971798186191                                -0.013876941651945853                              -0.09012182707899967                               -0.5446375483458854                                0.4271053231812319                                 0.6130355185293934                                 
2   :
parent#1: -0.1726691346355141                                -0.2398144072179066                                0.24328555925350911                                -0.6641993359204489                                0.13152970900149497                                0.6285107274394535                                 
parent#2: 0.06557235966807352                                0.00883155603317743                                0.8479260691622139                                 0.032776774027101885                               0.4732108114446252                                 -0.2272462574323408                                
son     : -0.07251871826664051                               -0.1564060198319064                                0.7388949730224821                                 -0.4275568044608722                                0.40948952421757323                                0.2717092560416065                                 
3   :
parent#1: -0.1726691346355141                                -0.2398144072179066                                0.24328555925350911                                -0.6641993359204489                                0.13152970900149497                                0.6285107274394535                                 
parent#2: -0.21277315511615508                               0.4774718557240536                                 -0.06485251024311009                               0.6463067750128703                                 0.01829717410385328                                -0.5518107731467271                                
son     : -0.7479927975099316                                0.46120019645928223                                0.3462687905458021                                 -0.03472246570686168                               0.2907554059736582                                 0.148844625786296                                  
4   :
parent#1: -0.1726691346355141                                -0.2398144072179066                                0.24328555925350911                                -0.6641993359204489                                0.13152970900149497                                0.6285107274394535                                 
parent#2: -0.36930691458676607                               -0.6965606335373808                                -0.0764299504974397                                0.5996430248266065                                 0.07615793973863709                                -0.0848667208211112                                
son     : -0.4242278258248614                                -0.7329407789630265                                0.13060501885801992                                -0.0505309847878206                                0.2865987336814299                                 0.4255334073920087                                 
5   :
parent#1: -0.1726691346355141                                -0.2398144072179066                                0.24328555925350911                                -0.6641993359204489                                0.13152970900149497                                0.6285107274394535                                 
parent#2: 0.18972471890083029                                0.6119797438361118                                 -0.18172289826060914                               0.5421761035248139                                 0.512269904157779                                  -0.009312920105020243                              
son     : 0.01710372963461413                                0.37321590382790265                                0.06173644319832663                                -0.12236768577203218                               0.6753210624772029                                 0.6209457103460709                                 
6   :
parent#1: -0.1726691346355141                                -0.2398144072179066                                0.24328555925350911                                -0.6641993359204489                                0.13152970900149497                                0.6285107274394535                                 
parent#2: 0.18972471890083029                                0.6119797438361118                                 -0.18172289826060914                               0.5421761035248139                                 0.512269904157779                                  -0.009312920105020243                              
son     : 0.017449490471391906                               0.3807606584494417                                 0.06298447767478008                                -0.12484141251648864                               0.6586684478557367                                 0.6334984525250823                                 
7   :
parent#1: -0.1726691346355141                                -0.2398144072179066                                0.24328555925350911                                -0.6641993359204489                                0.13152970900149497                                0.6285107274394535                                 
parent#2: 0.5258780977800475                                 -0.4515395179495335                                0.38104401302811225                                -0.4152800307231391                                0.3662921494365578                                 -0.2602735243629451                                
son     : 0.1641325088068861                                 -0.4387131768275841                                0.39618146375134883                                -0.6850063404866608                                0.31590333266231924                                0.23367266360521932                                
8   :
parent#1: -0.1726691346355141                                -0.2398144072179066                                0.24328555925350911                                -0.6641993359204489                                0.13152970900149497                                0.6285107274394535                                 
parent#2: -0.737277330784812                                 0.23538914996427068                                0.2545568046246003                                 -0.35755530737343344                               0.3745843685993547                                 0.26087482013284935                                
son     : -0.5544652320935219                                -0.0026964787308420115                             0.3033544195439628                                 -0.6225942370960074                                0.28179946789396454                                0.3653800861768402                                 
9   :
parent#1: -0.1726691346355141                                -0.2398144072179066                                0.24328555925350911                                -0.6641993359204489                                0.13152970900149497                                0.6285107274394535                                 
parent#2: -0.43791437563607977                               0.21611039202443216                                -0.39722792003620605                               -0.2661278964576774                                0.5980338593862198                                 0.41865107591961676                                
son     : -0.3593633499714934                                -0.013951169929094702                              -0.09060389208477437                               -0.5461087838785899                                0.42938992544418075                                0.6163146683242696                                 
10  :
parent#1: -0.43791437563607977                               0.21611039202443216                                -0.39722792003620605                               -0.2661278964576774                                0.5980338593862198                                 0.41865107591961676                                
parent#2: -0.1726691346355141                                -0.2398144072179066                                0.24328555925350911                                -0.6641993359204489                                0.13152970900149497                                0.6285107274394535                                 
son     : -0.3590803064302065                                -0.013940181639548372                              -0.0905325301986163                                -0.5471195701536539                                0.42905172722474555                                0.6158292435131881                                 
11  :
parent#1: -0.43791437563607977                               0.21611039202443216                                -0.39722792003620605                               -0.2661278964576774                                0.5980338593862198                                 0.41865107591961676                                
parent#2: -0.43791437563607977                               0.21611039202443216                                -0.39722792003620605                               -0.2661278964576774                                0.5980338593862198                                 0.41865107591961676                                
son     : -0.4379143756360798                                0.2161103920244322                                 -0.3972279200362061                                -0.2661278964576775                                0.5980338593862199                                 0.4186510759196168                                 
12  :
parent#1: -0.43791437563607977                               0.21611039202443216                                -0.39722792003620605                               -0.2661278964576774                                0.5980338593862198                                 0.41865107591961676                                
parent#2: 0.06557235966807352                                0.00883155603317743                                0.8479260691622139                                 0.032776774027101885                               0.4732108114446252                                 -0.2272462574323408                                
son     : -0.2915495705235722                                0.17613303236389774                                0.35290363745773784                                -0.18271754625637962                               0.838801183622626                                  0.1498729400200234                                 
13  :
parent#1: -0.43791437563607977                               0.21611039202443216                                -0.39722792003620605                               -0.2661278964576774                                0.5980338593862198                                 0.41865107591961676                                
parent#2: -0.21277315511615508                               0.4774718557240536                                 -0.06485251024311009                               0.6463067750128703                                 0.01829717410385328                                -0.5518107731467271                                
son     : -0.5050162049328409                                0.538307955835262                                  -0.3586331291820178                                0.2950671180399094                                 0.47835119747209526                                -0.10334884528354002                               
14  :
parent#1: -0.43791437563607977                               0.21611039202443216                                -0.39722792003620605                               -0.2661278964576774                                0.5980338593862198                                 0.41865107591961676                                
parent#2: -0.36930691458676607                               -0.6965606335373808                                -0.0764299504974397                                0.5996430248266065                                 0.07615793973863709                                -0.0848667208211112                                
son     : -0.6043644556406068                                -0.35971183142879076                               -0.3546264011519428                                0.24970189890426436                                0.504765625746777                                  0.24990346824817936                                
15  :
parent#1: -0.43791437563607977                               0.21611039202443216                                -0.39722792003620605                               -0.2661278964576774                                0.5980338593862198                                 0.41865107591961676                                
parent#2: 0.18972471890083029                                0.6119797438361118                                 -0.18172289826060914                               0.5421761035248139                                 0.512269904157779                                  -0.009312920105020243                              
son     : -0.1551473187268862                                0.5176523709043808                                 -0.36191140402480104                               0.1725621435204144                                 0.6940686173315317                                 0.25588381950577577                                
16  :
parent#1: -0.43791437563607977                               0.21611039202443216                                -0.39722792003620605                               -0.2661278964576774                                0.5980338593862198                                 0.41865107591961676                                
parent#2: 0.18972471890083029                                0.6119797438361118                                 -0.18172289826060914                               0.5421761035248139                                 0.512269904157779                                  -0.009312920105020243                              
son     : -0.1551473187268862                                0.5176523709043808                                 -0.36191140402480104                               0.1725621435204144                                 0.6940686173315317                                 0.25588381950577577                                
17  :
parent#1: -0.43791437563607977                               0.21611039202443216                                -0.39722792003620605                               -0.2661278964576774                                0.5980338593862198                                 0.41865107591961676                                
parent#2: -0.737277330784812                                 0.23538914996427068                                0.2545568046246003                                 -0.35755530737343344                               0.3745843685993547                                 0.26087482013284935                                
son     : -0.6371493654955607                                0.24478784621086247                                -0.0773514739445344                                -0.33814002891619316                               0.5273208476919597                                 0.3684160559865012                                 
18  :
parent#1: -0.43791437563607977                               0.21611039202443216                                -0.39722792003620605                               -0.2661278964576774                                0.5980338593862198                                 0.41865107591961676                                
parent#2: -0.43791437563607977                               0.21611039202443216                                -0.39722792003620605                               -0.2661278964576774                                0.5980338593862198                                 0.41865107591961676                                
son     : -0.4379143756360798                                0.2161103920244322                                 -0.3972279200362061                                -0.2661278964576775                                0.5980338593862199                                 0.4186510759196168                                 
19  :
parent#1: 0.06557235966807352                                0.00883155603317743                                0.8479260691622139                                 0.032776774027101885                               0.4732108114446252                                 -0.2272462574323408                                
parent#2: -0.1726691346355141                                -0.2398144072179066                                0.24328555925350911                                -0.6641993359204489                                0.13152970900149497                                0.6285107274394535                                 
son     : -0.07251871826664051                               -0.1564060198319064                                0.7388949730224821                                 -0.4275568044608722                                0.40948952421757323                                0.2717092560416065                                 
20  :
parent#1: 0.06557235966807352                                0.00883155603317743                                0.8479260691622139                                 0.032776774027101885                               0.4732108114446252                                 -0.2272462574323408                                
parent#2: -0.43791437563607977                               0.21611039202443216                                -0.39722792003620605                               -0.2661278964576774                                0.5980338593862198                                 0.41865107591961676                                
son     : -0.2915495705235722                                0.17613303236389774                                0.35290363745773784                                -0.18271754625637962                               0.838801183622626                                  0.1498729400200234                                 
21  :
parent#1: 0.06557235966807352                                0.00883155603317743                                0.8479260691622139                                 0.032776774027101885                               0.4732108114446252                                 -0.2272462574323408                                
parent#2: 0.06557235966807352                                0.00883155603317743                                0.8479260691622139                                 0.032776774027101885                               0.4732108114446252                                 -0.2272462574323408                                
son     : 0.06557235966807352                                0.00883155603317743                                0.8479260691622139                                 0.032776774027101885                               0.4732108114446252                                 -0.2272462574323408                                
22  :
parent#1: 0.06557235966807352                                0.00883155603317743                                0.8479260691622139                                 0.032776774027101885                               0.4732108114446252                                 -0.2272462574323408                                
parent#2: -0.21277315511615508                               0.4774718557240536                                 -0.06485251024311009                               0.6463067750128703                                 0.01829717410385328                                -0.5518107731467271                                
son     : -0.09967346720751315                               0.32928862250464047                                0.5302393676501775                                 0.45982504136854824                                0.3328127740795819                                 -0.5275196723892249                                
23  :
parent#1: 0.06557235966807352                                0.00883155603317743                                0.8479260691622139                                 0.032776774027101885                               0.4732108114446252                                 -0.2272462574323408                                
parent#2: -0.36930691458676607                               -0.6965606335373808                                -0.0764299504974397                                0.5996430248266065                                 0.07615793973863709                                -0.0848667208211112                                
son     : -0.21697497628864199                               -0.4912842410190346                                0.5511238327785232                                 0.45177365775021433                                0.3924455411193432                                 -0.2229601636009064                                
24  :
parent#1: 0.06557235966807352                                0.00883155603317743                                0.8479260691622139                                 0.032776774027101885                               0.4732108114446252                                 -0.2272462574323408                                
parent#2: 0.18972471890083029                                0.6119797438361118                                 -0.18172289826060914                               0.5421761035248139                                 0.512269904157779                                  -0.009312920105020243                              
son     : 0.17011818249606808                                0.41367997863038947                                0.44392702510424603                                0.38312204392741506                                0.6566788353512548                                 -0.15763211064148197                               
25  :
parent#1: 0.06557235966807352                                0.00883155603317743                                0.8479260691622139                                 0.032776774027101885                               0.4732108114446252                                 -0.2272462574323408                                
parent#2: 0.18972471890083029                                0.6119797438361118                                 -0.18172289826060914                               0.5421761035248139                                 0.512269904157779                                  -0.009312920105020243                              
son     : 0.17011818249606808                                0.41367997863038947                                0.44392702510424603                                0.38312204392741506                                0.6566788353512548                                 -0.15763211064148197                               
26  :
parent#1: 0.06557235966807352                                0.00883155603317743                                0.8479260691622139                                 0.032776774027101885                               0.4732108114446252                                 -0.2272462574323408                                
parent#2: 0.5258780977800475                                 -0.4515395179495335                                0.38104401302811225                                -0.4152800307231391                                0.3662921494365578                                 -0.2602735243629451                                
son     : 0.33351356715179603                                -0.24963901832500723                               0.6930051213462526                                 -0.21569012920928257                               0.47338813182427364                                -0.27490799852475045                               
27  :
parent#1: 0.06557235966807352                                0.00883155603317743                                0.8479260691622139                                 0.032776774027101885                               0.4732108114446252                                 -0.2272462574323408                                
parent#2: -0.737277330784812                                 0.23538914996427068                                0.2545568046246003                                 -0.35755530737343344                               0.3745843685993547                                 0.26087482013284935                                
son     : -0.4205004262318962                                0.15288693009945545                                0.6901758037758383                                 -0.2033177028242769                                0.5307363349911599                                 0.021052136811821054                               
28  :
parent#1: 0.06557235966807352                                0.00883155603317743                                0.8479260691622139                                 0.032776774027101885                               0.4732108114446252                                 -0.2272462574323408                                
parent#2: -0.43791437563607977                               0.21611039202443216                                -0.39722792003620605                               -0.2661278964576774                                0.5980338593862198                                 0.41865107591961676                                
son     : -0.2915495705235722                                0.17613303236389774                                0.35290363745773784                                -0.18271754625637962                               0.838801183622626                                  0.1498729400200234                                 
29  :
parent#1: -0.21277315511615508                               0.4774718557240536                                 -0.06485251024311009                               0.6463067750128703                                 0.01829717410385328                                -0.5518107731467271                                
parent#2: -0.1726691346355141                                -0.2398144072179066                                0.24328555925350911                                -0.6641993359204489                                0.13152970900149497                                0.6285107274394535                                 
son     : -0.7479927975099316                                0.46120019645928223                                0.3462687905458021                                 -0.03472246570686168                               0.2907554059736582                                 0.148844625786296                                  
30  :
parent#1: -0.21277315511615508                               0.4774718557240536                                 -0.06485251024311009                               0.6463067750128703                                 0.01829717410385328                                -0.5518107731467271                                
parent#2: -0.43791437563607977                               0.21611039202443216                                -0.39722792003620605                               -0.2661278964576774                                0.5980338593862198                                 0.41865107591961676                                
son     : -0.5050162049328409                                0.538307955835262                                  -0.3586331291820178                                0.2950671180399094                                 0.47835119747209526                                -0.10334884528354002                               
31  :
parent#1: -0.21277315511615508                               0.4774718557240536                                 -0.06485251024311009                               0.6463067750128703                                 0.01829717410385328                                -0.5518107731467271                                
parent#2: 0.06557235966807352                                0.00883155603317743                                0.8479260691622139                                 0.032776774027101885                               0.4732108114446252                                 -0.2272462574323408                                
son     : -0.09967346720751315                               0.32928862250464047                                0.5302393676501775                                 0.45982504136854824                                0.3328127740795819                                 -0.5275196723892249                                
32  :
parent#1: -0.21277315511615508                               0.4774718557240536                                 -0.06485251024311009                               0.6463067750128703                                 0.01829717410385328                                -0.5518107731467271                                
parent#2: -0.21277315511615508                               0.4774718557240536                                 -0.06485251024311009                               0.6463067750128703                                 0.01829717410385328                                -0.5518107731467271                                
son     : -0.2127731551161551                                0.47747185572405365                                -0.0648525102431101                                0.6463067750128704                                 0.018297174103853283                               -0.5518107731467272                                
33  :
parent#1: -0.21277315511615508                               0.4774718557240536                                 -0.06485251024311009                               0.6463067750128703                                 0.01829717410385328                                -0.5518107731467271                                
parent#2: -0.36930691458676607                               -0.6965606335373808                                -0.0764299504974397                                0.5996430248266065                                 0.07615793973863709                                -0.0848667208211112                                
son     : -0.37782683592439303                               -0.1422100223256216                                -0.0917061206724672                                0.8087431525258043                                 0.06131059738602724                                -0.41326589857803026                               
34  :
parent#1: -0.21277315511615508                               0.4774718557240536                                 -0.06485251024311009                               0.6463067750128703                                 0.01829717410385328                                -0.5518107731467271                                
parent#2: 0.18972471890083029                                0.6119797438361118                                 -0.18172289826060914                               0.5421761035248139                                 0.512269904157779                                  -0.009312920105020243                              
son     : -0.012771052889576603                              0.6036610843630997                                 -0.13662651790563482                               0.6585339481760205                                 0.2939852471831547                                 -0.3109165540414361                                
35  :
parent#1: -0.21277315511615508                               0.4774718557240536                                 -0.06485251024311009                               0.6463067750128703                                 0.01829717410385328                                -0.5518107731467271                                
parent#2: 0.18972471890083029                                0.6119797438361118                                 -0.18172289826060914                               0.5421761035248139                                 0.512269904157779                                  -0.009312920105020243                              
son     : -0.012771052889576603                              0.6036610843630997                                 -0.13662651790563482                               0.6585339481760205                                 0.2939852471831547                                 -0.3109165540414361                                
36  :
parent#1: -0.21277315511615508                               0.4774718557240536                                 -0.06485251024311009                               0.6463067750128703                                 0.01829717410385328                                -0.5518107731467271                                
parent#2: 0.5258780977800475                                 -0.4515395179495335                                0.38104401302811225                                -0.4152800307231391                                0.3662921494365578                                 -0.2602735243629451                                
son     : 0.30419369601881013                                0.025194280252890992                               0.3071924098788866                                 0.22445151656429044                                0.3736435674946086                                 -0.788971652240845                                 
37  :
parent#1: -0.21277315511615508                               0.4774718557240536                                 -0.06485251024311009                               0.6463067750128703                                 0.01829717410385328                                -0.5518107731467271                                
parent#2: -0.737277330784812                                 0.23538914996427068                                0.2545568046246003                                 -0.35755530737343344                               0.3745843685993547                                 0.26087482013284935                                
son     : -0.7142769348181054                                0.5359506485716223                                 0.1426254750916121                                 0.21709216119618466                                0.29538032792281355                                -0.21873452393434054                               
38  :
parent#1: -0.21277315511615508                               0.4774718557240536                                 -0.06485251024311009                               0.6463067750128703                                 0.01829717410385328                                -0.5518107731467271                                
parent#2: -0.43791437563607977                               0.21611039202443216                                -0.39722792003620605                               -0.2661278964576774                                0.5980338593862198                                 0.41865107591961676                                
son     : -0.5050162049328409                                0.538307955835262                                  -0.3586331291820178                                0.2950671180399094                                 0.47835119747209526                                -0.10334884528354002                               
39  :
parent#1: -0.36930691458676607                               -0.6965606335373808                                -0.0764299504974397                                0.5996430248266065                                 0.07615793973863709                                -0.0848667208211112                                
parent#2: -0.1726691346355141                                -0.2398144072179066                                0.24328555925350911                                -0.6641993359204489                                0.13152970900149497                                0.6285107274394535                                 
son     : -0.43656278929594367                               -0.75425196409662                                  0.13440252585469387                                -0.0520002374241927                                0.16729281555230197                                0.43790633230729364                                
40  :
parent#1: -0.36930691458676607                               -0.6965606335373808                                -0.0764299504974397                                0.5996430248266065                                 0.07615793973863709                                -0.0848667208211112                                
parent#2: -0.43791437563607977                               0.21611039202443216                                -0.39722792003620605                               -0.2661278964576774                                0.5980338593862198                                 0.41865107591961676                                
son     : -0.6043644556406068                                -0.35971183142879076                               -0.3546264011519428                                0.24970189890426436                                0.504765625746777                                  0.24990346824817936                                
41  :
parent#1: -0.36930691458676607                               -0.6965606335373808                                -0.0764299504974397                                0.5996430248266065                                 0.07615793973863709                                -0.0848667208211112                                
parent#2: 0.06557235966807352                                0.00883155603317743                                0.8479260691622139                                 0.032776774027101885                               0.4732108114446252                                 -0.2272462574323408                                
son     : -0.21697497628864199                               -0.4912842410190346                                0.5511238327785232                                 0.45177365775021433                                0.3924455411193432                                 -0.2229601636009064                                
42  :
parent#1: -0.36930691458676607                               -0.6965606335373808                                -0.0764299504974397                                0.5996430248266065                                 0.07615793973863709                                -0.0848667208211112                                
parent#2: -0.21277315511615508                               0.4774718557240536                                 -0.06485251024311009                               0.6463067750128703                                 0.01829717410385328                                -0.5518107731467271                                
son     : -0.37782683592439303                               -0.1422100223256216                                -0.0917061206724672                                0.8087431525258043                                 0.06131059738602724                                -0.41326589857803026                               
43  :
parent#1: -0.36930691458676607                               -0.6965606335373808                                -0.0764299504974397                                0.5996430248266065                                 0.07615793973863709                                -0.0848667208211112                                
parent#2: -0.36930691458676607                               -0.6965606335373808                                -0.0764299504974397                                0.5996430248266065                                 0.07615793973863709                                -0.0848667208211112                                
son     : -0.3693069145867661                                -0.696560633537381                                 -0.07642995049743971                               0.5996430248266066                                 0.0761579397386371                                 -0.08486672082111121                               
44  :
parent#1: -0.36930691458676607                               -0.6965606335373808                                -0.0764299504974397                                0.5996430248266065                                 0.07615793973863709                                -0.0848667208211112                                
parent#2: 0.18972471890083029                                0.6119797438361118                                 -0.18172289826060914                               0.5421761035248139                                 0.512269904157779                                  -0.009312920105020243                              
son     : -0.13517657066379077                               -0.06366641509108864                               -0.19431891156531964                               0.8594793793411207                                 0.44292619163713304                                -0.07089166516822293                               
45  :
parent#1: -0.36930691458676607                               -0.6965606335373808                                -0.0764299504974397                                0.5996430248266065                                 0.07615793973863709                                -0.0848667208211112                                
parent#2: 0.18972471890083029                                0.6119797438361118                                 -0.18172289826060914                               0.5421761035248139                                 0.512269904157779                                  -0.009312920105020243                              
son     : -0.13517657066379077                               -0.06366641509108864                               -0.19431891156531964                               0.8594793793411207                                 0.44292619163713304                                -0.07089166516822293                               
46  :
parent#1: -0.36930691458676607                               -0.6965606335373808                                -0.0764299504974397                                0.5996430248266065                                 0.07615793973863709                                -0.0848667208211112                                
parent#2: -0.737277330784812                                 0.23538914996427068                                0.2545568046246003                                 -0.35755530737343344                               0.3745843685993547                                 0.26087482013284935                                
son     : -0.8337188510987799                                -0.34745421422025297                               0.13420371453315708                                0.1823928855885819                                 0.3395967013094207                                 0.13260740965364848                                
47  :
parent#1: -0.36930691458676607                               -0.6965606335373808                                -0.0764299504974397                                0.5996430248266065                                 0.07615793973863709                                -0.0848667208211112                                
parent#2: -0.43791437563607977                               0.21611039202443216                                -0.39722792003620605                               -0.2661278964576774                                0.5980338593862198                                 0.41865107591961676                                
son     : -0.6043644556406068                                -0.35971183142879076                               -0.3546264011519428                                0.24970189890426436                                0.504765625746777                                  0.24990346824817936                                
48  :
parent#1: 0.18972471890083029                                0.6119797438361118                                 -0.18172289826060914                               0.5421761035248139                                 0.512269904157779                                  -0.009312920105020243                              
parent#2: -0.1726691346355141                                -0.2398144072179066                                0.24328555925350911                                -0.6641993359204489                                0.13152970900149497                                0.6285107274394535                                 
son     : 0.017449490471391906                               0.3807606584494417                                 0.06298447767478008                                -0.12484141251648864                               0.6586684478557367                                 0.6334984525250823                                 
49  :
parent#1: 0.18972471890083029                                0.6119797438361118                                 -0.18172289826060914                               0.5421761035248139                                 0.512269904157779                                  -0.009312920105020243                              
parent#2: -0.43791437563607977                               0.21611039202443216                                -0.39722792003620605                               -0.2661278964576774                                0.5980338593862198                                 0.41865107591961676                                
son     : -0.1551473187268862                                0.5176523709043808                                 -0.36191140402480104                               0.1725621435204144                                 0.6940686173315317                                 0.25588381950577577                                
50  :
parent#1: 0.18972471890083029                                0.6119797438361118                                 -0.18172289826060914                               0.5421761035248139                                 0.512269904157779                                  -0.009312920105020243                              
parent#2: 0.06557235966807352                                0.00883155603317743                                0.8479260691622139                                 0.032776774027101885                               0.4732108114446252                                 -0.2272462574323408                                
son     : 0.17011818249606808                                0.41367997863038947                                0.44392702510424603                                0.38312204392741506                                0.6566788353512548                                 -0.15763211064148197                               
51  :
parent#1: 0.18972471890083029                                0.6119797438361118                                 -0.18172289826060914                               0.5421761035248139                                 0.512269904157779                                  -0.009312920105020243                              
parent#2: -0.21277315511615508                               0.4774718557240536                                 -0.06485251024311009                               0.6463067750128703                                 0.01829717410385328                                -0.5518107731467271                                
son     : -0.012771052889576603                              0.6036610843630997                                 -0.13662651790563482                               0.6585339481760205                                 0.2939852471831547                                 -0.3109165540414361                                
52  :
parent#1: 0.18972471890083029                                0.6119797438361118                                 -0.18172289826060914                               0.5421761035248139                                 0.512269904157779                                  -0.009312920105020243                              
parent#2: 0.18972471890083029                                0.6119797438361118                                 -0.18172289826060914                               0.5421761035248139                                 0.512269904157779                                  -0.009312920105020243                              
son     : 0.18972471890083029                                0.6119797438361118                                 -0.18172289826060914                               0.5421761035248139                                 0.512269904157779                                  -0.009312920105020243                              
53  :
parent#1: 0.18972471890083029                                0.6119797438361118                                 -0.18172289826060914                               0.5421761035248139                                 0.512269904157779                                  -0.009312920105020243                              
parent#2: 0.18972471890083029                                0.6119797438361118                                 -0.18172289826060914                               0.5421761035248139                                 0.512269904157779                                  -0.009312920105020243                              
son     : 0.18972471890083029                                0.6119797438361118                                 -0.18172289826060914                               0.5421761035248139                                 0.512269904157779                                  -0.009312920105020243                              
54  :
parent#1: 0.18972471890083029                                0.6119797438361118                                 -0.18172289826060914                               0.5421761035248139                                 0.512269904157779                                  -0.009312920105020243                              
parent#2: 0.5258780977800475                                 -0.4515395179495335                                0.38104401302811225                                -0.4152800307231391                                0.3662921494365578                                 -0.2602735243629451                                
son     : 0.5967070576398379                                 0.13378345205500264                                0.16620437084088327                                0.1058125827099772                                 0.7325909928441161                                 -0.22479527792272835                               
55  :
parent#1: 0.18972471890083029                                0.6119797438361118                                 -0.18172289826060914                               0.5421761035248139                                 0.512269904157779                                  -0.009312920105020243                              
parent#2: -0.737277330784812                                 0.23538914996427068                                0.2545568046246003                                 -0.35755530737343344                               0.3745843685993547                                 0.26087482013284935                                
son     : -0.3965034145044838                                0.6136116465241684                                 0.052741767527430504                               0.13369085357969074                                0.6422044926535786                                 0.18216542146894987                                
56  :
parent#1: 0.18972471890083029                                0.6119797438361118                                 -0.18172289826060914                               0.5421761035248139                                 0.512269904157779                                  -0.009312920105020243                              
parent#2: -0.43791437563607977                               0.21611039202443216                                -0.39722792003620605                               -0.2661278964576774                                0.5980338593862198                                 0.41865107591961676                                
son     : -0.1551473187268862                                0.5176523709043808                                 -0.36191140402480104                               0.1725621435204144                                 0.6940686173315317                                 0.25588381950577577                                
57  :
parent#1: 0.18972471890083029                                0.6119797438361118                                 -0.18172289826060914                               0.5421761035248139                                 0.512269904157779                                  -0.009312920105020243                              
parent#2: -0.1726691346355141                                -0.2398144072179066                                0.24328555925350911                                -0.6641993359204489                                0.13152970900149497                                0.6285107274394535                                 
son     : 0.017449490471391906                               0.3807606584494417                                 0.06298447767478008                                -0.12484141251648864                               0.6586684478557367                                 0.6334984525250823                                 
58  :
parent#1: 0.18972471890083029                                0.6119797438361118                                 -0.18172289826060914                               0.5421761035248139                                 0.512269904157779                                  -0.009312920105020243                              
parent#2: -0.43791437563607977                               0.21611039202443216                                -0.39722792003620605                               -0.2661278964576774                                0.5980338593862198                                 0.41865107591961676                                
son     : -0.1551473187268862                                0.5176523709043808                                 -0.36191140402480104                               0.1725621435204144                                 0.6940686173315317                                 0.25588381950577577                                
59  :
parent#1: 0.18972471890083029                                0.6119797438361118                                 -0.18172289826060914                               0.5421761035248139                                 0.512269904157779                                  -0.009312920105020243                              
parent#2: 0.06557235966807352                                0.00883155603317743                                0.8479260691622139                                 0.032776774027101885                               0.4732108114446252                                 -0.2272462574323408                                
son     : 0.17011818249606808                                0.41367997863038947                                0.44392702510424603                                0.38312204392741506                                0.6566788353512548                                 -0.15763211064148197                               
60  :
parent#1: 0.18972471890083029                                0.6119797438361118                                 -0.18172289826060914                               0.5421761035248139                                 0.512269904157779                                  -0.009312920105020243                              
parent#2: -0.21277315511615508                               0.4774718557240536                                 -0.06485251024311009                               0.6463067750128703                                 0.01829717410385328                                -0.5518107731467271                                
son     : -0.012771052889576603                              0.6036610843630997                                 -0.13662651790563482                               0.6585339481760205                                 0.2939852471831547                                 -0.3109165540414361                                
61  :
parent#1: 0.18972471890083029                                0.6119797438361118                                 -0.18172289826060914                               0.5421761035248139                                 0.512269904157779                                  -0.009312920105020243                              
parent#2: -0.36930691458676607                               -0.6965606335373808                                -0.0764299504974397                                0.5996430248266065                                 0.07615793973863709                                -0.0848667208211112                                
son     : -0.13517657066379077                               -0.06366641509108864                               -0.19431891156531964                               0.8594793793411207                                 0.44292619163713304                                -0.07089166516822293                               
62  :
parent#1: 0.18972471890083029                                0.6119797438361118                                 -0.18172289826060914                               0.5421761035248139                                 0.512269904157779                                  -0.009312920105020243                              
parent#2: 0.18972471890083029                                0.6119797438361118                                 -0.18172289826060914                               0.5421761035248139                                 0.512269904157779                                  -0.009312920105020243                              
son     : 0.18972471890083029                                0.6119797438361118                                 -0.18172289826060914                               0.5421761035248139                                 0.512269904157779                                  -0.009312920105020243                              
63  :
parent#1: 0.18972471890083029                                0.6119797438361118                                 -0.18172289826060914                               0.5421761035248139                                 0.512269904157779                                  -0.009312920105020243                              
parent#2: 0.18972471890083029                                0.6119797438361118                                 -0.18172289826060914                               0.5421761035248139                                 0.512269904157779                                  -0.009312920105020243                              
son     : 0.18972471890083029                                0.6119797438361118                                 -0.18172289826060914                               0.5421761035248139                                 0.512269904157779                                  -0.009312920105020243                              
64  :
parent#1: 0.18972471890083029                                0.6119797438361118                                 -0.18172289826060914                               0.5421761035248139                                 0.512269904157779                                  -0.009312920105020243                              
parent#2: 0.5258780977800475                                 -0.4515395179495335                                0.38104401302811225                                -0.4152800307231391                                0.3662921494365578                                 -0.2602735243629451                                
son     : 0.5967070576398379                                 0.13378345205500264                                0.16620437084088327                                0.1058125827099772                                 0.7325909928441161                                 -0.22479527792272835                               
65  :
parent#1: 0.18972471890083029                                0.6119797438361118                                 -0.18172289826060914                               0.5421761035248139                                 0.512269904157779                                  -0.009312920105020243                              
parent#2: -0.737277330784812                                 0.23538914996427068                                0.2545568046246003                                 -0.35755530737343344                               0.3745843685993547                                 0.26087482013284935                                
son     : -0.3965034145044838                                0.6136116465241684                                 0.052741767527430504                               0.13369085357969074                                0.6422044926535786                                 0.18216542146894987                                
66  :
parent#1: 0.18972471890083029                                0.6119797438361118                                 -0.18172289826060914                               0.5421761035248139                                 0.512269904157779                                  -0.009312920105020243                              
parent#2: -0.43791437563607977                               0.21611039202443216                                -0.39722792003620605                               -0.2661278964576774                                0.5980338593862198                                 0.41865107591961676                                
son     : -0.1551473187268862                                0.5176523709043808                                 -0.36191140402480104                               0.1725621435204144                                 0.6940686173315317                                 0.25588381950577577                                
67  :
parent#1: 0.5258780977800475                                 -0.4515395179495335                                0.38104401302811225                                -0.4152800307231391                                0.3662921494365578                                 -0.2602735243629451                                
parent#2: -0.1726691346355141                                -0.2398144072179066                                0.24328555925350911                                -0.6641993359204489                                0.13152970900149497                                0.6285107274394535                                 
son     : 0.22157001923087316                                -0.4336903036970968                                0.3916455406604045                                 -0.6771636311184941                                0.31228652230586956                                0.2309973207950504                                 
68  :
parent#1: 0.5258780977800475                                 -0.4515395179495335                                0.38104401302811225                                -0.4152800307231391                                0.3662921494365578                                 -0.2602735243629451                                
parent#2: -0.43791437563607977                               0.21611039202443216                                -0.39722792003620605                               -0.2661278964576774                                0.5980338593862198                                 0.41865107591961676                                
son     : 0.07223862075107361                                -0.19334192468146308                               -0.013290741820984938                              -0.5595939738410197                                0.791935347139267                                  0.13006470853587682                                
69  :
parent#1: 0.5258780977800475                                 -0.4515395179495335                                0.38104401302811225                                -0.4152800307231391                                0.3662921494365578                                 -0.2602735243629451                                
parent#2: 0.06557235966807352                                0.00883155603317743                                0.8479260691622139                                 0.032776774027101885                               0.4732108114446252                                 -0.2272462574323408                                
son     : 0.33351356715179603                                -0.24963901832500723                               0.6930051213462526                                 -0.21569012920928257                               0.47338813182427364                                -0.27490799852475045                               
70  :
parent#1: 0.5258780977800475                                 -0.4515395179495335                                0.38104401302811225                                -0.4152800307231391                                0.3662921494365578                                 -0.2602735243629451                                
parent#2: -0.36930691458676607                               -0.6965606335373808                                -0.0764299504974397                                0.5996430248266065                                 0.07615793973863709                                -0.0848667208211112                                
son     : 0.11721318288186572                                -0.8594970688623375                                0.22804185988503103                                0.13801884167804732                                0.3312294265194983                                 -0.25838079430434246                               
71  :
parent#1: 0.5258780977800475                                 -0.4515395179495335                                0.38104401302811225                                -0.4152800307231391                                0.3662921494365578                                 -0.2602735243629451                                
parent#2: 0.18972471890083029                                0.6119797438361118                                 -0.18172289826060914                               0.5421761035248139                                 0.512269904157779                                  -0.009312920105020243                              
son     : 0.5967070576398379                                 0.13378345205500264                                0.16620437084088327                                0.1058125827099772                                 0.7325909928441161                                 -0.22479527792272835                               
72  :
parent#1: 0.5258780977800475                                 -0.4515395179495335                                0.38104401302811225                                -0.4152800307231391                                0.3662921494365578                                 -0.2602735243629451                                
parent#2: 0.18972471890083029                                0.6119797438361118                                 -0.18172289826060914                               0.5421761035248139                                 0.512269904157779                                  -0.009312920105020243                              
son     : 0.5967070576398379                                 0.13378345205500264                                0.16620437084088327                                0.1058125827099772                                 0.7325909928441161                                 -0.22479527792272835                               
73  :
parent#1: 0.5258780977800475                                 -0.4515395179495335                                0.38104401302811225                                -0.4152800307231391                                0.3662921494365578                                 -0.2602735243629451                                
parent#2: 0.5258780977800475                                 -0.4515395179495335                                0.38104401302811225                                -0.4152800307231391                                0.3662921494365578                                 -0.2602735243629451                                
son     : 0.5258780977800476                                 -0.45153951794953356                               0.3810440130281123                                 -0.4152800307231392                                0.36629214943655786                                -0.26027352436294515                               
74  :
parent#1: 0.5258780977800475                                 -0.4515395179495335                                0.38104401302811225                                -0.4152800307231391                                0.3662921494365578                                 -0.2602735243629451                                
parent#2: -0.737277330784812                                 0.23538914996427068                                0.2545568046246003                                 -0.35755530737343344                               0.3745843685993547                                 0.26087482013284935                                
son     : -0.1649960163641613                                -0.1687042528314761                                0.4960831759883334                                 -0.6031940148454101                                0.5782503198151207                                 4.6930826228961346E-4                              
75  :
parent#1: 0.5258780977800475                                 -0.4515395179495335                                0.38104401302811225                                -0.4152800307231391                                0.3662921494365578                                 -0.2602735243629451                                
parent#2: -0.43791437563607977                               0.21611039202443216                                -0.39722792003620605                               -0.2661278964576774                                0.5980338593862198                                 0.41865107591961676                                
son     : 0.07223862075107361                                -0.19334192468146308                               -0.013290741820984938                              -0.5595939738410197                                0.791935347139267                                  0.13006470853587682                                
76  :
parent#1: -0.737277330784812                                 0.23538914996427068                                0.2545568046246003                                 -0.35755530737343344                               0.3745843685993547                                 0.26087482013284935                                
parent#2: -0.43791437563607977                               0.21611039202443216                                -0.39722792003620605                               -0.2661278964576774                                0.5980338593862198                                 0.41865107591961676                                
son     : -0.6371493654955607                                0.24478784621086247                                -0.0773514739445344                                -0.33814002891619316                               0.5273208476919597                                 0.3684160559865012                                 
77  :
parent#1: -0.737277330784812                                 0.23538914996427068                                0.2545568046246003                                 -0.35755530737343344                               0.3745843685993547                                 0.26087482013284935                                
parent#2: -0.36930691458676607                               -0.6965606335373808                                -0.0764299504974397                                0.5996430248266065                                 0.07615793973863709                                -0.0848667208211112                                
son     : -0.8337188510987799                                -0.34745421422025297                               0.13420371453315708                                0.1823928855885819                                 0.3395967013094207                                 0.13260740965364848                                
78  :
parent#1: -0.737277330784812                                 0.23538914996427068                                0.2545568046246003                                 -0.35755530737343344                               0.3745843685993547                                 0.26087482013284935                                
parent#2: 0.18972471890083029                                0.6119797438361118                                 -0.18172289826060914                               0.5421761035248139                                 0.512269904157779                                  -0.009312920105020243                              
son     : -0.3965034145044838                                0.6136116465241684                                 0.052741767527430504                               0.13369085357969074                                0.6422044926535786                                 0.18216542146894987                                
79  :
parent#1: -0.737277330784812                                 0.23538914996427068                                0.2545568046246003                                 -0.35755530737343344                               0.3745843685993547                                 0.26087482013284935                                
parent#2: 0.18972471890083029                                0.6119797438361118                                 -0.18172289826060914                               0.5421761035248139                                 0.512269904157779                                  -0.009312920105020243                              
son     : -0.3965034145044838                                0.6136116465241684                                 0.052741767527430504                               0.13369085357969074                                0.6422044926535786                                 0.18216542146894987                                
80  :
parent#1: -0.737277330784812                                 0.23538914996427068                                0.2545568046246003                                 -0.35755530737343344                               0.3745843685993547                                 0.26087482013284935                                
parent#2: 0.5258780977800475                                 -0.4515395179495335                                0.38104401302811225                                -0.4152800307231391                                0.3662921494365578                                 -0.2602735243629451                                
son     : -0.1649960163641613                                -0.1687042528314761                                0.4960831759883334                                 -0.6031940148454101                                0.5782503198151207                                 4.6930826228961346E-4                              
81  :
parent#1: -0.737277330784812                                 0.23538914996427068                                0.2545568046246003                                 -0.35755530737343344                               0.3745843685993547                                 0.26087482013284935                                
parent#2: -0.737277330784812                                 0.23538914996427068                                0.2545568046246003                                 -0.35755530737343344                               0.3745843685993547                                 0.26087482013284935                                
son     : -0.737277330784812                                 0.23538914996427068                                0.2545568046246003                                 -0.35755530737343344                               0.3745843685993547                                 0.26087482013284935                                
82  :
parent#1: -0.737277330784812                                 0.23538914996427068                                0.2545568046246003                                 -0.35755530737343344                               0.3745843685993547                                 0.26087482013284935                                
parent#2: -0.43791437563607977                               0.21611039202443216                                -0.39722792003620605                               -0.2661278964576774                                0.5980338593862198                                 0.41865107591961676                                
son     : -0.6371493654955607                                0.24478784621086247                                -0.0773514739445344                                -0.33814002891619316                               0.5273208476919597                                 0.3684160559865012                                 
83  :
parent#1: -0.43791437563607977                               0.21611039202443216                                -0.39722792003620605                               -0.2661278964576774                                0.5980338593862198                                 0.41865107591961676                                
parent#2: -0.1726691346355141                                -0.2398144072179066                                0.24328555925350911                                -0.6641993359204489                                0.13152970900149497                                0.6285107274394535                                 
son     : -0.3590803064302065                                -0.013940181639548372                              -0.0905325301986163                                -0.5471195701536539                                0.42905172722474555                                0.6158292435131881                                 
84  :
parent#1: -0.43791437563607977                               0.21611039202443216                                -0.39722792003620605                               -0.2661278964576774                                0.5980338593862198                                 0.41865107591961676                                
parent#2: -0.43791437563607977                               0.21611039202443216                                -0.39722792003620605                               -0.2661278964576774                                0.5980338593862198                                 0.41865107591961676                                
son     : -0.4379143756360798                                0.2161103920244322                                 -0.3972279200362061                                -0.2661278964576775                                0.5980338593862199                                 0.4186510759196168                                 
85  :
parent#1: -0.43791437563607977                               0.21611039202443216                                -0.39722792003620605                               -0.2661278964576774                                0.5980338593862198                                 0.41865107591961676                                
parent#2: 0.06557235966807352                                0.00883155603317743                                0.8479260691622139                                 0.032776774027101885                               0.4732108114446252                                 -0.2272462574323408                                
son     : -0.2915495705235722                                0.17613303236389774                                0.35290363745773784                                -0.18271754625637962                               0.838801183622626                                  0.1498729400200234                                 
86  :
parent#1: -0.43791437563607977                               0.21611039202443216                                -0.39722792003620605                               -0.2661278964576774                                0.5980338593862198                                 0.41865107591961676                                
parent#2: -0.36930691458676607                               -0.6965606335373808                                -0.0764299504974397                                0.5996430248266065                                 0.07615793973863709                                -0.0848667208211112                                
son     : -0.6043644556406068                                -0.35971183142879076                               -0.3546264011519428                                0.24970189890426436                                0.504765625746777                                  0.24990346824817936                                
87  :
parent#1: -0.43791437563607977                               0.21611039202443216                                -0.39722792003620605                               -0.2661278964576774                                0.5980338593862198                                 0.41865107591961676                                
parent#2: 0.18972471890083029                                0.6119797438361118                                 -0.18172289826060914                               0.5421761035248139                                 0.512269904157779                                  -0.009312920105020243                              
son     : -0.1551473187268862                                0.5176523709043808                                 -0.36191140402480104                               0.1725621435204144                                 0.6940686173315317                                 0.25588381950577577                                
88  :
parent#1: -0.43791437563607977                               0.21611039202443216                                -0.39722792003620605                               -0.2661278964576774                                0.5980338593862198                                 0.41865107591961676                                
parent#2: 0.18972471890083029                                0.6119797438361118                                 -0.18172289826060914                               0.5421761035248139                                 0.512269904157779                                  -0.009312920105020243                              
son     : -0.1551473187268862                                0.5176523709043808                                 -0.36191140402480104                               0.1725621435204144                                 0.6940686173315317                                 0.25588381950577577                                
89  :
parent#1: -0.43791437563607977                               0.21611039202443216                                -0.39722792003620605                               -0.2661278964576774                                0.5980338593862198                                 0.41865107591961676                                
parent#2: 0.5258780977800475                                 -0.4515395179495335                                0.38104401302811225                                -0.4152800307231391                                0.3662921494365578                                 -0.2602735243629451                                
son     : 0.07223862075107361                                -0.19334192468146308                               -0.013290741820984938                              -0.5595939738410197                                0.791935347139267                                  0.13006470853587682                                
90  :
parent#1: -0.43791437563607977                               0.21611039202443216                                -0.39722792003620605                               -0.2661278964576774                                0.5980338593862198                                 0.41865107591961676                                
parent#2: -0.737277330784812                                 0.23538914996427068                                0.2545568046246003                                 -0.35755530737343344                               0.3745843685993547                                 0.26087482013284935                                
son     : -0.6371493654955607                                0.24478784621086247                                -0.0773514739445344                                -0.33814002891619316                               0.5273208476919597                                 0.3684160559865012                                 
91  :
parent#1: -0.43791437563607977                               0.21611039202443216                                -0.39722792003620605                               -0.2661278964576774                                0.5980338593862198                                 0.41865107591961676                                
parent#2: -0.43791437563607977                               0.21611039202443216                                -0.39722792003620605                               -0.2661278964576774                                0.5980338593862198                                 0.41865107591961676                                
son     : -0.4379143756360798                                0.2161103920244322                                 -0.3972279200362061                                -0.2661278964576775                                0.5980338593862199                                 0.4186510759196168                                 

0   :
parent#1: -0.43791437563607977                               0.21611039202443216                                -0.39722792003620605                               -0.2661278964576774                                0.5980338593862198                                 0.41865107591961676                                
parent#2: 0.5258780977800475                                 -0.4515395179495335                                0.38104401302811225                                -0.4152800307231391                                0.3662921494365578                                 -0.2602735243629451                                
son:      0.07223862075107361                                -0.19334192468146308                               -0.013290741820984938                              -0.5595939738410197                                0.791935347139267                                  0.13006470853587682                                
mutated:  0.07223862075107361                                -0.19334192468146308                               -0.013290741820984938                              -0.5595939738410197                                0.791935347139267                                  0.13006470853587682                                
1   :
parent#1: -0.36930691458676607                               -0.6965606335373808                                -0.0764299504974397                                0.5996430248266065                                 0.07615793973863709                                -0.0848667208211112                                
parent#2: 0.5258780977800475                                 -0.4515395179495335                                0.38104401302811225                                -0.4152800307231391                                0.3662921494365578                                 -0.2602735243629451                                
son:      0.11721318288186572                                -0.8594970688623375                                0.22804185988503103                                0.13801884167804732                                0.3312294265194983                                 -0.25838079430434246                               
mutated:  0.11721318288186572                                -0.8594970688623375                                0.22804185988503103                                0.13801884167804732                                0.3312294265194983                                 -0.25838079430434246                               
2   :
parent#1: 0.18972471890083029                                0.6119797438361118                                 -0.18172289826060914                               0.5421761035248139                                 0.512269904157779                                  -0.009312920105020243                              
parent#2: -0.36930691458676607                               -0.6965606335373808                                -0.0764299504974397                                0.5996430248266065                                 0.07615793973863709                                -0.0848667208211112                                
son:      -0.13517657066379077                               -0.06366641509108864                               -0.19431891156531964                               0.8594793793411207                                 0.44292619163713304                                -0.07089166516822293                               
mutated:  -0.13517657066379077                               -0.06366641509108864                               -0.19431891156531964                               0.8594793793411207                                 0.44292619163713304                                -0.07089166516822293                               
3   :
parent#1: 0.5258780977800475                                 -0.4515395179495335                                0.38104401302811225                                -0.4152800307231391                                0.3662921494365578                                 -0.2602735243629451                                
parent#2: -0.21277315511615508                               0.4774718557240536                                 -0.06485251024311009                               0.6463067750128703                                 0.01829717410385328                                -0.5518107731467271                                
son:      0.30419369601881013                                0.025194280252890992                               0.3071924098788866                                 0.22445151656429044                                0.3736435674946086                                 -0.788971652240845                                 
mutated:  0.30419369601881013                                0.025194280252890992                               0.3071924098788866                                 0.22445151656429044                                0.3736435674946086                                 -0.788971652240845                                 
4   :
parent#1: -0.737277330784812                                 0.23538914996427068                                0.2545568046246003                                 -0.35755530737343344                               0.3745843685993547                                 0.26087482013284935                                
parent#2: -0.1726691346355141                                -0.2398144072179066                                0.24328555925350911                                -0.6641993359204489                                0.13152970900149497                                0.6285107274394535                                 
son:      -0.5113180645394603                                -0.0024866451599140148                             0.2797480990558266                                 -0.5741454321732062                                0.2843961490366377                                 0.4997644521911231                                 
mutated:  -0.5113180645394603                                -0.0024866451599140148                             0.2797480990558266                                 -0.5741454321732062                                0.2843961490366377                                 0.4997644521911231                                 
5   :
parent#1: -0.737277330784812                                 0.23538914996427068                                0.2545568046246003                                 -0.35755530737343344                               0.3745843685993547                                 0.26087482013284935                                
parent#2: 0.06557235966807352                                0.00883155603317743                                0.8479260691622139                                 0.032776774027101885                               0.4732108114446252                                 -0.2272462574323408                                
son:      -0.4205004262318962                                0.15288693009945545                                0.6901758037758383                                 -0.2033177028242769                                0.5307363349911599                                 0.021052136811821054                               
mutated:  -0.4205004262318962                                0.15288693009945545                                0.6901758037758383                                 -0.2033177028242769                                0.5307363349911599                                 0.021052136811821054                               
6   :
parent#1: -0.737277330784812                                 0.23538914996427068                                0.2545568046246003                                 -0.35755530737343344                               0.3745843685993547                                 0.26087482013284935                                
parent#2: -0.21277315511615508                               0.4774718557240536                                 -0.06485251024311009                               0.6463067750128703                                 0.01829717410385328                                -0.5518107731467271                                
son:      -0.7142769348181054                                0.5359506485716223                                 0.1426254750916121                                 0.21709216119618466                                0.29538032792281355                                -0.21873452393434054                               
mutated:  -0.7142769348181054                                0.5359506485716223                                 0.1426254750916121                                 0.21709216119618466                                0.29538032792281355                                -0.21873452393434054                               
7   :
parent#1: -0.43791437563607977                               0.21611039202443216                                -0.39722792003620605                               -0.2661278964576774                                0.5980338593862198                                 0.41865107591961676                                
parent#2: -0.21277315511615508                               0.4774718557240536                                 -0.06485251024311009                               0.6463067750128703                                 0.01829717410385328                                -0.5518107731467271                                
son:      -0.5050162049328409                                0.538307955835262                                  -0.3586331291820178                                0.2950671180399094                                 0.47835119747209526                                -0.10334884528354002                               
mutated:  -0.5050162049328409                                0.538307955835262                                  -0.3586331291820178                                0.2950671180399094                                 0.47835119747209526                                -0.10334884528354002                               

