0   :
parent#1: -0.03164101926782635                               -0.45335887343302383                               -0.5314678081475984                                -0.5798870353577714                                0.006683072627004188                               -0.41796280868787494                               
parent#2: -0.03164101926782635                               -0.45335887343302383                               -0.5314678081475984                                -0.5798870353577714                                0.006683072627004188                               -0.41796280868787494                               
son     : -0.03338430729877598                               -0.47833705416389044                               -0.5607494650037301                                -0.6118363894378404                                0.00705128202070315                                -0.28503631368573845                               
1   :
parent#1: -0.03164101926782635                               -0.45335887343302383                               -0.5314678081475984                                -0.5798870353577714                                0.006683072627004188                               -0.41796280868787494                               
parent#2: -0.3581008555946988                                0.4654970334283256                                 0.34144876988616896                                -0.3442335034067167                                -0.41362049791066025                               -0.4989092156650051                                
son     : -0.28699418860613435                               0.008938175761205654                               -0.13992430175688206                               -0.5935863036116065                                -0.2996564744908345                                -0.675156968384872                                 
2   :
parent#1: -0.03164101926782635                               -0.45335887343302383                               -0.5314678081475984                                -0.5798870353577714                                0.006683072627004188                               -0.41796280868787494                               
parent#2: 0.23616354729068859                                0.40190498845266953                                0.49052421943408103                                0.4287665271597682                                 -0.004744255726600081                              0.598516421296422                                  
son     : 0.6416628110751923                                 -0.161429866902208                                 -0.12845518038230638                               -0.47412092466705147                               0.006082785669138242                               0.5664634587502799                                 
3   :
parent#1: -0.03164101926782635                               -0.45335887343302383                               -0.5314678081475984                                -0.5798870353577714                                0.006683072627004188                               -0.41796280868787494                               
parent#2: 0.4562679024283958                                 0.3696120064952238                                 -0.390067794932643                                 0.48058435982028735                                -0.460484490391924                                 0.24504364596774741                                
son     : 0.3749916605556875                                 -0.0739575800420213                                -0.8138160341807014                                -0.0876950486984185                                -0.40075594353229727                               -0.1527064030606837                                
4   :
parent#1: -0.03164101926782635                               -0.45335887343302383                               -0.5314678081475984                                -0.5798870353577714                                0.006683072627004188                               -0.41796280868787494                               
parent#2: -0.07955846173730688                               -0.4906860684481844                                -0.39578751719890715                               -0.5170468772730364                                0.3304748799495687                                 -0.46872033778245814                               
son     : -0.0563139514130536                                -0.47808587331790914                               -0.4695832288699967                                -0.5555123324394879                                0.028242271502135315                               -0.48822397563225844                               
5   :
parent#1: -0.03164101926782635                               -0.45335887343302383                               -0.5314678081475984                                -0.5798870353577714                                0.006683072627004188                               -0.41796280868787494                               
parent#2: 0.4114773666127734                                 0.35303605509627933                                -0.351972553083123                                 0.1669308244660555                                 -0.6249790304914262                                -0.40460172235508607                               
son     : 0.258192473571675                                  -0.0681940967553653                                -0.6005156002410373                                -0.2807055888995527                                -0.42028458802392427                               -0.5591354603814016                                
6   :
parent#1: -0.03164101926782635                               -0.45335887343302383                               -0.5314678081475984                                -0.5798870353577714                                0.006683072627004188                               -0.41796280868787494                               
parent#2: -0.5173542379163215                                -0.046859389930969046                              -0.551966014284841                                 0.3434186784487492                                 -0.22390721611852074                               0.5073573484462356                                 
son     : -0.40510596630194856                               -0.3691132123459885                                -0.7994704868888991                                -0.1744910196798501                                -0.16029063166155325                               0.0659646161547465                                 
7   :
parent#1: -0.03164101926782635                               -0.45335887343302383                               -0.5314678081475984                                -0.5798870353577714                                0.006683072627004188                               -0.41796280868787494                               
parent#2: -0.5306178322870726                                0.35010107929222384                                0.4682942658139714                                 0.29513520474084753                                -0.4890107119689661                                -0.2243616844412706                                
son     : -0.5468646196031545                                -0.10043067202536674                               -0.06144389741793068                               -0.27695553587282457                               -0.4691218649264345                                -0.6247381230645894                                
8   :
parent#1: -0.03164101926782635                               -0.45335887343302383                               -0.5314678081475984                                -0.5798870353577714                                0.006683072627004188                               -0.41796280868787494                               
parent#2: 0.1312298690338744                                 0.687743201601576                                  -0.23674122741123765                               -0.01408343728166277                               0.2660005760376095                                 0.6186977870576071                                 
son     : 0.09399982389680664                                0.22123044521321947                                -0.7250963760310914                                -0.5606362555564379                                0.2573803695315994                                 0.1894695305851095                                 
9   :
parent#1: 0.03370499264069502                                0.4199378220315276                                 0.7547488078173188                                 -0.07907538225074534                               0.007827421866694663                               -0.4965443097908417                                
parent#2: 0.03370499264069502                                0.4199378220315276                                 0.7547488078173188                                 -0.07907538225074534                               0.007827421866694663                               -0.4965443097908417                                
son     : 0.033704992640695014                               0.41993782203152746                                0.7547488078173186                                 -0.07907538225074533                               0.007827421866694662                               -0.4965443097908416                                
10  :
parent#1: 0.03370499264069502                                0.4199378220315276                                 0.7547488078173188                                 -0.07907538225074534                               0.007827421866694663                               -0.4965443097908417                                
parent#2: -0.3581008555946988                                0.4654970334283256                                 0.34144876988616896                                -0.3442335034067167                                -0.41362049791066025                               -0.4989092156650051                                
son     : -0.1752681483253698                                0.4783924374559431                                 0.5922656284617538                                 -0.22870995913218187                               -0.21924632575097402                               -0.5378345289666842                                
11  :
parent#1: 0.03370499264069502                                0.4199378220315276                                 0.7547488078173188                                 -0.07907538225074534                               0.007827421866694663                               -0.4965443097908417                                
parent#2: 0.23616354729068859                                0.40190498845266953                                0.49052421943408103                                0.4287665271597682                                 -0.004744255726600081                              0.598516421296422                                  
son     : 0.17306195857488116                                0.5270333713564507                                 0.7985717383411707                                 0.22425079429278924                                0.001977180337330879                               0.06539292553944574                                
12  :
parent#1: 0.03370499264069502                                0.4199378220315276                                 0.7547488078173188                                 -0.07907538225074534                               0.007827421866694663                               -0.4965443097908417                                
parent#2: 0.4562679024283958                                 0.3696120064952238                                 -0.390067794932643                                 0.48058435982028735                                -0.460484490391924                                 0.24504364596774741                                
son     : 0.41033678810337165                                0.6612229858950678                                 0.3054088032528436                                 0.3362510577800894                                 -0.37908596471390327                               -0.2106238439668834                                
13  :
parent#1: 0.03370499264069502                                0.4199378220315276                                 0.7547488078173188                                 -0.07907538225074534                               0.007827421866694663                               -0.4965443097908417                                
parent#2: -0.07955846173730688                               -0.4906860684481844                                -0.39578751719890715                               -0.5170468772730364                                0.3304748799495687                                 -0.46872033778245814                               
son     : -0.03697972127814384                               -0.057056761133886046                              0.28949365747536204                                -0.4807582815258717                                0.27283267930199656                                -0.7784627494966114                                
14  :
parent#1: 0.03370499264069502                                0.4199378220315276                                 0.7547488078173188                                 -0.07907538225074534                               0.007827421866694663                               -0.4965443097908417                                
parent#2: 0.4114773666127734                                 0.35303605509627933                                -0.351972553083123                                 0.1669308244660555                                 -0.6249790304914262                                -0.40460172235508607                               
son     : 0.3030090015816615                                 0.5261170796389275                                 0.274145702926028                                  0.05979794409153485                                -0.4200581826006828                                -0.6133561984300168                                
15  :
parent#1: 0.03370499264069502                                0.4199378220315276                                 0.7547488078173188                                 -0.07907538225074534                               0.007827421866694663                               -0.4965443097908417                                
parent#2: -0.5173542379163215                                -0.046859389930969046                              -0.551966014284841                                 0.3434186784487492                                 -0.22390721611852074                               0.5073573484462356                                 
son     : -0.6637738893822418                                0.5120233812809718                                 0.2783048353278018                                 0.36279220853425675                                -0.2965540148123482                                0.01484011976539115                                
16  :
parent#1: 0.03370499264069502                                0.4199378220315276                                 0.7547488078173188                                 -0.07907538225074534                               0.007827421866694663                               -0.4965443097908417                                
parent#2: -0.5306178322870726                                0.35010107929222384                                0.4682942658139714                                 0.29513520474084753                                -0.4890107119689661                                -0.2243616844412706                                
son     : -0.28070850905791656                               0.4349987657010668                                 0.6909030524487351                                 0.12205325723053456                                -0.27182280909528156                               -0.40724334463931666                               
17  :
parent#1: 0.03370499264069502                                0.4199378220315276                                 0.7547488078173188                                 -0.07907538225074534                               0.007827421866694663                               -0.4965443097908417                                
parent#2: 0.1312298690338744                                 0.687743201601576                                  -0.23674122741123765                               -0.01408343728166277                               0.2660005760376095                                 0.6186977870576071                                 
son     : 0.12954211514442462                                0.8699879531223322                                 0.40685029802280903                                -0.07316822170922883                               0.21506828619577367                                0.09594102578874641                                
18  :
parent#1: -0.3581008555946988                                0.4654970334283256                                 0.34144876988616896                                -0.3442335034067167                                -0.41362049791066025                               -0.4989092156650051                                
parent#2: 0.03370499264069502                                0.4199378220315276                                 0.7547488078173188                                 -0.07907538225074534                               0.007827421866694663                               -0.4965443097908417                                
son     : -0.1752681483253698                                0.4783924374559431                                 0.5922656284617538                                 -0.22870995913218187                               -0.21924632575097402                               -0.5378345289666842                                
19  :
parent#1: -0.3581008555946988                                0.4654970334283256                                 0.34144876988616896                                -0.3442335034067167                                -0.41362049791066025                               -0.4989092156650051                                
parent#2: -0.3581008555946988                                0.4654970334283256                                 0.34144876988616896                                -0.3442335034067167                                -0.41362049791066025                               -0.4989092156650051                                
son     : -0.3581008555946988                                0.4654970334283256                                 0.34144876988616896                                -0.3442335034067167                                -0.41362049791066025                               -0.4989092156650051                                
20  :
parent#1: -0.3581008555946988                                0.4654970334283256                                 0.34144876988616896                                -0.3442335034067167                                -0.41362049791066025                               -0.4989092156650051                                
parent#2: 0.23616354729068859                                0.40190498845266953                                0.49052421943408103                                0.4287665271597682                                 -0.004744255726600081                              0.598516421296422                                  
son     : -0.09488406918953433                               0.6749585881796244                                 0.6473899069977269                                 0.06577836911560975                                -0.3255455674944958                                0.07750816482962099                                
21  :
parent#1: -0.3581008555946988                                0.4654970334283256                                 0.34144876988616896                                -0.3442335034067167                                -0.41362049791066025                               -0.4989092156650051                                
parent#2: 0.4562679024283958                                 0.3696120064952238                                 -0.390067794932643                                 0.48058435982028735                                -0.460484490391924                                 0.24504364596774741                                
son     : 0.0786846933760472                                 0.6693722675926906                                 -0.03897003323839414                               0.10929049690817916                                -0.7006290318540278                                -0.20348309493514768                               
22  :
parent#1: -0.3581008555946988                                0.4654970334283256                                 0.34144876988616896                                -0.3442335034067167                                -0.41362049791066025                               -0.4989092156650051                                
parent#2: -0.07955846173730688                               -0.4906860684481844                                -0.39578751719890715                               -0.5170468772730364                                0.3304748799495687                                 -0.46872033778245814                               
son     : -0.3191825437281696                                -0.018370225317509828                              -0.039628950883559                                 -0.6281270656920303                                -0.06063764391548356                               -0.7056869350769975                                
23  :
parent#1: -0.3581008555946988                                0.4654970334283256                                 0.34144876988616896                                -0.3442335034067167                                -0.41362049791066025                               -0.4989092156650051                                
parent#2: 0.4114773666127734                                 0.35303605509627933                                -0.351972553083123                                 0.1669308244660555                                 -0.6249790304914262                                -0.40460172235508607                               
son     : 0.03310644141248303                                0.5076899411848466                                 -0.0065273095824800705                             -0.1099708587291816                                -0.6441847505999931                                -0.5603969117608825                                
24  :
parent#1: -0.3581008555946988                                0.4654970334283256                                 0.34144876988616896                                -0.3442335034067167                                -0.41362049791066025                               -0.4989092156650051                                
parent#2: -0.5173542379163215                                -0.046859389930969046                              -0.551966014284841                                 0.3434186784487492                                 -0.22390721611852074                               0.5073573484462356                                 
son     : -0.7418817314582565                                0.3547636219304418                                 -0.1783973831826724                                -6.905022943301237E-4                              -0.5402563396367277                                0.007159151190945259                               
25  :
parent#1: -0.3581008555946988                                0.4654970334283256                                 0.34144876988616896                                -0.3442335034067167                                -0.41362049791066025                               -0.4989092156650051                                
parent#2: -0.5306178322870726                                0.35010107929222384                                0.4682942658139714                                 0.29513520474084753                                -0.4890107119689661                                -0.2243616844412706                                
son     : -0.4784021493665101                                0.43904094227473606                                0.4358891221662308                                 -0.02642988375542682                               -0.48589133634731546                               -0.38934069678427186                               
26  :
parent#1: -0.3581008555946988                                0.4654970334283256                                 0.34144876988616896                                -0.3442335034067167                                -0.41362049791066025                               -0.4989092156650051                                
parent#2: 0.1312298690338744                                 0.687743201601576                                  -0.23674122741123765                               -0.01408343728166277                               0.2660005760376095                                 0.6186977870576071                                 
son     : -0.1818212075971002                                0.9242412851520966                                 0.08391576246005589                                -0.28716593446378386                               -0.11830702932634234                               0.09600215098943504                                
27  :
parent#1: 0.23616354729068859                                0.40190498845266953                                0.49052421943408103                                0.4287665271597682                                 -0.004744255726600081                              0.598516421296422                                  
parent#2: -0.03164101926782635                               -0.45335887343302383                               -0.5314678081475984                                -0.5798870353577714                                0.006683072627004188                               -0.41796280868787494                               
son     : 0.6416628110751923                                 -0.161429866902208                                 -0.12845518038230638                               -0.47412092466705147                               0.006082785669138242                               0.5664634587502799                                 
28  :
parent#1: 0.23616354729068859                                0.40190498845266953                                0.49052421943408103                                0.4287665271597682                                 -0.004744255726600081                              0.598516421296422                                  
parent#2: 0.03370499264069502                                0.4199378220315276                                 0.7547488078173188                                 -0.07907538225074534                               0.007827421866694663                               -0.4965443097908417                                
son     : 0.17306195857488116                                0.5270333713564507                                 0.7985717383411707                                 0.22425079429278924                                0.001977180337330879                               0.06539292553944574                                
29  :
parent#1: 0.23616354729068859                                0.40190498845266953                                0.49052421943408103                                0.4287665271597682                                 -0.004744255726600081                              0.598516421296422                                  
parent#2: -0.3581008555946988                                0.4654970334283256                                 0.34144876988616896                                -0.3442335034067167                                -0.41362049791066025                               -0.4989092156650051                                
son     : -0.09488406918953433                               0.6749585881796244                                 0.6473899069977269                                 0.06577836911560975                                -0.3255455674944958                                0.07750816482962099                                
30  :
parent#1: 0.23616354729068859                                0.40190498845266953                                0.49052421943408103                                0.4287665271597682                                 -0.004744255726600081                              0.598516421296422                                  
parent#2: 0.23616354729068859                                0.40190498845266953                                0.49052421943408103                                0.4287665271597682                                 -0.004744255726600081                              0.598516421296422                                  
son     : 0.2361635472906886                                 0.4019049884526696                                 0.4905242194340811                                 0.42876652715976826                                -0.0047442557266000815                             0.5985164212964221                                 
31  :
parent#1: 0.23616354729068859                                0.40190498845266953                                0.49052421943408103                                0.4287665271597682                                 -0.004744255726600081                              0.598516421296422                                  
parent#2: 0.4562679024283958                                 0.3696120064952238                                 -0.390067794932643                                 0.48058435982028735                                -0.460484490391924                                 0.24504364596774741                                
son     : 0.4109011591931558                                 0.4578319307852374                                 0.059612632113672404                               0.5396250180794334                                 -0.2760750268458108                                0.5005835734765158                                 
32  :
parent#1: 0.23616354729068859                                0.40190498845266953                                0.49052421943408103                                0.4287665271597682                                 -0.004744255726600081                              0.598516421296422                                  
parent#2: -0.07955846173730688                               -0.4906860684481844                                -0.39578751719890715                               -0.5170468772730364                                0.3304748799495687                                 -0.46872033778245814                               
son     : 0.37747327340159187                                -0.2139935926321642                                0.22834873451024262                                -0.2127866577036225                                0.7851252373964349                                 0.3128541601672421                                 
33  :
parent#1: 0.23616354729068859                                0.40190498845266953                                0.49052421943408103                                0.4287665271597682                                 -0.004744255726600081                              0.598516421296422                                  
parent#2: 0.4114773666127734                                 0.35303605509627933                                -0.351972553083123                                 0.1669308244660555                                 -0.6249790304914262                                -0.40460172235508607                               
son     : 0.4830477320011407                                 0.5630783217245175                                 0.1033397778908472                                 0.4443052445955144                                 -0.4696837378023729                                0.14463270234230274                                
34  :
parent#1: 0.23616354729068859                                0.40190498845266953                                0.49052421943408103                                0.4287665271597682                                 -0.004744255726600081                              0.598516421296422                                  
parent#2: -0.5173542379163215                                -0.046859389930969046                              -0.551966014284841                                 0.3434186784487492                                 -0.22390721611852074                               0.5073573484462356                                 
son     : -0.19495149990479074                               0.24615563129916068                                -0.042598032091131395                              0.5353614790828598                                 -0.15852568693673835                               0.7667101269854174                                 
35  :
parent#1: 0.23616354729068859                                0.40190498845266953                                0.49052421943408103                                0.4287665271597682                                 -0.004744255726600081                              0.598516421296422                                  
parent#2: -0.5306178322870726                                0.35010107929222384                                0.4682942658139714                                 0.29513520474084753                                -0.4890107119689661                                -0.2243616844412706                                
son     : -0.18700245733018675                               0.4775851117168592                                 0.6089278438491567                                 0.4597365690659098                                 -0.3135746259531993                                0.23761873668947264                                
36  :
parent#1: 0.23616354729068859                                0.40190498845266953                                0.49052421943408103                                0.4287665271597682                                 -0.004744255726600081                              0.598516421296422                                  
parent#2: 0.1312298690338744                                 0.687743201601576                                  -0.23674122741123765                               -0.01408343728166277                               0.2660005760376095                                 0.6186977870576071                                 
son     : 0.20837846829994097                                0.6180274624973623                                 0.14394082421873988                                0.23520026015476841                                0.14817955205814928                                0.6903804506547441                                 
37  :
parent#1: 0.4562679024283958                                 0.3696120064952238                                 -0.390067794932643                                 0.48058435982028735                                -0.460484490391924                                 0.24504364596774741                                
parent#2: -0.03164101926782635                               -0.45335887343302383                               -0.5314678081475984                                -0.5798870353577714                                0.006683072627004188                               -0.41796280868787494                               
son     : 0.3749916605556875                                 -0.0739575800420213                                -0.8138160341807014                                -0.0876950486984185                                -0.40075594353229727                               -0.1527064030606837                                
38  :
parent#1: 0.4562679024283958                                 0.3696120064952238                                 -0.390067794932643                                 0.48058435982028735                                -0.460484490391924                                 0.24504364596774741                                
parent#2: 0.03370499264069502                                0.4199378220315276                                 0.7547488078173188                                 -0.07907538225074534                               0.007827421866694663                               -0.4965443097908417                                
son     : 0.41033678810337165                                0.6612229858950678                                 0.3054088032528436                                 0.3362510577800894                                 -0.37908596471390327                               -0.2106238439668834                                
39  :
parent#1: 0.4562679024283958                                 0.3696120064952238                                 -0.390067794932643                                 0.48058435982028735                                -0.460484490391924                                 0.24504364596774741                                
parent#2: -0.3581008555946988                                0.4654970334283256                                 0.34144876988616896                                -0.3442335034067167                                -0.41362049791066025                               -0.4989092156650051                                
son     : 0.0786846933760472                                 0.6693722675926906                                 -0.03897003323839414                               0.10929049690817916                                -0.7006290318540278                                -0.20348309493514768                               
40  :
parent#1: 0.4562679024283958                                 0.3696120064952238                                 -0.390067794932643                                 0.48058435982028735                                -0.460484490391924                                 0.24504364596774741                                
parent#2: 0.23616354729068859                                0.40190498845266953                                0.49052421943408103                                0.4287665271597682                                 -0.004744255726600081                              0.598516421296422                                  
son     : 0.4109011591931558                                 0.4578319307852374                                 0.059612632113672404                               0.5396250180794334                                 -0.2760750268458108                                0.5005835734765158                                 
41  :
parent#1: 0.4562679024283958                                 0.3696120064952238                                 -0.390067794932643                                 0.48058435982028735                                -0.460484490391924                                 0.24504364596774741                                
parent#2: 0.4562679024283958                                 0.3696120064952238                                 -0.390067794932643                                 0.48058435982028735                                -0.460484490391924                                 0.24504364596774741                                
son     : 0.4562679024283958                                 0.3696120064952238                                 -0.390067794932643                                 0.48058435982028735                                -0.460484490391924                                 0.24504364596774741                                
42  :
parent#1: 0.4562679024283958                                 0.3696120064952238                                 -0.390067794932643                                 0.48058435982028735                                -0.460484490391924                                 0.24504364596774741                                
parent#2: -0.07955846173730688                               -0.4906860684481844                                -0.39578751719890715                               -0.5170468772730364                                0.3304748799495687                                 -0.46872033778245814                               
son     : 0.4104375856042158                                 -0.1319142561866884                                -0.8562157517310944                                -0.03972713718271284                               -0.14164983632322123                               -0.24370326683596646                               
43  :
parent#1: 0.4562679024283958                                 0.3696120064952238                                 -0.390067794932643                                 0.48058435982028735                                -0.460484490391924                                 0.24504364596774741                                
parent#2: 0.4114773666127734                                 0.35303605509627933                                -0.351972553083123                                 0.1669308244660555                                 -0.6249790304914262                                -0.40460172235508607                               
son     : 0.46726018033835437                                0.38912878655451116                                -0.3995710713759386                                0.34867151982951905                                -0.5844962785900203                                -0.08591822762637454                               
44  :
parent#1: 0.4562679024283958                                 0.3696120064952238                                 -0.390067794932643                                 0.48058435982028735                                -0.460484490391924                                 0.24504364596774741                                
parent#2: -0.5173542379163215                                -0.046859389930969046                              -0.551966014284841                                 0.3434186784487492                                 -0.22390721611852074                               0.5073573484462356                                 
son     : -0.037115464515488444                              0.19610135706600756                                -0.5723705987456543                                0.5006562479684867                                 -0.4158297579121251                                0.45715154111855666                                
45  :
parent#1: 0.4562679024283958                                 0.3696120064952238                                 -0.390067794932643                                 0.48058435982028735                                -0.460484490391924                                 0.24504364596774741                                
parent#2: -0.5306178322870726                                0.35010107929222384                                0.4682942658139714                                 0.29513520474084753                                -0.4890107119689661                                -0.2243616844412706                                
son     : -0.052140493793737315                              0.5047240226601581                                 0.05485905403336269                                0.5440005285621704                                 -0.6658667842724773                                0.014503950288363725                               
46  :
parent#1: 0.4562679024283958                                 0.3696120064952238                                 -0.390067794932643                                 0.48058435982028735                                -0.460484490391924                                 0.24504364596774741                                
parent#2: 0.1312298690338744                                 0.687743201601576                                  -0.23674122741123765                               -0.01408343728166277                               0.2660005760376095                                 0.6186977870576071                                 
son     : 0.3475442405986989                                 0.6254963519715774                                 -0.3707994757643214                                0.27596650870477535                                -0.11505024802851263                               0.5109608495488688                                 
47  :
parent#1: -0.07955846173730688                               -0.4906860684481844                                -0.39578751719890715                               -0.5170468772730364                                0.3304748799495687                                 -0.46872033778245814                               
parent#2: -0.03164101926782635                               -0.45335887343302383                               -0.5314678081475984                                -0.5798870353577714                                0.006683072627004188                               -0.41796280868787494                               
son     : -0.056551194296579246                              -0.48009998293573514                               -0.47156151802351853                               -0.557852629013872                                 0.1714637938275491                                 -0.45092828169972593                               
48  :
parent#1: -0.07955846173730688                               -0.4906860684481844                                -0.39578751719890715                               -0.5170468772730364                                0.3304748799495687                                 -0.46872033778245814                               
parent#2: 0.03370499264069502                                0.4199378220315276                                 0.7547488078173188                                 -0.07907538225074534                               0.007827421866694663                               -0.4965443097908417                                
son     : -0.03697972127814384                               -0.057056761133886046                              0.28949365747536204                                -0.4807582815258717                                0.27283267930199656                                -0.7784627494966114                                
49  :
parent#1: -0.07955846173730688                               -0.4906860684481844                                -0.39578751719890715                               -0.5170468772730364                                0.3304748799495687                                 -0.46872033778245814                               
parent#2: -0.3581008555946988                                0.4654970334283256                                 0.34144876988616896                                -0.3442335034067167                                -0.41362049791066025                               -0.4989092156650051                                
son     : -0.3191825437281696                                -0.018370225317509828                              -0.039628950883559                                 -0.6281270656920303                                -0.06063764391548356                               -0.7056869350769975                                
50  :
parent#1: -0.07955846173730688                               -0.4906860684481844                                -0.39578751719890715                               -0.5170468772730364                                0.3304748799495687                                 -0.46872033778245814                               
parent#2: 0.4562679024283958                                 0.3696120064952238                                 -0.390067794932643                                 0.48058435982028735                                -0.460484490391924                                 0.24504364596774741                                
son     : 0.4104375856042158                                 -0.1319142561866884                                -0.8562157517310944                                -0.03972713718271284                               -0.14164983632322123                               -0.24370326683596646                               
51  :
parent#1: -0.07955846173730688                               -0.4906860684481844                                -0.39578751719890715                               -0.5170468772730364                                0.3304748799495687                                 -0.46872033778245814                               
parent#2: -0.07955846173730688                               -0.4906860684481844                                -0.39578751719890715                               -0.5170468772730364                                0.3304748799495687                                 -0.46872033778245814                               
son     : -0.0795584617373069                                -0.49068606844818446                               -0.3957875171989072                                -0.5170468772730366                                0.33047487994956876                                -0.4687203377824582                                
52  :
parent#1: -0.07955846173730688                               -0.4906860684481844                                -0.39578751719890715                               -0.5170468772730364                                0.3304748799495687                                 -0.46872033778245814                               
parent#2: 0.4114773666127734                                 0.35303605509627933                                -0.351972553083123                                 0.1669308244660555                                 -0.6249790304914262                                -0.40460172235508607                               
son     : 0.2575982257661191                                 -0.10682850146615507                               -0.5803274973917792                                -0.2717208109889176                                -0.2285610899108144                                -0.6777746308190822                                
53  :
parent#1: -0.07955846173730688                               -0.4906860684481844                                -0.39578751719890715                               -0.5170468772730364                                0.3304748799495687                                 -0.46872033778245814                               
parent#2: -0.5173542379163215                                -0.046859389930969046                              -0.551966014284841                                 0.3434186784487492                                 -0.22390721611852074                               0.5073573484462356                                 
son     : -0.47390550606914855                               -0.42677221080430516                               -0.752447748602526                                 -0.137848230535965                                 0.08460701654993294                                0.03067499167339125                                
54  :
parent#1: -0.07955846173730688                               -0.4906860684481844                                -0.39578751719890715                               -0.5170468772730364                                0.3304748799495687                                 -0.46872033778245814                               
parent#2: -0.5306178322870726                                0.35010107929222384                                0.4682942658139714                                 0.29513520474084753                                -0.4890107119689661                                -0.2243616844412706                                
son     : -0.6253442552620668                                -0.14407969664787948                               0.07430914500973652                                -0.2274280252324204                                -0.16247676741528919                               -0.7103108810807192                                
55  :
parent#1: 0.4114773666127734                                 0.35303605509627933                                -0.351972553083123                                 0.1669308244660555                                 -0.6249790304914262                                -0.40460172235508607                               
parent#2: -0.03164101926782635                               -0.45335887343302383                               -0.5314678081475984                                -0.5798870353577714                                0.006683072627004188                               -0.41796280868787494                               
son     : 0.258192473571675                                  -0.0681940967553653                                -0.6005156002410373                                -0.2807055888995527                                -0.42028458802392427                               -0.5591354603814016                                
56  :
parent#1: 0.4114773666127734                                 0.35303605509627933                                -0.351972553083123                                 0.1669308244660555                                 -0.6249790304914262                                -0.40460172235508607                               
parent#2: 0.03370499264069502                                0.4199378220315276                                 0.7547488078173188                                 -0.07907538225074534                               0.007827421866694663                               -0.4965443097908417                                
son     : 0.3030090015816615                                 0.5261170796389275                                 0.274145702926028                                  0.05979794409153485                                -0.4200581826006828                                -0.6133561984300168                                
57  :
parent#1: 0.4114773666127734                                 0.35303605509627933                                -0.351972553083123                                 0.1669308244660555                                 -0.6249790304914262                                -0.40460172235508607                               
parent#2: -0.3581008555946988                                0.4654970334283256                                 0.34144876988616896                                -0.3442335034067167                                -0.41362049791066025                               -0.4989092156650051                                
son     : 0.03310644141248303                                0.5076899411848466                                 -0.0065273095824800705                             -0.1099708587291816                                -0.6441847505999931                                -0.5603969117608825                                
58  :
parent#1: 0.4114773666127734                                 0.35303605509627933                                -0.351972553083123                                 0.1669308244660555                                 -0.6249790304914262                                -0.40460172235508607                               
parent#2: 0.23616354729068859                                0.40190498845266953                                0.49052421943408103                                0.4287665271597682                                 -0.004744255726600081                              0.598516421296422                                  
son     : 0.4830477320011407                                 0.5630783217245175                                 0.1033397778908472                                 0.4443052445955144                                 -0.4696837378023729                                0.14463270234230274                                
59  :
parent#1: 0.4114773666127734                                 0.35303605509627933                                -0.351972553083123                                 0.1669308244660555                                 -0.6249790304914262                                -0.40460172235508607                               
parent#2: 0.4562679024283958                                 0.3696120064952238                                 -0.390067794932643                                 0.48058435982028735                                -0.460484490391924                                 0.24504364596774741                                
son     : 0.46726018033835437                                0.38912878655451116                                -0.3995710713759386                                0.34867151982951905                                -0.5844962785900203                                -0.08591822762637454                               
60  :
parent#1: 0.4114773666127734                                 0.35303605509627933                                -0.351972553083123                                 0.1669308244660555                                 -0.6249790304914262                                -0.40460172235508607                               
parent#2: -0.07955846173730688                               -0.4906860684481844                                -0.39578751719890715                               -0.5170468772730364                                0.3304748799495687                                 -0.46872033778245814                               
son     : 0.2575982257661191                                 -0.10682850146615507                               -0.5803274973917792                                -0.2717208109889176                                -0.2285610899108144                                -0.6777746308190822                                
61  :
parent#1: 0.4114773666127734                                 0.35303605509627933                                -0.351972553083123                                 0.1669308244660555                                 -0.6249790304914262                                -0.40460172235508607                               
parent#2: 0.4114773666127734                                 0.35303605509627933                                -0.351972553083123                                 0.1669308244660555                                 -0.6249790304914262                                -0.40460172235508607                               
son     : 0.4114773666127734                                 0.35303605509627933                                -0.351972553083123                                 0.1669308244660555                                 -0.6249790304914262                                -0.40460172235508607                               
62  :
parent#1: 0.4114773666127734                                 0.35303605509627933                                -0.351972553083123                                 0.1669308244660555                                 -0.6249790304914262                                -0.40460172235508607                               
parent#2: -0.5173542379163215                                -0.046859389930969046                              -0.551966014284841                                 0.3434186784487492                                 -0.22390721611852074                               0.5073573484462356                                 
son     : -0.07653607593377836                               0.22132841862184793                                -0.6534374314215955                                0.3689205000766258                                 -0.6136413121181994                                0.07427979599612142                                
63  :
parent#1: 0.4114773666127734                                 0.35303605509627933                                -0.351972553083123                                 0.1669308244660555                                 -0.6249790304914262                                -0.40460172235508607                               
parent#2: -0.5306178322870726                                0.35010107929222384                                0.4682942658139714                                 0.29513520474084753                                -0.4890107119689661                                -0.2243616844412706                                
son     : -0.07735415186497868                               0.4565247950606865                                 0.07552402435940368                                0.30000491934142925                                -0.7232784530982282                                -0.40836612994148364                               
64  :
parent#1: 0.4114773666127734                                 0.35303605509627933                                -0.351972553083123                                 0.1669308244660555                                 -0.6249790304914262                                -0.40460172235508607                               
parent#2: 0.1312298690338744                                 0.687743201601576                                  -0.23674122741123765                               -0.01408343728166277                               0.2660005760376095                                 0.6186977870576071                                 
son     : 0.3914204965693384                                 0.7506484283194351                                 -0.42460211539974607                               0.11023917917688164                                -0.2589085158088669                                0.15441398687001204                                
65  :
parent#1: -0.5173542379163215                                -0.046859389930969046                              -0.551966014284841                                 0.3434186784487492                                 -0.22390721611852074                               0.5073573484462356                                 
parent#2: -0.03164101926782635                               -0.45335887343302383                               -0.5314678081475984                                -0.5798870353577714                                0.006683072627004188                               -0.41796280868787494                               
son     : -0.40510596630194856                               -0.3691132123459885                                -0.7994704868888991                                -0.1744910196798501                                -0.16029063166155325                               0.0659646161547465                                 
66  :
parent#1: -0.5173542379163215                                -0.046859389930969046                              -0.551966014284841                                 0.3434186784487492                                 -0.22390721611852074                               0.5073573484462356                                 
parent#2: 0.03370499264069502                                0.4199378220315276                                 0.7547488078173188                                 -0.07907538225074534                               0.007827421866694663                               -0.4965443097908417                                
son     : -0.6637738893822418                                0.5120233812809718                                 0.2783048353278018                                 0.36279220853425675                                -0.2965540148123482                                0.01484011976539115                                
67  :
parent#1: -0.5173542379163215                                -0.046859389930969046                              -0.551966014284841                                 0.3434186784487492                                 -0.22390721611852074                               0.5073573484462356                                 
parent#2: -0.3581008555946988                                0.4654970334283256                                 0.34144876988616896                                -0.3442335034067167                                -0.41362049791066025                               -0.4989092156650051                                
son     : -0.7418817314582565                                0.3547636219304418                                 -0.1783973831826724                                -6.905022943301237E-4                              -0.5402563396367277                                0.007159151190945259                               
68  :
parent#1: -0.5173542379163215                                -0.046859389930969046                              -0.551966014284841                                 0.3434186784487492                                 -0.22390721611852074                               0.5073573484462356                                 
parent#2: 0.23616354729068859                                0.40190498845266953                                0.49052421943408103                                0.4287665271597682                                 -0.004744255726600081                              0.598516421296422                                  
son     : -0.19495149990479074                               0.24615563129916068                                -0.042598032091131395                              0.5353614790828598                                 -0.15852568693673835                               0.7667101269854174                                 
69  :
parent#1: -0.5173542379163215                                -0.046859389930969046                              -0.551966014284841                                 0.3434186784487492                                 -0.22390721611852074                               0.5073573484462356                                 
parent#2: 0.4562679024283958                                 0.3696120064952238                                 -0.390067794932643                                 0.48058435982028735                                -0.460484490391924                                 0.24504364596774741                                
son     : -0.037115464515488444                              0.19610135706600756                                -0.5723705987456543                                0.5006562479684867                                 -0.4158297579121251                                0.45715154111855666                                
70  :
parent#1: -0.5173542379163215                                -0.046859389930969046                              -0.551966014284841                                 0.3434186784487492                                 -0.22390721611852074                               0.5073573484462356                                 
parent#2: -0.07955846173730688                               -0.4906860684481844                                -0.39578751719890715                               -0.5170468772730364                                0.3304748799495687                                 -0.46872033778245814                               
son     : -0.47390550606914855                               -0.42677221080430516                               -0.752447748602526                                 -0.137848230535965                                 0.08460701654993294                                0.03067499167339125                                
71  :
parent#1: -0.5173542379163215                                -0.046859389930969046                              -0.551966014284841                                 0.3434186784487492                                 -0.22390721611852074                               0.5073573484462356                                 
parent#2: 0.4114773666127734                                 0.35303605509627933                                -0.351972553083123                                 0.1669308244660555                                 -0.6249790304914262                                -0.40460172235508607                               
son     : -0.07653607593377836                               0.22132841862184793                                -0.6534374314215955                                0.3689205000766258                                 -0.6136413121181994                                0.07427979599612142                                
72  :
parent#1: -0.5173542379163215                                -0.046859389930969046                              -0.551966014284841                                 0.3434186784487492                                 -0.22390721611852074                               0.5073573484462356                                 
parent#2: -0.5173542379163215                                -0.046859389930969046                              -0.551966014284841                                 0.3434186784487492                                 -0.22390721611852074                               0.5073573484462356                                 
son     : -0.5173542379163216                                -0.04685938993096905                               -0.5519660142848412                                0.34341867844874924                                -0.22390721611852077                               0.5073573484462357                                 
73  :
parent#1: -0.5173542379163215                                -0.046859389930969046                              -0.551966014284841                                 0.3434186784487492                                 -0.22390721611852074                               0.5073573484462356                                 
parent#2: -0.5306178322870726                                0.35010107929222384                                0.4682942658139714                                 0.29513520474084753                                -0.4890107119689661                                -0.2243616844412706                                
son     : -0.7076223283710347                                0.20475792856133138                                -0.056497686489241125                              0.4311708283650065                                 -0.4813836728614444                                0.1910872020122009                                 
74  :
parent#1: -0.5173542379163215                                -0.046859389930969046                              -0.551966014284841                                 0.3434186784487492                                 -0.22390721611852074                               0.5073573484462356                                 
parent#2: 0.1312298690338744                                 0.687743201601576                                  -0.23674122741123765                               -0.01408343728166277                               0.2660005760376095                                 0.6186977870576071                                 
son     : -0.24132221971856457                               0.40054323549086945                                -0.4929307694955393                                0.20582982540059772                                0.026307749185805758                               0.7037683884386131                                 
75  :
parent#1: -0.5306178322870726                                0.35010107929222384                                0.4682942658139714                                 0.29513520474084753                                -0.4890107119689661                                -0.2243616844412706                                
parent#2: -0.03164101926782635                               -0.45335887343302383                               -0.5314678081475984                                -0.5798870353577714                                0.006683072627004188                               -0.41796280868787494                               
son     : -0.5468646196031545                                -0.10043067202536674                               -0.06144389741793068                               -0.27695553587282457                               -0.4691218649264345                                -0.6247381230645894                                
76  :
parent#1: -0.5306178322870726                                0.35010107929222384                                0.4682942658139714                                 0.29513520474084753                                -0.4890107119689661                                -0.2243616844412706                                
parent#2: 0.03370499264069502                                0.4199378220315276                                 0.7547488078173188                                 -0.07907538225074534                               0.007827421866694663                               -0.4965443097908417                                
son     : -0.28070850905791656                               0.4349987657010668                                 0.6909030524487351                                 0.12205325723053456                                -0.27182280909528156                               -0.40724334463931666                               
77  :
parent#1: -0.5306178322870726                                0.35010107929222384                                0.4682942658139714                                 0.29513520474084753                                -0.4890107119689661                                -0.2243616844412706                                
parent#2: -0.3581008555946988                                0.4654970334283256                                 0.34144876988616896                                -0.3442335034067167                                -0.41362049791066025                               -0.4989092156650051                                
son     : -0.4784021493665101                                0.43904094227473606                                0.4358891221662308                                 -0.02642988375542682                               -0.48589133634731546                               -0.38934069678427186                               
78  :
parent#1: -0.5306178322870726                                0.35010107929222384                                0.4682942658139714                                 0.29513520474084753                                -0.4890107119689661                                -0.2243616844412706                                
parent#2: 0.23616354729068859                                0.40190498845266953                                0.49052421943408103                                0.4287665271597682                                 -0.004744255726600081                              0.598516421296422                                  
son     : -0.18700245733018675                               0.4775851117168592                                 0.6089278438491567                                 0.4597365690659098                                 -0.3135746259531993                                0.23761873668947264                                
79  :
parent#1: -0.5306178322870726                                0.35010107929222384                                0.4682942658139714                                 0.29513520474084753                                -0.4890107119689661                                -0.2243616844412706                                
parent#2: 0.4562679024283958                                 0.3696120064952238                                 -0.390067794932643                                 0.48058435982028735                                -0.460484490391924                                 0.24504364596774741                                
son     : -0.052140493793737315                              0.5047240226601581                                 0.05485905403336269                                0.5440005285621704                                 -0.6658667842724773                                0.014503950288363725                               
80  :
parent#1: -0.5306178322870726                                0.35010107929222384                                0.4682942658139714                                 0.29513520474084753                                -0.4890107119689661                                -0.2243616844412706                                
parent#2: -0.07955846173730688                               -0.4906860684481844                                -0.39578751719890715                               -0.5170468772730364                                0.3304748799495687                                 -0.46872033778245814                               
son     : -0.6253442552620668                                -0.14407969664787948                               0.07430914500973652                                -0.2274280252324204                                -0.16247676741528919                               -0.7103108810807192                                
81  :
parent#1: -0.5306178322870726                                0.35010107929222384                                0.4682942658139714                                 0.29513520474084753                                -0.4890107119689661                                -0.2243616844412706                                
parent#2: 0.4114773666127734                                 0.35303605509627933                                -0.351972553083123                                 0.1669308244660555                                 -0.6249790304914262                                -0.40460172235508607                               
son     : -0.07735415186497868                               0.4565247950606865                                 0.07552402435940368                                0.30000491934142925                                -0.7232784530982282                                -0.40836612994148364                               
82  :
parent#1: -0.5306178322870726                                0.35010107929222384                                0.4682942658139714                                 0.29513520474084753                                -0.4890107119689661                                -0.2243616844412706                                
parent#2: -0.5173542379163215                                -0.046859389930969046                              -0.551966014284841                                 0.3434186784487492                                 -0.22390721611852074                               0.5073573484462356                                 
son     : -0.7076223283710347                                0.20475792856133138                                -0.056497686489241125                              0.4311708283650065                                 -0.4813836728614444                                0.1910872020122009                                 
83  :
parent#1: -0.5306178322870726                                0.35010107929222384                                0.4682942658139714                                 0.29513520474084753                                -0.4890107119689661                                -0.2243616844412706                                
parent#2: -0.5306178322870726                                0.35010107929222384                                0.4682942658139714                                 0.29513520474084753                                -0.4890107119689661                                -0.2243616844412706                                
son     : -0.5306178322870727                                0.3501010792922239                                 0.46829426581397143                                0.2951352047408476                                 -0.48901071196896617                               -0.22436168444127064                               
84  :
parent#1: -0.5306178322870726                                0.35010107929222384                                0.4682942658139714                                 0.29513520474084753                                -0.4890107119689661                                -0.2243616844412706                                
parent#2: 0.1312298690338744                                 0.687743201601576                                  -0.23674122741123765                               -0.01408343728166277                               0.2660005760376095                                 0.6186977870576071                                 
son     : -0.3182932136686831                                0.827112536799031                                  0.1845367600155484                                 0.2239848931429482                                 -0.17772847300678615                               0.3142671209842282                                 
85  :
parent#1: 0.1312298690338744                                 0.687743201601576                                  -0.23674122741123765                               -0.01408343728166277                               0.2660005760376095                                 0.6186977870576071                                 
parent#2: -0.03164101926782635                               -0.45335887343302383                               -0.5314678081475984                                -0.5798870353577714                                0.006683072627004188                               -0.41796280868787494                               
son     : 0.09399982389680664                                0.22123044521321947                                -0.7250963760310914                                -0.5606362555564379                                0.2573803695315994                                 0.1894695305851095                                 
86  :
parent#1: 0.1312298690338744                                 0.687743201601576                                  -0.23674122741123765                               -0.01408343728166277                               0.2660005760376095                                 0.6186977870576071                                 
parent#2: 0.03370499264069502                                0.4199378220315276                                 0.7547488078173188                                 -0.07907538225074534                               0.007827421866694663                               -0.4965443097908417                                
son     : 0.12954211514442462                                0.8699879531223322                                 0.40685029802280903                                -0.07316822170922883                               0.21506828619577367                                0.09594102578874641                                
87  :
parent#1: 0.1312298690338744                                 0.687743201601576                                  -0.23674122741123765                               -0.01408343728166277                               0.2660005760376095                                 0.6186977870576071                                 
parent#2: -0.3581008555946988                                0.4654970334283256                                 0.34144876988616896                                -0.3442335034067167                                -0.41362049791066025                               -0.4989092156650051                                
son     : -0.1818212075971002                                0.9242412851520966                                 0.08391576246005589                                -0.28716593446378386                               -0.11830702932634234                               0.09600215098943504                                
88  :
parent#1: 0.1312298690338744                                 0.687743201601576                                  -0.23674122741123765                               -0.01408343728166277                               0.2660005760376095                                 0.6186977870576071                                 
parent#2: 0.23616354729068859                                0.40190498845266953                                0.49052421943408103                                0.4287665271597682                                 -0.004744255726600081                              0.598516421296422                                  
son     : 0.20837846829994097                                0.6180274624973623                                 0.14394082421873988                                0.23520026015476841                                0.14817955205814928                                0.6903804506547441                                 
89  :
parent#1: 0.1312298690338744                                 0.687743201601576                                  -0.23674122741123765                               -0.01408343728166277                               0.2660005760376095                                 0.6186977870576071                                 
parent#2: 0.4562679024283958                                 0.3696120064952238                                 -0.390067794932643                                 0.48058435982028735                                -0.460484490391924                                 0.24504364596774741                                
son     : 0.3475442405986989                                 0.6254963519715774                                 -0.3707994757643214                                0.27596650870477535                                -0.11505024802851263                               0.5109608495488688                                 
90  :
parent#1: 0.1312298690338744                                 0.687743201601576                                  -0.23674122741123765                               -0.01408343728166277                               0.2660005760376095                                 0.6186977870576071                                 
parent#2: -0.07955846173730688                               -0.4906860684481844                                -0.39578751719890715                               -0.5170468772730364                                0.3304748799495687                                 -0.46872033778245814                               
son     : 0.04922270403965914                                0.18771861367045517                                -0.6025532653644321                                -0.5059600976177345                                0.5682085387855881                                 0.14287003169708615                                
91  :
parent#1: 0.1312298690338744                                 0.687743201601576                                  -0.23674122741123765                               -0.01408343728166277                               0.2660005760376095                                 0.6186977870576071                                 
parent#2: 0.4114773666127734                                 0.35303605509627933                                -0.351972553083123                                 0.1669308244660555                                 -0.6249790304914262                                -0.40460172235508607                               
son     : 0.3914204965693384                                 0.7506484283194351                                 -0.42460211539974607                               0.11023917917688164                                -0.2589085158088669                                0.15441398687001204                                
92  :
parent#1: 0.1312298690338744                                 0.687743201601576                                  -0.23674122741123765                               -0.01408343728166277                               0.2660005760376095                                 0.6186977870576071                                 
parent#2: -0.5173542379163215                                -0.046859389930969046                              -0.551966014284841                                 0.3434186784487492                                 -0.22390721611852074                               0.5073573484462356                                 
son     : -0.24132221971856457                               0.40054323549086945                                -0.4929307694955393                                0.20582982540059772                                0.026307749185805758                               0.7037683884386131                                 
93  :
parent#1: 0.1312298690338744                                 0.687743201601576                                  -0.23674122741123765                               -0.01408343728166277                               0.2660005760376095                                 0.6186977870576071                                 
parent#2: -0.5306178322870726                                0.35010107929222384                                0.4682942658139714                                 0.29513520474084753                                -0.4890107119689661                                -0.2243616844412706                                
son     : -0.3182932136686831                                0.827112536799031                                  0.1845367600155484                                 0.2239848931429482                                 -0.17772847300678615                               0.3142671209842282                                 
94  :
parent#1: 0.1312298690338744                                 0.687743201601576                                  -0.23674122741123765                               -0.01408343728166277                               0.2660005760376095                                 0.6186977870576071                                 
parent#2: 0.1312298690338744                                 0.687743201601576                                  -0.23674122741123765                               -0.01408343728166277                               0.2660005760376095                                 0.6186977870576071                                 
son     : 0.1312298690338744                                 0.687743201601576                                  -0.23674122741123765                               -0.01408343728166277                               0.2660005760376095                                 0.6186977870576071                                 

0   :
parent#1: -0.03164101926782635                               -0.45335887343302383                               -0.5314678081475984                                -0.5798870353577714                                0.006683072627004188                               -0.41796280868787494                               
parent#2: 0.03370499264069502                                0.4199378220315276                                 0.7547488078173188                                 -0.07907538225074534                               0.007827421866694663                               -0.4965443097908417                                
son:      0.0017959618086273413                              0.008953265472851345                               0.19428746187825338                                -0.5733946720934471                                0.012626274290912896                               -0.7957563213244615                                
mutated:  0.0017959618086273413                              0.008953265472851345                               0.19428746187825338                                -0.5733946720934471                                0.012626274290912896                               -0.7957563213244615                                
1   :
parent#1: 0.03370499264069502                                0.4199378220315276                                 0.7547488078173188                                 -0.07907538225074534                               0.007827421866694663                               -0.4965443097908417                                
parent#2: -0.03164101926782635                               -0.45335887343302383                               -0.5314678081475984                                -0.5798870353577714                                0.006683072627004188                               -0.41796280868787494                               
son:      0.0017952747463432614                              -0.029070127728418167                              0.19421313536045945                                -0.5731753145039954                                0.012621443989504447                               -0.7954518971696305                                
mutated:  0.0017952747463432614                              -0.029070127728418167                              0.19421313536045945                                -0.5731753145039954                                0.012621443989504447                               -0.7954518971696305                                
2   :
parent#1: -0.3581008555946988                                0.4654970334283256                                 0.34144876988616896                                -0.3442335034067167                                -0.41362049791066025                               -0.4989092156650051                                
parent#2: -0.03164101926782635                               -0.45335887343302383                               -0.5314678081475984                                -0.5798870353577714                                0.006683072627004188                               -0.41796280868787494                               
son:      -0.27231352695134153                               0.008480959763910978                               -0.1327667305832196                                -0.6456851046039053                                -0.2843280968117125                                -0.6406205512369393                                
mutated:  -0.27231352695134153                               0.008480959763910978                               -0.1327667305832196                                -0.6456851046039053                                -0.2843280968117125                                -0.6406205512369393                                
3   :
parent#1: -0.07955846173730688                               -0.4906860684481844                                -0.39578751719890715                               -0.5170468772730364                                0.3304748799495687                                 -0.46872033778245814                               
parent#2: 0.23616354729068859                                0.40190498845266953                                0.49052421943408103                                0.4287665271597682                                 -0.004744255726600081                              0.598516421296422                                  
son:      0.37747327340159187                                -0.2139935926321642                                0.22834873451024262                                -0.2127866577036225                                0.7851252373964349                                 0.3128541601672421                                 
mutated:  0.37747327340159187                                -0.2139935926321642                                0.22834873451024262                                -0.2127866577036225                                0.7851252373964349                                 0.3128541601672421                                 
4   :
parent#1: -0.07955846173730688                               -0.4906860684481844                                -0.39578751719890715                               -0.5170468772730364                                0.3304748799495687                                 -0.46872033778245814                               
parent#2: 0.1312298690338744                                 0.687743201601576                                  -0.23674122741123765                               -0.01408343728166277                               0.2660005760376095                                 0.6186977870576071                                 
son:      0.04922270403965914                                0.18771861367045517                                -0.6025532653644321                                -0.5059600976177345                                0.5682085387855881                                 0.14287003169708615                                
mutated:  0.04922270403965914                                0.18771861367045517                                -0.6025532653644321                                -0.5059600976177345                                0.5682085387855881                                 0.14287003169708615                                

