0   :
parent#1: 0.4678898566033697                                 0.03243996247910639                                0.44448913827680187                                0.19496211073101583                                -0.6527984582059131                                0.3439477943224356                                 
parent#2: 0.4678898566033697                                 0.03243996247910639                                0.44448913827680187                                0.19496211073101583                                -0.6527984582059131                                0.3439477943224356                                 
son     : 0.4365760969884438                                 0.030268901977042413                               0.41474148328704186                                0.18191417523233114                                -0.70738000348632                                  0.3209289184064597                                 
1   :
parent#1: 0.4678898566033697                                 0.03243996247910639                                0.44448913827680187                                0.19496211073101583                                -0.6527984582059131                                0.3439477943224356                                 
parent#2: 0.6260820785247944                                 -0.18304392326731728                               1.8977566461721683E-4                              0.13739941774423964                                -0.49955500524395724                               -0.5532470640043493                                
son     : 0.6424706385564772                                 -0.08844707962768787                               0.2611521709275604                                 0.19519012926605636                                -0.6767570919620258                                -0.12291781089081576                               
2   :
parent#1: 0.4678898566033697                                 0.03243996247910639                                0.44448913827680187                                0.19496211073101583                                -0.6527984582059131                                0.3439477943224356                                 
parent#2: 0.4437702207899403                                 0.18975135360562714                                -0.2508917220056361                                0.16475981875637555                                0.5755914489863772                                 -0.5879323470868527                                
son     : 0.8791244593592223                                 0.21426168093903955                                -0.0022770202213524948                             0.346884057580407                                  -0.07445162064454915                               -0.2352771535793412                                
3   :
parent#1: 0.4678898566033697                                 0.03243996247910639                                0.44448913827680187                                0.19496211073101583                                -0.6527984582059131                                0.3439477943224356                                 
parent#2: 0.23616354729068859                                0.40190498845266953                                0.49052421943408103                                0.4287665271597682                                 -0.004744255726600081                              0.598516421296422                                  
son     : 0.3894475189413332                                 0.2402581431600161                                 0.5172031415848422                                 0.3450158314351033                                 -0.36372010577979                                  0.5213245876430475                                 
4   :
parent#1: 0.4678898566033697                                 0.03243996247910639                                0.44448913827680187                                0.19496211073101583                                -0.6527984582059131                                0.3439477943224356                                 
parent#2: 0.47612379543073824                                -0.5247017354946689                                0.34341953304136674                                0.5252597881744829                                 -0.059020275934295194                              -0.3172948257925076                                
son     : 0.6751385507924873                                 -0.1065143230529064                                0.44816676445226616                                0.4096661578557518                                 -0.4048863917469222                                0.0151603543709222                                 
5   :
parent#1: 0.4678898566033697                                 0.03243996247910639                                0.44448913827680187                                0.19496211073101583                                -0.6527984582059131                                0.3439477943224356                                 
parent#2: 0.513609862146599                                  -0.03969687532329356                               0.26515001486809464                                -0.16278093320038586                               -0.618123056432208                                 0.5057180954880737                                 
son     : 0.5031551587692857                                 -0.003720177463669783                              0.3637887958075722                                 0.01649733074852927                                -0.6515240954887592                                0.4355719798197516                                 
6   :
parent#1: 0.4678898566033697                                 0.03243996247910639                                0.44448913827680187                                0.19496211073101583                                -0.6527984582059131                                0.3439477943224356                                 
parent#2: 0.36926324609991484                                0.324899404720046                                  -0.5749329227476623                                0.4823941444187145                                 -0.11740575138700562                               0.4254984667480403                                 
son     : 0.5305662123654442                                 0.2264725460273625                                 -0.08267193232615754                               0.4292910598507464                                 -0.48813571724463045                               0.48765534886825834                                
7   :
parent#1: 0.4678898566033697                                 0.03243996247910639                                0.44448913827680187                                0.19496211073101583                                -0.6527984582059131                                0.3439477943224356                                 
parent#2: -0.39336570172919444                               -0.44427318425648277                               0.45562644664861096                                0.3550076899946659                                 0.22253785525527123                                0.5145247774316599                                 
son     : 0.05013111275551586                                -0.2770331003719082                                0.6054922186917636                                 0.36995519290164725                                -0.2894288816450476                                0.577479682457097                                  
8   :
parent#1: 0.4678898566033697                                 0.03243996247910639                                0.44448913827680187                                0.19496211073101583                                -0.6527984582059131                                0.3439477943224356                                 
parent#2: -0.37220527354127375                               -0.3761116468098133                                -0.13179808138913535                               0.3946195767254984                                 -0.48639795864464486                               -0.5570681688227478                                
son     : 0.06912938819502934                                -0.2482930114490757                                0.22591038979261044                                0.4259559904066437                                 -0.8230369910243684                                -0.15397340542876162                               
9   :
parent#1: 0.6260820785247944                                 -0.18304392326731728                               1.8977566461721683E-4                              0.13739941774423964                                -0.49955500524395724                               -0.5532470640043493                                
parent#2: 0.4678898566033697                                 0.03243996247910639                                0.44448913827680187                                0.19496211073101583                                -0.6527984582059131                                0.3439477943224356                                 
son     : 0.6424706385564772                                 -0.08844707962768787                               0.2611521709275604                                 0.19519012926605636                                -0.6767570919620258                                -0.12291781089081576                               
10  :
parent#1: 0.6260820785247944                                 -0.18304392326731728                               1.8977566461721683E-4                              0.13739941774423964                                -0.49955500524395724                               -0.5532470640043493                                
parent#2: 0.6260820785247944                                 -0.18304392326731728                               1.8977566461721683E-4                              0.13739941774423964                                -0.49955500524395724                               -0.5532470640043493                                
son     : 0.6260820785247944                                 -0.18304392326731728                               1.8977566461721683E-4                              0.13739941774423964                                -0.49955500524395724                               -0.5532470640043493                                
11  :
parent#1: 0.6260820785247944                                 -0.18304392326731728                               1.8977566461721683E-4                              0.13739941774423964                                -0.49955500524395724                               -0.5532470640043493                                
parent#2: 0.4437702207899403                                 0.18975135360562714                                -0.2508917220056361                                0.16475981875637555                                0.5755914489863772                                 -0.5879323470868527                                
son     : 0.6626215978665639                                 0.004154300748987827                               -0.15527426017511725                               0.18714474533393294                                0.04709378096487255                                -0.7067986163267784                                
12  :
parent#1: 0.6260820785247944                                 -0.18304392326731728                               1.8977566461721683E-4                              0.13739941774423964                                -0.49955500524395724                               -0.5532470640043493                                
parent#2: 0.23616354729068859                                0.40190498845266953                                0.49052421943408103                                0.4287665271597682                                 -0.004744255726600081                              0.598516421296422                                  
son     : 0.6797392329584631                                 0.17253604787251117                                0.3868474882837528                                 0.44632897354774065                                -0.39755724189316155                               0.03568746222763797                                
13  :
parent#1: 0.6260820785247944                                 -0.18304392326731728                               1.8977566461721683E-4                              0.13739941774423964                                -0.49955500524395724                               -0.5532470640043493                                
parent#2: 0.47612379543073824                                -0.5247017354946689                                0.34341953304136674                                0.5252597881744829                                 -0.059020275934295194                              -0.3172948257925076                                
son     : 0.6028479610936645                                 -0.387099213894018                                 0.1879360072931012                                 0.3624393233855742                                 -0.3055109551967558                                -0.47614008935306534                               
14  :
parent#1: 0.6260820785247944                                 -0.18304392326731728                               1.8977566461721683E-4                              0.13739941774423964                                -0.49955500524395724                               -0.5532470640043493                                
parent#2: 0.513609862146599                                  -0.03969687532329356                               0.26515001486809464                                -0.16278093320038586                               -0.618123056432208                                 0.5057180954880737                                 
son     : 0.6973464482886174                                 -0.13628902622109373                               0.16235418880704622                                -0.01553025780378802                               -0.6838767554860744                                -0.02908168093750061                               
15  :
parent#1: 0.6260820785247944                                 -0.18304392326731728                               1.8977566461721683E-4                              0.13739941774423964                                -0.49955500524395724                               -0.5532470640043493                                
parent#2: 0.03370499264069502                                0.4199378220315276                                 0.7547488078173188                                 -0.07907538225074534                               0.007827421866694663                               -0.4965443097908417                                
son     : 0.425127101144337                                  0.15264017872085345                                0.48643701212688256                                0.03758050016437724                                -0.3168396763286262                                -0.67642241421845                                  
16  :
parent#1: 0.6260820785247944                                 -0.18304392326731728                               1.8977566461721683E-4                              0.13739941774423964                                -0.49955500524395724                               -0.5532470640043493                                
parent#2: 0.36926324609991484                                0.324899404720046                                  -0.5749329227476623                                0.4823941444187145                                 -0.11740575138700562                               0.4254984667480403                                 
son     : 0.6832403919992354                                 0.09737464210378087                                -0.3945241147939838                                0.4254483201902676                                 -0.42350378183332593                               -0.08769117562255359                               
17  :
parent#1: 0.6260820785247944                                 -0.18304392326731728                               1.8977566461721683E-4                              0.13739941774423964                                -0.49955500524395724                               -0.5532470640043493                                
parent#2: -0.39336570172919444                               -0.44427318425648277                               0.45562644664861096                                0.3550076899946659                                 0.22253785525527123                                0.5145247774316599                                 
son     : 0.23554159203960387                                -0.6349328408013826                                0.461349906523492                                  0.4983850113406866                                 -0.2803801839348786                                -0.03919238152610102                               
18  :
parent#1: 0.6260820785247944                                 -0.18304392326731728                               1.8977566461721683E-4                              0.13739941774423964                                -0.49955500524395724                               -0.5532470640043493                                
parent#2: -0.37220527354127375                               -0.3761116468098133                                -0.13179808138913535                               0.3946195767254984                                 -0.48639795864464486                               -0.5570681688227478                                
son     : 0.14953665777069156                                -0.32934972191976064                               -0.07751896111259664                               0.3133659347441872                                 -0.5807387994684238                                -0.6539897530206775                                
19  :
parent#1: 0.4437702207899403                                 0.18975135360562714                                -0.2508917220056361                                0.16475981875637555                                0.5755914489863772                                 -0.5879323470868527                                
parent#2: 0.6260820785247944                                 -0.18304392326731728                               1.8977566461721683E-4                              0.13739941774423964                                -0.49955500524395724                               -0.5532470640043493                                
son     : 0.6626215978665639                                 0.004154300748987827                               -0.15527426017511725                               0.18714474533393294                                0.04709378096487255                                -0.7067986163267784                                
20  :
parent#1: 0.4437702207899403                                 0.18975135360562714                                -0.2508917220056361                                0.16475981875637555                                0.5755914489863772                                 -0.5879323470868527                                
parent#2: 0.4437702207899403                                 0.18975135360562714                                -0.2508917220056361                                0.16475981875637555                                0.5755914489863772                                 -0.5879323470868527                                
son     : 0.4437702207899403                                 0.18975135360562714                                -0.2508917220056361                                0.16475981875637555                                0.5755914489863772                                 -0.5879323470868527                                
21  :
parent#1: 0.4437702207899403                                 0.18975135360562714                                -0.2508917220056361                                0.16475981875637555                                0.5755914489863772                                 -0.5879323470868527                                
parent#2: 0.23616354729068859                                0.40190498845266953                                0.49052421943408103                                0.4287665271597682                                 -0.004744255726600081                              0.598516421296422                                  
son     : 0.5464810501934204                                 0.4755301094610057                                 0.19259908097348633                                0.47703308183872245                                0.458805237094176                                  0.00850670500701569                                
22  :
parent#1: 0.4437702207899403                                 0.18975135360562714                                -0.2508917220056361                                0.16475981875637555                                0.5755914489863772                                 -0.5879323470868527                                
parent#2: 0.47612379543073824                                -0.5247017354946689                                0.34341953304136674                                0.5252597881744829                                 -0.059020275934295194                              -0.3172948257925076                                
son     : 0.578404749560941                                  -0.21060783996381183                               0.05817901239255915                                0.43386587030830004                                0.32480613495795724                                -0.5691826308167208                                
23  :
parent#1: 0.4437702207899403                                 0.18975135360562714                                -0.2508917220056361                                0.16475981875637555                                0.5755914489863772                                 -0.5879323470868527                                
parent#2: 0.513609862146599                                  -0.03969687532329356                               0.26515001486809464                                -0.16278093320038586                               -0.618123056432208                                 0.5057180954880737                                 
son     : 0.9833551293363872                                 0.15412566391211335                                0.014645140077358816                               0.002032575459355084                               -0.04368554880784141                               -0.08444483800648543                               
24  :
parent#1: 0.4437702207899403                                 0.18975135360562714                                -0.2508917220056361                                0.16475981875637555                                0.5755914489863772                                 -0.5879323470868527                                
parent#2: 0.03370499264069502                                0.4199378220315276                                 0.7547488078173188                                 -0.07907538225074534                               0.007827421866694663                               -0.4965443097908417                                
son     : 0.30967141764914924                                0.39542013079245847                                0.3267816499516365                                 0.05557151486989538                                0.3783822567924419                                 -0.7033483923276221                                
25  :
parent#1: 0.4437702207899403                                 0.18975135360562714                                -0.2508917220056361                                0.16475981875637555                                0.5755914489863772                                 -0.5879323470868527                                
parent#2: 0.36926324609991484                                0.324899404720046                                  -0.5749329227476623                                0.4823941444187145                                 -0.11740575138700562                               0.4254984667480403                                 
son     : 0.5404629452502552                                 0.3421134257658457                                 -0.5489658641863499                                0.4301947597630296                                 0.30457834969989844                                -0.10797771180584778                               
26  :
parent#1: 0.4437702207899403                                 0.18975135360562714                                -0.2508917220056361                                0.16475981875637555                                0.5755914489863772                                 -0.5879323470868527                                
parent#2: -0.39336570172919444                               -0.44427318425648277                               0.45562644664861096                                0.3550076899946659                                 0.22253785525527123                                0.5145247774316599                                 
son     : 0.04986403972267284                                -0.25179263507238947                               0.20253938798432658                                0.5141941275479979                                 0.789571095452208                                  -0.07262043240249982                               
27  :
parent#1: 0.4437702207899403                                 0.18975135360562714                                -0.2508917220056361                                0.16475981875637555                                0.5755914489863772                                 -0.5879323470868527                                
parent#2: -0.37220527354127375                               -0.3761116468098133                                -0.13179808138913535                               0.3946195767254984                                 -0.48639795864464486                               -0.5570681688227478                                
son     : 0.05307386368156654                                -0.1382081756143549                                -0.28380970347292545                               0.41484591162938733                                0.06614751117235579                                -0.8491531627285845                                
28  :
parent#1: 0.23616354729068859                                0.40190498845266953                                0.49052421943408103                                0.4287665271597682                                 -0.004744255726600081                              0.598516421296422                                  
parent#2: 0.4678898566033697                                 0.03243996247910639                                0.44448913827680187                                0.19496211073101583                                -0.6527984582059131                                0.3439477943224356                                 
son     : 0.3894475189413332                                 0.2402581431600161                                 0.5172031415848422                                 0.3450158314351033                                 -0.36372010577979                                  0.5213245876430475                                 
29  :
parent#1: 0.23616354729068859                                0.40190498845266953                                0.49052421943408103                                0.4287665271597682                                 -0.004744255726600081                              0.598516421296422                                  
parent#2: 0.6260820785247944                                 -0.18304392326731728                               1.8977566461721683E-4                              0.13739941774423964                                -0.49955500524395724                               -0.5532470640043493                                
son     : 0.6797392329584631                                 0.17253604787251117                                0.3868474882837528                                 0.44632897354774065                                -0.39755724189316155                               0.03568746222763797                                
30  :
parent#1: 0.23616354729068859                                0.40190498845266953                                0.49052421943408103                                0.4287665271597682                                 -0.004744255726600081                              0.598516421296422                                  
parent#2: 0.4437702207899403                                 0.18975135360562714                                -0.2508917220056361                                0.16475981875637555                                0.5755914489863772                                 -0.5879323470868527                                
son     : 0.5464810501934204                                 0.4755301094610057                                 0.19259908097348633                                0.47703308183872245                                0.458805237094176                                  0.00850670500701569                                
31  :
parent#1: 0.23616354729068859                                0.40190498845266953                                0.49052421943408103                                0.4287665271597682                                 -0.004744255726600081                              0.598516421296422                                  
parent#2: 0.23616354729068859                                0.40190498845266953                                0.49052421943408103                                0.4287665271597682                                 -0.004744255726600081                              0.598516421296422                                  
son     : 0.2361635472906886                                 0.4019049884526696                                 0.4905242194340811                                 0.42876652715976826                                -0.0047442557266000815                             0.5985164212964221                                 
32  :
parent#1: 0.23616354729068859                                0.40190498845266953                                0.49052421943408103                                0.4287665271597682                                 -0.004744255726600081                              0.598516421296422                                  
parent#2: 0.47612379543073824                                -0.5247017354946689                                0.34341953304136674                                0.5252597881744829                                 -0.059020275934295194                              -0.3172948257925076                                
son     : 0.47900496692104827                                -0.08257938647362663                               0.5608174898100716                                 0.6415716189375237                                 -0.04288090711013623                               0.18911825743970886                                
33  :
parent#1: 0.23616354729068859                                0.40190498845266953                                0.49052421943408103                                0.4287665271597682                                 -0.004744255726600081                              0.598516421296422                                  
parent#2: 0.513609862146599                                  -0.03969687532329356                               0.26515001486809464                                -0.16278093320038586                               -0.618123056432208                                 0.5057180954880737                                 
son     : 0.4370950690826501                                 0.2111563016743968                                 0.4405350703143537                                 0.15506150271976302                                -0.3631126783246512                                0.6437351022619002                                 
34  :
parent#1: 0.23616354729068859                                0.40190498845266953                                0.49052421943408103                                0.4287665271597682                                 -0.004744255726600081                              0.598516421296422                                  
parent#2: 0.03370499264069502                                0.4199378220315276                                 0.7547488078173188                                 -0.07907538225074534                               0.007827421866694663                               -0.4965443097908417                                
son     : 0.17306195857488116                                0.5270333713564507                                 0.7985717383411707                                 0.22425079429278924                                0.001977180337330879                               0.06539292553944574                                
35  :
parent#1: 0.23616354729068859                                0.40190498845266953                                0.49052421943408103                                0.4287665271597682                                 -0.004744255726600081                              0.598516421296422                                  
parent#2: 0.36926324609991484                                0.324899404720046                                  -0.5749329227476623                                0.4823941444187145                                 -0.11740575138700562                               0.4254984667480403                                 
son     : 0.3620929644694607                                 0.43468634058873906                                -0.05048306078208033                               0.5449459328222689                                 -0.073055336613085                                 0.612441653591734                                  
36  :
parent#1: 0.23616354729068859                                0.40190498845266953                                0.49052421943408103                                0.4287665271597682                                 -0.004744255726600081                              0.598516421296422                                  
parent#2: -0.39336570172919444                               -0.44427318425648277                               0.45562644664861096                                0.3550076899946659                                 0.22253785525527123                                0.5145247774316599                                 
son     : -0.09357427835357465                               -0.025219586599467568                              0.5631943538475807                                 0.466540086707613                                  0.1296412188415332                                 0.6625356205885843                                 
37  :
parent#1: 0.23616354729068859                                0.40190498845266953                                0.49052421943408103                                0.4287665271597682                                 -0.004744255726600081                              0.598516421296422                                  
parent#2: -0.37220527354127375                               -0.3761116468098133                                -0.13179808138913535                               0.3946195767254984                                 -0.48639795864464486                               -0.5570681688227478                                
son     : -0.1315927483996418                                0.02494982099052705                                0.3469947032366525                                 0.7964588761888719                                 -0.47508037148212956                               0.04009276866515492                                
38  :
parent#1: 0.47612379543073824                                -0.5247017354946689                                0.34341953304136674                                0.5252597881744829                                 -0.059020275934295194                              -0.3172948257925076                                
parent#2: 0.4678898566033697                                 0.03243996247910639                                0.44448913827680187                                0.19496211073101583                                -0.6527984582059131                                0.3439477943224356                                 
son     : 0.5661410990714104                                 -0.2952177869518803                                0.47252227781536993                                0.4319293651559661                                 -0.4268898438252642                                0.01598424012675609                                
39  :
parent#1: 0.47612379543073824                                -0.5247017354946689                                0.34341953304136674                                0.5252597881744829                                 -0.059020275934295194                              -0.3172948257925076                                
parent#2: 0.6260820785247944                                 -0.18304392326731728                               1.8977566461721683E-4                              0.13739941774423964                                -0.49955500524395724                               -0.5532470640043493                                
son     : 0.6028479610936645                                 -0.387099213894018                                 0.1879360072931012                                 0.3624393233855742                                 -0.3055109551967558                                -0.47614008935306534                               
40  :
parent#1: 0.47612379543073824                                -0.5247017354946689                                0.34341953304136674                                0.5252597881744829                                 -0.059020275934295194                              -0.3172948257925076                                
parent#2: 0.4437702207899403                                 0.18975135360562714                                -0.2508917220056361                                0.16475981875637555                                0.5755914489863772                                 -0.5879323470868527                                
son     : 0.578404749560941                                  -0.21060783996381183                               0.05817901239255915                                0.43386587030830004                                0.32480613495795724                                -0.5691826308167208                                
41  :
parent#1: 0.47612379543073824                                -0.5247017354946689                                0.34341953304136674                                0.5252597881744829                                 -0.059020275934295194                              -0.3172948257925076                                
parent#2: 0.47612379543073824                                -0.5247017354946689                                0.34341953304136674                                0.5252597881744829                                 -0.059020275934295194                              -0.3172948257925076                                
son     : 0.47612379543073824                                -0.5247017354946689                                0.34341953304136674                                0.5252597881744829                                 -0.059020275934295194                              -0.3172948257925076                                
42  :
parent#1: 0.47612379543073824                                -0.5247017354946689                                0.34341953304136674                                0.5252597881744829                                 -0.059020275934295194                              -0.3172948257925076                                
parent#2: 0.513609862146599                                  -0.03969687532329356                               0.26515001486809464                                -0.16278093320038586                               -0.618123056432208                                 0.5057180954880737                                 
son     : 0.6534792258860567                                 -0.3726485044383451                                0.40181270387344303                                0.23932943952654054                                -0.4470890701362155                                0.12440790658870446                                
43  :
parent#1: 0.47612379543073824                                -0.5247017354946689                                0.34341953304136674                                0.5252597881744829                                 -0.059020275934295194                              -0.3172948257925076                                
parent#2: 0.03370499264069502                                0.4199378220315276                                 0.7547488078173188                                 -0.07907538225074534                               0.007827421866694663                               -0.4965443097908417                                
son     : 0.333220722178623                                  -0.06847300058221795                               0.7177555606439388                                 0.2916231751627099                                 -0.03345931065862173                               -0.5319198735758977                                
44  :
parent#1: 0.47612379543073824                                -0.5247017354946689                                0.34341953304136674                                0.5252597881744829                                 -0.059020275934295194                              -0.3172948257925076                                
parent#2: 0.36926324609991484                                0.324899404720046                                  -0.5749329227476623                                0.4823941444187145                                 -0.11740575138700562                               0.4254984667480403                                 
son     : 0.6188042762192059                                 -0.14625080656315909                               -0.169462587565656                                 0.7375799862141144                                 -0.12913987887148                                  0.07920262842512879                                
45  :
parent#1: 0.47612379543073824                                -0.5247017354946689                                0.34341953304136674                                0.5252597881744829                                 -0.059020275934295194                              -0.3172948257925076                                
parent#2: -0.39336570172919444                               -0.44427318425648277                               0.45562644664861096                                0.3550076899946659                                 0.22253785525527123                                0.5145247774316599                                 
son     : 0.05314684745562259                                -0.6222710063146119                                0.5131434629918205                                 0.565303516428492                                  0.10501019846862986                                0.12666012089703693                                
46  :
parent#1: 0.513609862146599                                  -0.03969687532329356                               0.26515001486809464                                -0.16278093320038586                               -0.618123056432208                                 0.5057180954880737                                 
parent#2: 0.4678898566033697                                 0.03243996247910639                                0.44448913827680187                                0.19496211073101583                                -0.6527984582059131                                0.3439477943224356                                 
son     : 0.5031551587692857                                 -0.003720177463669783                              0.3637887958075722                                 0.01649733074852927                                -0.6515240954887592                                0.4355719798197516                                 
47  :
parent#1: 0.513609862146599                                  -0.03969687532329356                               0.26515001486809464                                -0.16278093320038586                               -0.618123056432208                                 0.5057180954880737                                 
parent#2: 0.6260820785247944                                 -0.18304392326731728                               1.8977566461721683E-4                              0.13739941774423964                                -0.49955500524395724                               -0.5532470640043493                                
son     : 0.6973464482886174                                 -0.13628902622109373                               0.16235418880704622                                -0.01553025780378802                               -0.6838767554860744                                -0.02908168093750061                               
48  :
parent#1: 0.513609862146599                                  -0.03969687532329356                               0.26515001486809464                                -0.16278093320038586                               -0.618123056432208                                 0.5057180954880737                                 
parent#2: 0.4437702207899403                                 0.18975135360562714                                -0.2508917220056361                                0.16475981875637555                                0.5755914489863772                                 -0.5879323470868527                                
son     : 0.9833551293363872                                 0.15412566391211335                                0.014645140077358816                               0.002032575459355084                               -0.04368554880784141                               -0.08444483800648543                               
49  :
parent#1: 0.513609862146599                                  -0.03969687532329356                               0.26515001486809464                                -0.16278093320038586                               -0.618123056432208                                 0.5057180954880737                                 
parent#2: 0.23616354729068859                                0.40190498845266953                                0.49052421943408103                                0.4287665271597682                                 -0.004744255726600081                              0.598516421296422                                  
son     : 0.4370950690826501                                 0.2111563016743968                                 0.4405350703143537                                 0.15506150271976302                                -0.3631126783246512                                0.6437351022619002                                 
50  :
parent#1: 0.513609862146599                                  -0.03969687532329356                               0.26515001486809464                                -0.16278093320038586                               -0.618123056432208                                 0.5057180954880737                                 
parent#2: 0.47612379543073824                                -0.5247017354946689                                0.34341953304136674                                0.5252597881744829                                 -0.059020275934295194                              -0.3172948257925076                                
son     : 0.6534792258860567                                 -0.3726485044383451                                0.40181270387344303                                0.23932943952654054                                -0.4470890701362155                                0.12440790658870446                                
51  :
parent#1: 0.513609862146599                                  -0.03969687532329356                               0.26515001486809464                                -0.16278093320038586                               -0.618123056432208                                 0.5057180954880737                                 
parent#2: 0.513609862146599                                  -0.03969687532329356                               0.26515001486809464                                -0.16278093320038586                               -0.618123056432208                                 0.5057180954880737                                 
son     : 0.5136098621465991                                 -0.039696875323293565                              0.2651500148680947                                 -0.1627809332003859                                -0.6181230564322081                                0.5057180954880738                                 
52  :
parent#1: 0.513609862146599                                  -0.03969687532329356                               0.26515001486809464                                -0.16278093320038586                               -0.618123056432208                                 0.5057180954880737                                 
parent#2: 0.03370499264069502                                0.4199378220315276                                 0.7547488078173188                                 -0.07907538225074534                               0.007827421866694663                               -0.4965443097908417                                
son     : 0.3954676155474265                                 0.2747467553875212                                 0.736937709581771                                  -0.1747556082937245                                -0.4409749840874045                                0.006628607141747254                               
53  :
parent#1: 0.513609862146599                                  -0.03969687532329356                               0.26515001486809464                                -0.16278093320038586                               -0.618123056432208                                 0.5057180954880737                                 
parent#2: 0.36926324609991484                                0.324899404720046                                  -0.5749329227476623                                0.4823941444187145                                 -0.11740575138700562                               0.4254984667480403                                 
son     : 0.5620898708395448                                 0.181577002872049                                  -0.19722634323312718                               0.20348490279552228                                -0.4682816689331399                                0.5928682075621585                                 
54  :
parent#1: 0.513609862146599                                  -0.03969687532329356                               0.26515001486809464                                -0.16278093320038586                               -0.618123056432208                                 0.5057180954880737                                 
parent#2: -0.39336570172919444                               -0.44427318425648277                               0.45562644664861096                                0.3550076899946659                                 0.22253785525527123                                0.5145247774316599                                 
son     : 0.0849715494105718                                 -0.3420015216378688                                0.5093427614375773                                 0.13583865782986437                                -0.27954361651504983                               0.7209632250426926                                 
55  :
parent#1: 0.513609862146599                                  -0.03969687532329356                               0.26515001486809464                                -0.16278093320038586                               -0.618123056432208                                 0.5057180954880737                                 
parent#2: -0.37220527354127375                               -0.3761116468098133                                -0.13179808138913535                               0.3946195767254984                                 -0.48639795864464486                               -0.5570681688227478                                
son     : 0.1159588820615887                                 -0.34098392317956655                               0.10935529942476789                                0.1901193602485033                                 -0.9057628425292813                                -0.042109645495939464                              
56  :
parent#1: 0.03370499264069502                                0.4199378220315276                                 0.7547488078173188                                 -0.07907538225074534                               0.007827421866694663                               -0.4965443097908417                                
parent#2: 0.4678898566033697                                 0.03243996247910639                                0.44448913827680187                                0.19496211073101583                                -0.6527984582059131                                0.3439477943224356                                 
son     : 0.3274052410410518                                 0.2952798614310605                                 0.7827767557785931                                 0.07564256755970035                                -0.4209909610024518                                -0.09960409083995246                               
57  :
parent#1: 0.03370499264069502                                0.4199378220315276                                 0.7547488078173188                                 -0.07907538225074534                               0.007827421866694663                               -0.4965443097908417                                
parent#2: 0.6260820785247944                                 -0.18304392326731728                               1.8977566461721683E-4                              0.13739941774423964                                -0.49955500524395724                               -0.5532470640043493                                
son     : 0.425127101144337                                  0.15264017872085345                                0.48643701212688256                                0.03758050016437724                                -0.3168396763286262                                -0.67642241421845                                  
58  :
parent#1: 0.03370499264069502                                0.4199378220315276                                 0.7547488078173188                                 -0.07907538225074534                               0.007827421866694663                               -0.4965443097908417                                
parent#2: 0.4437702207899403                                 0.18975135360562714                                -0.2508917220056361                                0.16475981875637555                                0.5755914489863772                                 -0.5879323470868527                                
son     : 0.30967141764914924                                0.39542013079245847                                0.3267816499516365                                 0.05557151486989538                                0.3783822567924419                                 -0.7033483923276221                                
59  :
parent#1: 0.03370499264069502                                0.4199378220315276                                 0.7547488078173188                                 -0.07907538225074534                               0.007827421866694663                               -0.4965443097908417                                
parent#2: 0.23616354729068859                                0.40190498845266953                                0.49052421943408103                                0.4287665271597682                                 -0.004744255726600081                              0.598516421296422                                  
son     : 0.17306195857488116                                0.5270333713564507                                 0.7985717383411707                                 0.22425079429278924                                0.001977180337330879                               0.06539292553944574                                
60  :
parent#1: 0.03370499264069502                                0.4199378220315276                                 0.7547488078173188                                 -0.07907538225074534                               0.007827421866694663                               -0.4965443097908417                                
parent#2: 0.47612379543073824                                -0.5247017354946689                                0.34341953304136674                                0.5252597881744829                                 -0.059020275934295194                              -0.3172948257925076                                
son     : 0.333220722178623                                  -0.06847300058221795                               0.7177555606439388                                 0.2916231751627099                                 -0.03345931065862173                               -0.5319198735758977                                
61  :
parent#1: 0.03370499264069502                                0.4199378220315276                                 0.7547488078173188                                 -0.07907538225074534                               0.007827421866694663                               -0.4965443097908417                                
parent#2: 0.513609862146599                                  -0.03969687532329356                               0.26515001486809464                                -0.16278093320038586                               -0.618123056432208                                 0.5057180954880737                                 
son     : 0.3954676155474265                                 0.2747467553875212                                 0.736937709581771                                  -0.1747556082937245                                -0.4409749840874045                                0.006628607141747254                               
62  :
parent#1: 0.03370499264069502                                0.4199378220315276                                 0.7547488078173188                                 -0.07907538225074534                               0.007827421866694663                               -0.4965443097908417                                
parent#2: 0.03370499264069502                                0.4199378220315276                                 0.7547488078173188                                 -0.07907538225074534                               0.007827421866694663                               -0.4965443097908417                                
son     : 0.033704992640695014                               0.41993782203152746                                0.7547488078173186                                 -0.07907538225074533                               0.007827421866694662                               -0.4965443097908416                                
63  :
parent#1: 0.03370499264069502                                0.4199378220315276                                 0.7547488078173188                                 -0.07907538225074534                               0.007827421866694663                               -0.4965443097908417                                
parent#2: 0.36926324609991484                                0.324899404720046                                  -0.5749329227476623                                0.4823941444187145                                 -0.11740575138700562                               0.4254984667480403                                 
son     : 0.4180338057223868                                 0.7726840743473465                                 0.18653856939180283                                0.41839743398944773                                -0.11367507835664327                               -0.07370199755880806                               
64  :
parent#1: 0.03370499264069502                                0.4199378220315276                                 0.7547488078173188                                 -0.07907538225074534                               0.007827421866694663                               -0.4965443097908417                                
parent#2: -0.37220527354127375                               -0.3761116468098133                                -0.13179808138913535                               0.3946195767254984                                 -0.48639795864464486                               -0.5570681688227478                                
son     : -0.24282460516184373                               0.03143889176591923                                0.4468763327987796                                 0.22635695967693642                                -0.34330459438918204                               -0.7558133583590151                                
65  :
parent#1: 0.36926324609991484                                0.324899404720046                                  -0.5749329227476623                                0.4823941444187145                                 -0.11740575138700562                               0.4254984667480403                                 
parent#2: 0.4678898566033697                                 0.03243996247910639                                0.44448913827680187                                0.19496211073101583                                -0.6527984582059131                                0.3439477943224356                                 
son     : 0.5305662123654442                                 0.2264725460273625                                 -0.08267193232615754                               0.4292910598507464                                 -0.48813571724463045                               0.48765534886825834                                
66  :
parent#1: 0.36926324609991484                                0.324899404720046                                  -0.5749329227476623                                0.4823941444187145                                 -0.11740575138700562                               0.4254984667480403                                 
parent#2: 0.6260820785247944                                 -0.18304392326731728                               1.8977566461721683E-4                              0.13739941774423964                                -0.49955500524395724                               -0.5532470640043493                                
son     : 0.6832403919992354                                 0.09737464210378087                                -0.3945241147939838                                0.4254483201902676                                 -0.42350378183332593                               -0.08769117562255359                               
67  :
parent#1: 0.36926324609991484                                0.324899404720046                                  -0.5749329227476623                                0.4823941444187145                                 -0.11740575138700562                               0.4254984667480403                                 
parent#2: 0.4437702207899403                                 0.18975135360562714                                -0.2508917220056361                                0.16475981875637555                                0.5755914489863772                                 -0.5879323470868527                                
son     : 0.5404629452502552                                 0.3421134257658457                                 -0.5489658641863499                                0.4301947597630296                                 0.30457834969989844                                -0.10797771180584778                               
68  :
parent#1: 0.36926324609991484                                0.324899404720046                                  -0.5749329227476623                                0.4823941444187145                                 -0.11740575138700562                               0.4254984667480403                                 
parent#2: 0.23616354729068859                                0.40190498845266953                                0.49052421943408103                                0.4287665271597682                                 -0.004744255726600081                              0.598516421296422                                  
son     : 0.3620929644694607                                 0.43468634058873906                                -0.05048306078208033                               0.5449459328222689                                 -0.073055336613085                                 0.612441653591734                                  
69  :
parent#1: 0.36926324609991484                                0.324899404720046                                  -0.5749329227476623                                0.4823941444187145                                 -0.11740575138700562                               0.4254984667480403                                 
parent#2: 0.47612379543073824                                -0.5247017354946689                                0.34341953304136674                                0.5252597881744829                                 -0.059020275934295194                              -0.3172948257925076                                
son     : 0.6188042762192059                                 -0.14625080656315909                               -0.169462587565656                                 0.7375799862141144                                 -0.12913987887148                                  0.07920262842512879                                
70  :
parent#1: 0.36926324609991484                                0.324899404720046                                  -0.5749329227476623                                0.4823941444187145                                 -0.11740575138700562                               0.4254984667480403                                 
parent#2: 0.513609862146599                                  -0.03969687532329356                               0.26515001486809464                                -0.16278093320038586                               -0.618123056432208                                 0.5057180954880737                                 
son     : 0.5620898708395448                                 0.181577002872049                                  -0.19722634323312718                               0.20348490279552228                                -0.4682816689331399                                0.5928682075621585                                 
71  :
parent#1: 0.36926324609991484                                0.324899404720046                                  -0.5749329227476623                                0.4823941444187145                                 -0.11740575138700562                               0.4254984667480403                                 
parent#2: 0.03370499264069502                                0.4199378220315276                                 0.7547488078173188                                 -0.07907538225074534                               0.007827421866694663                               -0.4965443097908417                                
son     : 0.4180338057223868                                 0.7726840743473465                                 0.18653856939180283                                0.41839743398944773                                -0.11367507835664327                               -0.07370199755880806                               
72  :
parent#1: 0.36926324609991484                                0.324899404720046                                  -0.5749329227476623                                0.4823941444187145                                 -0.11740575138700562                               0.4254984667480403                                 
parent#2: 0.36926324609991484                                0.324899404720046                                  -0.5749329227476623                                0.4823941444187145                                 -0.11740575138700562                               0.4254984667480403                                 
son     : 0.36926324609991484                                0.324899404720046                                  -0.5749329227476623                                0.4823941444187145                                 -0.11740575138700562                               0.4254984667480403                                 
73  :
parent#1: 0.36926324609991484                                0.324899404720046                                  -0.5749329227476623                                0.4823941444187145                                 -0.11740575138700562                               0.4254984667480403                                 
parent#2: -0.39336570172919444                               -0.44427318425648277                               0.45562644664861096                                0.3550076899946659                                 0.22253785525527123                                0.5145247774316599                                 
son     : -0.018907502268952252                              -0.09364440047746478                               -0.09359160337186499                               0.6569113673613269                                 0.08247232244726962                                0.7374141413460109                                 
74  :
parent#1: 0.36926324609991484                                0.324899404720046                                  -0.5749329227476623                                0.4823941444187145                                 -0.11740575138700562                               0.4254984667480403                                 
parent#2: -0.37220527354127375                               -0.3761116468098133                                -0.13179808138913535                               0.3946195767254984                                 -0.48639795864464486                               -0.5570681688227478                                
son     : -0.002288187221283419                              -0.03983076305670079                               -0.5496661349302961                                0.6821049869900228                                 -0.4696135440598678                                -0.10232947074632176                               
75  :
parent#1: -0.39336570172919444                               -0.44427318425648277                               0.45562644664861096                                0.3550076899946659                                 0.22253785525527123                                0.5145247774316599                                 
parent#2: 0.4678898566033697                                 0.03243996247910639                                0.44448913827680187                                0.19496211073101583                                -0.6527984582059131                                0.3439477943224356                                 
son     : 0.05013111275551586                                -0.2770331003719082                                0.6054922186917636                                 0.36995519290164725                                -0.2894288816450476                                0.577479682457097                                  
76  :
parent#1: -0.39336570172919444                               -0.44427318425648277                               0.45562644664861096                                0.3550076899946659                                 0.22253785525527123                                0.5145247774316599                                 
parent#2: 0.6260820785247944                                 -0.18304392326731728                               1.8977566461721683E-4                              0.13739941774423964                                -0.49955500524395724                               -0.5532470640043493                                
son     : 0.23554159203960387                                -0.6349328408013826                                0.461349906523492                                  0.4983850113406866                                 -0.2803801839348786                                -0.03919238152610102                               
77  :
parent#1: -0.39336570172919444                               -0.44427318425648277                               0.45562644664861096                                0.3550076899946659                                 0.22253785525527123                                0.5145247774316599                                 
parent#2: 0.4437702207899403                                 0.18975135360562714                                -0.2508917220056361                                0.16475981875637555                                0.5755914489863772                                 -0.5879323470868527                                
son     : 0.04986403972267284                                -0.25179263507238947                               0.20253938798432658                                0.5141941275479979                                 0.789571095452208                                  -0.07262043240249982                               
78  :
parent#1: -0.39336570172919444                               -0.44427318425648277                               0.45562644664861096                                0.3550076899946659                                 0.22253785525527123                                0.5145247774316599                                 
parent#2: 0.23616354729068859                                0.40190498845266953                                0.49052421943408103                                0.4287665271597682                                 -0.004744255726600081                              0.598516421296422                                  
son     : -0.09357427835357465                               -0.025219586599467568                              0.5631943538475807                                 0.466540086707613                                  0.1296412188415332                                 0.6625356205885843                                 
79  :
parent#1: -0.39336570172919444                               -0.44427318425648277                               0.45562644664861096                                0.3550076899946659                                 0.22253785525527123                                0.5145247774316599                                 
parent#2: 0.47612379543073824                                -0.5247017354946689                                0.34341953304136674                                0.5252597881744829                                 -0.059020275934295194                              -0.3172948257925076                                
son     : 0.05314684745562259                                -0.6222710063146119                                0.5131434629918205                                 0.565303516428492                                  0.10501019846862986                                0.12666012089703693                                
80  :
parent#1: -0.39336570172919444                               -0.44427318425648277                               0.45562644664861096                                0.3550076899946659                                 0.22253785525527123                                0.5145247774316599                                 
parent#2: 0.513609862146599                                  -0.03969687532329356                               0.26515001486809464                                -0.16278093320038586                               -0.618123056432208                                 0.5057180954880737                                 
son     : 0.0849715494105718                                 -0.3420015216378688                                0.5093427614375773                                 0.13583865782986437                                -0.27954361651504983                               0.7209632250426926                                 
81  :
parent#1: -0.39336570172919444                               -0.44427318425648277                               0.45562644664861096                                0.3550076899946659                                 0.22253785525527123                                0.5145247774316599                                 
parent#2: 0.03370499264069502                                0.4199378220315276                                 0.7547488078173188                                 -0.07907538225074534                               0.007827421866694663                               -0.4965443097908417                                
son     : -0.27388176045043555                               -0.01853138716280999                               0.9217011953819028                                 0.21012255245112302                                0.17542324210146515                                0.013692132631528681                               
82  :
parent#1: -0.39336570172919444                               -0.44427318425648277                               0.45562644664861096                                0.3550076899946659                                 0.22253785525527123                                0.5145247774316599                                 
parent#2: 0.36926324609991484                                0.324899404720046                                  -0.5749329227476623                                0.4823941444187145                                 -0.11740575138700562                               0.4254984667480403                                 
son     : -0.018907502268952252                              -0.09364440047746478                               -0.09359160337186499                               0.6569113673613269                                 0.08247232244726962                                0.7374141413460109                                 
83  :
parent#1: -0.39336570172919444                               -0.44427318425648277                               0.45562644664861096                                0.3550076899946659                                 0.22253785525527123                                0.5145247774316599                                 
parent#2: -0.39336570172919444                               -0.44427318425648277                               0.45562644664861096                                0.3550076899946659                                 0.22253785525527123                                0.5145247774316599                                 
son     : -0.3933657017291945                                -0.4442731842564828                                0.455626446648611                                  0.355007689994666                                  0.22253785525527126                                0.51452477743166                                   
84  :
parent#1: -0.39336570172919444                               -0.44427318425648277                               0.45562644664861096                                0.3550076899946659                                 0.22253785525527123                                0.5145247774316599                                 
parent#2: -0.37220527354127375                               -0.3761116468098133                                -0.13179808138913535                               0.3946195767254984                                 -0.48639795864464486                               -0.5570681688227478                                
son     : -0.5416969640594334                                -0.5804817406929799                                0.2291320439302369                                 0.5304156344420236                                 -0.1867001513372884                                -0.030102533536100626                              
85  :
parent#1: -0.37220527354127375                               -0.3761116468098133                                -0.13179808138913535                               0.3946195767254984                                 -0.48639795864464486                               -0.5570681688227478                                
parent#2: 0.4678898566033697                                 0.03243996247910639                                0.44448913827680187                                0.19496211073101583                                -0.6527984582059131                                0.3439477943224356                                 
son     : 0.06912938819502934                                -0.2482930114490757                                0.22591038979261044                                0.4259559904066437                                 -0.8230369910243684                                -0.15397340542876162                               
86  :
parent#1: -0.37220527354127375                               -0.3761116468098133                                -0.13179808138913535                               0.3946195767254984                                 -0.48639795864464486                               -0.5570681688227478                                
parent#2: 0.6260820785247944                                 -0.18304392326731728                               1.8977566461721683E-4                              0.13739941774423964                                -0.49955500524395724                               -0.5532470640043493                                
son     : 0.14953665777069156                                -0.32934972191976064                               -0.07751896111259664                               0.3133659347441872                                 -0.5807387994684238                                -0.6539897530206775                                
87  :
parent#1: -0.37220527354127375                               -0.3761116468098133                                -0.13179808138913535                               0.3946195767254984                                 -0.48639795864464486                               -0.5570681688227478                                
parent#2: 0.4437702207899403                                 0.18975135360562714                                -0.2508917220056361                                0.16475981875637555                                0.5755914489863772                                 -0.5879323470868527                                
son     : 0.05307386368156654                                -0.1382081756143549                                -0.28380970347292545                               0.41484591162938733                                0.06614751117235579                                -0.8491531627285845                                
88  :
parent#1: -0.37220527354127375                               -0.3761116468098133                                -0.13179808138913535                               0.3946195767254984                                 -0.48639795864464486                               -0.5570681688227478                                
parent#2: 0.23616354729068859                                0.40190498845266953                                0.49052421943408103                                0.4287665271597682                                 -0.004744255726600081                              0.598516421296422                                  
son     : -0.1315927483996418                                0.02494982099052705                                0.3469947032366525                                 0.7964588761888719                                 -0.47508037148212956                               0.04009276866515492                                
89  :
parent#1: -0.37220527354127375                               -0.3761116468098133                                -0.13179808138913535                               0.3946195767254984                                 -0.48639795864464486                               -0.5570681688227478                                
parent#2: 0.47612379543073824                                -0.5247017354946689                                0.34341953304136674                                0.5252597881744829                                 -0.059020275934295194                              -0.3172948257925076                                
son     : 0.06237987099944678                                -0.5407373157453068                                0.1270314340000269                                 0.5521821815224586                                 -0.32740187692401757                               -0.5248597633904498                                
90  :
parent#1: -0.37220527354127375                               -0.3761116468098133                                -0.13179808138913535                               0.3946195767254984                                 -0.48639795864464486                               -0.5570681688227478                                
parent#2: 0.513609862146599                                  -0.03969687532329356                               0.26515001486809464                                -0.16278093320038586                               -0.618123056432208                                 0.5057180954880737                                 
son     : 0.1159588820615887                                 -0.34098392317956655                               0.10935529942476789                                0.1901193602485033                                 -0.9057628425292813                                -0.042109645495939464                              
91  :
parent#1: -0.37220527354127375                               -0.3761116468098133                                -0.13179808138913535                               0.3946195767254984                                 -0.48639795864464486                               -0.5570681688227478                                
parent#2: 0.03370499264069502                                0.4199378220315276                                 0.7547488078173188                                 -0.07907538225074534                               0.007827421866694663                               -0.4965443097908417                                
son     : -0.24282460516184373                               0.03143889176591923                                0.4468763327987796                                 0.22635695967693642                                -0.34330459438918204                               -0.7558133583590151                                
92  :
parent#1: -0.37220527354127375                               -0.3761116468098133                                -0.13179808138913535                               0.3946195767254984                                 -0.48639795864464486                               -0.5570681688227478                                
parent#2: 0.36926324609991484                                0.324899404720046                                  -0.5749329227476623                                0.4823941444187145                                 -0.11740575138700562                               0.4254984667480403                                 
son     : -0.002288187221283419                              -0.03983076305670079                               -0.5496661349302961                                0.6821049869900228                                 -0.4696135440598678                                -0.10232947074632176                               
93  :
parent#1: -0.37220527354127375                               -0.3761116468098133                                -0.13179808138913535                               0.3946195767254984                                 -0.48639795864464486                               -0.5570681688227478                                
parent#2: -0.39336570172919444                               -0.44427318425648277                               0.45562644664861096                                0.3550076899946659                                 0.22253785525527123                                0.5145247774316599                                 
son     : -0.5416969640594334                                -0.5804817406929799                                0.2291320439302369                                 0.5304156344420236                                 -0.1867001513372884                                -0.030102533536100626                              
94  :
parent#1: -0.37220527354127375                               -0.3761116468098133                                -0.13179808138913535                               0.3946195767254984                                 -0.48639795864464486                               -0.5570681688227478                                
parent#2: -0.37220527354127375                               -0.3761116468098133                                -0.13179808138913535                               0.3946195767254984                                 -0.48639795864464486                               -0.5570681688227478                                
son     : -0.3722052735412738                                -0.37611164680981335                               -0.13179808138913537                               0.39461957672549847                                -0.4863979586446449                                -0.5570681688227479                                

0   :
parent#1: 0.4678898566033697                                 0.03243996247910639                                0.44448913827680187                                0.19496211073101583                                -0.6527984582059131                                0.3439477943224356                                 
parent#2: 0.03370499264069502                                0.4199378220315276                                 0.7547488078173188                                 -0.07907538225074534                               0.007827421866694663                               -0.4965443097908417                                
son:      0.29215396629963863                                0.26348748239700714                                0.8316500142987483                                 0.06749823571359358                                -0.3756634397240487                                -0.08887985453755438                               
mutated:  0.29215396629963863                                0.26348748239700714                                0.8316500142987483                                 0.06749823571359358                                -0.3756634397240487                                -0.08887985453755438                               
1   :
parent#1: 0.4437702207899403                                 0.18975135360562714                                -0.2508917220056361                                0.16475981875637555                                0.5755914489863772                                 -0.5879323470868527                                
parent#2: 0.4678898566033697                                 0.03243996247910639                                0.44448913827680187                                0.19496211073101583                                -0.6527984582059131                                0.3439477943224356                                 
son:      0.8641959450327917                                 0.21062327850415                                   0.1835180746191515                                 0.3409935791981152                                 -0.07318734904615881                               -0.23128188496805596                               
mutated:  0.8641959450327917                                 0.21062327850415                                   0.1835180746191515                                 0.3409935791981152                                 -0.07318734904615881                               -0.23128188496805596                               
2   :
parent#1: 0.47612379543073824                                -0.5247017354946689                                0.34341953304136674                                0.5252597881744829                                 -0.059020275934295194                              -0.3172948257925076                                
parent#2: 0.23616354729068859                                0.40190498845266953                                0.49052421943408103                                0.4287665271597682                                 -0.004744255726600081                              0.598516421296422                                  
son:      0.47900496692104827                                -0.08257938647362663                               0.5608174898100716                                 0.6415716189375237                                 -0.04288090711013623                               0.18911825743970886                                
mutated:  0.47900496692104827                                -0.08257938647362663                               0.5608174898100716                                 0.6415716189375237                                 -0.04288090711013623                               0.18911825743970886                                
3   :
parent#1: 0.47612379543073824                                -0.5247017354946689                                0.34341953304136674                                0.5252597881744829                                 -0.059020275934295194                              -0.3172948257925076                                
parent#2: -0.37220527354127375                               -0.3761116468098133                                -0.13179808138913535                               0.3946195767254984                                 -0.48639795864464486                               -0.5570681688227478                                
son:      0.06237987099944678                                -0.5407373157453068                                0.1270314340000269                                 0.5521821815224586                                 -0.32740187692401757                               -0.5248597633904498                                
mutated:  0.06237987099944678                                -0.5407373157453068                                0.1270314340000269                                 0.5521821815224586                                 -0.32740187692401757                               -0.5248597633904498                                
4   :
parent#1: 0.03370499264069502                                0.4199378220315276                                 0.7547488078173188                                 -0.07907538225074534                               0.007827421866694663                               -0.4965443097908417                                
parent#2: -0.39336570172919444                               -0.44427318425648277                               0.45562644664861096                                0.3550076899946659                                 0.22253785525527123                                0.5145247774316599                                 
son:      -0.27388176045043555                               -0.01853138716280999                               0.9217011953819028                                 0.21012255245112302                                0.17542324210146515                                0.013692132631528681                               
mutated:  -0.27388176045043555                               -0.01853138716280999                               0.9217011953819028                                 0.21012255245112302                                0.17542324210146515                                0.013692132631528681                               

