0   :
parent#1: 0.6458922156218072                                 -0.03213875654870148                               0.024560337774982607                               0.14333310621461348                                -0.2454862308590082                                -0.7073749126570316                                
parent#2: 0.6458922156218072                                 -0.03213875654870148                               0.024560337774982607                               0.14333310621461348                                -0.2454862308590082                                -0.7073749126570316                                
son     : 0.6458922156218072                                 -0.03213875654870148                               0.024560337774982607                               0.14333310621461348                                -0.2454862308590082                                -0.7073749126570316                                
1   :
parent#1: 0.6458922156218072                                 -0.03213875654870148                               0.024560337774982607                               0.14333310621461348                                -0.2454862308590082                                -0.7073749126570316                                
parent#2: 0.6409853311876131                                 0.006131896409687672                               0.004331229790449489                               0.13424095666828353                                -0.25714873961808027                               -0.7105880218261815                                
son     : 0.6436099113223865                                 -0.013006888642469438                              0.014449625984115715                               0.13882394516897487                                -0.251384329129334                                 -0.7091700378049451                                
2   :
parent#1: 0.6458922156218072                                 -0.03213875654870148                               0.024560337774982607                               0.14333310621461348                                -0.2454862308590082                                -0.7073749126570316                                
parent#2: 0.6216528292763971                                 -0.08391175092822807                               0.0638198600195788                                 0.15191328056919767                                -0.2980814586800423                                -0.7003594809480154                                
son     : 0.6069958417830494                                 -0.05557370584882534                               0.042323081750179944                               0.1413861620149647                                 -0.3901747810053516                                -0.674129039194713                                 
3   :
parent#1: 0.6458922156218072                                 -0.03213875654870148                               0.024560337774982607                               0.14333310621461348                                -0.2454862308590082                                -0.7073749126570316                                
parent#2: 0.6637158683627844                                 -0.03477142941099893                               0.02097578183632425                                0.12510264899138665                                -0.2168592623279434                                -0.7036715127916036                                
son     : 0.6404715988406849                                 -0.03272282318993464                               0.02226970930396113                                0.13128009778291536                                -0.3078695829677997                                -0.6900806212159527                                
4   :
parent#1: 0.6458922156218072                                 -0.03213875654870148                               0.024560337774982607                               0.14333310621461348                                -0.2454862308590082                                -0.7073749126570316                                
parent#2: 0.64221762728444                                   -0.006603680391998933                              0.007593227975249741                               0.14343270296705016                                -0.23188353127660477                               -0.7163186030961349                                
son     : 0.6441530381423343                                 -0.019374169522751138                              0.016079232046229262                               0.14340474784583887                                -0.2387212428275182                                -0.711955202117566                                 
5   :
parent#1: 0.6458922156218072                                 -0.03213875654870148                               0.024560337774982607                               0.14333310621461348                                -0.2454862308590082                                -0.7073749126570316                                
parent#2: 0.6449734338431125                                 -0.041189831156656476                              0.023863111818508923                               0.14115145488352027                                -0.23215335965002892                               -0.7126880830543736                                
son     : 0.6454565462670548                                 -0.036665641372175505                              0.024212614648091036                               0.14224750836681896                                -0.2388285725769881                                -0.7100575935795246                                
6   :
parent#1: 0.6458922156218072                                 -0.03213875654870148                               0.024560337774982607                               0.14333310621461348                                -0.2454862308590082                                -0.7073749126570316                                
parent#2: 0.6522611265374394                                 0.03311535006336736                                -0.01276586258022726                               0.1410628248137937                                 -0.215308966274041                                 -0.7120668210557424                                
son     : 0.7367338199858019                                 5.542407412643676E-4                               0.006693653579096168                               0.16140165714665966                                -0.26151256156708874                               -0.6022780516680177                                
7   :
parent#1: 0.6458922156218072                                 -0.03213875654870148                               0.024560337774982607                               0.14333310621461348                                -0.2454862308590082                                -0.7073749126570316                                
parent#2: 0.6295334480538249                                 -0.03355402739831131                               0.024662888691656632                               0.13629684490644312                                -0.2731936001418515                                -0.7132614764995243                                
son     : 0.6378022485497911                                 -0.032850997520429526                              0.024615064143230562                               0.1398345796750691                                 -0.25937627876829933                               -0.7104177916292455                                
8   :
parent#1: 0.6458922156218072                                 -0.03213875654870148                               0.024560337774982607                               0.14333310621461348                                -0.2454862308590082                                -0.7073749126570316                                
parent#2: 0.6891397685900688                                 -0.01205082786053128                               0.021784132198430207                               0.12358177353968079                                -0.22545742394713858                               -0.6770251869138777                                
son     : 0.6618266554791506                                 0.1732012978155455                                 0.02297473463196814                                0.0771036116570354                                 -0.23346486650915638                               -0.686300327317557                                 
9   :
parent#1: 0.6458922156218072                                 -0.03213875654870148                               0.024560337774982607                               0.14333310621461348                                -0.2454862308590082                                -0.7073749126570316                                
parent#2: 0.6709195682061897                                 -0.01845933768612494                               0.024693570713231895                               0.13974759522743901                                -0.24095718158293972                               -0.6865323442397994                                
son     : 0.6585113686503713                                 -0.025303100029083744                              0.024630899486384656                               0.14156302550939384                                -0.24326067037986482                               -0.697065280538767                                 
10  :
parent#1: 0.6409853311876131                                 0.006131896409687672                               0.004331229790449489                               0.13424095666828353                                -0.25714873961808027                               -0.7105880218261815                                
parent#2: 0.6458922156218072                                 -0.03213875654870148                               0.024560337774982607                               0.14333310621461348                                -0.2454862308590082                                -0.7073749126570316                                
son     : 0.6436099113223865                                 -0.013006888642469438                              0.014449625984115715                               0.13882394516897487                                -0.251384329129334                                 -0.7091700378049451                                
11  :
parent#1: 0.6409853311876131                                 0.006131896409687672                               0.004331229790449489                               0.13424095666828353                                -0.25714873961808027                               -0.7105880218261815                                
parent#2: 0.6409853311876131                                 0.006131896409687672                               0.004331229790449489                               0.13424095666828353                                -0.25714873961808027                               -0.7105880218261815                                
son     : 0.6409853311876131                                 0.006131896409687672                               0.004331229790449489                               0.13424095666828353                                -0.25714873961808027                               -0.7105880218261815                                
12  :
parent#1: 0.6409853311876131                                 0.006131896409687672                               0.004331229790449489                               0.13424095666828353                                -0.25714873961808027                               -0.7105880218261815                                
parent#2: 0.6216528292763971                                 -0.08391175092822807                               0.0638198600195788                                 0.15191328056919767                                -0.2980814586800423                                -0.7003594809480154                                
son     : 0.6324357556952953                                 -0.038958715656293795                              0.034135817635690506                               0.14333019303502642                                -0.27810614397752537                               -0.7067215914300127                                
13  :
parent#1: 0.6409853311876131                                 0.006131896409687672                               0.004331229790449489                               0.13424095666828353                                -0.25714873961808027                               -0.7105880218261815                                
parent#2: 0.6637158683627844                                 -0.03477142941099893                               0.02097578183632425                                0.12510264899138665                                -0.2168592623279434                                -0.7036715127916036                                
son     : 0.652695100700693                                  -0.014327328650232923                              0.01266018802455516                                0.1297402814303005                                 -0.2371291608145283                                -0.7075031966571086                                
14  :
parent#1: 0.6409853311876131                                 0.006131896409687672                               0.004331229790449489                               0.13424095666828353                                -0.25714873961808027                               -0.7105880218261815                                
parent#2: 0.64221762728444                                   -0.006603680391998933                              0.007593227975249741                               0.14343270296705016                                -0.23188353127660477                               -0.7163186030961349                                
son     : 0.6416760794286746                                 -2.359194187544653E-4                              0.005962922122247694                               0.13885297263308458                                -0.24454456579141162                               -0.713536266999571                                 
15  :
parent#1: 0.6409853311876131                                 0.006131896409687672                               0.004331229790449489                               0.13424095666828353                                -0.25714873961808027                               -0.7105880218261815                                
parent#2: 0.6449734338431125                                 -0.041189831156656476                              0.023863111818508923                               0.14115145488352027                                -0.23215335965002892                               -0.7126880830543736                                
son     : 0.6432458765566373                                 -0.017536232560334493                              0.014103013623269952                               0.13775327637465398                                -0.2447524495369006                                -0.7119330032671263                                
16  :
parent#1: 0.6409853311876131                                 0.006131896409687672                               0.004331229790449489                               0.13424095666828353                                -0.25714873961808027                               -0.7105880218261815                                
parent#2: 0.6522611265374394                                 0.03311535006336736                                -0.01276586258022726                               0.1410628248137937                                 -0.215308966274041                                 -0.7120668210557424                                
son     : 0.6468615484412976                                 0.019630855722796103                               -0.00421887072981209                               0.13770262374776374                                -0.23631591749650493                               -0.7115895884091121                                
17  :
parent#1: 0.6409853311876131                                 0.006131896409687672                               0.004331229790449489                               0.13424095666828353                                -0.25714873961808027                               -0.7105880218261815                                
parent#2: 0.6295334480538249                                 -0.03355402739831131                               0.024662888691656632                               0.13629684490644312                                -0.2731936001418515                                -0.7132614764995243                                
son     : 0.6354491238249367                                 -0.01371516060591984                               0.01450138910700001                                0.1353093018230121                                 -0.26525036908854227                               -0.7121373811647599                                
18  :
parent#1: 0.6409853311876131                                 0.006131896409687672                               0.004331229790449489                               0.13424095666828353                                -0.25714873961808027                               -0.7105880218261815                                
parent#2: 0.6891397685900688                                 -0.01205082786053128                               0.021784132198430207                               0.12358177353968079                                -0.22545742394713858                               -0.6770251869138777                                
son     : 0.6654951364334747                                 -0.0029613906948135343                             0.013066174296465737                               0.12899521484413617                                -0.2414600361418276                                -0.6942578873383438                                
19  :
parent#1: 0.6409853311876131                                 0.006131896409687672                               0.004331229790449489                               0.13424095666828353                                -0.25714873961808027                               -0.7105880218261815                                
parent#2: 0.6709195682061897                                 -0.01845933768612494                               0.024693570713231895                               0.13974759522743901                                -0.24095718158293972                               -0.6865323442397994                                
son     : 0.6561810519378507                                 -0.006165868721286444                              0.0145174578855467                                 0.13704201904035737                                -0.24913975662503074                               -0.6988036342516772                                
20  :
parent#1: 0.6216528292763971                                 -0.08391175092822807                               0.0638198600195788                                 0.15191328056919767                                -0.2980814586800423                                -0.7003594809480154                                
parent#2: 0.6409853311876131                                 0.006131896409687672                               0.004331229790449489                               0.13424095666828353                                -0.25714873961808027                               -0.7105880218261815                                
son     : 0.6324357556952953                                 -0.038958715656293795                              0.034135817635690506                               0.14333019303502642                                -0.27810614397752537                               -0.7067215914300127                                
21  :
parent#1: 0.6216528292763971                                 -0.08391175092822807                               0.0638198600195788                                 0.15191328056919767                                -0.2980814586800423                                -0.7003594809480154                                
parent#2: 0.6216528292763971                                 -0.08391175092822807                               0.0638198600195788                                 0.15191328056919767                                -0.2980814586800423                                -0.7003594809480154                                
son     : 0.6216528292763971                                 -0.08391175092822807                               0.0638198600195788                                 0.15191328056919767                                -0.2980814586800423                                -0.7003594809480154                                
22  :
parent#1: 0.6216528292763971                                 -0.08391175092822807                               0.0638198600195788                                 0.15191328056919767                                -0.2980814586800423                                -0.7003594809480154                                
parent#2: 0.6637158683627844                                 -0.03477142941099893                               0.02097578183632425                                0.12510264899138665                                -0.2168592623279434                                -0.7036715127916036                                
son     : 0.643759238600392                                  -0.05944083899832229                               0.04246873129713571                                0.13873961939608503                                -0.25790097976502396                               -0.7031896180148715                                
23  :
parent#1: 0.6216528292763971                                 -0.08391175092822807                               0.0638198600195788                                 0.15191328056919767                                -0.2980814586800423                                -0.7003594809480154                                
parent#2: 0.64221762728444                                   -0.006603680391998933                              0.007593227975249741                               0.14343270296705016                                -0.23188353127660477                               -0.7163186030961349                                
son     : 0.6330654409151238                                 -0.04533865883240056                               0.03577040495240068                                0.14793710409108343                                -0.2654564146941387                                -0.7096059024519438                                
24  :
parent#1: 0.6216528292763971                                 -0.08391175092822807                               0.0638198600195788                                 0.15191328056919767                                -0.2980814586800423                                -0.7003594809480154                                
parent#2: 0.6449734338431125                                 -0.041189831156656476                              0.023863111818508923                               0.14115145488352027                                -0.23215335965002892                               -0.7126880830543736                                
son     : 0.6339934450536419                                 -0.0626179839444664                                0.0438885810335717                                 0.1466897747689225                                 -0.2654022018559359                                -0.7072827393616139                                
25  :
parent#1: 0.6216528292763971                                 -0.08391175092822807                               0.0638198600195788                                 0.15191328056919767                                -0.2980814586800423                                -0.7003594809480154                                
parent#2: 0.6522611265374394                                 0.03311535006336736                                -0.01276586258022726                               0.1410628248137937                                 -0.215308966274041                                 -0.7120668210557424                                
son     : 0.6391662120164346                                 -0.025486292050329012                              0.025615537064087052                               0.14699613473450296                                -0.25758553920054716                               -0.7086625945842528                                
26  :
parent#1: 0.6216528292763971                                 -0.08391175092822807                               0.0638198600195788                                 0.15191328056919767                                -0.2980814586800423                                -0.7003594809480154                                
parent#2: 0.6295334480538249                                 -0.03355402739831131                               0.024662888691656632                               0.13629684490644312                                -0.2731936001418515                                -0.7132614764995243                                
son     : 0.6259971164170394                                 -0.058770816018700135                              0.04426994329259893                                0.1441981188084329                                 -0.2858219802942223                                -0.7072669027006113                                
27  :
parent#1: 0.6216528292763971                                 -0.08391175092822807                               0.0638198600195788                                 0.15191328056919767                                -0.2980814586800423                                -0.7003594809480154                                
parent#2: 0.6891397685900688                                 -0.01205082786053128                               0.021784132198430207                               0.12358177353968079                                -0.22545742394713858                               -0.6770251869138777                                
son     : 0.6568847532590328                                 -0.04809025851409056                               0.04289920266382488                                0.13806036205647718                                -0.2623639394178972                                -0.6902564060583805                                
28  :
parent#1: 0.6216528292763971                                 -0.08391175092822807                               0.0638198600195788                                 0.15191328056919767                                -0.2980814586800423                                -0.7003594809480154                                
parent#2: 0.6709195682061897                                 -0.01845933768612494                               0.024693570713231895                               0.13974759522743901                                -0.24095718158293972                               -0.6865323442397994                                
son     : 0.6472451939801389                                 -0.05126149625135217                               0.04432238593063214                                0.1460468291749627                                 -0.26991924781877014                               -0.6944748860268379                                
29  :
parent#1: 0.6637158683627844                                 -0.03477142941099893                               0.02097578183632425                                0.12510264899138665                                -0.2168592623279434                                -0.7036715127916036                                
parent#2: 0.6458922156218072                                 -0.03213875654870148                               0.024560337774982607                               0.14333310621461348                                -0.2454862308590082                                -0.7073749126570316                                
son     : 0.6549271004935131                                 -0.03346138025563986                               0.022772338648078993                               0.1342431014101167                                 -0.23121619130348633                               -0.7056558029705043                                
30  :
parent#1: 0.6637158683627844                                 -0.03477142941099893                               0.02097578183632425                                0.12510264899138665                                -0.2168592623279434                                -0.7036715127916036                                
parent#2: 0.6409853311876131                                 0.006131896409687672                               0.004331229790449489                               0.13424095666828353                                -0.25714873961808027                               -0.7105880218261815                                
son     : 0.652695100700693                                  -0.014327328650232923                              0.01266018802455516                                0.1297402814303005                                 -0.2371291608145283                                -0.7075031966571086                                
31  :
parent#1: 0.6637158683627844                                 -0.03477142941099893                               0.02097578183632425                                0.12510264899138665                                -0.2168592623279434                                -0.7036715127916036                                
parent#2: 0.6216528292763971                                 -0.08391175092822807                               0.0638198600195788                                 0.15191328056919767                                -0.2980814586800423                                -0.7003594809480154                                
son     : 0.643759238600392                                  -0.05944083899832229                               0.04246873129713571                                0.13873961939608503                                -0.25790097976502396                               -0.7031896180148715                                
32  :
parent#1: 0.6637158683627844                                 -0.03477142941099893                               0.02097578183632425                                0.12510264899138665                                -0.2168592623279434                                -0.7036715127916036                                
parent#2: 0.6637158683627844                                 -0.03477142941099893                               0.02097578183632425                                0.12510264899138665                                -0.2168592623279434                                -0.7036715127916036                                
son     : 0.6637158683627844                                 -0.03477142941099893                               0.02097578183632425                                0.12510264899138665                                -0.2168592623279434                                -0.7036715127916036                                
33  :
parent#1: 0.6637158683627844                                 -0.03477142941099893                               0.02097578183632425                                0.12510264899138665                                -0.2168592623279434                                -0.7036715127916036                                
parent#2: 0.64221762728444                                   -0.006603680391998933                              0.007593227975249741                               0.14343270296705016                                -0.23188353127660477                               -0.7163186030961349                                
son     : 0.6531428227456259                                 -0.020693133377934485                              0.01428835677587942                                0.13430388175946034                                -0.2244318993873226                                -0.7101865107626754                                
34  :
parent#1: 0.6637158683627844                                 -0.03477142941099893                               0.02097578183632425                                0.12510264899138665                                -0.2168592623279434                                -0.7036715127916036                                
parent#2: 0.6449734338431125                                 -0.041189831156656476                              0.023863111818508923                               0.14115145488352027                                -0.23215335965002892                               -0.7126880830543736                                
son     : 0.6544242980394434                                 -0.0379852532922731                                0.02242217572610125                                0.13314325618369208                                -0.22453363793337835                               -0.7082659976822393                                
35  :
parent#1: 0.6637158683627844                                 -0.03477142941099893                               0.02097578183632425                                0.12510264899138665                                -0.2168592623279434                                -0.7036715127916036                                
parent#2: 0.6295334480538249                                 -0.03355402739831131                               0.024662888691656632                               0.13629684490644312                                -0.2731936001418515                                -0.7132614764995243                                
son     : 0.6469947115458277                                 -0.03418227920820793                               0.02283239441827307                                0.13077454440205544                                -0.2451666560894693                                -0.7088719391140648                                
36  :
parent#1: 0.6637158683627844                                 -0.03477142941099893                               0.02097578183632425                                0.12510264899138665                                -0.2168592623279434                                -0.7036715127916036                                
parent#2: 0.6891397685900688                                 -0.01205082786053128                               0.021784132198430207                               0.12358177353968079                                -0.22545742394713858                               -0.6770251869138777                                
son     : 0.6765927176192019                                 -0.023416835785793524                              0.02138516900968216                                0.12437252333060322                                -0.22121225697757663                               -0.690516642533789                                 
37  :
parent#1: 0.6637158683627844                                 -0.03477142941099893                               0.02097578183632425                                0.12510264899138665                                -0.2168592623279434                                -0.7036715127916036                                
parent#2: 0.6709195682061897                                 -0.01845933768612494                               0.024693570713231895                               0.13974759522743901                                -0.24095718158293972                               -0.6865323442397994                                
son     : 0.6674362600552439                                 -0.026620111483410317                              0.022838732607895124                               0.13244864599921435                                -0.22894888502376404                               -0.6952254058507175                                
38  :
parent#1: 0.64221762728444                                   -0.006603680391998933                              0.007593227975249741                               0.14343270296705016                                -0.23188353127660477                               -0.7163186030961349                                
parent#2: 0.6458922156218072                                 -0.03213875654870148                               0.024560337774982607                               0.14333310621461348                                -0.2454862308590082                                -0.7073749126570316                                
son     : 0.6441530381423343                                 -0.019374169522751138                              0.016079232046229262                               0.14340474784583887                                -0.2387212428275182                                -0.711955202117566                                 
39  :
parent#1: 0.64221762728444                                   -0.006603680391998933                              0.007593227975249741                               0.14343270296705016                                -0.23188353127660477                               -0.7163186030961349                                
parent#2: 0.6409853311876131                                 0.006131896409687672                               0.004331229790449489                               0.13424095666828353                                -0.25714873961808027                               -0.7105880218261815                                
son     : 0.6416760794286746                                 -2.359194187544653E-4                              0.005962922122247694                               0.13885297263308458                                -0.24454456579141162                               -0.713536266999571                                 
40  :
parent#1: 0.64221762728444                                   -0.006603680391998933                              0.007593227975249741                               0.14343270296705016                                -0.23188353127660477                               -0.7163186030961349                                
parent#2: 0.6216528292763971                                 -0.08391175092822807                               0.0638198600195788                                 0.15191328056919767                                -0.2980814586800423                                -0.7003594809480154                                
son     : 0.6330654409151238                                 -0.04533865883240056                               0.03577040495240068                                0.14793710409108343                                -0.2654564146941387                                -0.7096059024519438                                
41  :
parent#1: 0.64221762728444                                   -0.006603680391998933                              0.007593227975249741                               0.14343270296705016                                -0.23188353127660477                               -0.7163186030961349                                
parent#2: 0.6637158683627844                                 -0.03477142941099893                               0.02097578183632425                                0.12510264899138665                                -0.2168592623279434                                -0.7036715127916036                                
son     : 0.6531428227456259                                 -0.020693133377934485                              0.01428835677587942                                0.13430388175946034                                -0.2244318993873226                                -0.7101865107626754                                
42  :
parent#1: 0.64221762728444                                   -0.006603680391998933                              0.007593227975249741                               0.14343270296705016                                -0.23188353127660477                               -0.7163186030961349                                
parent#2: 0.64221762728444                                   -0.006603680391998933                              0.007593227975249741                               0.14343270296705016                                -0.23188353127660477                               -0.7163186030961349                                
son     : 0.64221762728444                                   -0.006603680391998933                              0.007593227975249741                               0.14343270296705016                                -0.23188353127660477                               -0.7163186030961349                                
43  :
parent#1: 0.64221762728444                                   -0.006603680391998933                              0.007593227975249741                               0.14343270296705016                                -0.23188353127660477                               -0.7163186030961349                                
parent#2: 0.6449734338431125                                 -0.041189831156656476                              0.023863111818508923                               0.14115145488352027                                -0.23215335965002892                               -0.7126880830543736                                
son     : 0.6437151892681897                                 -0.023901198712011157                              0.015731094113010866                               0.14231853418329113                                -0.23206158284582767                               -0.7146361851169892                                
44  :
parent#1: 0.64221762728444                                   -0.006603680391998933                              0.007593227975249741                               0.14343270296705016                                -0.23188353127660477                               -0.7163186030961349                                
parent#2: 0.6522611265374394                                 0.03311535006336736                                -0.01276586258022726                               0.1410628248137937                                 -0.215308966274041                                 -0.7120668210557424                                
son     : 0.6474329377940077                                 0.013259799073936906                               -0.0025870907564515774                             0.14229030395175826                                -0.2236631165971946                                -0.7144062957622247                                
45  :
parent#1: 0.64221762728444                                   -0.006603680391998933                              0.007593227975249741                               0.14343270296705016                                -0.23188353127660477                               -0.7163186030961349                                
parent#2: 0.6295334480538249                                 -0.03355402739831131                               0.024662888691656632                               0.13629684490644312                                -0.2731936001418515                                -0.7132614764995243                                
son     : 0.6361097782255244                                 -0.02008625043996537                               0.016133999504537384                               0.13991629660199437                                -0.2526315945657226                                -0.7150533504721784                                
46  :
parent#1: 0.64221762728444                                   -0.006603680391998933                              0.007593227975249741                               0.14343270296705016                                -0.23188353127660477                               -0.7163186030961349                                
parent#2: 0.6891397685900688                                 -0.01205082786053128                               0.021784132198430207                               0.12358177353968079                                -0.22545742394713858                               -0.6770251869138777                                
son     : 0.6660461293321278                                 -0.00933240244482265                               0.014696787725299611                               0.1335809295866305                                 -0.22879669573003536                               -0.6970564335623374                                
47  :
parent#1: 0.64221762728444                                   -0.006603680391998933                              0.007593227975249741                               0.14343270296705016                                -0.23188353127660477                               -0.7163186030961349                                
parent#2: 0.6709195682061897                                 -0.01845933768612494                               0.024693570713231895                               0.13974759522743901                                -0.24095718158293972                               -0.6865323442397994                                
son     : 0.6567525069819025                                 -0.012535019198196228                              0.016147921217902646                               0.14162980944091352                                -0.23648657934602818                               -0.701621947614221                                 
48  :
parent#1: 0.6449734338431125                                 -0.041189831156656476                              0.023863111818508923                               0.14115145488352027                                -0.23215335965002892                               -0.7126880830543736                                
parent#2: 0.6458922156218072                                 -0.03213875654870148                               0.024560337774982607                               0.14333310621461348                                -0.2454862308590082                                -0.7073749126570316                                
son     : 0.6454565462670548                                 -0.036665641372175505                              0.024212614648091036                               0.14224750836681896                                -0.2388285725769881                                -0.7100575935795246                                
49  :
parent#1: 0.6449734338431125                                 -0.041189831156656476                              0.023863111818508923                               0.14115145488352027                                -0.23215335965002892                               -0.7126880830543736                                
parent#2: 0.6409853311876131                                 0.006131896409687672                               0.004331229790449489                               0.13424095666828353                                -0.25714873961808027                               -0.7105880218261815                                
son     : 0.6432458765566373                                 -0.017536232560334493                              0.014103013623269952                               0.13775327637465398                                -0.2447524495369006                                -0.7119330032671263                                
50  :
parent#1: 0.6449734338431125                                 -0.041189831156656476                              0.023863111818508923                               0.14115145488352027                                -0.23215335965002892                               -0.7126880830543736                                
parent#2: 0.6216528292763971                                 -0.08391175092822807                               0.0638198600195788                                 0.15191328056919767                                -0.2980814586800423                                -0.7003594809480154                                
son     : 0.6339934450536419                                 -0.0626179839444664                                0.0438885810335717                                 0.1466897747689225                                 -0.2654022018559359                                -0.7072827393616139                                
51  :
parent#1: 0.6449734338431125                                 -0.041189831156656476                              0.023863111818508923                               0.14115145488352027                                -0.23215335965002892                               -0.7126880830543736                                
parent#2: 0.6637158683627844                                 -0.03477142941099893                               0.02097578183632425                                0.12510264899138665                                -0.2168592623279434                                -0.7036715127916036                                
son     : 0.6544242980394434                                 -0.0379852532922731                                0.02242217572610125                                0.13314325618369208                                -0.22453363793337835                               -0.7082659976822393                                
52  :
parent#1: 0.6449734338431125                                 -0.041189831156656476                              0.023863111818508923                               0.14115145488352027                                -0.23215335965002892                               -0.7126880830543736                                
parent#2: 0.64221762728444                                   -0.006603680391998933                              0.007593227975249741                               0.14343270296705016                                -0.23188353127660477                               -0.7163186030961349                                
son     : 0.6437151892681897                                 -0.023901198712011157                              0.015731094113010866                               0.14231853418329113                                -0.23206158284582767                               -0.7146361851169892                                
53  :
parent#1: 0.6449734338431125                                 -0.041189831156656476                              0.023863111818508923                               0.14115145488352027                                -0.23215335965002892                               -0.7126880830543736                                
parent#2: 0.6449734338431125                                 -0.041189831156656476                              0.023863111818508923                               0.14115145488352027                                -0.23215335965002892                               -0.7126880830543736                                
son     : 0.6449734338431125                                 -0.041189831156656476                              0.023863111818508923                               0.14115145488352027                                -0.23215335965002892                               -0.7126880830543736                                
54  :
parent#1: 0.6449734338431125                                 -0.041189831156656476                              0.023863111818508923                               0.14115145488352027                                -0.23215335965002892                               -0.7126880830543736                                
parent#2: 0.6522611265374394                                 0.03311535006336736                                -0.01276586258022726                               0.1410628248137937                                 -0.215308966274041                                 -0.7120668210557424                                
son     : 0.6492018395969841                                 -0.0040408790666327885                             0.005553625257906515                               0.14123431115363363                                -0.22393279828671342                               -0.7130194746367003                                
55  :
parent#1: 0.6449734338431125                                 -0.041189831156656476                              0.023863111818508923                               0.14115145488352027                                -0.23215335965002892                               -0.7126880830543736                                
parent#2: 0.6295334480538249                                 -0.03355402739831131                               0.024662888691656632                               0.13629684490644312                                -0.2731936001418515                                -0.7132614764995243                                
son     : 0.6374132553598728                                 -0.037381301644107176                              0.024269085082335953                               0.1387589400066365                                 -0.2527368469346602                                -0.7131535840602282                                
56  :
parent#1: 0.6449734338431125                                 -0.041189831156656476                              0.023863111818508923                               0.14115145488352027                                -0.23215335965002892                               -0.7126880830543736                                
parent#2: 0.6891397685900688                                 -0.01205082786053128                               0.021784132198430207                               0.12358177353968079                                -0.22545742394713858                               -0.6770251869138777                                
son     : 0.6674262441575213                                 -0.02663508090580688                               0.022836269497073253                               0.1324399638860794                                 -0.22893218208560134                               -0.6952416830439339                                
57  :
parent#1: 0.6449734338431125                                 -0.041189831156656476                              0.023863111818508923                               0.14115145488352027                                -0.23215335965002892                               -0.7126880830543736                                
parent#2: 0.6709195682061897                                 -0.01845933768612494                               0.024693570713231895                               0.13974759522743901                                -0.24095718158293972                               -0.6865323442397994                                
son     : 0.6581072771581893                                 -0.02983187237164227                               0.024284273933391814                               0.14048384537112923                                -0.2366130753798178                                -0.6997811707461195                                
58  :
parent#1: 0.6522611265374394                                 0.03311535006336736                                -0.01276586258022726                               0.1410628248137937                                 -0.215308966274041                                 -0.7120668210557424                                
parent#2: 0.6458922156218072                                 -0.03213875654870148                               0.024560337774982607                               0.14333310621461348                                -0.2454862308590082                                -0.7073749126570316                                
son     : 0.6496152420292778                                 4.887019212527492E-4                               0.0059021308264747465                              0.14231595418447662                                -0.23058877082549933                               -0.7103097572884167                                
59  :
parent#1: 0.6522611265374394                                 0.03311535006336736                                -0.01276586258022726                               0.1410628248137937                                 -0.215308966274041                                 -0.7120668210557424                                
parent#2: 0.6409853311876131                                 0.006131896409687672                               0.004331229790449489                               0.13424095666828353                                -0.25714873961808027                               -0.7105880218261815                                
son     : 0.6468615484412976                                 0.019630855722796103                               -0.00421887072981209                               0.13770262374776374                                -0.23631591749650493                               -0.7115895884091121                                
60  :
parent#1: 0.6522611265374394                                 0.03311535006336736                                -0.01276586258022726                               0.1410628248137937                                 -0.215308966274041                                 -0.7120668210557424                                
parent#2: 0.6216528292763971                                 -0.08391175092822807                               0.0638198600195788                                 0.15191328056919767                                -0.2980814586800423                                -0.7003594809480154                                
son     : 0.6391662120164346                                 -0.025486292050329012                              0.025615537064087052                               0.14699613473450296                                -0.25758553920054716                               -0.7086625945842528                                
61  :
parent#1: 0.6522611265374394                                 0.03311535006336736                                -0.01276586258022726                               0.1410628248137937                                 -0.215308966274041                                 -0.7120668210557424                                
parent#2: 0.6637158683627844                                 -0.03477142941099893                               0.02097578183632425                                0.12510264899138665                                -0.2168592623279434                                -0.7036715127916036                                
son     : 0.6584995215019888                                 -8.286827674122035E-4                              0.004108147728007758                               0.1331860950611452                                 -0.2162519351368643                                -0.7084189305917035                                
62  :
parent#1: 0.6522611265374394                                 0.03311535006336736                                -0.01276586258022726                               0.1410628248137937                                 -0.215308966274041                                 -0.7120668210557424                                
parent#2: 0.64221762728444                                   -0.006603680391998933                              0.007593227975249741                               0.14343270296705016                                -0.23188353127660477                               -0.7163186030961349                                
son     : 0.6474329377940077                                 0.013259799073936906                               -0.0025870907564515774                             0.14229030395175826                                -0.2236631165971946                                -0.7144062957622247                                
63  :
parent#1: 0.6522611265374394                                 0.03311535006336736                                -0.01276586258022726                               0.1410628248137937                                 -0.215308966274041                                 -0.7120668210557424                                
parent#2: 0.6449734338431125                                 -0.041189831156656476                              0.023863111818508923                               0.14115145488352027                                -0.23215335965002892                               -0.7126880830543736                                
son     : 0.6492018395969841                                 -0.0040408790666327885                             0.005553625257906515                               0.14123431115363363                                -0.22393279828671342                               -0.7130194746367003                                
64  :
parent#1: 0.6522611265374394                                 0.03311535006336736                                -0.01276586258022726                               0.1410628248137937                                 -0.215308966274041                                 -0.7120668210557424                                
parent#2: 0.6295334480538249                                 -0.03355402739831131                               0.024662888691656632                               0.13629684490644312                                -0.2731936001418515                                -0.7132614764995243                                
son     : 0.6416787694309207                                 -2.1960611945469338E-4                             0.005955766412495438                               0.13884893498835466                                -0.2445491125452395                                -0.7135331402865229                                
65  :
parent#1: 0.6522611265374394                                 0.03311535006336736                                -0.01276586258022726                               0.1410628248137937                                 -0.215308966274041                                 -0.7120668210557424                                
parent#2: 0.6891397685900688                                 -0.01205082786053128                               0.021784132198430207                               0.12358177353968079                                -0.22545742394713858                               -0.6770251869138777                                
son     : 0.6712233844746008                                 0.010540472976189577                               0.004512650526194296                               0.13242546925008214                                -0.22055502518416775                               -0.6950875329834622                                
66  :
parent#1: 0.6522611265374394                                 0.03311535006336736                                -0.01276586258022726                               0.1410628248137937                                 -0.215308966274041                                 -0.7120668210557424                                
parent#2: 0.6709195682061897                                 -0.01845933768612494                               0.024693570713231895                               0.13974759522743901                                -0.24095718158293972                               -0.6865323442397994                                
son     : 0.6620641298729945                                 0.007333253969388416                               0.005968124941534767                               0.14050575793798925                                -0.22829644611007838                               -0.6998003697385394                                
67  :
parent#1: 0.6295334480538249                                 -0.03355402739831131                               0.024662888691656632                               0.13629684490644312                                -0.2731936001418515                                -0.7132614764995243                                
parent#2: 0.6458922156218072                                 -0.03213875654870148                               0.024560337774982607                               0.14333310621461348                                -0.2454862308590082                                -0.7073749126570316                                
son     : 0.6378022485497911                                 -0.032850997520429526                              0.024615064143230562                               0.1398345796750691                                 -0.25937627876829933                               -0.7104177916292455                                
68  :
parent#1: 0.6295334480538249                                 -0.03355402739831131                               0.024662888691656632                               0.13629684490644312                                -0.2731936001418515                                -0.7132614764995243                                
parent#2: 0.6409853311876131                                 0.006131896409687672                               0.004331229790449489                               0.13424095666828353                                -0.25714873961808027                               -0.7105880218261815                                
son     : 0.6354491238249367                                 -0.01371516060591984                               0.01450138910700001                                0.1353093018230121                                 -0.26525036908854227                               -0.7121373811647599                                
69  :
parent#1: 0.6295334480538249                                 -0.03355402739831131                               0.024662888691656632                               0.13629684490644312                                -0.2731936001418515                                -0.7132614764995243                                
parent#2: 0.6216528292763971                                 -0.08391175092822807                               0.0638198600195788                                 0.15191328056919767                                -0.2980814586800423                                -0.7003594809480154                                
son     : 0.6259971164170394                                 -0.058770816018700135                              0.04426994329259893                                0.1441981188084329                                 -0.2858219802942223                                -0.7072669027006113                                
70  :
parent#1: 0.6295334480538249                                 -0.03355402739831131                               0.024662888691656632                               0.13629684490644312                                -0.2731936001418515                                -0.7132614764995243                                
parent#2: 0.6637158683627844                                 -0.03477142941099893                               0.02097578183632425                                0.12510264899138665                                -0.2168592623279434                                -0.7036715127916036                                
son     : 0.6469947115458277                                 -0.03418227920820793                               0.02283239441827307                                0.13077454440205544                                -0.2451666560894693                                -0.7088719391140648                                
71  :
parent#1: 0.6295334480538249                                 -0.03355402739831131                               0.024662888691656632                               0.13629684490644312                                -0.2731936001418515                                -0.7132614764995243                                
parent#2: 0.64221762728444                                   -0.006603680391998933                              0.007593227975249741                               0.14343270296705016                                -0.23188353127660477                               -0.7163186030961349                                
son     : 0.6361097782255244                                 -0.02008625043996537                               0.016133999504537384                               0.13991629660199437                                -0.2526315945657226                                -0.7150533504721784                                
72  :
parent#1: 0.6295334480538249                                 -0.03355402739831131                               0.024662888691656632                               0.13629684490644312                                -0.2731936001418515                                -0.7132614764995243                                
parent#2: 0.6449734338431125                                 -0.041189831156656476                              0.023863111818508923                               0.14115145488352027                                -0.23215335965002892                               -0.7126880830543736                                
son     : 0.6374132553598728                                 -0.037381301644107176                              0.024269085082335953                               0.1387589400066365                                 -0.2527368469346602                                -0.7131535840602282                                
73  :
parent#1: 0.6295334480538249                                 -0.03355402739831131                               0.024662888691656632                               0.13629684490644312                                -0.2731936001418515                                -0.7132614764995243                                
parent#2: 0.6522611265374394                                 0.03311535006336736                                -0.01276586258022726                               0.1410628248137937                                 -0.215308966274041                                 -0.7120668210557424                                
son     : 0.6416787694309207                                 -2.1960611945469338E-4                             0.005955766412495438                               0.13884893498835466                                -0.2445491125452395                                -0.7135331402865229                                
74  :
parent#1: 0.6295334480538249                                 -0.03355402739831131                               0.024662888691656632                               0.13629684490644312                                -0.2731936001418515                                -0.7132614764995243                                
parent#2: 0.6295334480538249                                 -0.03355402739831131                               0.024662888691656632                               0.13629684490644312                                -0.2731936001418515                                -0.7132614764995243                                
son     : 0.629533448053825                                  -0.033554027398311315                              0.024662888691656636                               0.13629684490644314                                -0.27319360014185157                               -0.7132614764995244                                
75  :
parent#1: 0.6295334480538249                                 -0.03355402739831131                               0.024662888691656632                               0.13629684490644312                                -0.2731936001418515                                -0.7132614764995243                                
parent#2: 0.6891397685900688                                 -0.01205082786053128                               0.021784132198430207                               0.12358177353968079                                -0.22545742394713858                               -0.6770251869138777                                
son     : 0.6599785080697259                                 -0.022824627022507215                              0.02324611978496034                                0.1300658121485239                                 -0.24956824387718302                               -0.6958200912308362                                
76  :
parent#1: 0.6295334480538249                                 -0.03355402739831131                               0.024662888691656632                               0.13629684490644312                                -0.2731936001418515                                -0.7132614764995243                                
parent#2: 0.6709195682061897                                 -0.01845933768612494                               0.024693570713231895                               0.13974759522743901                                -0.24095718158293972                               -0.6865323442397994                                
son     : 0.6505279515045942                                 -0.026018739174867384                              0.024689670467696555                               0.13808620682119474                                -0.25719457036734633                               -0.7002213808178622                                
77  :
parent#1: 0.6891397685900688                                 -0.01205082786053128                               0.021784132198430207                               0.12358177353968079                                -0.22545742394713858                               -0.6770251869138777                                
parent#2: 0.6409853311876131                                 0.006131896409687672                               0.004331229790449489                               0.13424095666828353                                -0.25714873961808027                               -0.7105880218261815                                
son     : 0.6654951364334747                                 -0.0029613906948135343                             0.013066174296465737                               0.12899521484413617                                -0.2414600361418276                                -0.6942578873383438                                
78  :
parent#1: 0.6891397685900688                                 -0.01205082786053128                               0.021784132198430207                               0.12358177353968079                                -0.22545742394713858                               -0.6770251869138777                                
parent#2: 0.6216528292763971                                 -0.08391175092822807                               0.0638198600195788                                 0.15191328056919767                                -0.2980814586800423                                -0.7003594809480154                                
son     : 0.6568847532590328                                 -0.04809025851409056                               0.04289920266382488                                0.13806036205647718                                -0.2623639394178972                                -0.6902564060583805                                
79  :
parent#1: 0.6891397685900688                                 -0.01205082786053128                               0.021784132198430207                               0.12358177353968079                                -0.22545742394713858                               -0.6770251869138777                                
parent#2: 0.6637158683627844                                 -0.03477142941099893                               0.02097578183632425                                0.12510264899138665                                -0.2168592623279434                                -0.7036715127916036                                
son     : 0.6765927176192019                                 -0.023416835785793524                              0.02138516900968216                                0.12437252333060322                                -0.22121225697757663                               -0.690516642533789                                 
80  :
parent#1: 0.6891397685900688                                 -0.01205082786053128                               0.021784132198430207                               0.12358177353968079                                -0.22545742394713858                               -0.6770251869138777                                
parent#2: 0.64221762728444                                   -0.006603680391998933                              0.007593227975249741                               0.14343270296705016                                -0.23188353127660477                               -0.7163186030961349                                
son     : 0.6660461293321278                                 -0.00933240244482265                               0.014696787725299611                               0.1335809295866305                                 -0.22879669573003536                               -0.6970564335623374                                
81  :
parent#1: 0.6891397685900688                                 -0.01205082786053128                               0.021784132198430207                               0.12358177353968079                                -0.22545742394713858                               -0.6770251869138777                                
parent#2: 0.6449734338431125                                 -0.041189831156656476                              0.023863111818508923                               0.14115145488352027                                -0.23215335965002892                               -0.7126880830543736                                
son     : 0.6674262441575213                                 -0.02663508090580688                               0.022836269497073253                               0.1324399638860794                                 -0.22893218208560134                               -0.6952416830439339                                
82  :
parent#1: 0.6891397685900688                                 -0.01205082786053128                               0.021784132198430207                               0.12358177353968079                                -0.22545742394713858                               -0.6770251869138777                                
parent#2: 0.6295334480538249                                 -0.03355402739831131                               0.024662888691656632                               0.13629684490644312                                -0.2731936001418515                                -0.7132614764995243                                
son     : 0.6599785080697259                                 -0.022824627022507215                              0.02324611978496034                                0.1300658121485239                                 -0.24956824387718302                               -0.6958200912308362                                
83  :
parent#1: 0.6891397685900688                                 -0.01205082786053128                               0.021784132198430207                               0.12358177353968079                                -0.22545742394713858                               -0.6770251869138777                                
parent#2: 0.6891397685900688                                 -0.01205082786053128                               0.021784132198430207                               0.12358177353968079                                -0.22545742394713858                               -0.6770251869138777                                
son     : 0.6891397685900688                                 -0.01205082786053128                               0.021784132198430207                               0.12358177353968079                                -0.22545742394713858                               -0.6770251869138777                                
84  :
parent#1: 0.6891397685900688                                 -0.01205082786053128                               0.021784132198430207                               0.12358177353968079                                -0.22545742394713858                               -0.6770251869138777                                
parent#2: 0.6709195682061897                                 -0.01845933768612494                               0.024693570713231895                               0.13974759522743901                                -0.24095718158293972                               -0.6865323442397994                                
son     : 0.6801124322224625                                 -0.015256939411427174                              0.023241679768048855                               0.1316807087914874                                 -0.2332356855388154                                -0.6818617422771365                                
85  :
parent#1: 0.6709195682061897                                 -0.01845933768612494                               0.024693570713231895                               0.13974759522743901                                -0.24095718158293972                               -0.6865323442397994                                
parent#2: 0.6458922156218072                                 -0.03213875654870148                               0.024560337774982607                               0.14333310621461348                                -0.2454862308590082                                -0.7073749126570316                                
son     : 0.6585113686503713                                 -0.025303100029083744                              0.024630899486384656                               0.14156302550939384                                -0.24326067037986482                               -0.697065280538767                                 
86  :
parent#1: 0.6709195682061897                                 -0.01845933768612494                               0.024693570713231895                               0.13974759522743901                                -0.24095718158293972                               -0.6865323442397994                                
parent#2: 0.6409853311876131                                 0.006131896409687672                               0.004331229790449489                               0.13424095666828353                                -0.25714873961808027                               -0.7105880218261815                                
son     : 0.6561810519378507                                 -0.006165868721286444                              0.0145174578855467                                 0.13704201904035737                                -0.24913975662503074                               -0.6988036342516772                                
87  :
parent#1: 0.6709195682061897                                 -0.01845933768612494                               0.024693570713231895                               0.13974759522743901                                -0.24095718158293972                               -0.6865323442397994                                
parent#2: 0.6216528292763971                                 -0.08391175092822807                               0.0638198600195788                                 0.15191328056919767                                -0.2980814586800423                                -0.7003594809480154                                
son     : 0.6472451939801389                                 -0.05126149625135217                               0.04432238593063214                                0.1460468291749627                                 -0.26991924781877014                               -0.6944748860268379                                
88  :
parent#1: 0.6709195682061897                                 -0.01845933768612494                               0.024693570713231895                               0.13974759522743901                                -0.24095718158293972                               -0.6865323442397994                                
parent#2: 0.6637158683627844                                 -0.03477142941099893                               0.02097578183632425                                0.12510264899138665                                -0.2168592623279434                                -0.7036715127916036                                
son     : 0.6674362600552439                                 -0.026620111483410317                              0.022838732607895124                               0.13244864599921435                                -0.22894888502376404                               -0.6952254058507175                                
89  :
parent#1: 0.6709195682061897                                 -0.01845933768612494                               0.024693570713231895                               0.13974759522743901                                -0.24095718158293972                               -0.6865323442397994                                
parent#2: 0.64221762728444                                   -0.006603680391998933                              0.007593227975249741                               0.14343270296705016                                -0.23188353127660477                               -0.7163186030961349                                
son     : 0.6567525069819025                                 -0.012535019198196228                              0.016147921217902646                               0.14162980944091352                                -0.23648657934602818                               -0.701621947614221                                 
90  :
parent#1: 0.6709195682061897                                 -0.01845933768612494                               0.024693570713231895                               0.13974759522743901                                -0.24095718158293972                               -0.6865323442397994                                
parent#2: 0.6449734338431125                                 -0.041189831156656476                              0.023863111818508923                               0.14115145488352027                                -0.23215335965002892                               -0.7126880830543736                                
son     : 0.6581072771581893                                 -0.02983187237164227                               0.024284273933391814                               0.14048384537112923                                -0.2366130753798178                                -0.6997811707461195                                
91  :
parent#1: 0.6709195682061897                                 -0.01845933768612494                               0.024693570713231895                               0.13974759522743901                                -0.24095718158293972                               -0.6865323442397994                                
parent#2: 0.6522611265374394                                 0.03311535006336736                                -0.01276586258022726                               0.1410628248137937                                 -0.215308966274041                                 -0.7120668210557424                                
son     : 0.6620641298729945                                 0.007333253969388416                               0.005968124941534767                               0.14050575793798925                                -0.22829644611007838                               -0.6998003697385394                                
92  :
parent#1: 0.6709195682061897                                 -0.01845933768612494                               0.024693570713231895                               0.13974759522743901                                -0.24095718158293972                               -0.6865323442397994                                
parent#2: 0.6295334480538249                                 -0.03355402739831131                               0.024662888691656632                               0.13629684490644312                                -0.2731936001418515                                -0.7132614764995243                                
son     : 0.6505279515045942                                 -0.026018739174867384                              0.024689670467696555                               0.13808620682119474                                -0.25719457036734633                               -0.7002213808178622                                
93  :
parent#1: 0.6709195682061897                                 -0.01845933768612494                               0.024693570713231895                               0.13974759522743901                                -0.24095718158293972                               -0.6865323442397994                                
parent#2: 0.6891397685900688                                 -0.01205082786053128                               0.021784132198430207                               0.12358177353968079                                -0.22545742394713858                               -0.6770251869138777                                
son     : 0.6801124322224625                                 -0.015256939411427174                              0.023241679768048855                               0.1316807087914874                                 -0.2332356855388154                                -0.6818617422771365                                
94  :
parent#1: 0.6709195682061897                                 -0.01845933768612494                               0.024693570713231895                               0.13974759522743901                                -0.24095718158293972                               -0.6865323442397994                                
parent#2: 0.6709195682061897                                 -0.01845933768612494                               0.024693570713231895                               0.13974759522743901                                -0.24095718158293972                               -0.6865323442397994                                
son     : 0.6709195682061897                                 -0.01845933768612494                               0.024693570713231895                               0.13974759522743901                                -0.24095718158293972                               -0.6865323442397994                                

0   :
parent#1: 0.6216528292763971                                 -0.08391175092822807                               0.0638198600195788                                 0.15191328056919767                                -0.2980814586800423                                -0.7003594809480154                                
parent#2: 0.6458922156218072                                 -0.03213875654870148                               0.024560337774982607                               0.14333310621461348                                -0.2454862308590082                                -0.7073749126570316                                
son:      0.6343832830588364                                 -0.058081172128893466                              0.044232684479316386                               0.14776545647276387                                -0.2720457603005203                                -0.7045455069896387                                
mutated:  0.6343832830588364                                 -0.058081172128893466                              0.044232684479316386                               0.14776545647276387                                -0.2720457603005203                                -0.7045455069896387                                
1   :
parent#1: 0.6637158683627844                                 -0.03477142941099893                               0.02097578183632425                                0.12510264899138665                                -0.2168592623279434                                -0.7036715127916036                                
parent#2: 0.6522611265374394                                 0.03311535006336736                                -0.01276586258022726                               0.1410628248137937                                 -0.215308966274041                                 -0.7120668210557424                                
son:      0.6584995215019888                                 -8.286827674122035E-4                              0.004108147728007758                               0.1331860950611452                                 -0.2162519351368643                                -0.7084189305917035                                
mutated:  0.6584995215019888                                 -8.286827674122035E-4                              0.004108147728007758                               0.1331860950611452                                 -0.2162519351368643                                -0.7084189305917035                                
2   :
parent#1: 0.6522611265374394                                 0.03311535006336736                                -0.01276586258022726                               0.1410628248137937                                 -0.215308966274041                                 -0.7120668210557424                                
parent#2: 0.6522611265374394                                 0.03311535006336736                                -0.01276586258022726                               0.1410628248137937                                 -0.215308966274041                                 -0.7120668210557424                                
son:      0.6522611265374394                                 0.03311535006336736                                -0.01276586258022726                               0.1410628248137937                                 -0.215308966274041                                 -0.7120668210557424                                
mutated:  0.6522611265374394                                 0.03311535006336736                                -0.01276586258022726                               0.1410628248137937                                 -0.215308966274041                                 -0.7120668210557424                                
3   :
parent#1: 0.6891397685900688                                 -0.01205082786053128                               0.021784132198430207                               0.12358177353968079                                -0.22545742394713858                               -0.6770251869138777                                
parent#2: 0.6458922156218072                                 -0.03213875654870148                               0.024560337774982607                               0.14333310621461348                                -0.2454862308590082                                -0.7073749126570316                                
son:      0.6678494956589938                                 -0.02210583117865058                               0.02318381227143322                                0.13352411772592848                                -0.23558947355988788                               -0.6925458859583088                                
mutated:  0.6678494956589938                                 -0.02210583117865058                               0.02318381227143322                                0.13352411772592848                                -0.23558947355988788                               -0.6925458859583088                                
4   :
parent#1: 0.6891397685900688                                 -0.01205082786053128                               0.021784132198430207                               0.12358177353968079                                -0.22545742394713858                               -0.6770251869138777                                
parent#2: 0.6522611265374394                                 0.03311535006336736                                -0.01276586258022726                               0.1410628248137937                                 -0.215308966274041                                 -0.7120668210557424                                
son:      0.6712233844746008                                 0.010540472976189577                               0.004512650526194296                               0.13242546925008214                                -0.22055502518416775                               -0.6950875329834622                                
mutated:  0.6712233844746008                                 0.010540472976189577                               0.004512650526194296                               0.13242546925008214                                -0.22055502518416775                               -0.6950875329834622                                

