0   :
parent#1: -0.4627748348748278                                -0.04840212253269867                               -0.156821688999543                                 -0.2065068096589786                                -0.6822136962434069                                -0.5008423452770492                                
parent#2: -0.4627748348748278                                -0.04840212253269867                               -0.156821688999543                                 -0.2065068096589786                                -0.6822136962434069                                -0.5008423452770492                                
son     : -0.46277483487482785                               -0.048402122532698676                              -0.15682168899954302                               -0.20650680965897864                               -0.682213696243407                                 -0.5008423452770493                                
1   :
parent#1: -0.4627748348748278                                -0.04840212253269867                               -0.156821688999543                                 -0.2065068096589786                                -0.6822136962434069                                -0.5008423452770492                                
parent#2: -0.4370595259190209                                0.08160633975993586                                0.5449039690966772                                 0.29415182682531626                                -0.5031556767537698                                -0.4070726081461381                                
son     : -0.5031403214134371                                0.018566061995293294                               0.21699531786124523                                0.049006510563181414                               -0.6627965693567022                                -0.5076585662703569                                
2   :
parent#1: -0.4627748348748278                                -0.04840212253269867                               -0.156821688999543                                 -0.2065068096589786                                -0.6822136962434069                                -0.5008423452770492                                
parent#2: -0.5054970711115444                                -0.0766361129025148                                -0.5482350723210464                                -0.6272605302926068                                0.08474882785429554                                0.19339024300191843                                
son     : -0.6008493705082122                                -0.07759095826928086                               -0.437514409529917                                 -0.5173841957646012                                -0.3707495671958719                                -0.1907856677151581                                
3   :
parent#1: -0.4627748348748278                                -0.04840212253269867                               -0.156821688999543                                 -0.2065068096589786                                -0.6822136962434069                                -0.5008423452770492                                
parent#2: 0.10293329530858125                                0.35607264777945324                                0.5218977969483999                                 0.6175344961345101                                 -0.4124178299107178                                -0.19698318561817274                               
son     : -0.24197077145842627                               0.2068890502155901                                 0.2454906890069086                                 0.27639023139780283                                -0.7360707581606651                                -0.4692437183812598                                
4   :
parent#1: -0.4627748348748278                                -0.04840212253269867                               -0.156821688999543                                 -0.2065068096589786                                -0.6822136962434069                                -0.5008423452770492                                
parent#2: 0.6708739880480264                                 -0.28631119237156777                               0.31772784926764575                                0.07510699136776756                                -0.1402422539768217                                0.5845460265284903                                 
son     : 0.22159094453079295                                -0.3564139424197402                                0.1713382658744242                                 -0.1399189251966357                                -0.875778627953318                                 0.08913048182264337                                
5   :
parent#1: -0.4627748348748278                                -0.04840212253269867                               -0.156821688999543                                 -0.2065068096589786                                -0.6822136962434069                                -0.5008423452770492                                
parent#2: -0.26015795454750607                               -0.06129357055600976                               -0.254356736484043                                 0.44339655319043864                                0.464732240419716                                  -0.6717790029709548                                
son     : -0.4327107867177837                                -0.06565826083763072                               -0.2461104857542176                                0.1417901481142935                                 -0.13017333453804872                               -0.8431076168062115                                
6   :
parent#1: -0.4627748348748278                                -0.04840212253269867                               -0.156821688999543                                 -0.2065068096589786                                -0.6822136962434069                                -0.5008423452770492                                
parent#2: 4.795900983084259E-4                               0.5195856698389261                                 0.6834187572090661                                 0.4613351202936343                                 -0.21794641013244107                               0.05136704274364413                                
son     : -0.3455077955057856                                0.3521506884352002                                 0.39356535506835333                                0.19045224633968674                                -0.6727569393592202                                -0.33592649430708704                               
7   :
parent#1: -0.4627748348748278                                -0.04840212253269867                               -0.156821688999543                                 -0.2065068096589786                                -0.6822136962434069                                -0.5008423452770492                                
parent#2: 0.3038735900869655                                 -0.5221975628325886                                -0.02918447314908652                               0.5328329040610401                                 0.46610157754066306                                0.36463300578850194                                
son     : -0.2128777638214835                                -0.7644243770397624                                -0.24918984057097274                               0.43717448120466507                                -0.28952236733942344                               -0.182477737292956                                 
8   :
parent#1: -0.4627748348748278                                -0.04840212253269867                               -0.156821688999543                                 -0.2065068096589786                                -0.6822136962434069                                -0.5008423452770492                                
parent#2: -0.35581810987560264                               -0.022007964121444817                              0.15790186778848952                                0.4850393518110251                                 0.5681999323828612                                 -0.5383881372983081                                
son     : -0.602553152479741                                 -0.05182773679140432                               7.951023016939344E-4                               0.20502334208741502                                -0.08392370503657028                               -0.7649609093805896                                
9   :
parent#1: -0.4627748348748278                                -0.04840212253269867                               -0.156821688999543                                 -0.2065068096589786                                -0.6822136962434069                                -0.5008423452770492                                
parent#2: -0.3581008555946988                                0.4654970334283256                                 0.34144876988616896                                -0.3442335034067167                                -0.41362049791066025                               -0.4989092156650051                                
son     : -0.44613053835838606                               0.22668325948107357                                0.10034135490645947                                -0.2993170284079523                                -0.5955653269618063                                -0.5433462182959762                                
10  :
parent#1: -0.4370595259190209                                0.08160633975993586                                0.5449039690966772                                 0.29415182682531626                                -0.5031556767537698                                -0.4070726081461381                                
parent#2: -0.4627748348748278                                -0.04840212253269867                               -0.156821688999543                                 -0.2065068096589786                                -0.6822136962434069                                -0.5008423452770492                                
son     : -0.5031403214134371                                0.018566061995293294                               0.21699531786124523                                0.049006510563181414                               -0.6627965693567022                                -0.5076585662703569                                
11  :
parent#1: -0.4370595259190209                                0.08160633975993586                                0.5449039690966772                                 0.29415182682531626                                -0.5031556767537698                                -0.4070726081461381                                
parent#2: -0.4370595259190209                                0.08160633975993586                                0.5449039690966772                                 0.29415182682531626                                -0.5031556767537698                                -0.4070726081461381                                
son     : -0.4370595259190209                                0.08160633975993586                                0.5449039690966772                                 0.29415182682531626                                -0.5031556767537698                                -0.4070726081461381                                
12  :
parent#1: -0.4370595259190209                                0.08160633975993586                                0.5449039690966772                                 0.29415182682531626                                -0.5031556767537698                                -0.4070726081461381                                
parent#2: -0.5054970711115444                                -0.0766361129025148                                -0.5482350723210464                                -0.6272605302926068                                0.08474882785429554                                0.19339024300191843                                
son     : -0.8533035799571063                                0.004499583774595146                               -0.0030156728153150503                             -0.30156581586611253                               -0.37878686878780143                               -0.19344825310829733                               
13  :
parent#1: -0.4370595259190209                                0.08160633975993586                                0.5449039690966772                                 0.29415182682531626                                -0.5031556767537698                                -0.4070726081461381                                
parent#2: 0.10293329530858125                                0.35607264777945324                                0.5218977969483999                                 0.6175344961345101                                 -0.4124178299107178                                -0.19698318561817274                               
son     : -0.17922381266007797                               0.23476904738876603                                0.5722276862663334                                 0.48902445776970976                                -0.4911095256878637                                -0.32401282060393544                               
14  :
parent#1: -0.4370595259190209                                0.08160633975993586                                0.5449039690966772                                 0.29415182682531626                                -0.5031556767537698                                -0.4070726081461381                                
parent#2: 0.6708739880480264                                 -0.28631119237156777                               0.31772784926764575                                0.07510699136776756                                -0.1402422539768217                                0.5845460265284903                                 
son     : 0.19603909107404377                                -0.17163246823581374                               0.7232638907955422                                 0.30960087939174397                                -0.5394497174847711                                0.1488005802236635                                 
15  :
parent#1: -0.4370595259190209                                0.08160633975993586                                0.5449039690966772                                 0.29415182682531626                                -0.5031556767537698                                -0.4070726081461381                                
parent#2: -0.26015795454750607                               -0.06129357055600976                               -0.254356736484043                                 0.44339655319043864                                0.464732240419716                                  -0.6717790029709548                                
son     : -0.46171143108683327                               0.013451524095761022                               0.19240621803993735                                0.4884193635033203                                 -0.02544477193141965                               -0.7144372240436434                                
16  :
parent#1: -0.4370595259190209                                0.08160633975993586                                0.5449039690966772                                 0.29415182682531626                                -0.5031556767537698                                -0.4070726081461381                                
parent#2: 4.795900983084259E-4                               0.5195856698389261                                 0.6834187572090661                                 0.4613351202936343                                 -0.21794641013244107                               0.05136704274364413                                
son     : -0.24113131533000903                               0.3320496618057989                                 0.6784257597341345                                 0.41726965974967933                                -0.3982782542931447                                -0.19646287842905194                               
17  :
parent#1: -0.4370595259190209                                0.08160633975993586                                0.5449039690966772                                 0.29415182682531626                                -0.5031556767537698                                -0.4070726081461381                                
parent#2: 0.3038735900869655                                 -0.5221975628325886                                -0.02918447314908652                               0.5328329040610401                                 0.46610157754066306                                0.36463300578850194                                
son     : -0.12339949288761891                               -0.40821677723133565                               0.47782465824649223                                0.7662182630594163                                 -0.03433138059014477                               -0.0393211593744273                                
18  :
parent#1: -0.4370595259190209                                0.08160633975993586                                0.5449039690966772                                 0.29415182682531626                                -0.5031556767537698                                -0.4070726081461381                                
parent#2: -0.35581810987560264                               -0.022007964121444817                              0.15790186778848952                                0.4850393518110251                                 0.5681999323828612                                 -0.5383881372983081                                
son     : -0.48877841778075426                               0.036740095106466406                               0.43325263502424033                                0.4803412459236557                                 0.040097269637643325                               -0.5828400075492235                                
19  :
parent#1: -0.4370595259190209                                0.08160633975993586                                0.5449039690966772                                 0.29415182682531626                                -0.5031556767537698                                -0.4070726081461381                                
parent#2: -0.3581008555946988                                0.4654970334283256                                 0.34144876988616896                                -0.3442335034067167                                -0.41362049791066025                               -0.4989092156650051                                
son     : -0.4324454244480479                                0.2975404156642761                                 0.48204009572314593                                -0.02723675926243302                               -0.49858578369045253                               -0.49271531058224194                               
20  :
parent#1: -0.5054970711115444                                -0.0766361129025148                                -0.5482350723210464                                -0.6272605302926068                                0.08474882785429554                                0.19339024300191843                                
parent#2: -0.4627748348748278                                -0.04840212253269867                               -0.156821688999543                                 -0.2065068096589786                                -0.6822136962434069                                -0.5008423452770492                                
son     : -0.6008493705082122                                -0.07759095826928086                               -0.437514409529917                                 -0.5173841957646012                                -0.3707495671958719                                -0.1907856677151581                                
21  :
parent#1: -0.5054970711115444                                -0.0766361129025148                                -0.5482350723210464                                -0.6272605302926068                                0.08474882785429554                                0.19339024300191843                                
parent#2: -0.4370595259190209                                0.08160633975993586                                0.5449039690966772                                 0.29415182682531626                                -0.5031556767537698                                -0.4070726081461381                                
son     : -0.8533035799571063                                0.004499583774595146                               -0.0030156728153150503                             -0.30156581586611253                               -0.37878686878780143                               -0.19344825310829733                               
22  :
parent#1: -0.5054970711115444                                -0.0766361129025148                                -0.5482350723210464                                -0.6272605302926068                                0.08474882785429554                                0.19339024300191843                                
parent#2: -0.5054970711115444                                -0.0766361129025148                                -0.5482350723210464                                -0.6272605302926068                                0.08474882785429554                                0.19339024300191843                                
son     : -0.5054970711115445                                -0.07663611290251482                               -0.5482350723210465                                -0.6272605302926069                                0.08474882785429555                                0.19339024300191845                                
23  :
parent#1: -0.5054970711115444                                -0.0766361129025148                                -0.5482350723210464                                -0.6272605302926068                                0.08474882785429554                                0.19339024300191843                                
parent#2: 0.10293329530858125                                0.35607264777945324                                0.5218977969483999                                 0.6175344961345101                                 -0.4124178299107178                                -0.19698318561817274                               
son     : -0.6821052746810923                                0.4734781066626803                                 -0.044625958747971345                              -0.016479821582887192                              -0.555203344380322                                 -0.00608789279483778                               
24  :
parent#1: -0.5054970711115444                                -0.0766361129025148                                -0.5482350723210464                                -0.6272605302926068                                0.08474882785429554                                0.19339024300191843                                
parent#2: 0.6708739880480264                                 -0.28631119237156777                               0.31772784926764575                                0.07510699136776756                                -0.1402422539768217                                0.5845460265284903                                 
son     : 0.15589448356111416                                -0.3421365191935037                                -0.21729032782016539                               -0.520493986655889                                 -0.05231152670315397                               0.7333307164535087                                 
25  :
parent#1: -0.5054970711115444                                -0.0766361129025148                                -0.5482350723210464                                -0.6272605302926068                                0.08474882785429554                                0.19339024300191843                                
parent#2: -0.26015795454750607                               -0.06129357055600976                               -0.254356736484043                                 0.44339655319043864                                0.464732240419716                                  -0.6717790029709548                                
son     : -0.568479555461727                                 -0.10240931295394538                               -0.5959041858231254                                -0.13651436804518569                               0.4079758415458298                                 -0.355191594766841                                 
26  :
parent#1: -0.5054970711115444                                -0.0766361129025148                                -0.5482350723210464                                -0.6272605302926068                                0.08474882785429554                                0.19339024300191843                                
parent#2: 4.795900983084259E-4                               0.5195856698389261                                 0.6834187572090661                                 0.4613351202936343                                 -0.21794641013244107                               0.05136704274364413                                
son     : -0.6661708125295133                                0.5842967369404451                                 0.17832140190851237                                -0.21887294866810977                               -0.1757015250940855                                0.322860427703425                                  
27  :
parent#1: -0.5054970711115444                                -0.0766361129025148                                -0.5482350723210464                                -0.6272605302926068                                0.08474882785429554                                0.19339024300191843                                
parent#2: 0.3038735900869655                                 -0.5221975628325886                                -0.02918447314908652                               0.5328329040610401                                 0.46610157754066306                                0.36463300578850194                                
son     : -0.17311936302367137                               -0.5141747576897903                                -0.495788007434617                                 -0.08107810867055376                               0.4729750266125064                                 0.4791338235610599                                 
28  :
parent#1: -0.5054970711115444                                -0.0766361129025148                                -0.5482350723210464                                -0.6272605302926068                                0.08474882785429554                                0.19339024300191843                                
parent#2: -0.35581810987560264                               -0.022007964121444817                              0.15790186778848952                                0.4850393518110251                                 0.5681999323828612                                 -0.5383881372983081                                
son     : -0.7105102730995462                                -0.08137280249213684                               -0.32199101777632144                               -0.117320129255908                                 0.538626059538866                                  -0.2845933213604348                                
29  :
parent#1: -0.5054970711115444                                -0.0766361129025148                                -0.5482350723210464                                -0.6272605302926068                                0.08474882785429554                                0.19339024300191843                                
parent#2: -0.3581008555946988                                0.4654970334283256                                 0.34144876988616896                                -0.3442335034067167                                -0.41362049791066025                               -0.4989092156650051                                
son     : -0.5980684198984045                                0.2692982800295894                                 -0.1432059449535113                                -0.6727898292800305                                -0.2277538585694911                                -0.21158138941636154                               
30  :
parent#1: 0.10293329530858125                                0.35607264777945324                                0.5218977969483999                                 0.6175344961345101                                 -0.4124178299107178                                -0.19698318561817274                               
parent#2: -0.4627748348748278                                -0.04840212253269867                               -0.156821688999543                                 -0.2065068096589786                                -0.6822136962434069                                -0.5008423452770492                                
son     : -0.24197077145842627                               0.2068890502155901                                 0.2454906890069086                                 0.27639023139780283                                -0.7360707581606651                                -0.4692437183812598                                
31  :
parent#1: 0.10293329530858125                                0.35607264777945324                                0.5218977969483999                                 0.6175344961345101                                 -0.4124178299107178                                -0.19698318561817274                               
parent#2: -0.4370595259190209                                0.08160633975993586                                0.5449039690966772                                 0.29415182682531626                                -0.5031556767537698                                -0.4070726081461381                                
son     : -0.17922381266007797                               0.23476904738876603                                0.5722276862663334                                 0.48902445776970976                                -0.4911095256878637                                -0.32401282060393544                               
32  :
parent#1: 0.10293329530858125                                0.35607264777945324                                0.5218977969483999                                 0.6175344961345101                                 -0.4124178299107178                                -0.19698318561817274                               
parent#2: -0.5054970711115444                                -0.0766361129025148                                -0.5482350723210464                                -0.6272605302926068                                0.08474882785429554                                0.19339024300191843                                
son     : -0.6821052746810923                                0.4734781066626803                                 -0.044625958747971345                              -0.016479821582887192                              -0.555203344380322                                 -0.00608789279483778                               
33  :
parent#1: 0.10293329530858125                                0.35607264777945324                                0.5218977969483999                                 0.6175344961345101                                 -0.4124178299107178                                -0.19698318561817274                               
parent#2: 0.10293329530858125                                0.35607264777945324                                0.5218977969483999                                 0.6175344961345101                                 -0.4124178299107178                                -0.19698318561817274                               
son     : 0.10293329530858127                                0.3560726477794533                                 0.5218977969484                                    0.6175344961345102                                 -0.41241782991071785                               -0.19698318561817277                               
34  :
parent#1: 0.10293329530858125                                0.35607264777945324                                0.5218977969483999                                 0.6175344961345101                                 -0.4124178299107178                                -0.19698318561817274                               
parent#2: 0.6708739880480264                                 -0.28631119237156777                               0.31772784926764575                                0.07510699136776756                                -0.1402422539768217                                0.5845460265284903                                 
son     : 0.5165600445456934                                 0.046569709652710276                               0.5604975173271786                                 0.46237729384809184                                -0.36893180471656295                               0.2587200749732767                                 
35  :
parent#1: 0.10293329530858125                                0.35607264777945324                                0.5218977969483999                                 0.6175344961345101                                 -0.4124178299107178                                -0.19698318561817274                               
parent#2: -0.26015795454750607                               -0.06129357055600976                               -0.254356736484043                                 0.44339655319043864                                0.464732240419716                                  -0.6717790029709548                                
son     : -0.10937776512043458                               0.2050713725635596                                 0.18612247858062225                                0.7380665837265261                                 0.03639399400046892                                -0.6043789000338374                                
36  :
parent#1: 0.10293329530858125                                0.35607264777945324                                0.5218977969483999                                 0.6175344961345101                                 -0.4124178299107178                                -0.19698318561817274                               
parent#2: 4.795900983084259E-4                               0.5195856698389261                                 0.6834187572090661                                 0.4613351202936343                                 -0.21794641013244107                               0.05136704274364413                                
son     : 0.05296069068857509                                0.4484496213967486                                 0.6172770149037914                                 0.5525199284802658                                 -0.32282752199311765                               -0.07457418359131748                               
37  :
parent#1: 0.10293329530858125                                0.35607264777945324                                0.5218977969483999                                 0.6175344961345101                                 -0.4124178299107178                                -0.19698318561817274                               
parent#2: 0.3038735900869655                                 -0.5221975628325886                                -0.02918447314908652                               0.5328329040610401                                 0.46610157754066306                                0.36463300578850194                                
son     : 0.30404566453577836                                -0.12416102580016257                               0.3682517561484575                                 0.8597795003215561                                 0.040122995231624964                               0.12530073313146897                                
38  :
parent#1: 0.10293329530858125                                0.35607264777945324                                0.5218977969483999                                 0.6175344961345101                                 -0.4124178299107178                                -0.19698318561817274                               
parent#2: -0.35581810987560264                               -0.022007964121444817                              0.15790186778848952                                0.4850393518110251                                 0.5681999323828612                                 -0.5383881372983081                                
son     : -0.1626147633739858                                0.21481657401083354                                0.43713760279428154                                0.7089978324439492                                 0.10017394589225445                                -0.47287233862903966                               
39  :
parent#1: 0.10293329530858125                                0.35607264777945324                                0.5218977969483999                                 0.6175344961345101                                 -0.4124178299107178                                -0.19698318561817274                               
parent#2: -0.3581008555946988                                0.4654970334283256                                 0.34144876988616896                                -0.3442335034067167                                -0.41362049791066025                               -0.4989092156650051                                
son     : -0.15452634102406376                               0.49753250997498194                                0.5228320788858968                                 0.1655077250302331                                 -0.5002386674887145                                -0.42142389258321944                               
40  :
parent#1: 0.6708739880480264                                 -0.28631119237156777                               0.31772784926764575                                0.07510699136776756                                -0.1402422539768217                                0.5845460265284903                                 
parent#2: -0.4627748348748278                                -0.04840212253269867                               -0.156821688999543                                 -0.2065068096589786                                -0.6822136962434069                                -0.5008423452770492                                
son     : 0.22159094453079295                                -0.3564139424197402                                0.1713382658744242                                 -0.1399189251966357                                -0.875778627953318                                 0.08913048182264337                                
41  :
parent#1: 0.6708739880480264                                 -0.28631119237156777                               0.31772784926764575                                0.07510699136776756                                -0.1402422539768217                                0.5845460265284903                                 
parent#2: -0.4370595259190209                                0.08160633975993586                                0.5449039690966772                                 0.29415182682531626                                -0.5031556767537698                                -0.4070726081461381                                
son     : 0.19603909107404377                                -0.17163246823581374                               0.7232638907955422                                 0.30960087939174397                                -0.5394497174847711                                0.1488005802236635                                 
42  :
parent#1: 0.6708739880480264                                 -0.28631119237156777                               0.31772784926764575                                0.07510699136776756                                -0.1402422539768217                                0.5845460265284903                                 
parent#2: -0.5054970711115444                                -0.0766361129025148                                -0.5482350723210464                                -0.6272605302926068                                0.08474882785429554                                0.19339024300191843                                
son     : 0.15589448356111416                                -0.3421365191935037                                -0.21729032782016539                               -0.520493986655889                                 -0.05231152670315397                               0.7333307164535087                                 
43  :
parent#1: 0.6708739880480264                                 -0.28631119237156777                               0.31772784926764575                                0.07510699136776756                                -0.1402422539768217                                0.5845460265284903                                 
parent#2: 0.10293329530858125                                0.35607264777945324                                0.5218977969483999                                 0.6175344961345101                                 -0.4124178299107178                                -0.19698318561817274                               
son     : 0.5165600445456934                                 0.046569709652710276                               0.5604975173271786                                 0.46237729384809184                                -0.36893180471656295                               0.2587200749732767                                 
44  :
parent#1: 0.6708739880480264                                 -0.28631119237156777                               0.31772784926764575                                0.07510699136776756                                -0.1402422539768217                                0.5845460265284903                                 
parent#2: 0.6708739880480264                                 -0.28631119237156777                               0.31772784926764575                                0.07510699136776756                                -0.1402422539768217                                0.5845460265284903                                 
son     : 0.6708739880480264                                 -0.28631119237156777                               0.31772784926764575                                0.07510699136776756                                -0.1402422539768217                                0.5845460265284903                                 
45  :
parent#1: 0.6708739880480264                                 -0.28631119237156777                               0.31772784926764575                                0.07510699136776756                                -0.1402422539768217                                0.5845460265284903                                 
parent#2: -0.26015795454750607                               -0.06129357055600976                               -0.254356736484043                                 0.44339655319043864                                0.464732240419716                                  -0.6717790029709548                                
son     : 0.4998032812843063                                 -0.42300272434101727                               0.07711676078952581                                0.630970675089086                                  0.3948741873692962                                 -0.10615443349154062                               
46  :
parent#1: 0.6708739880480264                                 -0.28631119237156777                               0.31772784926764575                                0.07510699136776756                                -0.1402422539768217                                0.5845460265284903                                 
parent#2: 4.795900983084259E-4                               0.5195856698389261                                 0.6834187572090661                                 0.4613351202936343                                 -0.21794641013244107                               0.05136704274364413                                
son     : 0.44001840559592953                                0.15289270361055118                                0.6561712753002376                                 0.3515947637003777                                 -0.23476393068324364                               0.4167899955360744                                 
47  :
parent#1: 0.6708739880480264                                 -0.28631119237156777                               0.31772784926764575                                0.07510699136776756                                -0.1402422539768217                                0.5845460265284903                                 
parent#2: 0.3038735900869655                                 -0.5221975628325886                                -0.02918447314908652                               0.5328329040610401                                 0.46610157754066306                                0.36463300578850194                                
son     : 0.556881108029778                                  -0.4619075353963212                                0.1648471446474353                                 0.3473209374160828                                 0.18616604466488354                                0.5422735927661023                                 
48  :
parent#1: 0.6708739880480264                                 -0.28631119237156777                               0.31772784926764575                                0.07510699136776756                                -0.1402422539768217                                0.5845460265284903                                 
parent#2: -0.35581810987560264                               -0.022007964121444817                              0.15790186778848952                                0.4850393518110251                                 0.5681999323828612                                 -0.5383881372983081                                
son     : 0.3285422488596378                                 -0.321517153173964                                 0.49598965673186224                                0.5841241253646633                                 0.44627695536383893                                0.048133736841433246                               
49  :
parent#1: 0.6708739880480264                                 -0.28631119237156777                               0.31772784926764575                                0.07510699136776756                                -0.1402422539768217                                0.5845460265284903                                 
parent#2: -0.3581008555946988                                0.4654970334283256                                 0.34144876988616896                                -0.3442335034067167                                -0.41362049791066025                               -0.4989092156650051                                
son     : 0.3207339005312914                                 0.18374651707236983                                0.6759541222159833                                 -0.2759763770806439                                -0.5679597840724858                                0.08781645712936892                                
50  :
parent#1: -0.26015795454750607                               -0.06129357055600976                               -0.254356736484043                                 0.44339655319043864                                0.464732240419716                                  -0.6717790029709548                                
parent#2: -0.4627748348748278                                -0.04840212253269867                               -0.156821688999543                                 -0.2065068096589786                                -0.6822136962434069                                -0.5008423452770492                                
son     : -0.4893862911302701                                -0.07425803501947086                               -0.2783454943314814                                0.16036150896724097                                -0.14722315077202902                               -0.7938010571879297                                
51  :
parent#1: -0.26015795454750607                               -0.06129357055600976                               -0.254356736484043                                 0.44339655319043864                                0.464732240419716                                  -0.6717790029709548                                
parent#2: -0.4370595259190209                                0.08160633975993586                                0.5449039690966772                                 0.29415182682531626                                -0.5031556767537698                                -0.4070726081461381                                
son     : -0.46171143108683327                               0.013451524095761022                               0.19240621803993735                                0.4884193635033203                                 -0.02544477193141965                               -0.7144372240436434                                
52  :
parent#1: -0.26015795454750607                               -0.06129357055600976                               -0.254356736484043                                 0.44339655319043864                                0.464732240419716                                  -0.6717790029709548                                
parent#2: -0.5054970711115444                                -0.0766361129025148                                -0.5482350723210464                                -0.6272605302926068                                0.08474882785429554                                0.19339024300191843                                
son     : -0.568479555461727                                 -0.10240931295394538                               -0.5959041858231254                                -0.13651436804518569                               0.4079758415458298                                 -0.355191594766841                                 
53  :
parent#1: -0.26015795454750607                               -0.06129357055600976                               -0.254356736484043                                 0.44339655319043864                                0.464732240419716                                  -0.6717790029709548                                
parent#2: 0.10293329530858125                                0.35607264777945324                                0.5218977969483999                                 0.6175344961345101                                 -0.4124178299107178                                -0.19698318561817274                               
son     : -0.10937776512043458                               0.2050713725635596                                 0.18612247858062225                                0.7380665837265261                                 0.03639399400046892                                -0.6043789000338374                                
54  :
parent#1: -0.26015795454750607                               -0.06129357055600976                               -0.254356736484043                                 0.44339655319043864                                0.464732240419716                                  -0.6717790029709548                                
parent#2: 0.6708739880480264                                 -0.28631119237156777                               0.31772784926764575                                0.07510699136776756                                -0.1402422539768217                                0.5845460265284903                                 
son     : 0.4998032812843063                                 -0.42300272434101727                               0.07711676078952581                                0.630970675089086                                  0.3948741873692962                                 -0.10615443349154062                               
55  :
parent#1: -0.26015795454750607                               -0.06129357055600976                               -0.254356736484043                                 0.44339655319043864                                0.464732240419716                                  -0.6717790029709548                                
parent#2: -0.26015795454750607                               -0.06129357055600976                               -0.254356736484043                                 0.44339655319043864                                0.464732240419716                                  -0.6717790029709548                                
son     : -0.26015795454750607                               -0.06129357055600976                               -0.254356736484043                                 0.44339655319043864                                0.464732240419716                                  -0.6717790029709548                                
56  :
parent#1: -0.26015795454750607                               -0.06129357055600976                               -0.254356736484043                                 0.44339655319043864                                0.464732240419716                                  -0.6717790029709548                                
parent#2: 4.795900983084259E-4                               0.5195856698389261                                 0.6834187572090661                                 0.4613351202936343                                 -0.21794641013244107                               0.05136704274364413                                
son     : -0.19766346167763174                               0.34884539956155                                   0.32659588129645545                                0.6886688263366842                                 0.1878498488352676                                 -0.4722487219328077                                
57  :
parent#1: -0.26015795454750607                               -0.06129357055600976                               -0.254356736484043                                 0.44339655319043864                                0.464732240419716                                  -0.6717790029709548                                
parent#2: 0.3038735900869655                                 -0.5221975628325886                                -0.02918447314908652                               0.5328329040610401                                 0.46610157754066306                                0.36463300578850194                                
son     : 0.028598694579829605                               -0.3817189092162854                                -0.18549217814239236                               0.6386476541686595                                 0.608949903985652                                  -0.20093439009732375                               
58  :
parent#1: -0.26015795454750607                               -0.06129357055600976                               -0.254356736484043                                 0.44339655319043864                                0.464732240419716                                  -0.6717790029709548                                
parent#2: -0.35581810987560264                               -0.022007964121444817                              0.15790186778848952                                0.4850393518110251                                 0.5681999323828612                                 -0.5383881372983081                                
son     : -0.3164425657017651                                -0.042794116334562184                              -0.04955131844779315                               0.4769611302079702                                 0.5306435198316839                                 -0.6216936288805688                                
59  :
parent#1: 4.795900983084259E-4                               0.5195856698389261                                 0.6834187572090661                                 0.4613351202936343                                 -0.21794641013244107                               0.05136704274364413                                
parent#2: -0.4627748348748278                                -0.04840212253269867                               -0.156821688999543                                 -0.2065068096589786                                -0.6822136962434069                                -0.5008423452770492                                
son     : -0.3455077955057856                                0.3521506884352002                                 0.39356535506835333                                0.19045224633968674                                -0.6727569393592202                                -0.33592649430708704                               
60  :
parent#1: 4.795900983084259E-4                               0.5195856698389261                                 0.6834187572090661                                 0.4613351202936343                                 -0.21794641013244107                               0.05136704274364413                                
parent#2: -0.4370595259190209                                0.08160633975993586                                0.5449039690966772                                 0.29415182682531626                                -0.5031556767537698                                -0.4070726081461381                                
son     : -0.24113131533000903                               0.3320496618057989                                 0.6784257597341345                                 0.41726965974967933                                -0.3982782542931447                                -0.19646287842905194                               
61  :
parent#1: 4.795900983084259E-4                               0.5195856698389261                                 0.6834187572090661                                 0.4613351202936343                                 -0.21794641013244107                               0.05136704274364413                                
parent#2: -0.5054970711115444                                -0.0766361129025148                                -0.5482350723210464                                -0.6272605302926068                                0.08474882785429554                                0.19339024300191843                                
son     : -0.6661708125295133                                0.5842967369404451                                 0.17832140190851237                                -0.21887294866810977                               -0.1757015250940855                                0.322860427703425                                  
62  :
parent#1: 4.795900983084259E-4                               0.5195856698389261                                 0.6834187572090661                                 0.4613351202936343                                 -0.21794641013244107                               0.05136704274364413                                
parent#2: 0.10293329530858125                                0.35607264777945324                                0.5218977969483999                                 0.6175344961345101                                 -0.4124178299107178                                -0.19698318561817274                               
son     : 0.05296069068857509                                0.4484496213967486                                 0.6172770149037914                                 0.5525199284802658                                 -0.32282752199311765                               -0.07457418359131748                               
63  :
parent#1: 4.795900983084259E-4                               0.5195856698389261                                 0.6834187572090661                                 0.4613351202936343                                 -0.21794641013244107                               0.05136704274364413                                
parent#2: 0.6708739880480264                                 -0.28631119237156777                               0.31772784926764575                                0.07510699136776756                                -0.1402422539768217                                0.5845460265284903                                 
son     : 0.44001840559592953                                0.15289270361055118                                0.6561712753002376                                 0.3515947637003777                                 -0.23476393068324364                               0.4167899955360744                                 
64  :
parent#1: 4.795900983084259E-4                               0.5195856698389261                                 0.6834187572090661                                 0.4613351202936343                                 -0.21794641013244107                               0.05136704274364413                                
parent#2: -0.26015795454750607                               -0.06129357055600976                               -0.254356736484043                                 0.44339655319043864                                0.464732240419716                                  -0.6717790029709548                                
son     : -0.19766346167763174                               0.34884539956155                                   0.32659588129645545                                0.6886688263366842                                 0.1878498488352676                                 -0.4722487219328077                                
65  :
parent#1: 4.795900983084259E-4                               0.5195856698389261                                 0.6834187572090661                                 0.4613351202936343                                 -0.21794641013244107                               0.05136704274364413                                
parent#2: 4.795900983084259E-4                               0.5195856698389261                                 0.6834187572090661                                 0.4613351202936343                                 -0.21794641013244107                               0.05136704274364413                                
son     : 4.7959009830842597E-4                              0.5195856698389262                                 0.6834187572090662                                 0.4613351202936344                                 -0.2179464101324411                                0.051367042743644134                               
66  :
parent#1: 4.795900983084259E-4                               0.5195856698389261                                 0.6834187572090661                                 0.4613351202936343                                 -0.21794641013244107                               0.05136704274364413                                
parent#2: 0.3038735900869655                                 -0.5221975628325886                                -0.02918447314908652                               0.5328329040610401                                 0.46610157754066306                                0.36463300578850194                                
son     : 0.23048678848499832                                -0.001977987637945054                              0.49545189229819275                                0.7528838535825213                                 0.1879280103038846                                 0.31503700778618327                                
67  :
parent#1: 4.795900983084259E-4                               0.5195856698389261                                 0.6834187572090661                                 0.4613351202936343                                 -0.21794641013244107                               0.05136704274364413                                
parent#2: -0.35581810987560264                               -0.022007964121444817                              0.15790186778848952                                0.4850393518110251                                 0.5681999323828612                                 -0.5383881372983081                                
son     : -0.23243309209147936                               0.3254742119379102                                 0.5503224205219232                                 0.6190399649483295                                 0.22910690696753153                                -0.31856894938399716                               
68  :
parent#1: 4.795900983084259E-4                               0.5195856698389261                                 0.6834187572090661                                 0.4613351202936343                                 -0.21794641013244107                               0.05136704274364413                                
parent#2: -0.3581008555946988                                0.4654970334283256                                 0.34144876988616896                                -0.3442335034067167                                -0.41362049791066025                               -0.4989092156650051                                
son     : -0.21520353691787222                               0.5927871252440136                                 0.6167281925951185                                 0.07046751567719808                                -0.380054111778014                                 -0.2693146851849027                                
69  :
parent#1: 0.3038735900869655                                 -0.5221975628325886                                -0.02918447314908652                               0.5328329040610401                                 0.46610157754066306                                0.36463300578850194                                
parent#2: -0.4627748348748278                                -0.04840212253269867                               -0.156821688999543                                 -0.2065068096589786                                -0.6822136962434069                                -0.5008423452770492                                
son     : -0.2128777638214835                                -0.7644243770397624                                -0.24918984057097274                               0.43717448120466507                                -0.28952236733942344                               -0.182477737292956                                 
70  :
parent#1: 0.3038735900869655                                 -0.5221975628325886                                -0.02918447314908652                               0.5328329040610401                                 0.46610157754066306                                0.36463300578850194                                
parent#2: -0.4370595259190209                                0.08160633975993586                                0.5449039690966772                                 0.29415182682531626                                -0.5031556767537698                                -0.4070726081461381                                
son     : -0.12339949288761891                               -0.40821677723133565                               0.47782465824649223                                0.7662182630594163                                 -0.03433138059014477                               -0.0393211593744273                                
71  :
parent#1: 0.3038735900869655                                 -0.5221975628325886                                -0.02918447314908652                               0.5328329040610401                                 0.46610157754066306                                0.36463300578850194                                
parent#2: -0.5054970711115444                                -0.0766361129025148                                -0.5482350723210464                                -0.6272605302926068                                0.08474882785429554                                0.19339024300191843                                
son     : -0.17311936302367137                               -0.5141747576897903                                -0.495788007434617                                 -0.08107810867055376                               0.4729750266125064                                 0.4791338235610599                                 
72  :
parent#1: 0.3038735900869655                                 -0.5221975628325886                                -0.02918447314908652                               0.5328329040610401                                 0.46610157754066306                                0.36463300578850194                                
parent#2: 0.10293329530858125                                0.35607264777945324                                0.5218977969483999                                 0.6175344961345101                                 -0.4124178299107178                                -0.19698318561817274                               
son     : 0.30404566453577836                                -0.12416102580016257                               0.3682517561484575                                 0.8597795003215561                                 0.040122995231624964                               0.12530073313146897                                
73  :
parent#1: 0.3038735900869655                                 -0.5221975628325886                                -0.02918447314908652                               0.5328329040610401                                 0.46610157754066306                                0.36463300578850194                                
parent#2: 0.6708739880480264                                 -0.28631119237156777                               0.31772784926764575                                0.07510699136776756                                -0.1402422539768217                                0.5845460265284903                                 
son     : 0.556881108029778                                  -0.4619075353963212                                0.1648471446474353                                 0.3473209374160828                                 0.18616604466488354                                0.5422735927661023                                 
74  :
parent#1: 0.3038735900869655                                 -0.5221975628325886                                -0.02918447314908652                               0.5328329040610401                                 0.46610157754066306                                0.36463300578850194                                
parent#2: -0.26015795454750607                               -0.06129357055600976                               -0.254356736484043                                 0.44339655319043864                                0.464732240419716                                  -0.6717790029709548                                
son     : 0.028598694579829605                               -0.3817189092162854                                -0.18549217814239236                               0.6386476541686595                                 0.608949903985652                                  -0.20093439009732375                               
75  :
parent#1: 0.3038735900869655                                 -0.5221975628325886                                -0.02918447314908652                               0.5328329040610401                                 0.46610157754066306                                0.36463300578850194                                
parent#2: 4.795900983084259E-4                               0.5195856698389261                                 0.6834187572090661                                 0.4613351202936343                                 -0.21794641013244107                               0.05136704274364413                                
son     : 0.23048678848499832                                -0.001977987637945054                              0.49545189229819275                                0.7528838535825213                                 0.1879280103038846                                 0.31503700778618327                                
76  :
parent#1: 0.3038735900869655                                 -0.5221975628325886                                -0.02918447314908652                               0.5328329040610401                                 0.46610157754066306                                0.36463300578850194                                
parent#2: 0.3038735900869655                                 -0.5221975628325886                                -0.02918447314908652                               0.5328329040610401                                 0.46610157754066306                                0.36463300578850194                                
son     : 0.3038735900869655                                 -0.5221975628325886                                -0.02918447314908652                               0.5328329040610401                                 0.46610157754066306                                0.36463300578850194                                
77  :
parent#1: 0.3038735900869655                                 -0.5221975628325886                                -0.02918447314908652                               0.5328329040610401                                 0.46610157754066306                                0.36463300578850194                                
parent#2: -0.35581810987560264                               -0.022007964121444817                              0.15790186778848952                                0.4850393518110251                                 0.5681999323828612                                 -0.5383881372983081                                
son     : -0.033176249666313384                              -0.34757657796201474                               0.0822100278976564                                 0.6501009967294428                                 0.660594135109783                                  -0.11097501040010464                               
78  :
parent#1: 0.3038735900869655                                 -0.5221975628325886                                -0.02918447314908652                               0.5328329040610401                                 0.46610157754066306                                0.36463300578850194                                
parent#2: -0.3581008555946988                                0.4654970334283256                                 0.34144876988616896                                -0.3442335034067167                                -0.41362049791066025                               -0.4989092156650051                                
son     : -0.13556026949398062                               -0.14174306918347415                               0.7806152831547539                                 0.47147104578705507                                0.13119505900520967                                -0.335670977082428                                 
79  :
parent#1: -0.35581810987560264                               -0.022007964121444817                              0.15790186778848952                                0.4850393518110251                                 0.5681999323828612                                 -0.5383881372983081                                
parent#2: -0.4627748348748278                                -0.04840212253269867                               -0.156821688999543                                 -0.2065068096589786                                -0.6822136962434069                                -0.5008423452770492                                
son     : -0.602553152479741                                 -0.05182773679140432                               7.951023016939344E-4                               0.20502334208741502                                -0.08392370503657028                               -0.7649609093805896                                
80  :
parent#1: -0.35581810987560264                               -0.022007964121444817                              0.15790186778848952                                0.4850393518110251                                 0.5681999323828612                                 -0.5383881372983081                                
parent#2: -0.4370595259190209                                0.08160633975993586                                0.5449039690966772                                 0.29415182682531626                                -0.5031556767537698                                -0.4070726081461381                                
son     : -0.48877841778075426                               0.036740095106466406                               0.43325263502424033                                0.4803412459236557                                 0.040097269637643325                               -0.5828400075492235                                
81  :
parent#1: -0.35581810987560264                               -0.022007964121444817                              0.15790186778848952                                0.4850393518110251                                 0.5681999323828612                                 -0.5383881372983081                                
parent#2: -0.5054970711115444                                -0.0766361129025148                                -0.5482350723210464                                -0.6272605302926068                                0.08474882785429554                                0.19339024300191843                                
son     : -0.7105102730995462                                -0.08137280249213684                               -0.32199101777632144                               -0.117320129255908                                 0.538626059538866                                  -0.2845933213604348                                
82  :
parent#1: -0.35581810987560264                               -0.022007964121444817                              0.15790186778848952                                0.4850393518110251                                 0.5681999323828612                                 -0.5383881372983081                                
parent#2: 0.10293329530858125                                0.35607264777945324                                0.5218977969483999                                 0.6175344961345101                                 -0.4124178299107178                                -0.19698318561817274                               
son     : -0.1626147633739858                                0.21481657401083354                                0.43713760279428154                                0.7089978324439492                                 0.10017394589225445                                -0.47287233862903966                               
83  :
parent#1: -0.35581810987560264                               -0.022007964121444817                              0.15790186778848952                                0.4850393518110251                                 0.5681999323828612                                 -0.5383881372983081                                
parent#2: 0.6708739880480264                                 -0.28631119237156777                               0.31772784926764575                                0.07510699136776756                                -0.1402422539768217                                0.5845460265284903                                 
son     : 0.3285422488596378                                 -0.321517153173964                                 0.49598965673186224                                0.5841241253646633                                 0.44627695536383893                                0.048133736841433246                               
84  :
parent#1: -0.35581810987560264                               -0.022007964121444817                              0.15790186778848952                                0.4850393518110251                                 0.5681999323828612                                 -0.5383881372983081                                
parent#2: -0.26015795454750607                               -0.06129357055600976                               -0.254356736484043                                 0.44339655319043864                                0.464732240419716                                  -0.6717790029709548                                
son     : -0.3164425657017651                                -0.042794116334562184                              -0.04955131844779315                               0.4769611302079702                                 0.5306435198316839                                 -0.6216936288805688                                
85  :
parent#1: -0.35581810987560264                               -0.022007964121444817                              0.15790186778848952                                0.4850393518110251                                 0.5681999323828612                                 -0.5383881372983081                                
parent#2: 4.795900983084259E-4                               0.5195856698389261                                 0.6834187572090661                                 0.4613351202936343                                 -0.21794641013244107                               0.05136704274364413                                
son     : -0.23243309209147936                               0.3254742119379102                                 0.5503224205219232                                 0.6190399649483295                                 0.22910690696753153                                -0.31856894938399716                               
86  :
parent#1: -0.35581810987560264                               -0.022007964121444817                              0.15790186778848952                                0.4850393518110251                                 0.5681999323828612                                 -0.5383881372983081                                
parent#2: 0.3038735900869655                                 -0.5221975628325886                                -0.02918447314908652                               0.5328329040610401                                 0.46610157754066306                                0.36463300578850194                                
son     : -0.033176249666313384                              -0.34757657796201474                               0.0822100278976564                                 0.6501009967294428                                 0.660594135109783                                  -0.11097501040010464                               
87  :
parent#1: -0.35581810987560264                               -0.022007964121444817                              0.15790186778848952                                0.4850393518110251                                 0.5681999323828612                                 -0.5383881372983081                                
parent#2: -0.35581810987560264                               -0.022007964121444817                              0.15790186778848952                                0.4850393518110251                                 0.5681999323828612                                 -0.5383881372983081                                
son     : -0.35581810987560264                               -0.022007964121444817                              0.15790186778848952                                0.4850393518110251                                 0.5681999323828612                                 -0.5383881372983081                                
88  :
parent#1: -0.35581810987560264                               -0.022007964121444817                              0.15790186778848952                                0.4850393518110251                                 0.5681999323828612                                 -0.5383881372983081                                
parent#2: -0.3581008555946988                                0.4654970334283256                                 0.34144876988616896                                -0.3442335034067167                                -0.41362049791066025                               -0.4989092156650051                                
son     : -0.49555953621978255                               0.3078433941861758                                 0.34661912960120195                                0.09773893720039403                                0.10729973086748988                                -0.7200293310850439                                
89  :
parent#1: -0.3581008555946988                                0.4654970334283256                                 0.34144876988616896                                -0.3442335034067167                                -0.41362049791066025                               -0.4989092156650051                                
parent#2: -0.4627748348748278                                -0.04840212253269867                               -0.156821688999543                                 -0.2065068096589786                                -0.6822136962434069                                -0.5008423452770492                                
son     : -0.44613053835838606                               0.22668325948107357                                0.10034135490645947                                -0.2993170284079523                                -0.5955653269618063                                -0.5433462182959762                                
90  :
parent#1: -0.3581008555946988                                0.4654970334283256                                 0.34144876988616896                                -0.3442335034067167                                -0.41362049791066025                               -0.4989092156650051                                
parent#2: -0.4370595259190209                                0.08160633975993586                                0.5449039690966772                                 0.29415182682531626                                -0.5031556767537698                                -0.4070726081461381                                
son     : -0.4324454244480479                                0.2975404156642761                                 0.48204009572314593                                -0.02723675926243302                               -0.49858578369045253                               -0.49271531058224194                               
91  :
parent#1: -0.3581008555946988                                0.4654970334283256                                 0.34144876988616896                                -0.3442335034067167                                -0.41362049791066025                               -0.4989092156650051                                
parent#2: -0.5054970711115444                                -0.0766361129025148                                -0.5482350723210464                                -0.6272605302926068                                0.08474882785429554                                0.19339024300191843                                
son     : -0.5980684198984045                                0.2692982800295894                                 -0.1432059449535113                                -0.6727898292800305                                -0.2277538585694911                                -0.21158138941636154                               
92  :
parent#1: -0.3581008555946988                                0.4654970334283256                                 0.34144876988616896                                -0.3442335034067167                                -0.41362049791066025                               -0.4989092156650051                                
parent#2: 0.10293329530858125                                0.35607264777945324                                0.5218977969483999                                 0.6175344961345101                                 -0.4124178299107178                                -0.19698318561817274                               
son     : -0.15452634102406376                               0.49753250997498194                                0.5228320788858968                                 0.1655077250302331                                 -0.5002386674887145                                -0.42142389258321944                               
93  :
parent#1: -0.3581008555946988                                0.4654970334283256                                 0.34144876988616896                                -0.3442335034067167                                -0.41362049791066025                               -0.4989092156650051                                
parent#2: 0.6708739880480264                                 -0.28631119237156777                               0.31772784926764575                                0.07510699136776756                                -0.1402422539768217                                0.5845460265284903                                 
son     : 0.3207339005312914                                 0.18374651707236983                                0.6759541222159833                                 -0.2759763770806439                                -0.5679597840724858                                0.08781645712936892                                
94  :
parent#1: -0.3581008555946988                                0.4654970334283256                                 0.34144876988616896                                -0.3442335034067167                                -0.41362049791066025                               -0.4989092156650051                                
parent#2: -0.26015795454750607                               -0.06129357055600976                               -0.254356736484043                                 0.44339655319043864                                0.464732240419716                                  -0.6717790029709548                                
son     : -0.44432322445938066                               0.29048835700338194                                0.0625903140742241                                 0.07126537512177972                                0.036732406990104556                               -0.8413369217032199                                
95  :
parent#1: -0.3581008555946988                                0.4654970334283256                                 0.34144876988616896                                -0.3442335034067167                                -0.41362049791066025                               -0.4989092156650051                                
parent#2: 4.795900983084259E-4                               0.5195856698389261                                 0.6834187572090661                                 0.4613351202936343                                 -0.21794641013244107                               0.05136704274364413                                
son     : -0.21520353691787222                               0.5927871252440136                                 0.6167281925951185                                 0.07046751567719808                                -0.380054111778014                                 -0.2693146851849027                                
96  :
parent#1: -0.3581008555946988                                0.4654970334283256                                 0.34144876988616896                                -0.3442335034067167                                -0.41362049791066025                               -0.4989092156650051                                
parent#2: 0.3038735900869655                                 -0.5221975628325886                                -0.02918447314908652                               0.5328329040610401                                 0.46610157754066306                                0.36463300578850194                                
son     : -0.13556026949398062                               -0.14174306918347415                               0.7806152831547539                                 0.47147104578705507                                0.13119505900520967                                -0.335670977082428                                 
97  :
parent#1: -0.3581008555946988                                0.4654970334283256                                 0.34144876988616896                                -0.3442335034067167                                -0.41362049791066025                               -0.4989092156650051                                
parent#2: -0.35581810987560264                               -0.022007964121444817                              0.15790186778848952                                0.4850393518110251                                 0.5681999323828612                                 -0.5383881372983081                                
son     : -0.49555953621978255                               0.3078433941861758                                 0.34661912960120195                                0.09773893720039403                                0.10729973086748988                                -0.7200293310850439                                
98  :
parent#1: -0.3581008555946988                                0.4654970334283256                                 0.34144876988616896                                -0.3442335034067167                                -0.41362049791066025                               -0.4989092156650051                                
parent#2: -0.3581008555946988                                0.4654970334283256                                 0.34144876988616896                                -0.3442335034067167                                -0.41362049791066025                               -0.4989092156650051                                
son     : -0.3581008555946988                                0.4654970334283256                                 0.34144876988616896                                -0.3442335034067167                                -0.41362049791066025                               -0.4989092156650051                                

0   :
parent#1: -0.26015795454750607                               -0.06129357055600976                               -0.254356736484043                                 0.44339655319043864                                0.464732240419716                                  -0.6717790029709548                                
parent#2: -0.3581008555946988                                0.4654970334283256                                 0.34144876988616896                                -0.3442335034067167                                -0.41362049791066025                               -0.4989092156650051                                
son:      -0.44432322445938066                               0.29048835700338194                                0.0625903140742241                                 0.07126537512177972                                0.036732406990104556                               -0.8413369217032199                                
mutated:  -0.44432322445938066                               0.29048835700338194                                0.0625903140742241                                 0.07126537512177972                                0.036732406990104556                               -0.8413369217032199                                

