0   :
parent#1: -0.38264960890916355                               0.4790744124857008                                 0.26414492176544646                                -0.597470831021331                                 0.17987767867683918                                0.40616138565991555                                
parent#2: -0.38264960890916355                               0.4790744124857008                                 0.26414492176544646                                -0.597470831021331                                 0.17987767867683918                                0.40616138565991555                                
son     : -0.4169738333545705                                0.5220480815483399                                 0.28783910404002955                                -0.4862470206124881                                0.19601296712839042                                0.44259465055254454                                
1   :
parent#1: -0.38264960890916355                               0.4790744124857008                                 0.26414492176544646                                -0.597470831021331                                 0.17987767867683918                                0.40616138565991555                                
parent#2: -0.5794718837451026                                0.10923998242781177                                0.29420297482487195                                0.522183324330461                                  -0.2629421243855414                                0.4731908566393443                                 
son     : -0.6250478534344455                                0.3822018866565491                                 0.3627339758003157                                 -0.04891096894399171                               -0.05396330285036391                               0.5712763259716809                                 
2   :
parent#1: -0.38264960890916355                               0.4790744124857008                                 0.26414492176544646                                -0.597470831021331                                 0.17987767867683918                                0.40616138565991555                                
parent#2: -0.2669632186820971                                -0.3527159894618843                                0.2231659609812442                                 -0.5358675242631691                                -0.4261461591123898                                0.5345694267557359                                 
son     : -0.3811036724616042                                0.07412978472021976                                0.28588716102466394                                -0.6648874390951575                                -0.14447655329334155                               0.5518917610336554                                 
3   :
parent#1: -0.38264960890916355                               0.4790744124857008                                 0.26414492176544646                                -0.597470831021331                                 0.17987767867683918                                0.40616138565991555                                
parent#2: -0.0639877418325946                                0.5849509476258753                                 -0.31056907123490957                               -0.11272400071590796                               -0.2964314348061847                                -0.6758006465522123                                
son     : -0.32195927760295967                               0.7670044516514802                                 -0.03346492540692641                               -0.511945126406776                                 -0.08401796908161534                               -0.1943699099641003                                
4   :
parent#1: -0.38264960890916355                               0.4790744124857008                                 0.26414492176544646                                -0.597470831021331                                 0.17987767867683918                                0.40616138565991555                                
parent#2: -0.43791437563607977                               0.21611039202443216                                -0.39722792003620605                               -0.2661278964576774                                0.5980338593862198                                 0.41865107591961676                                
son     : -0.4583095852427909                                0.38828155442223483                                -0.07433084425968481                               -0.48234577931964245                               0.43448691519509963                                0.46068248703250037                                
5   :
parent#1: -0.38264960890916355                               0.4790744124857008                                 0.26414492176544646                                -0.597470831021331                                 0.17987767867683918                                0.40616138565991555                                
parent#2: 0.16000447271643045                                -0.3588330723071169                                0.12850164854066398                                -0.6095206129724134                                0.4378530858133947                                 0.5156491237819817                                 
son     : -0.02716911693031556                               0.07111394799250856                                0.23222169462444897                                -0.7138470566619797                                0.3653425135987903                                 0.5451834163694278                                 
6   :
parent#1: -0.38264960890916355                               0.4790744124857008                                 0.26414492176544646                                -0.597470831021331                                 0.17987767867683918                                0.40616138565991555                                
parent#2: 0.036737909617562646                               -0.44327403320771847                               0.3313750977472726                                 0.4200404143050969                                 -0.4772777021394653                                0.5367690820684015                                 
son     : -0.3021855765248351                                0.031274912858050126                               0.5202413240057232                                 -0.1550017327492537                                -0.10574098002696444                               0.7757886503104519                                 
7   :
parent#1: -0.38264960890916355                               0.4790744124857008                                 0.26414492176544646                                -0.597470831021331                                 0.17987767867683918                                0.40616138565991555                                
parent#2: -0.29248886448283773                               -0.2894829078378976                                0.24568137296349887                                -0.16548249693809342                               -0.3870082571678532                                0.7701498070460451                                 
son     : -0.39573599999099973                               0.11469336470848733                                0.3084193738951964                                 -0.4615485512484346                                -0.12530362594717187                               0.7116093565812824                                 
8   :
parent#1: -0.38264960890916355                               0.4790744124857008                                 0.26414492176544646                                -0.597470831021331                                 0.17987767867683918                                0.40616138565991555                                
parent#2: 0.036737909617562646                               -0.44327403320771847                               0.3313750977472726                                 0.4200404143050969                                 -0.4772777021394653                                0.5367690820684015                                 
son     : -0.2838942486067508                                0.029381838763399906                               0.4887510564576791                                 -0.14561945992805286                               -0.24408008277678495                               0.773875347877378                                  
9   :
parent#1: -0.5794718837451026                                0.10923998242781177                                0.29420297482487195                                0.522183324330461                                  -0.2629421243855414                                0.4731908566393443                                 
parent#2: -0.38264960890916355                               0.4790744124857008                                 0.26414492176544646                                -0.597470831021331                                 0.17987767867683918                                0.40616138565991555                                
son     : -0.6250478534344455                                0.3822018866565491                                 0.3627339758003157                                 -0.04891096894399171                               -0.05396330285036391                               0.5712763259716809                                 
10  :
parent#1: -0.5794718837451026                                0.10923998242781177                                0.29420297482487195                                0.522183324330461                                  -0.2629421243855414                                0.4731908566393443                                 
parent#2: -0.5794718837451026                                0.10923998242781177                                0.29420297482487195                                0.522183324330461                                  -0.2629421243855414                                0.4731908566393443                                 
son     : -0.5794718837451026                                0.10923998242781177                                0.29420297482487195                                0.522183324330461                                  -0.2629421243855414                                0.4731908566393443                                 
11  :
parent#1: -0.5794718837451026                                0.10923998242781177                                0.29420297482487195                                0.522183324330461                                  -0.2629421243855414                                0.4731908566393443                                 
parent#2: -0.2669632186820971                                -0.3527159894618843                                0.2231659609812442                                 -0.5358675242631691                                -0.4261461591123898                                0.5345694267557359                                 
son     : -0.5317275189145617                                -0.1529507610969934                                0.3250093241771174                                 -0.008596365696182242                              -0.4328828072545149                                0.633071423448426                                  
12  :
parent#1: -0.5794718837451026                                0.10923998242781177                                0.29420297482487195                                0.522183324330461                                  -0.2629421243855414                                0.4731908566393443                                 
parent#2: -0.0639877418325946                                0.5849509476258753                                 -0.31056907123490957                               -0.11272400071590796                               -0.2964314348061847                                -0.6758006465522123                                
son     : -0.5403951245075171                                0.5830006719404555                                 -0.01374469874355214                               0.34387522288876227                                -0.4697773289104764                                -0.17015728461301174                               
13  :
parent#1: -0.5794718837451026                                0.10923998242781177                                0.29420297482487195                                0.522183324330461                                  -0.2629421243855414                                0.4731908566393443                                 
parent#2: -0.43791437563607977                               0.21611039202443216                                -0.39722792003620605                               -0.2661278964576774                                0.5980338593862198                                 0.41865107591961676                                
son     : -0.6979582184090719                                0.2232003485574229                                 -0.07067827636588285                               0.17566188711921793                                0.22988322105601675                                0.6118309546759241                                 
14  :
parent#1: -0.5794718837451026                                0.10923998242781177                                0.29420297482487195                                0.522183324330461                                  -0.2629421243855414                                0.4731908566393443                                 
parent#2: 0.29085527417441626                                0.25733626516347335                                -0.21183211697599721                               -0.24419522650199865                               0.6607173766948191                                 -0.5550942711119088                                
son     : -0.422488428370227                                 0.5366088353441293                                 0.12057772533550348                                0.40692999176962324                                0.5822791745863055                                 -0.11989346320068335                               
15  :
parent#1: -0.5794718837451026                                0.10923998242781177                                0.29420297482487195                                0.522183324330461                                  -0.2629421243855414                                0.4731908566393443                                 
parent#2: 0.16000447271643045                                -0.3588330723071169                                0.12850164854066398                                -0.6095206129724134                                0.4378530858133947                                 0.5156491237819817                                 
son     : -0.35041440723950035                               -0.20850490965829468                               0.3531187075315032                                 -0.0729597661814138                                0.14611700279200676                                0.8260564861148969                                 
16  :
parent#1: -0.5794718837451026                                0.10923998242781177                                0.29420297482487195                                0.522183324330461                                  -0.2629421243855414                                0.4731908566393443                                 
parent#2: 0.036737909617562646                               -0.44327403320771847                               0.3313750977472726                                 0.4200404143050969                                 -0.4772777021394653                                0.5367690820684015                                 
son     : -0.3009057590531964                                -0.18519712122521692                               0.34683667090669573                                0.522393221702843                                  -0.41039702577084375                               0.5599479237663464                                 
17  :
parent#1: -0.5794718837451026                                0.10923998242781177                                0.29420297482487195                                0.522183324330461                                  -0.2629421243855414                                0.4731908566393443                                 
parent#2: -0.29248886448283773                               -0.2894829078378976                                0.24568137296349887                                -0.16548249693809342                               -0.3870082571678532                                0.7701498070460451                                 
son     : -0.4889832125455252                                -0.10107767452232558                               0.3027594800810828                                 0.20003276162423222                                -0.3644829497348983                                0.6972477984277753                                 
18  :
parent#1: -0.5794718837451026                                0.10923998242781177                                0.29420297482487195                                0.522183324330461                                  -0.2629421243855414                                0.4731908566393443                                 
parent#2: 0.036737909617562646                               -0.44327403320771847                               0.3313750977472726                                 0.4200404143050969                                 -0.4772777021394653                                0.5367690820684015                                 
son     : -0.3009057590531964                                -0.18519712122521692                               0.34683667090669573                                0.522393221702843                                  -0.41039702577084375                               0.5599479237663464                                 
19  :
parent#1: -0.2669632186820971                                -0.3527159894618843                                0.2231659609812442                                 -0.5358675242631691                                -0.4261461591123898                                0.5345694267557359                                 
parent#2: -0.38264960890916355                               0.4790744124857008                                 0.26414492176544646                                -0.597470831021331                                 0.17987767867683918                                0.40616138565991555                                
son     : -0.3811036724616042                                0.07412978472021976                                0.28588716102466394                                -0.6648874390951575                                -0.14447655329334155                               0.5518917610336554                                 
20  :
parent#1: -0.2669632186820971                                -0.3527159894618843                                0.2231659609812442                                 -0.5358675242631691                                -0.4261461591123898                                0.5345694267557359                                 
parent#2: -0.5794718837451026                                0.10923998242781177                                0.29420297482487195                                0.522183324330461                                  -0.2629421243855414                                0.4731908566393443                                 
son     : -0.5317275189145617                                -0.1529507610969934                                0.3250093241771174                                 -0.008596365696182242                              -0.4328828072545149                                0.633071423448426                                  
21  :
parent#1: -0.2669632186820971                                -0.3527159894618843                                0.2231659609812442                                 -0.5358675242631691                                -0.4261461591123898                                0.5345694267557359                                 
parent#2: -0.2669632186820971                                -0.3527159894618843                                0.2231659609812442                                 -0.5358675242631691                                -0.4261461591123898                                0.5345694267557359                                 
son     : -0.2669632186820971                                -0.3527159894618843                                0.2231659609812442                                 -0.5358675242631691                                -0.4261461591123898                                0.5345694267557359                                 
22  :
parent#1: -0.2669632186820971                                -0.3527159894618843                                0.2231659609812442                                 -0.5358675242631691                                -0.4261461591123898                                0.5345694267557359                                 
parent#2: -0.0639877418325946                                0.5849509476258753                                 -0.31056907123490957                               -0.11272400071590796                               -0.2964314348061847                                -0.6758006465522123                                
son     : -0.3108053065602105                                0.21809834681822185                                -0.08208270625490573                               -0.6091104477834793                                -0.6785928351503672                                -0.13263418996110657                               
23  :
parent#1: -0.2669632186820971                                -0.3527159894618843                                0.2231659609812442                                 -0.5358675242631691                                -0.4261461591123898                                0.5345694267557359                                 
parent#2: -0.43791437563607977                               0.21611039202443216                                -0.39722792003620605                               -0.2661278964576774                                0.5980338593862198                                 0.41865107591961676                                
son     : -0.48329392526194537                               -0.09366258188722924                               -0.1193442494250767                                -0.5498820192989755                                0.11785348554019977                                0.6535683388032129                                 
24  :
parent#1: -0.2669632186820971                                -0.3527159894618843                                0.2231659609812442                                 -0.5358675242631691                                -0.4261461591123898                                0.5345694267557359                                 
parent#2: 0.29085527417441626                                0.25733626516347335                                -0.21183211697599721                               -0.24419522650199865                               0.6607173766948191                                 -0.5550942711119088                                
son     : 0.02910767669612785                                -0.1162010601865745                                0.013808015268302599                               -0.9503499755081413                                0.285777971920475                                  -0.02500540541394132                               
25  :
parent#1: -0.2669632186820971                                -0.3527159894618843                                0.2231659609812442                                 -0.5358675242631691                                -0.4261461591123898                                0.5345694267557359                                 
parent#2: 0.16000447271643045                                -0.3588330723071169                                0.12850164854066398                                -0.6095206129724134                                0.4378530858133947                                 0.5156491237819817                                 
son     : -0.06118002022726653                               -0.4070035189613555                                0.2011526151468815                                 -0.6551579187983172                                0.006696320211126214                               0.6007212555163359                                 
26  :
parent#1: -0.2669632186820971                                -0.3527159894618843                                0.2231659609812442                                 -0.5358675242631691                                -0.4261461591123898                                0.5345694267557359                                 
parent#2: 0.036737909617562646                               -0.44327403320771847                               0.3313750977472726                                 0.4200404143050969                                 -0.4772777021394653                                0.5367690820684015                                 
son     : -0.13355708230321778                               -0.4617655000755132                                0.3216974107757956                                 -0.0671930072348294                                -0.5240894473425725                                0.6214991999751157                                 
27  :
parent#1: -0.2669632186820971                                -0.3527159894618843                                0.2231659609812442                                 -0.5358675242631691                                -0.4261461591123898                                0.5345694267557359                                 
parent#2: -0.29248886448283773                               -0.2894829078378976                                0.24568137296349887                                -0.16548249693809342                               -0.3870082571678532                                0.7701498070460451                                 
son     : -0.2869691470791952                                -0.32941385930810135                               0.24049373231632373                                -0.3597552381063627                                -0.41710494304268597                               0.6692515355091372                                 
28  :
parent#1: -0.2669632186820971                                -0.3527159894618843                                0.2231659609812442                                 -0.5358675242631691                                -0.4261461591123898                                0.5345694267557359                                 
parent#2: 0.036737909617562646                               -0.44327403320771847                               0.3313750977472726                                 0.4200404143050969                                 -0.4772777021394653                                0.5367690820684015                                 
son     : -0.13355708230321778                               -0.4617655000755132                                0.3216974107757956                                 -0.0671930072348294                                -0.5240894473425725                                0.6214991999751157                                 
29  :
parent#1: -0.0639877418325946                                0.5849509476258753                                 -0.31056907123490957                               -0.11272400071590796                               -0.2964314348061847                                -0.6758006465522123                                
parent#2: -0.38264960890916355                               0.4790744124857008                                 0.26414492176544646                                -0.597470831021331                                 0.17987767867683918                                0.40616138565991555                                
son     : -0.32195927760295967                               0.7670044516514802                                 -0.03346492540692641                               -0.511945126406776                                 -0.08401796908161534                               -0.1943699099641003                                
30  :
parent#1: -0.0639877418325946                                0.5849509476258753                                 -0.31056907123490957                               -0.11272400071590796                               -0.2964314348061847                                -0.6758006465522123                                
parent#2: -0.5794718837451026                                0.10923998242781177                                0.29420297482487195                                0.522183324330461                                  -0.2629421243855414                                0.4731908566393443                                 
son     : -0.5403951245075171                                0.5830006719404555                                 -0.01374469874355214                               0.34387522288876227                                -0.4697773289104764                                -0.17015728461301174                               
31  :
parent#1: -0.0639877418325946                                0.5849509476258753                                 -0.31056907123490957                               -0.11272400071590796                               -0.2964314348061847                                -0.6758006465522123                                
parent#2: -0.2669632186820971                                -0.3527159894618843                                0.2231659609812442                                 -0.5358675242631691                                -0.4261461591123898                                0.5345694267557359                                 
son     : -0.3108053065602105                                0.21809834681822185                                -0.08208270625490573                               -0.6091104477834793                                -0.6785928351503672                                -0.13263418996110657                               
32  :
parent#1: -0.0639877418325946                                0.5849509476258753                                 -0.31056907123490957                               -0.11272400071590796                               -0.2964314348061847                                -0.6758006465522123                                
parent#2: -0.0639877418325946                                0.5849509476258753                                 -0.31056907123490957                               -0.11272400071590796                               -0.2964314348061847                                -0.6758006465522123                                
son     : -0.0639877418325946                                0.5849509476258753                                 -0.31056907123490957                               -0.11272400071590796                               -0.2964314348061847                                -0.6758006465522123                                
33  :
parent#1: -0.0639877418325946                                0.5849509476258753                                 -0.31056907123490957                               -0.11272400071590796                               -0.2964314348061847                                -0.6758006465522123                                
parent#2: -0.43791437563607977                               0.21611039202443216                                -0.39722792003620605                               -0.2661278964576774                                0.5980338593862198                                 0.41865107591961676                                
son     : -0.3854859213356772                                0.6152551619405429                                 -0.5436234791653287                                -0.2909771996346356                                0.23164574220702577                                -0.1975037277314671                                
34  :
parent#1: -0.0639877418325946                                0.5849509476258753                                 -0.31056907123490957                               -0.11272400071590796                               -0.2964314348061847                                -0.6758006465522123                                
parent#2: 0.29085527417441626                                0.25733626516347335                                -0.21183211697599721                               -0.24419522650199865                               0.6607173766948191                                 -0.5550942711119088                                
son     : 0.13536148935395406                                0.50255428976577                                   -0.31169291677206684                               -0.2129573926977119                                0.21735277470404019                                -0.7344187490089497                                
35  :
parent#1: -0.0639877418325946                                0.5849509476258753                                 -0.31056907123490957                               -0.11272400071590796                               -0.2964314348061847                                -0.6758006465522123                                
parent#2: 0.16000447271643045                                -0.3588330723071169                                0.12850164854066398                                -0.6095206129724134                                0.4378530858133947                                 0.5156491237819817                                 
son     : 0.11811838714668245                                0.2781669245748368                                 -0.22397669783837612                               -0.8884948290673893                                0.1739748601189337                                 -0.19701607620437558                               
36  :
parent#1: -0.0639877418325946                                0.5849509476258753                                 -0.31056907123490957                               -0.11272400071590796                               -0.2964314348061847                                -0.6758006465522123                                
parent#2: 0.036737909617562646                               -0.44327403320771847                               0.3313750977472726                                 0.4200404143050969                                 -0.4772777021394653                                0.5367690820684015                                 
son     : -0.03181415013446194                               0.16540764692856183                                0.024291013828729963                               0.35879158607507006                                -0.9033045946468413                                -0.16231920369319222                               
37  :
parent#1: -0.0639877418325946                                0.5849509476258753                                 -0.31056907123490957                               -0.11272400071590796                               -0.2964314348061847                                -0.6758006465522123                                
parent#2: -0.29248886448283773                               -0.2894829078378976                                0.24568137296349887                                -0.16548249693809342                               -0.3870082571678532                                0.7701498070460451                                 
son     : -0.40572207219562084                               0.33628547637227324                                -0.07385161027757811                               -0.3166393382532073                                -0.7778534780009754                                0.10738302662027412                                
38  :
parent#1: -0.0639877418325946                                0.5849509476258753                                 -0.31056907123490957                               -0.11272400071590796                               -0.2964314348061847                                -0.6758006465522123                                
parent#2: 0.036737909617562646                               -0.44327403320771847                               0.3313750977472726                                 0.4200404143050969                                 -0.4772777021394653                                0.5367690820684015                                 
son     : -0.03181415013446194                               0.16540764692856183                                0.024291013828729963                               0.35879158607507006                                -0.9033045946468413                                -0.16231920369319222                               
39  :
parent#1: -0.43791437563607977                               0.21611039202443216                                -0.39722792003620605                               -0.2661278964576774                                0.5980338593862198                                 0.41865107591961676                                
parent#2: -0.38264960890916355                               0.4790744124857008                                 0.26414492176544646                                -0.597470831021331                                 0.17987767867683918                                0.40616138565991555                                
son     : -0.4583095852427909                                0.38828155442223483                                -0.07433084425968481                               -0.48234577931964245                               0.43448691519509963                                0.46068248703250037                                
40  :
parent#1: -0.43791437563607977                               0.21611039202443216                                -0.39722792003620605                               -0.2661278964576774                                0.5980338593862198                                 0.41865107591961676                                
parent#2: -0.5794718837451026                                0.10923998242781177                                0.29420297482487195                                0.522183324330461                                  -0.2629421243855414                                0.4731908566393443                                 
son     : -0.6979582184090719                                0.2232003485574229                                 -0.07067827636588285                               0.17566188711921793                                0.22988322105601675                                0.6118309546759241                                 
41  :
parent#1: -0.43791437563607977                               0.21611039202443216                                -0.39722792003620605                               -0.2661278964576774                                0.5980338593862198                                 0.41865107591961676                                
parent#2: -0.2669632186820971                                -0.3527159894618843                                0.2231659609812442                                 -0.5358675242631691                                -0.4261461591123898                                0.5345694267557359                                 
son     : -0.48329392526194537                               -0.09366258188722924                               -0.1193442494250767                                -0.5498820192989755                                0.11785348554019977                                0.6535683388032129                                 
42  :
parent#1: -0.43791437563607977                               0.21611039202443216                                -0.39722792003620605                               -0.2661278964576774                                0.5980338593862198                                 0.41865107591961676                                
parent#2: -0.0639877418325946                                0.5849509476258753                                 -0.31056907123490957                               -0.11272400071590796                               -0.2964314348061847                                -0.6758006465522123                                
son     : -0.3854859213356772                                0.6152551619405429                                 -0.5436234791653287                                -0.2909771996346356                                0.23164574220702577                                -0.1975037277314671                                
43  :
parent#1: -0.43791437563607977                               0.21611039202443216                                -0.39722792003620605                               -0.2661278964576774                                0.5980338593862198                                 0.41865107591961676                                
parent#2: -0.43791437563607977                               0.21611039202443216                                -0.39722792003620605                               -0.2661278964576774                                0.5980338593862198                                 0.41865107591961676                                
son     : -0.4379143756360798                                0.2161103920244322                                 -0.3972279200362061                                -0.2661278964576775                                0.5980338593862199                                 0.4186510759196168                                 
44  :
parent#1: -0.43791437563607977                               0.21611039202443216                                -0.39722792003620605                               -0.2661278964576774                                0.5980338593862198                                 0.41865107591961676                                
parent#2: 0.29085527417441626                                0.25733626516347335                                -0.21183211697599721                               -0.24419522650199865                               0.6607173766948191                                 -0.5550942711119088                                
son     : -0.09337822971531518                               0.3006247846847155                                 -0.38673531581022175                               -0.32404026225597626                               0.7992702315528114                                 -0.08663743962204752                               
45  :
parent#1: -0.43791437563607977                               0.21611039202443216                                -0.39722792003620605                               -0.2661278964576774                                0.5980338593862198                                 0.41865107591961676                                
parent#2: 0.16000447271643045                                -0.3588330723071169                                0.12850164854066398                                -0.6095206129724134                                0.4378530858133947                                 0.5156491237819817                                 
son     : -0.1636873485351624                                -0.08406284506550626                               -0.15827824197960744                               -0.5157519802337512                                0.610131505428716                                  0.550297491447234                                  
46  :
parent#1: -0.43791437563607977                               0.21611039202443216                                -0.39722792003620605                               -0.2661278964576774                                0.5980338593862198                                 0.41865107591961676                                
parent#2: 0.036737909617562646                               -0.44327403320771847                               0.3313750977472726                                 0.4200404143050969                                 -0.4772777021394653                                0.5367690820684015                                 
son     : -0.37120815675619484                               -0.21019427525886114                               -0.06093354633105508                               0.14241508884822873                                0.11173554369577583                                0.8840492546690778                                 
47  :
parent#1: -0.43791437563607977                               0.21611039202443216                                -0.39722792003620605                               -0.2661278964576774                                0.5980338593862198                                 0.41865107591961676                                
parent#2: -0.29248886448283773                               -0.2894829078378976                                0.24568137296349887                                -0.16548249693809342                               -0.3870082571678532                                0.7701498070460451                                 
son     : -0.491778145017209                                 -0.04940147816994509                               -0.10203580119804129                               -0.29060188533632786                               0.1420828571258687                                 0.8004157989831615                                 
48  :
parent#1: -0.43791437563607977                               0.21611039202443216                                -0.39722792003620605                               -0.2661278964576774                                0.5980338593862198                                 0.41865107591961676                                
parent#2: 0.036737909617562646                               -0.44327403320771847                               0.3313750977472726                                 0.4200404143050969                                 -0.4772777021394653                                0.5367690820684015                                 
son     : -0.37120815675619484                               -0.21019427525886114                               -0.06093354633105508                               0.14241508884822873                                0.11173554369577583                                0.8840492546690778                                 
49  :
parent#1: 0.29085527417441626                                0.25733626516347335                                -0.21183211697599721                               -0.24419522650199865                               0.6607173766948191                                 -0.5550942711119088                                
parent#2: -0.38264960890916355                               0.4790744124857008                                 0.26414492176544646                                -0.597470831021331                                 0.17987767867683918                                0.40616138565991555                                
son     : -0.0650607141493586                                0.5219429361682848                                 0.03707754349538535                                -0.5965443830055305                                0.5957852929696956                                 -0.1055585828453466                                
50  :
parent#1: 0.29085527417441626                                0.25733626516347335                                -0.21183211697599721                               -0.24419522650199865                               0.6607173766948191                                 -0.5550942711119088                                
parent#2: -0.5794718837451026                                0.10923998242781177                                0.29420297482487195                                0.522183324330461                                  -0.2629421243855414                                0.4731908566393443                                 
son     : -0.422488428370227                                 0.5366088353441293                                 0.12057772533550348                                0.40692999176962324                                0.5822791745863055                                 -0.11989346320068335                               
51  :
parent#1: 0.29085527417441626                                0.25733626516347335                                -0.21183211697599721                               -0.24419522650199865                               0.6607173766948191                                 -0.5550942711119088                                
parent#2: -0.2669632186820971                                -0.3527159894618843                                0.2231659609812442                                 -0.5358675242631691                                -0.4261461591123898                                0.5345694267557359                                 
son     : 0.02910767669612785                                -0.1162010601865745                                0.013808015268302599                               -0.9503499755081413                                0.285777971920475                                  -0.02500540541394132                               
52  :
parent#1: 0.29085527417441626                                0.25733626516347335                                -0.21183211697599721                               -0.24419522650199865                               0.6607173766948191                                 -0.5550942711119088                                
parent#2: -0.0639877418325946                                0.5849509476258753                                 -0.31056907123490957                               -0.11272400071590796                               -0.2964314348061847                                -0.6758006465522123                                
son     : 0.13536148935395406                                0.50255428976577                                   -0.31169291677206684                               -0.2129573926977119                                0.21735277470404019                                -0.7344187490089497                                
53  :
parent#1: 0.29085527417441626                                0.25733626516347335                                -0.21183211697599721                               -0.24419522650199865                               0.6607173766948191                                 -0.5550942711119088                                
parent#2: -0.43791437563607977                               0.21611039202443216                                -0.39722792003620605                               -0.2661278964576774                                0.5980338593862198                                 0.41865107591961676                                
son     : -0.09337822971531518                               0.3006247846847155                                 -0.38673531581022175                               -0.32404026225597626                               0.7992702315528114                                 -0.08663743962204752                               
54  :
parent#1: 0.29085527417441626                                0.25733626516347335                                -0.21183211697599721                               -0.24419522650199865                               0.6607173766948191                                 -0.5550942711119088                                
parent#2: 0.29085527417441626                                0.25733626516347335                                -0.21183211697599721                               -0.24419522650199865                               0.6607173766948191                                 -0.5550942711119088                                
son     : 0.29085527417441626                                0.25733626516347335                                -0.21183211697599721                               -0.24419522650199865                               0.6607173766948191                                 -0.5550942711119088                                
55  :
parent#1: 0.29085527417441626                                0.25733626516347335                                -0.21183211697599721                               -0.24419522650199865                               0.6607173766948191                                 -0.5550942711119088                                
parent#2: 0.16000447271643045                                -0.3588330723071169                                0.12850164854066398                                -0.6095206129724134                                0.4378530858133947                                 0.5156491237819817                                 
son     : 0.30693012194070185                                -0.06909560591296794                               -0.056728574716661824                              -0.5811809737275743                                0.7478697496135793                                 -0.026852927020949068                              
56  :
parent#1: 0.29085527417441626                                0.25733626516347335                                -0.21183211697599721                               -0.24419522650199865                               0.6607173766948191                                 -0.5550942711119088                                
parent#2: 0.036737909617562646                               -0.44327403320771847                               0.3313750977472726                                 0.4200404143050969                                 -0.4772777021394653                                0.5367690820684015                                 
son     : 0.6967101617472798                                 -0.3954439190386052                                0.25423852994998275                                0.3739794821694857                                 0.39013108835464794                                -0.038973171769833635                              
57  :
parent#1: 0.29085527417441626                                0.25733626516347335                                -0.21183211697599721                               -0.24419522650199865                               0.6607173766948191                                 -0.5550942711119088                                
parent#2: 0.036737909617562646                               -0.44327403320771847                               0.3313750977472726                                 0.4200404143050969                                 -0.4772777021394653                                0.5367690820684015                                 
son     : 0.6967101617472798                                 -0.3954439190386052                                0.25423852994998275                                0.3739794821694857                                 0.39013108835464794                                -0.038973171769833635                              
58  :
parent#1: 0.16000447271643045                                -0.3588330723071169                                0.12850164854066398                                -0.6095206129724134                                0.4378530858133947                                 0.5156491237819817                                 
parent#2: -0.5794718837451026                                0.10923998242781177                                0.29420297482487195                                0.522183324330461                                  -0.2629421243855414                                0.4731908566393443                                 
son     : -0.35041440723950035                               -0.20850490965829468                               0.3531187075315032                                 -0.0729597661814138                                0.14611700279200676                                0.8260564861148969                                 
59  :
parent#1: 0.16000447271643045                                -0.3588330723071169                                0.12850164854066398                                -0.6095206129724134                                0.4378530858133947                                 0.5156491237819817                                 
parent#2: -0.2669632186820971                                -0.3527159894618843                                0.2231659609812442                                 -0.5358675242631691                                -0.4261461591123898                                0.5345694267557359                                 
son     : -0.06118002022726653                               -0.4070035189613555                                0.2011526151468815                                 -0.6551579187983172                                0.006696320211126214                               0.6007212555163359                                 
60  :
parent#1: 0.16000447271643045                                -0.3588330723071169                                0.12850164854066398                                -0.6095206129724134                                0.4378530858133947                                 0.5156491237819817                                 
parent#2: -0.0639877418325946                                0.5849509476258753                                 -0.31056907123490957                               -0.11272400071590796                               -0.2964314348061847                                -0.6758006465522123                                
son     : 0.11811838714668245                                0.2781669245748368                                 -0.22397669783837612                               -0.8884948290673893                                0.1739748601189337                                 -0.19701607620437558                               
61  :
parent#1: 0.16000447271643045                                -0.3588330723071169                                0.12850164854066398                                -0.6095206129724134                                0.4378530858133947                                 0.5156491237819817                                 
parent#2: -0.43791437563607977                               0.21611039202443216                                -0.39722792003620605                               -0.2661278964576774                                0.5980338593862198                                 0.41865107591961676                                
son     : -0.1636873485351624                                -0.08406284506550626                               -0.15827824197960744                               -0.5157519802337512                                0.610131505428716                                  0.550297491447234                                  
62  :
parent#1: 0.16000447271643045                                -0.3588330723071169                                0.12850164854066398                                -0.6095206129724134                                0.4378530858133947                                 0.5156491237819817                                 
parent#2: 0.29085527417441626                                0.25733626516347335                                -0.21183211697599721                               -0.24419522650199865                               0.6607173766948191                                 -0.5550942711119088                                
son     : 0.30693012194070185                                -0.06909560591296794                               -0.056728574716661824                              -0.5811809737275743                                0.7478697496135793                                 -0.026852927020949068                              
63  :
parent#1: 0.16000447271643045                                -0.3588330723071169                                0.12850164854066398                                -0.6095206129724134                                0.4378530858133947                                 0.5156491237819817                                 
parent#2: 0.16000447271643045                                -0.3588330723071169                                0.12850164854066398                                -0.6095206129724134                                0.4378530858133947                                 0.5156491237819817                                 
son     : 0.16000447271643045                                -0.3588330723071169                                0.12850164854066398                                -0.6095206129724134                                0.4378530858133947                                 0.5156491237819817                                 
64  :
parent#1: 0.16000447271643045                                -0.3588330723071169                                0.12850164854066398                                -0.6095206129724134                                0.4378530858133947                                 0.5156491237819817                                 
parent#2: 0.036737909617562646                               -0.44327403320771847                               0.3313750977472726                                 0.4200404143050969                                 -0.4772777021394653                                0.5367690820684015                                 
son     : 0.13779413451140157                                -0.5617785709346146                                0.3220877854833054                                 -0.13270785721242206                               -0.02761215362266326                               0.7370910837757991                                 
65  :
parent#1: 0.16000447271643045                                -0.3588330723071169                                0.12850164854066398                                -0.6095206129724134                                0.4378530858133947                                 0.5156491237819817                                 
parent#2: -0.29248886448283773                               -0.2894829078378976                                0.24568137296349887                                -0.16548249693809342                               -0.3870082571678532                                0.7701498070460451                                 
son     : -0.07869302649886059                               -0.38508646886600645                               0.22225708277068928                                -0.46033603997984934                               0.03020079116178689                                0.763738339186855                                  
66  :
parent#1: 0.16000447271643045                                -0.3588330723071169                                0.12850164854066398                                -0.6095206129724134                                0.4378530858133947                                 0.5156491237819817                                 
parent#2: 0.036737909617562646                               -0.44327403320771847                               0.3313750977472726                                 0.4200404143050969                                 -0.4772777021394653                                0.5367690820684015                                 
son     : 0.13779413451140157                                -0.5617785709346146                                0.3220877854833054                                 -0.13270785721242206                               -0.02761215362266326                               0.7370910837757991                                 
67  :
parent#1: 0.036737909617562646                               -0.44327403320771847                               0.3313750977472726                                 0.4200404143050969                                 -0.4772777021394653                                0.5367690820684015                                 
parent#2: -0.38264960890916355                               0.4790744124857008                                 0.26414492176544646                                -0.597470831021331                                 0.17987767867683918                                0.40616138565991555                                
son     : -0.2838942486067508                                0.029381838763399906                               0.4887510564576791                                 -0.14561945992805286                               -0.24408008277678495                               0.773875347877378                                  
68  :
parent#1: 0.036737909617562646                               -0.44327403320771847                               0.3313750977472726                                 0.4200404143050969                                 -0.4772777021394653                                0.5367690820684015                                 
parent#2: -0.5794718837451026                                0.10923998242781177                                0.29420297482487195                                0.522183324330461                                  -0.2629421243855414                                0.4731908566393443                                 
son     : -0.3009057590531964                                -0.18519712122521692                               0.34683667090669573                                0.522393221702843                                  -0.41039702577084375                               0.5599479237663464                                 
69  :
parent#1: 0.036737909617562646                               -0.44327403320771847                               0.3313750977472726                                 0.4200404143050969                                 -0.4772777021394653                                0.5367690820684015                                 
parent#2: -0.0639877418325946                                0.5849509476258753                                 -0.31056907123490957                               -0.11272400071590796                               -0.2964314348061847                                -0.6758006465522123                                
son     : -0.03181415013446194                               0.16540764692856183                                0.024291013828729963                               0.35879158607507006                                -0.9033045946468413                                -0.16231920369319222                               
70  :
parent#1: 0.036737909617562646                               -0.44327403320771847                               0.3313750977472726                                 0.4200404143050969                                 -0.4772777021394653                                0.5367690820684015                                 
parent#2: -0.43791437563607977                               0.21611039202443216                                -0.39722792003620605                               -0.2661278964576774                                0.5980338593862198                                 0.41865107591961676                                
son     : -0.37120815675619484                               -0.21019427525886114                               -0.06093354633105508                               0.14241508884822873                                0.11173554369577583                                0.8840492546690778                                 
71  :
parent#1: 0.036737909617562646                               -0.44327403320771847                               0.3313750977472726                                 0.4200404143050969                                 -0.4772777021394653                                0.5367690820684015                                 
parent#2: 0.29085527417441626                                0.25733626516347335                                -0.21183211697599721                               -0.24419522650199865                               0.6607173766948191                                 -0.5550942711119088                                
son     : 0.6967101617472798                                 -0.3954439190386052                                0.25423852994998275                                0.3739794821694857                                 0.39013108835464794                                -0.038973171769833635                              
72  :
parent#1: 0.036737909617562646                               -0.44327403320771847                               0.3313750977472726                                 0.4200404143050969                                 -0.4772777021394653                                0.5367690820684015                                 
parent#2: 0.036737909617562646                               -0.44327403320771847                               0.3313750977472726                                 0.4200404143050969                                 -0.4772777021394653                                0.5367690820684015                                 
son     : 0.036737909617562646                               -0.44327403320771847                               0.3313750977472726                                 0.4200404143050969                                 -0.4772777021394653                                0.5367690820684015                                 
73  :
parent#1: 0.036737909617562646                               -0.44327403320771847                               0.3313750977472726                                 0.4200404143050969                                 -0.4772777021394653                                0.5367690820684015                                 
parent#2: -0.29248886448283773                               -0.2894829078378976                                0.24568137296349887                                -0.16548249693809342                               -0.3870082571678532                                0.7701498070460451                                 
son     : -0.13758878384540682                               -0.3942082500761588                                0.3104445809676147                                 0.13694695406785767                                -0.464968172253345                                 0.7030956370527386                                 
74  :
parent#1: 0.036737909617562646                               -0.44327403320771847                               0.3313750977472726                                 0.4200404143050969                                 -0.4772777021394653                                0.5367690820684015                                 
parent#2: 0.036737909617562646                               -0.44327403320771847                               0.3313750977472726                                 0.4200404143050969                                 -0.4772777021394653                                0.5367690820684015                                 
son     : 0.036737909617562646                               -0.44327403320771847                               0.3313750977472726                                 0.4200404143050969                                 -0.4772777021394653                                0.5367690820684015                                 
75  :
parent#1: -0.29248886448283773                               -0.2894829078378976                                0.24568137296349887                                -0.16548249693809342                               -0.3870082571678532                                0.7701498070460451                                 
parent#2: -0.38264960890916355                               0.4790744124857008                                 0.26414492176544646                                -0.597470831021331                                 0.17987767867683918                                0.40616138565991555                                
son     : -0.4063569974301387                                0.11411264148504717                                0.3068577640022872                                 -0.4592116073185361                                -0.12466918012937124                               0.7080062878210764                                 
76  :
parent#1: -0.29248886448283773                               -0.2894829078378976                                0.24568137296349887                                -0.16548249693809342                               -0.3870082571678532                                0.7701498070460451                                 
parent#2: -0.5794718837451026                                0.10923998242781177                                0.29420297482487195                                0.522183324330461                                  -0.2629421243855414                                0.4731908566393443                                 
son     : -0.4889832125455252                                -0.10107767452232558                               0.3027594800810828                                 0.20003276162423222                                -0.3644829497348983                                0.6972477984277753                                 
77  :
parent#1: -0.29248886448283773                               -0.2894829078378976                                0.24568137296349887                                -0.16548249693809342                               -0.3870082571678532                                0.7701498070460451                                 
parent#2: -0.2669632186820971                                -0.3527159894618843                                0.2231659609812442                                 -0.5358675242631691                                -0.4261461591123898                                0.5345694267557359                                 
son     : -0.2869691470791952                                -0.32941385930810135                               0.24049373231632373                                -0.3597552381063627                                -0.41710494304268597                               0.6692515355091372                                 
78  :
parent#1: -0.29248886448283773                               -0.2894829078378976                                0.24568137296349887                                -0.16548249693809342                               -0.3870082571678532                                0.7701498070460451                                 
parent#2: -0.0639877418325946                                0.5849509476258753                                 -0.31056907123490957                               -0.11272400071590796                               -0.2964314348061847                                -0.6758006465522123                                
son     : -0.40572207219562084                               0.33628547637227324                                -0.07385161027757811                               -0.3166393382532073                                -0.7778534780009754                                0.10738302662027412                                
79  :
parent#1: -0.29248886448283773                               -0.2894829078378976                                0.24568137296349887                                -0.16548249693809342                               -0.3870082571678532                                0.7701498070460451                                 
parent#2: -0.43791437563607977                               0.21611039202443216                                -0.39722792003620605                               -0.2661278964576774                                0.5980338593862198                                 0.41865107591961676                                
son     : -0.491778145017209                                 -0.04940147816994509                               -0.10203580119804129                               -0.29060188533632786                               0.1420828571258687                                 0.8004157989831615                                 
80  :
parent#1: -0.29248886448283773                               -0.2894829078378976                                0.24568137296349887                                -0.16548249693809342                               -0.3870082571678532                                0.7701498070460451                                 
parent#2: 0.29085527417441626                                0.25733626516347335                                -0.21183211697599721                               -0.24419522650199865                               0.6607173766948191                                 -0.5550942711119088                                
son     : -0.0030273313171737116                             -0.059573405650475246                              0.06272864878404696                                -0.759205166512678                                 0.5072313327695394                                 0.39853588473727347                                
81  :
parent#1: -0.29248886448283773                               -0.2894829078378976                                0.24568137296349887                                -0.16548249693809342                               -0.3870082571678532                                0.7701498070460451                                 
parent#2: 0.16000447271643045                                -0.3588330723071169                                0.12850164854066398                                -0.6095206129724134                                0.4378530858133947                                 0.5156491237819817                                 
son     : -0.07869302649886059                               -0.38508646886600645                               0.22225708277068928                                -0.46033603997984934                               0.03020079116178689                                0.763738339186855                                  
82  :
parent#1: -0.29248886448283773                               -0.2894829078378976                                0.24568137296349887                                -0.16548249693809342                               -0.3870082571678532                                0.7701498070460451                                 
parent#2: 0.036737909617562646                               -0.44327403320771847                               0.3313750977472726                                 0.4200404143050969                                 -0.4772777021394653                                0.5367690820684015                                 
son     : -0.13758878384540682                               -0.3942082500761588                                0.3104445809676147                                 0.13694695406785767                                -0.464968172253345                                 0.7030956370527386                                 
83  :
parent#1: -0.29248886448283773                               -0.2894829078378976                                0.24568137296349887                                -0.16548249693809342                               -0.3870082571678532                                0.7701498070460451                                 
parent#2: 0.036737909617562646                               -0.44327403320771847                               0.3313750977472726                                 0.4200404143050969                                 -0.4772777021394653                                0.5367690820684015                                 
son     : -0.13758878384540682                               -0.3942082500761588                                0.3104445809676147                                 0.13694695406785767                                -0.464968172253345                                 0.7030956370527386                                 
84  :
parent#1: 0.036737909617562646                               -0.44327403320771847                               0.3313750977472726                                 0.4200404143050969                                 -0.4772777021394653                                0.5367690820684015                                 
parent#2: -0.38264960890916355                               0.4790744124857008                                 0.26414492176544646                                -0.597470831021331                                 0.17987767867683918                                0.40616138565991555                                
son     : -0.2838942486067508                                0.029381838763399906                               0.4887510564576791                                 -0.14561945992805286                               -0.24408008277678495                               0.773875347877378                                  
85  :
parent#1: 0.036737909617562646                               -0.44327403320771847                               0.3313750977472726                                 0.4200404143050969                                 -0.4772777021394653                                0.5367690820684015                                 
parent#2: -0.5794718837451026                                0.10923998242781177                                0.29420297482487195                                0.522183324330461                                  -0.2629421243855414                                0.4731908566393443                                 
son     : -0.3009057590531964                                -0.18519712122521692                               0.34683667090669573                                0.522393221702843                                  -0.41039702577084375                               0.5599479237663464                                 
86  :
parent#1: 0.036737909617562646                               -0.44327403320771847                               0.3313750977472726                                 0.4200404143050969                                 -0.4772777021394653                                0.5367690820684015                                 
parent#2: -0.2669632186820971                                -0.3527159894618843                                0.2231659609812442                                 -0.5358675242631691                                -0.4261461591123898                                0.5345694267557359                                 
son     : -0.13355708230321778                               -0.4617655000755132                                0.3216974107757956                                 -0.0671930072348294                                -0.5240894473425725                                0.6214991999751157                                 
87  :
parent#1: 0.036737909617562646                               -0.44327403320771847                               0.3313750977472726                                 0.4200404143050969                                 -0.4772777021394653                                0.5367690820684015                                 
parent#2: -0.0639877418325946                                0.5849509476258753                                 -0.31056907123490957                               -0.11272400071590796                               -0.2964314348061847                                -0.6758006465522123                                
son     : -0.03181415013446194                               0.16540764692856183                                0.024291013828729963                               0.35879158607507006                                -0.9033045946468413                                -0.16231920369319222                               
88  :
parent#1: 0.036737909617562646                               -0.44327403320771847                               0.3313750977472726                                 0.4200404143050969                                 -0.4772777021394653                                0.5367690820684015                                 
parent#2: -0.43791437563607977                               0.21611039202443216                                -0.39722792003620605                               -0.2661278964576774                                0.5980338593862198                                 0.41865107591961676                                
son     : -0.37120815675619484                               -0.21019427525886114                               -0.06093354633105508                               0.14241508884822873                                0.11173554369577583                                0.8840492546690778                                 
89  :
parent#1: 0.036737909617562646                               -0.44327403320771847                               0.3313750977472726                                 0.4200404143050969                                 -0.4772777021394653                                0.5367690820684015                                 
parent#2: 0.29085527417441626                                0.25733626516347335                                -0.21183211697599721                               -0.24419522650199865                               0.6607173766948191                                 -0.5550942711119088                                
son     : 0.6967101617472798                                 -0.3954439190386052                                0.25423852994998275                                0.3739794821694857                                 0.39013108835464794                                -0.038973171769833635                              
90  :
parent#1: 0.036737909617562646                               -0.44327403320771847                               0.3313750977472726                                 0.4200404143050969                                 -0.4772777021394653                                0.5367690820684015                                 
parent#2: 0.16000447271643045                                -0.3588330723071169                                0.12850164854066398                                -0.6095206129724134                                0.4378530858133947                                 0.5156491237819817                                 
son     : 0.13779413451140157                                -0.5617785709346146                                0.3220877854833054                                 -0.13270785721242206                               -0.02761215362266326                               0.7370910837757991                                 
91  :
parent#1: 0.036737909617562646                               -0.44327403320771847                               0.3313750977472726                                 0.4200404143050969                                 -0.4772777021394653                                0.5367690820684015                                 
parent#2: 0.036737909617562646                               -0.44327403320771847                               0.3313750977472726                                 0.4200404143050969                                 -0.4772777021394653                                0.5367690820684015                                 
son     : 0.036737909617562646                               -0.44327403320771847                               0.3313750977472726                                 0.4200404143050969                                 -0.4772777021394653                                0.5367690820684015                                 
92  :
parent#1: 0.036737909617562646                               -0.44327403320771847                               0.3313750977472726                                 0.4200404143050969                                 -0.4772777021394653                                0.5367690820684015                                 
parent#2: -0.29248886448283773                               -0.2894829078378976                                0.24568137296349887                                -0.16548249693809342                               -0.3870082571678532                                0.7701498070460451                                 
son     : -0.13758878384540682                               -0.3942082500761588                                0.3104445809676147                                 0.13694695406785767                                -0.464968172253345                                 0.7030956370527386                                 
93  :
parent#1: 0.036737909617562646                               -0.44327403320771847                               0.3313750977472726                                 0.4200404143050969                                 -0.4772777021394653                                0.5367690820684015                                 
parent#2: 0.036737909617562646                               -0.44327403320771847                               0.3313750977472726                                 0.4200404143050969                                 -0.4772777021394653                                0.5367690820684015                                 
son     : 0.036737909617562646                               -0.44327403320771847                               0.3313750977472726                                 0.4200404143050969                                 -0.4772777021394653                                0.5367690820684015                                 

0   :
parent#1: -0.38264960890916355                               0.4790744124857008                                 0.26414492176544646                                -0.597470831021331                                 0.17987767867683918                                0.40616138565991555                                
parent#2: 0.29085527417441626                                0.25733626516347335                                -0.21183211697599721                               -0.24419522650199865                               0.6607173766948191                                 -0.5550942711119088                                
son:      -0.06598081119271192                               0.5016970976185243                                 0.03760189891617878                                -0.6049807909086526                                0.6042109657232464                                 -0.10705140599133303                               
mutated:  -0.06598081119271192                               0.5016970976185243                                 0.03760189891617878                                -0.6049807909086526                                0.6042109657232464                                 -0.10705140599133303                               
1   :
parent#1: 0.29085527417441626                                0.25733626516347335                                -0.21183211697599721                               -0.24419522650199865                               0.6607173766948191                                 -0.5550942711119088                                
parent#2: -0.29248886448283773                               -0.2894829078378976                                0.24568137296349887                                -0.16548249693809342                               -0.3870082571678532                                0.7701498070460451                                 
son:      -0.0030273313171737116                             -0.059573405650475246                              0.06272864878404696                                -0.759205166512678                                 0.5072313327695394                                 0.39853588473727347                                
mutated:  -0.0030273313171737116                             -0.059573405650475246                              0.06272864878404696                                -0.759205166512678                                 0.5072313327695394                                 0.39853588473727347                                
2   :
parent#1: 0.16000447271643045                                -0.3588330723071169                                0.12850164854066398                                -0.6095206129724134                                0.4378530858133947                                 0.5156491237819817                                 
parent#2: -0.38264960890916355                               0.4790744124857008                                 0.26414492176544646                                -0.597470831021331                                 0.17987767867683918                                0.40616138565991555                                
son:      -0.13059872133787628                               0.07053091546397862                                0.2303178093021116                                 -0.7079945331250621                                0.36234722820828674                                0.5407136931332499                                 
mutated:  -0.13059872133787628                               0.07053091546397862                                0.2303178093021116                                 -0.7079945331250621                                0.36234722820828674                                0.5407136931332499                                 
3   :
parent#1: 0.036737909617562646                               -0.44327403320771847                               0.3313750977472726                                 0.4200404143050969                                 -0.4772777021394653                                0.5367690820684015                                 
parent#2: -0.2669632186820971                                -0.3527159894618843                                0.2231659609812442                                 -0.5358675242631691                                -0.4261461591123898                                0.5345694267557359                                 
son:      -0.13355708230321778                               -0.4617655000755132                                0.3216974107757956                                 -0.0671930072348294                                -0.5240894473425725                                0.6214991999751157                                 
mutated:  -0.13355708230321778                               -0.4617655000755132                                0.3216974107757956                                 -0.0671930072348294                                -0.5240894473425725                                0.6214991999751157                                 
4   :
parent#1: 0.036737909617562646                               -0.44327403320771847                               0.3313750977472726                                 0.4200404143050969                                 -0.4772777021394653                                0.5367690820684015                                 
parent#2: 0.16000447271643045                                -0.3588330723071169                                0.12850164854066398                                -0.6095206129724134                                0.4378530858133947                                 0.5156491237819817                                 
son:      0.13779413451140157                                -0.5617785709346146                                0.3220877854833054                                 -0.13270785721242206                               -0.02761215362266326                               0.7370910837757991                                 
mutated:  0.13779413451140157                                -0.5617785709346146                                0.3220877854833054                                 -0.13270785721242206                               -0.02761215362266326                               0.7370910837757991                                 
5   :
parent#1: -0.29248886448283773                               -0.2894829078378976                                0.24568137296349887                                -0.16548249693809342                               -0.3870082571678532                                0.7701498070460451                                 
parent#2: -0.29248886448283773                               -0.2894829078378976                                0.24568137296349887                                -0.16548249693809342                               -0.3870082571678532                                0.7701498070460451                                 
son:      -0.29248886448283773                               -0.2894829078378976                                0.24568137296349887                                -0.16548249693809342                               -0.3870082571678532                                0.7701498070460451                                 
mutated:  -0.29248886448283773                               -0.2894829078378976                                0.24568137296349887                                -0.16548249693809342                               -0.3870082571678532                                0.7701498070460451                                 

