0   :
parent#1: 0.04993849713607218                                0.5669548658757171                                 0.26857884685129363                                -0.1582391697671452                                0.5085053286340128                                 -0.5659650391056736                                
parent#2: 0.04993849713607218                                0.5669548658757171                                 0.26857884685129363                                -0.1582391697671452                                0.5085053286340128                                 -0.5659650391056736                                
son     : 0.04993849713607218                                0.5669548658757171                                 0.26857884685129363                                -0.1582391697671452                                0.5085053286340128                                 -0.5659650391056736                                
1   :
parent#1: 0.04993849713607218                                0.5669548658757171                                 0.26857884685129363                                -0.1582391697671452                                0.5085053286340128                                 -0.5659650391056736                                
parent#2: 0.16000447271643045                                -0.3588330723071169                                0.12850164854066398                                -0.6095206129724134                                0.4378530858133947                                 0.5156491237819817                                 
son     : 0.15949481981927696                                0.15811126225855351                                0.30166421914858205                                -0.5832712964790585                                0.7189536515692316                                 -0.038225275436621534                              
2   :
parent#1: 0.04993849713607218                                0.5669548658757171                                 0.26857884685129363                                -0.1582391697671452                                0.5085053286340128                                 -0.5659650391056736                                
parent#2: 0.13803748298085494                                -0.09341651339212566                               -0.2638666833620045                                0.24038102644036366                                -0.4846179787962077                                0.7809966443490395                                 
son     : 0.33591129421793037                                0.8462085461432092                                 0.008420591478065462                               0.1467867190659211                                 0.04268646767774456                                0.3842594397971899                                 
3   :
parent#1: 0.04993849713607218                                0.5669548658757171                                 0.26857884685129363                                -0.1582391697671452                                0.5085053286340128                                 -0.5659650391056736                                
parent#2: -0.31804393017868704                               0.06382250409050676                                -0.6551511177669819                                -0.37866509305000706                               0.04910216239145787                                -0.5654674918071759                                
son     : -0.16961461770128508                               0.39905592828638203                                -0.2445616532316229                                -0.3396679069366218                                0.35276562785143156                                -0.715791149801418                                 
4   :
parent#1: 0.04993849713607218                                0.5669548658757171                                 0.26857884685129363                                -0.1582391697671452                                0.5085053286340128                                 -0.5659650391056736                                
parent#2: 0.5518521071087882                                 -0.5035372849204522                                -0.47039816192185024                               -0.16221581074425268                               0.3988586621391926                                 -0.18770408151181162                               
son     : 0.44103771901279737                                0.04647720494891442                                -0.14790847471461427                               -0.23485367277939584                               0.6490042818340703                                 -0.5523457952033245                                
5   :
parent#1: 0.04993849713607218                                0.5669548658757171                                 0.26857884685129363                                -0.1582391697671452                                0.5085053286340128                                 -0.5659650391056736                                
parent#2: -0.5173542379163215                                -0.046859389930969046                              -0.551966014284841                                 0.3434186784487492                                 -0.22390721611852074                               0.5073573484462356                                 
son     : -0.5635166585773203                                0.6270273745088853                                 -0.3416517154712649                                0.2232525113404498                                 0.3431116314876981                                 -0.07065746213897144                               
6   :
parent#1: 0.04993849713607218                                0.5669548658757171                                 0.26857884685129363                                -0.1582391697671452                                0.5085053286340128                                 -0.5659650391056736                                
parent#2: -0.07955846173730688                               -0.4906860684481844                                -0.39578751719890715                               -0.5170468772730364                                0.3304748799495687                                 -0.46872033778245814                               
son     : -0.019731962763289174                              0.0508080644626492                                 -0.08474273282426563                               -0.4498560114487837                                0.558904322060457                                  -0.6892774384890856                                
7   :
parent#1: 0.04993849713607218                                0.5669548658757171                                 0.26857884685129363                                -0.1582391697671452                                0.5085053286340128                                 -0.5659650391056736                                
parent#2: -0.6084390918268747                                -0.07209078696254029                               0.42929770102161235                                -0.09394955590884492                               -0.21875581426138294                               0.6193768227347047                                 
son     : -0.5186814438912074                                0.450422760213029                                  0.6352036738475917                                 -0.22954089163848024                               0.2637285299040717                                 0.048615132993538986                               
8   :
parent#1: 0.04993849713607218                                0.5669548658757171                                 0.26857884685129363                                -0.1582391697671452                                0.5085053286340128                                 -0.5659650391056736                                
parent#2: 0.4678898566033697                                 0.03243996247910639                                0.44448913827680187                                0.19496211073101583                                -0.6527984582059131                                0.3439477943224356                                 
son     : 0.47126996609294675                                0.5455027296114427                                 0.6489554361914566                                 0.03342115011258103                                -0.13131961158506014                               -0.20205548550107638                               
9   :
parent#1: 0.04993849713607218                                0.5669548658757171                                 0.26857884685129363                                -0.1582391697671452                                0.5085053286340128                                 -0.5659650391056736                                
parent#2: -0.3581008555946988                                0.4654970334283256                                 0.34144876988616896                                -0.3442335034067167                                -0.41362049791066025                               -0.4989092156650051                                
son     : -0.16634178526535648                               0.6762501486008669                                 0.3292844828188313                                 -0.2712278096548181                                0.0512175212315642                                 -0.5748044164370334                                
10  :
parent#1: 0.16000447271643045                                -0.3588330723071169                                0.12850164854066398                                -0.6095206129724134                                0.4378530858133947                                 0.5156491237819817                                 
parent#2: 0.04993849713607218                                0.5669548658757171                                 0.26857884685129363                                -0.1582391697671452                                0.5085053286340128                                 -0.5659650391056736                                
son     : 0.15949481981927696                                0.15811126225855351                                0.30166421914858205                                -0.5832712964790585                                0.7189536515692316                                 -0.038225275436621534                              
11  :
parent#1: 0.16000447271643045                                -0.3588330723071169                                0.12850164854066398                                -0.6095206129724134                                0.4378530858133947                                 0.5156491237819817                                 
parent#2: 0.16000447271643045                                -0.3588330723071169                                0.12850164854066398                                -0.6095206129724134                                0.4378530858133947                                 0.5156491237819817                                 
son     : 0.16000447271643045                                -0.3588330723071169                                0.12850164854066398                                -0.6095206129724134                                0.4378530858133947                                 0.5156491237819817                                 
12  :
parent#1: 0.16000447271643045                                -0.3588330723071169                                0.12850164854066398                                -0.6095206129724134                                0.4378530858133947                                 0.5156491237819817                                 
parent#2: 0.13803748298085494                                -0.09341651339212566                               -0.2638666833620045                                0.24038102644036366                                -0.4846179787962077                                0.7809966443490395                                 
son     : 0.20414677183739105                                -0.3097728062121249                                -0.0927196132966604                                -0.25284579404802776                               -0.03203207385828226                               0.8881502846177076                                 
13  :
parent#1: 0.16000447271643045                                -0.3588330723071169                                0.12850164854066398                                -0.6095206129724134                                0.4378530858133947                                 0.5156491237819817                                 
parent#2: -0.31804393017868704                               0.06382250409050676                                -0.6551511177669819                                -0.37866509305000706                               0.04910216239145787                                -0.5654674918071759                                
son     : -0.12472752858960479                               -0.232827546185803                                 -0.4156410543570328                                -0.7798935966936364                                0.3843136746836413                                 -0.03931753513918412                               
14  :
parent#1: 0.16000447271643045                                -0.3588330723071169                                0.12850164854066398                                -0.6095206129724134                                0.4378530858133947                                 0.5156491237819817                                 
parent#2: 0.5518521071087882                                 -0.5035372849204522                                -0.47039816192185024                               -0.16221581074425268                               0.3988586621391926                                 -0.18770408151181162                               
son     : 0.42767246527003205                                -0.5180988237010701                                -0.20540615748872                                  -0.4636473528847926                                0.502683526582195                                  0.1970243286017033                                 
15  :
parent#1: 0.16000447271643045                                -0.3588330723071169                                0.12850164854066398                                -0.6095206129724134                                0.4378530858133947                                 0.5156491237819817                                 
parent#2: -0.5173542379163215                                -0.046859389930969046                              -0.551966014284841                                 0.3434186784487492                                 -0.22390721611852074                               0.5073573484462356                                 
son     : -0.2794924865148696                                -0.31730255921068407                               -0.33120242423015955                               -0.20812519998392495                               0.1673325937884927                                 0.8001197999498686                                 
16  :
parent#1: 0.16000447271643045                                -0.3588330723071169                                0.12850164854066398                                -0.6095206129724134                                0.4378530858133947                                 0.5156491237819817                                 
parent#2: -0.07955846173730688                               -0.4906860684481844                                -0.39578751719890715                               -0.5170468772730364                                0.3304748799495687                                 -0.46872033778245814                               
son     : 0.04931274563802248                                -0.5207482731936697                                -0.1638440476209853                                -0.6905766415808487                                0.4709787481206571                                 0.028766961331323768                               
17  :
parent#1: 0.16000447271643045                                -0.3588330723071169                                0.12850164854066398                                -0.6095206129724134                                0.4378530858133947                                 0.5156491237819817                                 
parent#2: -0.6084390918268747                                -0.07209078696254029                               0.42929770102161235                                -0.09394955590884492                               -0.21875581426138294                               0.6193768227347047                                 
son     : -0.2819793193105603                                -0.27096841174434555                               0.3507487473055817                                 -0.44234773793761756                               0.13777013830375426                                0.7137135050667758                                 
18  :
parent#1: 0.16000447271643045                                -0.3588330723071169                                0.12850164854066398                                -0.6095206129724134                                0.4378530858133947                                 0.5156491237819817                                 
parent#2: 0.4678898566033697                                 0.03243996247910639                                0.44448913827680187                                0.19496211073101583                                -0.6527984582059131                                0.3439477943224356                                 
son     : 0.4698263882529591                                 -0.24422596093082738                               0.42874442290998727                                -0.31019634153827697                               -0.1608344004193568                                0.6431994947682952                                 
19  :
parent#1: 0.16000447271643045                                -0.3588330723071169                                0.12850164854066398                                -0.6095206129724134                                0.4378530858133947                                 0.5156491237819817                                 
parent#2: -0.3581008555946988                                0.4654970334283256                                 0.34144876988616896                                -0.3442335034067167                                -0.41362049791066025                               -0.4989092156650051                                
son     : -0.18220914558924503                               0.09810956130886511                                0.43226061458921855                                -0.8772634821629096                                0.022289145682618635                               0.015397375312557401                               
20  :
parent#1: 0.13803748298085494                                -0.09341651339212566                               -0.2638666833620045                                0.24038102644036366                                -0.4846179787962077                                0.7809966443490395                                 
parent#2: 0.04993849713607218                                0.5669548658757171                                 0.26857884685129363                                -0.1582391697671452                                0.5085053286340128                                 -0.5659650391056736                                
son     : 0.33591129421793037                                0.8462085461432092                                 0.008420591478065462                               0.1467867190659211                                 0.04268646767774456                                0.3842594397971899                                 
21  :
parent#1: 0.13803748298085494                                -0.09341651339212566                               -0.2638666833620045                                0.24038102644036366                                -0.4846179787962077                                0.7809966443490395                                 
parent#2: 0.16000447271643045                                -0.3588330723071169                                0.12850164854066398                                -0.6095206129724134                                0.4378530858133947                                 0.5156491237819817                                 
son     : 0.20414677183739105                                -0.3097728062121249                                -0.0927196132966604                                -0.25284579404802776                               -0.03203207385828226                               0.8881502846177076                                 
22  :
parent#1: 0.13803748298085494                                -0.09341651339212566                               -0.2638666833620045                                0.24038102644036366                                -0.4846179787962077                                0.7809966443490395                                 
parent#2: 0.13803748298085494                                -0.09341651339212566                               -0.2638666833620045                                0.24038102644036366                                -0.4846179787962077                                0.7809966443490395                                 
son     : 0.13803748298085497                                -0.09341651339212567                               -0.26386668336200453                               0.2403810264403637                                 -0.48461797879620777                               0.7809966443490396                                 
23  :
parent#1: 0.13803748298085494                                -0.09341651339212566                               -0.2638666833620045                                0.24038102644036366                                -0.4846179787962077                                0.7809966443490395                                 
parent#2: -0.31804393017868704                               0.06382250409050676                                -0.6551511177669819                                -0.37866509305000706                               0.04910216239145787                                -0.5654674918071759                                
son     : -0.16910244364240032                               -0.027801333607677312                              -0.8633477208234613                                -0.129907422453593                                 -0.4091341723889384                                0.20247333880740984                                
24  :
parent#1: 0.13803748298085494                                -0.09341651339212566                               -0.2638666833620045                                0.24038102644036366                                -0.4846179787962077                                0.7809966443490395                                 
parent#2: 0.5518521071087882                                 -0.5035372849204522                                -0.47039816192185024                               -0.16221581074425268                               0.3988586621391926                                 -0.18770408151181162                               
son     : 0.5234694305682829                                 -0.4529522830423556                                -0.5571401655692528                                0.05930963669907459                                -0.06507183366912309                               0.4501742372840353                                 
25  :
parent#1: 0.13803748298085494                                -0.09341651339212566                               -0.2638666833620045                                0.24038102644036366                                -0.4846179787962077                                0.7809966443490395                                 
parent#2: -0.5173542379163215                                -0.046859389930969046                              -0.551966014284841                                 0.3434186784487492                                 -0.22390721611852074                               0.5073573484462356                                 
son     : -0.2078072844527853                                -0.07684963599536519                               -0.44695093285458604                               0.31983251401057633                                -0.3881629134643936                                0.7058199807235997                                 
26  :
parent#1: 0.13803748298085494                                -0.09341651339212566                               -0.2638666833620045                                0.24038102644036366                                -0.4846179787962077                                0.7809966443490395                                 
parent#2: -0.07955846173730688                               -0.4906860684481844                                -0.39578751719890715                               -0.5170468772730364                                0.3304748799495687                                 -0.46872033778245814                               
son     : 0.059146413300755374                               -0.5907686548255434                                -0.667182506688408                                 -0.2798233009304991                                -0.15590225756126813                               0.31584016112886276                                
27  :
parent#1: 0.13803748298085494                                -0.09341651339212566                               -0.2638666833620045                                0.24038102644036366                                -0.4846179787962077                                0.7809966443490395                                 
parent#2: -0.6084390918268747                                -0.07209078696254029                               0.42929770102161235                                -0.09394955590884492                               -0.21875581426138294                               0.6193768227347047                                 
son     : -0.2834948332117522                                -0.099745544290288                                 0.09969957133971608                                0.08824919926851937                                -0.4238991372447692                                0.8439568126881596                                 
28  :
parent#1: 0.13803748298085494                                -0.09341651339212566                               -0.2638666833620045                                0.24038102644036366                                -0.4846179787962077                                0.7809966443490395                                 
parent#2: 0.4678898566033697                                 0.03243996247910639                                0.44448913827680187                                0.19496211073101583                                -0.6527984582059131                                0.3439477943224356                                 
son     : 0.3412805798640556                                 -0.03434423782228545                               0.10173321473180176                                0.2452012784167061                                 -0.6406348019109882                                0.6336101133975651                                 
29  :
parent#1: 0.13803748298085494                                -0.09341651339212566                               -0.2638666833620045                                0.24038102644036366                                -0.4846179787962077                                0.7809966443490395                                 
parent#2: -0.3581008555946988                                0.4654970334283256                                 0.34144876988616896                                -0.3442335034067167                                -0.41362049791066025                               -0.4989092156650051                                
son     : -0.21077457426772075                               0.356375130819969                                  0.07430737366107032                                -0.09946890006835381                               -0.8603241433139152                                0.2701806165239742                                 
30  :
parent#1: -0.31804393017868704                               0.06382250409050676                                -0.6551511177669819                                -0.37866509305000706                               0.04910216239145787                                -0.5654674918071759                                
parent#2: 0.04993849713607218                                0.5669548658757171                                 0.26857884685129363                                -0.1582391697671452                                0.5085053286340128                                 -0.5659650391056736                                
son     : -0.16961461770128508                               0.39905592828638203                                -0.2445616532316229                                -0.3396679069366218                                0.35276562785143156                                -0.715791149801418                                 
31  :
parent#1: -0.31804393017868704                               0.06382250409050676                                -0.6551511177669819                                -0.37866509305000706                               0.04910216239145787                                -0.5654674918071759                                
parent#2: 0.16000447271643045                                -0.3588330723071169                                0.12850164854066398                                -0.6095206129724134                                0.4378530858133947                                 0.5156491237819817                                 
son     : -0.12472752858960479                               -0.232827546185803                                 -0.4156410543570328                                -0.7798935966936364                                0.3843136746836413                                 -0.03931753513918412                               
32  :
parent#1: -0.31804393017868704                               0.06382250409050676                                -0.6551511177669819                                -0.37866509305000706                               0.04910216239145787                                -0.5654674918071759                                
parent#2: 0.13803748298085494                                -0.09341651339212566                               -0.2638666833620045                                0.24038102644036366                                -0.4846179787962077                                0.7809966443490395                                 
son     : -0.16910244364240032                               -0.027801333607677312                              -0.8633477208234613                                -0.129907422453593                                 -0.4091341723889384                                0.20247333880740984                                
33  :
parent#1: -0.31804393017868704                               0.06382250409050676                                -0.6551511177669819                                -0.37866509305000706                               0.04910216239145787                                -0.5654674918071759                                
parent#2: -0.31804393017868704                               0.06382250409050676                                -0.6551511177669819                                -0.37866509305000706                               0.04910216239145787                                -0.5654674918071759                                
son     : -0.31804393017868704                               0.06382250409050676                                -0.6551511177669819                                -0.37866509305000706                               0.04910216239145787                                -0.5654674918071759                                
34  :
parent#1: -0.31804393017868704                               0.06382250409050676                                -0.6551511177669819                                -0.37866509305000706                               0.04910216239145787                                -0.5654674918071759                                
parent#2: 0.5518521071087882                                 -0.5035372849204522                                -0.47039816192185024                               -0.16221581074425268                               0.3988586621391926                                 -0.18770408151181162                               
son     : 0.14569354164062726                                -0.27400069823049555                               -0.7013666630570735                                -0.33704062669770457                               0.27913907844907215                                -0.46932590391264206                               
35  :
parent#1: -0.31804393017868704                               0.06382250409050676                                -0.6551511177669819                                -0.37866509305000706                               0.04910216239145787                                -0.5654674918071759                                
parent#2: -0.5173542379163215                                -0.046859389930969046                              -0.551966014284841                                 0.3434186784487492                                 -0.22390721611852074                               0.5073573484462356                                 
son     : -0.5644472026130674                                0.011461339874363059                               -0.8156037616968665                                -0.02381468009343035                               -0.11810921707413441                               -0.0392628438943342                                
36  :
parent#1: -0.31804393017868704                               0.06382250409050676                                -0.6551511177669819                                -0.37866509305000706                               0.04910216239145787                                -0.5654674918071759                                
parent#2: -0.07955846173730688                               -0.4906860684481844                                -0.39578751719890715                               -0.5170468772730364                                0.3304748799495687                                 -0.46872033778245814                               
son     : -0.2137308958681202                                -0.22946021925064647                               -0.5649313498122429                                -0.48148936160673605                               0.20404138144033027                                -0.5559269657532658                                
37  :
parent#1: -0.31804393017868704                               0.06382250409050676                                -0.6551511177669819                                -0.37866509305000706                               0.04910216239145787                                -0.5654674918071759                                
parent#2: -0.6084390918268747                                -0.07209078696254029                               0.42929770102161235                                -0.09394955590884492                               -0.21875581426138294                               0.6193768227347047                                 
son     : -0.8585534275075868                                -0.007662053627296849                              -0.20929387852276515                               -0.4379626146581253                                -0.15721467187471966                               0.049956706969415746                               
38  :
parent#1: -0.31804393017868704                               0.06382250409050676                                -0.6551511177669819                                -0.37866509305000706                               0.04910216239145787                                -0.5654674918071759                                
parent#2: 0.4678898566033697                                 0.03243996247910639                                0.44448913827680187                                0.19496211073101583                                -0.6527984582059131                                0.3439477943224356                                 
son     : 0.2071296671027578                                 0.1330620933834742                                 -0.291194740652099                                 -0.2539297429125761                                -0.8344798938933246                                -0.3062031934500421                                
39  :
parent#1: -0.31804393017868704                               0.06382250409050676                                -0.6551511177669819                                -0.37866509305000706                               0.04910216239145787                                -0.5654674918071759                                
parent#2: -0.3581008555946988                                0.4654970334283256                                 0.34144876988616896                                -0.3442335034067167                                -0.41362049791066025                               -0.4989092156650051                                
son     : -0.4173960780378464                                0.3267582678116154                                 -0.1936539812651904                                -0.4462580283525676                                -0.22502358491838229                               -0.657058477121235                                 
40  :
parent#1: 0.5518521071087882                                 -0.5035372849204522                                -0.47039816192185024                               -0.16221581074425268                               0.3988586621391926                                 -0.18770408151181162                               
parent#2: 0.04993849713607218                                0.5669548658757171                                 0.26857884685129363                                -0.1582391697671452                                0.5085053286340128                                 -0.5659650391056736                                
son     : 0.43647881908471436                                0.04599678135436704                                -0.14637958068657364                               -0.23242604732744906                               0.6581112439760475                                 -0.5466363306893465                                
41  :
parent#1: 0.5518521071087882                                 -0.5035372849204522                                -0.47039816192185024                               -0.16221581074425268                               0.3988586621391926                                 -0.18770408151181162                               
parent#2: 0.16000447271643045                                -0.3588330723071169                                0.12850164854066398                                -0.6095206129724134                                0.4378530858133947                                 0.5156491237819817                                 
son     : 0.42767246527003205                                -0.5180988237010701                                -0.20540615748872                                  -0.4636473528847926                                0.502683526582195                                  0.1970243286017033                                 
42  :
parent#1: 0.5518521071087882                                 -0.5035372849204522                                -0.47039816192185024                               -0.16221581074425268                               0.3988586621391926                                 -0.18770408151181162                               
parent#2: 0.13803748298085494                                -0.09341651339212566                               -0.2638666833620045                                0.24038102644036366                                -0.4846179787962077                                0.7809966443490395                                 
son     : 0.5234694305682829                                 -0.4529522830423556                                -0.5571401655692528                                0.05930963669907459                                -0.06507183366912309                               0.4501742372840353                                 
43  :
parent#1: 0.5518521071087882                                 -0.5035372849204522                                -0.47039816192185024                               -0.16221581074425268                               0.3988586621391926                                 -0.18770408151181162                               
parent#2: 0.5518521071087882                                 -0.5035372849204522                                -0.47039816192185024                               -0.16221581074425268                               0.3988586621391926                                 -0.18770408151181162                               
son     : 0.5518521071087883                                 -0.5035372849204524                                -0.4703981619218503                                -0.1622158107442527                                0.39885866213919263                                -0.18770408151181164                               
44  :
parent#1: 0.5518521071087882                                 -0.5035372849204522                                -0.47039816192185024                               -0.16221581074425268                               0.3988586621391926                                 -0.18770408151181162                               
parent#2: -0.5173542379163215                                -0.046859389930969046                              -0.551966014284841                                 0.3434186784487492                                 -0.22390721611852074                               0.5073573484462356                                 
son     : 0.028027826593655072                               -0.44717030128425067                               -0.830620746064615                                 0.1472184419843442                                 0.1421394684993292                                 0.25970260034755416                                
45  :
parent#1: 0.5518521071087882                                 -0.5035372849204522                                -0.47039816192185024                               -0.16221581074425268                               0.3988586621391926                                 -0.18770408151181162                               
parent#2: -0.07955846173730688                               -0.4906860684481844                                -0.39578751719890715                               -0.5170468772730364                                0.3304748799495687                                 -0.46872033778245814                               
son     : 0.2566647562671513                                 -0.5403038918018009                                -0.4707226921055892                                -0.3691406690941156                                0.3963513328036267                                 -0.3567293679199342                                
46  :
parent#1: 0.5518521071087882                                 -0.5035372849204522                                -0.47039816192185024                               -0.16221581074425268                               0.3988586621391926                                 -0.18770408151181162                               
parent#2: -0.6084390918268747                                -0.07209078696254029                               0.42929770102161235                                -0.09394955590884492                               -0.21875581426138294                               0.6193768227347047                                 
son     : -0.07182858930312767                               -0.7306724783555993                                -0.05217079759383                                  -0.32516305660530076                               0.2286132324771856                                 0.5479430331396348                                 
47  :
parent#1: 0.5518521071087882                                 -0.5035372849204522                                -0.47039816192185024                               -0.16221581074425268                               0.3988586621391926                                 -0.18770408151181162                               
parent#2: 0.4678898566033697                                 0.03243996247910639                                0.44448913827680187                                0.19496211073101583                                -0.6527984582059131                                0.3439477943224356                                 
son     : 0.8768596537898361                                 -0.4050889830535982                                -0.0222787512055771                                0.02815801476362143                                -0.21835873150884566                               0.13435144653969966                                
48  :
parent#1: 0.5518521071087882                                 -0.5035372849204522                                -0.47039816192185024                               -0.16221581074425268                               0.3988586621391926                                 -0.18770408151181162                               
parent#2: -0.3581008555946988                                0.4654970334283256                                 0.34144876988616896                                -0.3442335034067167                                -0.41362049791066025                               -0.4989092156650051                                
son     : 0.21885306756985368                                -0.042968629441731465                              -0.1456556785452522                                -0.5720633291626925                                -0.01667433379811312                               -0.7755688035412283                                
49  :
parent#1: -0.5173542379163215                                -0.046859389930969046                              -0.551966014284841                                 0.3434186784487492                                 -0.22390721611852074                               0.5073573484462356                                 
parent#2: 0.04993849713607218                                0.5669548658757171                                 0.26857884685129363                                -0.1582391697671452                                0.5085053286340128                                 -0.5659650391056736                                
son     : -0.5635166585773203                                0.6270273745088853                                 -0.3416517154712649                                0.2232525113404498                                 0.3431116314876981                                 -0.07065746213897144                               
50  :
parent#1: -0.5173542379163215                                -0.046859389930969046                              -0.551966014284841                                 0.3434186784487492                                 -0.22390721611852074                               0.5073573484462356                                 
parent#2: 0.16000447271643045                                -0.3588330723071169                                0.12850164854066398                                -0.6095206129724134                                0.4378530858133947                                 0.5156491237819817                                 
son     : -0.2794924865148696                                -0.31730255921068407                               -0.33120242423015955                               -0.20812519998392495                               0.1673325937884927                                 0.8001197999498686                                 
51  :
parent#1: -0.5173542379163215                                -0.046859389930969046                              -0.551966014284841                                 0.3434186784487492                                 -0.22390721611852074                               0.5073573484462356                                 
parent#2: 0.13803748298085494                                -0.09341651339212566                               -0.2638666833620045                                0.24038102644036366                                -0.4846179787962077                                0.7809966443490395                                 
son     : -0.2078072844527853                                -0.07684963599536519                               -0.44695093285458604                               0.31983251401057633                                -0.3881629134643936                                0.7058199807235997                                 
52  :
parent#1: -0.5173542379163215                                -0.046859389930969046                              -0.551966014284841                                 0.3434186784487492                                 -0.22390721611852074                               0.5073573484462356                                 
parent#2: -0.31804393017868704                               0.06382250409050676                                -0.6551511177669819                                -0.37866509305000706                               0.04910216239145787                                -0.5654674918071759                                
son     : -0.5644472026130674                                0.011461339874363059                               -0.8156037616968665                                -0.02381468009343035                               -0.11810921707413441                               -0.0392628438943342                                
53  :
parent#1: -0.5173542379163215                                -0.046859389930969046                              -0.551966014284841                                 0.3434186784487492                                 -0.22390721611852074                               0.5073573484462356                                 
parent#2: 0.5518521071087882                                 -0.5035372849204522                                -0.47039816192185024                               -0.16221581074425268                               0.3988586621391926                                 -0.18770408151181162                               
son     : 0.028027826593655072                               -0.44717030128425067                               -0.830620746064615                                 0.1472184419843442                                 0.1421394684993292                                 0.25970260034755416                                
54  :
parent#1: -0.5173542379163215                                -0.046859389930969046                              -0.551966014284841                                 0.3434186784487492                                 -0.22390721611852074                               0.5073573484462356                                 
parent#2: -0.5173542379163215                                -0.046859389930969046                              -0.551966014284841                                 0.3434186784487492                                 -0.22390721611852074                               0.5073573484462356                                 
son     : -0.5173542379163216                                -0.04685938993096905                               -0.5519660142848412                                0.34341867844874924                                -0.22390721611852077                               0.5073573484462357                                 
55  :
parent#1: -0.5173542379163215                                -0.046859389930969046                              -0.551966014284841                                 0.3434186784487492                                 -0.22390721611852074                               0.5073573484462356                                 
parent#2: -0.07955846173730688                               -0.4906860684481844                                -0.39578751719890715                               -0.5170468772730364                                0.3304748799495687                                 -0.46872033778245814                               
son     : -0.47390550606914855                               -0.42677221080430516                               -0.752447748602526                                 -0.137848230535965                                 0.08460701654993294                                0.03067499167339125                                
56  :
parent#1: -0.5173542379163215                                -0.046859389930969046                              -0.551966014284841                                 0.3434186784487492                                 -0.22390721611852074                               0.5073573484462356                                 
parent#2: -0.6084390918268747                                -0.07209078696254029                               0.42929770102161235                                -0.09394955590884492                               -0.21875581426138294                               0.6193768227347047                                 
son     : -0.6698869577754761                                -0.07077957385324371                               -0.07299199685798279                               0.14844297540410428                                -0.2634002022453882                                0.6704467917981412                                 
57  :
parent#1: -0.5173542379163215                                -0.046859389930969046                              -0.551966014284841                                 0.3434186784487492                                 -0.22390721611852074                               0.5073573484462356                                 
parent#2: 0.4678898566033697                                 0.03243996247910639                                0.44448913827680187                                0.19496211073101583                                -0.6527984582059131                                0.3439477943224356                                 
son     : -0.036895300199000246                              -0.010755397933075447                              -0.08016660674838014                               0.4015762516564812                                 -0.6539315398633585                                0.6349853767437835                                 
58  :
parent#1: -0.5173542379163215                                -0.046859389930969046                              -0.551966014284841                                 0.3434186784487492                                 -0.22390721611852074                               0.5073573484462356                                 
parent#2: -0.3581008555946988                                0.4654970334283256                                 0.34144876988616896                                -0.3442335034067167                                -0.41362049791066025                               -0.4989092156650051                                
son     : -0.7418817314582565                                0.3547636219304418                                 -0.1783973831826724                                -6.905022943301237E-4                              -0.5402563396367277                                0.007159151190945259                               
59  :
parent#1: -0.07955846173730688                               -0.4906860684481844                                -0.39578751719890715                               -0.5170468772730364                                0.3304748799495687                                 -0.46872033778245814                               
parent#2: 0.04993849713607218                                0.5669548658757171                                 0.26857884685129363                                -0.1582391697671452                                0.5085053286340128                                 -0.5659650391056736                                
son     : -0.019731962763289174                              0.0508080644626492                                 -0.08474273282426563                               -0.4498560114487837                                0.558904322060457                                  -0.6892774384890856                                
60  :
parent#1: -0.07955846173730688                               -0.4906860684481844                                -0.39578751719890715                               -0.5170468772730364                                0.3304748799495687                                 -0.46872033778245814                               
parent#2: 0.16000447271643045                                -0.3588330723071169                                0.12850164854066398                                -0.6095206129724134                                0.4378530858133947                                 0.5156491237819817                                 
son     : 0.04931274563802248                                -0.5207482731936697                                -0.1638440476209853                                -0.6905766415808487                                0.4709787481206571                                 0.028766961331323768                               
61  :
parent#1: -0.07955846173730688                               -0.4906860684481844                                -0.39578751719890715                               -0.5170468772730364                                0.3304748799495687                                 -0.46872033778245814                               
parent#2: 0.13803748298085494                                -0.09341651339212566                               -0.2638666833620045                                0.24038102644036366                                -0.4846179787962077                                0.7809966443490395                                 
son     : 0.059146413300755374                               -0.5907686548255434                                -0.667182506688408                                 -0.2798233009304991                                -0.15590225756126813                               0.31584016112886276                                
62  :
parent#1: -0.07955846173730688                               -0.4906860684481844                                -0.39578751719890715                               -0.5170468772730364                                0.3304748799495687                                 -0.46872033778245814                               
parent#2: -0.31804393017868704                               0.06382250409050676                                -0.6551511177669819                                -0.37866509305000706                               0.04910216239145787                                -0.5654674918071759                                
son     : -0.2137308958681202                                -0.22946021925064647                               -0.5649313498122429                                -0.48148936160673605                               0.20404138144033027                                -0.5559269657532658                                
63  :
parent#1: -0.07955846173730688                               -0.4906860684481844                                -0.39578751719890715                               -0.5170468772730364                                0.3304748799495687                                 -0.46872033778245814                               
parent#2: 0.5518521071087882                                 -0.5035372849204522                                -0.47039816192185024                               -0.16221581074425268                               0.3988586621391926                                 -0.18770408151181162                               
son     : 0.2566647562671513                                 -0.5403038918018009                                -0.4707226921055892                                -0.3691406690941156                                0.3963513328036267                                 -0.3567293679199342                                
64  :
parent#1: -0.07955846173730688                               -0.4906860684481844                                -0.39578751719890715                               -0.5170468772730364                                0.3304748799495687                                 -0.46872033778245814                               
parent#2: -0.5173542379163215                                -0.046859389930969046                              -0.551966014284841                                 0.3434186784487492                                 -0.22390721611852074                               0.5073573484462356                                 
son     : -0.47390550606914855                               -0.42677221080430516                               -0.752447748602526                                 -0.137848230535965                                 0.08460701654993294                                0.03067499167339125                                
65  :
parent#1: -0.07955846173730688                               -0.4906860684481844                                -0.39578751719890715                               -0.5170468772730364                                0.3304748799495687                                 -0.46872033778245814                               
parent#2: -0.07955846173730688                               -0.4906860684481844                                -0.39578751719890715                               -0.5170468772730364                                0.3304748799495687                                 -0.46872033778245814                               
son     : -0.0795584617373069                                -0.49068606844818446                               -0.3957875171989072                                -0.5170468772730366                                0.33047487994956876                                -0.4687203377824582                                
66  :
parent#1: -0.07955846173730688                               -0.4906860684481844                                -0.39578751719890715                               -0.5170468772730364                                0.3304748799495687                                 -0.46872033778245814                               
parent#2: -0.6084390918268747                                -0.07209078696254029                               0.42929770102161235                                -0.09394955590884492                               -0.21875581426138294                               0.6193768227347047                                 
son     : -0.6281376335091648                                -0.5138118883128336                                0.030594596529895275                               -0.5578360731563339                                0.10199883586168232                                0.1375484657473934                                 
67  :
parent#1: -0.07955846173730688                               -0.4906860684481844                                -0.39578751719890715                               -0.5170468772730364                                0.3304748799495687                                 -0.46872033778245814                               
parent#2: 0.4678898566033697                                 0.03243996247910639                                0.44448913827680187                                0.19496211073101583                                -0.6527984582059131                                0.3439477943224356                                 
son     : 0.5071303889772877                                 -0.5984335262091761                                0.06360050299197595                                -0.420617480583691                                 -0.4209293499797235                                -0.16294317002206557                               
68  :
parent#1: -0.07955846173730688                               -0.4906860684481844                                -0.39578751719890715                               -0.5170468772730364                                0.3304748799495687                                 -0.46872033778245814                               
parent#2: -0.3581008555946988                                0.4654970334283256                                 0.34144876988616896                                -0.3442335034067167                                -0.41362049791066025                               -0.4989092156650051                                
son     : -0.3191825437281696                                -0.018370225317509828                              -0.039628950883559                                 -0.6281270656920303                                -0.06063764391548356                               -0.7056869350769975                                
69  :
parent#1: -0.6084390918268747                                -0.07209078696254029                               0.42929770102161235                                -0.09394955590884492                               -0.21875581426138294                               0.6193768227347047                                 
parent#2: 0.16000447271643045                                -0.3588330723071169                                0.12850164854066398                                -0.6095206129724134                                0.4378530858133947                                 0.5156491237819817                                 
son     : -0.2819793193105603                                -0.27096841174434555                               0.3507487473055817                                 -0.44234773793761756                               0.13777013830375426                                0.7137135050667758                                 
70  :
parent#1: -0.6084390918268747                                -0.07209078696254029                               0.42929770102161235                                -0.09394955590884492                               -0.21875581426138294                               0.6193768227347047                                 
parent#2: 0.13803748298085494                                -0.09341651339212566                               -0.2638666833620045                                0.24038102644036366                                -0.4846179787962077                                0.7809966443490395                                 
son     : -0.2834948332117522                                -0.099745544290288                                 0.09969957133971608                                0.08824919926851937                                -0.4238991372447692                                0.8439568126881596                                 
71  :
parent#1: -0.6084390918268747                                -0.07209078696254029                               0.42929770102161235                                -0.09394955590884492                               -0.21875581426138294                               0.6193768227347047                                 
parent#2: -0.31804393017868704                               0.06382250409050676                                -0.6551511177669819                                -0.37866509305000706                               0.04910216239145787                                -0.5654674918071759                                
son     : -0.8585534275075868                                -0.007662053627296849                              -0.20929387852276515                               -0.4379626146581253                                -0.15721467187471966                               0.049956706969415746                               
72  :
parent#1: -0.6084390918268747                                -0.07209078696254029                               0.42929770102161235                                -0.09394955590884492                               -0.21875581426138294                               0.6193768227347047                                 
parent#2: 0.5518521071087882                                 -0.5035372849204522                                -0.47039816192185024                               -0.16221581074425268                               0.3988586621391926                                 -0.18770408151181162                               
son     : -0.07182858930312767                               -0.7306724783555993                                -0.05217079759383                                  -0.32516305660530076                               0.2286132324771856                                 0.5479430331396348                                 
73  :
parent#1: -0.6084390918268747                                -0.07209078696254029                               0.42929770102161235                                -0.09394955590884492                               -0.21875581426138294                               0.6193768227347047                                 
parent#2: -0.5173542379163215                                -0.046859389930969046                              -0.551966014284841                                 0.3434186784487492                                 -0.22390721611852074                               0.5073573484462356                                 
son     : -0.6698869577754761                                -0.07077957385324371                               -0.07299199685798279                               0.14844297540410428                                -0.2634002022453882                                0.6704467917981412                                 
74  :
parent#1: -0.6084390918268747                                -0.07209078696254029                               0.42929770102161235                                -0.09394955590884492                               -0.21875581426138294                               0.6193768227347047                                 
parent#2: -0.07955846173730688                               -0.4906860684481844                                -0.39578751719890715                               -0.5170468772730364                                0.3304748799495687                                 -0.46872033778245814                               
son     : -0.6281376335091648                                -0.5138118883128336                                0.030594596529895275                               -0.5578360731563339                                0.10199883586168232                                0.1375484657473934                                 
75  :
parent#1: -0.6084390918268747                                -0.07209078696254029                               0.42929770102161235                                -0.09394955590884492                               -0.21875581426138294                               0.6193768227347047                                 
parent#2: -0.6084390918268747                                -0.07209078696254029                               0.42929770102161235                                -0.09394955590884492                               -0.21875581426138294                               0.6193768227347047                                 
son     : -0.6084390918268748                                -0.0720907869625403                                0.4292977010216124                                 -0.09394955590884493                               -0.21875581426138296                               0.6193768227347048                                 
76  :
parent#1: -0.6084390918268747                                -0.07209078696254029                               0.42929770102161235                                -0.09394955590884492                               -0.21875581426138294                               0.6193768227347047                                 
parent#2: 0.4678898566033697                                 0.03243996247910639                                0.44448913827680187                                0.19496211073101583                                -0.6527984582059131                                0.3439477943224356                                 
son     : -0.08920148833393556                               -0.025164936343947123                              0.5545607304662797                                 0.06410899508789372                                -0.5531438014888717                                0.6113871018477429                                 
77  :
parent#1: -0.6084390918268747                                -0.07209078696254029                               0.42929770102161235                                -0.09394955590884492                               -0.21875581426138294                               0.6193768227347047                                 
parent#2: -0.3581008555946988                                0.4654970334283256                                 0.34144876988616896                                -0.3442335034067167                                -0.41362049791066025                               -0.4989092156650051                                
son     : -0.6387864235832594                                0.2600022584328667                                 0.5093864800456681                                 -0.2895952620289094                                -0.4179376174660672                                0.07961706299152306                                
78  :
parent#1: 0.4678898566033697                                 0.03243996247910639                                0.44448913827680187                                0.19496211073101583                                -0.6527984582059131                                0.3439477943224356                                 
parent#2: 0.04993849713607218                                0.5669548658757171                                 0.26857884685129363                                -0.1582391697671452                                0.5085053286340128                                 -0.5659650391056736                                
son     : 0.47126996609294675                                0.5455027296114427                                 0.6489554361914566                                 0.03342115011258103                                -0.13131961158506014                               -0.20205548550107638                               
79  :
parent#1: 0.4678898566033697                                 0.03243996247910639                                0.44448913827680187                                0.19496211073101583                                -0.6527984582059131                                0.3439477943224356                                 
parent#2: 0.16000447271643045                                -0.3588330723071169                                0.12850164854066398                                -0.6095206129724134                                0.4378530858133947                                 0.5156491237819817                                 
son     : 0.4698263882529591                                 -0.24422596093082738                               0.42874442290998727                                -0.31019634153827697                               -0.1608344004193568                                0.6431994947682952                                 
80  :
parent#1: 0.4678898566033697                                 0.03243996247910639                                0.44448913827680187                                0.19496211073101583                                -0.6527984582059131                                0.3439477943224356                                 
parent#2: 0.13803748298085494                                -0.09341651339212566                               -0.2638666833620045                                0.24038102644036366                                -0.4846179787962077                                0.7809966443490395                                 
son     : 0.3412805798640556                                 -0.03434423782228545                               0.10173321473180176                                0.2452012784167061                                 -0.6406348019109882                                0.6336101133975651                                 
81  :
parent#1: 0.4678898566033697                                 0.03243996247910639                                0.44448913827680187                                0.19496211073101583                                -0.6527984582059131                                0.3439477943224356                                 
parent#2: -0.31804393017868704                               0.06382250409050676                                -0.6551511177669819                                -0.37866509305000706                               0.04910216239145787                                -0.5654674918071759                                
son     : 0.2071296671027578                                 0.1330620933834742                                 -0.291194740652099                                 -0.2539297429125761                                -0.8344798938933246                                -0.3062031934500421                                
82  :
parent#1: 0.4678898566033697                                 0.03243996247910639                                0.44448913827680187                                0.19496211073101583                                -0.6527984582059131                                0.3439477943224356                                 
parent#2: 0.5518521071087882                                 -0.5035372849204522                                -0.47039816192185024                               -0.16221581074425268                               0.3988586621391926                                 -0.18770408151181162                               
son     : 0.8768596537898361                                 -0.4050889830535982                                -0.0222787512055771                                0.02815801476362143                                -0.21835873150884566                               0.13435144653969966                                
83  :
parent#1: 0.4678898566033697                                 0.03243996247910639                                0.44448913827680187                                0.19496211073101583                                -0.6527984582059131                                0.3439477943224356                                 
parent#2: -0.5173542379163215                                -0.046859389930969046                              -0.551966014284841                                 0.3434186784487492                                 -0.22390721611852074                               0.5073573484462356                                 
son     : -0.036895300199000246                              -0.010755397933075447                              -0.08016660674838014                               0.4015762516564812                                 -0.6539315398633585                                0.6349853767437835                                 
84  :
parent#1: 0.4678898566033697                                 0.03243996247910639                                0.44448913827680187                                0.19496211073101583                                -0.6527984582059131                                0.3439477943224356                                 
parent#2: -0.07955846173730688                               -0.4906860684481844                                -0.39578751719890715                               -0.5170468772730364                                0.3304748799495687                                 -0.46872033778245814                               
son     : 0.5071303889772877                                 -0.5984335262091761                                0.06360050299197595                                -0.420617480583691                                 -0.4209293499797235                                -0.16294317002206557                               
85  :
parent#1: 0.4678898566033697                                 0.03243996247910639                                0.44448913827680187                                0.19496211073101583                                -0.6527984582059131                                0.3439477943224356                                 
parent#2: -0.6084390918268747                                -0.07209078696254029                               0.42929770102161235                                -0.09394955590884492                               -0.21875581426138294                               0.6193768227347047                                 
son     : -0.08920148833393556                               -0.025164936343947123                              0.5545607304662797                                 0.06410899508789372                                -0.5531438014888717                                0.6113871018477429                                 
86  :
parent#1: 0.4678898566033697                                 0.03243996247910639                                0.44448913827680187                                0.19496211073101583                                -0.6527984582059131                                0.3439477943224356                                 
parent#2: 0.4678898566033697                                 0.03243996247910639                                0.44448913827680187                                0.19496211073101583                                -0.6527984582059131                                0.3439477943224356                                 
son     : 0.4678898566033697                                 0.03243996247910639                                0.44448913827680187                                0.19496211073101583                                -0.6527984582059131                                0.3439477943224356                                 
87  :
parent#1: 0.4678898566033697                                 0.03243996247910639                                0.44448913827680187                                0.19496211073101583                                -0.6527984582059131                                0.3439477943224356                                 
parent#2: -0.3581008555946988                                0.4654970334283256                                 0.34144876988616896                                -0.3442335034067167                                -0.41362049791066025                               -0.4989092156650051                                
son     : 0.07647065318369341                                0.3468249730987179                                 0.5474244655373206                                 -0.10397107902137584                               -0.7427861934481598                                -0.10793431946251092                               
88  :
parent#1: -0.3581008555946988                                0.4654970334283256                                 0.34144876988616896                                -0.3442335034067167                                -0.41362049791066025                               -0.4989092156650051                                
parent#2: 0.04993849713607218                                0.5669548658757171                                 0.26857884685129363                                -0.1582391697671452                                0.5085053286340128                                 -0.5659650391056736                                
son     : -0.1800766646886765                                0.603319936309232                                  0.35647357821222353                                -0.293623152207607                                 0.05544656372593603                                -0.6222661491529604                                
89  :
parent#1: -0.3581008555946988                                0.4654970334283256                                 0.34144876988616896                                -0.3442335034067167                                -0.41362049791066025                               -0.4989092156650051                                
parent#2: 0.16000447271643045                                -0.3588330723071169                                0.12850164854066398                                -0.6095206129724134                                0.4378530858133947                                 0.5156491237819817                                 
son     : -0.18220914558924503                               0.09810956130886511                                0.43226061458921855                                -0.8772634821629096                                0.022289145682618635                               0.015397375312557401                               
90  :
parent#1: -0.3581008555946988                                0.4654970334283256                                 0.34144876988616896                                -0.3442335034067167                                -0.41362049791066025                               -0.4989092156650051                                
parent#2: 0.13803748298085494                                -0.09341651339212566                               -0.2638666833620045                                0.24038102644036366                                -0.4846179787962077                                0.7809966443490395                                 
son     : -0.21077457426772075                               0.356375130819969                                  0.07430737366107032                                -0.09946890006835381                               -0.8603241433139152                                0.2701806165239742                                 
91  :
parent#1: -0.3581008555946988                                0.4654970334283256                                 0.34144876988616896                                -0.3442335034067167                                -0.41362049791066025                               -0.4989092156650051                                
parent#2: -0.31804393017868704                               0.06382250409050676                                -0.6551511177669819                                -0.37866509305000706                               0.04910216239145787                                -0.5654674918071759                                
son     : -0.4173960780378464                                0.3267582678116154                                 -0.1936539812651904                                -0.4462580283525676                                -0.22502358491838229                               -0.657058477121235                                 
92  :
parent#1: -0.3581008555946988                                0.4654970334283256                                 0.34144876988616896                                -0.3442335034067167                                -0.41362049791066025                               -0.4989092156650051                                
parent#2: 0.5518521071087882                                 -0.5035372849204522                                -0.47039816192185024                               -0.16221581074425268                               0.3988586621391926                                 -0.18770408151181162                               
son     : 0.21885306756985368                                -0.042968629441731465                              -0.1456556785452522                                -0.5720633291626925                                -0.01667433379811312                               -0.7755688035412283                                
93  :
parent#1: -0.3581008555946988                                0.4654970334283256                                 0.34144876988616896                                -0.3442335034067167                                -0.41362049791066025                               -0.4989092156650051                                
parent#2: -0.5173542379163215                                -0.046859389930969046                              -0.551966014284841                                 0.3434186784487492                                 -0.22390721611852074                               0.5073573484462356                                 
son     : -0.7418817314582565                                0.3547636219304418                                 -0.1783973831826724                                -6.905022943301237E-4                              -0.5402563396367277                                0.007159151190945259                               
94  :
parent#1: -0.3581008555946988                                0.4654970334283256                                 0.34144876988616896                                -0.3442335034067167                                -0.41362049791066025                               -0.4989092156650051                                
parent#2: -0.07955846173730688                               -0.4906860684481844                                -0.39578751719890715                               -0.5170468772730364                                0.3304748799495687                                 -0.46872033778245814                               
son     : -0.3191825437281696                                -0.018370225317509828                              -0.039628950883559                                 -0.6281270656920303                                -0.06063764391548356                               -0.7056869350769975                                
95  :
parent#1: -0.3581008555946988                                0.4654970334283256                                 0.34144876988616896                                -0.3442335034067167                                -0.41362049791066025                               -0.4989092156650051                                
parent#2: -0.6084390918268747                                -0.07209078696254029                               0.42929770102161235                                -0.09394955590884492                               -0.21875581426138294                               0.6193768227347047                                 
son     : -0.6387864235832594                                0.2600022584328667                                 0.5093864800456681                                 -0.2895952620289094                                -0.4179376174660672                                0.07961706299152306                                
96  :
parent#1: -0.3581008555946988                                0.4654970334283256                                 0.34144876988616896                                -0.3442335034067167                                -0.41362049791066025                               -0.4989092156650051                                
parent#2: -0.3581008555946988                                0.4654970334283256                                 0.34144876988616896                                -0.3442335034067167                                -0.41362049791066025                               -0.4989092156650051                                
son     : -0.3581008555946988                                0.4654970334283256                                 0.34144876988616896                                -0.3442335034067167                                -0.41362049791066025                               -0.4989092156650051                                

0   :
parent#1: 0.5518521071087882                                 -0.5035372849204522                                -0.47039816192185024                               -0.16221581074425268                               0.3988586621391926                                 -0.18770408151181162                               
parent#2: -0.31804393017868704                               0.06382250409050676                                -0.6551511177669819                                -0.37866509305000706                               0.04910216239145787                                -0.5654674918071759                                
son:      0.14569354164062726                                -0.27400069823049555                               -0.7013666630570735                                -0.33704062669770457                               0.27913907844907215                                -0.46932590391264206                               
mutated:  0.14569354164062726                                -0.27400069823049555                               -0.7013666630570735                                -0.33704062669770457                               0.27913907844907215                                -0.46932590391264206                               
1   :
parent#1: -0.6084390918268747                                -0.07209078696254029                               0.42929770102161235                                -0.09394955590884492                               -0.21875581426138294                               0.6193768227347047                                 
parent#2: 0.04993849713607218                                0.5669548658757171                                 0.26857884685129363                                -0.1582391697671452                                0.5085053286340128                                 -0.5659650391056736                                
son:      -0.511064468171407                                 0.45283290601849885                                0.638602555088448                                  -0.23076913111932848                               0.2651397023986197                                 0.04887526540516783                                
mutated:  -0.511064468171407                                 0.45283290601849885                                0.638602555088448                                  -0.23076913111932848                               0.2651397023986197                                 0.04887526540516783                                
2   :
parent#1: -0.3581008555946988                                0.4654970334283256                                 0.34144876988616896                                -0.3442335034067167                                -0.41362049791066025                               -0.4989092156650051                                
parent#2: 0.4678898566033697                                 0.03243996247910639                                0.44448913827680187                                0.19496211073101583                                -0.6527984582059131                                0.3439477943224356                                 
son:      0.07647065318369341                                0.3468249730987179                                 0.5474244655373206                                 -0.10397107902137584                               -0.7427861934481598                                -0.10793431946251092                               
mutated:  0.07647065318369341                                0.3468249730987179                                 0.5474244655373206                                 -0.10397107902137584                               -0.7427861934481598                                -0.10793431946251092                               

