0   :
parent#1: 0.641203963554633                                  -0.4320040704304389                                -0.24210444194992284                               0.008013827921567006                               -0.4046568142855711                                -0.4240330655217514                                
parent#2: 0.641203963554633                                  -0.4320040704304389                                -0.24210444194992284                               0.008013827921567006                               -0.4046568142855711                                -0.4240330655217514                                
son     : 0.6412039635546332                                 -0.432004070430439                                 -0.24210444194992287                               0.008013827921567008                               -0.40465681428557115                               -0.42403306552175146                               
1   :
parent#1: 0.641203963554633                                  -0.4320040704304389                                -0.24210444194992284                               0.008013827921567006                               -0.4046568142855711                                -0.4240330655217514                                
parent#2: 0.13803748298085494                                -0.09341651339212566                               -0.2638666833620045                                0.24038102644036366                                -0.4846179787962077                                0.7809966443490395                                 
son     : 0.5433796781649306                                 -0.3663856292655922                                -0.3359194938183819                                0.17321039149175163                                -0.6201079947856134                                0.20765939607943174                                
2   :
parent#1: 0.641203963554633                                  -0.4320040704304389                                -0.24210444194992284                               0.008013827921567006                               -0.4046568142855711                                -0.4240330655217514                                
parent#2: -0.737277330784812                                 0.23538914996427068                                0.2545568046246003                                 -0.35755530737343344                               0.3745843685993547                                 0.26087482013284935                                
son     : -0.21609136061787948                               -0.4421375348320967                                0.028002233618706802                               -0.7860309262389118                                -0.06762537131236555                               -0.3669018822820845                                
3   :
parent#1: 0.641203963554633                                  -0.4320040704304389                                -0.24210444194992284                               0.008013827921567006                               -0.4046568142855711                                -0.4240330655217514                                
parent#2: -0.21277315511615508                               0.4774718557240536                                 -0.06485251024311009                               0.6463067750128703                                 0.01829717410385328                                -0.5518107731467271                                
son     : 0.340450147563464                                  0.03613072147872356                                -0.23324254097462963                               0.3644240453632649                                 -0.30701852883047526                               -0.7754488527201419                                
4   :
parent#1: 0.641203963554633                                  -0.4320040704304389                                -0.24210444194992284                               0.008013827921567006                               -0.4046568142855711                                -0.4240330655217514                                
parent#2: -0.18628923436773914                               -0.5349839341810874                                0.5639996316837269                                 -0.4851295709639006                                0.34055424095676134                                0.09831091053476099                                
son     : 0.3596801677624067                                 -0.7645529709371497                                0.254507731706793                                  -0.37723348902393794                               0.11263266847148816                                -0.2575335372390677                                
5   :
parent#1: 0.641203963554633                                  -0.4320040704304389                                -0.24210444194992284                               0.008013827921567006                               -0.4046568142855711                                -0.4240330655217514                                
parent#2: -0.35581810987560264                               -0.022007964121444817                              0.15790186778848952                                0.4850393518110251                                 0.5681999323828612                                 -0.5383881372983081                                
son     : 0.23373724899201473                                -0.37184577510550343                               -0.06896374781307411                               0.40382132594096914                                0.13394538665055608                                -0.7882439911396202                                
6   :
parent#1: 0.641203963554633                                  -0.4320040704304389                                -0.24210444194992284                               0.008013827921567006                               -0.4046568142855711                                -0.4240330655217514                                
parent#2: 0.3038735900869655                                 -0.5221975628325886                                -0.02918447314908652                               0.5328329040610401                                 0.46610157754066306                                0.36463300578850194                                
son     : 0.6664099927449529                                 -0.6278690166743593                                -0.17850934060486556                               0.35587961070682245                                0.04043093381933979                                -0.039085509597773856                              
7   :
parent#1: 0.641203963554633                                  -0.4320040704304389                                -0.24210444194992284                               0.008013827921567006                               -0.4046568142855711                                -0.4240330655217514                                
parent#2: -0.21277315511615508                               0.4774718557240536                                 -0.06485251024311009                               0.6463067750128703                                 0.01829717410385328                                -0.5518107731467271                                
son     : 0.32182836546465193                                0.034154460263197906                               -0.1791832208515268                                0.49151210880408547                                -0.2902253736942649                                -0.7330337159740594                                
8   :
parent#1: 0.641203963554633                                  -0.4320040704304389                                -0.24210444194992284                               0.008013827921567006                               -0.4046568142855711                                -0.4240330655217514                                
parent#2: 0.4437702207899403                                 0.18975135360562714                                -0.2508917220056361                                0.16475981875637555                                0.5755914489863772                                 -0.5879323470868527                                
son     : 0.7314267433702935                                 -0.14037727763558575                               -0.28567464707079043                               0.10011650018093035                                0.09905085477445862                                -0.5863998205894154                                
9   :
parent#1: 0.641203963554633                                  -0.4320040704304389                                -0.24210444194992284                               0.008013827921567006                               -0.4046568142855711                                -0.4240330655217514                                
parent#2: -0.5054970711115444                                -0.0766361129025148                                -0.5482350723210464                                -0.6272605302926068                                0.08474882785429554                                0.19339024300191843                                
son     : 0.11305879647332798                                -0.4237533254968094                                -0.6584399117846068                                -0.5159007448314203                                -0.2665186069550129                                -0.1921508882847588                                
10  :
parent#1: 0.13803748298085494                                -0.09341651339212566                               -0.2638666833620045                                0.24038102644036366                                -0.4846179787962077                                0.7809966443490395                                 
parent#2: 0.641203963554633                                  -0.4320040704304389                                -0.24210444194992284                               0.008013827921567006                               -0.4046568142855711                                -0.4240330655217514                                
son     : 0.5352832669009217                                 -0.36092644693883513                               -0.3475660568603619                                0.1706295394262985                                 -0.6108683239704669                                0.24520850564204877                                
11  :
parent#1: 0.13803748298085494                                -0.09341651339212566                               -0.2638666833620045                                0.24038102644036366                                -0.4846179787962077                                0.7809966443490395                                 
parent#2: 0.13803748298085494                                -0.09341651339212566                               -0.2638666833620045                                0.24038102644036366                                -0.4846179787962077                                0.7809966443490395                                 
son     : 0.13803748298085497                                -0.09341651339212567                               -0.26386668336200453                               0.2403810264403637                                 -0.48461797879620777                               0.7809966443490396                                 
12  :
parent#1: 0.13803748298085494                                -0.09341651339212566                               -0.2638666833620045                                0.24038102644036366                                -0.4846179787962077                                0.7809966443490395                                 
parent#2: -0.21277315511615508                               0.4774718557240536                                 -0.06485251024311009                               0.6463067750128703                                 0.01829717410385328                                -0.5518107731467271                                
son     : -0.0651147745378192                                0.3346150012635868                                 -0.28640240418391494                               0.7725424101697626                                 -0.4062902385472089                                0.19968223880525499                                
13  :
parent#1: 0.13803748298085494                                -0.09341651339212566                               -0.2638666833620045                                0.24038102644036366                                -0.4846179787962077                                0.7809966443490395                                 
parent#2: -0.18628923436773914                               -0.5349839341810874                                0.5639996316837269                                 -0.4851295709639006                                0.34055424095676134                                0.09831091053476099                                
son     : -0.041665551666156625                              -0.5426259267868695                                0.2591658231169161                                 -0.21134120180006505                               -0.12439952829983068                               0.7592850685293772                                 
14  :
parent#1: 0.13803748298085494                                -0.09341651339212566                               -0.2638666833620045                                0.24038102644036366                                -0.4846179787962077                                0.7809966443490395                                 
parent#2: -0.35581810987560264                               -0.022007964121444817                              0.15790186778848952                                0.4850393518110251                                 0.5681999323828612                                 -0.5383881372983081                                
son     : -0.2672488277375813                                -0.14164279324364673                               -0.13003439813375725                               0.8901973902312796                                 0.10256733775886091                                0.2977162846528493                                 
15  :
parent#1: 0.13803748298085494                                -0.09341651339212566                               -0.2638666833620045                                0.24038102644036366                                -0.4846179787962077                                0.7809966443490395                                 
parent#2: 0.3038735900869655                                 -0.5221975628325886                                -0.02918447314908652                               0.5328329040610401                                 0.46610157754066306                                0.36463300578850194                                
son     : 0.27561285578544736                                -0.38394863571109017                               -0.18277131092583926                               0.48224113969164223                                -0.01154838278543586                               0.7145108570258257                                 
16  :
parent#1: 0.13803748298085494                                -0.09341651339212566                               -0.2638666833620045                                0.24038102644036366                                -0.4846179787962077                                0.7809966443490395                                 
parent#2: -0.21277315511615508                               0.4774718557240536                                 -0.06485251024311009                               0.6463067750128703                                 0.01829717410385328                                -0.5518107731467271                                
son     : -0.0651147745378192                                0.3346150012635868                                 -0.28640240418391494                               0.7725424101697626                                 -0.4062902385472089                                0.19968223880525499                                
17  :
parent#1: 0.13803748298085494                                -0.09341651339212566                               -0.2638666833620045                                0.24038102644036366                                -0.4846179787962077                                0.7809966443490395                                 
parent#2: 0.4437702207899403                                 0.18975135360562714                                -0.2508917220056361                                0.16475981875637555                                0.5755914489863772                                 -0.5879323470868527                                
son     : 0.641543031433511                                  0.10622572548056204                                -0.5676096512560705                                0.4467374431457258                                 0.10031389317735792                                0.21288658387369588                                
18  :
parent#1: -0.737277330784812                                 0.23538914996427068                                0.2545568046246003                                 -0.35755530737343344                               0.3745843685993547                                 0.26087482013284935                                
parent#2: 0.641203963554633                                  -0.4320040704304389                                -0.24210444194992284                               0.008013827921567006                               -0.4046568142855711                                -0.4240330655217514                                
son     : -0.21604702480501983                               -0.4421419777784982                                0.028002515007218946                               -0.7860388248971347                                -0.0676260508653925                                -0.3669055692013554                                
19  :
parent#1: -0.737277330784812                                 0.23538914996427068                                0.2545568046246003                                 -0.35755530737343344                               0.3745843685993547                                 0.26087482013284935                                
parent#2: 0.13803748298085494                                -0.09341651339212566                               -0.2638666833620045                                0.24038102644036366                                -0.4846179787962077                                0.7809966443490395                                 
son     : -0.49080695475411157                               0.11628258312551855                                -0.007625249303731682                              -0.09597150825503394                               -0.09012294716252976                               0.8533440534729836                                 
20  :
parent#1: -0.737277330784812                                 0.23538914996427068                                0.2545568046246003                                 -0.35755530737343344                               0.3745843685993547                                 0.26087482013284935                                
parent#2: -0.737277330784812                                 0.23538914996427068                                0.2545568046246003                                 -0.35755530737343344                               0.3745843685993547                                 0.26087482013284935                                
son     : -0.737277330784812                                 0.23538914996427068                                0.2545568046246003                                 -0.35755530737343344                               0.3745843685993547                                 0.26087482013284935                                
21  :
parent#1: -0.737277330784812                                 0.23538914996427068                                0.2545568046246003                                 -0.35755530737343344                               0.3745843685993547                                 0.26087482013284935                                
parent#2: -0.21277315511615508                               0.4774718557240536                                 -0.06485251024311009                               0.6463067750128703                                 0.01829717410385328                                -0.5518107731467271                                
son     : -0.7142769348181054                                0.5359506485716223                                 0.1426254750916121                                 0.21709216119618466                                0.29538032792281355                                -0.21873452393434054                               
22  :
parent#1: -0.737277330784812                                 0.23538914996427068                                0.2545568046246003                                 -0.35755530737343344                               0.3745843685993547                                 0.26087482013284935                                
parent#2: -0.18628923436773914                               -0.5349839341810874                                0.5639996316837269                                 -0.4851295709639006                                0.34055424095676134                                0.09831091053476099                                
son     : -0.5365111569757521                                -0.17403828848818859                               0.47550948384666747                                -0.4895259920632318                                0.4154327985526498                                 0.20865540092156748                                
23  :
parent#1: -0.737277330784812                                 0.23538914996427068                                0.2545568046246003                                 -0.35755530737343344                               0.3745843685993547                                 0.26087482013284935                                
parent#2: -0.35581810987560264                               -0.022007964121444817                              0.15790186778848952                                0.4850393518110251                                 0.5681999323828612                                 -0.5383881372983081                                
son     : -0.7066775160465816                                0.1379492410025775                                 0.26665125409054186                                0.08241742167024284                                0.6095025586999985                                 -0.1794101542733071                                
24  :
parent#1: -0.737277330784812                                 0.23538914996427068                                0.2545568046246003                                 -0.35755530737343344                               0.3745843685993547                                 0.26087482013284935                                
parent#2: 0.3038735900869655                                 -0.5221975628325886                                -0.02918447314908652                               0.5328329040610401                                 0.46610157754066306                                0.36463300578850194                                
son     : -0.35996868092329504                               -0.23821217115402987                               0.18718569606072488                                0.1455789125711083                                 0.6982418070861799                                 0.5195230355916163                                 
25  :
parent#1: -0.737277330784812                                 0.23538914996427068                                0.2545568046246003                                 -0.35755530737343344                               0.3745843685993547                                 0.26087482013284935                                
parent#2: -0.21277315511615508                               0.4774718557240536                                 -0.06485251024311009                               0.6463067750128703                                 0.01829717410385328                                -0.5518107731467271                                
son     : -0.7142769348181054                                0.5359506485716223                                 0.1426254750916121                                 0.21709216119618466                                0.29538032792281355                                -0.21873452393434054                               
26  :
parent#1: -0.737277330784812                                 0.23538914996427068                                0.2545568046246003                                 -0.35755530737343344                               0.3745843685993547                                 0.26087482013284935                                
parent#2: -0.5054970711115444                                -0.0766361129025148                                -0.5482350723210464                                -0.6272605302926068                                0.08474882785429554                                0.19339024300191843                                
son     : -0.7124117499578031                                0.09100407022521972                                -0.1683490167603642                                -0.5645388038466649                                0.2633095482172207                                 0.26040427617330425                                
27  :
parent#1: -0.21277315511615508                               0.4774718557240536                                 -0.06485251024311009                               0.6463067750128703                                 0.01829717410385328                                -0.5518107731467271                                
parent#2: 0.641203963554633                                  -0.4320040704304389                                -0.24210444194992284                               0.008013827921567006                               -0.4046568142855711                                -0.4240330655217514                                
son     : 0.31849205820866705                                0.033800390250022294                               -0.22818935884125882                               0.48641673626711246                                -0.2872166860705711                                -0.7254345545329762                                
28  :
parent#1: -0.21277315511615508                               0.4774718557240536                                 -0.06485251024311009                               0.6463067750128703                                 0.01829717410385328                                -0.5518107731467271                                
parent#2: -0.737277330784812                                 0.23538914996427068                                0.2545568046246003                                 -0.35755530737343344                               0.3745843685993547                                 0.26087482013284935                                
son     : -0.7142769348181054                                0.5359506485716223                                 0.1426254750916121                                 0.21709216119618466                                0.29538032792281355                                -0.21873452393434054                               
29  :
parent#1: -0.21277315511615508                               0.4774718557240536                                 -0.06485251024311009                               0.6463067750128703                                 0.01829717410385328                                -0.5518107731467271                                
parent#2: -0.21277315511615508                               0.4774718557240536                                 -0.06485251024311009                               0.6463067750128703                                 0.01829717410385328                                -0.5518107731467271                                
son     : -0.2127731551161551                                0.47747185572405365                                -0.0648525102431101                                0.6463067750128704                                 0.018297174103853283                               -0.5518107731467272                                
30  :
parent#1: -0.21277315511615508                               0.4774718557240536                                 -0.06485251024311009                               0.6463067750128703                                 0.01829717410385328                                -0.5518107731467271                                
parent#2: -0.18628923436773914                               -0.5349839341810874                                0.5639996316837269                                 -0.4851295709639006                                0.34055424095676134                                0.09831091053476099                                
son     : -0.45414879197839975                               -0.06545102130323152                               0.5680491777612147                                 0.18342603673566646                                0.4083871117503416                                 -0.5161007907409096                                
31  :
parent#1: -0.21277315511615508                               0.4774718557240536                                 -0.06485251024311009                               0.6463067750128703                                 0.01829717410385328                                -0.5518107731467271                                
parent#2: -0.35581810987560264                               -0.022007964121444817                              0.15790186778848952                                0.4850393518110251                                 0.5681999323828612                                 -0.5383881372983081                                
son     : -0.31056847413527755                               0.24877752182983                                   0.05082420144557668                                0.6179490645739109                                 0.32034876837050014                                -0.5954741709332534                                
32  :
parent#1: -0.21277315511615508                               0.4774718557240536                                 -0.06485251024311009                               0.6463067750128703                                 0.01829717410385328                                -0.5518107731467271                                
parent#2: 0.3038735900869655                                 -0.5221975628325886                                -0.02918447314908652                               0.5328329040610401                                 0.46610157754066306                                0.36463300578850194                                
son     : 0.07030244716965915                                -0.03451494674126314                               -0.07256858937108547                               0.909945216181496                                  0.37381180076087295                                -0.1444455792692173                                
33  :
parent#1: -0.21277315511615508                               0.4774718557240536                                 -0.06485251024311009                               0.6463067750128703                                 0.01829717410385328                                -0.5518107731467271                                
parent#2: -0.21277315511615508                               0.4774718557240536                                 -0.06485251024311009                               0.6463067750128703                                 0.01829717410385328                                -0.5518107731467271                                
son     : -0.2127731551161551                                0.47747185572405365                                -0.0648525102431101                                0.6463067750128704                                 0.018297174103853283                               -0.5518107731467272                                
34  :
parent#1: -0.21277315511615508                               0.4774718557240536                                 -0.06485251024311009                               0.6463067750128703                                 0.01829717410385328                                -0.5518107731467271                                
parent#2: -0.5054970711115444                                -0.0766361129025148                                -0.5482350723210464                                -0.6272605302926068                                0.08474882785429554                                0.19339024300191843                                
son     : -0.6579110330607513                                0.36715187128443205                                -0.5615673183613688                                0.01744571065634574                                0.09438662376014191                                -0.3283009828991565                                
35  :
parent#1: -0.18628923436773914                               -0.5349839341810874                                0.5639996316837269                                 -0.4851295709639006                                0.34055424095676134                                0.09831091053476099                                
parent#2: 0.641203963554633                                  -0.4320040704304389                                -0.24210444194992284                               0.008013827921567006                               -0.4046568142855711                                -0.4240330655217514                                
son     : 0.3615135977517893                                 -0.7684501953910532                                0.2558050568018736                                 -0.3791563951326584                                -0.05094130926617082                               -0.2588462860441611                                
36  :
parent#1: -0.18628923436773914                               -0.5349839341810874                                0.5639996316837269                                 -0.4851295709639006                                0.34055424095676134                                0.09831091053476099                                
parent#2: 0.13803748298085494                                -0.09341651339212566                               -0.2638666833620045                                0.24038102644036366                                -0.4846179787962077                                0.7809966443490395                                 
son     : -0.041665551666156625                              -0.5426259267868695                                0.2591658231169161                                 -0.21134120180006505                               -0.12439952829983068                               0.7592850685293772                                 
37  :
parent#1: -0.18628923436773914                               -0.5349839341810874                                0.5639996316837269                                 -0.4851295709639006                                0.34055424095676134                                0.09831091053476099                                
parent#2: -0.737277330784812                                 0.23538914996427068                                0.2545568046246003                                 -0.35755530737343344                               0.3745843685993547                                 0.26087482013284935                                
son     : -0.5365111569757521                                -0.17403828848818859                               0.47550948384666747                                -0.4895259920632318                                0.4154327985526498                                 0.20865540092156748                                
38  :
parent#1: -0.18628923436773914                               -0.5349839341810874                                0.5639996316837269                                 -0.4851295709639006                                0.34055424095676134                                0.09831091053476099                                
parent#2: -0.21277315511615508                               0.4774718557240536                                 -0.06485251024311009                               0.6463067750128703                                 0.01829717410385328                                -0.5518107731467271                                
son     : -0.45414879197839975                               -0.06545102130323152                               0.5680491777612147                                 0.18342603673566646                                0.4083871117503416                                 -0.5161007907409096                                
39  :
parent#1: -0.18628923436773914                               -0.5349839341810874                                0.5639996316837269                                 -0.4851295709639006                                0.34055424095676134                                0.09831091053476099                                
parent#2: -0.35581810987560264                               -0.022007964121444817                              0.15790186778848952                                0.4850393518110251                                 0.5681999323828612                                 -0.5383881372983081                                
son     : -0.37016513453948763                               -0.3803286990334733                                0.4929333065010822                                 -6.160400742920847E-5                              0.6205212203998173                                 -0.3004962902320869                                
40  :
parent#1: -0.18628923436773914                               -0.5349839341810874                                0.5639996316837269                                 -0.4851295709639006                                0.34055424095676134                                0.09831091053476099                                
parent#2: 0.3038735900869655                                 -0.5221975628325886                                -0.02918447314908652                               0.5328329040610401                                 0.46610157754066306                                0.36463300578850194                                
son     : 0.07779077132686382                                -0.6994039605196852                                0.3538198890935111                                 0.03155929250783848                                0.5336626452761769                                 0.3062717324221153                                 
41  :
parent#1: -0.18628923436773914                               -0.5349839341810874                                0.5639996316837269                                 -0.4851295709639006                                0.34055424095676134                                0.09831091053476099                                
parent#2: -0.21277315511615508                               0.4774718557240536                                 -0.06485251024311009                               0.6463067750128703                                 0.01829717410385328                                -0.5518107731467271                                
son     : -0.45414879197839975                               -0.06545102130323152                               0.5680491777612147                                 0.18342603673566646                                0.4083871117503416                                 -0.5161007907409096                                
42  :
parent#1: -0.18628923436773914                               -0.5349839341810874                                0.5639996316837269                                 -0.4851295709639006                                0.34055424095676134                                0.09831091053476099                                
parent#2: 0.4437702207899403                                 0.18975135360562714                                -0.2508917220056361                                0.16475981875637555                                0.5755914489863772                                 -0.5879323470868527                                
son     : 0.21271377302638148                                -0.28520834025944397                               0.25866906041294946                                -0.26466831474634134                               0.7568590172717286                                 -0.40449286982618254                               
43  :
parent#1: -0.18628923436773914                               -0.5349839341810874                                0.5639996316837269                                 -0.4851295709639006                                0.34055424095676134                                0.09831091053476099                                
parent#2: -0.5054970711115444                                -0.0766361129025148                                -0.5482350723210464                                -0.6272605302926068                                0.08474882785429554                                0.19339024300191843                                
son     : -0.45066986764499206                               -0.39844490052057724                               0.010269951609606707                               -0.7246756631811964                                0.27706717553088045                                0.19003111107437726                                
44  :
parent#1: -0.35581810987560264                               -0.022007964121444817                              0.15790186778848952                                0.4850393518110251                                 0.5681999323828612                                 -0.5383881372983081                                
parent#2: 0.641203963554633                                  -0.4320040704304389                                -0.24210444194992284                               0.008013827921567006                               -0.4046568142855711                                -0.4240330655217514                                
son     : 0.23373724899201473                                -0.37184577510550343                               -0.06896374781307411                               0.40382132594096914                                0.13394538665055608                                -0.7882439911396202                                
45  :
parent#1: -0.35581810987560264                               -0.022007964121444817                              0.15790186778848952                                0.4850393518110251                                 0.5681999323828612                                 -0.5383881372983081                                
parent#2: 0.13803748298085494                                -0.09341651339212566                               -0.2638666833620045                                0.24038102644036366                                -0.4846179787962077                                0.7809966443490395                                 
son     : -0.2672488277375813                                -0.14164279324364673                               -0.13003439813375725                               0.8901973902312796                                 0.10256733775886091                                0.2977162846528493                                 
46  :
parent#1: -0.35581810987560264                               -0.022007964121444817                              0.15790186778848952                                0.4850393518110251                                 0.5681999323828612                                 -0.5383881372983081                                
parent#2: -0.737277330784812                                 0.23538914996427068                                0.2545568046246003                                 -0.35755530737343344                               0.3745843685993547                                 0.26087482013284935                                
son     : -0.7066775160465816                                0.1379492410025775                                 0.26665125409054186                                0.08241742167024284                                0.6095025586999985                                 -0.1794101542733071                                
47  :
parent#1: -0.35581810987560264                               -0.022007964121444817                              0.15790186778848952                                0.4850393518110251                                 0.5681999323828612                                 -0.5383881372983081                                
parent#2: -0.21277315511615508                               0.4774718557240536                                 -0.06485251024311009                               0.6463067750128703                                 0.01829717410385328                                -0.5518107731467271                                
son     : -0.31056847413527755                               0.24877752182983                                   0.05082420144557668                                0.6179490645739109                                 0.32034876837050014                                -0.5954741709332534                                
48  :
parent#1: -0.35581810987560264                               -0.022007964121444817                              0.15790186778848952                                0.4850393518110251                                 0.5681999323828612                                 -0.5383881372983081                                
parent#2: -0.18628923436773914                               -0.5349839341810874                                0.5639996316837269                                 -0.4851295709639006                                0.34055424095676134                                0.09831091053476099                                
son     : -0.37016513453948763                               -0.3803286990334733                                0.4929333065010822                                 -6.160400742920847E-5                              0.6205212203998173                                 -0.3004962902320869                                
49  :
parent#1: -0.35581810987560264                               -0.022007964121444817                              0.15790186778848952                                0.4850393518110251                                 0.5681999323828612                                 -0.5383881372983081                                
parent#2: -0.35581810987560264                               -0.022007964121444817                              0.15790186778848952                                0.4850393518110251                                 0.5681999323828612                                 -0.5383881372983081                                
son     : -0.35581810987560264                               -0.022007964121444817                              0.15790186778848952                                0.4850393518110251                                 0.5681999323828612                                 -0.5383881372983081                                
50  :
parent#1: -0.35581810987560264                               -0.022007964121444817                              0.15790186778848952                                0.4850393518110251                                 0.5681999323828612                                 -0.5383881372983081                                
parent#2: 0.3038735900869655                                 -0.5221975628325886                                -0.02918447314908652                               0.5328329040610401                                 0.46610157754066306                                0.36463300578850194                                
son     : -0.033176249666313384                              -0.34757657796201474                               0.0822100278976564                                 0.6501009967294428                                 0.660594135109783                                  -0.11097501040010464                               
51  :
parent#1: -0.35581810987560264                               -0.022007964121444817                              0.15790186778848952                                0.4850393518110251                                 0.5681999323828612                                 -0.5383881372983081                                
parent#2: -0.21277315511615508                               0.4774718557240536                                 -0.06485251024311009                               0.6463067750128703                                 0.01829717410385328                                -0.5518107731467271                                
son     : -0.31056847413527755                               0.24877752182983                                   0.05082420144557668                                0.6179490645739109                                 0.32034876837050014                                -0.5954741709332534                                
52  :
parent#1: -0.35581810987560264                               -0.022007964121444817                              0.15790186778848952                                0.4850393518110251                                 0.5681999323828612                                 -0.5383881372983081                                
parent#2: 0.4437702207899403                                 0.18975135360562714                                -0.2508917220056361                                0.16475981875637555                                0.5755914489863772                                 -0.5879323470868527                                
son     : 0.050414020587998404                               0.09615026408169625                                -0.0533016476380441                                0.3724639286367483                                 0.6556195371465937                                 -0.6456052446971047                                
53  :
parent#1: -0.35581810987560264                               -0.022007964121444817                              0.15790186778848952                                0.4850393518110251                                 0.5681999323828612                                 -0.5383881372983081                                
parent#2: -0.5054970711115444                                -0.0766361129025148                                -0.5482350723210464                                -0.6272605302926068                                0.08474882785429554                                0.19339024300191843                                
son     : -0.7105102730995462                                -0.08137280249213684                               -0.32199101777632144                               -0.117320129255908                                 0.538626059538866                                  -0.2845933213604348                                
54  :
parent#1: 0.3038735900869655                                 -0.5221975628325886                                -0.02918447314908652                               0.5328329040610401                                 0.46610157754066306                                0.36463300578850194                                
parent#2: 0.641203963554633                                  -0.4320040704304389                                -0.24210444194992284                               0.008013827921567006                               -0.4046568142855711                                -0.4240330655217514                                
son     : 0.6405150723937632                                 -0.6466988088466366                                -0.18386283583258625                               0.36655244043722446                                0.04164345754790611                                -0.04025768405315925                               
55  :
parent#1: 0.3038735900869655                                 -0.5221975628325886                                -0.02918447314908652                               0.5328329040610401                                 0.46610157754066306                                0.36463300578850194                                
parent#2: -0.737277330784812                                 0.23538914996427068                                0.2545568046246003                                 -0.35755530737343344                               0.3745843685993547                                 0.26087482013284935                                
son     : -0.35996868092329504                               -0.23821217115402987                               0.18718569606072488                                0.1455789125711083                                 0.6982418070861799                                 0.5195230355916163                                 
56  :
parent#1: 0.3038735900869655                                 -0.5221975628325886                                -0.02918447314908652                               0.5328329040610401                                 0.46610157754066306                                0.36463300578850194                                
parent#2: -0.21277315511615508                               0.4774718557240536                                 -0.06485251024311009                               0.6463067750128703                                 0.01829717410385328                                -0.5518107731467271                                
son     : 0.07030244716965915                                -0.03451494674126314                               -0.07256858937108547                               0.909945216181496                                  0.37381180076087295                                -0.1444455792692173                                
57  :
parent#1: 0.3038735900869655                                 -0.5221975628325886                                -0.02918447314908652                               0.5328329040610401                                 0.46610157754066306                                0.36463300578850194                                
parent#2: -0.18628923436773914                               -0.5349839341810874                                0.5639996316837269                                 -0.4851295709639006                                0.34055424095676134                                0.09831091053476099                                
son     : 0.07779077132686382                                -0.6994039605196852                                0.3538198890935111                                 0.03155929250783848                                0.5336626452761769                                 0.3062717324221153                                 
58  :
parent#1: 0.3038735900869655                                 -0.5221975628325886                                -0.02918447314908652                               0.5328329040610401                                 0.46610157754066306                                0.36463300578850194                                
parent#2: -0.35581810987560264                               -0.022007964121444817                              0.15790186778848952                                0.4850393518110251                                 0.5681999323828612                                 -0.5383881372983081                                
son     : -0.033176249666313384                              -0.34757657796201474                               0.0822100278976564                                 0.6501009967294428                                 0.660594135109783                                  -0.11097501040010464                               
59  :
parent#1: 0.3038735900869655                                 -0.5221975628325886                                -0.02918447314908652                               0.5328329040610401                                 0.46610157754066306                                0.36463300578850194                                
parent#2: 0.3038735900869655                                 -0.5221975628325886                                -0.02918447314908652                               0.5328329040610401                                 0.46610157754066306                                0.36463300578850194                                
son     : 0.3038735900869655                                 -0.5221975628325886                                -0.02918447314908652                               0.5328329040610401                                 0.46610157754066306                                0.36463300578850194                                
60  :
parent#1: 0.3038735900869655                                 -0.5221975628325886                                -0.02918447314908652                               0.5328329040610401                                 0.46610157754066306                                0.36463300578850194                                
parent#2: -0.21277315511615508                               0.4774718557240536                                 -0.06485251024311009                               0.6463067750128703                                 0.01829717410385328                                -0.5518107731467271                                
son     : 0.07030244716965915                                -0.03451494674126314                               -0.07256858937108547                               0.909945216181496                                  0.37381180076087295                                -0.1444455792692173                                
61  :
parent#1: 0.3038735900869655                                 -0.5221975628325886                                -0.02918447314908652                               0.5328329040610401                                 0.46610157754066306                                0.36463300578850194                                
parent#2: 0.4437702207899403                                 0.18975135360562714                                -0.2508917220056361                                0.16475981875637555                                0.5755914489863772                                 -0.5879323470868527                                
son     : 0.4856922385132734                                 -0.2159672041627845                                -0.1819460446270907                                0.45317752409180795                                0.6767155837271882                                 -0.14506206746569555                               
62  :
parent#1: 0.3038735900869655                                 -0.5221975628325886                                -0.02918447314908652                               0.5328329040610401                                 0.46610157754066306                                0.36463300578850194                                
parent#2: -0.5054970711115444                                -0.0766361129025148                                -0.5482350723210464                                -0.6272605302926068                                0.08474882785429554                                0.19339024300191843                                
son     : -0.17311936302367137                               -0.5141747576897903                                -0.495788007434617                                 -0.08107810867055376                               0.4729750266125064                                 0.4791338235610599                                 
63  :
parent#1: -0.21277315511615508                               0.4774718557240536                                 -0.06485251024311009                               0.6463067750128703                                 0.01829717410385328                                -0.5518107731467271                                
parent#2: 0.13803748298085494                                -0.09341651339212566                               -0.2638666833620045                                0.24038102644036366                                -0.4846179787962077                                0.7809966443490395                                 
son     : -0.0651147745378192                                0.3346150012635868                                 -0.28640240418391494                               0.7725424101697626                                 -0.4062902385472089                                0.19968223880525499                                
64  :
parent#1: -0.21277315511615508                               0.4774718557240536                                 -0.06485251024311009                               0.6463067750128703                                 0.01829717410385328                                -0.5518107731467271                                
parent#2: -0.737277330784812                                 0.23538914996427068                                0.2545568046246003                                 -0.35755530737343344                               0.3745843685993547                                 0.26087482013284935                                
son     : -0.7142769348181054                                0.5359506485716223                                 0.1426254750916121                                 0.21709216119618466                                0.29538032792281355                                -0.21873452393434054                               
65  :
parent#1: -0.21277315511615508                               0.4774718557240536                                 -0.06485251024311009                               0.6463067750128703                                 0.01829717410385328                                -0.5518107731467271                                
parent#2: -0.21277315511615508                               0.4774718557240536                                 -0.06485251024311009                               0.6463067750128703                                 0.01829717410385328                                -0.5518107731467271                                
son     : -0.2127731551161551                                0.47747185572405365                                -0.0648525102431101                                0.6463067750128704                                 0.018297174103853283                               -0.5518107731467272                                
66  :
parent#1: -0.21277315511615508                               0.4774718557240536                                 -0.06485251024311009                               0.6463067750128703                                 0.01829717410385328                                -0.5518107731467271                                
parent#2: -0.18628923436773914                               -0.5349839341810874                                0.5639996316837269                                 -0.4851295709639006                                0.34055424095676134                                0.09831091053476099                                
son     : -0.45414879197839975                               -0.06545102130323152                               0.5680491777612147                                 0.18342603673566646                                0.4083871117503416                                 -0.5161007907409096                                
67  :
parent#1: -0.21277315511615508                               0.4774718557240536                                 -0.06485251024311009                               0.6463067750128703                                 0.01829717410385328                                -0.5518107731467271                                
parent#2: -0.35581810987560264                               -0.022007964121444817                              0.15790186778848952                                0.4850393518110251                                 0.5681999323828612                                 -0.5383881372983081                                
son     : -0.31056847413527755                               0.24877752182983                                   0.05082420144557668                                0.6179490645739109                                 0.32034876837050014                                -0.5954741709332534                                
68  :
parent#1: -0.21277315511615508                               0.4774718557240536                                 -0.06485251024311009                               0.6463067750128703                                 0.01829717410385328                                -0.5518107731467271                                
parent#2: 0.3038735900869655                                 -0.5221975628325886                                -0.02918447314908652                               0.5328329040610401                                 0.46610157754066306                                0.36463300578850194                                
son     : 0.07030244716965915                                -0.03451494674126314                               -0.07256858937108547                               0.909945216181496                                  0.37381180076087295                                -0.1444455792692173                                
69  :
parent#1: -0.21277315511615508                               0.4774718557240536                                 -0.06485251024311009                               0.6463067750128703                                 0.01829717410385328                                -0.5518107731467271                                
parent#2: -0.21277315511615508                               0.4774718557240536                                 -0.06485251024311009                               0.6463067750128703                                 0.01829717410385328                                -0.5518107731467271                                
son     : -0.2127731551161551                                0.47747185572405365                                -0.0648525102431101                                0.6463067750128704                                 0.018297174103853283                               -0.5518107731467272                                
70  :
parent#1: -0.21277315511615508                               0.4774718557240536                                 -0.06485251024311009                               0.6463067750128703                                 0.01829717410385328                                -0.5518107731467271                                
parent#2: 0.4437702207899403                                 0.18975135360562714                                -0.2508917220056361                                0.16475981875637555                                0.5755914489863772                                 -0.5879323470868527                                
son     : 0.1354643742687502                                 0.39128191644249916                                -0.1851629358398267                                0.47563646877834                                   0.3482760721552216                                 -0.6683833327458424                                
71  :
parent#1: -0.21277315511615508                               0.4774718557240536                                 -0.06485251024311009                               0.6463067750128703                                 0.01829717410385328                                -0.5518107731467271                                
parent#2: -0.5054970711115444                                -0.0766361129025148                                -0.5482350723210464                                -0.6272605302926068                                0.08474882785429554                                0.19339024300191843                                
son     : -0.6579110330607513                                0.36715187128443205                                -0.5615673183613688                                0.01744571065634574                                0.09438662376014191                                -0.3283009828991565                                
72  :
parent#1: 0.4437702207899403                                 0.18975135360562714                                -0.2508917220056361                                0.16475981875637555                                0.5755914489863772                                 -0.5879323470868527                                
parent#2: 0.641203963554633                                  -0.4320040704304389                                -0.24210444194992284                               0.008013827921567006                               -0.4046568142855711                                -0.4240330655217514                                
son     : 0.6778383192892793                                 -0.15134754060069122                               -0.3079996704194112                                0.10794044685257043                                0.10679152293740087                                -0.63222604220383                                  
73  :
parent#1: 0.4437702207899403                                 0.18975135360562714                                -0.2508917220056361                                0.16475981875637555                                0.5755914489863772                                 -0.5879323470868527                                
parent#2: -0.737277330784812                                 0.23538914996427068                                0.2545568046246003                                 -0.35755530737343344                               0.3745843685993547                                 0.26087482013284935                                
son     : -0.25605990653779054                               0.37089880927054664                                0.003197471818933624                               -0.16819761128462637                               0.8289473159601561                                 -0.2853297822522469                                
74  :
parent#1: 0.4437702207899403                                 0.18975135360562714                                -0.2508917220056361                                0.16475981875637555                                0.5755914489863772                                 -0.5879323470868527                                
parent#2: -0.21277315511615508                               0.4774718557240536                                 -0.06485251024311009                               0.6463067750128703                                 0.01829717410385328                                -0.5518107731467271                                
son     : 0.1354643742687502                                 0.39128191644249916                                -0.1851629358398267                                0.47563646877834                                   0.3482760721552216                                 -0.6683833327458424                                
75  :
parent#1: 0.4437702207899403                                 0.18975135360562714                                -0.2508917220056361                                0.16475981875637555                                0.5755914489863772                                 -0.5879323470868527                                
parent#2: -0.18628923436773914                               -0.5349839341810874                                0.5639996316837269                                 -0.4851295709639006                                0.34055424095676134                                0.09831091053476099                                
son     : 0.21271377302638148                                -0.28520834025944397                               0.25866906041294946                                -0.26466831474634134                               0.7568590172717286                                 -0.40449286982618254                               
76  :
parent#1: 0.4437702207899403                                 0.18975135360562714                                -0.2508917220056361                                0.16475981875637555                                0.5755914489863772                                 -0.5879323470868527                                
parent#2: -0.35581810987560264                               -0.022007964121444817                              0.15790186778848952                                0.4850393518110251                                 0.5681999323828612                                 -0.5383881372983081                                
son     : 0.050414020587998404                               0.09615026408169625                                -0.0533016476380441                                0.3724639286367483                                 0.6556195371465937                                 -0.6456052446971047                                
77  :
parent#1: 0.4437702207899403                                 0.18975135360562714                                -0.2508917220056361                                0.16475981875637555                                0.5755914489863772                                 -0.5879323470868527                                
parent#2: 0.3038735900869655                                 -0.5221975628325886                                -0.02918447314908652                               0.5328329040610401                                 0.46610157754066306                                0.36463300578850194                                
son     : 0.4856922385132734                                 -0.2159672041627845                                -0.1819460446270907                                0.45317752409180795                                0.6767155837271882                                 -0.14506206746569555                               
78  :
parent#1: 0.4437702207899403                                 0.18975135360562714                                -0.2508917220056361                                0.16475981875637555                                0.5755914489863772                                 -0.5879323470868527                                
parent#2: -0.21277315511615508                               0.4774718557240536                                 -0.06485251024311009                               0.6463067750128703                                 0.01829717410385328                                -0.5518107731467271                                
son     : 0.1354643742687502                                 0.39128191644249916                                -0.1851629358398267                                0.47563646877834                                   0.3482760721552216                                 -0.6683833327458424                                
79  :
parent#1: 0.4437702207899403                                 0.18975135360562714                                -0.2508917220056361                                0.16475981875637555                                0.5755914489863772                                 -0.5879323470868527                                
parent#2: 0.4437702207899403                                 0.18975135360562714                                -0.2508917220056361                                0.16475981875637555                                0.5755914489863772                                 -0.5879323470868527                                
son     : 0.4437702207899403                                 0.18975135360562714                                -0.2508917220056361                                0.16475981875637555                                0.5755914489863772                                 -0.5879323470868527                                
80  :
parent#1: 0.4437702207899403                                 0.18975135360562714                                -0.2508917220056361                                0.16475981875637555                                0.5755914489863772                                 -0.5879323470868527                                
parent#2: -0.5054970711115444                                -0.0766361129025148                                -0.5482350723210464                                -0.6272605302926068                                0.08474882785429554                                0.19339024300191843                                
son     : -0.05107101535345335                               0.09358828718069756                                -0.6611744576270702                                -0.38265974720538964                               0.5463464965622956                                 -0.32643275576711506                               
81  :
parent#1: -0.5054970711115444                                -0.0766361129025148                                -0.5482350723210464                                -0.6272605302926068                                0.08474882785429554                                0.19339024300191843                                
parent#2: 0.641203963554633                                  -0.4320040704304389                                -0.24210444194992284                               0.008013827921567006                               -0.4046568142855711                                -0.4240330655217514                                
son     : 0.11305879647332798                                -0.4237533254968094                                -0.6584399117846068                                -0.5159007448314203                                -0.2665186069550129                                -0.1921508882847588                                
82  :
parent#1: -0.5054970711115444                                -0.0766361129025148                                -0.5482350723210464                                -0.6272605302926068                                0.08474882785429554                                0.19339024300191843                                
parent#2: 0.13803748298085494                                -0.09341651339212566                               -0.2638666833620045                                0.24038102644036366                                -0.4846179787962077                                0.7809966443490395                                 
son     : -0.25463717812443937                               -0.11784077022618482                               -0.5627592967950757                                -0.2680945288059302                                -0.2770959188542129                                0.6752174535945437                                 
83  :
parent#1: -0.5054970711115444                                -0.0766361129025148                                -0.5482350723210464                                -0.6272605302926068                                0.08474882785429554                                0.19339024300191843                                
parent#2: -0.737277330784812                                 0.23538914996427068                                0.2545568046246003                                 -0.35755530737343344                               0.3745843685993547                                 0.26087482013284935                                
son     : -0.7124117499578031                                0.09100407022521972                                -0.1683490167603642                                -0.5645388038466649                                0.2633095482172207                                 0.26040427617330425                                
84  :
parent#1: -0.5054970711115444                                -0.0766361129025148                                -0.5482350723210464                                -0.6272605302926068                                0.08474882785429554                                0.19339024300191843                                
parent#2: -0.21277315511615508                               0.4774718557240536                                 -0.06485251024311009                               0.6463067750128703                                 0.01829717410385328                                -0.5518107731467271                                
son     : -0.6579110330607513                                0.36715187128443205                                -0.5615673183613688                                0.01744571065634574                                0.09438662376014191                                -0.3283009828991565                                
85  :
parent#1: -0.5054970711115444                                -0.0766361129025148                                -0.5482350723210464                                -0.6272605302926068                                0.08474882785429554                                0.19339024300191843                                
parent#2: -0.18628923436773914                               -0.5349839341810874                                0.5639996316837269                                 -0.4851295709639006                                0.34055424095676134                                0.09831091053476099                                
son     : -0.45066986764499206                               -0.39844490052057724                               0.010269951609606707                               -0.7246756631811964                                0.27706717553088045                                0.19003111107437726                                
86  :
parent#1: -0.5054970711115444                                -0.0766361129025148                                -0.5482350723210464                                -0.6272605302926068                                0.08474882785429554                                0.19339024300191843                                
parent#2: -0.35581810987560264                               -0.022007964121444817                              0.15790186778848952                                0.4850393518110251                                 0.5681999323828612                                 -0.5383881372983081                                
son     : -0.7105102730995462                                -0.08137280249213684                               -0.32199101777632144                               -0.117320129255908                                 0.538626059538866                                  -0.2845933213604348                                
87  :
parent#1: -0.5054970711115444                                -0.0766361129025148                                -0.5482350723210464                                -0.6272605302926068                                0.08474882785429554                                0.19339024300191843                                
parent#2: 0.3038735900869655                                 -0.5221975628325886                                -0.02918447314908652                               0.5328329040610401                                 0.46610157754066306                                0.36463300578850194                                
son     : -0.17311936302367137                               -0.5141747576897903                                -0.495788007434617                                 -0.08107810867055376                               0.4729750266125064                                 0.4791338235610599                                 
88  :
parent#1: -0.5054970711115444                                -0.0766361129025148                                -0.5482350723210464                                -0.6272605302926068                                0.08474882785429554                                0.19339024300191843                                
parent#2: -0.21277315511615508                               0.4774718557240536                                 -0.06485251024311009                               0.6463067750128703                                 0.01829717410385328                                -0.5518107731467271                                
son     : -0.6579110330607513                                0.36715187128443205                                -0.5615673183613688                                0.01744571065634574                                0.09438662376014191                                -0.3283009828991565                                
89  :
parent#1: -0.5054970711115444                                -0.0766361129025148                                -0.5482350723210464                                -0.6272605302926068                                0.08474882785429554                                0.19339024300191843                                
parent#2: 0.4437702207899403                                 0.18975135360562714                                -0.2508917220056361                                0.16475981875637555                                0.5755914489863772                                 -0.5879323470868527                                
son     : -0.05107101535345335                               0.09358828718069756                                -0.6611744576270702                                -0.38265974720538964                               0.5463464965622956                                 -0.32643275576711506                               
90  :
parent#1: -0.5054970711115444                                -0.0766361129025148                                -0.5482350723210464                                -0.6272605302926068                                0.08474882785429554                                0.19339024300191843                                
parent#2: -0.5054970711115444                                -0.0766361129025148                                -0.5482350723210464                                -0.6272605302926068                                0.08474882785429554                                0.19339024300191843                                
son     : -0.5054970711115445                                -0.07663611290251482                               -0.5482350723210465                                -0.6272605302926069                                0.08474882785429555                                0.19339024300191845                                

0   :
parent#1: 0.13803748298085494                                -0.09341651339212566                               -0.2638666833620045                                0.24038102644036366                                -0.4846179787962077                                0.7809966443490395                                 
parent#2: -0.737277330784812                                 0.23538914996427068                                0.2545568046246003                                 -0.35755530737343344                               0.3745843685993547                                 0.26087482013284935                                
son:      -0.49080695475411157                               0.11628258312551855                                -0.007625249303731682                              -0.09597150825503394                               -0.09012294716252976                               0.8533440534729836                                 
mutated:  -0.49080695475411157                               0.11628258312551855                                -0.007625249303731682                              -0.09597150825503394                               -0.09012294716252976                               0.8533440534729836                                 
1   :
parent#1: 0.13803748298085494                                -0.09341651339212566                               -0.2638666833620045                                0.24038102644036366                                -0.4846179787962077                                0.7809966443490395                                 
parent#2: -0.5054970711115444                                -0.0766361129025148                                -0.5482350723210464                                -0.6272605302926068                                0.08474882785429554                                0.19339024300191843                                
son:      -0.25463717812443937                               -0.11784077022618482                               -0.5627592967950757                                -0.2680945288059302                                -0.2770959188542129                                0.6752174535945437                                 
mutated:  -0.25463717812443937                               -0.11784077022618482                               -0.5627592967950757                                -0.2680945288059302                                -0.2770959188542129                                0.6752174535945437                                 
2   :
parent#1: -0.737277330784812                                 0.23538914996427068                                0.2545568046246003                                 -0.35755530737343344                               0.3745843685993547                                 0.26087482013284935                                
parent#2: 0.4437702207899403                                 0.18975135360562714                                -0.2508917220056361                                0.16475981875637555                                0.5755914489863772                                 -0.5879323470868527                                
son:      -0.25605990653779054                               0.37089880927054664                                0.003197471818933624                               -0.16819761128462637                               0.8289473159601561                                 -0.2853297822522469                                
mutated:  -0.25605990653779054                               0.37089880927054664                                0.003197471818933624                               -0.16819761128462637                               0.8289473159601561                                 -0.2853297822522469                                
3   :
parent#1: -0.21277315511615508                               0.4774718557240536                                 -0.06485251024311009                               0.6463067750128703                                 0.01829717410385328                                -0.5518107731467271                                
parent#2: 0.13803748298085494                                -0.09341651339212566                               -0.2638666833620045                                0.24038102644036366                                -0.4846179787962077                                0.7809966443490395                                 
son:      -0.0651147745378192                                0.3346150012635868                                 -0.28640240418391494                               0.7725424101697626                                 -0.4062902385472089                                0.19968223880525499                                
mutated:  -0.0651147745378192                                0.3346150012635868                                 -0.28640240418391494                               0.7725424101697626                                 -0.4062902385472089                                0.19968223880525499                                
4   :
parent#1: -0.21277315511615508                               0.4774718557240536                                 -0.06485251024311009                               0.6463067750128703                                 0.01829717410385328                                -0.5518107731467271                                
parent#2: 0.4437702207899403                                 0.18975135360562714                                -0.2508917220056361                                0.16475981875637555                                0.5755914489863772                                 -0.5879323470868527                                
son:      0.1354643742687502                                 0.39128191644249916                                -0.1851629358398267                                0.47563646877834                                   0.3482760721552216                                 -0.6683833327458424                                
mutated:  0.1354643742687502                                 0.39128191644249916                                -0.1851629358398267                                0.47563646877834                                   0.3482760721552216                                 -0.6683833327458424                                
5   :
parent#1: -0.18628923436773914                               -0.5349839341810874                                0.5639996316837269                                 -0.4851295709639006                                0.34055424095676134                                0.09831091053476099                                
parent#2: -0.18628923436773914                               -0.5349839341810874                                0.5639996316837269                                 -0.4851295709639006                                0.34055424095676134                                0.09831091053476099                                
son:      -0.18628923436773914                               -0.5349839341810874                                0.5639996316837269                                 -0.4851295709639006                                0.34055424095676134                                0.09831091053476099                                
mutated:  -0.18628923436773914                               -0.5349839341810874                                0.5639996316837269                                 -0.4851295709639006                                0.34055424095676134                                0.09831091053476099                                
6   :
parent#1: 0.3038735900869655                                 -0.5221975628325886                                -0.02918447314908652                               0.5328329040610401                                 0.46610157754066306                                0.36463300578850194                                
parent#2: 0.13803748298085494                                -0.09341651339212566                               -0.2638666833620045                                0.24038102644036366                                -0.4846179787962077                                0.7809966443490395                                 
son:      0.27561285578544736                                -0.38394863571109017                               -0.18277131092583926                               0.48224113969164223                                -0.01154838278543586                               0.7145108570258257                                 
mutated:  0.27561285578544736                                -0.38394863571109017                               -0.18277131092583926                               0.48224113969164223                                -0.01154838278543586                               0.7145108570258257                                 
7   :
parent#1: -0.21277315511615508                               0.4774718557240536                                 -0.06485251024311009                               0.6463067750128703                                 0.01829717410385328                                -0.5518107731467271                                
parent#2: 0.641203963554633                                  -0.4320040704304389                                -0.24210444194992284                               0.008013827921567006                               -0.4046568142855711                                -0.4240330655217514                                
son:      0.31849205820866705                                0.033800390250022294                               -0.22818935884125882                               0.48641673626711246                                -0.2872166860705711                                -0.7254345545329762                                
mutated:  0.31849205820866705                                0.033800390250022294                               -0.22818935884125882                               0.48641673626711246                                -0.2872166860705711                                -0.7254345545329762                                
8   :
parent#1: 0.4437702207899403                                 0.18975135360562714                                -0.2508917220056361                                0.16475981875637555                                0.5755914489863772                                 -0.5879323470868527                                
parent#2: 0.13803748298085494                                -0.09341651339212566                               -0.2638666833620045                                0.24038102644036366                                -0.4846179787962077                                0.7809966443490395                                 
son:      0.641543031433511                                  0.10622572548056204                                -0.5676096512560705                                0.4467374431457258                                 0.10031389317735792                                0.21288658387369588                                
mutated:  0.641543031433511                                  0.10622572548056204                                -0.5676096512560705                                0.4467374431457258                                 0.10031389317735792                                0.21288658387369588                                

