0   :
parent#1: 0.4769853068012761                                 -0.13083684396760195                               0.09032461101536281                                0.6930515517403805                                 0.025776731224217517                               -0.5159683214683422                                
parent#2: 0.4769853068012761                                 -0.13083684396760195                               0.09032461101536281                                0.6930515517403805                                 0.025776731224217517                               -0.5159683214683422                                
son     : 0.4769853068012761                                 -0.13083684396760195                               0.09032461101536281                                0.6930515517403805                                 0.025776731224217517                               -0.5159683214683422                                
1   :
parent#1: 0.4769853068012761                                 -0.13083684396760195                               0.09032461101536281                                0.6930515517403805                                 0.025776731224217517                               -0.5159683214683422                                
parent#2: 0.5518521071087882                                 -0.5035372849204522                                -0.47039816192185024                               -0.16221581074425268                               0.3988586621391926                                 -0.18770408151181162                               
son     : 0.6426908877502819                                 -0.3962788158251358                                -0.23742313852501987                               0.3316007845533141                                 0.2652598887259912                                 -0.4395678415678437                                
2   :
parent#1: 0.4769853068012761                                 -0.13083684396760195                               0.09032461101536281                                0.6930515517403805                                 0.025776731224217517                               -0.5159683214683422                                
parent#2: 0.5007061447784752                                 -0.0888927601542508                                -0.2718118654906753                                0.1389517311435344                                 0.6230999719839713                                 0.5098515321909937                                 
son     : 0.6369204405506821                                 -0.32844397824381255                               -0.11823049274694487                               0.5420113846938047                                 0.42271294793736053                                -0.0039848032986168486                             
3   :
parent#1: 0.4769853068012761                                 -0.13083684396760195                               0.09032461101536281                                0.6930515517403805                                 0.025776731224217517                               -0.5159683214683422                                
parent#2: -0.08680378310694388                               -0.2804951546984053                                -0.10185592825828224                               -0.9072855994231784                                -0.09594480709107683                               0.2665340060466277                                 
son     : 0.591859886672179                                  -0.6239426916222284                                -0.017491664013086067                              -0.3249680763515478                                -0.10643679136149592                               -0.37836277909792004                               
4   :
parent#1: 0.4769853068012761                                 -0.13083684396760195                               0.09032461101536281                                0.6930515517403805                                 0.025776731224217517                               -0.5159683214683422                                
parent#2: 0.755227373056183                                  -0.3978626962462222                                0.2709089546378683                                 0.38328929628908265                                0.0205004677964451                                 0.2249761640478994                                 
son     : 0.6916772896596991                                 -0.2967746323319198                                0.2027710457045768                                 0.6041818370195329                                 0.025976755567356402                               -0.16334247329777787                               
5   :
parent#1: 0.4769853068012761                                 -0.13083684396760195                               0.09032461101536281                                0.6930515517403805                                 0.025776731224217517                               -0.5159683214683422                                
parent#2: -0.29248886448283773                               -0.2894829078378976                                0.24568137296349887                                -0.16548249693809342                               -0.3870082571678532                                0.7701498070460451                                 
son     : 0.1949698998851062                                 -0.4441803803880774                                0.3550803052564237                                 0.6486393100341614                                 -0.3817378458009224                                0.2686108099049212                                 
6   :
parent#1: 0.4769853068012761                                 -0.13083684396760195                               0.09032461101536281                                0.6930515517403805                                 0.025776731224217517                               -0.5159683214683422                                
parent#2: 0.16000447271643045                                -0.3588330723071169                                0.12850164854066398                                -0.6095206129724134                                0.4378530858133947                                 0.5156491237819817                                 
son     : 0.6657933072345767                                 -0.5118119057682008                                0.22872118791276327                                0.08730805700028939                                0.48459432026013083                                -3.336312294122916E-4                              
7   :
parent#1: 0.4769853068012761                                 -0.13083684396760195                               0.09032461101536281                                0.6930515517403805                                 0.025776731224217517                               -0.5159683214683422                                
parent#2: -0.2669632186820971                                -0.3527159894618843                                0.2231659609812442                                 -0.5358675242631691                                -0.4261461591123898                                0.5345694267557359                                 
son     : 0.28026435914995884                                -0.6452779619035032                                0.4183380664719703                                 0.20975451260398784                                -0.534273714423028                                 0.024822278930461995                               
8   :
parent#1: 0.4769853068012761                                 -0.13083684396760195                               0.09032461101536281                                0.6930515517403805                                 0.025776731224217517                               -0.5159683214683422                                
parent#2: -0.35581810987560264                               -0.022007964121444817                              0.15790186778848952                                0.4850393518110251                                 0.5681999323828612                                 -0.5383881372983081                                
son     : 0.0705219686311777                                 -0.08895903375652198                               0.14447326005545189                                0.6856747688558963                                 0.34570745797020647                                -0.6136586056111576                                
9   :
parent#1: 0.4769853068012761                                 -0.13083684396760195                               0.09032461101536281                                0.6930515517403805                                 0.025776731224217517                               -0.5159683214683422                                
parent#2: -0.36930691458676607                               -0.6965606335373808                                -0.0764299504974397                                0.5996430248266065                                 0.07615793973863709                                -0.0848667208211112                                
son     : 0.06506482467209802                                -0.49995612583769145                               0.008395868770737138                               0.7811125728116975                                 0.061594172775105774                               -0.3630554457530982                                
10  :
parent#1: 0.5518521071087882                                 -0.5035372849204522                                -0.47039816192185024                               -0.16221581074425268                               0.3988586621391926                                 -0.18770408151181162                               
parent#2: 0.4769853068012761                                 -0.13083684396760195                               0.09032461101536281                                0.6930515517403805                                 0.025776731224217517                               -0.5159683214683422                                
son     : 0.6426908877502819                                 -0.3962788158251358                                -0.23742313852501987                               0.3316007845533141                                 0.2652598887259912                                 -0.4395678415678437                                
11  :
parent#1: 0.5518521071087882                                 -0.5035372849204522                                -0.47039816192185024                               -0.16221581074425268                               0.3988586621391926                                 -0.18770408151181162                               
parent#2: 0.5518521071087882                                 -0.5035372849204522                                -0.47039816192185024                               -0.16221581074425268                               0.3988586621391926                                 -0.18770408151181162                               
son     : 0.5518521071087883                                 -0.5035372849204524                                -0.4703981619218503                                -0.1622158107442527                                0.39885866213919263                                -0.18770408151181164                               
12  :
parent#1: 0.5518521071087882                                 -0.5035372849204522                                -0.47039816192185024                               -0.16221581074425268                               0.3988586621391926                                 -0.18770408151181162                               
parent#2: 0.5007061447784752                                 -0.0888927601542508                                -0.2718118654906753                                0.1389517311435344                                 0.6230999719839713                                 0.5098515321909937                                 
son     : 0.5922557721196314                                 -0.33334982946878944                               -0.41762835650375024                               -0.01309028303361943                               0.5750379124781839                                 0.1812666299430668                                 
13  :
parent#1: 0.5518521071087882                                 -0.5035372849204522                                -0.47039816192185024                               -0.16221581074425268                               0.3988586621391926                                 -0.18770408151181162                               
parent#2: -0.08680378310694388                               -0.2804951546984053                                -0.10185592825828224                               -0.9072855994231784                                -0.09594480709107683                               0.2665340060466277                                 
son     : 0.3001714073391544                                 -0.506063797359282                                 -0.36936874457863117                               -0.6903234069926351                                0.19551963415303247                                0.050881786186076514                               
14  :
parent#1: 0.5518521071087882                                 -0.5035372849204522                                -0.47039816192185024                               -0.16221581074425268                               0.3988586621391926                                 -0.18770408151181162                               
parent#2: 0.755227373056183                                  -0.3978626962462222                                0.2709089546378683                                 0.38328929628908265                                0.0205004677964451                                 0.2249761640478994                                 
son     : 0.782963199120114                                  -0.539954167784803                                 -0.11949748297271748                               0.1324268386961195                                 0.251203366694421                                  0.02232662161955215                                
15  :
parent#1: 0.5518521071087882                                 -0.5035372849204522                                -0.47039816192185024                               -0.16221581074425268                               0.3988586621391926                                 -0.18770408151181162                               
parent#2: -0.29248886448283773                               -0.2894829078378976                                0.24568137296349887                                -0.16548249693809342                               -0.3870082571678532                                0.7701498070460451                                 
son     : 0.23741721706462532                                -0.7259187745129704                                -0.205702373713508                                 -0.2999701093301552                                0.010847682735991111                               0.5331620697191596                                 
16  :
parent#1: 0.5518521071087882                                 -0.5035372849204522                                -0.47039816192185024                               -0.16221581074425268                               0.3988586621391926                                 -0.18770408151181162                               
parent#2: 0.16000447271643045                                -0.3588330723071169                                0.12850164854066398                                -0.6095206129724134                                0.4378530858133947                                 0.5156491237819817                                 
son     : 0.42767246527003205                                -0.5180988237010701                                -0.20540615748872                                  -0.4636473528847926                                0.502683526582195                                  0.1970243286017033                                 
17  :
parent#1: 0.5518521071087882                                 -0.5035372849204522                                -0.47039816192185024                               -0.16221581074425268                               0.3988586621391926                                 -0.18770408151181162                               
parent#2: -0.2669632186820971                                -0.3527159894618843                                0.2231659609812442                                 -0.5358675242631691                                -0.4261461591123898                                0.5345694267557359                                 
son     : 0.23387436075011409                                -0.7029255801877008                                -0.2029607868216553                                -0.5730788400586578                                -0.022401175231231866                              0.2847528077816392                                 
18  :
parent#1: 0.5518521071087882                                 -0.5035372849204522                                -0.47039816192185024                               -0.16221581074425268                               0.3988586621391926                                 -0.18770408151181162                               
parent#2: -0.35581810987560264                               -0.022007964121444817                              0.15790186778848952                                0.4850393518110251                                 0.5681999323828612                                 -0.5383881372983081                                
son     : 0.13935371647202846                                -0.3735917476655333                                -0.2221426925219481                                0.22948397138891627                                0.6874481523353403                                 -0.5161535785665378                                
19  :
parent#1: 0.5518521071087882                                 -0.5035372849204522                                -0.47039816192185024                               -0.16221581074425268                               0.3988586621391926                                 -0.18770408151181162                               
parent#2: -0.36930691458676607                               -0.6965606335373808                                -0.0764299504974397                                0.5996430248266065                                 0.07615793973863709                                -0.0848667208211112                                
son     : 0.12132377406583443                                -0.7976129456177884                                -0.36343466210977343                               0.29072428453667726                                0.3157070645768647                                 -0.18115688494613894                               
20  :
parent#1: 0.5007061447784752                                 -0.0888927601542508                                -0.2718118654906753                                0.1389517311435344                                 0.6230999719839713                                 0.5098515321909937                                 
parent#2: 0.4769853068012761                                 -0.13083684396760195                               0.09032461101536281                                0.6930515517403805                                 0.025776731224217517                               -0.5159683214683422                                
son     : 0.6667169098077592                                 -0.14984015909793807                               -0.12376156227791732                               0.5673678099751969                                 0.44248834303520673                                -0.0041712207244417755                             
21  :
parent#1: 0.5007061447784752                                 -0.0888927601542508                                -0.2718118654906753                                0.1389517311435344                                 0.6230999719839713                                 0.5098515321909937                                 
parent#2: 0.5518521071087882                                 -0.5035372849204522                                -0.47039816192185024                               -0.16221581074425268                               0.3988586621391926                                 -0.18770408151181162                               
son     : 0.5922557721196314                                 -0.33334982946878944                               -0.41762835650375024                               -0.01309028303361943                               0.5750379124781839                                 0.1812666299430668                                 
22  :
parent#1: 0.5007061447784752                                 -0.0888927601542508                                -0.2718118654906753                                0.1389517311435344                                 0.6230999719839713                                 0.5098515321909937                                 
parent#2: -0.08680378310694388                               -0.2804951546984053                                -0.10185592825828224                               -0.9072855994231784                                -0.09594480709107683                               0.2665340060466277                                 
son     : 0.2988332895934028                                 -0.2666943123631358                                -0.2697843413363411                                -0.5547292275327518                                0.38060066005642107                                0.5605424512373612                                 
23  :
parent#1: 0.5007061447784752                                 -0.0888927601542508                                -0.2718118654906753                                0.1389517311435344                                 0.6230999719839713                                 0.5098515321909937                                 
parent#2: 0.755227373056183                                  -0.3978626962462222                                0.2709089546378683                                 0.38328929628908265                                0.0205004677964451                                 0.2249761640478994                                 
son     : 0.7201816356674696                                 -0.2791169562581162                                -5.17750187890184E-4                               0.2994652121376031                                 0.3690555358666551                                 0.421367377091336                                  
24  :
parent#1: 0.5007061447784752                                 -0.0888927601542508                                -0.2718118654906753                                0.1389517311435344                                 0.6230999719839713                                 0.5098515321909937                                 
parent#2: -0.29248886448283773                               -0.2894829078378976                                0.24568137296349887                                -0.16548249693809342                               -0.3870082571678532                                0.7701498070460451                                 
son     : 0.15177525146171802                                -0.2758083386497248                                -0.019047228301607218                              -0.019338998397365526                              0.1720936866208568                                 0.9330278680914447                                 
25  :
parent#1: 0.5007061447784752                                 -0.0888927601542508                                -0.2718118654906753                                0.1389517311435344                                 0.6230999719839713                                 0.5098515321909937                                 
parent#2: 0.16000447271643045                                -0.3588330723071169                                0.12850164854066398                                -0.6095206129724134                                0.4378530858133947                                 0.5156491237819817                                 
son     : 0.3779352130163498                                 -0.25610509863724756                               -0.08197533978760294                               -0.2691716250408738                                0.606879183233478                                  0.5865999404293533                                 
26  :
parent#1: 0.5007061447784752                                 -0.0888927601542508                                -0.2718118654906753                                0.1389517311435344                                 0.6230999719839713                                 0.5098515321909937                                 
parent#2: -0.2669632186820971                                -0.3527159894618843                                0.2231659609812442                                 -0.5358675242631691                                -0.4261461591123898                                0.5345694267557359                                 
son     : 0.1884062844264514                                 -0.35595457400529373                               -0.0392105732320936                                -0.31993023729417236                               0.15875276615411657                                0.8418456786629307                                 
27  :
parent#1: 0.5007061447784752                                 -0.0888927601542508                                -0.2718118654906753                                0.1389517311435344                                 0.6230999719839713                                 0.5098515321909937                                 
parent#2: -0.35581810987560264                               -0.022007964121444817                              0.15790186778848952                                0.4850393518110251                                 0.5681999323828612                                 -0.5383881372983081                                
son     : 0.10636174740532497                                -0.08141179380606858                               -0.08362088981787155                               0.45806944647209247                                0.8745286634413503                                 -0.020948611707408242                              
28  :
parent#1: 0.5007061447784752                                 -0.0888927601542508                                -0.2718118654906753                                0.1389517311435344                                 0.6230999719839713                                 0.5098515321909937                                 
parent#2: -0.36930691458676607                               -0.6965606335373808                                -0.0764299504974397                                0.5996430248266065                                 0.07615793973863709                                -0.0848667208211112                                
son     : 0.09360450867209698                                -0.5595312765080062                                -0.24807606587259198                               0.5261507174699921                                 0.4981284377874631                                 0.3027452626879369                                 
29  :
parent#1: -0.08680378310694388                               -0.2804951546984053                                -0.10185592825828224                               -0.9072855994231784                                -0.09594480709107683                               0.2665340060466277                                 
parent#2: 0.4769853068012761                                 -0.13083684396760195                               0.09032461101536281                                0.6930515517403805                                 0.025776731224217517                               -0.5159683214683422                                
son     : 0.591859886672179                                  -0.6239426916222284                                -0.017491664013086067                              -0.3249680763515478                                -0.10643679136149592                               -0.37836277909792004                               
30  :
parent#1: -0.08680378310694388                               -0.2804951546984053                                -0.10185592825828224                               -0.9072855994231784                                -0.09594480709107683                               0.2665340060466277                                 
parent#2: 0.5518521071087882                                 -0.5035372849204522                                -0.47039816192185024                               -0.16221581074425268                               0.3988586621391926                                 -0.18770408151181162                               
son     : 0.3001714073391544                                 -0.506063797359282                                 -0.36936874457863117                               -0.6903234069926351                                0.19551963415303247                                0.050881786186076514                               
31  :
parent#1: -0.08680378310694388                               -0.2804951546984053                                -0.10185592825828224                               -0.9072855994231784                                -0.09594480709107683                               0.2665340060466277                                 
parent#2: 0.5007061447784752                                 -0.0888927601542508                                -0.2718118654906753                                0.1389517311435344                                 0.6230999719839713                                 0.5098515321909937                                 
son     : 0.2988332895934028                                 -0.2666943123631358                                -0.2697843413363411                                -0.5547292275327518                                0.38060066005642107                                0.5605424512373612                                 
32  :
parent#1: -0.08680378310694388                               -0.2804951546984053                                -0.10185592825828224                               -0.9072855994231784                                -0.09594480709107683                               0.2665340060466277                                 
parent#2: -0.08680378310694388                               -0.2804951546984053                                -0.10185592825828224                               -0.9072855994231784                                -0.09594480709107683                               0.2665340060466277                                 
son     : -0.0868037831069439                                -0.28049515469840536                               -0.10185592825828226                               -0.9072855994231785                                -0.09594480709107685                               0.26653400604662775                                
33  :
parent#1: -0.08680378310694388                               -0.2804951546984053                                -0.10185592825828224                               -0.9072855994231784                                -0.09594480709107683                               0.2665340060466277                                 
parent#2: 0.755227373056183                                  -0.3978626962462222                                0.2709089546378683                                 0.38328929628908265                                0.0205004677964451                                 0.2249761640478994                                 
son     : 0.5536874477728191                                 -0.5619164745437972                                0.14003476256948433                                -0.43405137114736286                               -0.062494179291493146                              0.4071415427673487                                 
34  :
parent#1: -0.08680378310694388                               -0.2804951546984053                                -0.10185592825828224                               -0.9072855994231784                                -0.09594480709107683                               0.2665340060466277                                 
parent#2: -0.29248886448283773                               -0.2894829078378976                                0.24568137296349887                                -0.16548249693809342                               -0.3870082571678532                                0.7701498070460451                                 
son     : -0.22089966961102003                               -0.3319546700941394                                0.08376379932205234                                -0.6247790975156042                                -0.2812713956106264                                0.6037636459827684                                 
35  :
parent#1: -0.08680378310694388                               -0.2804951546984053                                -0.10185592825828224                               -0.9072855994231784                                -0.09594480709107683                               0.2665340060466277                                 
parent#2: 0.16000447271643045                                -0.3588330723071169                                0.12850164854066398                                -0.6095206129724134                                0.4378530858133947                                 0.5156491237819817                                 
son     : 0.039442971131513786                               -0.34449135569445055                               0.014357602113903719                               -0.817305738057783                                 0.18423157540201954                                0.42146633828144525                                
36  :
parent#1: -0.08680378310694388                               -0.2804951546984053                                -0.10185592825828224                               -0.9072855994231784                                -0.09594480709107683                               0.2665340060466277                                 
parent#2: -0.2669632186820971                                -0.3527159894618843                                0.2231659609812442                                 -0.5358675242631691                                -0.4261461591123898                                0.5345694267557359                                 
son     : -0.1880818931177631                                -0.3366496878868068                                0.06449505039567904                                -0.767259156984918                                 -0.2775721217825353                                0.425910414093559                                  
37  :
parent#1: -0.08680378310694388                               -0.2804951546984053                                -0.10185592825828224                               -0.9072855994231784                                -0.09594480709107683                               0.2665340060466277                                 
parent#2: -0.35581810987560264                               -0.022007964121444817                              0.15790186778848952                                0.4850393518110251                                 0.5681999323828612                                 -0.5383881372983081                                
son     : -0.5058007800365958                                -0.3456817565700858                                0.06404581513409358                                -0.48251675932842825                               0.5396637955237424                                 -0.31065799912588854                               
38  :
parent#1: -0.08680378310694388                               -0.2804951546984053                                -0.10185592825828224                               -0.9072855994231784                                -0.09594480709107683                               0.2665340060466277                                 
parent#2: -0.36930691458676607                               -0.6965606335373808                                -0.0764299504974397                                0.5996430248266065                                 0.07615793973863709                                -0.0848667208211112                                
son     : -0.39661810104257883                               -0.8496139496446669                                -0.15503123919774056                               -0.26751535176287305                               -0.01720597608121893                               0.1579715934136893                                 
39  :
parent#1: 0.755227373056183                                  -0.3978626962462222                                0.2709089546378683                                 0.38328929628908265                                0.0205004677964451                                 0.2249761640478994                                 
parent#2: 0.4769853068012761                                 -0.13083684396760195                               0.09032461101536281                                0.6930515517403805                                 0.025776731224217517                               -0.5159683214683422                                
son     : 0.6916772896596991                                 -0.2967746323319198                                0.2027710457045768                                 0.6041818370195329                                 0.025976755567356402                               -0.16334247329777787                               
40  :
parent#1: 0.755227373056183                                  -0.3978626962462222                                0.2709089546378683                                 0.38328929628908265                                0.0205004677964451                                 0.2249761640478994                                 
parent#2: 0.5518521071087882                                 -0.5035372849204522                                -0.47039816192185024                               -0.16221581074425268                               0.3988586621391926                                 -0.18770408151181162                               
son     : 0.782963199120114                                  -0.539954167784803                                 -0.11949748297271748                               0.1324268386961195                                 0.251203366694421                                  0.02232662161955215                                
41  :
parent#1: 0.755227373056183                                  -0.3978626962462222                                0.2709089546378683                                 0.38328929628908265                                0.0205004677964451                                 0.2249761640478994                                 
parent#2: 0.5007061447784752                                 -0.0888927601542508                                -0.2718118654906753                                0.1389517311435344                                 0.6230999719839713                                 0.5098515321909937                                 
son     : 0.7201816356674696                                 -0.2791169562581162                                -5.17750187890184E-4                               0.2994652121376031                                 0.3690555358666551                                 0.421367377091336                                  
42  :
parent#1: 0.755227373056183                                  -0.3978626962462222                                0.2709089546378683                                 0.38328929628908265                                0.0205004677964451                                 0.2249761640478994                                 
parent#2: -0.08680378310694388                               -0.2804951546984053                                -0.10185592825828224                               -0.9072855994231784                                -0.09594480709107683                               0.2665340060466277                                 
son     : 0.5536874477728191                                 -0.5619164745437972                                0.14003476256948433                                -0.43405137114736286                               -0.062494179291493146                              0.4071415427673487                                 
43  :
parent#1: 0.755227373056183                                  -0.3978626962462222                                0.2709089546378683                                 0.38328929628908265                                0.0205004677964451                                 0.2249761640478994                                 
parent#2: 0.755227373056183                                  -0.3978626962462222                                0.2709089546378683                                 0.38328929628908265                                0.0205004677964451                                 0.2249761640478994                                 
son     : 0.755227373056183                                  -0.3978626962462222                                0.2709089546378683                                 0.38328929628908265                                0.0205004677964451                                 0.2249761640478994                                 
44  :
parent#1: 0.755227373056183                                  -0.3978626962462222                                0.2709089546378683                                 0.38328929628908265                                0.0205004677964451                                 0.2249761640478994                                 
parent#2: -0.29248886448283773                               -0.2894829078378976                                0.24568137296349887                                -0.16548249693809342                               -0.3870082571678532                                0.7701498070460451                                 
son     : 0.3174001575101936                                 -0.4714619573651914                                0.3543380296021493                                 0.14939736187924701                                -0.2513938821168138                                0.6825737087269856                                 
45  :
parent#1: 0.755227373056183                                  -0.3978626962462222                                0.2709089546378683                                 0.38328929628908265                                0.0205004677964451                                 0.2249761640478994                                 
parent#2: 0.16000447271643045                                -0.3588330723071169                                0.12850164854066398                                -0.6095206129724134                                0.4378530858133947                                 0.5156491237819817                                 
son     : 0.5933114054860301                                 -0.49053825218102726                               0.2589233180996126                                 -0.14665750660482382                               0.297133881822262                                  0.48012034599811687                                
46  :
parent#1: 0.755227373056183                                  -0.3978626962462222                                0.2709089546378683                                 0.38328929628908265                                0.0205004677964451                                 0.2249761640478994                                 
parent#2: -0.2669632186820971                                -0.3527159894618843                                0.2231659609812442                                 -0.5358675242631691                                -0.4261461591123898                                0.5345694267557359                                 
son     : 0.3628619141234727                                 -0.5578054750823603                                0.3671802814027332                                 -0.11339113748216413                               -0.3014625806302179                                0.5644693850122182                                 
47  :
parent#1: 0.755227373056183                                  -0.3978626962462222                                0.2709089546378683                                 0.38328929628908265                                0.0205004677964451                                 0.2249761640478994                                 
parent#2: -0.35581810987560264                               -0.022007964121444817                              0.15790186778848952                                0.4850393518110251                                 0.5681999323828612                                 -0.5383881372983081                                
son     : 0.30468068013649385                                -0.3202892125021689                                0.32710902092343946                                0.6623856466882423                                 0.44907731206565077                                -0.23907951561374297                               
48  :
parent#1: 0.755227373056183                                  -0.3978626962462222                                0.2709089546378683                                 0.38328929628908265                                0.0205004677964451                                 0.2249761640478994                                 
parent#2: -0.36930691458676607                               -0.6965606335373808                                -0.0764299504974397                                0.5996430248266065                                 0.07615793973863709                                -0.0848667208211112                                
son     : 0.2501735496632425                                 -0.7094616603953038                                0.1260713230745685                                 0.6371874370887471                                 0.06265896608268079                                0.09082616892714926                                
49  :
parent#1: -0.29248886448283773                               -0.2894829078378976                                0.24568137296349887                                -0.16548249693809342                               -0.3870082571678532                                0.7701498070460451                                 
parent#2: 0.4769853068012761                                 -0.13083684396760195                               0.09032461101536281                                0.6930515517403805                                 0.025776731224217517                               -0.5159683214683422                                
son     : 0.20665684233326673                                -0.4708055699442939                                0.37636463219331256                                0.590936896170658                                  -0.4046200867867832                                0.2847119572007988                                 
50  :
parent#1: -0.29248886448283773                               -0.2894829078378976                                0.24568137296349887                                -0.16548249693809342                               -0.3870082571678532                                0.7701498070460451                                 
parent#2: 0.5518521071087882                                 -0.5035372849204522                                -0.47039816192185024                               -0.16221581074425268                               0.3988586621391926                                 -0.18770408151181162                               
son     : 0.23741721706462532                                -0.7259187745129704                                -0.205702373713508                                 -0.2999701093301552                                0.010847682735991111                               0.5331620697191596                                 
51  :
parent#1: -0.29248886448283773                               -0.2894829078378976                                0.24568137296349887                                -0.16548249693809342                               -0.3870082571678532                                0.7701498070460451                                 
parent#2: -0.08680378310694388                               -0.2804951546984053                                -0.10185592825828224                               -0.9072855994231784                                -0.09594480709107683                               0.2665340060466277                                 
son     : -0.22089966961102003                               -0.3319546700941394                                0.08376379932205234                                -0.6247790975156042                                -0.2812713956106264                                0.6037636459827684                                 
52  :
parent#1: -0.29248886448283773                               -0.2894829078378976                                0.24568137296349887                                -0.16548249693809342                               -0.3870082571678532                                0.7701498070460451                                 
parent#2: 0.755227373056183                                  -0.3978626962462222                                0.2709089546378683                                 0.38328929628908265                                0.0205004677964451                                 0.2249761640478994                                 
son     : 0.3174001575101936                                 -0.4714619573651914                                0.3543380296021493                                 0.14939736187924701                                -0.2513938821168138                                0.6825737087269856                                 
53  :
parent#1: -0.29248886448283773                               -0.2894829078378976                                0.24568137296349887                                -0.16548249693809342                               -0.3870082571678532                                0.7701498070460451                                 
parent#2: -0.29248886448283773                               -0.2894829078378976                                0.24568137296349887                                -0.16548249693809342                               -0.3870082571678532                                0.7701498070460451                                 
son     : -0.29248886448283773                               -0.2894829078378976                                0.24568137296349887                                -0.16548249693809342                               -0.3870082571678532                                0.7701498070460451                                 
54  :
parent#1: -0.29248886448283773                               -0.2894829078378976                                0.24568137296349887                                -0.16548249693809342                               -0.3870082571678532                                0.7701498070460451                                 
parent#2: 0.16000447271643045                                -0.3588330723071169                                0.12850164854066398                                -0.6095206129724134                                0.4378530858133947                                 0.5156491237819817                                 
son     : -0.07869302649886059                               -0.38508646886600645                               0.22225708277068928                                -0.46033603997984934                               0.03020079116178689                                0.763738339186855                                  
55  :
parent#1: -0.29248886448283773                               -0.2894829078378976                                0.24568137296349887                                -0.16548249693809342                               -0.3870082571678532                                0.7701498070460451                                 
parent#2: -0.2669632186820971                                -0.3527159894618843                                0.2231659609812442                                 -0.5358675242631691                                -0.4261461591123898                                0.5345694267557359                                 
son     : -0.2869691470791952                                -0.32941385930810135                               0.24049373231632373                                -0.3597552381063627                                -0.41710494304268597                               0.6692515355091372                                 
56  :
parent#1: -0.29248886448283773                               -0.2894829078378976                                0.24568137296349887                                -0.16548249693809342                               -0.3870082571678532                                0.7701498070460451                                 
parent#2: -0.35581810987560264                               -0.022007964121444817                              0.15790186778848952                                0.4850393518110251                                 0.5681999323828612                                 -0.5383881372983081                                
son     : -0.6955104997631315                                -0.33417066389342215                               0.43296831990619045                                0.3428239346882689                                 0.19438432342397413                                0.24863634223849185                                
57  :
parent#1: -0.29248886448283773                               -0.2894829078378976                                0.24568137296349887                                -0.16548249693809342                               -0.3870082571678532                                0.7701498070460451                                 
parent#2: -0.36930691458676607                               -0.6965606335373808                                -0.0764299504974397                                0.5996430248266065                                 0.07615793973863709                                -0.0848667208211112                                
son     : -0.44682919031380314                               -0.6657537735074186                                0.11427464249815757                                0.2931351381771722                                 -0.20987893854650427                               0.4626872764043823                                 
58  :
parent#1: 0.16000447271643045                                -0.3588330723071169                                0.12850164854066398                                -0.6095206129724134                                0.4378530858133947                                 0.5156491237819817                                 
parent#2: 0.4769853068012761                                 -0.13083684396760195                               0.09032461101536281                                0.6930515517403805                                 0.025776731224217517                               -0.5159683214683422                                
son     : 0.6657933072345767                                 -0.5118119057682008                                0.22872118791276327                                0.08730805700028939                                0.48459432026013083                                -3.336312294122916E-4                              
59  :
parent#1: 0.16000447271643045                                -0.3588330723071169                                0.12850164854066398                                -0.6095206129724134                                0.4378530858133947                                 0.5156491237819817                                 
parent#2: 0.5518521071087882                                 -0.5035372849204522                                -0.47039816192185024                               -0.16221581074425268                               0.3988586621391926                                 -0.18770408151181162                               
son     : 0.42767246527003205                                -0.5180988237010701                                -0.20540615748872                                  -0.4636473528847926                                0.502683526582195                                  0.1970243286017033                                 
60  :
parent#1: 0.16000447271643045                                -0.3588330723071169                                0.12850164854066398                                -0.6095206129724134                                0.4378530858133947                                 0.5156491237819817                                 
parent#2: 0.5007061447784752                                 -0.0888927601542508                                -0.2718118654906753                                0.1389517311435344                                 0.6230999719839713                                 0.5098515321909937                                 
son     : 0.3779352130163498                                 -0.25610509863724756                               -0.08197533978760294                               -0.2691716250408738                                0.606879183233478                                  0.5865999404293533                                 
61  :
parent#1: 0.16000447271643045                                -0.3588330723071169                                0.12850164854066398                                -0.6095206129724134                                0.4378530858133947                                 0.5156491237819817                                 
parent#2: -0.08680378310694388                               -0.2804951546984053                                -0.10185592825828224                               -0.9072855994231784                                -0.09594480709107683                               0.2665340060466277                                 
son     : 0.039442971131513786                               -0.34449135569445055                               0.014357602113903719                               -0.817305738057783                                 0.18423157540201954                                0.42146633828144525                                
62  :
parent#1: 0.16000447271643045                                -0.3588330723071169                                0.12850164854066398                                -0.6095206129724134                                0.4378530858133947                                 0.5156491237819817                                 
parent#2: 0.755227373056183                                  -0.3978626962462222                                0.2709089546378683                                 0.38328929628908265                                0.0205004677964451                                 0.2249761640478994                                 
son     : 0.5933114054860301                                 -0.49053825218102726                               0.2589233180996126                                 -0.14665750660482382                               0.297133881822262                                  0.48012034599811687                                
63  :
parent#1: 0.16000447271643045                                -0.3588330723071169                                0.12850164854066398                                -0.6095206129724134                                0.4378530858133947                                 0.5156491237819817                                 
parent#2: -0.29248886448283773                               -0.2894829078378976                                0.24568137296349887                                -0.16548249693809342                               -0.3870082571678532                                0.7701498070460451                                 
son     : -0.07869302649886059                               -0.38508646886600645                               0.22225708277068928                                -0.46033603997984934                               0.03020079116178689                                0.763738339186855                                  
64  :
parent#1: 0.16000447271643045                                -0.3588330723071169                                0.12850164854066398                                -0.6095206129724134                                0.4378530858133947                                 0.5156491237819817                                 
parent#2: 0.16000447271643045                                -0.3588330723071169                                0.12850164854066398                                -0.6095206129724134                                0.4378530858133947                                 0.5156491237819817                                 
son     : 0.16000447271643045                                -0.3588330723071169                                0.12850164854066398                                -0.6095206129724134                                0.4378530858133947                                 0.5156491237819817                                 
65  :
parent#1: 0.16000447271643045                                -0.3588330723071169                                0.12850164854066398                                -0.6095206129724134                                0.4378530858133947                                 0.5156491237819817                                 
parent#2: -0.2669632186820971                                -0.3527159894618843                                0.2231659609812442                                 -0.5358675242631691                                -0.4261461591123898                                0.5345694267557359                                 
son     : -0.06118002022726653                               -0.4070035189613555                                0.2011526151468815                                 -0.6551579187983172                                0.006696320211126214                               0.6007212555163359                                 
66  :
parent#1: 0.16000447271643045                                -0.3588330723071169                                0.12850164854066398                                -0.6095206129724134                                0.4378530858133947                                 0.5156491237819817                                 
parent#2: -0.35581810987560264                               -0.022007964121444817                              0.15790186778848952                                0.4850393518110251                                 0.5681999323828612                                 -0.5383881372983081                                
son     : -0.1721665501618194                                -0.334849443344227                                 0.25181650305858155                                -0.10944850218234571                               0.8845588077297105                                 -0.019992976832387738                              
67  :
parent#1: 0.16000447271643045                                -0.3588330723071169                                0.12850164854066398                                -0.6095206129724134                                0.4378530858133947                                 0.5156491237819817                                 
parent#2: -0.36930691458676607                               -0.6965606335373808                                -0.0764299504974397                                0.5996430248266065                                 0.07615793973863709                                -0.0848667208211112                                
son     : -0.16494046170827253                               -0.8317013579508942                                0.04103502013848432                                -0.007784017877549996                              0.40506558413789256                                0.3394773983773358                                 
68  :
parent#1: -0.2669632186820971                                -0.3527159894618843                                0.2231659609812442                                 -0.5358675242631691                                -0.4261461591123898                                0.5345694267557359                                 
parent#2: 0.4769853068012761                                 -0.13083684396760195                               0.09032461101536281                                0.6930515517403805                                 0.025776731224217517                               -0.5159683214683422                                
son     : 0.28026435914995884                                -0.6452779619035032                                0.4183380664719703                                 0.20975451260398784                                -0.534273714423028                                 0.024822278930461995                               
69  :
parent#1: -0.2669632186820971                                -0.3527159894618843                                0.2231659609812442                                 -0.5358675242631691                                -0.4261461591123898                                0.5345694267557359                                 
parent#2: 0.5518521071087882                                 -0.5035372849204522                                -0.47039816192185024                               -0.16221581074425268                               0.3988586621391926                                 -0.18770408151181162                               
son     : 0.23387436075011409                                -0.7029255801877008                                -0.2029607868216553                                -0.5730788400586578                                -0.022401175231231866                              0.2847528077816392                                 
70  :
parent#1: -0.2669632186820971                                -0.3527159894618843                                0.2231659609812442                                 -0.5358675242631691                                -0.4261461591123898                                0.5345694267557359                                 
parent#2: 0.5007061447784752                                 -0.0888927601542508                                -0.2718118654906753                                0.1389517311435344                                 0.6230999719839713                                 0.5098515321909937                                 
son     : 0.1884062844264514                                 -0.35595457400529373                               -0.0392105732320936                                -0.31993023729417236                               0.15875276615411657                                0.8418456786629307                                 
71  :
parent#1: -0.2669632186820971                                -0.3527159894618843                                0.2231659609812442                                 -0.5358675242631691                                -0.4261461591123898                                0.5345694267557359                                 
parent#2: -0.08680378310694388                               -0.2804951546984053                                -0.10185592825828224                               -0.9072855994231784                                -0.09594480709107683                               0.2665340060466277                                 
son     : -0.1880818931177631                                -0.3366496878868068                                0.06449505039567904                                -0.767259156984918                                 -0.2775721217825353                                0.425910414093559                                  
72  :
parent#1: -0.2669632186820971                                -0.3527159894618843                                0.2231659609812442                                 -0.5358675242631691                                -0.4261461591123898                                0.5345694267557359                                 
parent#2: 0.755227373056183                                  -0.3978626962462222                                0.2709089546378683                                 0.38328929628908265                                0.0205004677964451                                 0.2249761640478994                                 
son     : 0.3628619141234727                                 -0.5578054750823603                                0.3671802814027332                                 -0.11339113748216413                               -0.3014625806302179                                0.5644693850122182                                 
73  :
parent#1: -0.2669632186820971                                -0.3527159894618843                                0.2231659609812442                                 -0.5358675242631691                                -0.4261461591123898                                0.5345694267557359                                 
parent#2: -0.29248886448283773                               -0.2894829078378976                                0.24568137296349887                                -0.16548249693809342                               -0.3870082571678532                                0.7701498070460451                                 
son     : -0.2869691470791952                                -0.32941385930810135                               0.24049373231632373                                -0.3597552381063627                                -0.41710494304268597                               0.6692515355091372                                 
74  :
parent#1: -0.2669632186820971                                -0.3527159894618843                                0.2231659609812442                                 -0.5358675242631691                                -0.4261461591123898                                0.5345694267557359                                 
parent#2: 0.16000447271643045                                -0.3588330723071169                                0.12850164854066398                                -0.6095206129724134                                0.4378530858133947                                 0.5156491237819817                                 
son     : -0.06118002022726653                               -0.4070035189613555                                0.2011526151468815                                 -0.6551579187983172                                0.006696320211126214                               0.6007212555163359                                 
75  :
parent#1: -0.2669632186820971                                -0.3527159894618843                                0.2231659609812442                                 -0.5358675242631691                                -0.4261461591123898                                0.5345694267557359                                 
parent#2: -0.2669632186820971                                -0.3527159894618843                                0.2231659609812442                                 -0.5358675242631691                                -0.4261461591123898                                0.5345694267557359                                 
son     : -0.2669632186820971                                -0.3527159894618843                                0.2231659609812442                                 -0.5358675242631691                                -0.4261461591123898                                0.5345694267557359                                 
76  :
parent#1: -0.2669632186820971                                -0.3527159894618843                                0.2231659609812442                                 -0.5358675242631691                                -0.4261461591123898                                0.5345694267557359                                 
parent#2: -0.35581810987560264                               -0.022007964121444817                              0.15790186778848952                                0.4850393518110251                                 0.5681999323828612                                 -0.5383881372983081                                
son     : -0.7463600803188678                                -0.4490805797623481                                0.45668327267644554                                -0.060914027338776794                              0.17024156114841574                                -0.00457645882523378                               
77  :
parent#1: -0.2669632186820971                                -0.3527159894618843                                0.2231659609812442                                 -0.5358675242631691                                -0.4261461591123898                                0.5345694267557359                                 
parent#2: -0.36930691458676607                               -0.6965606335373808                                -0.0764299504974397                                0.5996430248266065                                 0.07615793973863709                                -0.0848667208211112                                
son     : -0.4670202218753866                                -0.7701656508128192                                0.10770375755528015                                0.04681101133936868                                -0.2568902221230509                                0.3300803330569089                                 
78  :
parent#1: -0.35581810987560264                               -0.022007964121444817                              0.15790186778848952                                0.4850393518110251                                 0.5681999323828612                                 -0.5383881372983081                                
parent#2: 0.4769853068012761                                 -0.13083684396760195                               0.09032461101536281                                0.6930515517403805                                 0.025776731224217517                               -0.5159683214683422                                
son     : 0.0705219686311777                                 -0.08895903375652198                               0.14447326005545189                                0.6856747688558963                                 0.34570745797020647                                -0.6136586056111576                                
79  :
parent#1: -0.35581810987560264                               -0.022007964121444817                              0.15790186778848952                                0.4850393518110251                                 0.5681999323828612                                 -0.5383881372983081                                
parent#2: 0.5518521071087882                                 -0.5035372849204522                                -0.47039816192185024                               -0.16221581074425268                               0.3988586621391926                                 -0.18770408151181162                               
son     : 0.13935371647202846                                -0.3735917476655333                                -0.2221426925219481                                0.22948397138891627                                0.6874481523353403                                 -0.5161535785665378                                
80  :
parent#1: -0.35581810987560264                               -0.022007964121444817                              0.15790186778848952                                0.4850393518110251                                 0.5681999323828612                                 -0.5383881372983081                                
parent#2: 0.5007061447784752                                 -0.0888927601542508                                -0.2718118654906753                                0.1389517311435344                                 0.6230999719839713                                 0.5098515321909937                                 
son     : 0.10636174740532497                                -0.08141179380606858                               -0.08362088981787155                               0.45806944647209247                                0.8745286634413503                                 -0.020948611707408242                              
81  :
parent#1: -0.35581810987560264                               -0.022007964121444817                              0.15790186778848952                                0.4850393518110251                                 0.5681999323828612                                 -0.5383881372983081                                
parent#2: -0.08680378310694388                               -0.2804951546984053                                -0.10185592825828224                               -0.9072855994231784                                -0.09594480709107683                               0.2665340060466277                                 
son     : -0.5058007800365958                                -0.3456817565700858                                0.06404581513409358                                -0.48251675932842825                               0.5396637955237424                                 -0.31065799912588854                               
82  :
parent#1: -0.35581810987560264                               -0.022007964121444817                              0.15790186778848952                                0.4850393518110251                                 0.5681999323828612                                 -0.5383881372983081                                
parent#2: 0.755227373056183                                  -0.3978626962462222                                0.2709089546378683                                 0.38328929628908265                                0.0205004677964451                                 0.2249761640478994                                 
son     : 0.30468068013649385                                -0.3202892125021689                                0.32710902092343946                                0.6623856466882423                                 0.44907731206565077                                -0.23907951561374297                               
83  :
parent#1: -0.35581810987560264                               -0.022007964121444817                              0.15790186778848952                                0.4850393518110251                                 0.5681999323828612                                 -0.5383881372983081                                
parent#2: -0.29248886448283773                               -0.2894829078378976                                0.24568137296349887                                -0.16548249693809342                               -0.3870082571678532                                0.7701498070460451                                 
son     : -0.6955104997631315                                -0.33417066389342215                               0.43296831990619045                                0.3428239346882689                                 0.19438432342397413                                0.24863634223849185                                
84  :
parent#1: -0.35581810987560264                               -0.022007964121444817                              0.15790186778848952                                0.4850393518110251                                 0.5681999323828612                                 -0.5383881372983081                                
parent#2: 0.16000447271643045                                -0.3588330723071169                                0.12850164854066398                                -0.6095206129724134                                0.4378530858133947                                 0.5156491237819817                                 
son     : -0.1721665501618194                                -0.334849443344227                                 0.25181650305858155                                -0.10944850218234571                               0.8845588077297105                                 -0.019992976832387738                              
85  :
parent#1: -0.35581810987560264                               -0.022007964121444817                              0.15790186778848952                                0.4850393518110251                                 0.5681999323828612                                 -0.5383881372983081                                
parent#2: -0.2669632186820971                                -0.3527159894618843                                0.2231659609812442                                 -0.5358675242631691                                -0.4261461591123898                                0.5345694267557359                                 
son     : -0.7463600803188678                                -0.4490805797623481                                0.45668327267644554                                -0.060914027338776794                              0.17024156114841574                                -0.00457645882523378                               
86  :
parent#1: -0.35581810987560264                               -0.022007964121444817                              0.15790186778848952                                0.4850393518110251                                 0.5681999323828612                                 -0.5383881372983081                                
parent#2: -0.35581810987560264                               -0.022007964121444817                              0.15790186778848952                                0.4850393518110251                                 0.5681999323828612                                 -0.5383881372983081                                
son     : -0.35581810987560264                               -0.022007964121444817                              0.15790186778848952                                0.4850393518110251                                 0.5681999323828612                                 -0.5383881372983081                                
87  :
parent#1: -0.35581810987560264                               -0.022007964121444817                              0.15790186778848952                                0.4850393518110251                                 0.5681999323828612                                 -0.5383881372983081                                
parent#2: -0.36930691458676607                               -0.6965606335373808                                -0.0764299504974397                                0.5996430248266065                                 0.07615793973863709                                -0.0848667208211112                                
son     : -0.4166446526940955                                -0.4128774400392822                                0.046812394468415064                               0.6232402645773611                                 0.37023720432186036                                -0.35811176713092385                               
88  :
parent#1: -0.36930691458676607                               -0.6965606335373808                                -0.0764299504974397                                0.5996430248266065                                 0.07615793973863709                                -0.0848667208211112                                
parent#2: 0.4769853068012761                                 -0.13083684396760195                               0.09032461101536281                                0.6930515517403805                                 0.025776731224217517                               -0.5159683214683422                                
son     : 0.06506482467209802                                -0.49995612583769145                               0.008395868770737138                               0.7811125728116975                                 0.061594172775105774                               -0.3630554457530982                                
89  :
parent#1: -0.36930691458676607                               -0.6965606335373808                                -0.0764299504974397                                0.5996430248266065                                 0.07615793973863709                                -0.0848667208211112                                
parent#2: 0.5518521071087882                                 -0.5035372849204522                                -0.47039816192185024                               -0.16221581074425268                               0.3988586621391926                                 -0.18770408151181162                               
son     : 0.12132377406583443                                -0.7976129456177884                                -0.36343466210977343                               0.29072428453667726                                0.3157070645768647                                 -0.18115688494613894                               
90  :
parent#1: -0.36930691458676607                               -0.6965606335373808                                -0.0764299504974397                                0.5996430248266065                                 0.07615793973863709                                -0.0848667208211112                                
parent#2: 0.5007061447784752                                 -0.0888927601542508                                -0.2718118654906753                                0.1389517311435344                                 0.6230999719839713                                 0.5098515321909937                                 
son     : 0.09360450867209698                                -0.5595312765080062                                -0.24807606587259198                               0.5261507174699921                                 0.4981284377874631                                 0.3027452626879369                                 
91  :
parent#1: -0.36930691458676607                               -0.6965606335373808                                -0.0764299504974397                                0.5996430248266065                                 0.07615793973863709                                -0.0848667208211112                                
parent#2: -0.08680378310694388                               -0.2804951546984053                                -0.10185592825828224                               -0.9072855994231784                                -0.09594480709107683                               0.2665340060466277                                 
son     : -0.39661810104257883                               -0.8496139496446669                                -0.15503123919774056                               -0.26751535176287305                               -0.01720597608121893                               0.1579715934136893                                 
92  :
parent#1: -0.36930691458676607                               -0.6965606335373808                                -0.0764299504974397                                0.5996430248266065                                 0.07615793973863709                                -0.0848667208211112                                
parent#2: 0.755227373056183                                  -0.3978626962462222                                0.2709089546378683                                 0.38328929628908265                                0.0205004677964451                                 0.2249761640478994                                 
son     : 0.2501735496632425                                 -0.7094616603953038                                0.1260713230745685                                 0.6371874370887471                                 0.06265896608268079                                0.09082616892714926                                
93  :
parent#1: -0.36930691458676607                               -0.6965606335373808                                -0.0764299504974397                                0.5996430248266065                                 0.07615793973863709                                -0.0848667208211112                                
parent#2: -0.29248886448283773                               -0.2894829078378976                                0.24568137296349887                                -0.16548249693809342                               -0.3870082571678532                                0.7701498070460451                                 
son     : -0.44682919031380314                               -0.6657537735074186                                0.11427464249815757                                0.2931351381771722                                 -0.20987893854650427                               0.4626872764043823                                 
94  :
parent#1: -0.36930691458676607                               -0.6965606335373808                                -0.0764299504974397                                0.5996430248266065                                 0.07615793973863709                                -0.0848667208211112                                
parent#2: 0.16000447271643045                                -0.3588330723071169                                0.12850164854066398                                -0.6095206129724134                                0.4378530858133947                                 0.5156491237819817                                 
son     : -0.16494046170827253                               -0.8317013579508942                                0.04103502013848432                                -0.007784017877549996                              0.40506558413789256                                0.3394773983773358                                 
95  :
parent#1: -0.36930691458676607                               -0.6965606335373808                                -0.0764299504974397                                0.5996430248266065                                 0.07615793973863709                                -0.0848667208211112                                
parent#2: -0.2669632186820971                                -0.3527159894618843                                0.2231659609812442                                 -0.5358675242631691                                -0.4261461591123898                                0.5345694267557359                                 
son     : -0.4670202218753866                                -0.7701656508128192                                0.10770375755528015                                0.04681101133936868                                -0.2568902221230509                                0.3300803330569089                                 
96  :
parent#1: -0.36930691458676607                               -0.6965606335373808                                -0.0764299504974397                                0.5996430248266065                                 0.07615793973863709                                -0.0848667208211112                                
parent#2: -0.35581810987560264                               -0.022007964121444817                              0.15790186778848952                                0.4850393518110251                                 0.5681999323828612                                 -0.5383881372983081                                
son     : -0.4166446526940955                                -0.4128774400392822                                0.046812394468415064                               0.6232402645773611                                 0.37023720432186036                                -0.35811176713092385                               
97  :
parent#1: -0.36930691458676607                               -0.6965606335373808                                -0.0764299504974397                                0.5996430248266065                                 0.07615793973863709                                -0.0848667208211112                                
parent#2: -0.36930691458676607                               -0.6965606335373808                                -0.0764299504974397                                0.5996430248266065                                 0.07615793973863709                                -0.0848667208211112                                
son     : -0.3693069145867661                                -0.696560633537381                                 -0.07642995049743971                               0.5996430248266066                                 0.0761579397386371                                 -0.08486672082111121                               

0   :
parent#1: 0.5007061447784752                                 -0.0888927601542508                                -0.2718118654906753                                0.1389517311435344                                 0.6230999719839713                                 0.5098515321909937                                 
parent#2: 0.5007061447784752                                 -0.0888927601542508                                -0.2718118654906753                                0.1389517311435344                                 0.6230999719839713                                 0.5098515321909937                                 
son:      0.5007061447784752                                 -0.0888927601542508                                -0.2718118654906753                                0.1389517311435344                                 0.6230999719839713                                 0.5098515321909937                                 
mutated:  0.5007061447784752                                 -0.0888927601542508                                -0.2718118654906753                                0.1389517311435344                                 0.6230999719839713                                 0.5098515321909937                                 
1   :
parent#1: -0.29248886448283773                               -0.2894829078378976                                0.24568137296349887                                -0.16548249693809342                               -0.3870082571678532                                0.7701498070460451                                 
parent#2: 0.5007061447784752                                 -0.0888927601542508                                -0.2718118654906753                                0.1389517311435344                                 0.6230999719839713                                 0.5098515321909937                                 
son:      0.15177525146171802                                -0.2758083386497248                                -0.019047228301607218                              -0.019338998397365526                              0.1720936866208568                                 0.9330278680914447                                 
mutated:  0.15177525146171802                                -0.2758083386497248                                -0.019047228301607218                              -0.019338998397365526                              0.1720936866208568                                 0.9330278680914447                                 

