0   :
parent#1: 0.46397277315517566                                -0.29535813919408443                               -0.5289493194549518                                -0.48254255556900205                               0.38138531023715094                                0.1985028464050217                                 
parent#2: 0.46397277315517566                                -0.29535813919408443                               -0.5289493194549518                                -0.48254255556900205                               0.38138531023715094                                0.1985028464050217                                 
son     : 0.4639727731551757                                 -0.2953581391940845                                -0.5289493194549519                                -0.4825425555690021                                0.381385310237151                                  0.19850284640502172                                
1   :
parent#1: 0.46397277315517566                                -0.29535813919408443                               -0.5289493194549518                                -0.48254255556900205                               0.38138531023715094                                0.1985028464050217                                 
parent#2: 0.18609178138933447                                0.25572679630503725                                0.13517161443963027                                -0.4933194634932949                                0.5317830519848108                                 -0.5962759275378287                                
son     : 0.4243564333142838                                 -0.02587099265493016                               -0.25705462826852915                               -0.6370341574865817                                0.5290916300144837                                 -0.2596627747166202                                
2   :
parent#1: 0.46397277315517566                                -0.29535813919408443                               -0.5289493194549518                                -0.48254255556900205                               0.38138531023715094                                0.1985028464050217                                 
parent#2: 7.947666652668812E-4                               -0.6218295008677601                                -0.02274557528876888                               -0.6604072831090612                                -0.40472928371952654                               0.11343062336807667                                
son     : 0.2794641504938152                                 -0.5515038007437807                                -0.3317334621752928                                -0.6872543333095286                                -0.014036702565163307                              0.1875652120077186                                 
3   :
parent#1: 0.46397277315517566                                -0.29535813919408443                               -0.5289493194549518                                -0.48254255556900205                               0.38138531023715094                                0.1985028464050217                                 
parent#2: -0.0639877418325946                                0.5849509476258753                                 -0.31056907123490957                               -0.11272400071590796                               -0.2964314348061847                                -0.6758006465522123                                
son     : 0.3225249706678428                                 0.2335110184904778                                 -0.6769394430512933                                -0.47998878350650853                               0.06850192891192103                                -0.38486554980140797                               
4   :
parent#1: 0.46397277315517566                                -0.29535813919408443                               -0.5289493194549518                                -0.48254255556900205                               0.38138531023715094                                0.1985028464050217                                 
parent#2: -0.4776766193153375                                -0.345043090645962                                 0.10146980248249862                                -0.5921173730815134                                -0.12377596198103001                               -0.5258808989417985                                
son     : -0.009886107061036419                              -0.46199257100703744                               -0.3083884788108199                                -0.7752716270071787                                0.1858422494691628                                 -0.23617416884180464                               
5   :
parent#1: 0.46397277315517566                                -0.29535813919408443                               -0.5289493194549518                                -0.48254255556900205                               0.38138531023715094                                0.1985028464050217                                 
parent#2: 0.04903569348496772                                -0.5551144915956269                                -0.08318931208403871                               -0.31346466160779063                               0.7116610795460026                                 0.27892894099123694                                
son     : 0.27750408164866947                                -0.4600501584707351                                -0.3311270277846293                                -0.4305879262287279                                0.5912667223267075                                 0.2582594212898594                                 
6   :
parent#1: 0.46397277315517566                                -0.29535813919408443                               -0.5289493194549518                                -0.48254255556900205                               0.38138531023715094                                0.1985028464050217                                 
parent#2: -0.3421741524732287                                0.12357659631713436                                0.5871220511618845                                 -0.5040255266265009                                0.5152318057062633                                 -0.05854764007970732                               
son     : 0.08968021981101464                                -0.1264826024993197                                0.0428325323987693                                 -0.7264092316846552                                0.6601784124805085                                 0.10304889822787988                                
7   :
parent#1: 0.46397277315517566                                -0.29535813919408443                               -0.5289493194549518                                -0.48254255556900205                               0.38138531023715094                                0.1985028464050217                                 
parent#2: -0.5306178322870726                                0.35010107929222384                                0.4682942658139714                                 0.29513520474084753                                -0.4890107119689661                                -0.2243616844412706                                
son     : -0.27706135273339744                               0.22758105752710941                                -0.25215929628973377                               -0.779102529264317                                 -0.44742760799833203                               0.02583298019748415                                
8   :
parent#1: 0.46397277315517566                                -0.29535813919408443                               -0.5289493194549518                                -0.48254255556900205                               0.38138531023715094                                0.1985028464050217                                 
parent#2: 0.4816275896179255                                 0.49882829240834187                                -0.4296071925710571                                -0.29023558287852025                               -0.17765288764989823                               -0.46780938173986847                               
son     : 0.5903537631229953                                 0.12702974254470775                                -0.5984424988808861                                -0.4824580235500047                                0.1271934816012851                                 -0.1681324720543617                                
9   :
parent#1: 0.46397277315517566                                -0.29535813919408443                               -0.5289493194549518                                -0.48254255556900205                               0.38138531023715094                                0.1985028464050217                                 
parent#2: -0.1726691346355141                                -0.2398144072179066                                0.24328555925350911                                -0.6641993359204489                                0.13152970900149497                                0.6285107274394535                                 
son     : 0.1767938983556937                                 -0.32479937859318303                               -0.17337102290107637                               -0.6959644254169457                                0.31129115392173645                                0.5019194214533321                                 
10  :
parent#1: 0.18609178138933447                                0.25572679630503725                                0.13517161443963027                                -0.4933194634932949                                0.5317830519848108                                 -0.5962759275378287                                
parent#2: 0.46397277315517566                                -0.29535813919408443                               -0.5289493194549518                                -0.48254255556900205                               0.38138531023715094                                0.1985028464050217                                 
son     : 0.40920820482955605                                -0.024947477239356506                              -0.2478785632053549                                -0.6142939838669305                                0.5748290436690916                                 -0.2503936067917579                                
11  :
parent#1: 0.18609178138933447                                0.25572679630503725                                0.13517161443963027                                -0.4933194634932949                                0.5317830519848108                                 -0.5962759275378287                                
parent#2: 0.18609178138933447                                0.25572679630503725                                0.13517161443963027                                -0.4933194634932949                                0.5317830519848108                                 -0.5962759275378287                                
son     : 0.18609178138933447                                0.25572679630503725                                0.13517161443963027                                -0.4933194634932949                                0.5317830519848108                                 -0.5962759275378287                                
12  :
parent#1: 0.18609178138933447                                0.25572679630503725                                0.13517161443963027                                -0.4933194634932949                                0.5317830519848108                                 -0.5962759275378287                                
parent#2: 7.947666652668812E-4                               -0.6218295008677601                                -0.02274557528876888                               -0.6604072831090612                                -0.40472928371952654                               0.11343062336807667                                
son     : 0.14079246050274624                                -0.2758063708097189                                0.08469704663817366                                -0.8691691782680707                                0.09571696216995154                                -0.36375533244048563                               
13  :
parent#1: 0.18609178138933447                                0.25572679630503725                                0.13517161443963027                                -0.4933194634932949                                0.5317830519848108                                 -0.5962759275378287                                
parent#2: -0.0639877418325946                                0.5849509476258753                                 -0.31056907123490957                               -0.11272400071590796                               -0.2964314348061847                                -0.6758006465522123                                
son     : 0.0730589667998621                                 0.5030058596439065                                 -0.10494621651589113                               -0.362616253251464                                 0.14081881359672016                                -0.7611263356290553                                
14  :
parent#1: 0.18609178138933447                                0.25572679630503725                                0.13517161443963027                                -0.4933194634932949                                0.5317830519848108                                 -0.5962759275378287                                
parent#2: -0.4776766193153375                                -0.345043090645962                                 0.10146980248249862                                -0.5921173730815134                                -0.12377596198103001                               -0.5258808989417985                                
son     : -0.1757403646714154                                -0.05383159923616113                               0.14262555351663808                                -0.6542009071673789                                0.24590892755536198                                -0.6763323199750683                                
15  :
parent#1: 0.18609178138933447                                0.25572679630503725                                0.13517161443963027                                -0.4933194634932949                                0.5317830519848108                                 -0.5962759275378287                                
parent#2: 0.04903569348496772                                -0.5551144915956269                                -0.08318931208403871                               -0.31346466160779063                               0.7116610795460026                                 0.27892894099123694                                
son     : 0.1503591716505081                                 -0.19145225750547828                               0.03324161043642986                                -0.5159218114166767                                0.795156881222018                                  -0.20293685392759475                               
16  :
parent#1: 0.18609178138933447                                0.25572679630503725                                0.13517161443963027                                -0.4933194634932949                                0.5317830519848108                                 -0.5962759275378287                                
parent#2: -0.3421741524732287                                0.12357659631713436                                0.5871220511618845                                 -0.5040255266265009                                0.5152318057062633                                 -0.05854764007970732                               
son     : -0.08712113607851026                               0.2117173275508158                                 0.40316561244249866                                -0.5566921363255299                                0.584416569659215                                  -0.36550555162414283                               
17  :
parent#1: 0.18609178138933447                                0.25572679630503725                                0.13517161443963027                                -0.4933194634932949                                0.5317830519848108                                 -0.5962759275378287                                
parent#2: -0.5306178322870726                                0.35010107929222384                                0.4682942658139714                                 0.29513520474084753                                -0.4890107119689661                                -0.2243616844412706                                
son     : -0.2754490804239172                                0.4843602705618694                                 0.4824718518379987                                 -0.15844860406233993                               0.03419654825591268                                -0.6561009682487445                                
18  :
parent#1: 0.18609178138933447                                0.25572679630503725                                0.13517161443963027                                -0.4933194634932949                                0.5317830519848108                                 -0.5962759275378287                                
parent#2: -0.1726691346355141                                -0.2398144072179066                                0.24328555925350911                                -0.6641993359204489                                0.13152970900149497                                0.6285107274394535                                 
son     : 0.009675538719826732                               0.011470236799136536                               0.2728058858303739                                 -0.8343822323616893                                0.4781402967675879                                 0.023236032378283915                               
19  :
parent#1: 7.947666652668812E-4                               -0.6218295008677601                                -0.02274557528876888                               -0.6604072831090612                                -0.40472928371952654                               0.11343062336807667                                
parent#2: 0.46397277315517566                                -0.29535813919408443                               -0.5289493194549518                                -0.48254255556900205                               0.38138531023715094                                0.1985028464050217                                 
son     : 0.2794641504938152                                 -0.5515038007437807                                -0.3317334621752928                                -0.6872543333095286                                -0.014036702565163307                              0.1875652120077186                                 
20  :
parent#1: 7.947666652668812E-4                               -0.6218295008677601                                -0.02274557528876888                               -0.6604072831090612                                -0.40472928371952654                               0.11343062336807667                                
parent#2: 0.18609178138933447                                0.25572679630503725                                0.13517161443963027                                -0.4933194634932949                                0.5317830519848108                                 -0.5962759275378287                                
son     : 0.14079246050274624                                -0.2758063708097189                                0.08469704663817366                                -0.8691691782680707                                0.09571696216995154                                -0.36375533244048563                               
21  :
parent#1: 7.947666652668812E-4                               -0.6218295008677601                                -0.02274557528876888                               -0.6604072831090612                                -0.40472928371952654                               0.11343062336807667                                
parent#2: 7.947666652668812E-4                               -0.6218295008677601                                -0.02274557528876888                               -0.6604072831090612                                -0.40472928371952654                               0.11343062336807667                                
son     : 7.947666652668812E-4                               -0.6218295008677601                                -0.02274557528876888                               -0.6604072831090612                                -0.40472928371952654                               0.11343062336807667                                
22  :
parent#1: 7.947666652668812E-4                               -0.6218295008677601                                -0.02274557528876888                               -0.6604072831090612                                -0.40472928371952654                               0.11343062336807667                                
parent#2: -0.0639877418325946                                0.5849509476258753                                 -0.31056907123490957                               -0.11272400071590796                               -0.2964314348061847                                -0.6758006465522123                                
son     : -0.051221398393212325                              -0.02989210529756032                               -0.2701699398497247                                -0.6266656284847473                                -0.5683295082432689                                -0.4558319801471815                                
23  :
parent#1: 7.947666652668812E-4                               -0.6218295008677601                                -0.02274557528876888                               -0.6604072831090612                                -0.40472928371952654                               0.11343062336807667                                
parent#2: -0.4776766193153375                                -0.345043090645962                                 0.10146980248249862                                -0.5921173730815134                                -0.12377596198103001                               -0.5258808989417985                                
son     : -0.26714047756434534                               -0.5416243130358374                                0.044099869876677446                               -0.7016413666329896                                -0.29605895663072773                               -0.23104708844762864                               
24  :
parent#1: 7.947666652668812E-4                               -0.6218295008677601                                -0.02274557528876888                               -0.6604072831090612                                -0.40472928371952654                               0.11343062336807667                                
parent#2: 0.04903569348496772                                -0.5551144915956269                                -0.08318931208403871                               -0.31346466160779063                               0.7116610795460026                                 0.27892894099123694                                
son     : 0.03093042403041144                                -0.7305446635889944                                -0.06575518219531014                               -0.6044951644154508                                0.19051661503237946                                0.24354275801251943                                
25  :
parent#1: 7.947666652668812E-4                               -0.6218295008677601                                -0.02274557528876888                               -0.6604072831090612                                -0.40472928371952654                               0.11343062336807667                                
parent#2: -0.3421741524732287                                0.12357659631713436                                0.5871220511618845                                 -0.5040255266265009                                0.5152318057062633                                 -0.05854764007970732                               
son     : -0.23817172702484618                               -0.34761839673214595                               0.3937511330180659                                 -0.8123951967478313                                0.0770948030148114                                 0.03829046350625264                                
26  :
parent#1: 7.947666652668812E-4                               -0.6218295008677601                                -0.02274557528876888                               -0.6604072831090612                                -0.40472928371952654                               0.11343062336807667                                
parent#2: -0.5306178322870726                                0.35010107929222384                                0.4682942658139714                                 0.29513520474084753                                -0.4890107119689661                                -0.2243616844412706                                
son     : -0.4329505613889898                                -0.2220457739573931                                0.36408485814528607                                -0.2984859694691489                                -0.7303291569894251                                -0.09064849811842352                               
27  :
parent#1: 7.947666652668812E-4                               -0.6218295008677601                                -0.02274557528876888                               -0.6604072831090612                                -0.40472928371952654                               0.11343062336807667                                
parent#2: 0.4816275896179255                                 0.49882829240834187                                -0.4296071925710571                                -0.29023558287852025                               -0.17765288764989823                               -0.46780938173986847                               
son     : 0.3575010851833867                                 -0.09115055496577534                               -0.3352178921423476                                -0.7044778331394377                                -0.43157672015889575                               -0.26261384663003984                               
28  :
parent#1: 7.947666652668812E-4                               -0.6218295008677601                                -0.02274557528876888                               -0.6604072831090612                                -0.40472928371952654                               0.11343062336807667                                
parent#2: -0.1726691346355141                                -0.2398144072179066                                0.24328555925350911                                -0.6641993359204489                                0.13152970900149497                                0.6285107274394535                                 
son     : -0.09607609038698631                               -0.4816505158521664                                0.12327969367141939                                -0.7404421424788004                                -0.1527158897761855                                0.4147379572873053                                 
29  :
parent#1: -0.0639877418325946                                0.5849509476258753                                 -0.31056907123490957                               -0.11272400071590796                               -0.2964314348061847                                -0.6758006465522123                                
parent#2: 0.46397277315517566                                -0.29535813919408443                               -0.5289493194549518                                -0.48254255556900205                               0.38138531023715094                                0.1985028464050217                                 
son     : 0.3225249706678428                                 0.2335110184904778                                 -0.6769394430512933                                -0.47998878350650853                               0.06850192891192103                                -0.38486554980140797                               
30  :
parent#1: -0.0639877418325946                                0.5849509476258753                                 -0.31056907123490957                               -0.11272400071590796                               -0.2964314348061847                                -0.6758006465522123                                
parent#2: 0.18609178138933447                                0.25572679630503725                                0.13517161443963027                                -0.4933194634932949                                0.5317830519848108                                 -0.5962759275378287                                
son     : 0.0730589667998621                                 0.5030058596439065                                 -0.10494621651589113                               -0.362616253251464                                 0.14081881359672016                                -0.7611263356290553                                
31  :
parent#1: -0.0639877418325946                                0.5849509476258753                                 -0.31056907123490957                               -0.11272400071590796                               -0.2964314348061847                                -0.6758006465522123                                
parent#2: 7.947666652668812E-4                               -0.6218295008677601                                -0.02274557528876888                               -0.6604072831090612                                -0.40472928371952654                               0.11343062336807667                                
son     : -0.051221398393212325                              -0.02989210529756032                               -0.2701699398497247                                -0.6266656284847473                                -0.5683295082432689                                -0.4558319801471815                                
32  :
parent#1: -0.0639877418325946                                0.5849509476258753                                 -0.31056907123490957                               -0.11272400071590796                               -0.2964314348061847                                -0.6758006465522123                                
parent#2: -0.0639877418325946                                0.5849509476258753                                 -0.31056907123490957                               -0.11272400071590796                               -0.2964314348061847                                -0.6758006465522123                                
son     : -0.0639877418325946                                0.5849509476258753                                 -0.31056907123490957                               -0.11272400071590796                               -0.2964314348061847                                -0.6758006465522123                                
33  :
parent#1: -0.0639877418325946                                0.5849509476258753                                 -0.31056907123490957                               -0.11272400071590796                               -0.2964314348061847                                -0.6758006465522123                                
parent#2: -0.4776766193153375                                -0.345043090645962                                 0.10146980248249862                                -0.5921173730815134                                -0.12377596198103001                               -0.5258808989417985                                
son     : -0.34175307400953464                               0.15136540906654433                                -0.13192730220950605                               -0.44470658116380263                               -0.26512205689374274                               -0.7581786648890263                                
34  :
parent#1: -0.0639877418325946                                0.5849509476258753                                 -0.31056907123490957                               -0.11272400071590796                               -0.2964314348061847                                -0.6758006465522123                                
parent#2: 0.04903569348496772                                -0.5551144915956269                                -0.08318931208403871                               -0.31346466160779063                               0.7116610795460026                                 0.27892894099123694                                
son     : -0.01829800815562677                               0.03651323906153201                                -0.481873382282105                                 -0.521560888362993                                 0.5081494688393707                                 -0.4856834017825266                                
35  :
parent#1: -0.0639877418325946                                0.5849509476258753                                 -0.31056907123490957                               -0.11272400071590796                               -0.2964314348061847                                -0.6758006465522123                                
parent#2: -0.3421741524732287                                0.12357659631713436                                0.5871220511618845                                 -0.5040255266265009                                0.5152318057062633                                 -0.05854764007970732                               
son     : -0.3105106811951784                                0.5416691555747856                                 0.2114246939153354                                 -0.4715048815428719                                0.16727283668513016                                -0.5614091078295432                                
36  :
parent#1: -0.0639877418325946                                0.5849509476258753                                 -0.31056907123490957                               -0.11272400071590796                               -0.2964314348061847                                -0.6758006465522123                                
parent#2: -0.5306178322870726                                0.35010107929222384                                0.4682942658139714                                 0.29513520474084753                                -0.4890107119689661                                -0.2243616844412706                                
son     : -0.3609813878265938                                0.5676643359199894                                 0.09575399577890717                                0.1107407203195687                                 -0.4768370976342906                                -0.5464830160604129                                
37  :
parent#1: -0.0639877418325946                                0.5849509476258753                                 -0.31056907123490957                               -0.11272400071590796                               -0.2964314348061847                                -0.6758006465522123                                
parent#2: 0.4816275896179255                                 0.49882829240834187                                -0.4296071925710571                                -0.29023558287852025                               -0.17765288764989823                               -0.46780938173986847                               
son     : 0.2203654879353607                                 0.5718504647265202                                 -0.3905501460090876                                -0.2126195230840587                                -0.25014812067032133                               -0.6034198681680671                                
38  :
parent#1: -0.0639877418325946                                0.5849509476258753                                 -0.31056907123490957                               -0.11272400071590796                               -0.2964314348061847                                -0.6758006465522123                                
parent#2: -0.1726691346355141                                -0.2398144072179066                                0.24328555925350911                                -0.6641993359204489                                0.13152970900149497                                0.6285107274394535                                 
son     : -0.2625162862048409                                0.38284948307300304                                -0.07463555655673665                               -0.8618174635087533                                -0.18292047665409675                               -0.052457271158489666                              
39  :
parent#1: -0.4776766193153375                                -0.345043090645962                                 0.10146980248249862                                -0.5921173730815134                                -0.12377596198103001                               -0.5258808989417985                                
parent#2: 0.46397277315517566                                -0.29535813919408443                               -0.5289493194549518                                -0.48254255556900205                               0.38138531023715094                                0.1985028464050217                                 
son     : -0.009886107061036419                              -0.46199257100703744                               -0.3083884788108199                                -0.7752716270071787                                0.1858422494691628                                 -0.23617416884180464                               
40  :
parent#1: -0.4776766193153375                                -0.345043090645962                                 0.10146980248249862                                -0.5921173730815134                                -0.12377596198103001                               -0.5258808989417985                                
parent#2: 0.18609178138933447                                0.25572679630503725                                0.13517161443963027                                -0.4933194634932949                                0.5317830519848108                                 -0.5962759275378287                                
son     : -0.1757403646714154                                -0.05383159923616113                               0.14262555351663808                                -0.6542009071673789                                0.24590892755536198                                -0.6763323199750683                                
41  :
parent#1: -0.4776766193153375                                -0.345043090645962                                 0.10146980248249862                                -0.5921173730815134                                -0.12377596198103001                               -0.5258808989417985                                
parent#2: 7.947666652668812E-4                               -0.6218295008677601                                -0.02274557528876888                               -0.6604072831090612                                -0.40472928371952654                               0.11343062336807667                                
son     : -0.26714047756434534                               -0.5416243130358374                                0.044099869876677446                               -0.7016413666329896                                -0.29605895663072773                               -0.23104708844762864                               
42  :
parent#1: -0.4776766193153375                                -0.345043090645962                                 0.10146980248249862                                -0.5921173730815134                                -0.12377596198103001                               -0.5258808989417985                                
parent#2: -0.0639877418325946                                0.5849509476258753                                 -0.31056907123490957                               -0.11272400071590796                               -0.2964314348061847                                -0.6758006465522123                                
son     : -0.34175307400953464                               0.15136540906654433                                -0.13192730220950605                               -0.44470658116380263                               -0.26512205689374274                               -0.7581786648890263                                
43  :
parent#1: -0.4776766193153375                                -0.345043090645962                                 0.10146980248249862                                -0.5921173730815134                                -0.12377596198103001                               -0.5258808989417985                                
parent#2: -0.4776766193153375                                -0.345043090645962                                 0.10146980248249862                                -0.5921173730815134                                -0.12377596198103001                               -0.5258808989417985                                
son     : -0.4776766193153375                                -0.345043090645962                                 0.10146980248249862                                -0.5921173730815134                                -0.12377596198103001                               -0.5258808989417985                                
44  :
parent#1: -0.4776766193153375                                -0.345043090645962                                 0.10146980248249862                                -0.5921173730815134                                -0.12377596198103001                               -0.5258808989417985                                
parent#2: 0.04903569348496772                                -0.5551144915956269                                -0.08318931208403871                               -0.31346466160779063                               0.7116610795460026                                 0.27892894099123694                                
son     : -0.287618633662219                                 -0.604006939802734                                 0.012266233470112181                               -0.6076467546392551                                0.39447169897935674                                -0.16570509357769272                               
45  :
parent#1: -0.4776766193153375                                -0.345043090645962                                 0.10146980248249862                                -0.5921173730815134                                -0.12377596198103001                               -0.5258808989417985                                
parent#2: -0.3421741524732287                                0.12357659631713436                                0.5871220511618845                                 -0.5040255266265009                                0.5152318057062633                                 -0.05854764007970732                               
son     : -0.4821246228130729                                -0.13023644511681448                               0.4049359946154568                                 -0.6446020425376205                                0.2302010408458499                                 -0.34368131205419494                               
46  :
parent#1: -0.4776766193153375                                -0.345043090645962                                 0.10146980248249862                                -0.5921173730815134                                -0.12377596198103001                               -0.5258808989417985                                
parent#2: -0.5306178322870726                                0.35010107929222384                                0.4682942658139714                                 0.29513520474084753                                -0.4890107119689661                                -0.2243616844412706                                
son     : -0.6552501740757988                                0.0032869842094929553                              0.3702668445116185                                 -0.1929968147631571                                -0.3982255125364858                                -0.4875526019007381                                
47  :
parent#1: -0.4776766193153375                                -0.345043090645962                                 0.10146980248249862                                -0.5921173730815134                                -0.12377596198103001                               -0.5258808989417985                                
parent#2: 0.4816275896179255                                 0.49882829240834187                                -0.4296071925710571                                -0.29023558287852025                               -0.17765288764989823                               -0.46780938173986847                               
son     : 0.0028020600101264564                              0.10906570563826569                                -0.23271768405653157                               -0.6257718340967984                                -0.21377577171258194                               -0.7047331629209103                                
48  :
parent#1: -0.4776766193153375                                -0.345043090645962                                 0.10146980248249862                                -0.5921173730815134                                -0.12377596198103001                               -0.5258808989417985                                
parent#2: -0.1726691346355141                                -0.2398144072179066                                0.24328555925350911                                -0.6641993359204489                                0.13152970900149497                                0.6285107274394535                                 
son     : -0.41357168201890687                               -0.3719260065334553                                0.21923884944587899                                -0.7989242819438243                                0.004930808231962594                               0.0652649618133661                                 
49  :
parent#1: 0.04903569348496772                                -0.5551144915956269                                -0.08318931208403871                               -0.31346466160779063                               0.7116610795460026                                 0.27892894099123694                                
parent#2: 0.46397277315517566                                -0.29535813919408443                               -0.5289493194549518                                -0.48254255556900205                               0.38138531023715094                                0.1985028464050217                                 
son     : 0.27750408164866947                                -0.4600501584707351                                -0.3311270277846293                                -0.4305879262287279                                0.5912667223267075                                 0.2582594212898594                                 
50  :
parent#1: 0.04903569348496772                                -0.5551144915956269                                -0.08318931208403871                               -0.31346466160779063                               0.7116610795460026                                 0.27892894099123694                                
parent#2: 0.18609178138933447                                0.25572679630503725                                0.13517161443963027                                -0.4933194634932949                                0.5317830519848108                                 -0.5962759275378287                                
son     : 0.1503591716505081                                 -0.19145225750547828                               0.03324161043642986                                -0.5159218114166767                                0.795156881222018                                  -0.20293685392759475                               
51  :
parent#1: 0.04903569348496772                                -0.5551144915956269                                -0.08318931208403871                               -0.31346466160779063                               0.7116610795460026                                 0.27892894099123694                                
parent#2: 7.947666652668812E-4                               -0.6218295008677601                                -0.02274557528876888                               -0.6604072831090612                                -0.40472928371952654                               0.11343062336807667                                
son     : 0.03093042403041144                                -0.7305446635889944                                -0.06575518219531014                               -0.6044951644154508                                0.19051661503237946                                0.24354275801251943                                
52  :
parent#1: 0.04903569348496772                                -0.5551144915956269                                -0.08318931208403871                               -0.31346466160779063                               0.7116610795460026                                 0.27892894099123694                                
parent#2: -0.0639877418325946                                0.5849509476258753                                 -0.31056907123490957                               -0.11272400071590796                               -0.2964314348061847                                -0.6758006465522123                                
son     : -0.01829800815562677                               0.03651323906153201                                -0.481873382282105                                 -0.521560888362993                                 0.5081494688393707                                 -0.4856834017825266                                
53  :
parent#1: 0.04903569348496772                                -0.5551144915956269                                -0.08318931208403871                               -0.31346466160779063                               0.7116610795460026                                 0.27892894099123694                                
parent#2: -0.4776766193153375                                -0.345043090645962                                 0.10146980248249862                                -0.5921173730815134                                -0.12377596198103001                               -0.5258808989417985                                
son     : -0.287618633662219                                 -0.604006939802734                                 0.012266233470112181                               -0.6076467546392551                                0.39447169897935674                                -0.16570509357769272                               
54  :
parent#1: 0.04903569348496772                                -0.5551144915956269                                -0.08318931208403871                               -0.31346466160779063                               0.7116610795460026                                 0.27892894099123694                                
parent#2: 0.04903569348496772                                -0.5551144915956269                                -0.08318931208403871                               -0.31346466160779063                               0.7116610795460026                                 0.27892894099123694                                
son     : 0.04903569348496772                                -0.5551144915956269                                -0.08318931208403871                               -0.31346466160779063                               0.7116610795460026                                 0.27892894099123694                                
55  :
parent#1: 0.04903569348496772                                -0.5551144915956269                                -0.08318931208403871                               -0.31346466160779063                               0.7116610795460026                                 0.27892894099123694                                
parent#2: -0.3421741524732287                                0.12357659631713436                                0.5871220511618845                                 -0.5040255266265009                                0.5152318057062633                                 -0.05854764007970732                               
son     : -0.1768261342290075                                -0.2603110422930684                                0.30398085079016884                                -0.49312406926926716                               0.7400827812256436                                 0.1329377715603874                                 
56  :
parent#1: 0.04903569348496772                                -0.5551144915956269                                -0.08318931208403871                               -0.31346466160779063                               0.7116610795460026                                 0.27892894099123694                                
parent#2: -0.5306178322870726                                0.35010107929222384                                0.4682942658139714                                 0.29513520474084753                                -0.4890107119689661                                -0.2243616844412706                                
son     : -0.6986466061976565                                -0.2974195120422256                                0.558684069186137                                  -0.026591129117432607                              0.32300600695716114                                0.07916246373459603                                
57  :
parent#1: 0.04903569348496772                                -0.5551144915956269                                -0.08318931208403871                               -0.31346466160779063                               0.7116610795460026                                 0.27892894099123694                                
parent#2: 0.4816275896179255                                 0.49882829240834187                                -0.4296071925710571                                -0.29023558287852025                               -0.17765288764989823                               -0.46780938173986847                               
son     : 0.4778953890107142                                 -0.050689233480143626                              -0.46180524049553456                               -0.5436697287547382                                0.48090768803315675                                -0.17009861918519134                               
58  :
parent#1: 0.04903569348496772                                -0.5551144915956269                                -0.08318931208403871                               -0.31346466160779063                               0.7116610795460026                                 0.27892894099123694                                
parent#2: -0.1726691346355141                                -0.2398144072179066                                0.24328555925350911                                -0.6641993359204489                                0.13152970900149497                                0.6285107274394535                                 
son     : -0.06951545907065068                               -0.44696521277168544                               0.0900174258186529                                 -0.5497118010511893                                0.47410145834773776                                0.5102267197518648                                 
59  :
parent#1: -0.3421741524732287                                0.12357659631713436                                0.5871220511618845                                 -0.5040255266265009                                0.5152318057062633                                 -0.05854764007970732                               
parent#2: 0.46397277315517566                                -0.29535813919408443                               -0.5289493194549518                                -0.48254255556900205                               0.38138531023715094                                0.1985028464050217                                 
son     : 0.08968021981101464                                -0.1264826024993197                                0.0428325323987693                                 -0.7264092316846552                                0.6601784124805085                                 0.10304889822787988                                
60  :
parent#1: -0.3421741524732287                                0.12357659631713436                                0.5871220511618845                                 -0.5040255266265009                                0.5152318057062633                                 -0.05854764007970732                               
parent#2: 0.18609178138933447                                0.25572679630503725                                0.13517161443963027                                -0.4933194634932949                                0.5317830519848108                                 -0.5962759275378287                                
son     : -0.08712113607851026                               0.2117173275508158                                 0.40316561244249866                                -0.5566921363255299                                0.584416569659215                                  -0.36550555162414283                               
61  :
parent#1: -0.3421741524732287                                0.12357659631713436                                0.5871220511618845                                 -0.5040255266265009                                0.5152318057062633                                 -0.05854764007970732                               
parent#2: 7.947666652668812E-4                               -0.6218295008677601                                -0.02274557528876888                               -0.6604072831090612                                -0.40472928371952654                               0.11343062336807667                                
son     : -0.23817172702484618                               -0.34761839673214595                               0.3937511330180659                                 -0.8123951967478313                                0.0770948030148114                                 0.03829046350625264                                
62  :
parent#1: -0.3421741524732287                                0.12357659631713436                                0.5871220511618845                                 -0.5040255266265009                                0.5152318057062633                                 -0.05854764007970732                               
parent#2: -0.0639877418325946                                0.5849509476258753                                 -0.31056907123490957                               -0.11272400071590796                               -0.2964314348061847                                -0.6758006465522123                                
son     : -0.3105106811951784                                0.5416691555747856                                 0.2114246939153354                                 -0.4715048815428719                                0.16727283668513016                                -0.5614091078295432                                
63  :
parent#1: -0.3421741524732287                                0.12357659631713436                                0.5871220511618845                                 -0.5040255266265009                                0.5152318057062633                                 -0.05854764007970732                               
parent#2: -0.4776766193153375                                -0.345043090645962                                 0.10146980248249862                                -0.5921173730815134                                -0.12377596198103001                               -0.5258808989417985                                
son     : -0.4821246228130729                                -0.13023644511681448                               0.4049359946154568                                 -0.6446020425376205                                0.2302010408458499                                 -0.34368131205419494                               
64  :
parent#1: -0.3421741524732287                                0.12357659631713436                                0.5871220511618845                                 -0.5040255266265009                                0.5152318057062633                                 -0.05854764007970732                               
parent#2: 0.04903569348496772                                -0.5551144915956269                                -0.08318931208403871                               -0.31346466160779063                               0.7116610795460026                                 0.27892894099123694                                
son     : -0.1768261342290075                                -0.2603110422930684                                0.30398085079016884                                -0.49312406926926716                               0.7400827812256436                                 0.1329377715603874                                 
65  :
parent#1: -0.3421741524732287                                0.12357659631713436                                0.5871220511618845                                 -0.5040255266265009                                0.5152318057062633                                 -0.05854764007970732                               
parent#2: -0.3421741524732287                                0.12357659631713436                                0.5871220511618845                                 -0.5040255266265009                                0.5152318057062633                                 -0.05854764007970732                               
son     : -0.3421741524732287                                0.12357659631713436                                0.5871220511618845                                 -0.5040255266265009                                0.5152318057062633                                 -0.05854764007970732                               
66  :
parent#1: -0.3421741524732287                                0.12357659631713436                                0.5871220511618845                                 -0.5040255266265009                                0.5152318057062633                                 -0.05854764007970732                               
parent#2: -0.5306178322870726                                0.35010107929222384                                0.4682942658139714                                 0.29513520474084753                                -0.4890107119689661                                -0.2243616844412706                                
son     : -0.585199933445708                                 0.3175970323758664                                 0.7076480641849702                                 -0.14005926337477642                               0.017581030277396634                               -0.1896884031609371                                
67  :
parent#1: -0.3421741524732287                                0.12357659631713436                                0.5871220511618845                                 -0.5040255266265009                                0.5152318057062633                                 -0.05854764007970732                               
parent#2: 0.4816275896179255                                 0.49882829240834187                                -0.4296071925710571                                -0.29023558287852025                               -0.17765288764989823                               -0.46780938173986847                               
son     : 0.11566994032247302                                0.5162550153610832                                 0.1306510234968178                                 -0.6588015112283                                   0.28000552804724954                                -0.43658791456686774                               
68  :
parent#1: -0.3421741524732287                                0.12357659631713436                                0.5871220511618845                                 -0.5040255266265009                                0.5152318057062633                                 -0.05854764007970732                               
parent#2: -0.1726691346355141                                -0.2398144072179066                                0.24328555925350911                                -0.6641993359204489                                0.13152970900149497                                0.6285107274394535                                 
son     : -0.29354703594242443                               -0.06627505050318504                               0.47347163450532426                                -0.6660841353117838                                0.36876255427216037                                0.32497456814603076                                
69  :
parent#1: -0.5306178322870726                                0.35010107929222384                                0.4682942658139714                                 0.29513520474084753                                -0.4890107119689661                                -0.2243616844412706                                
parent#2: 0.46397277315517566                                -0.29535813919408443                               -0.5289493194549518                                -0.48254255556900205                               0.38138531023715094                                0.1985028464050217                                 
son     : -0.2755650514375499                                0.2263519801840278                                 -0.2507974813773472                                -0.7748948975876679                                -0.44501122439578                                  -0.10692153516544385                               
70  :
parent#1: -0.5306178322870726                                0.35010107929222384                                0.4682942658139714                                 0.29513520474084753                                -0.4890107119689661                                -0.2243616844412706                                
parent#2: 0.18609178138933447                                0.25572679630503725                                0.13517161443963027                                -0.4933194634932949                                0.5317830519848108                                 -0.5962759275378287                                
son     : -0.2754490804239172                                0.4843602705618694                                 0.4824718518379987                                 -0.15844860406233993                               0.03419654825591268                                -0.6561009682487445                                
71  :
parent#1: -0.5306178322870726                                0.35010107929222384                                0.4682942658139714                                 0.29513520474084753                                -0.4890107119689661                                -0.2243616844412706                                
parent#2: 7.947666652668812E-4                               -0.6218295008677601                                -0.02274557528876888                               -0.6604072831090612                                -0.40472928371952654                               0.11343062336807667                                
son     : -0.4329505613889898                                -0.2220457739573931                                0.36408485814528607                                -0.2984859694691489                                -0.7303291569894251                                -0.09064849811842352                               
72  :
parent#1: -0.5306178322870726                                0.35010107929222384                                0.4682942658139714                                 0.29513520474084753                                -0.4890107119689661                                -0.2243616844412706                                
parent#2: -0.0639877418325946                                0.5849509476258753                                 -0.31056907123490957                               -0.11272400071590796                               -0.2964314348061847                                -0.6758006465522123                                
son     : -0.3609813878265938                                0.5676643359199894                                 0.09575399577890717                                0.1107407203195687                                 -0.4768370976342906                                -0.5464830160604129                                
73  :
parent#1: -0.5306178322870726                                0.35010107929222384                                0.4682942658139714                                 0.29513520474084753                                -0.4890107119689661                                -0.2243616844412706                                
parent#2: 0.04903569348496772                                -0.5551144915956269                                -0.08318931208403871                               -0.31346466160779063                               0.7116610795460026                                 0.27892894099123694                                
son     : -0.6986466061976565                                -0.2974195120422256                                0.558684069186137                                  -0.026591129117432607                              0.32300600695716114                                0.07916246373459603                                
74  :
parent#1: -0.5306178322870726                                0.35010107929222384                                0.4682942658139714                                 0.29513520474084753                                -0.4890107119689661                                -0.2243616844412706                                
parent#2: -0.3421741524732287                                0.12357659631713436                                0.5871220511618845                                 -0.5040255266265009                                0.5152318057062633                                 -0.05854764007970732                               
son     : -0.585199933445708                                 0.3175970323758664                                 0.7076480641849702                                 -0.14005926337477642                               0.017581030277396634                               -0.1896884031609371                                
75  :
parent#1: -0.5306178322870726                                0.35010107929222384                                0.4682942658139714                                 0.29513520474084753                                -0.4890107119689661                                -0.2243616844412706                                
parent#2: -0.5306178322870726                                0.35010107929222384                                0.4682942658139714                                 0.29513520474084753                                -0.4890107119689661                                -0.2243616844412706                                
son     : -0.5306178322870727                                0.3501010792922239                                 0.46829426581397143                                0.2951352047408476                                 -0.48901071196896617                               -0.22436168444127064                               
76  :
parent#1: -0.5306178322870726                                0.35010107929222384                                0.4682942658139714                                 0.29513520474084753                                -0.4890107119689661                                -0.2243616844412706                                
parent#2: 0.4816275896179255                                 0.49882829240834187                                -0.4296071925710571                                -0.29023558287852025                               -0.17765288764989823                               -0.46780938173986847                               
son     : -0.038160332584985246                              0.6612628433795866                                 0.03013480850992066                                0.0038164987479195347                              -0.5192892155192547                                -0.539157935378236                                 
77  :
parent#1: -0.5306178322870726                                0.35010107929222384                                0.4682942658139714                                 0.29513520474084753                                -0.4890107119689661                                -0.2243616844412706                                
parent#2: -0.1726691346355141                                -0.2398144072179066                                0.24328555925350911                                -0.6641993359204489                                0.13152970900149497                                0.6285107274394535                                 
son     : -0.585979088505878                                 0.09189091596456196                                0.5928887024833943                                 -0.307504437534446                                 -0.29785336872324497                               0.33673720540120006                                
78  :
parent#1: 0.4816275896179255                                 0.49882829240834187                                -0.4296071925710571                                -0.29023558287852025                               -0.17765288764989823                               -0.46780938173986847                               
parent#2: 0.46397277315517566                                -0.29535813919408443                               -0.5289493194549518                                -0.48254255556900205                               0.38138531023715094                                0.1985028464050217                                 
son     : 0.5903537631229953                                 0.12702974254470775                                -0.5984424988808861                                -0.4824580235500047                                0.1271934816012851                                 -0.1681324720543617                                
79  :
parent#1: 0.4816275896179255                                 0.49882829240834187                                -0.4296071925710571                                -0.29023558287852025                               -0.17765288764989823                               -0.46780938173986847                               
parent#2: 0.18609178138933447                                0.25572679630503725                                0.13517161443963027                                -0.4933194634932949                                0.5317830519848108                                 -0.5962759275378287                                
son     : 0.387219438030552                                  0.4375766378829695                                 -0.1707471492526344                                -0.4543941031161105                                0.20536484214405232                                -0.6170773731687889                                
80  :
parent#1: 0.4816275896179255                                 0.49882829240834187                                -0.4296071925710571                                -0.29023558287852025                               -0.17765288764989823                               -0.46780938173986847                               
parent#2: 7.947666652668812E-4                               -0.6218295008677601                                -0.02274557528876888                               -0.6604072831090612                                -0.40472928371952654                               0.11343062336807667                                
son     : 0.3575010851833867                                 -0.09115055496577534                               -0.3352178921423476                                -0.7044778331394377                                -0.43157672015889575                               -0.26261384663003984                               
81  :
parent#1: 0.4816275896179255                                 0.49882829240834187                                -0.4296071925710571                                -0.29023558287852025                               -0.17765288764989823                               -0.46780938173986847                               
parent#2: -0.0639877418325946                                0.5849509476258753                                 -0.31056907123490957                               -0.11272400071590796                               -0.2964314348061847                                -0.6758006465522123                                
son     : 0.2203654879353607                                 0.5718504647265202                                 -0.3905501460090876                                -0.2126195230840587                                -0.25014812067032133                               -0.6034198681680671                                
82  :
parent#1: 0.4816275896179255                                 0.49882829240834187                                -0.4296071925710571                                -0.29023558287852025                               -0.17765288764989823                               -0.46780938173986847                               
parent#2: -0.4776766193153375                                -0.345043090645962                                 0.10146980248249862                                -0.5921173730815134                                -0.12377596198103001                               -0.5258808989417985                                
son     : 0.0028020600101264564                              0.10906570563826569                                -0.23271768405653157                               -0.6257718340967984                                -0.21377577171258194                               -0.7047331629209103                                
83  :
parent#1: 0.4816275896179255                                 0.49882829240834187                                -0.4296071925710571                                -0.29023558287852025                               -0.17765288764989823                               -0.46780938173986847                               
parent#2: 0.04903569348496772                                -0.5551144915956269                                -0.08318931208403871                               -0.31346466160779063                               0.7116610795460026                                 0.27892894099123694                                
son     : 0.4778953890107142                                 -0.050689233480143626                              -0.46180524049553456                               -0.5436697287547382                                0.48090768803315675                                -0.17009861918519134                               
84  :
parent#1: 0.4816275896179255                                 0.49882829240834187                                -0.4296071925710571                                -0.29023558287852025                               -0.17765288764989823                               -0.46780938173986847                               
parent#2: -0.3421741524732287                                0.12357659631713436                                0.5871220511618845                                 -0.5040255266265009                                0.5152318057062633                                 -0.05854764007970732                               
son     : 0.11566994032247302                                0.5162550153610832                                 0.1306510234968178                                 -0.6588015112283                                   0.28000552804724954                                -0.43658791456686774                               
85  :
parent#1: 0.4816275896179255                                 0.49882829240834187                                -0.4296071925710571                                -0.29023558287852025                               -0.17765288764989823                               -0.46780938173986847                               
parent#2: -0.5306178322870726                                0.35010107929222384                                0.4682942658139714                                 0.29513520474084753                                -0.4890107119689661                                -0.2243616844412706                                
son     : -0.038160332584985246                              0.6612628433795866                                 0.03013480850992066                                0.0038164987479195347                              -0.5192892155192547                                -0.539157935378236                                 
86  :
parent#1: 0.4816275896179255                                 0.49882829240834187                                -0.4296071925710571                                -0.29023558287852025                               -0.17765288764989823                               -0.46780938173986847                               
parent#2: 0.4816275896179255                                 0.49882829240834187                                -0.4296071925710571                                -0.29023558287852025                               -0.17765288764989823                               -0.46780938173986847                               
son     : 0.4816275896179255                                 0.49882829240834187                                -0.4296071925710571                                -0.29023558287852025                               -0.17765288764989823                               -0.46780938173986847                               
87  :
parent#1: 0.4816275896179255                                 0.49882829240834187                                -0.4296071925710571                                -0.29023558287852025                               -0.17765288764989823                               -0.46780938173986847                               
parent#2: -0.1726691346355141                                -0.2398144072179066                                0.24328555925350911                                -0.6641993359204489                                0.13152970900149497                                0.6285107274394535                                 
son     : 0.2898550053010006                                 0.24299859691226244                                -0.17480103600344413                               -0.8954205136211095                                -0.04327130064264791                               0.15076489624562267                                
88  :
parent#1: -0.1726691346355141                                -0.2398144072179066                                0.24328555925350911                                -0.6641993359204489                                0.13152970900149497                                0.6285107274394535                                 
parent#2: 0.46397277315517566                                -0.29535813919408443                               -0.5289493194549518                                -0.48254255556900205                               0.38138531023715094                                0.1985028464050217                                 
son     : 0.1767938983556937                                 -0.32479937859318303                               -0.17337102290107637                               -0.6959644254169457                                0.31129115392173645                                0.5019194214533321                                 
89  :
parent#1: -0.1726691346355141                                -0.2398144072179066                                0.24328555925350911                                -0.6641993359204489                                0.13152970900149497                                0.6285107274394535                                 
parent#2: 0.18609178138933447                                0.25572679630503725                                0.13517161443963027                                -0.4933194634932949                                0.5317830519848108                                 -0.5962759275378287                                
son     : 0.009675538719826732                               0.011470236799136536                               0.2728058858303739                                 -0.8343822323616893                                0.4781402967675879                                 0.023236032378283915                               
90  :
parent#1: -0.1726691346355141                                -0.2398144072179066                                0.24328555925350911                                -0.6641993359204489                                0.13152970900149497                                0.6285107274394535                                 
parent#2: 7.947666652668812E-4                               -0.6218295008677601                                -0.02274557528876888                               -0.6604072831090612                                -0.40472928371952654                               0.11343062336807667                                
son     : -0.09607609038698631                               -0.4816505158521664                                0.12327969367141939                                -0.7404421424788004                                -0.1527158897761855                                0.4147379572873053                                 
91  :
parent#1: -0.1726691346355141                                -0.2398144072179066                                0.24328555925350911                                -0.6641993359204489                                0.13152970900149497                                0.6285107274394535                                 
parent#2: -0.0639877418325946                                0.5849509476258753                                 -0.31056907123490957                               -0.11272400071590796                               -0.2964314348061847                                -0.6758006465522123                                
son     : -0.2625162862048409                                0.38284948307300304                                -0.07463555655673665                               -0.8618174635087533                                -0.18292047665409675                               -0.052457271158489666                              
92  :
parent#1: -0.1726691346355141                                -0.2398144072179066                                0.24328555925350911                                -0.6641993359204489                                0.13152970900149497                                0.6285107274394535                                 
parent#2: -0.4776766193153375                                -0.345043090645962                                 0.10146980248249862                                -0.5921173730815134                                -0.12377596198103001                               -0.5258808989417985                                
son     : -0.41357168201890687                               -0.3719260065334553                                0.21923884944587899                                -0.7989242819438243                                0.004930808231962594                               0.0652649618133661                                 
93  :
parent#1: -0.1726691346355141                                -0.2398144072179066                                0.24328555925350911                                -0.6641993359204489                                0.13152970900149497                                0.6285107274394535                                 
parent#2: 0.04903569348496772                                -0.5551144915956269                                -0.08318931208403871                               -0.31346466160779063                               0.7116610795460026                                 0.27892894099123694                                
son     : -0.06951545907065068                               -0.44696521277168544                               0.0900174258186529                                 -0.5497118010511893                                0.47410145834773776                                0.5102267197518648                                 
94  :
parent#1: -0.1726691346355141                                -0.2398144072179066                                0.24328555925350911                                -0.6641993359204489                                0.13152970900149497                                0.6285107274394535                                 
parent#2: -0.3421741524732287                                0.12357659631713436                                0.5871220511618845                                 -0.5040255266265009                                0.5152318057062633                                 -0.05854764007970732                               
son     : -0.29354703594242443                               -0.06627505050318504                               0.47347163450532426                                -0.6660841353117838                                0.36876255427216037                                0.32497456814603076                                
95  :
parent#1: -0.1726691346355141                                -0.2398144072179066                                0.24328555925350911                                -0.6641993359204489                                0.13152970900149497                                0.6285107274394535                                 
parent#2: -0.5306178322870726                                0.35010107929222384                                0.4682942658139714                                 0.29513520474084753                                -0.4890107119689661                                -0.2243616844412706                                
son     : -0.585979088505878                                 0.09189091596456196                                0.5928887024833943                                 -0.307504437534446                                 -0.29785336872324497                               0.33673720540120006                                
96  :
parent#1: -0.1726691346355141                                -0.2398144072179066                                0.24328555925350911                                -0.6641993359204489                                0.13152970900149497                                0.6285107274394535                                 
parent#2: 0.4816275896179255                                 0.49882829240834187                                -0.4296071925710571                                -0.29023558287852025                               -0.17765288764989823                               -0.46780938173986847                               
son     : 0.2898550053010006                                 0.24299859691226244                                -0.17480103600344413                               -0.8954205136211095                                -0.04327130064264791                               0.15076489624562267                                
97  :
parent#1: -0.1726691346355141                                -0.2398144072179066                                0.24328555925350911                                -0.6641993359204489                                0.13152970900149497                                0.6285107274394535                                 
parent#2: -0.1726691346355141                                -0.2398144072179066                                0.24328555925350911                                -0.6641993359204489                                0.13152970900149497                                0.6285107274394535                                 
son     : -0.1726691346355141                                -0.2398144072179066                                0.24328555925350911                                -0.6641993359204489                                0.13152970900149497                                0.6285107274394535                                 

0   :
parent#1: 0.18609178138933447                                0.25572679630503725                                0.13517161443963027                                -0.4933194634932949                                0.5317830519848108                                 -0.5962759275378287                                
parent#2: 0.4816275896179255                                 0.49882829240834187                                -0.4296071925710571                                -0.29023558287852025                               -0.17765288764989823                               -0.46780938173986847                               
son:      0.387219438030552                                  0.4375766378829695                                 -0.1707471492526344                                -0.4543941031161105                                0.20536484214405232                                -0.6170773731687889                                
mutated:  0.387219438030552                                  0.4375766378829695                                 -0.1707471492526344                                -0.4543941031161105                                0.20536484214405232                                -0.6170773731687889                                
1   :
parent#1: -0.5306178322870726                                0.35010107929222384                                0.4682942658139714                                 0.29513520474084753                                -0.4890107119689661                                -0.2243616844412706                                
parent#2: -0.4776766193153375                                -0.345043090645962                                 0.10146980248249862                                -0.5921173730815134                                -0.12377596198103001                               -0.5258808989417985                                
son:      -0.6552501740757988                                0.0032869842094929553                              0.3702668445116185                                 -0.1929968147631571                                -0.3982255125364858                                -0.4875526019007381                                
mutated:  -0.6552501740757988                                0.0032869842094929553                              0.3702668445116185                                 -0.1929968147631571                                -0.3982255125364858                                -0.4875526019007381                                

