0   :
parent#1: -0.21277315511615508                               0.4774718557240536                                 -0.06485251024311009                               0.6463067750128703                                 0.01829717410385328                                -0.5518107731467271                                
parent#2: -0.21277315511615508                               0.4774718557240536                                 -0.06485251024311009                               0.6463067750128703                                 0.01829717410385328                                -0.5518107731467271                                
son     : -0.2127731551161551                                0.47747185572405365                                -0.0648525102431101                                0.6463067750128704                                 0.018297174103853283                               -0.5518107731467272                                
1   :
parent#1: -0.21277315511615508                               0.4774718557240536                                 -0.06485251024311009                               0.6463067750128703                                 0.01829717410385328                                -0.5518107731467271                                
parent#2: -0.3421741524732287                                0.12357659631713436                                0.5871220511618845                                 -0.5040255266265009                                0.5152318057062633                                 -0.05854764007970732                               
son     : -0.43608508050637484                               0.4723119817180055                                 0.41040645063568937                                0.11180652434668079                                0.41925426960559514                                -0.4796278748081355                                
2   :
parent#1: -0.21277315511615508                               0.4774718557240536                                 -0.06485251024311009                               0.6463067750128703                                 0.01829717410385328                                -0.5518107731467271                                
parent#2: 0.579928673469045                                  0.23071156114819755                                0.18942949758143685                                0.48280979816853553                                -0.2153851884937851                                0.5432083339355116                                 
son     : 0.26088719757159756                                0.5106401416688022                                 0.08851982193924349                                0.8023086778878697                                 -0.14004348887307225                               -0.006112576676396217                              
3   :
parent#1: -0.21277315511615508                               0.4774718557240536                                 -0.06485251024311009                               0.6463067750128703                                 0.01829717410385328                                -0.5518107731467271                                
parent#2: 0.15996211311586386                                0.71846026178756                                   0.1537226211062231                                 0.6506833832469361                                 -0.06809337107967343                               -0.08106021182564148                               
son     : -0.028123904649442616                              0.6368797048147081                                 0.04732674132969772                                0.6906969860955051                                 -0.026518384084243334                              -0.33702806387845136                               
4   :
parent#1: -0.21277315511615508                               0.4774718557240536                                 -0.06485251024311009                               0.6463067750128703                                 0.01829717410385328                                -0.5518107731467271                                
parent#2: 0.6908665279259526                                 0.07234460833012493                                0.5426600347526116                                 -0.29079772174101143                               -0.21669612491884965                               0.3024388523235498                                 
son     : 0.4812056174290831                                 0.5533956045090871                                 0.48091790834199283                                0.35782331069745343                                -0.1996904685440897                                -0.25099525731542277                               
5   :
parent#1: -0.21277315511615508                               0.4774718557240536                                 -0.06485251024311009                               0.6463067750128703                                 0.01829717410385328                                -0.5518107731467271                                
parent#2: -0.49034108013774                                  -0.32259605503881666                               0.5574071646948214                                 0.5457333144524783                                 0.15186069644444752                                -0.15462257765846132                               
son     : -0.4033045395410174                                0.08883636591264683                                0.2825280987814162                                 0.6837511677212089                                 0.09760212237202366                                -0.5221011283500162                                
6   :
parent#1: -0.21277315511615508                               0.4774718557240536                                 -0.06485251024311009                               0.6463067750128703                                 0.01829717410385328                                -0.5518107731467271                                
parent#2: 0.04993849713607218                                0.5669548658757171                                 0.26857884685129363                                -0.1582391697671452                                0.5085053286340128                                 -0.5659650391056736                                
son     : -0.09527284374477468                               0.6110830770560727                                 0.11504810549773387                                0.28556321650609495                                0.3082265971525541                                 -0.6539988576353158                                
7   :
parent#1: -0.21277315511615508                               0.4774718557240536                                 -0.06485251024311009                               0.6463067750128703                                 0.01829717410385328                                -0.5518107731467271                                
parent#2: 0.579928673469045                                  0.23071156114819755                                0.18942949758143685                                0.48280979816853553                                -0.2153851884937851                                0.5432083339355116                                 
son     : 0.23651639602106464                                0.6082768729126965                                 0.08025073463311852                                0.7273609389682179                                 -0.12696131348256362                               -0.1498197224188371                                
8   :
parent#1: -0.21277315511615508                               0.4774718557240536                                 -0.06485251024311009                               0.6463067750128703                                 0.01829717410385328                                -0.5518107731467271                                
parent#2: -0.4784082766987913                                0.49771090317190336                                -0.17319263828546855                               0.368651983756461                                  0.4298894084492257                                 0.41557730817408756                                
son     : -0.4046513013192745                                0.5709195216300602                                 -0.2863863008424492                                0.5942063308080382                                 0.2623902719546698                                 -0.07975771099587618                               
9   :
parent#1: -0.21277315511615508                               0.4774718557240536                                 -0.06485251024311009                               0.6463067750128703                                 0.01829717410385328                                -0.5518107731467271                                
parent#2: 0.6648783654390316                                 0.21141963074638148                                0.11820416604969229                                0.4408486913125903                                 -0.09489580285221137                               -0.5439793121100222                                
son     : 0.2580154799225154                                 0.39314890303800254                                0.030447676256076153                               0.6204373074887262                                 -0.043714674165776055                              -0.6253650661091442                                
10  :
parent#1: -0.3421741524732287                                0.12357659631713436                                0.5871220511618845                                 -0.5040255266265009                                0.5152318057062633                                 -0.05854764007970732                               
parent#2: -0.21277315511615508                               0.4774718557240536                                 -0.06485251024311009                               0.6463067750128703                                 0.01829717410385328                                -0.5518107731467271                                
son     : -0.43608508050637484                               0.4723119817180055                                 0.41040645063568937                                0.11180652434668079                                0.41925426960559514                                -0.4796278748081355                                
11  :
parent#1: -0.3421741524732287                                0.12357659631713436                                0.5871220511618845                                 -0.5040255266265009                                0.5152318057062633                                 -0.05854764007970732                               
parent#2: -0.3421741524732287                                0.12357659631713436                                0.5871220511618845                                 -0.5040255266265009                                0.5152318057062633                                 -0.05854764007970732                               
son     : -0.3421741524732287                                0.12357659631713436                                0.5871220511618845                                 -0.5040255266265009                                0.5152318057062633                                 -0.05854764007970732                               
12  :
parent#1: -0.3421741524732287                                0.12357659631713436                                0.5871220511618845                                 -0.5040255266265009                                0.5152318057062633                                 -0.05854764007970732                               
parent#2: 0.579928673469045                                  0.23071156114819755                                0.18942949758143685                                0.48280979816853553                                -0.2153851884937851                                0.5432083339355116                                 
son     : 0.2256326903379024                                 0.3362249003255249                                 0.7369593410680236                                 -0.020134052002036842                              0.28455904286068723                                0.4599504387874244                                 
13  :
parent#1: -0.3421741524732287                                0.12357659631713436                                0.5871220511618845                                 -0.5040255266265009                                0.5152318057062633                                 -0.05854764007970732                               
parent#2: 0.15996211311586386                                0.71846026178756                                   0.1537226211062231                                 0.6506833832469361                                 -0.06809337107967343                               -0.08106021182564148                               
son     : -0.1472130461549297                                0.6802997831180799                                 0.5985444283313243                                 0.11848805321422105                                0.3612528087961747                                 -0.11279220197862302                               
14  :
parent#1: -0.3421741524732287                                0.12357659631713436                                0.5871220511618845                                 -0.5040255266265009                                0.5152318057062633                                 -0.05854764007970732                               
parent#2: 0.6908665279259526                                 0.07234460833012493                                0.5426600347526116                                 -0.29079772174101143                               -0.21669612491884965                               0.3024388523235498                                 
son     : 0.23419957264708613                                0.13159066739361935                                0.7588192353273366                                 -0.5338438067536072                                0.20051177995946345                                0.16380976958766905                                
15  :
parent#1: -0.3421741524732287                                0.12357659631713436                                0.5871220511618845                                 -0.5040255266265009                                0.5152318057062633                                 -0.05854764007970732                               
parent#2: -0.49034108013774                                  -0.32259605503881666                               0.5574071646948214                                 0.5457333144524783                                 0.15186069644444752                                -0.15462257765846132                               
son     : -0.5228988493793131                                -0.1250031733873289                                0.7188733450264004                                 0.0261964627313328                                 0.4189976208725742                                 -0.13389119767531493                               
16  :
parent#1: -0.3421741524732287                                0.12357659631713436                                0.5871220511618845                                 -0.5040255266265009                                0.5152318057062633                                 -0.05854764007970732                               
parent#2: 0.04993849713607218                                0.5669548658757171                                 0.26857884685129363                                -0.1582391697671452                                0.5085053286340128                                 -0.5659650391056736                                
son     : -0.16410722575604067                               0.3877733619704646                                 0.48052555492546944                                -0.3718999377948571                                0.5748876222040554                                 -0.35069999624906933                               
17  :
parent#1: -0.3421741524732287                                0.12357659631713436                                0.5871220511618845                                 -0.5040255266265009                                0.5152318057062633                                 -0.05854764007970732                               
parent#2: 0.579928673469045                                  0.23071156114819755                                0.18942949758143685                                0.48280979816853553                                -0.2153851884937851                                0.5432083339355116                                 
son     : 0.2256326903379024                                 0.3362249003255249                                 0.7369593410680236                                 -0.020134052002036842                              0.28455904286068723                                0.4599504387874244                                 
18  :
parent#1: -0.3421741524732287                                0.12357659631713436                                0.5871220511618845                                 -0.5040255266265009                                0.5152318057062633                                 -0.05854764007970732                               
parent#2: -0.4784082766987913                                0.49771090317190336                                -0.17319263828546855                               0.368651983756461                                  0.4298894084492257                                 0.41557730817408756                                
son     : -0.5446706974456693                                0.41238647530196065                                0.27475024322926533                                -0.0898556919932036                                0.6273346986044882                                 0.23698240593084427                                
19  :
parent#1: -0.3421741524732287                                0.12357659631713436                                0.5871220511618845                                 -0.5040255266265009                                0.5152318057062633                                 -0.05854764007970732                               
parent#2: 0.6648783654390316                                 0.21141963074638148                                0.11820416604969229                                0.4408486913125903                                 -0.09489580285221137                               -0.5439793121100222                                
son     : 0.2877667631019613                                 0.29872798693103286                                0.6289643404173193                                 -0.05633701907460471                               0.3748284840934052                                 -0.5372945990379822                                
20  :
parent#1: 0.579928673469045                                  0.23071156114819755                                0.18942949758143685                                0.48280979816853553                                -0.2153851884937851                                0.5432083339355116                                 
parent#2: -0.21277315511615508                               0.4774718557240536                                 -0.06485251024311009                               0.6463067750128703                                 0.01829717410385328                                -0.5518107731467271                                
son     : 0.26187554598947066                                0.5051154338796007                                 0.08885517157225892                                0.8053481544118901                                 -0.14057403142920186                               -0.006135733640568773                              
21  :
parent#1: 0.579928673469045                                  0.23071156114819755                                0.18942949758143685                                0.48280979816853553                                -0.2153851884937851                                0.5432083339355116                                 
parent#2: -0.3421741524732287                                0.12357659631713436                                0.5871220511618845                                 -0.5040255266265009                                0.5152318057062633                                 -0.05854764007970732                               
son     : 0.2256326903379024                                 0.3362249003255249                                 0.7369593410680236                                 -0.020134052002036842                              0.28455904286068723                                0.4599504387874244                                 
22  :
parent#1: 0.579928673469045                                  0.23071156114819755                                0.18942949758143685                                0.48280979816853553                                -0.2153851884937851                                0.5432083339355116                                 
parent#2: 0.579928673469045                                  0.23071156114819755                                0.18942949758143685                                0.48280979816853553                                -0.2153851884937851                                0.5432083339355116                                 
son     : 0.579928673469045                                  0.23071156114819755                                0.18942949758143685                                0.48280979816853553                                -0.2153851884937851                                0.5432083339355116                                 
23  :
parent#1: 0.579928673469045                                  0.23071156114819755                                0.18942949758143685                                0.48280979816853553                                -0.2153851884937851                                0.5432083339355116                                 
parent#2: 0.15996211311586386                                0.71846026178756                                   0.1537226211062231                                 0.6506833832469361                                 -0.06809337107967343                               -0.08106021182564148                               
son     : 0.41722132706410775                                0.5352340301532718                                 0.19350204778809696                                0.6391720750451717                                 -0.1598523768154629                                0.26060339755932044                                
24  :
parent#1: 0.579928673469045                                  0.23071156114819755                                0.18942949758143685                                0.48280979816853553                                -0.2153851884937851                                0.5432083339355116                                 
parent#2: 0.6908665279259526                                 0.07234460833012493                                0.5426600347526116                                 -0.29079772174101143                               -0.21669612491884965                               0.3024388523235498                                 
son     : 0.712469676065192                                  0.16990804707222454                                0.4104450436861797                                 0.10765132079720606                                -0.2422458261276012                                0.4741109945946056                                 
25  :
parent#1: 0.579928673469045                                  0.23071156114819755                                0.18942949758143685                                0.48280979816853553                                -0.2153851884937851                                0.5432083339355116                                 
parent#2: 0.04993849713607218                                0.5669548658757171                                 0.26857884685129363                                -0.1582391697671452                                0.5085053286340128                                 -0.5659650391056736                                
son     : 0.5258836940345715                                 0.6659813161046281                                 0.3823966882375341                                 0.27098793047884356                                0.24472953868159883                                -0.01899984748759538                               
26  :
parent#1: 0.579928673469045                                  0.23071156114819755                                0.18942949758143685                                0.48280979816853553                                -0.2153851884937851                                0.5432083339355116                                 
parent#2: 0.579928673469045                                  0.23071156114819755                                0.18942949758143685                                0.48280979816853553                                -0.2153851884937851                                0.5432083339355116                                 
son     : 0.579928673469045                                  0.23071156114819755                                0.18942949758143685                                0.48280979816853553                                -0.2153851884937851                                0.5432083339355116                                 
27  :
parent#1: 0.579928673469045                                  0.23071156114819755                                0.18942949758143685                                0.48280979816853553                                -0.2153851884937851                                0.5432083339355116                                 
parent#2: -0.4784082766987913                                0.49771090317190336                                -0.17319263828546855                               0.368651983756461                                  0.4298894084492257                                 0.41557730817408756                                
son     : 0.06796117057816774                                0.48763051490686166                                0.010869500113994216                               0.5699971753769848                                 0.14359634463524848                                0.6418433796980693                                 
28  :
parent#1: 0.579928673469045                                  0.23071156114819755                                0.18942949758143685                                0.48280979816853553                                -0.2153851884937851                                0.5432083339355116                                 
parent#2: 0.6648783654390316                                 0.21141963074638148                                0.11820416604969229                                0.4408486913125903                                 -0.09489580285221137                               -0.5439793121100222                                
son     : 0.7453689931382784                                 0.2647405349077763                                 0.18420573386001504                                0.5530707786743244                                 -0.18579090805301174                               -4.616484384363713E-4                              
29  :
parent#1: 0.15996211311586386                                0.71846026178756                                   0.1537226211062231                                 0.6506833832469361                                 -0.06809337107967343                               -0.08106021182564148                               
parent#2: -0.21277315511615508                               0.4774718557240536                                 -0.06485251024311009                               0.6463067750128703                                 0.01829717410385328                                -0.5518107731467271                                
son     : -0.028123904649442616                              0.6368797048147081                                 0.04732674132969772                                0.6906969860955051                                 -0.026518384084243334                              -0.33702806387845136                               
30  :
parent#1: 0.15996211311586386                                0.71846026178756                                   0.1537226211062231                                 0.6506833832469361                                 -0.06809337107967343                               -0.08106021182564148                               
parent#2: -0.3421741524732287                                0.12357659631713436                                0.5871220511618845                                 -0.5040255266265009                                0.5152318057062633                                 -0.05854764007970732                               
son     : -0.1472130461549297                                0.6802997831180799                                 0.5985444283313243                                 0.11848805321422105                                0.3612528087961747                                 -0.11279220197862302                               
31  :
parent#1: 0.15996211311586386                                0.71846026178756                                   0.1537226211062231                                 0.6506833832469361                                 -0.06809337107967343                               -0.08106021182564148                               
parent#2: 0.579928673469045                                  0.23071156114819755                                0.18942949758143685                                0.48280979816853553                                -0.2153851884937851                                0.5432083339355116                                 
son     : 0.41722132706410775                                0.5352340301532718                                 0.19350204778809696                                0.6391720750451717                                 -0.1598523768154629                                0.26060339755932044                                
32  :
parent#1: 0.15996211311586386                                0.71846026178756                                   0.1537226211062231                                 0.6506833832469361                                 -0.06809337107967343                               -0.08106021182564148                               
parent#2: 0.15996211311586386                                0.71846026178756                                   0.1537226211062231                                 0.6506833832469361                                 -0.06809337107967343                               -0.08106021182564148                               
son     : 0.15996211311586386                                0.71846026178756                                   0.1537226211062231                                 0.6506833832469361                                 -0.06809337107967343                               -0.08106021182564148                               
33  :
parent#1: 0.15996211311586386                                0.71846026178756                                   0.1537226211062231                                 0.6506833832469361                                 -0.06809337107967343                               -0.08106021182564148                               
parent#2: 0.6908665279259526                                 0.07234460833012493                                0.5426600347526116                                 -0.29079772174101143                               -0.21669612491884965                               0.3024388523235498                                 
son     : 0.5879875047176321                                 0.5465064995105114                                 0.48125354553849503                                0.24870844948686077                                -0.1968112696781369                                0.15298953061189832                                
34  :
parent#1: 0.15996211311586386                                0.71846026178756                                   0.1537226211062231                                 0.6506833832469361                                 -0.06809337107967343                               -0.08106021182564148                               
parent#2: -0.49034108013774                                  -0.32259605503881666                               0.5574071646948214                                 0.5457333144524783                                 0.15186069644444752                                -0.15462257765846132                               
son     : -0.21949592910898738                               0.2630027651111161                                 0.4724577186571925                                 0.7948708025521815                                 0.055653018942632804                               -0.15658204067629283                               
35  :
parent#1: 0.15996211311586386                                0.71846026178756                                   0.1537226211062231                                 0.6506833832469361                                 -0.06809337107967343                               -0.08106021182564148                               
parent#2: 0.04993849713607218                                0.5669548658757171                                 0.26857884685129363                                -0.1582391697671452                                0.5085053286340128                                 -0.5659650391056736                                
son     : 0.1270424096715946                                 0.777997906012076                                  0.25559809489253155                                0.2980520134468201                                 0.266559474356608                                  -0.39161223446668975                               
36  :
parent#1: 0.15996211311586386                                0.71846026178756                                   0.1537226211062231                                 0.6506833832469361                                 -0.06809337107967343                               -0.08106021182564148                               
parent#2: 0.579928673469045                                  0.23071156114819755                                0.18942949758143685                                0.48280979816853553                                -0.2153851884937851                                0.5432083339355116                                 
son     : 0.41722132706410775                                0.5352340301532718                                 0.19350204778809696                                0.6391720750451717                                 -0.1598523768154629                                0.26060339755932044                                
37  :
parent#1: 0.15996211311586386                                0.71846026178756                                   0.1537226211062231                                 0.6506833832469361                                 -0.06809337107967343                               -0.08106021182564148                               
parent#2: -0.4784082766987913                                0.49771090317190336                                -0.17319263828546855                               0.368651983756461                                  0.4298894084492257                                 0.41557730817408756                                
son     : -0.1882122779004543                                0.7187976224881155                                 -0.011507427952142636                              0.6024611168482311                                 0.21383349562931273                                0.1977107338710053                                 
38  :
parent#1: 0.15996211311586386                                0.71846026178756                                   0.1537226211062231                                 0.6506833832469361                                 -0.06809337107967343                               -0.08106021182564148                               
parent#2: 0.6648783654390316                                 0.21141963074638148                                0.11820416604969229                                0.4408486913125903                                 -0.09489580285221137                               -0.5439793121100222                                
son     : 0.4591195178238575                                 0.5175861502847796                                 0.15135883682762993                                0.6075643627953841                                 -0.0907224037758418                                -0.3479070830192008                                
39  :
parent#1: 0.6908665279259526                                 0.07234460833012493                                0.5426600347526116                                 -0.29079772174101143                               -0.21669612491884965                               0.3024388523235498                                 
parent#2: -0.21277315511615508                               0.4774718557240536                                 -0.06485251024311009                               0.6463067750128703                                 0.01829717410385328                                -0.5518107731467271                                
son     : 0.4812056174290831                                 0.5533956045090871                                 0.48091790834199283                                0.35782331069745343                                -0.1996904685440897                                -0.25099525731542277                               
40  :
parent#1: 0.6908665279259526                                 0.07234460833012493                                0.5426600347526116                                 -0.29079772174101143                               -0.21669612491884965                               0.3024388523235498                                 
parent#2: -0.3421741524732287                                0.12357659631713436                                0.5871220511618845                                 -0.5040255266265009                                0.5152318057062633                                 -0.05854764007970732                               
son     : 0.23419957264708613                                0.13159066739361935                                0.7588192353273366                                 -0.5338438067536072                                0.20051177995946345                                0.16380976958766905                                
41  :
parent#1: 0.6908665279259526                                 0.07234460833012493                                0.5426600347526116                                 -0.29079772174101143                               -0.21669612491884965                               0.3024388523235498                                 
parent#2: 0.579928673469045                                  0.23071156114819755                                0.18942949758143685                                0.48280979816853553                                -0.2153851884937851                                0.5432083339355116                                 
son     : 0.712469676065192                                  0.16990804707222454                                0.4104450436861797                                 0.10765132079720606                                -0.2422458261276012                                0.4741109945946056                                 
42  :
parent#1: 0.6908665279259526                                 0.07234460833012493                                0.5426600347526116                                 -0.29079772174101143                               -0.21669612491884965                               0.3024388523235498                                 
parent#2: 0.15996211311586386                                0.71846026178756                                   0.1537226211062231                                 0.6506833832469361                                 -0.06809337107967343                               -0.08106021182564148                               
son     : 0.5879875047176321                                 0.5465064995105114                                 0.48125354553849503                                0.24870844948686077                                -0.1968112696781369                                0.15298953061189832                                
43  :
parent#1: 0.6908665279259526                                 0.07234460833012493                                0.5426600347526116                                 -0.29079772174101143                               -0.21669612491884965                               0.3024388523235498                                 
parent#2: 0.6908665279259526                                 0.07234460833012493                                0.5426600347526116                                 -0.29079772174101143                               -0.21669612491884965                               0.3024388523235498                                 
son     : 0.6908665279259526                                 0.07234460833012493                                0.5426600347526116                                 -0.29079772174101143                               -0.21669612491884965                               0.3024388523235498                                 
44  :
parent#1: 0.6908665279259526                                 0.07234460833012493                                0.5426600347526116                                 -0.29079772174101143                               -0.21669612491884965                               0.3024388523235498                                 
parent#2: -0.49034108013774                                  -0.32259605503881666                               0.5574071646948214                                 0.5457333144524783                                 0.15186069644444752                                -0.15462257765846132                               
son     : 0.16923156648272267                                -0.21119735578802165                               0.9283913710312339                                 0.21515049677051007                                -0.054717250330691296                              0.12474815535449348                                
45  :
parent#1: 0.6908665279259526                                 0.07234460833012493                                0.5426600347526116                                 -0.29079772174101143                               -0.21669612491884965                               0.3024388523235498                                 
parent#2: 0.04993849713607218                                0.5669548658757171                                 0.26857884685129363                                -0.1582391697671452                                0.5085053286340128                                 -0.5659650391056736                                
son     : 0.5275557850753357                                 0.455269773561099                                  0.5777144465675741                                 -0.31977646183965863                               0.2078085708790544                                 -0.1876671454059223                                
46  :
parent#1: 0.6908665279259526                                 0.07234460833012493                                0.5426600347526116                                 -0.29079772174101143                               -0.21669612491884965                               0.3024388523235498                                 
parent#2: 0.579928673469045                                  0.23071156114819755                                0.18942949758143685                                0.48280979816853553                                -0.2153851884937851                                0.5432083339355116                                 
son     : 0.712469676065192                                  0.16990804707222454                                0.4104450436861797                                 0.10765132079720606                                -0.2422458261276012                                0.4741109945946056                                 
47  :
parent#1: 0.6908665279259526                                 0.07234460833012493                                0.5426600347526116                                 -0.29079772174101143                               -0.21669612491884965                               0.3024388523235498                                 
parent#2: -0.4784082766987913                                0.49771090317190336                                -0.17319263828546855                               0.368651983756461                                  0.4298894084492257                                 0.41557730817408756                                
son     : 0.2050400192537773                                 0.5501513468127188                                 0.3565670038593501                                 0.07513588806474945                                0.20574938703183626                                0.6929457741584646                                 
48  :
parent#1: 0.6908665279259526                                 0.07234460833012493                                0.5426600347526116                                 -0.29079772174101143                               -0.21669612491884965                               0.3024388523235498                                 
parent#2: 0.6648783654390316                                 0.21141963074638148                                0.11820416604969229                                0.4408486913125903                                 -0.09489580285221137                               -0.5439793121100222                                
son     : 0.8518018297290432                                 0.17828641600641165                                0.4152147931375445                                 0.09427562003678427                                -0.19577029240761196                               -0.15175761059962362                               
49  :
parent#1: -0.49034108013774                                  -0.32259605503881666                               0.5574071646948214                                 0.5457333144524783                                 0.15186069644444752                                -0.15462257765846132                               
parent#2: -0.21277315511615508                               0.4774718557240536                                 -0.06485251024311009                               0.6463067750128703                                 0.01829717410385328                                -0.5518107731467271                                
son     : -0.42711718735541176                               0.09408160589183477                                0.2992096420182189                                 0.7241224607598535                                 0.10336492625374404                                -0.42913343340434024                               
50  :
parent#1: -0.49034108013774                                  -0.32259605503881666                               0.5574071646948214                                 0.5457333144524783                                 0.15186069644444752                                -0.15462257765846132                               
parent#2: -0.3421741524732287                                0.12357659631713436                                0.5871220511618845                                 -0.5040255266265009                                0.5152318057062633                                 -0.05854764007970732                               
son     : -0.5228988493793131                                -0.1250031733873289                                0.7188733450264004                                 0.0261964627313328                                 0.4189976208725742                                 -0.13389119767531493                               
51  :
parent#1: -0.49034108013774                                  -0.32259605503881666                               0.5574071646948214                                 0.5457333144524783                                 0.15186069644444752                                -0.15462257765846132                               
parent#2: 0.579928673469045                                  0.23071156114819755                                0.18942949758143685                                0.48280979816853553                                -0.2153851884937851                                0.5432083339355116                                 
son     : 0.06701392771218616                                -0.06873207106574997                               0.5586538965669806                                 0.7693778930208881                                 -0.04751802743941                                  0.2906725899515368                                 
52  :
parent#1: -0.49034108013774                                  -0.32259605503881666                               0.5574071646948214                                 0.5457333144524783                                 0.15186069644444752                                -0.15462257765846132                               
parent#2: 0.15996211311586386                                0.71846026178756                                   0.1537226211062231                                 0.6506833832469361                                 -0.06809337107967343                               -0.08106021182564148                               
son     : -0.21949592910898738                               0.2630027651111161                                 0.4724577186571925                                 0.7948708025521815                                 0.055653018942632804                               -0.15658204067629283                               
53  :
parent#1: -0.49034108013774                                  -0.32259605503881666                               0.5574071646948214                                 0.5457333144524783                                 0.15186069644444752                                -0.15462257765846132                               
parent#2: -0.49034108013774                                  -0.32259605503881666                               0.5574071646948214                                 0.5457333144524783                                 0.15186069644444752                                -0.15462257765846132                               
son     : -0.4903410801377401                                -0.3225960550388167                                0.5574071646948215                                 0.5457333144524784                                 0.15186069644444755                                -0.15462257765846135                               
54  :
parent#1: -0.49034108013774                                  -0.32259605503881666                               0.5574071646948214                                 0.5457333144524783                                 0.15186069644444752                                -0.15462257765846132                               
parent#2: 0.04993849713607218                                0.5669548658757171                                 0.26857884685129363                                -0.1582391697671452                                0.5085053286340128                                 -0.5659650391056736                                
son     : -0.30823772816077766                               0.17102670968700961                                0.5781075350563786                                 0.2712071169504436                                 0.4621901214507111                                 -0.504339208045301                                 
55  :
parent#1: -0.49034108013774                                  -0.32259605503881666                               0.5574071646948214                                 0.5457333144524783                                 0.15186069644444752                                -0.15462257765846132                               
parent#2: 0.579928673469045                                  0.23071156114819755                                0.18942949758143685                                0.48280979816853553                                -0.2153851884937851                                0.5432083339355116                                 
son     : 0.06701392771218616                                -0.06873207106574997                               0.5586538965669806                                 0.7693778930208881                                 -0.04751802743941                                  0.2906725899515368                                 
56  :
parent#1: -0.49034108013774                                  -0.32259605503881666                               0.5574071646948214                                 0.5457333144524783                                 0.15186069644444752                                -0.15462257765846132                               
parent#2: -0.4784082766987913                                0.49771090317190336                                -0.17319263828546855                               0.368651983756461                                  0.4298894084492257                                 0.41557730817408756                                
son     : -0.6306833168249825                                0.11400473452341545                                0.25013455769352283                                0.5952907722319406                                 0.37873582380043297                                0.1698889334184468                                 
57  :
parent#1: -0.49034108013774                                  -0.32259605503881666                               0.5574071646948214                                 0.5457333144524783                                 0.15186069644444752                                -0.15462257765846132                               
parent#2: 0.6648783654390316                                 0.21141963074638148                                0.11820416604969229                                0.4408486913125903                                 -0.09489580285221137                               -0.5439793121100222                                
son     : 0.12454539401970875                                -0.07933268553651097                               0.4820991643504873                                 0.703999975871378                                  0.040648707841930296                               -0.49850464600691874                               
58  :
parent#1: 0.04993849713607218                                0.5669548658757171                                 0.26857884685129363                                -0.1582391697671452                                0.5085053286340128                                 -0.5659650391056736                                
parent#2: -0.21277315511615508                               0.4774718557240536                                 -0.06485251024311009                               0.6463067750128703                                 0.01829717410385328                                -0.5518107731467271                                
son     : -0.09522656875061228                               0.6107862677585643                                 0.1191402385707255                                 0.28542451553258125                                0.30807688834337715                                -0.6536812037044605                                
59  :
parent#1: 0.04993849713607218                                0.5669548658757171                                 0.26857884685129363                                -0.1582391697671452                                0.5085053286340128                                 -0.5659650391056736                                
parent#2: -0.3421741524732287                                0.12357659631713436                                0.5871220511618845                                 -0.5040255266265009                                0.5152318057062633                                 -0.05854764007970732                               
son     : -0.16410722575604067                               0.3877733619704646                                 0.48052555492546944                                -0.3718999377948571                                0.5748876222040554                                 -0.35069999624906933                               
60  :
parent#1: 0.04993849713607218                                0.5669548658757171                                 0.26857884685129363                                -0.1582391697671452                                0.5085053286340128                                 -0.5659650391056736                                
parent#2: 0.579928673469045                                  0.23071156114819755                                0.18942949758143685                                0.48280979816853553                                -0.2153851884937851                                0.5432083339355116                                 
son     : 0.5258836940345715                                 0.6659813161046281                                 0.3823966882375341                                 0.27098793047884356                                0.24472953868159883                                -0.01899984748759538                               
61  :
parent#1: 0.04993849713607218                                0.5669548658757171                                 0.26857884685129363                                -0.1582391697671452                                0.5085053286340128                                 -0.5659650391056736                                
parent#2: 0.15996211311586386                                0.71846026178756                                   0.1537226211062231                                 0.6506833832469361                                 -0.06809337107967343                               -0.08106021182564148                               
son     : 0.1270424096715946                                 0.777997906012076                                  0.25559809489253155                                0.2980520134468201                                 0.266559474356608                                  -0.39161223446668975                               
62  :
parent#1: 0.04993849713607218                                0.5669548658757171                                 0.26857884685129363                                -0.1582391697671452                                0.5085053286340128                                 -0.5659650391056736                                
parent#2: 0.6908665279259526                                 0.07234460833012493                                0.5426600347526116                                 -0.29079772174101143                               -0.21669612491884965                               0.3024388523235498                                 
son     : 0.5275557850753357                                 0.455269773561099                                  0.5777144465675741                                 -0.31977646183965863                               0.2078085708790544                                 -0.1876671454059223                                
63  :
parent#1: 0.04993849713607218                                0.5669548658757171                                 0.26857884685129363                                -0.1582391697671452                                0.5085053286340128                                 -0.5659650391056736                                
parent#2: -0.49034108013774                                  -0.32259605503881666                               0.5574071646948214                                 0.5457333144524783                                 0.15186069644444752                                -0.15462257765846132                               
son     : -0.30823772816077766                               0.17102670968700961                                0.5781075350563786                                 0.2712071169504436                                 0.4621901214507111                                 -0.504339208045301                                 
64  :
parent#1: 0.04993849713607218                                0.5669548658757171                                 0.26857884685129363                                -0.1582391697671452                                0.5085053286340128                                 -0.5659650391056736                                
parent#2: 0.04993849713607218                                0.5669548658757171                                 0.26857884685129363                                -0.1582391697671452                                0.5085053286340128                                 -0.5659650391056736                                
son     : 0.04993849713607218                                0.5669548658757171                                 0.26857884685129363                                -0.1582391697671452                                0.5085053286340128                                 -0.5659650391056736                                
65  :
parent#1: 0.04993849713607218                                0.5669548658757171                                 0.26857884685129363                                -0.1582391697671452                                0.5085053286340128                                 -0.5659650391056736                                
parent#2: -0.4784082766987913                                0.49771090317190336                                -0.17319263828546855                               0.368651983756461                                  0.4298894084492257                                 0.41557730817408756                                
son     : -0.28415559673309354                               0.7060725198257309                                 0.0632588955113503                                 0.13954304730766068                                0.6223312102879591                                 -0.09973519128423257                               
66  :
parent#1: 0.04993849713607218                                0.5669548658757171                                 0.26857884685129363                                -0.1582391697671452                                0.5085053286340128                                 -0.5659650391056736                                
parent#2: 0.6648783654390316                                 0.21141963074638148                                0.11820416604969229                                0.4408486913125903                                 -0.09489580285221137                               -0.5439793121100222                                
son     : 0.4311018520096513                                 0.46943308785697624                                0.23326656367171067                                0.17044014280091518                                0.2494454760496559                                 -0.6694009199964317                                
67  :
parent#1: 0.579928673469045                                  0.23071156114819755                                0.18942949758143685                                0.48280979816853553                                -0.2153851884937851                                0.5432083339355116                                 
parent#2: -0.3421741524732287                                0.12357659631713436                                0.5871220511618845                                 -0.5040255266265009                                0.5152318057062633                                 -0.05854764007970732                               
son     : 0.2256326903379024                                 0.3362249003255249                                 0.7369593410680236                                 -0.020134052002036842                              0.28455904286068723                                0.4599504387874244                                 
68  :
parent#1: 0.579928673469045                                  0.23071156114819755                                0.18942949758143685                                0.48280979816853553                                -0.2153851884937851                                0.5432083339355116                                 
parent#2: 0.579928673469045                                  0.23071156114819755                                0.18942949758143685                                0.48280979816853553                                -0.2153851884937851                                0.5432083339355116                                 
son     : 0.579928673469045                                  0.23071156114819755                                0.18942949758143685                                0.48280979816853553                                -0.2153851884937851                                0.5432083339355116                                 
69  :
parent#1: 0.579928673469045                                  0.23071156114819755                                0.18942949758143685                                0.48280979816853553                                -0.2153851884937851                                0.5432083339355116                                 
parent#2: 0.15996211311586386                                0.71846026178756                                   0.1537226211062231                                 0.6506833832469361                                 -0.06809337107967343                               -0.08106021182564148                               
son     : 0.41722132706410775                                0.5352340301532718                                 0.19350204778809696                                0.6391720750451717                                 -0.1598523768154629                                0.26060339755932044                                
70  :
parent#1: 0.579928673469045                                  0.23071156114819755                                0.18942949758143685                                0.48280979816853553                                -0.2153851884937851                                0.5432083339355116                                 
parent#2: 0.6908665279259526                                 0.07234460833012493                                0.5426600347526116                                 -0.29079772174101143                               -0.21669612491884965                               0.3024388523235498                                 
son     : 0.712469676065192                                  0.16990804707222454                                0.4104450436861797                                 0.10765132079720606                                -0.2422458261276012                                0.4741109945946056                                 
71  :
parent#1: 0.579928673469045                                  0.23071156114819755                                0.18942949758143685                                0.48280979816853553                                -0.2153851884937851                                0.5432083339355116                                 
parent#2: -0.49034108013774                                  -0.32259605503881666                               0.5574071646948214                                 0.5457333144524783                                 0.15186069644444752                                -0.15462257765846132                               
son     : 0.06701392771218616                                -0.06873207106574997                               0.5586538965669806                                 0.7693778930208881                                 -0.04751802743941                                  0.2906725899515368                                 
72  :
parent#1: 0.579928673469045                                  0.23071156114819755                                0.18942949758143685                                0.48280979816853553                                -0.2153851884937851                                0.5432083339355116                                 
parent#2: 0.04993849713607218                                0.5669548658757171                                 0.26857884685129363                                -0.1582391697671452                                0.5085053286340128                                 -0.5659650391056736                                
son     : 0.5258836940345715                                 0.6659813161046281                                 0.3823966882375341                                 0.27098793047884356                                0.24472953868159883                                -0.01899984748759538                               
73  :
parent#1: 0.579928673469045                                  0.23071156114819755                                0.18942949758143685                                0.48280979816853553                                -0.2153851884937851                                0.5432083339355116                                 
parent#2: 0.579928673469045                                  0.23071156114819755                                0.18942949758143685                                0.48280979816853553                                -0.2153851884937851                                0.5432083339355116                                 
son     : 0.579928673469045                                  0.23071156114819755                                0.18942949758143685                                0.48280979816853553                                -0.2153851884937851                                0.5432083339355116                                 
74  :
parent#1: 0.579928673469045                                  0.23071156114819755                                0.18942949758143685                                0.48280979816853553                                -0.2153851884937851                                0.5432083339355116                                 
parent#2: 0.6648783654390316                                 0.21141963074638148                                0.11820416604969229                                0.4408486913125903                                 -0.09489580285221137                               -0.5439793121100222                                
son     : 0.7453689931382784                                 0.2647405349077763                                 0.18420573386001504                                0.5530707786743244                                 -0.18579090805301174                               -4.616484384363713E-4                              
75  :
parent#1: -0.4784082766987913                                0.49771090317190336                                -0.17319263828546855                               0.368651983756461                                  0.4298894084492257                                 0.41557730817408756                                
parent#2: -0.21277315511615508                               0.4774718557240536                                 -0.06485251024311009                               0.6463067750128703                                 0.01829717410385328                                -0.5518107731467271                                
son     : -0.417943243830401                                 0.5896730247949965                                 -0.14394102181373494                               0.6137247565812847                                 0.271009239443294                                  -0.08237758372560644                               
76  :
parent#1: -0.4784082766987913                                0.49771090317190336                                -0.17319263828546855                               0.368651983756461                                  0.4298894084492257                                 0.41557730817408756                                
parent#2: -0.3421741524732287                                0.12357659631713436                                0.5871220511618845                                 -0.5040255266265009                                0.5152318057062633                                 -0.05854764007970732                               
son     : -0.5446706974456693                                0.41238647530196065                                0.27475024322926533                                -0.0898556919932036                                0.6273346986044882                                 0.23698240593084427                                
77  :
parent#1: -0.4784082766987913                                0.49771090317190336                                -0.17319263828546855                               0.368651983756461                                  0.4298894084492257                                 0.41557730817408756                                
parent#2: 0.579928673469045                                  0.23071156114819755                                0.18942949758143685                                0.48280979816853553                                -0.2153851884937851                                0.5432083339355116                                 
son     : 0.06796117057816774                                0.48763051490686166                                0.010869500113994216                               0.5699971753769848                                 0.14359634463524848                                0.6418433796980693                                 
78  :
parent#1: -0.4784082766987913                                0.49771090317190336                                -0.17319263828546855                               0.368651983756461                                  0.4298894084492257                                 0.41557730817408756                                
parent#2: 0.15996211311586386                                0.71846026178756                                   0.1537226211062231                                 0.6506833832469361                                 -0.06809337107967343                               -0.08106021182564148                               
son     : -0.1882122779004543                                0.7187976224881155                                 -0.011507427952142636                              0.6024611168482311                                 0.21383349562931273                                0.1977107338710053                                 
79  :
parent#1: -0.4784082766987913                                0.49771090317190336                                -0.17319263828546855                               0.368651983756461                                  0.4298894084492257                                 0.41557730817408756                                
parent#2: 0.6908665279259526                                 0.07234460833012493                                0.5426600347526116                                 -0.29079772174101143                               -0.21669612491884965                               0.3024388523235498                                 
son     : 0.2050400192537773                                 0.5501513468127188                                 0.3565670038593501                                 0.07513588806474945                                0.20574938703183626                                0.6929457741584646                                 
80  :
parent#1: -0.4784082766987913                                0.49771090317190336                                -0.17319263828546855                               0.368651983756461                                  0.4298894084492257                                 0.41557730817408756                                
parent#2: 0.04993849713607218                                0.5669548658757171                                 0.26857884685129363                                -0.1582391697671452                                0.5085053286340128                                 -0.5659650391056736                                
son     : -0.28415559673309354                               0.7060725198257309                                 0.0632588955113503                                 0.13954304730766068                                0.6223312102879591                                 -0.09973519128423257                               
81  :
parent#1: -0.4784082766987913                                0.49771090317190336                                -0.17319263828546855                               0.368651983756461                                  0.4298894084492257                                 0.41557730817408756                                
parent#2: 0.579928673469045                                  0.23071156114819755                                0.18942949758143685                                0.48280979816853553                                -0.2153851884937851                                0.5432083339355116                                 
son     : 0.06796117057816774                                0.48763051490686166                                0.010869500113994216                               0.5699971753769848                                 0.14359634463524848                                0.6418433796980693                                 
82  :
parent#1: -0.4784082766987913                                0.49771090317190336                                -0.17319263828546855                               0.368651983756461                                  0.4298894084492257                                 0.41557730817408756                                
parent#2: -0.4784082766987913                                0.49771090317190336                                -0.17319263828546855                               0.368651983756461                                  0.4298894084492257                                 0.41557730817408756                                
son     : -0.4784082766987913                                0.49771090317190336                                -0.17319263828546855                               0.368651983756461                                  0.4298894084492257                                 0.41557730817408756                                
83  :
parent#1: -0.4784082766987913                                0.49771090317190336                                -0.17319263828546855                               0.368651983756461                                  0.4298894084492257                                 0.41557730817408756                                
parent#2: 0.6648783654390316                                 0.21141963074638148                                0.11820416604969229                                0.4408486913125903                                 -0.09489580285221137                               -0.5439793121100222                                
son     : 0.162015645057893                                  0.6161322797623879                                 -0.047777060976454455                              0.7033394735431885                                 0.2910611855645956                                 -0.111562844394771                                 
84  :
parent#1: 0.6648783654390316                                 0.21141963074638148                                0.11820416604969229                                0.4408486913125903                                 -0.09489580285221137                               -0.5439793121100222                                
parent#2: -0.21277315511615508                               0.4774718557240536                                 -0.06485251024311009                               0.6463067750128703                                 0.01829717410385328                                -0.5518107731467271                                
son     : 0.2580154799225154                                 0.39314890303800254                                0.030447676256076153                               0.6204373074887262                                 -0.043714674165776055                              -0.6253650661091442                                
85  :
parent#1: 0.6648783654390316                                 0.21141963074638148                                0.11820416604969229                                0.4408486913125903                                 -0.09489580285221137                               -0.5439793121100222                                
parent#2: -0.3421741524732287                                0.12357659631713436                                0.5871220511618845                                 -0.5040255266265009                                0.5152318057062633                                 -0.05854764007970732                               
son     : 0.2877667631019613                                 0.29872798693103286                                0.6289643404173193                                 -0.05633701907460471                               0.3748284840934052                                 -0.5372945990379822                                
86  :
parent#1: 0.6648783654390316                                 0.21141963074638148                                0.11820416604969229                                0.4408486913125903                                 -0.09489580285221137                               -0.5439793121100222                                
parent#2: 0.579928673469045                                  0.23071156114819755                                0.18942949758143685                                0.48280979816853553                                -0.2153851884937851                                0.5432083339355116                                 
son     : 0.7453689931382784                                 0.2647405349077763                                 0.18420573386001504                                0.5530707786743244                                 -0.18579090805301174                               -4.616484384363713E-4                              
87  :
parent#1: 0.6648783654390316                                 0.21141963074638148                                0.11820416604969229                                0.4408486913125903                                 -0.09489580285221137                               -0.5439793121100222                                
parent#2: 0.15996211311586386                                0.71846026178756                                   0.1537226211062231                                 0.6506833832469361                                 -0.06809337107967343                               -0.08106021182564148                               
son     : 0.4591195178238575                                 0.5175861502847796                                 0.15135883682762993                                0.6075643627953841                                 -0.0907224037758418                                -0.3479070830192008                                
88  :
parent#1: 0.6648783654390316                                 0.21141963074638148                                0.11820416604969229                                0.4408486913125903                                 -0.09489580285221137                               -0.5439793121100222                                
parent#2: 0.6908665279259526                                 0.07234460833012493                                0.5426600347526116                                 -0.29079772174101143                               -0.21669612491884965                               0.3024388523235498                                 
son     : 0.8518018297290432                                 0.17828641600641165                                0.4152147931375445                                 0.09427562003678427                                -0.19577029240761196                               -0.15175761059962362                               
89  :
parent#1: 0.6648783654390316                                 0.21141963074638148                                0.11820416604969229                                0.4408486913125903                                 -0.09489580285221137                               -0.5439793121100222                                
parent#2: -0.49034108013774                                  -0.32259605503881666                               0.5574071646948214                                 0.5457333144524783                                 0.15186069644444752                                -0.15462257765846132                               
son     : 0.12454539401970875                                -0.07933268553651097                               0.4820991643504873                                 0.703999975871378                                  0.040648707841930296                               -0.49850464600691874                               
90  :
parent#1: 0.6648783654390316                                 0.21141963074638148                                0.11820416604969229                                0.4408486913125903                                 -0.09489580285221137                               -0.5439793121100222                                
parent#2: 0.04993849713607218                                0.5669548658757171                                 0.26857884685129363                                -0.1582391697671452                                0.5085053286340128                                 -0.5659650391056736                                
son     : 0.4311018520096513                                 0.46943308785697624                                0.23326656367171067                                0.17044014280091518                                0.2494454760496559                                 -0.6694009199964317                                
91  :
parent#1: 0.6648783654390316                                 0.21141963074638148                                0.11820416604969229                                0.4408486913125903                                 -0.09489580285221137                               -0.5439793121100222                                
parent#2: 0.579928673469045                                  0.23071156114819755                                0.18942949758143685                                0.48280979816853553                                -0.2153851884937851                                0.5432083339355116                                 
son     : 0.7453689931382784                                 0.2647405349077763                                 0.18420573386001504                                0.5530707786743244                                 -0.18579090805301174                               -4.616484384363713E-4                              
92  :
parent#1: 0.6648783654390316                                 0.21141963074638148                                0.11820416604969229                                0.4408486913125903                                 -0.09489580285221137                               -0.5439793121100222                                
parent#2: -0.4784082766987913                                0.49771090317190336                                -0.17319263828546855                               0.368651983756461                                  0.4298894084492257                                 0.41557730817408756                                
son     : 0.162015645057893                                  0.6161322797623879                                 -0.047777060976454455                              0.7033394735431885                                 0.2910611855645956                                 -0.111562844394771                                 
93  :
parent#1: 0.6648783654390316                                 0.21141963074638148                                0.11820416604969229                                0.4408486913125903                                 -0.09489580285221137                               -0.5439793121100222                                
parent#2: 0.6648783654390316                                 0.21141963074638148                                0.11820416604969229                                0.4408486913125903                                 -0.09489580285221137                               -0.5439793121100222                                
son     : 0.6648783654390316                                 0.21141963074638148                                0.11820416604969229                                0.4408486913125903                                 -0.09489580285221137                               -0.5439793121100222                                

0   :
parent#1: 0.579928673469045                                  0.23071156114819755                                0.18942949758143685                                0.48280979816853553                                -0.2153851884937851                                0.5432083339355116                                 
parent#2: -0.49034108013774                                  -0.32259605503881666                               0.5574071646948214                                 0.5457333144524783                                 0.15186069644444752                                -0.15462257765846132                               
son:      0.06701392771218616                                -0.06873207106574997                               0.5586538965669806                                 0.7693778930208881                                 -0.04751802743941                                  0.2906725899515368                                 
mutated:  0.06701392771218616                                -0.06873207106574997                               0.5586538965669806                                 0.7693778930208881                                 -0.04751802743941                                  0.2906725899515368                                 
1   :
parent#1: -0.49034108013774                                  -0.32259605503881666                               0.5574071646948214                                 0.5457333144524783                                 0.15186069644444752                                -0.15462257765846132                               
parent#2: 0.6908665279259526                                 0.07234460833012493                                0.5426600347526116                                 -0.29079772174101143                               -0.21669612491884965                               0.3024388523235498                                 
son:      0.16923156648272267                                -0.21119735578802165                               0.9283913710312339                                 0.21515049677051007                                -0.054717250330691296                              0.12474815535449348                                
mutated:  0.16923156648272267                                -0.21119735578802165                               0.9283913710312339                                 0.21515049677051007                                -0.054717250330691296                              0.12474815535449348                                
2   :
parent#1: 0.04993849713607218                                0.5669548658757171                                 0.26857884685129363                                -0.1582391697671452                                0.5085053286340128                                 -0.5659650391056736                                
parent#2: 0.579928673469045                                  0.23071156114819755                                0.18942949758143685                                0.48280979816853553                                -0.2153851884937851                                0.5432083339355116                                 
son:      0.5258836940345715                                 0.6659813161046281                                 0.3823966882375341                                 0.27098793047884356                                0.24472953868159883                                -0.01899984748759538                               
mutated:  0.5258836940345715                                 0.6659813161046281                                 0.3823966882375341                                 0.27098793047884356                                0.24472953868159883                                -0.01899984748759538                               
3   :
parent#1: 0.579928673469045                                  0.23071156114819755                                0.18942949758143685                                0.48280979816853553                                -0.2153851884937851                                0.5432083339355116                                 
parent#2: -0.21277315511615508                               0.4774718557240536                                 -0.06485251024311009                               0.6463067750128703                                 0.01829717410385328                                -0.5518107731467271                                
son:      0.26187554598947066                                0.5051154338796007                                 0.08885517157225892                                0.8053481544118901                                 -0.14057403142920186                               -0.006135733640568773                              
mutated:  0.26187554598947066                                0.5051154338796007                                 0.08885517157225892                                0.8053481544118901                                 -0.14057403142920186                               -0.006135733640568773                              
4   :
parent#1: 0.579928673469045                                  0.23071156114819755                                0.18942949758143685                                0.48280979816853553                                -0.2153851884937851                                0.5432083339355116                                 
parent#2: -0.4784082766987913                                0.49771090317190336                                -0.17319263828546855                               0.368651983756461                                  0.4298894084492257                                 0.41557730817408756                                
son:      0.06796117057816774                                0.48763051490686166                                0.010869500113994216                               0.5699971753769848                                 0.14359634463524848                                0.6418433796980693                                 
mutated:  0.06796117057816774                                0.48763051490686166                                0.010869500113994216                               0.5699971753769848                                 0.14359634463524848                                0.6418433796980693                                 
5   :
parent#1: -0.4784082766987913                                0.49771090317190336                                -0.17319263828546855                               0.368651983756461                                  0.4298894084492257                                 0.41557730817408756                                
parent#2: -0.49034108013774                                  -0.32259605503881666                               0.5574071646948214                                 0.5457333144524783                                 0.15186069644444752                                -0.15462257765846132                               
son:      -0.6306833168249825                                0.11400473452341545                                0.25013455769352283                                0.5952907722319406                                 0.37873582380043297                                0.1698889334184468                                 
mutated:  -0.6306833168249825                                0.11400473452341545                                0.25013455769352283                                0.5952907722319406                                 0.37873582380043297                                0.1698889334184468                                 

