0   :
parent#1: 0.5798208313001897                                 0.14989291866203025                                -0.20208695362487997                               0.16437496039811586                                -0.44998486056814396                               -0.6090938165451498                                
parent#2: 0.5798208313001897                                 0.14989291866203025                                -0.20208695362487997                               0.16437496039811586                                -0.44998486056814396                               -0.6090938165451498                                
son     : 0.5262142281196077                                 0.13603475804321208                                -0.1834032593763493                                0.14917788088800824                                -0.5857778623232889                                -0.5527808164584429                                
1   :
parent#1: 0.5798208313001897                                 0.14989291866203025                                -0.20208695362487997                               0.16437496039811586                                -0.44998486056814396                               -0.6090938165451498                                
parent#2: 0.6758771869691037                                 0.11055898270907379                                -0.2906054286256227                                0.01326012705159404                                0.4005354685788622                                 -0.5347062107094613                                
son     : 0.6987283898501181                                 0.14492747064239236                                -0.2741568035727234                                0.09884436929007129                                -0.027515926234685135                              -0.6364631780303888                                
2   :
parent#1: 0.5798208313001897                                 0.14989291866203025                                -0.20208695362487997                               0.16437496039811586                                -0.44998486056814396                               -0.6090938165451498                                
parent#2: 0.14959328854101672                                -0.2567650112606648                                0.22188592331572796                                0.22142143328156233                                -0.6652282936828698                                -0.6090189489806026                                
son     : 0.3944106504539301                                 -0.05778814861217177                               0.010705749041141412                               0.20860880319551273                                -0.6030208815517271                                -0.658661020000324                                 
3   :
parent#1: 0.5798208313001897                                 0.14989291866203025                                -0.20208695362487997                               0.16437496039811586                                -0.44998486056814396                               -0.6090938165451498                                
parent#2: 0.40090888160811916                                -0.2872583678930971                                0.31943909958014877                                0.1488008952698584                                 -0.5671302467330627                                -0.5576154025759414                                
son     : 0.5251016722680224                                 -0.073548120500174                                 0.06283261052896628                                0.16768041526707259                                -0.5445831167377572                                -0.6246786998981045                                
4   :
parent#1: 0.5798208313001897                                 0.14989291866203025                                -0.20208695362487997                               0.16437496039811586                                -0.44998486056814396                               -0.6090938165451498                                
parent#2: 0.5242985970847376                                 0.27570686030733177                                -0.33732311194907016                               0.5258769159503622                                 -0.3725366253766915                                -0.3463809441105656                                
son     : 0.5254948355601912                                 0.22728969493047757                                -0.28806957922682075                               0.368625986555621                                  -0.43926399131805693                               -0.5102671044357902                                
5   :
parent#1: 0.5798208313001897                                 0.14989291866203025                                -0.20208695362487997                               0.16437496039811586                                -0.44998486056814396                               -0.6090938165451498                                
parent#2: 0.5242985970847376                                 0.27570686030733177                                -0.33732311194907016                               0.5258769159503622                                 -0.3725366253766915                                -0.3463809441105656                                
son     : 0.527304814852916                                  0.2032577336123479                                 -0.2576111944459956                                0.32965015242256995                                -0.5453252639371805                                -0.45631516737385774                               
6   :
parent#1: 0.5798208313001897                                 0.14989291866203025                                -0.20208695362487997                               0.16437496039811586                                -0.44998486056814396                               -0.6090938165451498                                
parent#2: 0.698995143743429                                  -0.010362182257682376                              0.21686712071030262                                0.24790929116535756                                -0.44688634897148793                               -0.4506668843099168                                
son     : 0.6601571341888961                                 0.07202929340386036                                0.007629895885225286                               0.2128315530106457                                 -0.4629875908502139                                -0.5470752640376064                                
7   :
parent#1: 0.5798208313001897                                 0.14989291866203025                                -0.20208695362487997                               0.16437496039811586                                -0.44998486056814396                               -0.6090938165451498                                
parent#2: 0.6560816456593503                                 0.22651640037532986                                -0.1657720086891399                                0.05282811595371769                                0.3636322346475163                                 -0.5964458263875468                                
son     : 0.6790653569777414                                 0.20681771690487621                                -0.20211973211330425                               0.11934200904134123                                -0.04744636234649771                               -0.6623825287516683                                
8   :
parent#1: 0.5798208313001897                                 0.14989291866203025                                -0.20208695362487997                               0.16437496039811586                                -0.44998486056814396                               -0.6090938165451498                                
parent#2: 0.5641767208535138                                 0.3197921805563334                                 -0.31547312264169725                               0.004936543688029115                               -0.14328983473460255                               -0.6777595086687055                                
son     : 0.5671283221606715                                 0.2328429127860497                                 -0.2565765784356997                                0.08393492543240513                                -0.3798622940291144                                -0.6379480146801573                                
9   :
parent#1: 0.6758771869691037                                 0.11055898270907379                                -0.2906054286256227                                0.01326012705159404                                0.4005354685788622                                 -0.5347062107094613                                
parent#2: 0.5798208313001897                                 0.14989291866203025                                -0.20208695362487997                               0.16437496039811586                                -0.44998486056814396                               -0.6090938165451498                                
son     : 0.6987283898501181                                 0.14492747064239236                                -0.2741568035727234                                0.09884436929007129                                -0.027515926234685135                              -0.6364631780303888                                
10  :
parent#1: 0.6758771869691037                                 0.11055898270907379                                -0.2906054286256227                                0.01326012705159404                                0.4005354685788622                                 -0.5347062107094613                                
parent#2: 0.6758771869691037                                 0.11055898270907379                                -0.2906054286256227                                0.01326012705159404                                0.4005354685788622                                 -0.5347062107094613                                
son     : 0.6758771869691037                                 0.11055898270907379                                -0.2906054286256227                                0.01326012705159404                                0.4005354685788622                                 -0.5347062107094613                                
11  :
parent#1: 0.6758771869691037                                 0.11055898270907379                                -0.2906054286256227                                0.01326012705159404                                0.4005354685788622                                 -0.5347062107094613                                
parent#2: 0.14959328854101672                                -0.2567650112606648                                0.22188592331572796                                0.22142143328156233                                -0.6652282936828698                                -0.6090189489806026                                
son     : 0.5641817981129295                                 -0.0999269901594144                                -0.04696751152390804                               0.16039709307699498                                -0.18090880103553664                               -0.7816983602498652                                
12  :
parent#1: 0.6758771869691037                                 0.11055898270907379                                -0.2906054286256227                                0.01326012705159404                                0.4005354685788622                                 -0.5347062107094613                                
parent#2: 0.40090888160811916                                -0.2872583678930971                                0.31943909958014877                                0.1488008952698584                                 -0.5671302467330627                                -0.5576154025759414                                
son     : 0.6895244486403019                                 -0.11315018804532041                               0.0184637614168479                                 0.10377645135206284                                -0.10667966080292059                               -0.6994726994691678                                
13  :
parent#1: 0.6758771869691037                                 0.11055898270907379                                -0.2906054286256227                                0.01326012705159404                                0.4005354685788622                                 -0.5347062107094613                                
parent#2: 0.5242985970847376                                 0.27570686030733177                                -0.33732311194907016                               0.5258769159503622                                 -0.3725366253766915                                -0.3463809441105656                                
son     : 0.6870289341196448                                 0.22111411839857795                                -0.3594515750660922                                0.30862374738718645                                0.01602766499486997                                -0.5043697572349599                                
14  :
parent#1: 0.6758771869691037                                 0.11055898270907379                                -0.2906054286256227                                0.01326012705159404                                0.4005354685788622                                 -0.5347062107094613                                
parent#2: 0.5242985970847376                                 0.27570686030733177                                -0.33732311194907016                               0.5258769159503622                                 -0.3725366253766915                                -0.3463809441105656                                
son     : 0.6870289341196448                                 0.22111411839857795                                -0.3594515750660922                                0.30862374738718645                                0.01602766499486997                                -0.5043697572349599                                
15  :
parent#1: 0.6758771869691037                                 0.11055898270907379                                -0.2906054286256227                                0.01326012705159404                                0.4005354685788622                                 -0.5347062107094613                                
parent#2: 0.698995143743429                                  -0.010362182257682376                              0.21686712071030262                                0.24790929116535756                                -0.44688634897148793                               -0.4506668843099168                                
son     : 0.8008796236094797                                 0.058365838078068624                               -0.04295344881820099                               0.15213431871997768                                -0.026999943786471997                              -0.5739916469517136                                
16  :
parent#1: 0.6758771869691037                                 0.11055898270907379                                -0.2906054286256227                                0.01326012705159404                                0.4005354685788622                                 -0.5347062107094613                                
parent#2: 0.4755700926491458                                 0.04621969206745066                                0.04923931944134888                                0.45498324488629516                                -0.3982488162695265                                -0.6353427765202688                                
son     : 0.6651277311480758                                 0.09056241314069022                                -0.1394239192879069                                0.27047842929068194                                0.0013208732083132672                              -0.6758729140132487                                
17  :
parent#1: 0.6758771869691037                                 0.11055898270907379                                -0.2906054286256227                                0.01326012705159404                                0.4005354685788622                                 -0.5347062107094613                                
parent#2: 0.6560816456593503                                 0.22651640037532986                                -0.1657720086891399                                0.05282811595371769                                0.3636322346475163                                 -0.5964458263875468                                
son     : 0.6690102602049562                                 0.16930469938096554                                -0.22922719577384187                               0.033194503888848995                               0.3838226989094272                                 -0.5681499308625627                                
18  :
parent#1: 0.6758771869691037                                 0.11055898270907379                                -0.2906054286256227                                0.01326012705159404                                0.4005354685788622                                 -0.5347062107094613                                
parent#2: 0.5641767208535138                                 0.3197921805563334                                 -0.31547312264169725                               0.004936543688029115                               -0.14328983473460255                               -0.6777595086687055                                
son     : 0.6511423951022117                                 0.22597395598364906                                -0.3182470028139557                                0.009554926357265616                               0.13507762613728094                                -0.636656057865637                                 
19  :
parent#1: 0.14959328854101672                                -0.2567650112606648                                0.22188592331572796                                0.22142143328156233                                -0.6652282936828698                                -0.6090189489806026                                
parent#2: 0.5798208313001897                                 0.14989291866203025                                -0.20208695362487997                               0.16437496039811586                                -0.44998486056814396                               -0.6090938165451498                                
son     : 0.3944106504539301                                 -0.05778814861217177                               0.010705749041141412                               0.20860880319551273                                -0.6030208815517271                                -0.658661020000324                                 
20  :
parent#1: 0.14959328854101672                                -0.2567650112606648                                0.22188592331572796                                0.22142143328156233                                -0.6652282936828698                                -0.6090189489806026                                
parent#2: 0.6758771869691037                                 0.11055898270907379                                -0.2906054286256227                                0.01326012705159404                                0.4005354685788622                                 -0.5347062107094613                                
son     : 0.5641817981129295                                 -0.0999269901594144                                -0.04696751152390804                               0.16039709307699498                                -0.18090880103553664                               -0.7816983602498652                                
21  :
parent#1: 0.14959328854101672                                -0.2567650112606648                                0.22188592331572796                                0.22142143328156233                                -0.6652282936828698                                -0.6090189489806026                                
parent#2: 0.14959328854101672                                -0.2567650112606648                                0.22188592331572796                                0.22142143328156233                                -0.6652282936828698                                -0.6090189489806026                                
son     : 0.14959328854101672                                -0.2567650112606648                                0.22188592331572796                                0.22142143328156233                                -0.6652282936828698                                -0.6090189489806026                                
22  :
parent#1: 0.14959328854101672                                -0.2567650112606648                                0.22188592331572796                                0.22142143328156233                                -0.6652282936828698                                -0.6090189489806026                                
parent#2: 0.40090888160811916                                -0.2872583678930971                                0.31943909958014877                                0.1488008952698584                                 -0.5671302467330627                                -0.5576154025759414                                
son     : 0.2784416964705254                                 -0.2751647510674924                                0.27379993375183337                                0.18725690619021373                                -0.6233217982780943                                -0.5900787782910893                                
23  :
parent#1: 0.14959328854101672                                -0.2567650112606648                                0.22188592331572796                                0.22142143328156233                                -0.6652282936828698                                -0.6090189489806026                                
parent#2: 0.5242985970847376                                 0.27570686030733177                                -0.33732311194907016                               0.5258769159503622                                 -0.3725366253766915                                -0.3463809441105656                                
son     : 0.3880373285457367                                 0.010907008466143123                               -0.066470511438965                                 0.43030590106205124                                -0.597561026389906                                 -0.5501339756654448                                
24  :
parent#1: 0.14959328854101672                                -0.2567650112606648                                0.22188592331572796                                0.22142143328156233                                -0.6652282936828698                                -0.6090189489806026                                
parent#2: 0.5242985970847376                                 0.27570686030733177                                -0.33732311194907016                               0.5258769159503622                                 -0.3725366253766915                                -0.3463809441105656                                
son     : 0.3880373285457367                                 0.010907008466143123                               -0.066470511438965                                 0.43030590106205124                                -0.597561026389906                                 -0.5501339756654448                                
25  :
parent#1: 0.14959328854101672                                -0.2567650112606648                                0.22188592331572796                                0.22142143328156233                                -0.6652282936828698                                -0.6090189489806026                                
parent#2: 0.698995143743429                                  -0.010362182257682376                              0.21686712071030262                                0.24790929116535756                                -0.44688634897148793                               -0.4506668843099168                                
son     : 0.44950053933910633                                -0.14149829645378703                               0.23240916612008164                                0.24860628043134697                                -0.5890913812415567                                -0.5613196403252806                                
26  :
parent#1: 0.14959328854101672                                -0.2567650112606648                                0.22188592331572796                                0.22142143328156233                                -0.6652282936828698                                -0.6090189489806026                                
parent#2: 0.4755700926491458                                 0.04621969206745066                                0.04923931944134888                                0.45498324488629516                                -0.3982488162695265                                -0.6353427765202688                                
son     : 0.3274224108052315                                 -0.11027078371538494                               0.1419988490763391                                 0.3542594737139439                                 -0.5569843814490413                                -0.6517206994779502                                
27  :
parent#1: 0.14959328854101672                                -0.2567650112606648                                0.22188592331572796                                0.22142143328156233                                -0.6652282936828698                                -0.6090189489806026                                
parent#2: 0.6560816456593503                                 0.22651640037532986                                -0.1657720086891399                                0.05282811595371769                                0.3636322346475163                                 -0.5964458263875468                                
son     : 0.5344517004632481                                 -0.020065687584489105                              0.03722366902427563                                0.18192590053151972                                -0.20006645330779538                               -0.7996558806728746                                
28  :
parent#1: 0.14959328854101672                                -0.2567650112606648                                0.22188592331572796                                0.22142143328156233                                -0.6652282936828698                                -0.6090189489806026                                
parent#2: 0.5641767208535138                                 0.3197921805563334                                 -0.31547312264169725                               0.004936543688029115                               -0.14328983473460255                               -0.6777595086687055                                
son     : 0.4203787232914688                                 0.037120193637252386                               -0.05511868928542944                               0.13331475981462793                                -0.476181142537017                                 -0.757855160718282                                 
29  :
parent#1: 0.40090888160811916                                -0.2872583678930971                                0.31943909958014877                                0.1488008952698584                                 -0.5671302467330627                                -0.5576154025759414                                
parent#2: 0.5798208313001897                                 0.14989291866203025                                -0.20208695362487997                               0.16437496039811586                                -0.44998486056814396                               -0.6090938165451498                                
son     : 0.5251016722680224                                 -0.073548120500174                                 0.06283261052896628                                0.16768041526707259                                -0.5445831167377572                                -0.6246786998981045                                
30  :
parent#1: 0.40090888160811916                                -0.2872583678930971                                0.31943909958014877                                0.1488008952698584                                 -0.5671302467330627                                -0.5576154025759414                                
parent#2: 0.6758771869691037                                 0.11055898270907379                                -0.2906054286256227                                0.01326012705159404                                0.4005354685788622                                 -0.5347062107094613                                
son     : 0.6895244486403019                                 -0.11315018804532041                               0.0184637614168479                                 0.10377645135206284                                -0.10667966080292059                               -0.6994726994691678                                
31  :
parent#1: 0.40090888160811916                                -0.2872583678930971                                0.31943909958014877                                0.1488008952698584                                 -0.5671302467330627                                -0.5576154025759414                                
parent#2: 0.14959328854101672                                -0.2567650112606648                                0.22188592331572796                                0.22142143328156233                                -0.6652282936828698                                -0.6090189489806026                                
son     : 0.2784416964705254                                 -0.2751647510674924                                0.27379993375183337                                0.18725690619021373                                -0.6233217982780943                                -0.5900787782910893                                
32  :
parent#1: 0.40090888160811916                                -0.2872583678930971                                0.31943909958014877                                0.1488008952698584                                 -0.5671302467330627                                -0.5576154025759414                                
parent#2: 0.40090888160811916                                -0.2872583678930971                                0.31943909958014877                                0.1488008952698584                                 -0.5671302467330627                                -0.5576154025759414                                
son     : 0.40090888160811916                                -0.2872583678930971                                0.31943909958014877                                0.1488008952698584                                 -0.5671302467330627                                -0.5576154025759414                                
33  :
parent#1: 0.40090888160811916                                -0.2872583678930971                                0.31943909958014877                                0.1488008952698584                                 -0.5671302467330627                                -0.5576154025759414                                
parent#2: 0.5242985970847376                                 0.27570686030733177                                -0.33732311194907016                               0.5258769159503622                                 -0.3725366253766915                                -0.3463809441105656                                
son     : 0.5331181994696168                                 -0.006656149098560443                              -0.010305031782581226                              0.38875930882875065                                -0.5414499152861922                                -0.5208960322645768                                
34  :
parent#1: 0.40090888160811916                                -0.2872583678930971                                0.31943909958014877                                0.1488008952698584                                 -0.5671302467330627                                -0.5576154025759414                                
parent#2: 0.5242985970847376                                 0.27570686030733177                                -0.33732311194907016                               0.5258769159503622                                 -0.3725366253766915                                -0.3463809441105656                                
son     : 0.5331181994696168                                 -0.006656149098560443                              -0.010305031782581226                              0.38875930882875065                                -0.5414499152861922                                -0.5208960322645768                                
35  :
parent#1: 0.40090888160811916                                -0.2872583678930971                                0.31943909958014877                                0.1488008952698584                                 -0.5671302467330627                                -0.5576154025759414                                
parent#2: 0.698995143743429                                  -0.010362182257682376                              0.21686712071030262                                0.24790929116535756                                -0.44688634897148793                               -0.4506668843099168                                
son     : 0.5651144976343556                                 -0.15291305769188543                               0.2755462415557128                                 0.20382385421502092                                -0.5209868005450063                                -0.518040597083009                                 
36  :
parent#1: 0.40090888160811916                                -0.2872583678930971                                0.31943909958014877                                0.1488008952698584                                 -0.5671302467330627                                -0.5576154025759414                                
parent#2: 0.4755700926491458                                 0.04621969206745066                                0.04923931944134888                                0.45498324488629516                                -0.3982488162695265                                -0.6353427765202688                                
son     : 0.4567783430151037                                 -0.12561767045181452                               0.19213731565982506                                0.3146630178014689                                 -0.5031087587166282                                -0.6217119592579496                                
37  :
parent#1: 0.40090888160811916                                -0.2872583678930971                                0.31943909958014877                                0.1488008952698584                                 -0.5671302467330627                                -0.5576154025759414                                
parent#2: 0.6560816456593503                                 0.22651640037532986                                -0.1657720086891399                                0.05282811595371769                                0.3636322346475163                                 -0.5964458263875468                                
son     : 0.6608184967108723                                 -0.03797518958483002                               0.09607092341598007                                0.12605617236184274                                -0.12722465051571172                               -0.7215059991194919                                
38  :
parent#1: 0.40090888160811916                                -0.2872583678930971                                0.31943909958014877                                0.1488008952698584                                 -0.5671302467330627                                -0.5576154025759414                                
parent#2: 0.5641767208535138                                 0.3197921805563334                                 -0.31547312264169725                               0.004936543688029115                               -0.14328983473460255                               -0.6777595086687055                                
son     : 0.5584085313750685                                 0.018824401175367884                               0.0022947553585083635                              0.08895407545907424                                -0.4110564216685499                                -0.7148007266154961                                
39  :
parent#1: 0.5242985970847376                                 0.27570686030733177                                -0.33732311194907016                               0.5258769159503622                                 -0.3725366253766915                                -0.3463809441105656                                
parent#2: 0.5798208313001897                                 0.14989291866203025                                -0.20208695362487997                               0.16437496039811586                                -0.44998486056814396                               -0.6090938165451498                                
son     : 0.5696258781844149                                 0.21957103698930366                                -0.27828686318247986                               0.35610761039553634                                -0.4243467796253053                                -0.49293865829141986                               
40  :
parent#1: 0.5242985970847376                                 0.27570686030733177                                -0.33732311194907016                               0.5258769159503622                                 -0.3725366253766915                                -0.3463809441105656                                
parent#2: 0.14959328854101672                                -0.2567650112606648                                0.22188592331572796                                0.22142143328156233                                -0.6652282936828698                                -0.6090189489806026                                
son     : 0.3880373285457367                                 0.010907008466143123                               -0.066470511438965                                 0.43030590106205124                                -0.597561026389906                                 -0.5501339756654448                                
41  :
parent#1: 0.5242985970847376                                 0.27570686030733177                                -0.33732311194907016                               0.5258769159503622                                 -0.3725366253766915                                -0.3463809441105656                                
parent#2: 0.40090888160811916                                -0.2872583678930971                                0.31943909958014877                                0.1488008952698584                                 -0.5671302467330627                                -0.5576154025759414                                
son     : 0.5331181994696168                                 -0.006656149098560443                              -0.010305031782581226                              0.38875930882875065                                -0.5414499152861922                                -0.5208960322645768                                
42  :
parent#1: 0.5242985970847376                                 0.27570686030733177                                -0.33732311194907016                               0.5258769159503622                                 -0.3725366253766915                                -0.3463809441105656                                
parent#2: 0.5242985970847376                                 0.27570686030733177                                -0.33732311194907016                               0.5258769159503622                                 -0.3725366253766915                                -0.3463809441105656                                
son     : 0.5242985970847376                                 0.27570686030733177                                -0.33732311194907016                               0.5258769159503622                                 -0.3725366253766915                                -0.3463809441105656                                
43  :
parent#1: 0.5242985970847376                                 0.27570686030733177                                -0.33732311194907016                               0.5258769159503622                                 -0.3725366253766915                                -0.3463809441105656                                
parent#2: 0.5242985970847376                                 0.27570686030733177                                -0.33732311194907016                               0.5258769159503622                                 -0.3725366253766915                                -0.3463809441105656                                
son     : 0.5242985970847376                                 0.27570686030733177                                -0.33732311194907016                               0.5258769159503622                                 -0.3725366253766915                                -0.3463809441105656                                
44  :
parent#1: 0.5242985970847376                                 0.27570686030733177                                -0.33732311194907016                               0.5258769159503622                                 -0.3725366253766915                                -0.3463809441105656                                
parent#2: 0.698995143743429                                  -0.010362182257682376                              0.21686712071030262                                0.24790929116535756                                -0.44688634897148793                               -0.4506668843099168                                
son     : 0.6551098970717532                                 0.14209990529990035                                -0.0645077379114863                                0.41438534799985277                                -0.43882518357368966                               -0.426842632648729                                 
45  :
parent#1: 0.5242985970847376                                 0.27570686030733177                                -0.33732311194907016                               0.5258769159503622                                 -0.3725366253766915                                -0.3463809441105656                                
parent#2: 0.4755700926491458                                 0.04621969206745066                                0.04923931944134888                                0.45498324488629516                                -0.3982488162695265                                -0.6353427765202688                                
son     : 0.5193618747864535                                 0.16721833526901014                                -0.1496393877602301                                0.5094882730761896                                 -0.400369144610408                                 -0.5099368320102766                                
46  :
parent#1: 0.5242985970847376                                 0.27570686030733177                                -0.33732311194907016                               0.5258769159503622                                 -0.3725366253766915                                -0.3463809441105656                                
parent#2: 0.6560816456593503                                 0.22651640037532986                                -0.1657720086891399                                0.05282811595371769                                0.3636322346475163                                 -0.5964458263875468                                
son     : 0.6679877752223162                                 0.2842126514998286                                 -0.28470604487505                                  0.32749437238367574                                -0.005039074645187469                              -0.5335541328453245                                
47  :
parent#1: 0.5242985970847376                                 0.27570686030733177                                -0.33732311194907016                               0.5258769159503622                                 -0.3725366253766915                                -0.3463809441105656                                
parent#2: 0.5641767208535138                                 0.3197921805563334                                 -0.31547312264169725                               0.004936543688029115                               -0.14328983473460255                               -0.6777595086687055                                
son     : 0.5767090261607314                                 0.31551443223043896                                -0.3458723174773826                                0.2812419430519707                                 -0.2733013515108459                                -0.5426223575679188                                
48  :
parent#1: 0.5242985970847376                                 0.27570686030733177                                -0.33732311194907016                               0.5258769159503622                                 -0.3725366253766915                                -0.3463809441105656                                
parent#2: 0.5798208313001897                                 0.14989291866203025                                -0.20208695362487997                               0.16437496039811586                                -0.44998486056814396                               -0.6090938165451498                                
son     : 0.5696258781844149                                 0.21957103698930366                                -0.27828686318247986                               0.35610761039553634                                -0.4243467796253053                                -0.49293865829141986                               
49  :
parent#1: 0.5242985970847376                                 0.27570686030733177                                -0.33732311194907016                               0.5258769159503622                                 -0.3725366253766915                                -0.3463809441105656                                
parent#2: 0.6758771869691037                                 0.11055898270907379                                -0.2906054286256227                                0.01326012705159404                                0.4005354685788622                                 -0.5347062107094613                                
son     : 0.6870289341196448                                 0.22111411839857795                                -0.3594515750660922                                0.30862374738718645                                0.01602766499486997                                -0.5043697572349599                                
50  :
parent#1: 0.5242985970847376                                 0.27570686030733177                                -0.33732311194907016                               0.5258769159503622                                 -0.3725366253766915                                -0.3463809441105656                                
parent#2: 0.40090888160811916                                -0.2872583678930971                                0.31943909958014877                                0.1488008952698584                                 -0.5671302467330627                                -0.5576154025759414                                
son     : 0.5331181994696168                                 -0.006656149098560443                              -0.010305031782581226                              0.38875930882875065                                -0.5414499152861922                                -0.5208960322645768                                
51  :
parent#1: 0.5242985970847376                                 0.27570686030733177                                -0.33732311194907016                               0.5258769159503622                                 -0.3725366253766915                                -0.3463809441105656                                
parent#2: 0.5242985970847376                                 0.27570686030733177                                -0.33732311194907016                               0.5258769159503622                                 -0.3725366253766915                                -0.3463809441105656                                
son     : 0.5242985970847376                                 0.27570686030733177                                -0.33732311194907016                               0.5258769159503622                                 -0.3725366253766915                                -0.3463809441105656                                
52  :
parent#1: 0.5242985970847376                                 0.27570686030733177                                -0.33732311194907016                               0.5258769159503622                                 -0.3725366253766915                                -0.3463809441105656                                
parent#2: 0.5242985970847376                                 0.27570686030733177                                -0.33732311194907016                               0.5258769159503622                                 -0.3725366253766915                                -0.3463809441105656                                
son     : 0.5242985970847376                                 0.27570686030733177                                -0.33732311194907016                               0.5258769159503622                                 -0.3725366253766915                                -0.3463809441105656                                
53  :
parent#1: 0.5242985970847376                                 0.27570686030733177                                -0.33732311194907016                               0.5258769159503622                                 -0.3725366253766915                                -0.3463809441105656                                
parent#2: 0.698995143743429                                  -0.010362182257682376                              0.21686712071030262                                0.24790929116535756                                -0.44688634897148793                               -0.4506668843099168                                
son     : 0.6551098970717532                                 0.14209990529990035                                -0.0645077379114863                                0.41438534799985277                                -0.43882518357368966                               -0.426842632648729                                 
54  :
parent#1: 0.5242985970847376                                 0.27570686030733177                                -0.33732311194907016                               0.5258769159503622                                 -0.3725366253766915                                -0.3463809441105656                                
parent#2: 0.4755700926491458                                 0.04621969206745066                                0.04923931944134888                                0.45498324488629516                                -0.3982488162695265                                -0.6353427765202688                                
son     : 0.5193618747864535                                 0.16721833526901014                                -0.1496393877602301                                0.5094882730761896                                 -0.400369144610408                                 -0.5099368320102766                                
55  :
parent#1: 0.5242985970847376                                 0.27570686030733177                                -0.33732311194907016                               0.5258769159503622                                 -0.3725366253766915                                -0.3463809441105656                                
parent#2: 0.6560816456593503                                 0.22651640037532986                                -0.1657720086891399                                0.05282811595371769                                0.3636322346475163                                 -0.5964458263875468                                
son     : 0.6679877752223162                                 0.2842126514998286                                 -0.28470604487505                                  0.32749437238367574                                -0.005039074645187469                              -0.5335541328453245                                
56  :
parent#1: 0.5242985970847376                                 0.27570686030733177                                -0.33732311194907016                               0.5258769159503622                                 -0.3725366253766915                                -0.3463809441105656                                
parent#2: 0.5641767208535138                                 0.3197921805563334                                 -0.31547312264169725                               0.004936543688029115                               -0.14328983473460255                               -0.6777595086687055                                
son     : 0.5767090261607314                                 0.31551443223043896                                -0.3458723174773826                                0.2812419430519707                                 -0.2733013515108459                                -0.5426223575679188                                
57  :
parent#1: 0.698995143743429                                  -0.010362182257682376                              0.21686712071030262                                0.24790929116535756                                -0.44688634897148793                               -0.4506668843099168                                
parent#2: 0.5798208313001897                                 0.14989291866203025                                -0.20208695362487997                               0.16437496039811586                                -0.44998486056814396                               -0.6090938165451498                                
son     : 0.6601571341888961                                 0.07202929340386036                                0.007629895885225286                               0.2128315530106457                                 -0.4629875908502139                                -0.5470752640376064                                
58  :
parent#1: 0.698995143743429                                  -0.010362182257682376                              0.21686712071030262                                0.24790929116535756                                -0.44688634897148793                               -0.4506668843099168                                
parent#2: 0.6758771869691037                                 0.11055898270907379                                -0.2906054286256227                                0.01326012705159404                                0.4005354685788622                                 -0.5347062107094613                                
son     : 0.8008796236094797                                 0.058365838078068624                               -0.04295344881820099                               0.15213431871997768                                -0.026999943786471997                              -0.5739916469517136                                
59  :
parent#1: 0.698995143743429                                  -0.010362182257682376                              0.21686712071030262                                0.24790929116535756                                -0.44688634897148793                               -0.4506668843099168                                
parent#2: 0.14959328854101672                                -0.2567650112606648                                0.22188592331572796                                0.22142143328156233                                -0.6652282936828698                                -0.6090189489806026                                
son     : 0.44950053933910633                                -0.14149829645378703                               0.23240916612008164                                0.24860628043134697                                -0.5890913812415567                                -0.5613196403252806                                
60  :
parent#1: 0.698995143743429                                  -0.010362182257682376                              0.21686712071030262                                0.24790929116535756                                -0.44688634897148793                               -0.4506668843099168                                
parent#2: 0.40090888160811916                                -0.2872583678930971                                0.31943909958014877                                0.1488008952698584                                 -0.5671302467330627                                -0.5576154025759414                                
son     : 0.5651144976343556                                 -0.15291305769188543                               0.2755462415557128                                 0.20382385421502092                                -0.5209868005450063                                -0.518040597083009                                 
61  :
parent#1: 0.698995143743429                                  -0.010362182257682376                              0.21686712071030262                                0.24790929116535756                                -0.44688634897148793                               -0.4506668843099168                                
parent#2: 0.5242985970847376                                 0.27570686030733177                                -0.33732311194907016                               0.5258769159503622                                 -0.3725366253766915                                -0.3463809441105656                                
son     : 0.6551098970717532                                 0.14209990529990035                                -0.0645077379114863                                0.41438534799985277                                -0.43882518357368966                               -0.426842632648729                                 
62  :
parent#1: 0.698995143743429                                  -0.010362182257682376                              0.21686712071030262                                0.24790929116535756                                -0.44688634897148793                               -0.4506668843099168                                
parent#2: 0.5242985970847376                                 0.27570686030733177                                -0.33732311194907016                               0.5258769159503622                                 -0.3725366253766915                                -0.3463809441105656                                
son     : 0.6551098970717532                                 0.14209990529990035                                -0.0645077379114863                                0.41438534799985277                                -0.43882518357368966                               -0.426842632648729                                 
63  :
parent#1: 0.698995143743429                                  -0.010362182257682376                              0.21686712071030262                                0.24790929116535756                                -0.44688634897148793                               -0.4506668843099168                                
parent#2: 0.698995143743429                                  -0.010362182257682376                              0.21686712071030262                                0.24790929116535756                                -0.44688634897148793                               -0.4506668843099168                                
son     : 0.6989951437434291                                 -0.010362182257682378                              0.21686712071030265                                0.2479092911653576                                 -0.446886348971488                                 -0.45066688430991686                               
64  :
parent#1: 0.698995143743429                                  -0.010362182257682376                              0.21686712071030262                                0.24790929116535756                                -0.44688634897148793                               -0.4506668843099168                                
parent#2: 0.4755700926491458                                 0.04621969206745066                                0.04923931944134888                                0.45498324488629516                                -0.3982488162695265                                -0.6353427765202688                                
son     : 0.5994372845522744                                 0.018299816515248882                               0.1358069496218803                                 0.35871995874568857                                -0.431313232194443                                 -0.5542431036738101                                
65  :
parent#1: 0.698995143743429                                  -0.010362182257682376                              0.21686712071030262                                0.24790929116535756                                -0.44688634897148793                               -0.4506668843099168                                
parent#2: 0.6560816456593503                                 0.22651640037532986                                -0.1657720086891399                                0.05282811595371769                                0.3636322346475163                                 -0.5964458263875468                                
son     : 0.7722036681564998                                 0.12317758035801922                                0.029117045791182367                               0.17137813203307475                                -0.04744316556290918                               -0.5967073471387869                                
66  :
parent#1: 0.698995143743429                                  -0.010362182257682376                              0.21686712071030262                                0.24790929116535756                                -0.44688634897148793                               -0.4506668843099168                                
parent#2: 0.5641767208535138                                 0.3197921805563334                                 -0.31547312264169725                               0.004936543688029115                               -0.14328983473460255                               -0.6777595086687055                                
son     : 0.6863991767205909                                 0.16814219983645604                                -0.0535818445948484                                0.13739474235041885                                -0.32069780682236804                               -0.6131793850375687                                
67  :
parent#1: 0.4755700926491458                                 0.04621969206745066                                0.04923931944134888                                0.45498324488629516                                -0.3982488162695265                                -0.6353427765202688                                
parent#2: 0.5798208313001897                                 0.14989291866203025                                -0.20208695362487997                               0.16437496039811586                                -0.44998486056814396                               -0.6090938165451498                                
son     : 0.5394627124190526                                 0.1002428943844                                    -0.07812801631354667                               0.3165847363282464                                 -0.4335743558981019                                -0.636093341997342                                 
68  :
parent#1: 0.4755700926491458                                 0.04621969206745066                                0.04923931944134888                                0.45498324488629516                                -0.3982488162695265                                -0.6353427765202688                                
parent#2: 0.6758771869691037                                 0.11055898270907379                                -0.2906054286256227                                0.01326012705159404                                0.4005354685788622                                 -0.5347062107094613                                
son     : 0.6651277311480758                                 0.09056241314069022                                -0.1394239192879069                                0.27047842929068194                                0.0013208732083132672                              -0.6758729140132487                                
69  :
parent#1: 0.4755700926491458                                 0.04621969206745066                                0.04923931944134888                                0.45498324488629516                                -0.3982488162695265                                -0.6353427765202688                                
parent#2: 0.14959328854101672                                -0.2567650112606648                                0.22188592331572796                                0.22142143328156233                                -0.6652282936828698                                -0.6090189489806026                                
son     : 0.3274224108052315                                 -0.11027078371538494                               0.1419988490763391                                 0.3542594737139439                                 -0.5569843814490413                                -0.6517206994779502                                
70  :
parent#1: 0.4755700926491458                                 0.04621969206745066                                0.04923931944134888                                0.45498324488629516                                -0.3982488162695265                                -0.6353427765202688                                
parent#2: 0.40090888160811916                                -0.2872583678930971                                0.31943909958014877                                0.1488008952698584                                 -0.5671302467330627                                -0.5576154025759414                                
son     : 0.4567783430151037                                 -0.12561767045181452                               0.19213731565982506                                0.3146630178014689                                 -0.5031087587166282                                -0.6217119592579496                                
71  :
parent#1: 0.4755700926491458                                 0.04621969206745066                                0.04923931944134888                                0.45498324488629516                                -0.3982488162695265                                -0.6353427765202688                                
parent#2: 0.5242985970847376                                 0.27570686030733177                                -0.33732311194907016                               0.5258769159503622                                 -0.3725366253766915                                -0.3463809441105656                                
son     : 0.5193618747864535                                 0.16721833526901014                                -0.1496393877602301                                0.5094882730761896                                 -0.400369144610408                                 -0.5099368320102766                                
72  :
parent#1: 0.4755700926491458                                 0.04621969206745066                                0.04923931944134888                                0.45498324488629516                                -0.3982488162695265                                -0.6353427765202688                                
parent#2: 0.5242985970847376                                 0.27570686030733177                                -0.33732311194907016                               0.5258769159503622                                 -0.3725366253766915                                -0.3463809441105656                                
son     : 0.5193618747864535                                 0.16721833526901014                                -0.1496393877602301                                0.5094882730761896                                 -0.400369144610408                                 -0.5099368320102766                                
73  :
parent#1: 0.4755700926491458                                 0.04621969206745066                                0.04923931944134888                                0.45498324488629516                                -0.3982488162695265                                -0.6353427765202688                                
parent#2: 0.698995143743429                                  -0.010362182257682376                              0.21686712071030262                                0.24790929116535756                                -0.44688634897148793                               -0.4506668843099168                                
son     : 0.5994372845522744                                 0.018299816515248882                               0.1358069496218803                                 0.35871995874568857                                -0.431313232194443                                 -0.5542431036738101                                
74  :
parent#1: 0.4755700926491458                                 0.04621969206745066                                0.04923931944134888                                0.45498324488629516                                -0.3982488162695265                                -0.6353427765202688                                
parent#2: 0.4755700926491458                                 0.04621969206745066                                0.04923931944134888                                0.45498324488629516                                -0.3982488162695265                                -0.6353427765202688                                
son     : 0.4755700926491458                                 0.04621969206745066                                0.04923931944134888                                0.45498324488629516                                -0.3982488162695265                                -0.6353427765202688                                
75  :
parent#1: 0.4755700926491458                                 0.04621969206745066                                0.04923931944134888                                0.45498324488629516                                -0.3982488162695265                                -0.6353427765202688                                
parent#2: 0.6560816456593503                                 0.22651640037532986                                -0.1657720086891399                                0.05282811595371769                                0.3636322346475163                                 -0.5964458263875468                                
son     : 0.6381227690392917                                 0.15379211168506957                                -0.0657111722883459                                0.28634780538860694                                -0.019519811768530168                              -0.6945885624966874                                
76  :
parent#1: 0.4755700926491458                                 0.04621969206745066                                0.04923931944134888                                0.45498324488629516                                -0.3982488162695265                                -0.6353427765202688                                
parent#2: 0.5641767208535138                                 0.3197921805563334                                 -0.31547312264169725                               0.004936543688029115                               -0.14328983473460255                               -0.6777595086687055                                
son     : 0.5545851527736788                                 0.19522517180142565                                -0.14200506556397838                               0.24531422736548475                                -0.28884848849715533                               -0.700388808103937                                 
77  :
parent#1: 0.6560816456593503                                 0.22651640037532986                                -0.1657720086891399                                0.05282811595371769                                0.3636322346475163                                 -0.5964458263875468                                
parent#2: 0.5798208313001897                                 0.14989291866203025                                -0.20208695362487997                               0.16437496039811586                                -0.44998486056814396                               -0.6090938165451498                                
son     : 0.6790653569777414                                 0.20681771690487621                                -0.20211973211330425                               0.11934200904134123                                -0.04744636234649771                               -0.6623825287516683                                
78  :
parent#1: 0.6560816456593503                                 0.22651640037532986                                -0.1657720086891399                                0.05282811595371769                                0.3636322346475163                                 -0.5964458263875468                                
parent#2: 0.6758771869691037                                 0.11055898270907379                                -0.2906054286256227                                0.01326012705159404                                0.4005354685788622                                 -0.5347062107094613                                
son     : 0.6690102602049562                                 0.16930469938096554                                -0.22922719577384187                               0.033194503888848995                               0.3838226989094272                                 -0.5681499308625627                                
79  :
parent#1: 0.6560816456593503                                 0.22651640037532986                                -0.1657720086891399                                0.05282811595371769                                0.3636322346475163                                 -0.5964458263875468                                
parent#2: 0.14959328854101672                                -0.2567650112606648                                0.22188592331572796                                0.22142143328156233                                -0.6652282936828698                                -0.6090189489806026                                
son     : 0.5344517004632481                                 -0.020065687584489105                              0.03722366902427563                                0.18192590053151972                                -0.20006645330779538                               -0.7996558806728746                                
80  :
parent#1: 0.6560816456593503                                 0.22651640037532986                                -0.1657720086891399                                0.05282811595371769                                0.3636322346475163                                 -0.5964458263875468                                
parent#2: 0.40090888160811916                                -0.2872583678930971                                0.31943909958014877                                0.1488008952698584                                 -0.5671302467330627                                -0.5576154025759414                                
son     : 0.6608184967108723                                 -0.03797518958483002                               0.09607092341598007                                0.12605617236184274                                -0.12722465051571172                               -0.7215059991194919                                
81  :
parent#1: 0.6560816456593503                                 0.22651640037532986                                -0.1657720086891399                                0.05282811595371769                                0.3636322346475163                                 -0.5964458263875468                                
parent#2: 0.5242985970847376                                 0.27570686030733177                                -0.33732311194907016                               0.5258769159503622                                 -0.3725366253766915                                -0.3463809441105656                                
son     : 0.6679877752223162                                 0.2842126514998286                                 -0.28470604487505                                  0.32749437238367574                                -0.005039074645187469                              -0.5335541328453245                                
82  :
parent#1: 0.6560816456593503                                 0.22651640037532986                                -0.1657720086891399                                0.05282811595371769                                0.3636322346475163                                 -0.5964458263875468                                
parent#2: 0.5242985970847376                                 0.27570686030733177                                -0.33732311194907016                               0.5258769159503622                                 -0.3725366253766915                                -0.3463809441105656                                
son     : 0.6679877752223162                                 0.2842126514998286                                 -0.28470604487505                                  0.32749437238367574                                -0.005039074645187469                              -0.5335541328453245                                
83  :
parent#1: 0.6560816456593503                                 0.22651640037532986                                -0.1657720086891399                                0.05282811595371769                                0.3636322346475163                                 -0.5964458263875468                                
parent#2: 0.698995143743429                                  -0.010362182257682376                              0.21686712071030262                                0.24790929116535756                                -0.44688634897148793                               -0.4506668843099168                                
son     : 0.7722036681564998                                 0.12317758035801922                                0.029117045791182367                               0.17137813203307475                                -0.04744316556290918                               -0.5967073471387869                                
84  :
parent#1: 0.6560816456593503                                 0.22651640037532986                                -0.1657720086891399                                0.05282811595371769                                0.3636322346475163                                 -0.5964458263875468                                
parent#2: 0.4755700926491458                                 0.04621969206745066                                0.04923931944134888                                0.45498324488629516                                -0.3982488162695265                                -0.6353427765202688                                
son     : 0.6381227690392917                                 0.15379211168506957                                -0.0657111722883459                                0.28634780538860694                                -0.019519811768530168                              -0.6945885624966874                                
85  :
parent#1: 0.6560816456593503                                 0.22651640037532986                                -0.1657720086891399                                0.05282811595371769                                0.3636322346475163                                 -0.5964458263875468                                
parent#2: 0.6560816456593503                                 0.22651640037532986                                -0.1657720086891399                                0.05282811595371769                                0.3636322346475163                                 -0.5964458263875468                                
son     : 0.6560816456593505                                 0.22651640037532988                                -0.16577200868913994                               0.0528281159537177                                 0.3636322346475164                                 -0.596445826387547                                 
86  :
parent#1: 0.6560816456593503                                 0.22651640037532986                                -0.1657720086891399                                0.05282811595371769                                0.3636322346475163                                 -0.5964458263875468                                
parent#2: 0.5641767208535138                                 0.3197921805563334                                 -0.31547312264169725                               0.004936543688029115                               -0.14328983473460255                               -0.6777595086687055                                
son     : 0.6348483710374706                                 0.28422104875984255                                -0.2503713115839348                                0.03005248813158642                                0.11463475071672499                                -0.6629146773559027                                
87  :
parent#1: 0.5641767208535138                                 0.3197921805563334                                 -0.31547312264169725                               0.004936543688029115                               -0.14328983473460255                               -0.6777595086687055                                
parent#2: 0.5798208313001897                                 0.14989291866203025                                -0.20208695362487997                               0.16437496039811586                                -0.44998486056814396                               -0.6090938165451498                                
son     : 0.5842629527280242                                 0.23987778855387457                                -0.26432851871436835                               0.08647084875484344                                -0.30299752355574083                               -0.657222318441033                                 
88  :
parent#1: 0.5641767208535138                                 0.3197921805563334                                 -0.31547312264169725                               0.004936543688029115                               -0.14328983473460255                               -0.6777595086687055                                
parent#2: 0.6758771869691037                                 0.11055898270907379                                -0.2906054286256227                                0.01326012705159404                                0.4005354685788622                                 -0.5347062107094613                                
son     : 0.6511423951022117                                 0.22597395598364906                                -0.3182470028139557                                0.009554926357265616                               0.13507762613728094                                -0.636656057865637                                 
89  :
parent#1: 0.5641767208535138                                 0.3197921805563334                                 -0.31547312264169725                               0.004936543688029115                               -0.14328983473460255                               -0.6777595086687055                                
parent#2: 0.14959328854101672                                -0.2567650112606648                                0.22188592331572796                                0.22142143328156233                                -0.6652282936828698                                -0.6090189489806026                                
son     : 0.4203787232914688                                 0.037120193637252386                               -0.05511868928542944                               0.13331475981462793                                -0.476181142537017                                 -0.757855160718282                                 
90  :
parent#1: 0.5641767208535138                                 0.3197921805563334                                 -0.31547312264169725                               0.004936543688029115                               -0.14328983473460255                               -0.6777595086687055                                
parent#2: 0.5242985970847376                                 0.27570686030733177                                -0.33732311194907016                               0.5258769159503622                                 -0.3725366253766915                                -0.3463809441105656                                
son     : 0.5767090261607314                                 0.31551443223043896                                -0.3458723174773826                                0.2812419430519707                                 -0.2733013515108459                                -0.5426223575679188                                
91  :
parent#1: 0.5641767208535138                                 0.3197921805563334                                 -0.31547312264169725                               0.004936543688029115                               -0.14328983473460255                               -0.6777595086687055                                
parent#2: 0.5242985970847376                                 0.27570686030733177                                -0.33732311194907016                               0.5258769159503622                                 -0.3725366253766915                                -0.3463809441105656                                
son     : 0.5767090261607314                                 0.31551443223043896                                -0.3458723174773826                                0.2812419430519707                                 -0.2733013515108459                                -0.5426223575679188                                
92  :
parent#1: 0.5641767208535138                                 0.3197921805563334                                 -0.31547312264169725                               0.004936543688029115                               -0.14328983473460255                               -0.6777595086687055                                
parent#2: 0.698995143743429                                  -0.010362182257682376                              0.21686712071030262                                0.24790929116535756                                -0.44688634897148793                               -0.4506668843099168                                
son     : 0.6863991767205909                                 0.16814219983645604                                -0.0535818445948484                                0.13739474235041885                                -0.32069780682236804                               -0.6131793850375687                                
93  :
parent#1: 0.5641767208535138                                 0.3197921805563334                                 -0.31547312264169725                               0.004936543688029115                               -0.14328983473460255                               -0.6777595086687055                                
parent#2: 0.4755700926491458                                 0.04621969206745066                                0.04923931944134888                                0.45498324488629516                                -0.3982488162695265                                -0.6353427765202688                                
son     : 0.5545851527736788                                 0.19522517180142565                                -0.14200506556397838                               0.24531422736548475                                -0.28884848849715533                               -0.700388808103937                                 
94  :
parent#1: 0.5641767208535138                                 0.3197921805563334                                 -0.31547312264169725                               0.004936543688029115                               -0.14328983473460255                               -0.6777595086687055                                
parent#2: 0.6560816456593503                                 0.22651640037532986                                -0.1657720086891399                                0.05282811595371769                                0.3636322346475163                                 -0.5964458263875468                                
son     : 0.6348483710374706                                 0.28422104875984255                                -0.2503713115839348                                0.03005248813158642                                0.11463475071672499                                -0.6629146773559027                                
95  :
parent#1: 0.5641767208535138                                 0.3197921805563334                                 -0.31547312264169725                               0.004936543688029115                               -0.14328983473460255                               -0.6777595086687055                                
parent#2: 0.5641767208535138                                 0.3197921805563334                                 -0.31547312264169725                               0.004936543688029115                               -0.14328983473460255                               -0.6777595086687055                                
son     : 0.5641767208535138                                 0.3197921805563334                                 -0.31547312264169725                               0.004936543688029115                               -0.14328983473460255                               -0.6777595086687055                                

0   :
parent#1: 0.5798208313001897                                 0.14989291866203025                                -0.20208695362487997                               0.16437496039811586                                -0.44998486056814396                               -0.6090938165451498                                
parent#2: 0.4755700926491458                                 0.04621969206745066                                0.04923931944134888                                0.45498324488629516                                -0.3982488162695265                                -0.6353427765202688                                
son:      0.5394627124190526                                 0.1002428943844                                    -0.07812801631354667                               0.3165847363282464                                 -0.4335743558981019                                -0.636093341997342                                 
mutated:  0.5394627124190526                                 0.1002428943844                                    -0.07812801631354667                               0.3165847363282464                                 -0.4335743558981019                                -0.636093341997342                                 
1   :
parent#1: 0.5242985970847376                                 0.27570686030733177                                -0.33732311194907016                               0.5258769159503622                                 -0.3725366253766915                                -0.3463809441105656                                
parent#2: 0.6758771869691037                                 0.11055898270907379                                -0.2906054286256227                                0.01326012705159404                                0.4005354685788622                                 -0.5347062107094613                                
son:      0.6870289341196448                                 0.22111411839857795                                -0.3594515750660922                                0.30862374738718645                                0.01602766499486997                                -0.5043697572349599                                
mutated:  0.6870289341196448                                 0.22111411839857795                                -0.3594515750660922                                0.30862374738718645                                0.01602766499486997                                -0.5043697572349599                                
2   :
parent#1: 0.5242985970847376                                 0.27570686030733177                                -0.33732311194907016                               0.5258769159503622                                 -0.3725366253766915                                -0.3463809441105656                                
parent#2: 0.14959328854101672                                -0.2567650112606648                                0.22188592331572796                                0.22142143328156233                                -0.6652282936828698                                -0.6090189489806026                                
son:      0.3880373285457367                                 0.010907008466143123                               -0.066470511438965                                 0.43030590106205124                                -0.597561026389906                                 -0.5501339756654448                                
mutated:  0.3880373285457367                                 0.010907008466143123                               -0.066470511438965                                 0.43030590106205124                                -0.597561026389906                                 -0.5501339756654448                                
3   :
parent#1: 0.5641767208535138                                 0.3197921805563334                                 -0.31547312264169725                               0.004936543688029115                               -0.14328983473460255                               -0.6777595086687055                                
parent#2: 0.40090888160811916                                -0.2872583678930971                                0.31943909958014877                                0.1488008952698584                                 -0.5671302467330627                                -0.5576154025759414                                
son:      0.5584085313750685                                 0.018824401175367884                               0.0022947553585083635                              0.08895407545907424                                -0.4110564216685499                                -0.7148007266154961                                
mutated:  0.5584085313750685                                 0.018824401175367884                               0.0022947553585083635                              0.08895407545907424                                -0.4110564216685499                                -0.7148007266154961                                

