0   :
parent#1: 0.6348483710374707                                 0.2842210487598426                                 -0.25037131158393483                               0.030052488131586425                               0.114634750716725                                  -0.6629146773559028                                
parent#2: 0.6348483710374707                                 0.2842210487598426                                 -0.25037131158393483                               0.030052488131586425                               0.114634750716725                                  -0.6629146773559028                                
son     : 0.6410229425408097                                 0.250627031282941                                  -0.25280643725533475                               0.030344780346999188                               0.11574969484725989                                -0.6693622233569388                                
1   :
parent#1: 0.6348483710374707                                 0.2842210487598426                                 -0.25037131158393483                               0.030052488131586425                               0.114634750716725                                  -0.6629146773559028                                
parent#2: 0.40972469062548433                                -0.1778077935537971                                0.17164806583675268                                0.18098162449380223                                -0.5955117030410716                                -0.6194017041263207                                
son     : 0.6002136445581455                                 0.061145256450357635                               -0.045234524970555676                              0.12126059776357603                                -0.2763128006375293                                -0.7368214029765977                                
2   :
parent#1: 0.6348483710374707                                 0.2842210487598426                                 -0.25037131158393483                               0.030052488131586425                               0.114634750716725                                  -0.6629146773559028                                
parent#2: 0.6895244486403019                                 -0.11315018804532041                               0.0184637614168479                                 0.10377645135206284                                -0.10667966080292059                               -0.6994726994691678                                
son     : 0.6823479236033775                                 0.08813971780695247                                -0.11948420639058338                               0.0689518069367569                                 0.12202726565055377                                -0.7019339146104052                                
3   :
parent#1: 0.6348483710374707                                 0.2842210487598426                                 -0.25037131158393483                               0.030052488131586425                               0.114634750716725                                  -0.6629146773559028                                
parent#2: 0.6731897660399829                                 0.1279419860557388                                 -0.08016986834831938                               0.08110939258408084                                -0.006541335516957029                              -0.7193035914524933                                
son     : 0.6602660070732977                                 0.20804992878031228                                -0.1668491910601249                                0.05611182811755112                                0.05456294095853324                                -0.6977103429789722                                
4   :
parent#1: 0.6348483710374707                                 0.2842210487598426                                 -0.25037131158393483                               0.030052488131586425                               0.114634750716725                                  -0.6629146773559028                                
parent#2: 0.40972469062548433                                -0.1778077935537971                                0.17164806583675268                                0.18098162449380223                                -0.5955117030410716                                -0.6194017041263207                                
son     : 0.6002136445581455                                 0.061145256450357635                               -0.045234524970555676                              0.12126059776357603                                -0.2763128006375293                                -0.7368214029765977                                
5   :
parent#1: 0.6348483710374707                                 0.2842210487598426                                 -0.25037131158393483                               0.030052488131586425                               0.114634750716725                                  -0.6629146773559028                                
parent#2: 0.6419947789485377                                 0.050195385750532354                               -0.05155485797302581                               0.15005573434967168                                -0.2645137542806361                                -0.700129255249842                                 
son     : 0.6597009004645127                                 0.17278145947608645                                -0.1559948580471381                                0.09305571835761561                                -0.07743732157933378                               -0.7042378773951631                                
6   :
parent#1: 0.6348483710374707                                 0.2842210487598426                                 -0.25037131158393483                               0.030052488131586425                               0.114634750716725                                  -0.6629146773559028                                
parent#2: 0.5984079178075883                                 -0.13378430762286633                               0.1318007486982208                                 0.1851308083872101                                 -0.36553623049065065                               -0.6623806560930274                                
son     : 0.6665496170330613                                 0.08130795934270825                                -0.06408494649306148                               0.11630213864211274                                -0.13560708083877412                               -0.7162948244872653                                
7   :
parent#1: 0.6348483710374707                                 0.2842210487598426                                 -0.25037131158393483                               0.030052488131586425                               0.114634750716725                                  -0.6629146773559028                                
parent#2: 0.44507430759077676                                -0.053405126245016886                              0.09071079126659479                                0.19541015614946997                                -0.5450474005811333                                -0.6749566708719323                                
son     : 0.5971083469775751                                 0.1276222054378909                                 -0.08827912521048596                               0.12466228323203696                                -0.2379827657709977                                -0.7397327281094909                                
8   :
parent#1: 0.6348483710374707                                 0.2842210487598426                                 -0.25037131158393483                               0.030052488131586425                               0.114634750716725                                  -0.6629146773559028                                
parent#2: 0.7383360970808645                                 0.010299768205315918                               0.02683081296753728                                0.14052017894457194                                -0.07790225864557991                               -0.6543845562092038                                
son     : 0.7055371442258467                                 0.1513237157433056                                 -0.11485428846187885                               0.08763961085054163                                0.018873019727412853                               -0.6768235156446074                                
9   :
parent#1: 0.40972469062548433                                -0.1778077935537971                                0.17164806583675268                                0.18098162449380223                                -0.5955117030410716                                -0.6194017041263207                                
parent#2: 0.6348483710374707                                 0.2842210487598426                                 -0.25037131158393483                               0.030052488131586425                               0.114634750716725                                  -0.6629146773559028                                
son     : 0.6002136445581455                                 0.061145256450357635                               -0.045234524970555676                              0.12126059776357603                                -0.2763128006375293                                -0.7368214029765977                                
10  :
parent#1: 0.40972469062548433                                -0.1778077935537971                                0.17164806583675268                                0.18098162449380223                                -0.5955117030410716                                -0.6194017041263207                                
parent#2: 0.40972469062548433                                -0.1778077935537971                                0.17164806583675268                                0.18098162449380223                                -0.5955117030410716                                -0.6194017041263207                                
son     : 0.40972469062548433                                -0.1778077935537971                                0.17164806583675268                                0.18098162449380223                                -0.5955117030410716                                -0.6194017041263207                                
11  :
parent#1: 0.40972469062548433                                -0.1778077935537971                                0.17164806583675268                                0.18098162449380223                                -0.5955117030410716                                -0.6194017041263207                                
parent#2: 0.6895244486403019                                 -0.11315018804532041                               0.0184637614168479                                 0.10377645135206284                                -0.10667966080292059                               -0.6994726994691678                                
son     : 0.5759465862440764                                 -0.1524461109466108                                0.09960822710715837                                0.14919769852938047                                -0.36790997095175704                               -0.6910182444562738                                
12  :
parent#1: 0.40972469062548433                                -0.1778077935537971                                0.17164806583675268                                0.18098162449380223                                -0.5955117030410716                                -0.6194017041263207                                
parent#2: 0.6731897660399829                                 0.1279419860557388                                 -0.08016986834831938                               0.08110939258408084                                -0.006541335516957029                              -0.7193035914524933                                
son     : 0.5867021025270043                                 -0.02701632979709634                               0.04956111765938328                                0.14199584263241322                                -0.3261806889552727                                -0.7252846305133003                                
13  :
parent#1: 0.40972469062548433                                -0.1778077935537971                                0.17164806583675268                                0.18098162449380223                                -0.5955117030410716                                -0.6194017041263207                                
parent#2: 0.40972469062548433                                -0.1778077935537971                                0.17164806583675268                                0.18098162449380223                                -0.5955117030410716                                -0.6194017041263207                                
son     : 0.40972469062548433                                -0.1778077935537971                                0.17164806583675268                                0.18098162449380223                                -0.5955117030410716                                -0.6194017041263207                                
14  :
parent#1: 0.40972469062548433                                -0.1778077935537971                                0.17164806583675268                                0.18098162449380223                                -0.5955117030410716                                -0.6194017041263207                                
parent#2: 0.6419947789485377                                 0.050195385750532354                               -0.05155485797302581                               0.15005573434967168                                -0.2645137542806361                                -0.700129255249842                                 
son     : 0.5447632845340036                                 -0.06609990252472583                               0.06220515285560577                                0.17146872728340218                                -0.44547078043843064                               -0.6834826588930714                                
15  :
parent#1: 0.40972469062548433                                -0.1778077935537971                                0.17164806583675268                                0.18098162449380223                                -0.5955117030410716                                -0.6194017041263207                                
parent#2: 0.5984079178075883                                 -0.13378430762286633                               0.1318007486982208                                 0.1851308083872101                                 -0.36553623049065065                               -0.6623806560930274                                
son     : 0.5100877476326503                                 -0.1576571492081448                                0.15353686710771472                                0.18524295782758948                                -0.4862641796143762                                -0.648547097485296                                 
16  :
parent#1: 0.40972469062548433                                -0.1778077935537971                                0.17164806583675268                                0.18098162449380223                                -0.5955117030410716                                -0.6194017041263207                                
parent#2: 0.44507430759077676                                -0.053405126245016886                              0.09071079126659479                                0.19541015614946997                                -0.5450474005811333                                -0.6749566708719323                                
son     : 0.4289636522077689                                 -0.11602954463153048                               0.13165950564630313                                0.18888463044837944                                -0.5723666027563822                                -0.649547667888693                                 
17  :
parent#1: 0.40972469062548433                                -0.1778077935537971                                0.17164806583675268                                0.18098162449380223                                -0.5955117030410716                                -0.6194017041263207                                
parent#2: 0.7383360970808645                                 0.010299768205315918                               0.02683081296753728                                0.14052017894457194                                -0.07790225864557991                               -0.6543845562092038                                
son     : 0.6080545927150458                                 -0.08871831981411124                               0.10512160602139699                                0.17027900459646741                                -0.3566644350078938                                -0.674643358634115                                 
18  :
parent#1: 0.40972469062548433                                -0.1778077935537971                                0.17164806583675268                                0.18098162449380223                                -0.5955117030410716                                -0.6194017041263207                                
parent#2: 0.6895244486403019                                 -0.11315018804532041                               0.0184637614168479                                 0.10377645135206284                                -0.10667966080292059                               -0.6994726994691678                                
son     : 0.5759465862440764                                 -0.1524461109466108                                0.09960822710715837                                0.14919769852938047                                -0.36790997095175704                               -0.6910182444562738                                
19  :
parent#1: 0.6895244486403019                                 -0.11315018804532041                               0.0184637614168479                                 0.10377645135206284                                -0.10667966080292059                               -0.6994726994691678                                
parent#2: 0.6348483710374707                                 0.2842210487598426                                 -0.25037131158393483                               0.030052488131586425                               0.114634750716725                                  -0.6629146773559028                                
son     : 0.687479815267362                                  0.08880261054456175                                -0.12038283886463787                               0.06947038872032381                                0.004129474467550721                               -0.7072131111616811                                
20  :
parent#1: 0.6895244486403019                                 -0.11315018804532041                               0.0184637614168479                                 0.10377645135206284                                -0.10667966080292059                               -0.6994726994691678                                
parent#2: 0.40972469062548433                                -0.1778077935537971                                0.17164806583675268                                0.18098162449380223                                -0.5955117030410716                                -0.6194017041263207                                
son     : 0.5759465862440764                                 -0.1524461109466108                                0.09960822710715837                                0.14919769852938047                                -0.36790997095175704                               -0.6910182444562738                                
21  :
parent#1: 0.6895244486403019                                 -0.11315018804532041                               0.0184637614168479                                 0.10377645135206284                                -0.10667966080292059                               -0.6994726994691678                                
parent#2: 0.6895244486403019                                 -0.11315018804532041                               0.0184637614168479                                 0.10377645135206284                                -0.10667966080292059                               -0.6994726994691678                                
son     : 0.6895244486403019                                 -0.11315018804532041                               0.0184637614168479                                 0.10377645135206284                                -0.10667966080292059                               -0.6994726994691678                                
22  :
parent#1: 0.6895244486403019                                 -0.11315018804532041                               0.0184637614168479                                 0.10377645135206284                                -0.10667966080292059                               -0.6994726994691678                                
parent#2: 0.6731897660399829                                 0.1279419860557388                                 -0.08016986834831938                               0.08110939258408084                                -0.006541335516957029                              -0.7193035914524933                                
son     : 0.6881917212873984                                 0.007470086408479749                               -0.031162536858894332                              0.09337020617337576                                -0.057178351486948824                              -0.7165039354933315                                
23  :
parent#1: 0.6895244486403019                                 -0.11315018804532041                               0.0184637614168479                                 0.10377645135206284                                -0.10667966080292059                               -0.6994726994691678                                
parent#2: 0.40972469062548433                                -0.1778077935537971                                0.17164806583675268                                0.18098162449380223                                -0.5955117030410716                                -0.6194017041263207                                
son     : 0.5759465862440764                                 -0.1524461109466108                                0.09960822710715837                                0.14919769852938047                                -0.36790997095175704                               -0.6910182444562738                                
24  :
parent#1: 0.6895244486403019                                 -0.11315018804532041                               0.0184637614168479                                 0.10377645135206284                                -0.10667966080292059                               -0.6994726994691678                                
parent#2: 0.5984079178075883                                 -0.13378430762286633                               0.1318007486982208                                 0.1851308083872101                                 -0.36553623049065065                               -0.6623806560930274                                
son     : 0.651883668423643                                  -0.12498526249517365                               0.07605599691376018                                0.14622966952254124                                -0.23901086386499176                               -0.6892985877258414                                
25  :
parent#1: 0.6895244486403019                                 -0.11315018804532041                               0.0184637614168479                                 0.10377645135206284                                -0.10667966080292059                               -0.6994726994691678                                
parent#2: 0.44507430759077676                                -0.053405126245016886                              0.09071079126659479                                0.19541015614946997                                -0.5450474005811333                                -0.6749566708719323                                
son     : 0.5874500543541676                                 -0.08623570922803557                               0.056526235865993084                               0.15490691125261447                                -0.33743831952180425                               -0.7116247958837021                                
26  :
parent#1: 0.6895244486403019                                 -0.11315018804532041                               0.0184637614168479                                 0.10377645135206284                                -0.10667966080292059                               -0.6994726994691678                                
parent#2: 0.7383360970808645                                 0.010299768205315918                               0.02683081296753728                                0.14052017894457194                                -0.07790225864557991                               -0.6543845562092038                                
son     : 0.7158930480473488                                 -0.05156659085010451                               0.02270955032213423                                0.12248413181164182                                -0.0925446909534692                                -0.6787896761298127                                
27  :
parent#1: 0.6895244486403019                                 -0.11315018804532041                               0.0184637614168479                                 0.10377645135206284                                -0.10667966080292059                               -0.6994726994691678                                
parent#2: 0.6895244486403019                                 -0.11315018804532041                               0.0184637614168479                                 0.10377645135206284                                -0.10667966080292059                               -0.6994726994691678                                
son     : 0.6895244486403019                                 -0.11315018804532041                               0.0184637614168479                                 0.10377645135206284                                -0.10667966080292059                               -0.6994726994691678                                
28  :
parent#1: 0.6731897660399829                                 0.1279419860557388                                 -0.08016986834831938                               0.08110939258408084                                -0.006541335516957029                              -0.7193035914524933                                
parent#2: 0.6348483710374707                                 0.2842210487598426                                 -0.25037131158393483                               0.030052488131586425                               0.114634750716725                                  -0.6629146773559028                                
son     : 0.6602660070732977                                 0.20804992878031228                                -0.1668491910601249                                0.05611182811755112                                0.05456294095853324                                -0.6977103429789722                                
29  :
parent#1: 0.6731897660399829                                 0.1279419860557388                                 -0.08016986834831938                               0.08110939258408084                                -0.006541335516957029                              -0.7193035914524933                                
parent#2: 0.40972469062548433                                -0.1778077935537971                                0.17164806583675268                                0.18098162449380223                                -0.5955117030410716                                -0.6194017041263207                                
son     : 0.5867021025270043                                 -0.02701632979709634                               0.04956111765938328                                0.14199584263241322                                -0.3261806889552727                                -0.7252846305133003                                
30  :
parent#1: 0.6731897660399829                                 0.1279419860557388                                 -0.08016986834831938                               0.08110939258408084                                -0.006541335516957029                              -0.7193035914524933                                
parent#2: 0.6895244486403019                                 -0.11315018804532041                               0.0184637614168479                                 0.10377645135206284                                -0.10667966080292059                               -0.6994726994691678                                
son     : 0.6881917212873984                                 0.007470086408479749                               -0.031162536858894332                              0.09337020617337576                                -0.057178351486948824                              -0.7165039354933315                                
31  :
parent#1: 0.6731897660399829                                 0.1279419860557388                                 -0.08016986834831938                               0.08110939258408084                                -0.006541335516957029                              -0.7193035914524933                                
parent#2: 0.6731897660399829                                 0.1279419860557388                                 -0.08016986834831938                               0.08110939258408084                                -0.006541335516957029                              -0.7193035914524933                                
son     : 0.6731897660399829                                 0.1279419860557388                                 -0.08016986834831938                               0.08110939258408084                                -0.006541335516957029                              -0.7193035914524933                                
32  :
parent#1: 0.6731897660399829                                 0.1279419860557388                                 -0.08016986834831938                               0.08110939258408084                                -0.006541335516957029                              -0.7193035914524933                                
parent#2: 0.40972469062548433                                -0.1778077935537971                                0.17164806583675268                                0.18098162449380223                                -0.5955117030410716                                -0.6194017041263207                                
son     : 0.5867021025270043                                 -0.02701632979709634                               0.04956111765938328                                0.14199584263241322                                -0.3261806889552727                                -0.7252846305133003                                
33  :
parent#1: 0.6731897660399829                                 0.1279419860557388                                 -0.08016986834831938                               0.08110939258408084                                -0.006541335516957029                              -0.7193035914524933                                
parent#2: 0.6419947789485377                                 0.050195385750532354                               -0.05155485797302581                               0.15005573434967168                                -0.2645137542806361                                -0.700129255249842                                 
son     : 0.664226782832877                                  0.08996730825955401                                -0.06652685474245136                               0.11674868682987775                                -0.1368948950569544                                -0.7168768191544053                                
34  :
parent#1: 0.6731897660399829                                 0.1279419860557388                                 -0.08016986834831938                               0.08110939258408084                                -0.006541335516957029                              -0.7193035914524933                                
parent#2: 0.5984079178075883                                 -0.13378430762286633                               0.1318007486982208                                 0.1851308083872101                                 -0.36553623049065065                               -0.6623806560930274                                
son     : 0.6577000925935952                                 -0.003021785494319866                              0.026704700093563214                               0.13770566512918073                                -0.19244722817892265                               -0.7146394406729137                                
35  :
parent#1: 0.6731897660399829                                 0.1279419860557388                                 -0.08016986834831938                               0.08110939258408084                                -0.006541335516957029                              -0.7193035914524933                                
parent#2: 0.44507430759077676                                -0.053405126245016886                              0.09071079126659479                                0.19541015614946997                                -0.5450474005811333                                -0.6749566708719323                                
son     : 0.5909502599975729                                 0.03938924420735066                                0.005570384747266805                               0.14612764826464378                                -0.2914888483813784                                -0.7368013369594849                                
36  :
parent#1: 0.6731897660399829                                 0.1279419860557388                                 -0.08016986834831938                               0.08110939258408084                                -0.006541335516957029                              -0.7193035914524933                                
parent#2: 0.7383360970808645                                 0.010299768205315918                               0.02683081296753728                                0.14052017894457194                                -0.07790225864557991                               -0.6543845562092038                                
son     : 0.7095307332499817                                 0.06948988738310655                                -0.026811906224312346                              0.1114063840452218                                 -0.04244720330659579                               -0.6905108748855895                                
37  :
parent#1: 0.6731897660399829                                 0.1279419860557388                                 -0.08016986834831938                               0.08110939258408084                                -0.006541335516957029                              -0.7193035914524933                                
parent#2: 0.6895244486403019                                 -0.11315018804532041                               0.0184637614168479                                 0.10377645135206284                                -0.10667966080292059                               -0.6994726994691678                                
son     : 0.6881917212873984                                 0.007470086408479749                               -0.031162536858894332                              0.09337020617337576                                -0.057178351486948824                              -0.7165039354933315                                
38  :
parent#1: 0.40972469062548433                                -0.1778077935537971                                0.17164806583675268                                0.18098162449380223                                -0.5955117030410716                                -0.6194017041263207                                
parent#2: 0.6348483710374707                                 0.2842210487598426                                 -0.25037131158393483                               0.030052488131586425                               0.114634750716725                                  -0.6629146773559028                                
son     : 0.6002136445581455                                 0.061145256450357635                               -0.045234524970555676                              0.12126059776357603                                -0.2763128006375293                                -0.7368214029765977                                
39  :
parent#1: 0.40972469062548433                                -0.1778077935537971                                0.17164806583675268                                0.18098162449380223                                -0.5955117030410716                                -0.6194017041263207                                
parent#2: 0.40972469062548433                                -0.1778077935537971                                0.17164806583675268                                0.18098162449380223                                -0.5955117030410716                                -0.6194017041263207                                
son     : 0.40972469062548433                                -0.1778077935537971                                0.17164806583675268                                0.18098162449380223                                -0.5955117030410716                                -0.6194017041263207                                
40  :
parent#1: 0.40972469062548433                                -0.1778077935537971                                0.17164806583675268                                0.18098162449380223                                -0.5955117030410716                                -0.6194017041263207                                
parent#2: 0.6895244486403019                                 -0.11315018804532041                               0.0184637614168479                                 0.10377645135206284                                -0.10667966080292059                               -0.6994726994691678                                
son     : 0.5759465862440764                                 -0.1524461109466108                                0.09960822710715837                                0.14919769852938047                                -0.36790997095175704                               -0.6910182444562738                                
41  :
parent#1: 0.40972469062548433                                -0.1778077935537971                                0.17164806583675268                                0.18098162449380223                                -0.5955117030410716                                -0.6194017041263207                                
parent#2: 0.6731897660399829                                 0.1279419860557388                                 -0.08016986834831938                               0.08110939258408084                                -0.006541335516957029                              -0.7193035914524933                                
son     : 0.5867021025270043                                 -0.02701632979709634                               0.04956111765938328                                0.14199584263241322                                -0.3261806889552727                                -0.7252846305133003                                
42  :
parent#1: 0.40972469062548433                                -0.1778077935537971                                0.17164806583675268                                0.18098162449380223                                -0.5955117030410716                                -0.6194017041263207                                
parent#2: 0.40972469062548433                                -0.1778077935537971                                0.17164806583675268                                0.18098162449380223                                -0.5955117030410716                                -0.6194017041263207                                
son     : 0.40972469062548433                                -0.1778077935537971                                0.17164806583675268                                0.18098162449380223                                -0.5955117030410716                                -0.6194017041263207                                
43  :
parent#1: 0.40972469062548433                                -0.1778077935537971                                0.17164806583675268                                0.18098162449380223                                -0.5955117030410716                                -0.6194017041263207                                
parent#2: 0.6419947789485377                                 0.050195385750532354                               -0.05155485797302581                               0.15005573434967168                                -0.2645137542806361                                -0.700129255249842                                 
son     : 0.5447632845340036                                 -0.06609990252472583                               0.06220515285560577                                0.17146872728340218                                -0.44547078043843064                               -0.6834826588930714                                
44  :
parent#1: 0.40972469062548433                                -0.1778077935537971                                0.17164806583675268                                0.18098162449380223                                -0.5955117030410716                                -0.6194017041263207                                
parent#2: 0.5984079178075883                                 -0.13378430762286633                               0.1318007486982208                                 0.1851308083872101                                 -0.36553623049065065                               -0.6623806560930274                                
son     : 0.5100877476326503                                 -0.1576571492081448                                0.15353686710771472                                0.18524295782758948                                -0.4862641796143762                                -0.648547097485296                                 
45  :
parent#1: 0.40972469062548433                                -0.1778077935537971                                0.17164806583675268                                0.18098162449380223                                -0.5955117030410716                                -0.6194017041263207                                
parent#2: 0.44507430759077676                                -0.053405126245016886                              0.09071079126659479                                0.19541015614946997                                -0.5450474005811333                                -0.6749566708719323                                
son     : 0.4289636522077689                                 -0.11602954463153048                               0.13165950564630313                                0.18888463044837944                                -0.5723666027563822                                -0.649547667888693                                 
46  :
parent#1: 0.40972469062548433                                -0.1778077935537971                                0.17164806583675268                                0.18098162449380223                                -0.5955117030410716                                -0.6194017041263207                                
parent#2: 0.7383360970808645                                 0.010299768205315918                               0.02683081296753728                                0.14052017894457194                                -0.07790225864557991                               -0.6543845562092038                                
son     : 0.6080545927150458                                 -0.08871831981411124                               0.10512160602139699                                0.17027900459646741                                -0.3566644350078938                                -0.674643358634115                                 
47  :
parent#1: 0.40972469062548433                                -0.1778077935537971                                0.17164806583675268                                0.18098162449380223                                -0.5955117030410716                                -0.6194017041263207                                
parent#2: 0.6895244486403019                                 -0.11315018804532041                               0.0184637614168479                                 0.10377645135206284                                -0.10667966080292059                               -0.6994726994691678                                
son     : 0.5759465862440764                                 -0.1524461109466108                                0.09960822710715837                                0.14919769852938047                                -0.36790997095175704                               -0.6910182444562738                                
48  :
parent#1: 0.6419947789485377                                 0.050195385750532354                               -0.05155485797302581                               0.15005573434967168                                -0.2645137542806361                                -0.700129255249842                                 
parent#2: 0.6348483710374707                                 0.2842210487598426                                 -0.25037131158393483                               0.030052488131586425                               0.114634750716725                                  -0.6629146773559028                                
son     : 0.6597009004645127                                 0.17278145947608645                                -0.1559948580471381                                0.09305571835761561                                -0.07743732157933378                               -0.7042378773951631                                
49  :
parent#1: 0.6419947789485377                                 0.050195385750532354                               -0.05155485797302581                               0.15005573434967168                                -0.2645137542806361                                -0.700129255249842                                 
parent#2: 0.40972469062548433                                -0.1778077935537971                                0.17164806583675268                                0.18098162449380223                                -0.5955117030410716                                -0.6194017041263207                                
son     : 0.5447632845340036                                 -0.06609990252472583                               0.06220515285560577                                0.17146872728340218                                -0.44547078043843064                               -0.6834826588930714                                
50  :
parent#1: 0.6419947789485377                                 0.050195385750532354                               -0.05155485797302581                               0.15005573434967168                                -0.2645137542806361                                -0.700129255249842                                 
parent#2: 0.6895244486403019                                 -0.11315018804532041                               0.0184637614168479                                 0.10377645135206284                                -0.10667966080292059                               -0.6994726994691678                                
son     : 0.67088609075565                                   -0.03171978318505146                               -0.01667295217928855                               0.1278933711545197                                 -0.18702583785485094                               -0.7051895793617099                                
51  :
parent#1: 0.6419947789485377                                 0.050195385750532354                               -0.05155485797302581                               0.15005573434967168                                -0.2645137542806361                                -0.700129255249842                                 
parent#2: 0.6731897660399829                                 0.1279419860557388                                 -0.08016986834831938                               0.08110939258408084                                -0.006541335516957029                              -0.7193035914524933                                
son     : 0.664226782832877                                  0.08996730825955401                                -0.06652685474245136                               0.11674868682987775                                -0.1368948950569544                                -0.7168768191544053                                
52  :
parent#1: 0.6419947789485377                                 0.050195385750532354                               -0.05155485797302581                               0.15005573434967168                                -0.2645137542806361                                -0.700129255249842                                 
parent#2: 0.40972469062548433                                -0.1778077935537971                                0.17164806583675268                                0.18098162449380223                                -0.5955117030410716                                -0.6194017041263207                                
son     : 0.5447632845340036                                 -0.06609990252472583                               0.06220515285560577                                0.17146872728340218                                -0.44547078043843064                               -0.6834826588930714                                
53  :
parent#1: 0.6419947789485377                                 0.050195385750532354                               -0.05155485797302581                               0.15005573434967168                                -0.2645137542806361                                -0.700129255249842                                 
parent#2: 0.6419947789485377                                 0.050195385750532354                               -0.05155485797302581                               0.15005573434967168                                -0.2645137542806361                                -0.700129255249842                                 
son     : 0.6419947789485378                                 0.05019538575053236                                -0.051554857973025815                              0.1500557343496717                                 -0.26451375428063617                               -0.7001292552498422                                
54  :
parent#1: 0.6419947789485377                                 0.050195385750532354                               -0.05155485797302581                               0.15005573434967168                                -0.2645137542806361                                -0.700129255249842                                 
parent#2: 0.5984079178075883                                 -0.13378430762286633                               0.1318007486982208                                 0.1851308083872101                                 -0.36553623049065065                               -0.6623806560930274                                
son     : 0.626676116918965                                  -0.042230786109533895                              0.040541820273272015                               0.16934290903685456                                -0.3183137854778072                                -0.6883671107269669                                
55  :
parent#1: 0.6419947789485377                                 0.050195385750532354                               -0.05155485797302581                               0.15005573434967168                                -0.2645137542806361                                -0.700129255249842                                 
parent#2: 0.44507430759077676                                -0.053405126245016886                              0.09071079126659479                                0.19541015614946997                                -0.5450474005811333                                -0.6749566708719323                                
son     : 0.5541037535559415                                 -0.0016360774839033765                             0.019958666731130496                               0.17609179492033816                                -0.4126516706220089                                -0.7009124650500925                                
56  :
parent#1: 0.6419947789485377                                 0.050195385750532354                               -0.05155485797302581                               0.15005573434967168                                -0.2645137542806361                                -0.700129255249842                                 
parent#2: 0.7383360970808645                                 0.010299768205315918                               0.02683081296753728                                0.14052017894457194                                -0.07790225864557991                               -0.6543845562092038                                
son     : 0.694873959461106                                  0.030453935275598417                               -0.012446360032369838                              0.14627915589022666                                -0.17237604027909664                               -0.6818773611880377                                
57  :
parent#1: 0.6419947789485377                                 0.050195385750532354                               -0.05155485797302581                               0.15005573434967168                                -0.2645137542806361                                -0.700129255249842                                 
parent#2: 0.6895244486403019                                 -0.11315018804532041                               0.0184637614168479                                 0.10377645135206284                                -0.10667966080292059                               -0.6994726994691678                                
son     : 0.67088609075565                                   -0.03171978318505146                               -0.01667295217928855                               0.1278933711545197                                 -0.18702583785485094                               -0.7051895793617099                                
58  :
parent#1: 0.5984079178075883                                 -0.13378430762286633                               0.1318007486982208                                 0.1851308083872101                                 -0.36553623049065065                               -0.6623806560930274                                
parent#2: 0.6348483710374707                                 0.2842210487598426                                 -0.25037131158393483                               0.030052488131586425                               0.114634750716725                                  -0.6629146773559028                                
son     : 0.6665496170330613                                 0.08130795934270825                                -0.06408494649306148                               0.11630213864211274                                -0.13560708083877412                               -0.7162948244872653                                
59  :
parent#1: 0.5984079178075883                                 -0.13378430762286633                               0.1318007486982208                                 0.1851308083872101                                 -0.36553623049065065                               -0.6623806560930274                                
parent#2: 0.40972469062548433                                -0.1778077935537971                                0.17164806583675268                                0.18098162449380223                                -0.5955117030410716                                -0.6194017041263207                                
son     : 0.5100877476326503                                 -0.1576571492081448                                0.15353686710771472                                0.18524295782758948                                -0.4862641796143762                                -0.648547097485296                                 
60  :
parent#1: 0.5984079178075883                                 -0.13378430762286633                               0.1318007486982208                                 0.1851308083872101                                 -0.36553623049065065                               -0.6623806560930274                                
parent#2: 0.6895244486403019                                 -0.11315018804532041                               0.0184637614168479                                 0.10377645135206284                                -0.10667966080292059                               -0.6994726994691678                                
son     : 0.651883668423643                                  -0.12498526249517365                               0.07605599691376018                                0.14622966952254124                                -0.23901086386499176                               -0.6892985877258414                                
61  :
parent#1: 0.5984079178075883                                 -0.13378430762286633                               0.1318007486982208                                 0.1851308083872101                                 -0.36553623049065065                               -0.6623806560930274                                
parent#2: 0.6731897660399829                                 0.1279419860557388                                 -0.08016986834831938                               0.08110939258408084                                -0.006541335516957029                              -0.7193035914524933                                
son     : 0.6577000925935952                                 -0.003021785494319866                              0.026704700093563214                               0.13770566512918073                                -0.19244722817892265                               -0.7146394406729137                                
62  :
parent#1: 0.5984079178075883                                 -0.13378430762286633                               0.1318007486982208                                 0.1851308083872101                                 -0.36553623049065065                               -0.6623806560930274                                
parent#2: 0.40972469062548433                                -0.1778077935537971                                0.17164806583675268                                0.18098162449380223                                -0.5955117030410716                                -0.6194017041263207                                
son     : 0.5100877476326503                                 -0.1576571492081448                                0.15353686710771472                                0.18524295782758948                                -0.4862641796143762                                -0.648547097485296                                 
63  :
parent#1: 0.5984079178075883                                 -0.13378430762286633                               0.1318007486982208                                 0.1851308083872101                                 -0.36553623049065065                               -0.6623806560930274                                
parent#2: 0.6419947789485377                                 0.050195385750532354                               -0.05155485797302581                               0.15005573434967168                                -0.2645137542806361                                -0.700129255249842                                 
son     : 0.626676116918965                                  -0.042230786109533895                              0.040541820273272015                               0.16934290903685456                                -0.3183137854778072                                -0.6883671107269669                                
64  :
parent#1: 0.5984079178075883                                 -0.13378430762286633                               0.1318007486982208                                 0.1851308083872101                                 -0.36553623049065065                               -0.6623806560930274                                
parent#2: 0.5984079178075883                                 -0.13378430762286633                               0.1318007486982208                                 0.1851308083872101                                 -0.36553623049065065                               -0.6623806560930274                                
son     : 0.5984079178075883                                 -0.13378430762286633                               0.1318007486982208                                 0.1851308083872101                                 -0.36553623049065065                               -0.6623806560930274                                
65  :
parent#1: 0.5984079178075883                                 -0.13378430762286633                               0.1318007486982208                                 0.1851308083872101                                 -0.36553623049065065                               -0.6623806560930274                                
parent#2: 0.44507430759077676                                -0.053405126245016886                              0.09071079126659479                                0.19541015614946997                                -0.5450474005811333                                -0.6749566708719323                                
son     : 0.5259757266480873                                 -0.09435436091105097                               0.11215875658629325                                0.1918147769744061                                 -0.45898710621926603                               -0.6740957873580159                                
66  :
parent#1: 0.5984079178075883                                 -0.13378430762286633                               0.1318007486982208                                 0.1851308083872101                                 -0.36553623049065065                               -0.6623806560930274                                
parent#2: 0.7383360970808645                                 0.010299768205315918                               0.02683081296753728                                0.14052017894457194                                -0.07790225864557991                               -0.6543845562092038                                
son     : 0.680045393139311                                  -0.06282062326034973                               0.08070106281814571                                0.16566930634413687                                -0.2255916602723029                                -0.6698815229383784                                
67  :
parent#1: 0.5984079178075883                                 -0.13378430762286633                               0.1318007486982208                                 0.1851308083872101                                 -0.36553623049065065                               -0.6623806560930274                                
parent#2: 0.6895244486403019                                 -0.11315018804532041                               0.0184637614168479                                 0.10377645135206284                                -0.10667966080292059                               -0.6994726994691678                                
son     : 0.651883668423643                                  -0.12498526249517365                               0.07605599691376018                                0.14622966952254124                                -0.23901086386499176                               -0.6892985877258414                                
68  :
parent#1: 0.44507430759077676                                -0.053405126245016886                              0.09071079126659479                                0.19541015614946997                                -0.5450474005811333                                -0.6749566708719323                                
parent#2: 0.6348483710374707                                 0.2842210487598426                                 -0.25037131158393483                               0.030052488131586425                               0.114634750716725                                  -0.6629146773559028                                
son     : 0.5971083469775751                                 0.1276222054378909                                 -0.08827912521048596                               0.12466228323203696                                -0.2379827657709977                                -0.7397327281094909                                
69  :
parent#1: 0.44507430759077676                                -0.053405126245016886                              0.09071079126659479                                0.19541015614946997                                -0.5450474005811333                                -0.6749566708719323                                
parent#2: 0.40972469062548433                                -0.1778077935537971                                0.17164806583675268                                0.18098162449380223                                -0.5955117030410716                                -0.6194017041263207                                
son     : 0.4289636522077689                                 -0.11602954463153048                               0.13165950564630313                                0.18888463044837944                                -0.5723666027563822                                -0.649547667888693                                 
70  :
parent#1: 0.44507430759077676                                -0.053405126245016886                              0.09071079126659479                                0.19541015614946997                                -0.5450474005811333                                -0.6749566708719323                                
parent#2: 0.6895244486403019                                 -0.11315018804532041                               0.0184637614168479                                 0.10377645135206284                                -0.10667966080292059                               -0.6994726994691678                                
son     : 0.5874500543541676                                 -0.08623570922803557                               0.056526235865993084                               0.15490691125261447                                -0.33743831952180425                               -0.7116247958837021                                
71  :
parent#1: 0.44507430759077676                                -0.053405126245016886                              0.09071079126659479                                0.19541015614946997                                -0.5450474005811333                                -0.6749566708719323                                
parent#2: 0.6731897660399829                                 0.1279419860557388                                 -0.08016986834831938                               0.08110939258408084                                -0.006541335516957029                              -0.7193035914524933                                
son     : 0.5909502599975729                                 0.03938924420735066                                0.005570384747266805                               0.14612764826464378                                -0.2914888483813784                                -0.7368013369594849                                
72  :
parent#1: 0.44507430759077676                                -0.053405126245016886                              0.09071079126659479                                0.19541015614946997                                -0.5450474005811333                                -0.6749566708719323                                
parent#2: 0.40972469062548433                                -0.1778077935537971                                0.17164806583675268                                0.18098162449380223                                -0.5955117030410716                                -0.6194017041263207                                
son     : 0.4289636522077689                                 -0.11602954463153048                               0.13165950564630313                                0.18888463044837944                                -0.5723666027563822                                -0.649547667888693                                 
73  :
parent#1: 0.44507430759077676                                -0.053405126245016886                              0.09071079126659479                                0.19541015614946997                                -0.5450474005811333                                -0.6749566708719323                                
parent#2: 0.6419947789485377                                 0.050195385750532354                               -0.05155485797302581                               0.15005573434967168                                -0.2645137542806361                                -0.700129255249842                                 
son     : 0.5541037535559415                                 -0.0016360774839033765                             0.019958666731130496                               0.17609179492033816                                -0.4126516706220089                                -0.7009124650500925                                
74  :
parent#1: 0.44507430759077676                                -0.053405126245016886                              0.09071079126659479                                0.19541015614946997                                -0.5450474005811333                                -0.6749566708719323                                
parent#2: 0.5984079178075883                                 -0.13378430762286633                               0.1318007486982208                                 0.1851308083872101                                 -0.36553623049065065                               -0.6623806560930274                                
son     : 0.5259757266480873                                 -0.09435436091105097                               0.11215875658629325                                0.1918147769744061                                 -0.45898710621926603                               -0.6740957873580159                                
75  :
parent#1: 0.44507430759077676                                -0.053405126245016886                              0.09071079126659479                                0.19541015614946997                                -0.5450474005811333                                -0.6749566708719323                                
parent#2: 0.44507430759077676                                -0.053405126245016886                              0.09071079126659479                                0.19541015614946997                                -0.5450474005811333                                -0.6749566708719323                                
son     : 0.4450743075907768                                 -0.05340512624501689                               0.0907107912665948                                 0.19541015614947                                   -0.5450474005811334                                -0.6749566708719325                                
76  :
parent#1: 0.44507430759077676                                -0.053405126245016886                              0.09071079126659479                                0.19541015614946997                                -0.5450474005811333                                -0.6749566708719323                                
parent#2: 0.7383360970808645                                 0.010299768205315918                               0.02683081296753728                                0.14052017894457194                                -0.07790225864557991                               -0.6543845562092038                                
son     : 0.6165437658807674                                 -0.02245741601605247                               0.0612378791297568                                 0.1750159987227227                                 -0.3245499003030545                                -0.6925721145003589                                
77  :
parent#1: 0.44507430759077676                                -0.053405126245016886                              0.09071079126659479                                0.19541015614946997                                -0.5450474005811333                                -0.6749566708719323                                
parent#2: 0.6895244486403019                                 -0.11315018804532041                               0.0184637614168479                                 0.10377645135206284                                -0.10667966080292059                               -0.6994726994691678                                
son     : 0.5874500543541676                                 -0.08623570922803557                               0.056526235865993084                               0.15490691125261447                                -0.33743831952180425                               -0.7116247958837021                                
78  :
parent#1: 0.7383360970808645                                 0.010299768205315918                               0.02683081296753728                                0.14052017894457194                                -0.07790225864557991                               -0.6543845562092038                                
parent#2: 0.6348483710374707                                 0.2842210487598426                                 -0.25037131158393483                               0.030052488131586425                               0.114634750716725                                  -0.6629146773559028                                
son     : 0.7055371442258467                                 0.1513237157433056                                 -0.11485428846187885                               0.08763961085054163                                0.018873019727412853                               -0.6768235156446074                                
79  :
parent#1: 0.7383360970808645                                 0.010299768205315918                               0.02683081296753728                                0.14052017894457194                                -0.07790225864557991                               -0.6543845562092038                                
parent#2: 0.40972469062548433                                -0.1778077935537971                                0.17164806583675268                                0.18098162449380223                                -0.5955117030410716                                -0.6194017041263207                                
son     : 0.6080545927150458                                 -0.08871831981411124                               0.10512160602139699                                0.17027900459646741                                -0.3566644350078938                                -0.674643358634115                                 
80  :
parent#1: 0.7383360970808645                                 0.010299768205315918                               0.02683081296753728                                0.14052017894457194                                -0.07790225864557991                               -0.6543845562092038                                
parent#2: 0.6895244486403019                                 -0.11315018804532041                               0.0184637614168479                                 0.10377645135206284                                -0.10667966080292059                               -0.6994726994691678                                
son     : 0.7158930480473488                                 -0.05156659085010451                               0.02270955032213423                                0.12248413181164182                                -0.0925446909534692                                -0.6787896761298127                                
81  :
parent#1: 0.7383360970808645                                 0.010299768205315918                               0.02683081296753728                                0.14052017894457194                                -0.07790225864557991                               -0.6543845562092038                                
parent#2: 0.6731897660399829                                 0.1279419860557388                                 -0.08016986834831938                               0.08110939258408084                                -0.006541335516957029                              -0.7193035914524933                                
son     : 0.7095307332499817                                 0.06948988738310655                                -0.026811906224312346                              0.1114063840452218                                 -0.04244720330659579                               -0.6905108748855895                                
82  :
parent#1: 0.7383360970808645                                 0.010299768205315918                               0.02683081296753728                                0.14052017894457194                                -0.07790225864557991                               -0.6543845562092038                                
parent#2: 0.40972469062548433                                -0.1778077935537971                                0.17164806583675268                                0.18098162449380223                                -0.5955117030410716                                -0.6194017041263207                                
son     : 0.6080545927150458                                 -0.08871831981411124                               0.10512160602139699                                0.17027900459646741                                -0.3566644350078938                                -0.674643358634115                                 
83  :
parent#1: 0.7383360970808645                                 0.010299768205315918                               0.02683081296753728                                0.14052017894457194                                -0.07790225864557991                               -0.6543845562092038                                
parent#2: 0.6419947789485377                                 0.050195385750532354                               -0.05155485797302581                               0.15005573434967168                                -0.2645137542806361                                -0.700129255249842                                 
son     : 0.694873959461106                                  0.030453935275598417                               -0.012446360032369838                              0.14627915589022666                                -0.17237604027909664                               -0.6818773611880377                                
84  :
parent#1: 0.7383360970808645                                 0.010299768205315918                               0.02683081296753728                                0.14052017894457194                                -0.07790225864557991                               -0.6543845562092038                                
parent#2: 0.5984079178075883                                 -0.13378430762286633                               0.1318007486982208                                 0.1851308083872101                                 -0.36553623049065065                               -0.6623806560930274                                
son     : 0.680045393139311                                  -0.06282062326034973                               0.08070106281814571                                0.16566930634413687                                -0.2255916602723029                                -0.6698815229383784                                
85  :
parent#1: 0.7383360970808645                                 0.010299768205315918                               0.02683081296753728                                0.14052017894457194                                -0.07790225864557991                               -0.6543845562092038                                
parent#2: 0.44507430759077676                                -0.053405126245016886                              0.09071079126659479                                0.19541015614946997                                -0.5450474005811333                                -0.6749566708719323                                
son     : 0.6165437658807674                                 -0.02245741601605247                               0.0612378791297568                                 0.1750159987227227                                 -0.3245499003030545                                -0.6925721145003589                                
86  :
parent#1: 0.7383360970808645                                 0.010299768205315918                               0.02683081296753728                                0.14052017894457194                                -0.07790225864557991                               -0.6543845562092038                                
parent#2: 0.7383360970808645                                 0.010299768205315918                               0.02683081296753728                                0.14052017894457194                                -0.07790225864557991                               -0.6543845562092038                                
son     : 0.7383360970808646                                 0.01029976820531592                                0.026830812967537282                               0.14052017894457197                                -0.07790225864557992                               -0.6543845562092039                                
87  :
parent#1: 0.7383360970808645                                 0.010299768205315918                               0.02683081296753728                                0.14052017894457194                                -0.07790225864557991                               -0.6543845562092038                                
parent#2: 0.6895244486403019                                 -0.11315018804532041                               0.0184637614168479                                 0.10377645135206284                                -0.10667966080292059                               -0.6994726994691678                                
son     : 0.7158930480473488                                 -0.05156659085010451                               0.02270955032213423                                0.12248413181164182                                -0.0925446909534692                                -0.6787896761298127                                
88  :
parent#1: 0.6895244486403019                                 -0.11315018804532041                               0.0184637614168479                                 0.10377645135206284                                -0.10667966080292059                               -0.6994726994691678                                
parent#2: 0.6348483710374707                                 0.2842210487598426                                 -0.25037131158393483                               0.030052488131586425                               0.114634750716725                                  -0.6629146773559028                                
son     : 0.687479815267362                                  0.08880261054456175                                -0.12038283886463787                               0.06947038872032381                                0.004129474467550721                               -0.7072131111616811                                
89  :
parent#1: 0.6895244486403019                                 -0.11315018804532041                               0.0184637614168479                                 0.10377645135206284                                -0.10667966080292059                               -0.6994726994691678                                
parent#2: 0.40972469062548433                                -0.1778077935537971                                0.17164806583675268                                0.18098162449380223                                -0.5955117030410716                                -0.6194017041263207                                
son     : 0.5759465862440764                                 -0.1524461109466108                                0.09960822710715837                                0.14919769852938047                                -0.36790997095175704                               -0.6910182444562738                                
90  :
parent#1: 0.6895244486403019                                 -0.11315018804532041                               0.0184637614168479                                 0.10377645135206284                                -0.10667966080292059                               -0.6994726994691678                                
parent#2: 0.6895244486403019                                 -0.11315018804532041                               0.0184637614168479                                 0.10377645135206284                                -0.10667966080292059                               -0.6994726994691678                                
son     : 0.6895244486403019                                 -0.11315018804532041                               0.0184637614168479                                 0.10377645135206284                                -0.10667966080292059                               -0.6994726994691678                                
91  :
parent#1: 0.6895244486403019                                 -0.11315018804532041                               0.0184637614168479                                 0.10377645135206284                                -0.10667966080292059                               -0.6994726994691678                                
parent#2: 0.6731897660399829                                 0.1279419860557388                                 -0.08016986834831938                               0.08110939258408084                                -0.006541335516957029                              -0.7193035914524933                                
son     : 0.6881917212873984                                 0.007470086408479749                               -0.031162536858894332                              0.09337020617337576                                -0.057178351486948824                              -0.7165039354933315                                
92  :
parent#1: 0.6895244486403019                                 -0.11315018804532041                               0.0184637614168479                                 0.10377645135206284                                -0.10667966080292059                               -0.6994726994691678                                
parent#2: 0.40972469062548433                                -0.1778077935537971                                0.17164806583675268                                0.18098162449380223                                -0.5955117030410716                                -0.6194017041263207                                
son     : 0.5759465862440764                                 -0.1524461109466108                                0.09960822710715837                                0.14919769852938047                                -0.36790997095175704                               -0.6910182444562738                                
93  :
parent#1: 0.6895244486403019                                 -0.11315018804532041                               0.0184637614168479                                 0.10377645135206284                                -0.10667966080292059                               -0.6994726994691678                                
parent#2: 0.6419947789485377                                 0.050195385750532354                               -0.05155485797302581                               0.15005573434967168                                -0.2645137542806361                                -0.700129255249842                                 
son     : 0.67088609075565                                   -0.03171978318505146                               -0.01667295217928855                               0.1278933711545197                                 -0.18702583785485094                               -0.7051895793617099                                
94  :
parent#1: 0.6895244486403019                                 -0.11315018804532041                               0.0184637614168479                                 0.10377645135206284                                -0.10667966080292059                               -0.6994726994691678                                
parent#2: 0.5984079178075883                                 -0.13378430762286633                               0.1318007486982208                                 0.1851308083872101                                 -0.36553623049065065                               -0.6623806560930274                                
son     : 0.651883668423643                                  -0.12498526249517365                               0.07605599691376018                                0.14622966952254124                                -0.23901086386499176                               -0.6892985877258414                                
95  :
parent#1: 0.6895244486403019                                 -0.11315018804532041                               0.0184637614168479                                 0.10377645135206284                                -0.10667966080292059                               -0.6994726994691678                                
parent#2: 0.44507430759077676                                -0.053405126245016886                              0.09071079126659479                                0.19541015614946997                                -0.5450474005811333                                -0.6749566708719323                                
son     : 0.5874500543541676                                 -0.08623570922803557                               0.056526235865993084                               0.15490691125261447                                -0.33743831952180425                               -0.7116247958837021                                
96  :
parent#1: 0.6895244486403019                                 -0.11315018804532041                               0.0184637614168479                                 0.10377645135206284                                -0.10667966080292059                               -0.6994726994691678                                
parent#2: 0.7383360970808645                                 0.010299768205315918                               0.02683081296753728                                0.14052017894457194                                -0.07790225864557991                               -0.6543845562092038                                
son     : 0.7158930480473488                                 -0.05156659085010451                               0.02270955032213423                                0.12248413181164182                                -0.0925446909534692                                -0.6787896761298127                                
97  :
parent#1: 0.6895244486403019                                 -0.11315018804532041                               0.0184637614168479                                 0.10377645135206284                                -0.10667966080292059                               -0.6994726994691678                                
parent#2: 0.6895244486403019                                 -0.11315018804532041                               0.0184637614168479                                 0.10377645135206284                                -0.10667966080292059                               -0.6994726994691678                                
son     : 0.6895244486403019                                 -0.11315018804532041                               0.0184637614168479                                 0.10377645135206284                                -0.10667966080292059                               -0.6994726994691678                                

0   :
parent#1: 0.6348483710374707                                 0.2842210487598426                                 -0.25037131158393483                               0.030052488131586425                               0.114634750716725                                  -0.6629146773559028                                
parent#2: 0.6895244486403019                                 -0.11315018804532041                               0.0184637614168479                                 0.10377645135206284                                -0.10667966080292059                               -0.6994726994691678                                
son:      0.687479815267362                                  0.08880261054456175                                -0.12038283886463787                               0.06947038872032381                                0.004129474467550721                               -0.7072131111616811                                
mutated:  0.687479815267362                                  0.08880261054456175                                -0.12038283886463787                               0.06947038872032381                                0.004129474467550721                               -0.7072131111616811                                
1   :
parent#1: 0.6895244486403019                                 -0.11315018804532041                               0.0184637614168479                                 0.10377645135206284                                -0.10667966080292059                               -0.6994726994691678                                
parent#2: 0.6419947789485377                                 0.050195385750532354                               -0.05155485797302581                               0.15005573434967168                                -0.2645137542806361                                -0.700129255249842                                 
son:      0.67088609075565                                   -0.03171978318505146                               -0.01667295217928855                               0.1278933711545197                                 -0.18702583785485094                               -0.7051895793617099                                
mutated:  0.67088609075565                                   -0.03171978318505146                               -0.01667295217928855                               0.1278933711545197                                 -0.18702583785485094                               -0.7051895793617099                                

