0   :
parent#1: -0.4811949528054363                                -0.34758631414507585                               0.4397835450170664                                 -0.32272133604467296                               0.37169460596544923                                0.4603473300710751                                 
parent#2: -0.4811949528054363                                -0.34758631414507585                               0.4397835450170664                                 -0.32272133604467296                               0.37169460596544923                                0.4603473300710751                                 
son     : -0.45648812560163704                               -0.3297395870505375                                0.41720297556083547                                -0.30615129465469415                               0.5130877104537094                                 0.3896722459481234                                 
1   :
parent#1: -0.4811949528054363                                -0.34758631414507585                               0.4397835450170664                                 -0.32272133604467296                               0.37169460596544923                                0.4603473300710751                                 
parent#2: 0.447040597077234                                  0.4575315290047986                                 0.4419901719870991                                 0.12281928615900349                                -0.11978934247791552                               0.6050043212856231                                 
son     : -0.023976556922173226                              0.07718218207313432                                0.619010292170996                                  -0.14033240492325166                               0.1768389641739496                                 0.7478830727816391                                 
2   :
parent#1: -0.4811949528054363                                -0.34758631414507585                               0.4397835450170664                                 -0.32272133604467296                               0.37169460596544923                                0.4603473300710751                                 
parent#2: -0.5266067726939471                                -0.5728180854091484                                -0.5275008527002146                                -0.09691948076312985                               0.045205691205705986                               -0.32383739455601684                               
son     : -0.6048588604154419                                -0.7061317172522896                                -0.05264586219838952                               -0.2518585350827801                                0.250213739740177                                  0.08193004828415934                                
3   :
parent#1: -0.4811949528054363                                -0.34758631414507585                               0.4397835450170664                                 -0.32272133604467296                               0.37169460596544923                                0.4603473300710751                                 
parent#2: -0.13712138244484987                               0.46342477456243086                                0.3579778729288396                                 0.4814073186804343                                 -0.42863479956095524                               -0.4720235687100502                                
son     : -0.6030243659639035                                0.06216155906035399                                0.7780314797159033                                 0.15476142002225177                                -0.055531969937189264                              -0.011387466254245193                              
4   :
parent#1: -0.4811949528054363                                -0.34758631414507585                               0.4397835450170664                                 -0.32272133604467296                               0.37169460596544923                                0.4603473300710751                                 
parent#2: 0.6908665279259526                                 0.07234460833012493                                0.5426600347526116                                 -0.29079772174101143                               -0.21669612491884965                               0.3024388523235498                                 
son     : 0.2743753282878288                                 -0.18607871865737097                               0.6641865626265571                                 -0.41477304395646736                               0.10478760354137938                                0.5156859314226409                                 
5   :
parent#1: -0.4811949528054363                                -0.34758631414507585                               0.4397835450170664                                 -0.32272133604467296                               0.37169460596544923                                0.4603473300710751                                 
parent#2: -0.5054970711115444                                -0.0766361129025148                                -0.5482350723210464                                -0.6272605302926068                                0.08474882785429554                                0.19339024300191843                                
son     : -0.5820446455793264                                -0.3491157078343566                                -0.06397500865730404                               -0.5603895088804246                                0.26925367817402907                                0.38563649527704585                                
6   :
parent#1: -0.4811949528054363                                -0.34758631414507585                               0.4397835450170664                                 -0.32272133604467296                               0.37169460596544923                                0.4603473300710751                                 
parent#2: -0.3965893048084307                                -0.30713348119150125                               -0.6307648269593928                                -0.2594767967241961                                0.17450113992183985                                -0.5027353431392816                                
son     : -0.6922257478800669                                -0.4496497159332944                                -0.13116249086343448                               -0.3998431495138135                                0.3751173612460235                                 -0.029111320859479466                              
7   :
parent#1: -0.4811949528054363                                -0.34758631414507585                               0.4397835450170664                                 -0.32272133604467296                               0.37169460596544923                                0.4603473300710751                                 
parent#2: -0.2669632186820971                                -0.3527159894618843                                0.2231659609812442                                 -0.5358675242631691                                -0.4261461591123898                                0.5345694267557359                                 
son     : -0.42790932710532487                               -0.5142757932411464                                0.3791742011619152                                 -0.29125020491479003                               -0.0020831711895791406                             0.5690429860481272                                 
8   :
parent#1: 0.447040597077234                                  0.4575315290047986                                 0.4419901719870991                                 0.12281928615900349                                -0.11978934247791552                               0.6050043212856231                                 
parent#2: -0.4811949528054363                                -0.34758631414507585                               0.4397835450170664                                 -0.32272133604467296                               0.37169460596544923                                0.4603473300710751                                 
son     : -0.023976556922173226                              0.07718218207313432                                0.619010292170996                                  -0.14033240492325166                               0.1768389641739496                                 0.7478830727816391                                 
9   :
parent#1: 0.447040597077234                                  0.4575315290047986                                 0.4419901719870991                                 0.12281928615900349                                -0.11978934247791552                               0.6050043212856231                                 
parent#2: 0.447040597077234                                  0.4575315290047986                                 0.4419901719870991                                 0.12281928615900349                                -0.11978934247791552                               0.6050043212856231                                 
son     : 0.447040597077234                                  0.4575315290047986                                 0.4419901719870991                                 0.12281928615900349                                -0.11978934247791552                               0.6050043212856231                                 
10  :
parent#1: 0.447040597077234                                  0.4575315290047986                                 0.4419901719870991                                 0.12281928615900349                                -0.11978934247791552                               0.6050043212856231                                 
parent#2: -0.5266067726939471                                -0.5728180854091484                                -0.5275008527002146                                -0.09691948076312985                               0.045205691205705986                               -0.32383739455601684                               
son     : -0.23751393016648956                               -0.3441432605591526                                -0.2552589425087026                                0.07731381485211221                                -0.22264053792360952                               0.839314712348128                                  
11  :
parent#1: 0.447040597077234                                  0.4575315290047986                                 0.4419901719870991                                 0.12281928615900349                                -0.11978934247791552                               0.6050043212856231                                 
parent#2: -0.13712138244484987                               0.46342477456243086                                0.3579778729288396                                 0.4814073186804343                                 -0.42863479956095524                               -0.4720235687100502                                
son     : 0.20580480481341462                                0.6115698006080722                                 0.5312263956792125                                 0.4012424289973624                                 -0.36418627235215095                               0.08830713468417849                                
12  :
parent#1: 0.447040597077234                                  0.4575315290047986                                 0.4419901719870991                                 0.12281928615900349                                -0.11978934247791552                               0.6050043212856231                                 
parent#2: 0.4114773666127734                                 0.35303605509627933                                -0.351972553083123                                 0.1669308244660555                                 -0.6249790304914262                                -0.40460172235508607                               
son     : 0.5951360166281611                                 0.5618961787781661                                 0.06240140498703436                                0.20085861210614261                                -0.5162832946377982                                0.13892173430690785                                
13  :
parent#1: 0.447040597077234                                  0.4575315290047986                                 0.4419901719870991                                 0.12281928615900349                                -0.11978934247791552                               0.6050043212856231                                 
parent#2: 0.6908665279259526                                 0.07234460833012493                                0.5426600347526116                                 -0.29079772174101143                               -0.21669612491884965                               0.3024388523235498                                 
son     : 0.6073673196256627                                 0.282825761606696                                  0.5255651746048061                                 -0.08965987639287387                               -0.17960189538771826                               0.484355283447289                                  
14  :
parent#1: 0.447040597077234                                  0.4575315290047986                                 0.4419901719870991                                 0.12281928615900349                                -0.11978934247791552                               0.6050043212856231                                 
parent#2: -0.5054970711115444                                -0.0766361129025148                                -0.5482350723210464                                -0.6272605302926068                                0.08474882785429554                                0.19339024300191843                                
son     : -0.05696881261522152                               0.37120199164239254                                -0.10354106911913626                               -0.491603696377057                                 -0.034148767001620346                              0.7780761853548037                                 
15  :
parent#1: 0.447040597077234                                  0.4575315290047986                                 0.4419901719870991                                 0.12281928615900349                                -0.11978934247791552                               0.6050043212856231                                 
parent#2: -0.36385251318293765                               0.5942059630822825                                 -0.28670104817039366                               0.4268159543460271                                 -0.42904573082625946                               0.25706231353772174                                
son     : 0.052785502651404935                               0.6673611120516625                                 0.0985359209304143                                 0.34876115768995486                                -0.3482534259821781                                0.5470088804542756                                 
16  :
parent#1: 0.447040597077234                                  0.4575315290047986                                 0.4419901719870991                                 0.12281928615900349                                -0.11978934247791552                               0.6050043212856231                                 
parent#2: -0.3965893048084307                                -0.30713348119150125                               -0.6307648269593928                                -0.2594767967241961                                0.17450113992183985                                -0.5027353431392816                                
son     : 0.1655000469302198                                 0.4933646464137353                                 -0.6192549853964668                                -0.4482902894023899                                0.1794761766727871                                 0.33548240137331603                                
17  :
parent#1: 0.447040597077234                                  0.4575315290047986                                 0.4419901719870991                                 0.12281928615900349                                -0.11978934247791552                               0.6050043212856231                                 
parent#2: -0.2669632186820971                                -0.3527159894618843                                0.2231659609812442                                 -0.5358675242631691                                -0.4261461591123898                                0.5345694267557359                                 
son     : 0.11996818106767715                                0.06982848006038164                                0.44312934866880055                                -0.27517418489863893                               -0.3637041459052451                                0.7591880277433519                                 
18  :
parent#1: -0.5266067726939471                                -0.5728180854091484                                -0.5275008527002146                                -0.09691948076312985                               0.045205691205705986                               -0.32383739455601684                               
parent#2: -0.4811949528054363                                -0.34758631414507585                               0.4397835450170664                                 -0.32272133604467296                               0.37169460596544923                                0.4603473300710751                                 
son     : -0.6735098693998474                                -0.6151025854134536                                -0.05862112650433196                               -0.2804442824138045                                0.27861280408243766                                0.091229044874844                                  
19  :
parent#1: -0.5266067726939471                                -0.5728180854091484                                -0.5275008527002146                                -0.09691948076312985                               0.045205691205705986                               -0.32383739455601684                               
parent#2: 0.447040597077234                                  0.4575315290047986                                 0.4419901719870991                                 0.12281928615900349                                -0.11978934247791552                               0.6050043212856231                                 
son     : -0.23751393016648956                               -0.3441432605591526                                -0.2552589425087026                                0.07731381485211221                                -0.22264053792360952                               0.839314712348128                                  
20  :
parent#1: -0.5266067726939471                                -0.5728180854091484                                -0.5275008527002146                                -0.09691948076312985                               0.045205691205705986                               -0.32383739455601684                               
parent#2: -0.5266067726939471                                -0.5728180854091484                                -0.5275008527002146                                -0.09691948076312985                               0.045205691205705986                               -0.32383739455601684                               
son     : -0.5266067726939471                                -0.5728180854091484                                -0.5275008527002146                                -0.09691948076312985                               0.045205691205705986                               -0.32383739455601684                               
21  :
parent#1: -0.5266067726939471                                -0.5728180854091484                                -0.5275008527002146                                -0.09691948076312985                               0.045205691205705986                               -0.32383739455601684                               
parent#2: -0.13712138244484987                               0.46342477456243086                                0.3579778729288396                                 0.4814073186804343                                 -0.42863479956095524                               -0.4720235687100502                                
son     : -0.5590623553454799                                -0.0921426664629241                                -0.14279026077528717                               0.32385649848286013                                -0.3229647239844396                                -0.6703586418719968                                
22  :
parent#1: -0.5266067726939471                                -0.5728180854091484                                -0.5275008527002146                                -0.09691948076312985                               0.045205691205705986                               -0.32383739455601684                               
parent#2: 0.4114773666127734                                 0.35303605509627933                                -0.351972553083123                                 0.1669308244660555                                 -0.6249790304914262                                -0.40460172235508607                               
son     : -0.08812687097515777                               -0.1682341921783583                                -0.6732010699586565                                0.05359083194570629                                -0.4437928762530465                                -0.5575904736624887                                
23  :
parent#1: -0.5266067726939471                                -0.5728180854091484                                -0.5275008527002146                                -0.09691948076312985                               0.045205691205705986                               -0.32383739455601684                               
parent#2: -0.5054970711115444                                -0.0766361129025148                                -0.5482350723210464                                -0.6272605302926068                                0.08474882785429554                                0.19339024300191843                                
son     : -0.5767313023497598                                -0.3629097671293953                                -0.6011125573705906                                -0.40466594850755094                               0.07261753695962021                                -0.07289281602345234                               
24  :
parent#1: -0.5266067726939471                                -0.5728180854091484                                -0.5275008527002146                                -0.09691948076312985                               0.045205691205705986                               -0.32383739455601684                               
parent#2: -0.36385251318293765                               0.5942059630822825                                 -0.28670104817039366                               0.4268159543460271                                 -0.42904573082625946                               0.25706231353772174                                
son     : -0.6795768420766197                                0.016322707391968384                               -0.6213790628973577                                0.25176895483649875                                -0.29293737077605747                               -0.050961115693387814                              
25  :
parent#1: -0.5266067726939471                                -0.5728180854091484                                -0.5275008527002146                                -0.09691948076312985                               0.045205691205705986                               -0.32383739455601684                               
parent#2: -0.3965893048084307                                -0.30713348119150125                               -0.6307648269593928                                -0.2594767967241961                                0.17450113992183985                                -0.5027353431392816                                
son     : -0.471934699933423                                 -0.44982825280532407                               -0.5921014823331843                                -0.18218856684097745                               0.11231338601656325                                -0.42254117672675445                               
26  :
parent#1: -0.5266067726939471                                -0.5728180854091484                                -0.5275008527002146                                -0.09691948076312985                               0.045205691205705986                               -0.32383739455601684                               
parent#2: -0.2669632186820971                                -0.3527159894618843                                0.2231659609812442                                 -0.5358675242631691                                -0.4261461591123898                                0.5345694267557359                                 
son     : -0.5388433511787886                                -0.6284485148800727                                -0.20664696840429717                               -0.4296698137230658                                -0.2586630550010106                                0.14308952665197874                                
27  :
parent#1: -0.13712138244484987                               0.46342477456243086                                0.3579778729288396                                 0.4814073186804343                                 -0.42863479956095524                               -0.4720235687100502                                
parent#2: -0.4811949528054363                                -0.34758631414507585                               0.4397835450170664                                 -0.32272133604467296                               0.37169460596544923                                0.4603473300710751                                 
son     : -0.600358993696489                                 0.1124742426534196                                 0.7745925746794616                                 0.15407737337293662                                -0.055286518209233144                              -0.011337133567104652                              
28  :
parent#1: -0.13712138244484987                               0.46342477456243086                                0.3579778729288396                                 0.4814073186804343                                 -0.42863479956095524                               -0.4720235687100502                                
parent#2: 0.447040597077234                                  0.4575315290047986                                 0.4419901719870991                                 0.12281928615900349                                -0.11978934247791552                               0.6050043212856231                                 
son     : 0.20580480481341462                                0.6115698006080722                                 0.5312263956792125                                 0.4012424289973624                                 -0.36418627235215095                               0.08830713468417849                                
29  :
parent#1: -0.13712138244484987                               0.46342477456243086                                0.3579778729288396                                 0.4814073186804343                                 -0.42863479956095524                               -0.4720235687100502                                
parent#2: -0.5266067726939471                                -0.5728180854091484                                -0.5275008527002146                                -0.09691948076312985                               0.045205691205705986                               -0.32383739455601684                               
son     : -0.5590623553454799                                -0.0921426664629241                                -0.14279026077528717                               0.32385649848286013                                -0.3229647239844396                                -0.6703586418719968                                
30  :
parent#1: -0.13712138244484987                               0.46342477456243086                                0.3579778729288396                                 0.4814073186804343                                 -0.42863479956095524                               -0.4720235687100502                                
parent#2: -0.13712138244484987                               0.46342477456243086                                0.3579778729288396                                 0.4814073186804343                                 -0.42863479956095524                               -0.4720235687100502                                
son     : -0.13712138244484987                               0.46342477456243086                                0.3579778729288396                                 0.4814073186804343                                 -0.42863479956095524                               -0.4720235687100502                                
31  :
parent#1: -0.13712138244484987                               0.46342477456243086                                0.3579778729288396                                 0.4814073186804343                                 -0.42863479956095524                               -0.4720235687100502                                
parent#2: 0.4114773666127734                                 0.35303605509627933                                -0.351972553083123                                 0.1669308244660555                                 -0.6249790304914262                                -0.40460172235508607                               
son     : 0.15733242277865014                                0.4682083418871172                                 0.0034438159741724717                              0.3717965589502693                                 -0.6042063090330615                                -0.5027103065770943                                
32  :
parent#1: -0.13712138244484987                               0.46342477456243086                                0.3579778729288396                                 0.4814073186804343                                 -0.42863479956095524                               -0.4720235687100502                                
parent#2: 0.6908665279259526                                 0.07234460833012493                                0.5426600347526116                                 -0.29079772174101143                               -0.21669612491884965                               0.3024388523235498                                 
son     : 0.4031772452056615                                 0.39008924163567144                                0.6557469866960489                                 0.1387812657698876                                 -0.4698600908758117                                -0.12347322471294864                               
33  :
parent#1: -0.13712138244484987                               0.46342477456243086                                0.3579778729288396                                 0.4814073186804343                                 -0.42863479956095524                               -0.4720235687100502                                
parent#2: -0.5054970711115444                                -0.0766361129025148                                -0.5482350723210464                                -0.6272605302926068                                0.08474882785429554                                0.19339024300191843                                
son     : -0.7114215368351681                                0.4282008750070344                                 -0.2106274235302217                                -0.16146924412647726                               -0.3807047325417918                                -0.3084656963891208                                
34  :
parent#1: -0.13712138244484987                               0.46342477456243086                                0.3579778729288396                                 0.4814073186804343                                 -0.42863479956095524                               -0.4720235687100502                                
parent#2: -0.36385251318293765                               0.5942059630822825                                 -0.28670104817039366                               0.4268159543460271                                 -0.42904573082625946                               0.25706231353772174                                
son     : -0.2901415612629411                                0.6125321820917897                                 0.04128033296298858                                0.5260020945423083                                 -0.4967300099330185                                -0.12449589635520605                               
35  :
parent#1: -0.13712138244484987                               0.46342477456243086                                0.3579778729288396                                 0.4814073186804343                                 -0.42863479956095524                               -0.4720235687100502                                
parent#2: -0.3965893048084307                                -0.30713348119150125                               -0.6307648269593928                                -0.2594767967241961                                0.17450113992183985                                -0.5027353431392816                                
son     : -0.4435777895333854                                0.1298968675212053                                 -0.22671877661875373                               0.18445096324747337                                -0.2112156448822463                                -0.8101419247782489                                
36  :
parent#1: 0.4114773666127734                                 0.35303605509627933                                -0.351972553083123                                 0.1669308244660555                                 -0.6249790304914262                                -0.40460172235508607                               
parent#2: -0.4811949528054363                                -0.34758631414507585                               0.4397835450170664                                 -0.32272133604467296                               0.37169460596544923                                0.4603473300710751                                 
son     : -0.2160477157885833                                0.0168881934737856                                 0.2721173417569461                                 -0.48277896591373015                               -0.7849026960348504                                0.17274997414573914                                
37  :
parent#1: 0.4114773666127734                                 0.35303605509627933                                -0.351972553083123                                 0.1669308244660555                                 -0.6249790304914262                                -0.40460172235508607                               
parent#2: 0.447040597077234                                  0.4575315290047986                                 0.4419901719870991                                 0.12281928615900349                                -0.11978934247791552                               0.6050043212856231                                 
son     : 0.5951360166281611                                 0.5618961787781661                                 0.06240140498703436                                0.20085861210614261                                -0.5162832946377982                                0.13892173430690785                                
38  :
parent#1: 0.4114773666127734                                 0.35303605509627933                                -0.351972553083123                                 0.1669308244660555                                 -0.6249790304914262                                -0.40460172235508607                               
parent#2: -0.5266067726939471                                -0.5728180854091484                                -0.5275008527002146                                -0.09691948076312985                               0.045205691205705986                               -0.32383739455601684                               
son     : -0.08812687097515777                               -0.1682341921783583                                -0.6732010699586565                                0.05359083194570629                                -0.4437928762530465                                -0.5575904736624887                                
39  :
parent#1: 0.4114773666127734                                 0.35303605509627933                                -0.351972553083123                                 0.1669308244660555                                 -0.6249790304914262                                -0.40460172235508607                               
parent#2: -0.13712138244484987                               0.46342477456243086                                0.3579778729288396                                 0.4814073186804343                                 -0.42863479956095524                               -0.4720235687100502                                
son     : 0.15733242277865014                                0.4682083418871172                                 0.0034438159741724717                              0.3717965589502693                                 -0.6042063090330615                                -0.5027103065770943                                
40  :
parent#1: 0.4114773666127734                                 0.35303605509627933                                -0.351972553083123                                 0.1669308244660555                                 -0.6249790304914262                                -0.40460172235508607                               
parent#2: 0.4114773666127734                                 0.35303605509627933                                -0.351972553083123                                 0.1669308244660555                                 -0.6249790304914262                                -0.40460172235508607                               
son     : 0.4114773666127734                                 0.35303605509627933                                -0.351972553083123                                 0.1669308244660555                                 -0.6249790304914262                                -0.40460172235508607                               
41  :
parent#1: 0.4114773666127734                                 0.35303605509627933                                -0.351972553083123                                 0.1669308244660555                                 -0.6249790304914262                                -0.40460172235508607                               
parent#2: 0.6908665279259526                                 0.07234460833012493                                0.5426600347526116                                 -0.29079772174101143                               -0.21669612491884965                               0.3024388523235498                                 
son     : 0.748894661416605                                  0.28898904369873696                                0.1295465396313672                                 -0.08415092472959187                               -0.5718052539289528                                -0.06940595248058333                               
42  :
parent#1: 0.4114773666127734                                 0.35303605509627933                                -0.351972553083123                                 0.1669308244660555                                 -0.6249790304914262                                -0.40460172235508607                               
parent#2: -0.5054970711115444                                -0.0766361129025148                                -0.5482350723210464                                -0.6272605302926068                                0.08474882785429554                                0.19339024300191843                                
son     : -0.07824189772012409                               0.23001620907301853                                -0.7491403353077917                                -0.3830800144802267                                -0.44957210284157845                               -0.17576727190290903                               
43  :
parent#1: 0.4114773666127734                                 0.35303605509627933                                -0.351972553083123                                 0.1669308244660555                                 -0.6249790304914262                                -0.40460172235508607                               
parent#2: -0.36385251318293765                               0.5942059630822825                                 -0.28670104817039366                               0.4268159543460271                                 -0.42904573082625946                               0.25706231353772174                                
son     : 0.02849841234821193                                0.5668236578906405                                 -0.38217826058521004                               0.3552943329880957                                 -0.63072177886093                                  -0.08828665302420785                               
44  :
parent#1: 0.4114773666127734                                 0.35303605509627933                                -0.351972553083123                                 0.1669308244660555                                 -0.6249790304914262                                -0.40460172235508607                               
parent#2: -0.3965893048084307                                -0.30713348119150125                               -0.6307648269593928                                -0.2594767967241961                                0.17450113992183985                                -0.5027353431392816                                
son     : 0.010519938023751334                               0.03243486217044555                                -0.694404447505412                                 -0.06539319256583591                               -0.3183086927057195                                -0.6411264153181394                                
45  :
parent#1: 0.4114773666127734                                 0.35303605509627933                                -0.351972553083123                                 0.1669308244660555                                 -0.6249790304914262                                -0.40460172235508607                               
parent#2: -0.2669632186820971                                -0.3527159894618843                                0.2231659609812442                                 -0.5358675242631691                                -0.4261461591123898                                0.5345694267557359                                 
son     : 0.1269747988081888                                 2.8122000589324867E-4                              -0.11317363283455205                               -0.32415970270376293                               -0.9235525475068914                                0.1141938236092359                                 
46  :
parent#1: 0.6908665279259526                                 0.07234460833012493                                0.5426600347526116                                 -0.29079772174101143                               -0.21669612491884965                               0.3024388523235498                                 
parent#2: -0.4811949528054363                                -0.34758631414507585                               0.4397835450170664                                 -0.32272133604467296                               0.37169460596544923                                0.4603473300710751                                 
son     : 0.14583088790506135                                -0.1914362608495061                                0.6833096926566662                                 -0.4267151085793907                                0.1078046277945364                                 0.5305334602288474                                 
47  :
parent#1: 0.6908665279259526                                 0.07234460833012493                                0.5426600347526116                                 -0.29079772174101143                               -0.21669612491884965                               0.3024388523235498                                 
parent#2: 0.447040597077234                                  0.4575315290047986                                 0.4419901719870991                                 0.12281928615900349                                -0.11978934247791552                               0.6050043212856231                                 
son     : 0.6073673196256627                                 0.282825761606696                                  0.5255651746048061                                 -0.08965987639287387                               -0.17960189538771826                               0.484355283447289                                  
48  :
parent#1: 0.6908665279259526                                 0.07234460833012493                                0.5426600347526116                                 -0.29079772174101143                               -0.21669612491884965                               0.3024388523235498                                 
parent#2: -0.13712138244484987                               0.46342477456243086                                0.3579778729288396                                 0.4814073186804343                                 -0.42863479956095524                               -0.4720235687100502                                
son     : 0.4031772452056615                                 0.39008924163567144                                0.6557469866960489                                 0.1387812657698876                                 -0.4698600908758117                                -0.12347322471294864                               
49  :
parent#1: 0.6908665279259526                                 0.07234460833012493                                0.5426600347526116                                 -0.29079772174101143                               -0.21669612491884965                               0.3024388523235498                                 
parent#2: 0.4114773666127734                                 0.35303605509627933                                -0.351972553083123                                 0.1669308244660555                                 -0.6249790304914262                                -0.40460172235508607                               
son     : 0.748894661416605                                  0.28898904369873696                                0.1295465396313672                                 -0.08415092472959187                               -0.5718052539289528                                -0.06940595248058333                               
50  :
parent#1: 0.6908665279259526                                 0.07234460833012493                                0.5426600347526116                                 -0.29079772174101143                               -0.21669612491884965                               0.3024388523235498                                 
parent#2: 0.6908665279259526                                 0.07234460833012493                                0.5426600347526116                                 -0.29079772174101143                               -0.21669612491884965                               0.3024388523235498                                 
son     : 0.6908665279259526                                 0.07234460833012493                                0.5426600347526116                                 -0.29079772174101143                               -0.21669612491884965                               0.3024388523235498                                 
51  :
parent#1: 0.6908665279259526                                 0.07234460833012493                                0.5426600347526116                                 -0.29079772174101143                               -0.21669612491884965                               0.3024388523235498                                 
parent#2: -0.5054970711115444                                -0.0766361129025148                                -0.5482350723210464                                -0.6272605302926068                                0.08474882785429554                                0.19339024300191843                                
son     : 0.1735764284284764                                 -0.004018483136656691                              -0.005220358985311948                              -0.8596522599558022                                -0.12355293562837001                               0.464284920269712                                  
52  :
parent#1: 0.6908665279259526                                 0.07234460833012493                                0.5426600347526116                                 -0.29079772174101143                               -0.21669612491884965                               0.3024388523235498                                 
parent#2: -0.36385251318293765                               0.5942059630822825                                 -0.28670104817039366                               0.4268159543460271                                 -0.42904573082625946                               0.25706231353772174                                
son     : 0.2798706956133637                                 0.5704586460285955                                 0.21905917298239308                                0.11640943708538462                                -0.5526497770931034                                0.4788418031842984                                 
53  :
parent#1: 0.6908665279259526                                 0.07234460833012493                                0.5426600347526116                                 -0.29079772174101143                               -0.21669612491884965                               0.3024388523235498                                 
parent#2: -0.3965893048084307                                -0.30713348119150125                               -0.6307648269593928                                -0.2594767967241961                                0.17450113992183985                                -0.5027353431392816                                
son     : 0.4186107065403209                                 -0.3339882540520487                                -0.1253294730885098                                -0.7827680393526856                                -0.06002256068252536                               -0.28492268157782547                               
54  :
parent#1: 0.6908665279259526                                 0.07234460833012493                                0.5426600347526116                                 -0.29079772174101143                               -0.21669612491884965                               0.3024388523235498                                 
parent#2: -0.2669632186820971                                -0.3527159894618843                                0.2231659609812442                                 -0.5358675242631691                                -0.4261461591123898                                0.5345694267557359                                 
son     : 0.26079587810685445                                -0.17249145959421086                               0.4711552344111881                                 -0.5085850570891813                                -0.39549259062684033                               0.5149483487509564                                 
55  :
parent#1: -0.5054970711115444                                -0.0766361129025148                                -0.5482350723210464                                -0.6272605302926068                                0.08474882785429554                                0.19339024300191843                                
parent#2: 0.447040597077234                                  0.4575315290047986                                 0.4419901719870991                                 0.12281928615900349                                -0.11978934247791552                               0.6050043212856231                                 
son     : -0.05696881261522152                               0.37120199164239254                                -0.10354106911913626                               -0.491603696377057                                 -0.034148767001620346                              0.7780761853548037                                 
56  :
parent#1: -0.5054970711115444                                -0.0766361129025148                                -0.5482350723210464                                -0.6272605302926068                                0.08474882785429554                                0.19339024300191843                                
parent#2: -0.5266067726939471                                -0.5728180854091484                                -0.5275008527002146                                -0.09691948076312985                               0.045205691205705986                               -0.32383739455601684                               
son     : -0.5767313023497598                                -0.3629097671293953                                -0.6011125573705906                                -0.40466594850755094                               0.07261753695962021                                -0.07289281602345234                               
57  :
parent#1: -0.5054970711115444                                -0.0766361129025148                                -0.5482350723210464                                -0.6272605302926068                                0.08474882785429554                                0.19339024300191843                                
parent#2: -0.13712138244484987                               0.46342477456243086                                0.3579778729288396                                 0.4814073186804343                                 -0.42863479956095524                               -0.4720235687100502                                
son     : -0.7114215368351681                                0.4282008750070344                                 -0.2106274235302217                                -0.16146924412647726                               -0.3807047325417918                                -0.3084656963891208                                
58  :
parent#1: -0.5054970711115444                                -0.0766361129025148                                -0.5482350723210464                                -0.6272605302926068                                0.08474882785429554                                0.19339024300191843                                
parent#2: 0.6908665279259526                                 0.07234460833012493                                0.5426600347526116                                 -0.29079772174101143                               -0.21669612491884965                               0.3024388523235498                                 
son     : 0.1735764284284764                                 -0.004018483136656691                              -0.005220358985311948                              -0.8596522599558022                                -0.12355293562837001                               0.464284920269712                                  
59  :
parent#1: -0.5054970711115444                                -0.0766361129025148                                -0.5482350723210464                                -0.6272605302926068                                0.08474882785429554                                0.19339024300191843                                
parent#2: -0.5054970711115444                                -0.0766361129025148                                -0.5482350723210464                                -0.6272605302926068                                0.08474882785429554                                0.19339024300191843                                
son     : -0.5054970711115445                                -0.07663611290251482                               -0.5482350723210465                                -0.6272605302926069                                0.08474882785429555                                0.19339024300191845                                
60  :
parent#1: -0.5054970711115444                                -0.0766361129025148                                -0.5482350723210464                                -0.6272605302926068                                0.08474882785429554                                0.19339024300191843                                
parent#2: -0.36385251318293765                               0.5942059630822825                                 -0.28670104817039366                               0.4268159543460271                                 -0.42904573082625946                               0.25706231353772174                                
son     : -0.602439255503077                                 0.35866399529733733                                -0.5785915170474225                                -0.13890347828357946                               -0.23858983042681783                               0.31215325538049027                                
61  :
parent#1: -0.5054970711115444                                -0.0766361129025148                                -0.5482350723210464                                -0.6272605302926068                                0.08474882785429554                                0.19339024300191843                                
parent#2: -0.3965893048084307                                -0.30713348119150125                               -0.6307648269593928                                -0.2594767967241961                                0.17450113992183985                                -0.5027353431392816                                
son     : -0.4965605600896974                                -0.21124899973616895                               -0.6489897929511874                                -0.4881115550679438                                0.14270618938332558                                -0.17028145007572904                               
62  :
parent#1: -0.5054970711115444                                -0.0766361129025148                                -0.5482350723210464                                -0.6272605302926068                                0.08474882785429554                                0.19339024300191843                                
parent#2: -0.2669632186820971                                -0.3527159894618843                                0.2231659609812442                                 -0.5358675242631691                                -0.4261461591123898                                0.5345694267557359                                 
son     : -0.454699064727218                                 -0.2527327319776019                                -0.19134785677772798                               -0.6846607463870867                                -0.20095925871463677                               0.4285043326775613                                 
63  :
parent#1: -0.36385251318293765                               0.5942059630822825                                 -0.28670104817039366                               0.4268159543460271                                 -0.42904573082625946                               0.25706231353772174                                
parent#2: -0.4811949528054363                                -0.34758631414507585                               0.4397835450170664                                 -0.32272133604467296                               0.37169460596544923                                0.4603473300710751                                 
son     : -0.7335320743939774                                0.21407486555756677                                0.13288120015129926                                0.09035793179562304                                -0.049782871709785015                              0.6227377813045176                                 
64  :
parent#1: -0.36385251318293765                               0.5942059630822825                                 -0.28670104817039366                               0.4268159543460271                                 -0.42904573082625946                               0.25706231353772174                                
parent#2: 0.447040597077234                                  0.4575315290047986                                 0.4419901719870991                                 0.12281928615900349                                -0.11978934247791552                               0.6050043212856231                                 
son     : 0.052785502651404935                               0.6673611120516625                                 0.0985359209304143                                 0.34876115768995486                                -0.3482534259821781                                0.5470088804542756                                 
65  :
parent#1: -0.36385251318293765                               0.5942059630822825                                 -0.28670104817039366                               0.4268159543460271                                 -0.42904573082625946                               0.25706231353772174                                
parent#2: -0.5266067726939471                                -0.5728180854091484                                -0.5275008527002146                                -0.09691948076312985                               0.045205691205705986                               -0.32383739455601684                               
son     : -0.6795768420766197                                0.016322707391968384                               -0.6213790628973577                                0.25176895483649875                                -0.29293737077605747                               -0.050961115693387814                              
66  :
parent#1: -0.36385251318293765                               0.5942059630822825                                 -0.28670104817039366                               0.4268159543460271                                 -0.42904573082625946                               0.25706231353772174                                
parent#2: -0.13712138244484987                               0.46342477456243086                                0.3579778729288396                                 0.4814073186804343                                 -0.42863479956095524                               -0.4720235687100502                                
son     : -0.2901415612629411                                0.6125321820917897                                 0.04128033296298858                                0.5260020945423083                                 -0.4967300099330185                                -0.12449589635520605                               
67  :
parent#1: -0.36385251318293765                               0.5942059630822825                                 -0.28670104817039366                               0.4268159543460271                                 -0.42904573082625946                               0.25706231353772174                                
parent#2: 0.4114773666127734                                 0.35303605509627933                                -0.351972553083123                                 0.1669308244660555                                 -0.6249790304914262                                -0.40460172235508607                               
son     : 0.02849841234821193                                0.5668236578906405                                 -0.38217826058521004                               0.3552943329880957                                 -0.63072177886093                                  -0.08828665302420785                               
68  :
parent#1: -0.36385251318293765                               0.5942059630822825                                 -0.28670104817039366                               0.4268159543460271                                 -0.42904573082625946                               0.25706231353772174                                
parent#2: 0.6908665279259526                                 0.07234460833012493                                0.5426600347526116                                 -0.29079772174101143                               -0.21669612491884965                               0.3024388523235498                                 
son     : 0.2798706956133637                                 0.5704586460285955                                 0.21905917298239308                                0.11640943708538462                                -0.5526497770931034                                0.4788418031842984                                 
69  :
parent#1: -0.36385251318293765                               0.5942059630822825                                 -0.28670104817039366                               0.4268159543460271                                 -0.42904573082625946                               0.25706231353772174                                
parent#2: -0.5054970711115444                                -0.0766361129025148                                -0.5482350723210464                                -0.6272605302926068                                0.08474882785429554                                0.19339024300191843                                
son     : -0.602439255503077                                 0.35866399529733733                                -0.5785915170474225                                -0.13890347828357946                               -0.23858983042681783                               0.31215325538049027                                
70  :
parent#1: -0.36385251318293765                               0.5942059630822825                                 -0.28670104817039366                               0.4268159543460271                                 -0.42904573082625946                               0.25706231353772174                                
parent#2: -0.36385251318293765                               0.5942059630822825                                 -0.28670104817039366                               0.4268159543460271                                 -0.42904573082625946                               0.25706231353772174                                
son     : -0.3638525131829377                                0.5942059630822826                                 -0.2867010481703937                                0.42681595434602715                                -0.4290457308262595                                0.2570623135377218                                 
71  :
parent#1: -0.36385251318293765                               0.5942059630822825                                 -0.28670104817039366                               0.4268159543460271                                 -0.42904573082625946                               0.25706231353772174                                
parent#2: -0.3965893048084307                                -0.30713348119150125                               -0.6307648269593928                                -0.2594767967241961                                0.17450113992183985                                -0.5027353431392816                                
son     : -0.5910052710869829                                0.2231089163791883                                 -0.7130422807051495                                0.13005376857757206                                -0.19782867195357115                               -0.19093381245385208                               
72  :
parent#1: -0.36385251318293765                               0.5942059630822825                                 -0.28670104817039366                               0.4268159543460271                                 -0.42904573082625946                               0.25706231353772174                                
parent#2: -0.2669632186820971                                -0.3527159894618843                                0.2231659609812442                                 -0.5358675242631691                                -0.4261461591123898                                0.5345694267557359                                 
son     : -0.46628580301755695                               0.17850434062156187                                -0.04696380837268266                               -0.0806086409715907                                -0.632139968917995                                 0.5851576349016878                                 
73  :
parent#1: -0.3965893048084307                                -0.30713348119150125                               -0.6307648269593928                                -0.2594767967241961                                0.17450113992183985                                -0.5027353431392816                                
parent#2: -0.4811949528054363                                -0.34758631414507585                               0.4397835450170664                                 -0.32272133604467296                               0.37169460596544923                                0.4603473300710751                                 
son     : -0.6410911511399073                                -0.47817566062007244                               -0.13948348791240275                               -0.42520934716111775                               0.3989149457185146                                 -0.03095815384784891                               
74  :
parent#1: -0.3965893048084307                                -0.30713348119150125                               -0.6307648269593928                                -0.2594767967241961                                0.17450113992183985                                -0.5027353431392816                                
parent#2: 0.447040597077234                                  0.4575315290047986                                 0.4419901719870991                                 0.12281928615900349                                -0.11978934247791552                               0.6050043212856231                                 
son     : 0.1655000469302198                                 0.4933646464137353                                 -0.6192549853964668                                -0.4482902894023899                                0.1794761766727871                                 0.33548240137331603                                
75  :
parent#1: -0.3965893048084307                                -0.30713348119150125                               -0.6307648269593928                                -0.2594767967241961                                0.17450113992183985                                -0.5027353431392816                                
parent#2: -0.5266067726939471                                -0.5728180854091484                                -0.5275008527002146                                -0.09691948076312985                               0.045205691205705986                               -0.32383739455601684                               
son     : -0.471934699933423                                 -0.44982825280532407                               -0.5921014823331843                                -0.18218856684097745                               0.11231338601656325                                -0.42254117672675445                               
76  :
parent#1: -0.3965893048084307                                -0.30713348119150125                               -0.6307648269593928                                -0.2594767967241961                                0.17450113992183985                                -0.5027353431392816                                
parent#2: -0.13712138244484987                               0.46342477456243086                                0.3579778729288396                                 0.4814073186804343                                 -0.42863479956095524                               -0.4720235687100502                                
son     : -0.4435777895333854                                0.1298968675212053                                 -0.22671877661875373                               0.18445096324747337                                -0.2112156448822463                                -0.8101419247782489                                
77  :
parent#1: -0.3965893048084307                                -0.30713348119150125                               -0.6307648269593928                                -0.2594767967241961                                0.17450113992183985                                -0.5027353431392816                                
parent#2: 0.4114773666127734                                 0.35303605509627933                                -0.351972553083123                                 0.1669308244660555                                 -0.6249790304914262                                -0.40460172235508607                               
son     : 0.010519938023751334                               0.03243486217044555                                -0.694404447505412                                 -0.06539319256583591                               -0.3183086927057195                                -0.6411264153181394                                
78  :
parent#1: -0.3965893048084307                                -0.30713348119150125                               -0.6307648269593928                                -0.2594767967241961                                0.17450113992183985                                -0.5027353431392816                                
parent#2: 0.6908665279259526                                 0.07234460833012493                                0.5426600347526116                                 -0.29079772174101143                               -0.21669612491884965                               0.3024388523235498                                 
son     : 0.4186107065403209                                 -0.3339882540520487                                -0.1253294730885098                                -0.7827680393526856                                -0.06002256068252536                               -0.28492268157782547                               
79  :
parent#1: -0.3965893048084307                                -0.30713348119150125                               -0.6307648269593928                                -0.2594767967241961                                0.17450113992183985                                -0.5027353431392816                                
parent#2: -0.5054970711115444                                -0.0766361129025148                                -0.5482350723210464                                -0.6272605302926068                                0.08474882785429554                                0.19339024300191843                                
son     : -0.4965605600896974                                -0.21124899973616895                               -0.6489897929511874                                -0.4881115550679438                                0.14270618938332558                                -0.17028145007572904                               
80  :
parent#1: -0.3965893048084307                                -0.30713348119150125                               -0.6307648269593928                                -0.2594767967241961                                0.17450113992183985                                -0.5027353431392816                                
parent#2: -0.3965893048084307                                -0.30713348119150125                               -0.6307648269593928                                -0.2594767967241961                                0.17450113992183985                                -0.5027353431392816                                
son     : -0.39658930480843074                               -0.3071334811915013                                -0.630764826959393                                 -0.25947679672419616                               0.17450113992183988                                -0.5027353431392817                                
81  :
parent#1: -0.3965893048084307                                -0.30713348119150125                               -0.6307648269593928                                -0.2594767967241961                                0.17450113992183985                                -0.5027353431392816                                
parent#2: -0.2669632186820971                                -0.3527159894618843                                0.2231659609812442                                 -0.5358675242631691                                -0.4261461591123898                                0.5345694267557359                                 
son     : -0.503218464524049                                 -0.5004101795778088                                -0.3091108363213022                                -0.6031654372585586                                -0.19084008526719295                               0.024142020578467465                               
82  :
parent#1: -0.2669632186820971                                -0.3527159894618843                                0.2231659609812442                                 -0.5358675242631691                                -0.4261461591123898                                0.5345694267557359                                 
parent#2: -0.5266067726939471                                -0.5728180854091484                                -0.5275008527002146                                -0.09691948076312985                               0.045205691205705986                               -0.32383739455601684                               
son     : -0.5388433511787886                                -0.6284485148800727                                -0.20664696840429717                               -0.4296698137230658                                -0.2586630550010106                                0.14308952665197874                                
83  :
parent#1: -0.2669632186820971                                -0.3527159894618843                                0.2231659609812442                                 -0.5358675242631691                                -0.4261461591123898                                0.5345694267557359                                 
parent#2: -0.13712138244484987                               0.46342477456243086                                0.3579778729288396                                 0.4814073186804343                                 -0.42863479956095524                               -0.4720235687100502                                
son     : -0.3613090384325444                                0.09898938137993353                                0.5196251459111897                                 -0.048695160511090324                              -0.7642956088586256                                0.05592488247609723                                
84  :
parent#1: -0.2669632186820971                                -0.3527159894618843                                0.2231659609812442                                 -0.5358675242631691                                -0.4261461591123898                                0.5345694267557359                                 
parent#2: 0.4114773666127734                                 0.35303605509627933                                -0.351972553083123                                 0.1669308244660555                                 -0.6249790304914262                                -0.40460172235508607                               
son     : 0.1269747988081888                                 2.8122000589324867E-4                              -0.11317363283455205                               -0.32415970270376293                               -0.9235525475068914                                0.1141938236092359                                 
85  :
parent#1: -0.2669632186820971                                -0.3527159894618843                                0.2231659609812442                                 -0.5358675242631691                                -0.4261461591123898                                0.5345694267557359                                 
parent#2: 0.6908665279259526                                 0.07234460833012493                                0.5426600347526116                                 -0.29079772174101143                               -0.21669612491884965                               0.3024388523235498                                 
son     : 0.26079587810685445                                -0.17249145959421086                               0.4711552344111881                                 -0.5085850570891813                                -0.39549259062684033                               0.5149483487509564                                 
86  :
parent#1: -0.2669632186820971                                -0.3527159894618843                                0.2231659609812442                                 -0.5358675242631691                                -0.4261461591123898                                0.5345694267557359                                 
parent#2: -0.5054970711115444                                -0.0766361129025148                                -0.5482350723210464                                -0.6272605302926068                                0.08474882785429554                                0.19339024300191843                                
son     : -0.454699064727218                                 -0.2527327319776019                                -0.19134785677772798                               -0.6846607463870867                                -0.20095925871463677                               0.4285043326775613                                 
87  :
parent#1: -0.2669632186820971                                -0.3527159894618843                                0.2231659609812442                                 -0.5358675242631691                                -0.4261461591123898                                0.5345694267557359                                 
parent#2: -0.3965893048084307                                -0.30713348119150125                               -0.6307648269593928                                -0.2594767967241961                                0.17450113992183985                                -0.5027353431392816                                
son     : -0.503218464524049                                 -0.5004101795778088                                -0.3091108363213022                                -0.6031654372585586                                -0.19084008526719295                               0.024142020578467465                               
88  :
parent#1: -0.2669632186820971                                -0.3527159894618843                                0.2231659609812442                                 -0.5358675242631691                                -0.4261461591123898                                0.5345694267557359                                 
parent#2: -0.2669632186820971                                -0.3527159894618843                                0.2231659609812442                                 -0.5358675242631691                                -0.4261461591123898                                0.5345694267557359                                 
son     : -0.2669632186820971                                -0.3527159894618843                                0.2231659609812442                                 -0.5358675242631691                                -0.4261461591123898                                0.5345694267557359                                 

0   :
parent#1: -0.4811949528054363                                -0.34758631414507585                               0.4397835450170664                                 -0.32272133604467296                               0.37169460596544923                                0.4603473300710751                                 
parent#2: 0.4114773666127734                                 0.35303605509627933                                -0.351972553083123                                 0.1669308244660555                                 -0.6249790304914262                                -0.40460172235508607                               
son:      -0.2160477157885833                                0.0168881934737856                                 0.2721173417569461                                 -0.48277896591373015                               -0.7849026960348504                                0.17274997414573914                                
mutated:  -0.2160477157885833                                0.0168881934737856                                 0.2721173417569461                                 -0.48277896591373015                               -0.7849026960348504                                0.17274997414573914                                
1   :
parent#1: -0.4811949528054363                                -0.34758631414507585                               0.4397835450170664                                 -0.32272133604467296                               0.37169460596544923                                0.4603473300710751                                 
parent#2: -0.36385251318293765                               0.5942059630822825                                 -0.28670104817039366                               0.4268159543460271                                 -0.42904573082625946                               0.25706231353772174                                
son:      -0.7335320743939774                                0.21407486555756677                                0.13288120015129926                                0.09035793179562304                                -0.049782871709785015                              0.6227377813045176                                 
mutated:  -0.7335320743939774                                0.21407486555756677                                0.13288120015129926                                0.09035793179562304                                -0.049782871709785015                              0.6227377813045176                                 
2   :
parent#1: -0.5266067726939471                                -0.5728180854091484                                -0.5275008527002146                                -0.09691948076312985                               0.045205691205705986                               -0.32383739455601684                               
parent#2: 0.6908665279259526                                 0.07234460833012493                                0.5426600347526116                                 -0.29079772174101143                               -0.21669612491884965                               0.3024388523235498                                 
son:      0.2427488077995063                                 -0.7396171979229557                                0.02240276910943567                                -0.5729820340856168                                -0.2534345571992827                                -0.0316235136734615                                
mutated:  0.2427488077995063                                 -0.7396171979229557                                0.02240276910943567                                -0.5729820340856168                                -0.2534345571992827                                -0.0316235136734615                                
3   :
parent#1: -0.13712138244484987                               0.46342477456243086                                0.3579778729288396                                 0.4814073186804343                                 -0.42863479956095524                               -0.4720235687100502                                
parent#2: -0.2669632186820971                                -0.3527159894618843                                0.2231659609812442                                 -0.5358675242631691                                -0.4261461591123898                                0.5345694267557359                                 
son:      -0.3613090384325444                                0.09898938137993353                                0.5196251459111897                                 -0.048695160511090324                              -0.7642956088586256                                0.05592488247609723                                
mutated:  -0.3613090384325444                                0.09898938137993353                                0.5196251459111897                                 -0.048695160511090324                              -0.7642956088586256                                0.05592488247609723                                
4   :
parent#1: 0.6908665279259526                                 0.07234460833012493                                0.5426600347526116                                 -0.29079772174101143                               -0.21669612491884965                               0.3024388523235498                                 
parent#2: -0.5266067726939471                                -0.5728180854091484                                -0.5275008527002146                                -0.09691948076312985                               0.045205691205705986                               -0.32383739455601684                               
son:      0.2427488077995063                                 -0.7396171979229557                                0.02240276910943567                                -0.5729820340856168                                -0.2534345571992827                                -0.0316235136734615                                
mutated:  0.2427488077995063                                 -0.7396171979229557                                0.02240276910943567                                -0.5729820340856168                                -0.2534345571992827                                -0.0316235136734615                                
5   :
parent#1: -0.5054970711115444                                -0.0766361129025148                                -0.5482350723210464                                -0.6272605302926068                                0.08474882785429554                                0.19339024300191843                                
parent#2: -0.4811949528054363                                -0.34758631414507585                               0.4397835450170664                                 -0.32272133604467296                               0.37169460596544923                                0.4603473300710751                                 
son:      -0.6000965357719061                                -0.25800797279925003                               -0.06595916887615033                               -0.5777697733605045                                0.2776044771535608                                 0.3975968624410862                                 
mutated:  -0.6000965357719061                                -0.25800797279925003                               -0.06595916887615033                               -0.5777697733605045                                0.2776044771535608                                 0.3975968624410862                                 
6   :
parent#1: -0.5054970711115444                                -0.0766361129025148                                -0.5482350723210464                                -0.6272605302926068                                0.08474882785429554                                0.19339024300191843                                
parent#2: 0.4114773666127734                                 0.35303605509627933                                -0.351972553083123                                 0.1669308244660555                                 -0.6249790304914262                                -0.40460172235508607                               
son:      -0.07824189772012409                               0.23001620907301853                                -0.7491403353077917                                -0.3830800144802267                                -0.44957210284157845                               -0.17576727190290903                               
mutated:  -0.07824189772012409                               0.23001620907301853                                -0.7491403353077917                                -0.3830800144802267                                -0.44957210284157845                               -0.17576727190290903                               
7   :
parent#1: -0.3965893048084307                                -0.30713348119150125                               -0.6307648269593928                                -0.2594767967241961                                0.17450113992183985                                -0.5027353431392816                                
parent#2: -0.36385251318293765                               0.5942059630822825                                 -0.28670104817039366                               0.4268159543460271                                 -0.42904573082625946                               0.25706231353772174                                
son:      -0.5910052710869829                                0.2231089163791883                                 -0.7130422807051495                                0.13005376857757206                                -0.19782867195357115                               -0.19093381245385208                               
mutated:  -0.5910052710869829                                0.2231089163791883                                 -0.7130422807051495                                0.13005376857757206                                -0.19782867195357115                               -0.19093381245385208                               
8   :
parent#1: -0.2669632186820971                                -0.3527159894618843                                0.2231659609812442                                 -0.5358675242631691                                -0.4261461591123898                                0.5345694267557359                                 
parent#2: -0.4811949528054363                                -0.34758631414507585                               0.4397835450170664                                 -0.32272133604467296                               0.37169460596544923                                0.4603473300710751                                 
son:      -0.4169539275123624                                -0.39028350830455694                               0.3694665256663337                                 -0.47849774428305236                               -0.030346242023426614                              0.5544742610803833                                 
mutated:  -0.4169539275123624                                -0.39028350830455694                               0.3694665256663337                                 -0.47849774428305236                               -0.030346242023426614                              0.5544742610803833                                 
9   :
parent#1: -0.2669632186820971                                -0.3527159894618843                                0.2231659609812442                                 -0.5358675242631691                                -0.4261461591123898                                0.5345694267557359                                 
parent#2: 0.447040597077234                                  0.4575315290047986                                 0.4419901719870991                                 0.12281928615900349                                -0.11978934247791552                               0.6050043212856231                                 
son:      0.11996818106767715                                0.06982848006038164                                0.44312934866880055                                -0.27517418489863893                               -0.3637041459052451                                0.7591880277433519                                 
mutated:  0.11996818106767715                                0.06982848006038164                                0.44312934866880055                                -0.27517418489863893                               -0.3637041459052451                                0.7591880277433519                                 
10  :
parent#1: -0.2669632186820971                                -0.3527159894618843                                0.2231659609812442                                 -0.5358675242631691                                -0.4261461591123898                                0.5345694267557359                                 
parent#2: -0.36385251318293765                               0.5942059630822825                                 -0.28670104817039366                               0.4268159543460271                                 -0.42904573082625946                               0.25706231353772174                                
son:      -0.46628580301755695                               0.17850434062156187                                -0.04696380837268266                               -0.0806086409715907                                -0.632139968917995                                 0.5851576349016878                                 
mutated:  -0.46628580301755695                               0.17850434062156187                                -0.04696380837268266                               -0.0806086409715907                                -0.632139968917995                                 0.5851576349016878                                 

