0   :
parent#1: 0.513609862146599                                  -0.03969687532329356                               0.26515001486809464                                -0.16278093320038586                               -0.618123056432208                                 0.5057180954880737                                 
parent#2: 0.513609862146599                                  -0.03969687532329356                               0.26515001486809464                                -0.16278093320038586                               -0.618123056432208                                 0.5057180954880737                                 
son     : 0.5139148916998052                                 -0.01973764278045196                               0.26530748573563173                                -0.16287760773680748                               -0.6184901556910538                                0.5060184381724417                                 
1   :
parent#1: 0.513609862146599                                  -0.03969687532329356                               0.26515001486809464                                -0.16278093320038586                               -0.618123056432208                                 0.5057180954880737                                 
parent#2: -0.35581810987560264                               -0.022007964121444817                              0.15790186778848952                                0.4850393518110251                                 0.5681999323828612                                 -0.5383881372983081                                
son     : 0.281104530334661                                  -0.10992659414605611                               0.753662970781472                                  0.5741003576305763                                 -0.08893757840161952                               -0.05820137381646753                               
2   :
parent#1: 0.513609862146599                                  -0.03969687532329356                               0.26515001486809464                                -0.16278093320038586                               -0.618123056432208                                 0.5057180954880737                                 
parent#2: 0.06557235966807352                                0.00883155603317743                                0.8479260691622139                                 0.032776774027101885                               0.4732108114446252                                 -0.2272462574323408                                
son     : 0.445420653091803                                  -0.02373700393119054                               0.8560122490228804                                 -0.09997982552396761                               -0.1114449034729217                                0.21415903890459692                                
3   :
parent#1: 0.513609862146599                                  -0.03969687532329356                               0.26515001486809464                                -0.16278093320038586                               -0.618123056432208                                 0.5057180954880737                                 
parent#2: 0.6517195176081422                                 -0.3864794543965437                                0.010265218082288195                               -0.356212118464535                                 -0.1347770864466995                                0.5298471389218127                                 
son     : 0.5671654251804021                                 -0.20741987926044245                               0.13404450313467509                                -0.2525937472503783                                -0.5472691400481127                                0.5040092583950286                                 
4   :
parent#1: 0.513609862146599                                  -0.03969687532329356                               0.26515001486809464                                -0.16278093320038586                               -0.618123056432208                                 0.5057180954880737                                 
parent#2: -0.5054970711115444                                -0.0766361129025148                                -0.5482350723210464                                -0.6272605302926068                                0.08474882785429554                                0.19339024300191843                                
son     : 0.006643711004068485                               -0.09526718371919375                               -0.23182346287006053                               -0.6469792136885052                                -0.4367897825024871                                0.5725124363973895                                 
5   :
parent#1: 0.513609862146599                                  -0.03969687532329356                               0.26515001486809464                                -0.16278093320038586                               -0.618123056432208                                 0.5057180954880737                                 
parent#2: -0.0639877418325946                                0.5849509476258753                                 -0.31056907123490957                               -0.11272400071590796                               -0.2964314348061847                                -0.6758006465522123                                
son     : 0.3726419141549291                                 0.4617258073833727                                 -0.0376428190228286                                -0.22833548727984432                               -0.757972797192574                                 -0.1409625650727131                                
6   :
parent#1: 0.513609862146599                                  -0.03969687532329356                               0.26515001486809464                                -0.16278093320038586                               -0.618123056432208                                 0.5057180954880737                                 
parent#2: 0.13803748298085494                                -0.09341651339212566                               -0.2638666833620045                                0.24038102644036366                                -0.4846179787962077                                0.7809966443490395                                 
son     : 0.3576347399514719                                 -0.07305480872938572                               7.04313357345637E-4                                0.04258820261235223                                -0.6052023480439346                                0.7061701314587073                                 
7   :
parent#1: 0.513609862146599                                  -0.03969687532329356                               0.26515001486809464                                -0.16278093320038586                               -0.618123056432208                                 0.5057180954880737                                 
parent#2: 0.4562679024283958                                 0.3696120064952238                                 -0.390067794932643                                 0.48058435982028735                                -0.460484490391924                                 0.24504364596774741                                
son     : 0.5702058838476711                                 0.19396212165668705                                -0.07344106215406188                               0.1868414664037875                                 -0.6341297759631916                                0.4413842424085512                                 
8   :
parent#1: 0.513609862146599                                  -0.03969687532329356                               0.26515001486809464                                -0.16278093320038586                               -0.618123056432208                                 0.5057180954880737                                 
parent#2: 0.46397277315517566                                -0.29535813919408443                               -0.5289493194549518                                -0.48254255556900205                               0.38138531023715094                                0.1985028464050217                                 
son     : 0.6736450080165346                                 -0.2308839475967822                                -0.18178216166688804                               -0.44468767249647073                               -0.16313424070196966                               0.48527347450330116                                
9   :
parent#1: -0.35581810987560264                               -0.022007964121444817                              0.15790186778848952                                0.4850393518110251                                 0.5681999323828612                                 -0.5383881372983081                                
parent#2: 0.513609862146599                                  -0.03969687532329356                               0.26515001486809464                                -0.16278093320038586                               -0.618123056432208                                 0.5057180954880737                                 
son     : 0.281104530334661                                  -0.10992659414605611                               0.753662970781472                                  0.5741003576305763                                 -0.08893757840161952                               -0.05820137381646753                               
10  :
parent#1: -0.35581810987560264                               -0.022007964121444817                              0.15790186778848952                                0.4850393518110251                                 0.5681999323828612                                 -0.5383881372983081                                
parent#2: -0.35581810987560264                               -0.022007964121444817                              0.15790186778848952                                0.4850393518110251                                 0.5681999323828612                                 -0.5383881372983081                                
son     : -0.35581810987560264                               -0.022007964121444817                              0.15790186778848952                                0.4850393518110251                                 0.5681999323828612                                 -0.5383881372983081                                
11  :
parent#1: -0.35581810987560264                               -0.022007964121444817                              0.15790186778848952                                0.4850393518110251                                 0.5681999323828612                                 -0.5383881372983081                                
parent#2: 0.06557235966807352                                0.00883155603317743                                0.8479260691622139                                 0.032776774027101885                               0.4732108114446252                                 -0.2272462574323408                                
son     : -0.16660519080044303                               -0.0075634457422396485                             0.5773595486868249                                 0.2972338247265384                                 0.5977845861755148                                 -0.43948503751140383                               
12  :
parent#1: -0.35581810987560264                               -0.022007964121444817                              0.15790186778848952                                0.4850393518110251                                 0.5681999323828612                                 -0.5383881372983081                                
parent#2: 0.6517195176081422                                 -0.3864794543965437                                0.010265218082288195                               -0.356212118464535                                 -0.1347770864466995                                0.5298471389218127                                 
son     : 0.4239185775555509                                 -0.5852131854810441                                0.2409219759388214                                 0.18456234436040347                                0.620936540103967                                  -0.012236129291892078                              
13  :
parent#1: -0.35581810987560264                               -0.022007964121444817                              0.15790186778848952                                0.4850393518110251                                 0.5681999323828612                                 -0.5383881372983081                                
parent#2: -0.5054970711115444                                -0.0766361129025148                                -0.5482350723210464                                -0.6272605302926068                                0.08474882785429554                                0.19339024300191843                                
son     : -0.7105102730995462                                -0.08137280249213684                               -0.32199101777632144                               -0.117320129255908                                 0.538626059538866                                  -0.2845933213604348                                
14  :
parent#1: -0.35581810987560264                               -0.022007964121444817                              0.15790186778848952                                0.4850393518110251                                 0.5681999323828612                                 -0.5383881372983081                                
parent#2: -0.0639877418325946                                0.5849509476258753                                 -0.31056907123490957                               -0.11272400071590796                               -0.2964314348061847                                -0.6758006465522123                                
son     : -0.2828286959031817                                0.37926205469635554                                -0.10285389277505774                               0.25083372417629185                                0.18309399319808844                                -0.8180148726354866                                
15  :
parent#1: -0.35581810987560264                               -0.022007964121444817                              0.15790186778848952                                0.4850393518110251                                 0.5681999323828612                                 -0.5383881372983081                                
parent#2: 0.36926324609991484                                0.324899404720046                                  -0.5749329227476623                                0.4823941444187145                                 -0.11740575138700562                               0.4254984667480403                                 
son     : 0.011291953062178244                               0.2543846245298953                                 -0.3502452499926643                                0.8125030083705268                                 0.37860135052433697                                -0.09481085500296599                               
16  :
parent#1: -0.35581810987560264                               -0.022007964121444817                              0.15790186778848952                                0.4850393518110251                                 0.5681999323828612                                 -0.5383881372983081                                
parent#2: 0.13803748298085494                                -0.09341651339212566                               -0.2638666833620045                                0.24038102644036366                                -0.4846179787962077                                0.7809966443490395                                 
son     : -0.2672488277375813                                -0.14164279324364673                               -0.13003439813375725                               0.8901973902312796                                 0.10256733775886091                                0.2977162846528493                                 
17  :
parent#1: -0.35581810987560264                               -0.022007964121444817                              0.15790186778848952                                0.4850393518110251                                 0.5681999323828612                                 -0.5383881372983081                                
parent#2: 0.4562679024283958                                 0.3696120064952238                                 -0.390067794932643                                 0.48058435982028735                                -0.460484490391924                                 0.24504364596774741                                
son     : 0.09113355877029815                                0.31536544396360844                                -0.2106336571549657                                0.8760667696520656                                 0.09772535426581869                                -0.2661382045818222                                
18  :
parent#1: -0.35581810987560264                               -0.022007964121444817                              0.15790186778848952                                0.4850393518110251                                 0.5681999323828612                                 -0.5383881372983081                                
parent#2: 0.46397277315517566                                -0.29535813919408443                               -0.5289493194549518                                -0.48254255556900205                               0.38138531023715094                                0.1985028464050217                                 
son     : 0.09607258799205927                                -0.2819127900908253                                -0.3295973365226892                                0.0022178764131505144                              0.8435060404353582                                 -0.30191633468585877                               
19  :
parent#1: 0.06557235966807352                                0.00883155603317743                                0.8479260691622139                                 0.032776774027101885                               0.4732108114446252                                 -0.2272462574323408                                
parent#2: 0.513609862146599                                  -0.03969687532329356                               0.26515001486809464                                -0.16278093320038586                               -0.618123056432208                                 0.5057180954880737                                 
son     : 0.445420653091803                                  -0.02373700393119054                               0.8560122490228804                                 -0.09997982552396761                               -0.1114449034729217                                0.21415903890459692                                
20  :
parent#1: 0.06557235966807352                                0.00883155603317743                                0.8479260691622139                                 0.032776774027101885                               0.4732108114446252                                 -0.2272462574323408                                
parent#2: -0.35581810987560264                               -0.022007964121444817                              0.15790186778848952                                0.4850393518110251                                 0.5681999323828612                                 -0.5383881372983081                                
son     : -0.16660519080044303                               -0.0075634457422396485                             0.5773595486868249                                 0.2972338247265384                                 0.5977845861755148                                 -0.43948503751140383                               
21  :
parent#1: 0.06557235966807352                                0.00883155603317743                                0.8479260691622139                                 0.032776774027101885                               0.4732108114446252                                 -0.2272462574323408                                
parent#2: 0.06557235966807352                                0.00883155603317743                                0.8479260691622139                                 0.032776774027101885                               0.4732108114446252                                 -0.2272462574323408                                
son     : 0.06557235966807352                                0.00883155603317743                                0.8479260691622139                                 0.032776774027101885                               0.4732108114446252                                 -0.2272462574323408                                
22  :
parent#1: 0.06557235966807352                                0.00883155603317743                                0.8479260691622139                                 0.032776774027101885                               0.4732108114446252                                 -0.2272462574323408                                
parent#2: 0.6517195176081422                                 -0.3864794543965437                                0.010265218082288195                               -0.356212118464535                                 -0.1347770864466995                                0.5298471389218127                                 
son     : 0.5494379985412552                                 -0.28927429963099555                               0.6573654577264758                                 -0.24774805617486845                               0.2592366571998927                                 0.23178907770953494                                
23  :
parent#1: 0.06557235966807352                                0.00883155603317743                                0.8479260691622139                                 0.032776774027101885                               0.4732108114446252                                 -0.2272462574323408                                
parent#2: -0.5054970711115444                                -0.0766361129025148                                -0.5482350723210464                                -0.6272605302926068                                0.08474882785429554                                0.19339024300191843                                
son     : -0.4504480215120299                                -0.06942648979885176                               0.306859817329035                                  -0.6087042279397983                                0.571306428277467                                  -0.03466587422749524                               
24  :
parent#1: 0.06557235966807352                                0.00883155603317743                                0.8479260691622139                                 0.032776774027101885                               0.4732108114446252                                 -0.2272462574323408                                
parent#2: -0.0639877418325946                                0.5849509476258753                                 -0.31056907123490957                               -0.11272400071590796                               -0.2964314348061847                                -0.6758006465522123                                
son     : 0.0012962270911853016                              0.48571772340431874                                0.43956131425269596                                -0.06539732090535445                               0.14460661241537884                                -0.7386978963303247                                
25  :
parent#1: 0.06557235966807352                                0.00883155603317743                                0.8479260691622139                                 0.032776774027101885                               0.4732108114446252                                 -0.2272462574323408                                
parent#2: 0.36926324609991484                                0.324899404720046                                  -0.5749329227476623                                0.4823941444187145                                 -0.11740575138700562                               0.4254984667480403                                 
son     : 0.48426220332691366                                0.37166526436428576                                0.30402354550145677                                0.5737290156262701                                 0.396248467358264                                  0.2207870064552034                                 
26  :
parent#1: 0.06557235966807352                                0.00883155603317743                                0.8479260691622139                                 0.032776774027101885                               0.4732108114446252                                 -0.2272462574323408                                
parent#2: 0.13803748298085494                                -0.09341651339212566                               -0.2638666833620045                                0.24038102644036366                                -0.4846179787962077                                0.7809966443490395                                 
son     : 0.23186611884901578                                -0.09632336787198059                               0.6651131458135686                                 0.3110657039155588                                 -0.012990214944732037                              0.6305979679327228                                 
27  :
parent#1: 0.06557235966807352                                0.00883155603317743                                0.8479260691622139                                 0.032776774027101885                               0.4732108114446252                                 -0.2272462574323408                                
parent#2: 0.4562679024283958                                 0.3696120064952238                                 -0.390067794932643                                 0.48058435982028735                                -0.460484490391924                                 0.24504364596774741                                
son     : 0.5534016603448855                                 0.4013321912124413                                 0.4855499806460847                                 0.544409706308095                                  0.013496021124075209                               0.018873791619160852                               
28  :
parent#1: 0.06557235966807352                                0.00883155603317743                                0.8479260691622139                                 0.032776774027101885                               0.4732108114446252                                 -0.2272462574323408                                
parent#2: 0.46397277315517566                                -0.29535813919408443                               -0.5289493194549518                                -0.48254255556900205                               0.38138531023715094                                0.1985028464050217                                 
son     : 0.4479135338332909                                 -0.24235731091804222                               0.2698051484494055                                 -0.3804325035217842                                0.7228565520410041                                 -0.024312493892690617                              
29  :
parent#1: 0.6517195176081422                                 -0.3864794543965437                                0.010265218082288195                               -0.356212118464535                                 -0.1347770864466995                                0.5298471389218127                                 
parent#2: 0.513609862146599                                  -0.03969687532329356                               0.26515001486809464                                -0.16278093320038586                               -0.618123056432208                                 0.5057180954880737                                 
son     : 0.620762977396476                                  -0.2270212112805972                                0.14671180783462787                                -0.2764640432110315                                -0.4010647482981227                                0.5516385061327937                                 
30  :
parent#1: 0.6517195176081422                                 -0.3864794543965437                                0.010265218082288195                               -0.356212118464535                                 -0.1347770864466995                                0.5298471389218127                                 
parent#2: -0.35581810987560264                               -0.022007964121444817                              0.15790186778848952                                0.4850393518110251                                 0.5681999323828612                                 -0.5383881372983081                                
son     : 0.4239185775555509                                 -0.5852131854810441                                0.2409219759388214                                 0.18456234436040347                                0.620936540103967                                  -0.012236129291892078                              
31  :
parent#1: 0.6517195176081422                                 -0.3864794543965437                                0.010265218082288195                               -0.356212118464535                                 -0.1347770864466995                                0.5298471389218127                                 
parent#2: 0.06557235966807352                                0.00883155603317743                                0.8479260691622139                                 0.032776774027101885                               0.4732108114446252                                 -0.2272462574323408                                
son     : 0.5494379985412552                                 -0.28927429963099555                               0.6573654577264758                                 -0.24774805617486845                               0.2592366571998927                                 0.23178907770953494                                
32  :
parent#1: 0.6517195176081422                                 -0.3864794543965437                                0.010265218082288195                               -0.356212118464535                                 -0.1347770864466995                                0.5298471389218127                                 
parent#2: 0.6517195176081422                                 -0.3864794543965437                                0.010265218082288195                               -0.356212118464535                                 -0.1347770864466995                                0.5298471389218127                                 
son     : 0.6517195176081422                                 -0.3864794543965437                                0.010265218082288195                               -0.356212118464535                                 -0.1347770864466995                                0.5298471389218127                                 
33  :
parent#1: 0.6517195176081422                                 -0.3864794543965437                                0.010265218082288195                               -0.356212118464535                                 -0.1347770864466995                                0.5298471389218127                                 
parent#2: -0.5054970711115444                                -0.0766361129025148                                -0.5482350723210464                                -0.6272605302926068                                0.08474882785429554                                0.19339024300191843                                
son     : 0.10293113785197462                                -0.3260033834830138                                -0.378695956425163                                 -0.6923010878854591                                -0.03521665589002973                               0.5091123041784484                                 
34  :
parent#1: 0.6517195176081422                                 -0.3864794543965437                                0.010265218082288195                               -0.356212118464535                                 -0.1347770864466995                                0.5298471389218127                                 
parent#2: -0.0639877418325946                                0.5849509476258753                                 -0.31056907123490957                               -0.11272400071590796                               -0.2964314348061847                                -0.6758006465522123                                
son     : 0.6187863015352351                                 0.20895831451940206                                -0.31617128473934397                               -0.49371372929607904                               -0.45399268348977234                               -0.15366538769072824                               
35  :
parent#1: 0.6517195176081422                                 -0.3864794543965437                                0.010265218082288195                               -0.356212118464535                                 -0.1347770864466995                                0.5298471389218127                                 
parent#2: 0.13803748298085494                                -0.09341651339212566                               -0.2638666833620045                                0.24038102644036366                                -0.4846179787962077                                0.7809966443490395                                 
son     : 0.45342614859622354                                -0.27552447175395794                               -0.14560116034980633                               -0.06650253926846479                               -0.3556156117427784                                0.7525996573838867                                 
36  :
parent#1: 0.6517195176081422                                 -0.3864794543965437                                0.010265218082288195                               -0.356212118464535                                 -0.1347770864466995                                0.5298471389218127                                 
parent#2: 0.4562679024283958                                 0.3696120064952238                                 -0.390067794932643                                 0.48058435982028735                                -0.460484490391924                                 0.24504364596774741                                
son     : 0.7239380627715538                                 -0.011020872021434097                              -0.2481558334945923                                0.08126247450234618                                -0.38893267647811625                               0.5062990098335032                                 
37  :
parent#1: 0.6517195176081422                                 -0.3864794543965437                                0.010265218082288195                               -0.356212118464535                                 -0.1347770864466995                                0.5298471389218127                                 
parent#2: 0.46397277315517566                                -0.29535813919408443                               -0.5289493194549518                                -0.48254255556900205                               0.38138531023715094                                0.1985028464050217                                 
son     : 0.6166470906415965                                 -0.3768540590076756                                -0.2866785445426688                                -0.46358268654071305                               0.13630124093143323                                0.40256162307383114                                
38  :
parent#1: -0.5054970711115444                                -0.0766361129025148                                -0.5482350723210464                                -0.6272605302926068                                0.08474882785429554                                0.19339024300191843                                
parent#2: 0.513609862146599                                  -0.03969687532329356                               0.26515001486809464                                -0.16278093320038586                               -0.618123056432208                                 0.5057180954880737                                 
son     : 0.006643711004068485                               -0.09526718371919375                               -0.23182346287006053                               -0.6469792136885052                                -0.4367897825024871                                0.5725124363973895                                 
39  :
parent#1: -0.5054970711115444                                -0.0766361129025148                                -0.5482350723210464                                -0.6272605302926068                                0.08474882785429554                                0.19339024300191843                                
parent#2: -0.35581810987560264                               -0.022007964121444817                              0.15790186778848952                                0.4850393518110251                                 0.5681999323828612                                 -0.5383881372983081                                
son     : -0.7105102730995462                                -0.08137280249213684                               -0.32199101777632144                               -0.117320129255908                                 0.538626059538866                                  -0.2845933213604348                                
40  :
parent#1: -0.5054970711115444                                -0.0766361129025148                                -0.5482350723210464                                -0.6272605302926068                                0.08474882785429554                                0.19339024300191843                                
parent#2: 0.06557235966807352                                0.00883155603317743                                0.8479260691622139                                 0.032776774027101885                               0.4732108114446252                                 -0.2272462574323408                                
son     : -0.4504480215120299                                -0.06942648979885176                               0.306859817329035                                  -0.6087042279397983                                0.571306428277467                                  -0.03466587422749524                               
41  :
parent#1: -0.5054970711115444                                -0.0766361129025148                                -0.5482350723210464                                -0.6272605302926068                                0.08474882785429554                                0.19339024300191843                                
parent#2: 0.6517195176081422                                 -0.3864794543965437                                0.010265218082288195                               -0.356212118464535                                 -0.1347770864466995                                0.5298471389218127                                 
son     : 0.10293113785197462                                -0.3260033834830138                                -0.378695956425163                                 -0.6923010878854591                                -0.03521665589002973                               0.5091123041784484                                 
42  :
parent#1: -0.5054970711115444                                -0.0766361129025148                                -0.5482350723210464                                -0.6272605302926068                                0.08474882785429554                                0.19339024300191843                                
parent#2: -0.5054970711115444                                -0.0766361129025148                                -0.5482350723210464                                -0.6272605302926068                                0.08474882785429554                                0.19339024300191843                                
son     : -0.5054970711115445                                -0.07663611290251482                               -0.5482350723210465                                -0.6272605302926069                                0.08474882785429555                                0.19339024300191845                                
43  :
parent#1: -0.5054970711115444                                -0.0766361129025148                                -0.5482350723210464                                -0.6272605302926068                                0.08474882785429554                                0.19339024300191843                                
parent#2: -0.0639877418325946                                0.5849509476258753                                 -0.31056907123490957                               -0.11272400071590796                               -0.2964314348061847                                -0.6758006465522123                                
son     : -0.3888062889186316                                0.3470435031784835                                 -0.5863342522475454                                -0.5052121370387385                                -0.14452278088346238                               -0.329357683430493                                 
44  :
parent#1: -0.5054970711115444                                -0.0766361129025148                                -0.5482350723210464                                -0.6272605302926068                                0.08474882785429554                                0.19339024300191843                                
parent#2: 0.36926324609991484                                0.324899404720046                                  -0.5749329227476623                                0.4823941444187145                                 -0.11740575138700562                               0.4254984667480403                                 
son     : -0.10307806623128091                               0.18784248357248115                                -0.849818207590254                                 -0.10960968699602064                               -0.024709080336892918                              0.4682673440898579                                 
45  :
parent#1: -0.5054970711115444                                -0.0766361129025148                                -0.5482350723210464                                -0.6272605302926068                                0.08474882785429554                                0.19339024300191843                                
parent#2: 0.13803748298085494                                -0.09341651339212566                               -0.2638666833620045                                0.24038102644036366                                -0.4846179787962077                                0.7809966443490395                                 
son     : -0.25463717812443937                               -0.11784077022618482                               -0.5627592967950757                                -0.2680945288059302                                -0.2770959188542129                                0.6752174535945437                                 
46  :
parent#1: -0.5054970711115444                                -0.0766361129025148                                -0.5482350723210464                                -0.6272605302926068                                0.08474882785429554                                0.19339024300191843                                
parent#2: 0.4562679024283958                                 0.3696120064952238                                 -0.390067794932643                                 0.48058435982028735                                -0.460484490391924                                 0.24504364596774741                                
son     : -0.04279040532233976                               0.2546570980549187                                 -0.8155807030445066                                -0.12749215462148508                               -0.3265925816770199                                0.38109040469098193                                
47  :
parent#1: -0.5054970711115444                                -0.0766361129025148                                -0.5482350723210464                                -0.6272605302926068                                0.08474882785429554                                0.19339024300191843                                
parent#2: 0.46397277315517566                                -0.29535813919408443                               -0.5289493194549518                                -0.48254255556900205                               0.38138531023715094                                0.1985028464050217                                 
son     : -0.02437149651112137                               -0.21833136412457935                               -0.6322225043657039                                -0.6513671119383617                                0.2735840719606402                                 0.23001041634104105                                
48  :
parent#1: -0.0639877418325946                                0.5849509476258753                                 -0.31056907123490957                               -0.11272400071590796                               -0.2964314348061847                                -0.6758006465522123                                
parent#2: -0.35581810987560264                               -0.022007964121444817                              0.15790186778848952                                0.4850393518110251                                 0.5681999323828612                                 -0.5383881372983081                                
son     : -0.2828286959031817                                0.37926205469635554                                -0.10285389277505774                               0.25083372417629185                                0.18309399319808844                                -0.8180148726354866                                
49  :
parent#1: -0.0639877418325946                                0.5849509476258753                                 -0.31056907123490957                               -0.11272400071590796                               -0.2964314348061847                                -0.6758006465522123                                
parent#2: 0.06557235966807352                                0.00883155603317743                                0.8479260691622139                                 0.032776774027101885                               0.4732108114446252                                 -0.2272462574323408                                
son     : 0.0012962270911853016                              0.48571772340431874                                0.43956131425269596                                -0.06539732090535445                               0.14460661241537884                                -0.7386978963303247                                
50  :
parent#1: -0.0639877418325946                                0.5849509476258753                                 -0.31056907123490957                               -0.11272400071590796                               -0.2964314348061847                                -0.6758006465522123                                
parent#2: 0.6517195176081422                                 -0.3864794543965437                                0.010265218082288195                               -0.356212118464535                                 -0.1347770864466995                                0.5298471389218127                                 
son     : 0.6187863015352351                                 0.20895831451940206                                -0.31617128473934397                               -0.49371372929607904                               -0.45399268348977234                               -0.15366538769072824                               
51  :
parent#1: -0.0639877418325946                                0.5849509476258753                                 -0.31056907123490957                               -0.11272400071590796                               -0.2964314348061847                                -0.6758006465522123                                
parent#2: -0.5054970711115444                                -0.0766361129025148                                -0.5482350723210464                                -0.6272605302926068                                0.08474882785429554                                0.19339024300191843                                
son     : -0.3888062889186316                                0.3470435031784835                                 -0.5863342522475454                                -0.5052121370387385                                -0.14452278088346238                               -0.329357683430493                                 
52  :
parent#1: -0.0639877418325946                                0.5849509476258753                                 -0.31056907123490957                               -0.11272400071590796                               -0.2964314348061847                                -0.6758006465522123                                
parent#2: -0.0639877418325946                                0.5849509476258753                                 -0.31056907123490957                               -0.11272400071590796                               -0.2964314348061847                                -0.6758006465522123                                
son     : -0.0639877418325946                                0.5849509476258753                                 -0.31056907123490957                               -0.11272400071590796                               -0.2964314348061847                                -0.6758006465522123                                
53  :
parent#1: -0.0639877418325946                                0.5849509476258753                                 -0.31056907123490957                               -0.11272400071590796                               -0.2964314348061847                                -0.6758006465522123                                
parent#2: 0.36926324609991484                                0.324899404720046                                  -0.5749329227476623                                0.4823941444187145                                 -0.11740575138700562                               0.4254984667480403                                 
son     : 0.2118894587842567                                 0.6315203677934944                                 -0.6146203532041236                                0.2565852994523125                                 -0.28724131540698183                               -0.17373288282175234                               
54  :
parent#1: -0.0639877418325946                                0.5849509476258753                                 -0.31056907123490957                               -0.11272400071590796                               -0.2964314348061847                                -0.6758006465522123                                
parent#2: 0.13803748298085494                                -0.09341651339212566                               -0.2638666833620045                                0.24038102644036366                                -0.4846179787962077                                0.7809966443490395                                 
son     : 0.06719404050446795                                0.4460270106429568                                 -0.5212531301671736                                0.1158382355454122                                 -0.7087380066395149                                0.09545670284944663                                
55  :
parent#1: -0.0639877418325946                                0.5849509476258753                                 -0.31056907123490957                               -0.11272400071590796                               -0.2964314348061847                                -0.6758006465522123                                
parent#2: 0.4562679024283958                                 0.3696120064952238                                 -0.390067794932643                                 0.48058435982028735                                -0.460484490391924                                 0.24504364596774741                                
son     : 0.2506308402148048                                 0.60987768248573                                   -0.4476423334443822                                0.23502883944989716                                -0.48359946120201236                               -0.27521399201254726                               
56  :
parent#1: -0.0639877418325946                                0.5849509476258753                                 -0.31056907123490957                               -0.11272400071590796                               -0.2964314348061847                                -0.6758006465522123                                
parent#2: 0.46397277315517566                                -0.29535813919408443                               -0.5289493194549518                                -0.48254255556900205                               0.38138531023715094                                0.1985028464050217                                 
son     : 0.3225249706678428                                 0.2335110184904778                                 -0.6769394430512933                                -0.47998878350650853                               0.06850192891192103                                -0.38486554980140797                               
57  :
parent#1: 0.36926324609991484                                0.324899404720046                                  -0.5749329227476623                                0.4823941444187145                                 -0.11740575138700562                               0.4254984667480403                                 
parent#2: 0.513609862146599                                  -0.03969687532329356                               0.26515001486809464                                -0.16278093320038586                               -0.618123056432208                                 0.5057180954880737                                 
son     : 0.5620898708395448                                 0.181577002872049                                  -0.19722634323312718                               0.20348490279552228                                -0.4682816689331399                                0.5928682075621585                                 
58  :
parent#1: 0.36926324609991484                                0.324899404720046                                  -0.5749329227476623                                0.4823941444187145                                 -0.11740575138700562                               0.4254984667480403                                 
parent#2: 0.06557235966807352                                0.00883155603317743                                0.8479260691622139                                 0.032776774027101885                               0.4732108114446252                                 -0.2272462574323408                                
son     : 0.48426220332691366                                0.37166526436428576                                0.30402354550145677                                0.5737290156262701                                 0.396248467358264                                  0.2207870064552034                                 
59  :
parent#1: 0.36926324609991484                                0.324899404720046                                  -0.5749329227476623                                0.4823941444187145                                 -0.11740575138700562                               0.4254984667480403                                 
parent#2: 0.6517195176081422                                 -0.3864794543965437                                0.010265218082288195                               -0.356212118464535                                 -0.1347770864466995                                0.5298471389218127                                 
son     : 0.6649906072392885                                 -0.04010856606381373                               -0.3677816444717313                                0.08218538553697555                                -0.16425274199272866                               0.622239549011074                                  
60  :
parent#1: 0.36926324609991484                                0.324899404720046                                  -0.5749329227476623                                0.4823941444187145                                 -0.11740575138700562                               0.4254984667480403                                 
parent#2: -0.5054970711115444                                -0.0766361129025148                                -0.5482350723210464                                -0.6272605302926068                                0.08474882785429554                                0.19339024300191843                                
son     : -0.10307806623128091                               0.18784248357248115                                -0.849818207590254                                 -0.10960968699602064                               -0.024709080336892918                              0.4682673440898579                                 
61  :
parent#1: 0.36926324609991484                                0.324899404720046                                  -0.5749329227476623                                0.4823941444187145                                 -0.11740575138700562                               0.4254984667480403                                 
parent#2: 0.36926324609991484                                0.324899404720046                                  -0.5749329227476623                                0.4823941444187145                                 -0.11740575138700562                               0.4254984667480403                                 
son     : 0.36926324609991484                                0.324899404720046                                  -0.5749329227476623                                0.4823941444187145                                 -0.11740575138700562                               0.4254984667480403                                 
62  :
parent#1: 0.36926324609991484                                0.324899404720046                                  -0.5749329227476623                                0.4823941444187145                                 -0.11740575138700562                               0.4254984667480403                                 
parent#2: 0.13803748298085494                                -0.09341651339212566                               -0.2638666833620045                                0.24038102644036366                                -0.4846179787962077                                0.7809966443490395                                 
son     : 0.2769617944250489                                 0.1263785232026975                                 -0.45794423456105354                               0.3946004742585927                                 -0.32867599638607486                               0.658688292327082                                  
63  :
parent#1: 0.36926324609991484                                0.324899404720046                                  -0.5749329227476623                                0.4823941444187145                                 -0.11740575138700562                               0.4254984667480403                                 
parent#2: 0.4562679024283958                                 0.3696120064952238                                 -0.390067794932643                                 0.48058435982028735                                -0.460484490391924                                 0.24504364596774741                                
son     : 0.4231554054851553                                 0.3559965706330782                                 -0.4946455027305026                                0.4936089451756995                                 -0.29621823479564474                               0.3437102526136738                                 
64  :
parent#1: 0.36926324609991484                                0.324899404720046                                  -0.5749329227476623                                0.4823941444187145                                 -0.11740575138700562                               0.4254984667480403                                 
parent#2: 0.46397277315517566                                -0.29535813919408443                               -0.5289493194549518                                -0.48254255556900205                               0.38138531023715094                                0.1985028464050217                                 
son     : 0.5409285004774861                                 0.019177894490748797                               -0.7166293249206979                                -9.634703628266894E-5                              0.17137289270472814                                0.40509541932864046                                
65  :
parent#1: 0.13803748298085494                                -0.09341651339212566                               -0.2638666833620045                                0.24038102644036366                                -0.4846179787962077                                0.7809966443490395                                 
parent#2: 0.513609862146599                                  -0.03969687532329356                               0.26515001486809464                                -0.16278093320038586                               -0.618123056432208                                 0.5057180954880737                                 
son     : 0.3576347399514719                                 -0.07305480872938572                               7.04313357345637E-4                                0.04258820261235223                                -0.6052023480439346                                0.7061701314587073                                 
66  :
parent#1: 0.13803748298085494                                -0.09341651339212566                               -0.2638666833620045                                0.24038102644036366                                -0.4846179787962077                                0.7809966443490395                                 
parent#2: -0.35581810987560264                               -0.022007964121444817                              0.15790186778848952                                0.4850393518110251                                 0.5681999323828612                                 -0.5383881372983081                                
son     : -0.2672488277375813                                -0.14164279324364673                               -0.13003439813375725                               0.8901973902312796                                 0.10256733775886091                                0.2977162846528493                                 
67  :
parent#1: 0.13803748298085494                                -0.09341651339212566                               -0.2638666833620045                                0.24038102644036366                                -0.4846179787962077                                0.7809966443490395                                 
parent#2: 0.06557235966807352                                0.00883155603317743                                0.8479260691622139                                 0.032776774027101885                               0.4732108114446252                                 -0.2272462574323408                                
son     : 0.23186611884901578                                -0.09632336787198059                               0.6651131458135686                                 0.3110657039155588                                 -0.012990214944732037                              0.6305979679327228                                 
68  :
parent#1: 0.13803748298085494                                -0.09341651339212566                               -0.2638666833620045                                0.24038102644036366                                -0.4846179787962077                                0.7809966443490395                                 
parent#2: 0.6517195176081422                                 -0.3864794543965437                                0.010265218082288195                               -0.356212118464535                                 -0.1347770864466995                                0.5298471389218127                                 
son     : 0.45342614859622354                                -0.27552447175395794                               -0.14560116034980633                               -0.06650253926846479                               -0.3556156117427784                                0.7525996573838867                                 
69  :
parent#1: 0.13803748298085494                                -0.09341651339212566                               -0.2638666833620045                                0.24038102644036366                                -0.4846179787962077                                0.7809966443490395                                 
parent#2: -0.5054970711115444                                -0.0766361129025148                                -0.5482350723210464                                -0.6272605302926068                                0.08474882785429554                                0.19339024300191843                                
son     : -0.25463717812443937                               -0.11784077022618482                               -0.5627592967950757                                -0.2680945288059302                                -0.2770959188542129                                0.6752174535945437                                 
70  :
parent#1: 0.13803748298085494                                -0.09341651339212566                               -0.2638666833620045                                0.24038102644036366                                -0.4846179787962077                                0.7809966443490395                                 
parent#2: -0.0639877418325946                                0.5849509476258753                                 -0.31056907123490957                               -0.11272400071590796                               -0.2964314348061847                                -0.6758006465522123                                
son     : 0.06719404050446795                                0.4460270106429568                                 -0.5212531301671736                                0.1158382355454122                                 -0.7087380066395149                                0.09545670284944663                                
71  :
parent#1: 0.13803748298085494                                -0.09341651339212566                               -0.2638666833620045                                0.24038102644036366                                -0.4846179787962077                                0.7809966443490395                                 
parent#2: 0.36926324609991484                                0.324899404720046                                  -0.5749329227476623                                0.4823941444187145                                 -0.11740575138700562                               0.4254984667480403                                 
son     : 0.2769617944250489                                 0.1263785232026975                                 -0.45794423456105354                               0.3946004742585927                                 -0.32867599638607486                               0.658688292327082                                  
72  :
parent#1: 0.13803748298085494                                -0.09341651339212566                               -0.2638666833620045                                0.24038102644036366                                -0.4846179787962077                                0.7809966443490395                                 
parent#2: 0.13803748298085494                                -0.09341651339212566                               -0.2638666833620045                                0.24038102644036366                                -0.4846179787962077                                0.7809966443490395                                 
son     : 0.13803748298085497                                -0.09341651339212567                               -0.26386668336200453                               0.2403810264403637                                 -0.48461797879620777                               0.7809966443490396                                 
73  :
parent#1: 0.13803748298085494                                -0.09341651339212566                               -0.2638666833620045                                0.24038102644036366                                -0.4846179787962077                                0.7809966443490395                                 
parent#2: 0.4562679024283958                                 0.3696120064952238                                 -0.390067794932643                                 0.48058435982028735                                -0.460484490391924                                 0.24504364596774741                                
son     : 0.32602599812240424                                0.1515162297475044                                 -0.3587375215283511                                0.39550955693506096                                -0.518467413235413                                 0.5628685486906322                                 
74  :
parent#1: 0.13803748298085494                                -0.09341651339212566                               -0.2638666833620045                                0.24038102644036366                                -0.4846179787962077                                0.7809966443490395                                 
parent#2: 0.46397277315517566                                -0.29535813919408443                               -0.5289493194549518                                -0.48254255556900205                               0.38138531023715094                                0.1985028464050217                                 
son     : 0.4085923291607832                                 -0.2638665026048659                                -0.538094714973967                                 -0.16435823511526598                               -0.0700653785580974                                0.6647992692147257                                 
75  :
parent#1: 0.4562679024283958                                 0.3696120064952238                                 -0.390067794932643                                 0.48058435982028735                                -0.460484490391924                                 0.24504364596774741                                
parent#2: 0.513609862146599                                  -0.03969687532329356                               0.26515001486809464                                -0.16278093320038586                               -0.618123056432208                                 0.5057180954880737                                 
son     : 0.5702058838476711                                 0.19396212165668705                                -0.07344106215406188                               0.1868414664037875                                 -0.6341297759631916                                0.4413842424085512                                 
76  :
parent#1: 0.4562679024283958                                 0.3696120064952238                                 -0.390067794932643                                 0.48058435982028735                                -0.460484490391924                                 0.24504364596774741                                
parent#2: -0.35581810987560264                               -0.022007964121444817                              0.15790186778848952                                0.4850393518110251                                 0.5681999323828612                                 -0.5383881372983081                                
son     : 0.09113355877029815                                0.31536544396360844                                -0.2106336571549657                                0.8760667696520656                                 0.09772535426581869                                -0.2661382045818222                                
77  :
parent#1: 0.4562679024283958                                 0.3696120064952238                                 -0.390067794932643                                 0.48058435982028735                                -0.460484490391924                                 0.24504364596774741                                
parent#2: 0.06557235966807352                                0.00883155603317743                                0.8479260691622139                                 0.032776774027101885                               0.4732108114446252                                 -0.2272462574323408                                
son     : 0.5534016603448855                                 0.4013321912124413                                 0.4855499806460847                                 0.544409706308095                                  0.013496021124075209                               0.018873791619160852                               
78  :
parent#1: 0.4562679024283958                                 0.3696120064952238                                 -0.390067794932643                                 0.48058435982028735                                -0.460484490391924                                 0.24504364596774741                                
parent#2: 0.6517195176081422                                 -0.3864794543965437                                0.010265218082288195                               -0.356212118464535                                 -0.1347770864466995                                0.5298471389218127                                 
son     : 0.7239380627715538                                 -0.011020872021434097                              -0.2481558334945923                                0.08126247450234618                                -0.38893267647811625                               0.5062990098335032                                 
79  :
parent#1: 0.4562679024283958                                 0.3696120064952238                                 -0.390067794932643                                 0.48058435982028735                                -0.460484490391924                                 0.24504364596774741                                
parent#2: -0.5054970711115444                                -0.0766361129025148                                -0.5482350723210464                                -0.6272605302926068                                0.08474882785429554                                0.19339024300191843                                
son     : -0.04279040532233976                               0.2546570980549187                                 -0.8155807030445066                                -0.12749215462148508                               -0.3265925816770199                                0.38109040469098193                                
80  :
parent#1: 0.4562679024283958                                 0.3696120064952238                                 -0.390067794932643                                 0.48058435982028735                                -0.460484490391924                                 0.24504364596774741                                
parent#2: -0.0639877418325946                                0.5849509476258753                                 -0.31056907123490957                               -0.11272400071590796                               -0.2964314348061847                                -0.6758006465522123                                
son     : 0.2506308402148048                                 0.60987768248573                                   -0.4476423334443822                                0.23502883944989716                                -0.48359946120201236                               -0.27521399201254726                               
81  :
parent#1: 0.4562679024283958                                 0.3696120064952238                                 -0.390067794932643                                 0.48058435982028735                                -0.460484490391924                                 0.24504364596774741                                
parent#2: 0.36926324609991484                                0.324899404720046                                  -0.5749329227476623                                0.4823941444187145                                 -0.11740575138700562                               0.4254984667480403                                 
son     : 0.4231554054851553                                 0.3559965706330782                                 -0.4946455027305026                                0.4936089451756995                                 -0.29621823479564474                               0.3437102526136738                                 
82  :
parent#1: 0.4562679024283958                                 0.3696120064952238                                 -0.390067794932643                                 0.48058435982028735                                -0.460484490391924                                 0.24504364596774741                                
parent#2: 0.13803748298085494                                -0.09341651339212566                               -0.2638666833620045                                0.24038102644036366                                -0.4846179787962077                                0.7809966443490395                                 
son     : 0.32602599812240424                                0.1515162297475044                                 -0.3587375215283511                                0.39550955693506096                                -0.518467413235413                                 0.5628685486906322                                 
83  :
parent#1: 0.4562679024283958                                 0.3696120064952238                                 -0.390067794932643                                 0.48058435982028735                                -0.460484490391924                                 0.24504364596774741                                
parent#2: 0.4562679024283958                                 0.3696120064952238                                 -0.390067794932643                                 0.48058435982028735                                -0.460484490391924                                 0.24504364596774741                                
son     : 0.4562679024283958                                 0.3696120064952238                                 -0.390067794932643                                 0.48058435982028735                                -0.460484490391924                                 0.24504364596774741                                
84  :
parent#1: 0.4562679024283958                                 0.3696120064952238                                 -0.390067794932643                                 0.48058435982028735                                -0.460484490391924                                 0.24504364596774741                                
parent#2: 0.46397277315517566                                -0.29535813919408443                               -0.5289493194549518                                -0.48254255556900205                               0.38138531023715094                                0.1985028464050217                                 
son     : 0.6676227689249045                                 0.05387022526420271                                -0.6667350910214158                                -0.0014206458185787476                             -0.05738543739237667                               0.32178727287516523                                
85  :
parent#1: 0.46397277315517566                                -0.29535813919408443                               -0.5289493194549518                                -0.48254255556900205                               0.38138531023715094                                0.1985028464050217                                 
parent#2: 0.513609862146599                                  -0.03969687532329356                               0.26515001486809464                                -0.16278093320038586                               -0.618123056432208                                 0.5057180954880737                                 
son     : 0.6736450080165346                                 -0.2308839475967822                                -0.18178216166688804                               -0.44468767249647073                               -0.16313424070196966                               0.48527347450330116                                
86  :
parent#1: 0.46397277315517566                                -0.29535813919408443                               -0.5289493194549518                                -0.48254255556900205                               0.38138531023715094                                0.1985028464050217                                 
parent#2: -0.35581810987560264                               -0.022007964121444817                              0.15790186778848952                                0.4850393518110251                                 0.5681999323828612                                 -0.5383881372983081                                
son     : 0.09607258799205927                                -0.2819127900908253                                -0.3295973365226892                                0.0022178764131505144                              0.8435060404353582                                 -0.30191633468585877                               
87  :
parent#1: 0.46397277315517566                                -0.29535813919408443                               -0.5289493194549518                                -0.48254255556900205                               0.38138531023715094                                0.1985028464050217                                 
parent#2: 0.06557235966807352                                0.00883155603317743                                0.8479260691622139                                 0.032776774027101885                               0.4732108114446252                                 -0.2272462574323408                                
son     : 0.4479135338332909                                 -0.24235731091804222                               0.2698051484494055                                 -0.3804325035217842                                0.7228565520410041                                 -0.024312493892690617                              
88  :
parent#1: 0.46397277315517566                                -0.29535813919408443                               -0.5289493194549518                                -0.48254255556900205                               0.38138531023715094                                0.1985028464050217                                 
parent#2: 0.6517195176081422                                 -0.3864794543965437                                0.010265218082288195                               -0.356212118464535                                 -0.1347770864466995                                0.5298471389218127                                 
son     : 0.6166470906415965                                 -0.3768540590076756                                -0.2866785445426688                                -0.46358268654071305                               0.13630124093143323                                0.40256162307383114                                
89  :
parent#1: 0.46397277315517566                                -0.29535813919408443                               -0.5289493194549518                                -0.48254255556900205                               0.38138531023715094                                0.1985028464050217                                 
parent#2: -0.5054970711115444                                -0.0766361129025148                                -0.5482350723210464                                -0.6272605302926068                                0.08474882785429554                                0.19339024300191843                                
son     : -0.02437149651112137                               -0.21833136412457935                               -0.6322225043657039                                -0.6513671119383617                                0.2735840719606402                                 0.23001041634104105                                
90  :
parent#1: 0.46397277315517566                                -0.29535813919408443                               -0.5289493194549518                                -0.48254255556900205                               0.38138531023715094                                0.1985028464050217                                 
parent#2: -0.0639877418325946                                0.5849509476258753                                 -0.31056907123490957                               -0.11272400071590796                               -0.2964314348061847                                -0.6758006465522123                                
son     : 0.3225249706678428                                 0.2335110184904778                                 -0.6769394430512933                                -0.47998878350650853                               0.06850192891192103                                -0.38486554980140797                               
91  :
parent#1: 0.46397277315517566                                -0.29535813919408443                               -0.5289493194549518                                -0.48254255556900205                               0.38138531023715094                                0.1985028464050217                                 
parent#2: 0.36926324609991484                                0.324899404720046                                  -0.5749329227476623                                0.4823941444187145                                 -0.11740575138700562                               0.4254984667480403                                 
son     : 0.5409285004774861                                 0.019177894490748797                               -0.7166293249206979                                -9.634703628266894E-5                              0.17137289270472814                                0.40509541932864046                                
92  :
parent#1: 0.46397277315517566                                -0.29535813919408443                               -0.5289493194549518                                -0.48254255556900205                               0.38138531023715094                                0.1985028464050217                                 
parent#2: 0.13803748298085494                                -0.09341651339212566                               -0.2638666833620045                                0.24038102644036366                                -0.4846179787962077                                0.7809966443490395                                 
son     : 0.4085923291607832                                 -0.2638665026048659                                -0.538094714973967                                 -0.16435823511526598                               -0.0700653785580974                                0.6647992692147257                                 
93  :
parent#1: 0.46397277315517566                                -0.29535813919408443                               -0.5289493194549518                                -0.48254255556900205                               0.38138531023715094                                0.1985028464050217                                 
parent#2: 0.4562679024283958                                 0.3696120064952238                                 -0.390067794932643                                 0.48058435982028735                                -0.460484490391924                                 0.24504364596774741                                
son     : 0.6676227689249045                                 0.05387022526420271                                -0.6667350910214158                                -0.0014206458185787476                             -0.05738543739237667                               0.32178727287516523                                
94  :
parent#1: 0.46397277315517566                                -0.29535813919408443                               -0.5289493194549518                                -0.48254255556900205                               0.38138531023715094                                0.1985028464050217                                 
parent#2: 0.46397277315517566                                -0.29535813919408443                               -0.5289493194549518                                -0.48254255556900205                               0.38138531023715094                                0.1985028464050217                                 
son     : 0.4639727731551757                                 -0.2953581391940845                                -0.5289493194549519                                -0.4825425555690021                                0.381385310237151                                  0.19850284640502172                                

0   :
parent#1: 0.513609862146599                                  -0.03969687532329356                               0.26515001486809464                                -0.16278093320038586                               -0.618123056432208                                 0.5057180954880737                                 
parent#2: 0.36926324609991484                                0.324899404720046                                  -0.5749329227476623                                0.4823941444187145                                 -0.11740575138700562                               0.4254984667480403                                 
son:      0.6591473550337491                                 0.17241773876505387                                -0.18727768157467903                               0.19322054146666082                                -0.44466020027587005                               0.5154290313332428                                 
mutated:  0.6591473550337491                                 0.17241773876505387                                -0.18727768157467903                               0.19322054146666082                                -0.44466020027587005                               0.5154290313332428                                 
1   :
parent#1: 0.6517195176081422                                 -0.3864794543965437                                0.010265218082288195                               -0.356212118464535                                 -0.1347770864466995                                0.5298471389218127                                 
parent#2: 0.36926324609991484                                0.324899404720046                                  -0.5749329227476623                                0.4823941444187145                                 -0.11740575138700562                               0.4254984667480403                                 
son:      0.6649906072392885                                 -0.04010856606381373                               -0.3677816444717313                                0.08218538553697555                                -0.16425274199272866                               0.622239549011074                                  
mutated:  0.6649906072392885                                 -0.04010856606381373                               -0.3677816444717313                                0.08218538553697555                                -0.16425274199272866                               0.622239549011074                                  
2   :
parent#1: -0.0639877418325946                                0.5849509476258753                                 -0.31056907123490957                               -0.11272400071590796                               -0.2964314348061847                                -0.6758006465522123                                
parent#2: 0.513609862146599                                  -0.03969687532329356                               0.26515001486809464                                -0.16278093320038586                               -0.618123056432208                                 0.5057180954880737                                 
son:      0.37432577631075264                                0.45394264356638675                                -0.03781291614820109                               -0.22936726999471682                               -0.7613978593228787                                -0.14159953455922952                               
mutated:  0.37432577631075264                                0.45394264356638675                                -0.03781291614820109                               -0.22936726999471682                               -0.7613978593228787                                -0.14159953455922952                               
3   :
parent#1: 0.36926324609991484                                0.324899404720046                                  -0.5749329227476623                                0.4823941444187145                                 -0.11740575138700562                               0.4254984667480403                                 
parent#2: -0.35581810987560264                               -0.022007964121444817                              0.15790186778848952                                0.4850393518110251                                 0.5681999323828612                                 -0.5383881372983081                                
son:      0.011291953062178244                               0.2543846245298953                                 -0.3502452499926643                                0.8125030083705268                                 0.37860135052433697                                -0.09481085500296599                               
mutated:  0.011291953062178244                               0.2543846245298953                                 -0.3502452499926643                                0.8125030083705268                                 0.37860135052433697                                -0.09481085500296599                               
4   :
parent#1: 0.36926324609991484                                0.324899404720046                                  -0.5749329227476623                                0.4823941444187145                                 -0.11740575138700562                               0.4254984667480403                                 
parent#2: -0.0639877418325946                                0.5849509476258753                                 -0.31056907123490957                               -0.11272400071590796                               -0.2964314348061847                                -0.6758006465522123                                
son:      0.2118894587842567                                 0.6315203677934944                                 -0.6146203532041236                                0.2565852994523125                                 -0.28724131540698183                               -0.17373288282175234                               
mutated:  0.2118894587842567                                 0.6315203677934944                                 -0.6146203532041236                                0.2565852994523125                                 -0.28724131540698183                               -0.17373288282175234                               

