0   :
parent#1: 0.1312298690338744                                 0.687743201601576                                  -0.23674122741123765                               -0.01408343728166277                               0.2660005760376095                                 0.6186977870576071                                 
parent#2: 0.1312298690338744                                 0.687743201601576                                  -0.23674122741123765                               -0.01408343728166277                               0.2660005760376095                                 0.6186977870576071                                 
son     : 0.1312298690338744                                 0.687743201601576                                  -0.23674122741123765                               -0.01408343728166277                               0.2660005760376095                                 0.6186977870576071                                 
1   :
parent#1: 0.1312298690338744                                 0.687743201601576                                  -0.23674122741123765                               -0.01408343728166277                               0.2660005760376095                                 0.6186977870576071                                 
parent#2: -0.36385251318293765                               0.5942059630822825                                 -0.28670104817039366                               0.4268159543460271                                 -0.42904573082625946                               0.25706231353772174                                
son     : -0.13577485593090324                               0.7482352536331685                                 -0.30551754673418074                               0.24089958330326539                                -0.095164563547284                                 0.5111548874501215                                 
2   :
parent#1: 0.1312298690338744                                 0.687743201601576                                  -0.23674122741123765                               -0.01408343728166277                               0.2660005760376095                                 0.6186977870576071                                 
parent#2: 0.013956564746250864                               -0.47575194429547063                               0.48210372954016045                                0.42298555936036536                                0.39786030280502827                                -0.4514772328562326                                
son     : 0.1739822613245492                                 0.25403694661311726                                0.294026940762858                                  0.3817360530463837                                 0.7955289891675513                                 0.20038656093694973                                
3   :
parent#1: 0.1312298690338744                                 0.687743201601576                                  -0.23674122741123765                               -0.01408343728166277                               0.2660005760376095                                 0.6186977870576071                                 
parent#2: -0.5210318498880145                                0.023196713829168145                               -0.7912767164555539                                0.19738329583682027                                0.18320357949891708                                0.17130430481601044                                
son     : -0.2429774925200593                                0.44315423335014714                                -0.6408002897241487                                0.11425734654662842                                0.28000498895026765                                0.4924365108367159                                 
4   :
parent#1: 0.1312298690338744                                 0.687743201601576                                  -0.23674122741123765                               -0.01408343728166277                               0.2660005760376095                                 0.6186977870576071                                 
parent#2: 0.16000447271643045                                -0.3588330723071169                                0.12850164854066398                                -0.6095206129724134                                0.4378530858133947                                 0.5156491237819817                                 
son     : 0.19322059642684378                                0.04337863361257707                                -0.07181198433079622                               -0.41373261752075613                               0.4669745453874748                                 0.7525870244220392                                 
5   :
parent#1: 0.1312298690338744                                 0.687743201601576                                  -0.23674122741123765                               -0.01408343728166277                               0.2660005760376095                                 0.6186977870576071                                 
parent#2: -0.5644543153023431                                -0.3038686894369599                                0.303835812741416                                  -0.24147863866379637                               0.4776315476802716                                 0.45857945455702503                                
son     : -0.2976541014881849                                0.26374740388442014                                0.04609845700812691                                -0.1755881985543839                                0.5109248878486171                                 0.7401613463146154                                 
6   :
parent#1: 0.1312298690338744                                 0.687743201601576                                  -0.23674122741123765                               -0.01408343728166277                               0.2660005760376095                                 0.6186977870576071                                 
parent#2: -0.36930691458676607                               -0.6965606335373808                                -0.0764299504974397                                0.5996430248266065                                 0.07615793973863709                                -0.0848667208211112                                
son     : -0.25098833149809974                               -0.009295614890239647                              -0.3301549346517366                                0.6173153885092633                                 0.3607143006294892                                 0.5627815495836335                                 
7   :
parent#1: 0.1312298690338744                                 0.687743201601576                                  -0.23674122741123765                               -0.01408343728166277                               0.2660005760376095                                 0.6186977870576071                                 
parent#2: -0.18752413808104773                               0.19292704565373003                                0.6017350036304318                                 0.5636782878116438                                 0.471367006887207                                  0.1600274062968514                                 
son     : -0.03661228693400419                               0.5727643742870607                                 0.23738218987912857                                0.3574417912450926                                 0.47956415419931775                                0.5064620378664092                                 
8   :
parent#1: 0.1312298690338744                                 0.687743201601576                                  -0.23674122741123765                               -0.01408343728166277                               0.2660005760376095                                 0.6186977870576071                                 
parent#2: -0.5210318498880145                                0.023196713829168145                               -0.7912767164555539                                0.19738329583682027                                0.18320357949891708                                0.17130430481601044                                
son     : -0.2370270751101872                                0.43230157108074974                                -0.6251073580016318                                0.24658180426434695                                0.27314778360247943                                0.4803769461546186                                 
9   :
parent#1: 0.1312298690338744                                 0.687743201601576                                  -0.23674122741123765                               -0.01408343728166277                               0.2660005760376095                                 0.6186977870576071                                 
parent#2: 0.6893498397484201                                 0.1510233097813532                                 0.12829779899879332                                -0.35855233594257624                               0.5041579892494291                                 -0.3206140629786417                                
son     : 0.5520446173045992                                 0.564279780292678                                  -0.07295526601064088                               -0.25069054306600597                               0.5181238164768474                                 0.2005356866892256                                 
10  :
parent#1: -0.36385251318293765                               0.5942059630822825                                 -0.28670104817039366                               0.4268159543460271                                 -0.42904573082625946                               0.25706231353772174                                
parent#2: 0.1312298690338744                                 0.687743201601576                                  -0.23674122741123765                               -0.01408343728166277                               0.2660005760376095                                 0.6186977870576071                                 
son     : -0.13577485593090324                               0.7482352536331685                                 -0.30551754673418074                               0.24089958330326539                                -0.095164563547284                                 0.5111548874501215                                 
11  :
parent#1: -0.36385251318293765                               0.5942059630822825                                 -0.28670104817039366                               0.4268159543460271                                 -0.42904573082625946                               0.25706231353772174                                
parent#2: -0.36385251318293765                               0.5942059630822825                                 -0.28670104817039366                               0.4268159543460271                                 -0.42904573082625946                               0.25706231353772174                                
son     : -0.3638525131829377                                0.5942059630822826                                 -0.2867010481703937                                0.42681595434602715                                -0.4290457308262595                                0.2570623135377218                                 
12  :
parent#1: -0.36385251318293765                               0.5942059630822825                                 -0.28670104817039366                               0.4268159543460271                                 -0.42904573082625946                               0.25706231353772174                                
parent#2: 0.013956564746250864                               -0.47575194429547063                               0.48210372954016045                                0.42298555936036536                                0.39786030280502827                                -0.4514772328562326                                
son     : -0.36174294012541425                               0.12246470762826223                                0.20201874523814156                                0.8785746147237921                                 -0.032241323375914864                              -0.20099753893334693                               
13  :
parent#1: -0.36385251318293765                               0.5942059630822825                                 -0.28670104817039366                               0.4268159543460271                                 -0.42904573082625946                               0.25706231353772174                                
parent#2: -0.5210318498880145                                0.023196713829168145                               -0.7912767164555539                                0.19738329583682027                                0.18320357949891708                                0.17130430481601044                                
son     : -0.514345662489501                                 0.35886992937330137                                -0.6265826481228338                                0.362820488483424                                  -0.14289759144740044                               0.24899130474053946                                
14  :
parent#1: -0.36385251318293765                               0.5942059630822825                                 -0.28670104817039366                               0.4268159543460271                                 -0.42904573082625946                               0.25706231353772174                                
parent#2: 0.16000447271643045                                -0.3588330723071169                                0.12850164854066398                                -0.6095206129724134                                0.4378530858133947                                 0.5156491237819817                                 
son     : -0.23498852345910634                               0.2713292114016923                                 -0.18236644927286036                               -0.21061521053359694                               0.010152794892071356                               0.8907533243889815                                 
15  :
parent#1: -0.36385251318293765                               0.5942059630822825                                 -0.28670104817039366                               0.4268159543460271                                 -0.42904573082625946                               0.25706231353772174                                
parent#2: -0.5644543153023431                                -0.3038686894369599                                0.303835812741416                                  -0.24147863866379637                               0.4776315476802716                                 0.45857945455702503                                
son     : -0.7591758824872183                                0.2374398735149622                                 0.01401293151709579                                0.1515701661060233                                 0.03973382426443273                                0.5852568936981133                                 
16  :
parent#1: -0.36385251318293765                               0.5942059630822825                                 -0.28670104817039366                               0.4268159543460271                                 -0.42904573082625946                               0.25706231353772174                                
parent#2: -0.36930691458676607                               -0.6965606335373808                                -0.0764299504974397                                0.5996430248266065                                 0.07615793973863709                                -0.0848667208211112                                
son     : -0.5336251005134212                                -0.07449815038970845                               -0.26430242635375273                               0.7471011831630635                                 -0.25684697741927226                               0.1253313904056251                                 
17  :
parent#1: -0.36385251318293765                               0.5942059630822825                                 -0.28670104817039366                               0.4268159543460271                                 -0.42904573082625946                               0.25706231353772174                                
parent#2: -0.18752413808104773                               0.19292704565373003                                0.6017350036304318                                 0.5636782878116438                                 0.471367006887207                                  0.1600274062968514                                 
son     : -0.3734672511698901                                0.5331535174799756                                 0.21338383680397777                                0.6708974002983701                                 0.028665723512686106                               0.28250987922819953                                
18  :
parent#1: -0.36385251318293765                               0.5942059630822825                                 -0.28670104817039366                               0.4268159543460271                                 -0.42904573082625946                               0.25706231353772174                                
parent#2: -0.5210318498880145                                0.023196713829168145                               -0.7912767164555539                                0.19738329583682027                                0.18320357949891708                                0.17130430481601044                                
son     : -0.514345662489501                                 0.35886992937330137                                -0.6265826481228338                                0.362820488483424                                  -0.14289759144740044                               0.24899130474053946                                
19  :
parent#1: -0.36385251318293765                               0.5942059630822825                                 -0.28670104817039366                               0.4268159543460271                                 -0.42904573082625946                               0.25706231353772174                                
parent#2: 0.6893498397484201                                 0.1510233097813532                                 0.12829779899879332                                -0.35855233594257624                               0.5041579892494291                                 -0.3206140629786417                                
son     : 0.38883619883631215                                0.8902442326620755                                 -0.18922710653605085                               0.08154710878545557                                0.0897284329780829                                 -0.07591835221120848                               
20  :
parent#1: 0.013956564746250864                               -0.47575194429547063                               0.48210372954016045                                0.42298555936036536                                0.39786030280502827                                -0.4514772328562326                                
parent#2: 0.1312298690338744                                 0.687743201601576                                  -0.23674122741123765                               -0.01408343728166277                               0.2660005760376095                                 0.6186977870576071                                 
son     : 0.16631096744113127                                0.24283585024916057                                0.2810625899430545                                 0.4683971204543069                                 0.7604522139709207                                 0.19155103835245355                                
21  :
parent#1: 0.013956564746250864                               -0.47575194429547063                               0.48210372954016045                                0.42298555936036536                                0.39786030280502827                                -0.4514772328562326                                
parent#2: 0.013956564746250864                               -0.47575194429547063                               0.48210372954016045                                0.42298555936036536                                0.39786030280502827                                -0.4514772328562326                                
son     : 0.013956564746250866                               -0.4757519442954707                                0.4821037295401605                                 0.4229855593603654                                 0.3978603028050283                                 -0.45147723285623265                               
22  :
parent#1: 0.013956564746250864                               -0.47575194429547063                               0.48210372954016045                                0.42298555936036536                                0.39786030280502827                                -0.4514772328562326                                
parent#2: -0.5210318498880145                                0.023196713829168145                               -0.7912767164555539                                0.19738329583682027                                0.18320357949891708                                0.17130430481601044                                
son     : -0.4350519918843733                                -0.3882757851174173                                -0.26525908032922385                               0.532253718658581                                  0.4985314938741785                                 -0.24037809372211652                               
23  :
parent#1: 0.013956564746250864                               -0.47575194429547063                               0.48210372954016045                                0.42298555936036536                                0.39786030280502827                                -0.4514772328562326                                
parent#2: 0.16000447271643045                                -0.3588330723071169                                0.12850164854066398                                -0.6095206129724134                                0.4378530858133947                                 0.5156491237819817                                 
son     : 0.1283517210445342                                 -0.6157725017126497                                0.45051611728019836                                -0.1376290663441057                                0.616605035780757                                  0.0473472265004683                                 
24  :
parent#1: 0.013956564746250864                               -0.47575194429547063                               0.48210372954016045                                0.42298555936036536                                0.39786030280502827                                -0.4514772328562326                                
parent#2: -0.5644543153023431                                -0.3038686894369599                                0.303835812741416                                  -0.24147863866379637                               0.4776315476802716                                 0.45857945455702503                                
son     : -0.3607949852130545                                -0.5109616065372522                                0.5151030049612216                                 0.11895922681361248                                0.5737953859591801                                 0.0046547800984268455                              
25  :
parent#1: 0.013956564746250864                               -0.47575194429547063                               0.48210372954016045                                0.42298555936036536                                0.39786030280502827                                -0.4514772328562326                                
parent#2: -0.36930691458676607                               -0.6965606335373808                                -0.0764299504974397                                0.5996430248266065                                 0.07615793973863709                                -0.0848667208211112                                
son     : -0.1979279422605069                                -0.6529708394003426                                0.22595778040180933                                0.5695977827396118                                 0.26402522294608                                   -0.2987402577283681                                
26  :
parent#1: 0.013956564746250864                               -0.47575194429547063                               0.48210372954016045                                0.42298555936036536                                0.39786030280502827                                -0.4514772328562326                                
parent#2: -0.18752413808104773                               0.19292704565373003                                0.6017350036304318                                 0.5636782878116438                                 0.471367006887207                                  0.1600274062968514                                 
son     : -0.09859841819812211                               -0.16066415573679757                               0.6156955623637371                                 0.5604934882438112                                 0.4937813909799105                                 -0.165563712914519                                 
27  :
parent#1: 0.013956564746250864                               -0.47575194429547063                               0.48210372954016045                                0.42298555936036536                                0.39786030280502827                                -0.4514772328562326                                
parent#2: -0.5210318498880145                                0.023196713829168145                               -0.7912767164555539                                0.19738329583682027                                0.18320357949891708                                0.17130430481601044                                
son     : -0.4350519918843733                                -0.3882757851174173                                -0.26525908032922385                               0.532253718658581                                  0.4985314938741785                                 -0.24037809372211652                               
28  :
parent#1: 0.013956564746250864                               -0.47575194429547063                               0.48210372954016045                                0.42298555936036536                                0.39786030280502827                                -0.4514772328562326                                
parent#2: 0.6893498397484201                                 0.1510233097813532                                 0.12829779899879332                                -0.35855233594257624                               0.5041579892494291                                 -0.3206140629786417                                
son     : 0.45525577334342837                                -0.2101994019785728                                0.39511771562023046                                0.041708132854487254                               0.5838835427842062                                 -0.4997807751083813                                
29  :
parent#1: -0.5210318498880145                                0.023196713829168145                               -0.7912767164555539                                0.19738329583682027                                0.18320357949891708                                0.17130430481601044                                
parent#2: 0.1312298690338744                                 0.687743201601576                                  -0.23674122741123765                               -0.01408343728166277                               0.2660005760376095                                 0.6186977870576071                                 
son     : -0.2429774925200593                                0.44315423335014714                                -0.6408002897241487                                0.11425734654662842                                0.28000498895026765                                0.4924365108367159                                 
30  :
parent#1: -0.5210318498880145                                0.023196713829168145                               -0.7912767164555539                                0.19738329583682027                                0.18320357949891708                                0.17130430481601044                                
parent#2: -0.36385251318293765                               0.5942059630822825                                 -0.28670104817039366                               0.4268159543460271                                 -0.42904573082625946                               0.25706231353772174                                
son     : -0.514345662489501                                 0.35886992937330137                                -0.6265826481228338                                0.362820488483424                                  -0.14289759144740044                               0.24899130474053946                                
31  :
parent#1: -0.5210318498880145                                0.023196713829168145                               -0.7912767164555539                                0.19738329583682027                                0.18320357949891708                                0.17130430481601044                                
parent#2: 0.013956564746250864                               -0.47575194429547063                               0.48210372954016045                                0.42298555936036536                                0.39786030280502827                                -0.4514772328562326                                
son     : -0.4350519918843733                                -0.3882757851174173                                -0.26525908032922385                               0.532253718658581                                  0.4985314938741785                                 -0.24037809372211652                               
32  :
parent#1: -0.5210318498880145                                0.023196713829168145                               -0.7912767164555539                                0.19738329583682027                                0.18320357949891708                                0.17130430481601044                                
parent#2: -0.5210318498880145                                0.023196713829168145                               -0.7912767164555539                                0.19738329583682027                                0.18320357949891708                                0.17130430481601044                                
son     : -0.5210318498880145                                0.023196713829168145                               -0.7912767164555539                                0.19738329583682027                                0.18320357949891708                                0.17130430481601044                                
33  :
parent#1: -0.5210318498880145                                0.023196713829168145                               -0.7912767164555539                                0.19738329583682027                                0.18320357949891708                                0.17130430481601044                                
parent#2: 0.16000447271643045                                -0.3588330723071169                                0.12850164854066398                                -0.6095206129724134                                0.4378530858133947                                 0.5156491237819817                                 
son     : -0.2761057783514334                                -0.2566872870600927                                -0.5068757594845583                                -0.3151935335954102                                0.4749704449557689                                 0.5253668366653809                                 
34  :
parent#1: -0.5210318498880145                                0.023196713829168145                               -0.7912767164555539                                0.19738329583682027                                0.18320357949891708                                0.17130430481601044                                
parent#2: -0.5644543153023431                                -0.3038686894369599                                0.303835812741416                                  -0.24147863866379637                               0.4776315476802716                                 0.45857945455702503                                
son     : -0.7111169904528679                                -0.18387209068083527                               -0.3193292734523586                                -0.02888746857368537                               0.43292222590676016                                0.4126455570458064                                 
35  :
parent#1: -0.5210318498880145                                0.023196713829168145                               -0.7912767164555539                                0.19738329583682027                                0.18320357949891708                                0.17130430481601044                                
parent#2: -0.36930691458676607                               -0.6965606335373808                                -0.0764299504974397                                0.5996430248266065                                 0.07615793973863709                                -0.0848667208211112                                
son     : -0.540939325799678                                 -0.40911284477168985                               -0.5271888388352133                                0.4842458822947098                                 0.15757917205537644                                0.05251651424785095                                
36  :
parent#1: -0.5210318498880145                                0.023196713829168145                               -0.7912767164555539                                0.19738329583682027                                0.18320357949891708                                0.17130430481601044                                
parent#2: -0.18752413808104773                               0.19292704565373003                                0.6017350036304318                                 0.5636782878116438                                 0.471367006887207                                  0.1600274062968514                                 
son     : -0.5430950795427896                                0.16565487038488805                                -0.14528022252481607                               0.5833396489856086                                 0.5017162662031789                                 0.2539596377100199                                 
37  :
parent#1: -0.5210318498880145                                0.023196713829168145                               -0.7912767164555539                                0.19738329583682027                                0.18320357949891708                                0.17130430481601044                                
parent#2: -0.5210318498880145                                0.023196713829168145                               -0.7912767164555539                                0.19738329583682027                                0.18320357949891708                                0.17130430481601044                                
son     : -0.5210318498880145                                0.023196713829168145                               -0.7912767164555539                                0.19738329583682027                                0.18320357949891708                                0.17130430481601044                                
38  :
parent#1: -0.5210318498880145                                0.023196713829168145                               -0.7912767164555539                                0.19738329583682027                                0.18320357949891708                                0.17130430481601044                                
parent#2: 0.6893498397484201                                 0.1510233097813532                                 0.12829779899879332                                -0.35855233594257624                               0.5041579892494291                                 -0.3206140629786417                                
son     : 0.16674472221355302                                0.17259158967539867                                -0.656782055895824                                 -0.15966259366659066                               0.680936802633337                                  -0.14791416038920568                               
39  :
parent#1: 0.16000447271643045                                -0.3588330723071169                                0.12850164854066398                                -0.6095206129724134                                0.4378530858133947                                 0.5156491237819817                                 
parent#2: 0.1312298690338744                                 0.687743201601576                                  -0.23674122741123765                               -0.01408343728166277                               0.2660005760376095                                 0.6186977870576071                                 
son     : 0.18894796270181535                                0.21339138258448076                                -0.07022402573949178                               -0.40458386232874555                               0.456648466137907                                  0.7359452752450468                                 
40  :
parent#1: 0.16000447271643045                                -0.3588330723071169                                0.12850164854066398                                -0.6095206129724134                                0.4378530858133947                                 0.5156491237819817                                 
parent#2: -0.36385251318293765                               0.5942059630822825                                 -0.28670104817039366                               0.4268159543460271                                 -0.42904573082625946                               0.25706231353772174                                
son     : -0.23498852345910634                               0.2713292114016923                                 -0.18236644927286036                               -0.21061521053359694                               0.010152794892071356                               0.8907533243889815                                 
41  :
parent#1: 0.16000447271643045                                -0.3588330723071169                                0.12850164854066398                                -0.6095206129724134                                0.4378530858133947                                 0.5156491237819817                                 
parent#2: 0.013956564746250864                               -0.47575194429547063                               0.48210372954016045                                0.42298555936036536                                0.39786030280502827                                -0.4514772328562326                                
son     : 0.1283517210445342                                 -0.6157725017126497                                0.45051611728019836                                -0.1376290663441057                                0.616605035780757                                  0.0473472265004683                                 
42  :
parent#1: 0.16000447271643045                                -0.3588330723071169                                0.12850164854066398                                -0.6095206129724134                                0.4378530858133947                                 0.5156491237819817                                 
parent#2: -0.5210318498880145                                0.023196713829168145                               -0.7912767164555539                                0.19738329583682027                                0.18320357949891708                                0.17130430481601044                                
son     : -0.2761057783514334                                -0.2566872870600927                                -0.5068757594845583                                -0.3151935335954102                                0.4749704449557689                                 0.5253668366653809                                 
43  :
parent#1: 0.16000447271643045                                -0.3588330723071169                                0.12850164854066398                                -0.6095206129724134                                0.4378530858133947                                 0.5156491237819817                                 
parent#2: 0.16000447271643045                                -0.3588330723071169                                0.12850164854066398                                -0.6095206129724134                                0.4378530858133947                                 0.5156491237819817                                 
son     : 0.16000447271643045                                -0.3588330723071169                                0.12850164854066398                                -0.6095206129724134                                0.4378530858133947                                 0.5156491237819817                                 
44  :
parent#1: 0.16000447271643045                                -0.3588330723071169                                0.12850164854066398                                -0.6095206129724134                                0.4378530858133947                                 0.5156491237819817                                 
parent#2: -0.5644543153023431                                -0.3038686894369599                                0.303835812741416                                  -0.24147863866379637                               0.4776315476802716                                 0.45857945455702503                                
son     : -0.22260514068549597                               -0.3647444092507715                                0.2379542065759719                                 -0.4683814609063431                                0.5038735689233905                                 0.5362056475393941                                 
45  :
parent#1: 0.16000447271643045                                -0.3588330723071169                                0.12850164854066398                                -0.6095206129724134                                0.4378530858133947                                 0.5156491237819817                                 
parent#2: -0.36930691458676607                               -0.6965606335373808                                -0.0764299504974397                                0.5996430248266065                                 0.07615793973863709                                -0.0848667208211112                                
son     : -0.16494046170827253                               -0.8317013579508942                                0.04103502013848432                                -0.007784017877549996                              0.40506558413789256                                0.3394773983773358                                 
46  :
parent#1: 0.16000447271643045                                -0.3588330723071169                                0.12850164854066398                                -0.6095206129724134                                0.4378530858133947                                 0.5156491237819817                                 
parent#2: -0.5210318498880145                                0.023196713829168145                               -0.7912767164555539                                0.19738329583682027                                0.18320357949891708                                0.17130430481601044                                
son     : -0.2761057783514334                                -0.2566872870600927                                -0.5068757594845583                                -0.3151935335954102                                0.4749704449557689                                 0.5253668366653809                                 
47  :
parent#1: 0.16000447271643045                                -0.3588330723071169                                0.12850164854066398                                -0.6095206129724134                                0.4378530858133947                                 0.5156491237819817                                 
parent#2: 0.6893498397484201                                 0.1510233097813532                                 0.12829779899879332                                -0.35855233594257624                               0.5041579892494291                                 -0.3206140629786417                                
son     : 0.5175601761384631                                 -0.12663037759118628                               0.156482595484887                                  -0.5899022334993539                                0.5740212427002596                                 0.11884602096104606                                
48  :
parent#1: -0.5644543153023431                                -0.3038686894369599                                0.303835812741416                                  -0.24147863866379637                               0.4776315476802716                                 0.45857945455702503                                
parent#2: 0.1312298690338744                                 0.687743201601576                                  -0.23674122741123765                               -0.01408343728166277                               0.2660005760376095                                 0.6186977870576071                                 
son     : -0.2976541014881849                                0.26374740388442014                                0.04609845700812691                                -0.1755881985543839                                0.5109248878486171                                 0.7401613463146154                                 
49  :
parent#1: -0.5644543153023431                                -0.3038686894369599                                0.303835812741416                                  -0.24147863866379637                               0.4776315476802716                                 0.45857945455702503                                
parent#2: -0.36385251318293765                               0.5942059630822825                                 -0.28670104817039366                               0.4268159543460271                                 -0.42904573082625946                               0.25706231353772174                                
son     : -0.7591758824872183                                0.2374398735149622                                 0.01401293151709579                                0.1515701661060233                                 0.03973382426443273                                0.5852568936981133                                 
50  :
parent#1: -0.5644543153023431                                -0.3038686894369599                                0.303835812741416                                  -0.24147863866379637                               0.4776315476802716                                 0.45857945455702503                                
parent#2: 0.013956564746250864                               -0.47575194429547063                               0.48210372954016045                                0.42298555936036536                                0.39786030280502827                                -0.4514772328562326                                
son     : -0.3607949852130545                                -0.5109616065372522                                0.5151030049612216                                 0.11895922681361248                                0.5737953859591801                                 0.0046547800984268455                              
51  :
parent#1: -0.5644543153023431                                -0.3038686894369599                                0.303835812741416                                  -0.24147863866379637                               0.4776315476802716                                 0.45857945455702503                                
parent#2: -0.5210318498880145                                0.023196713829168145                               -0.7912767164555539                                0.19738329583682027                                0.18320357949891708                                0.17130430481601044                                
son     : -0.7111169904528679                                -0.18387209068083527                               -0.3193292734523586                                -0.02888746857368537                               0.43292222590676016                                0.4126455570458064                                 
52  :
parent#1: -0.5644543153023431                                -0.3038686894369599                                0.303835812741416                                  -0.24147863866379637                               0.4776315476802716                                 0.45857945455702503                                
parent#2: 0.16000447271643045                                -0.3588330723071169                                0.12850164854066398                                -0.6095206129724134                                0.4378530858133947                                 0.5156491237819817                                 
son     : -0.22260514068549597                               -0.3647444092507715                                0.2379542065759719                                 -0.4683814609063431                                0.5038735689233905                                 0.5362056475393941                                 
53  :
parent#1: -0.5644543153023431                                -0.3038686894369599                                0.303835812741416                                  -0.24147863866379637                               0.4776315476802716                                 0.45857945455702503                                
parent#2: -0.5644543153023431                                -0.3038686894369599                                0.303835812741416                                  -0.24147863866379637                               0.4776315476802716                                 0.45857945455702503                                
son     : -0.5644543153023432                                -0.30386868943695994                               0.3038358127414161                                 -0.2414786386637964                                0.47763154768027166                                0.4585794545570251                                 
54  :
parent#1: -0.5644543153023431                                -0.3038686894369599                                0.303835812741416                                  -0.24147863866379637                               0.4776315476802716                                 0.45857945455702503                                
parent#2: -0.36930691458676607                               -0.6965606335373808                                -0.0764299504974397                                0.5996430248266065                                 0.07615793973863709                                -0.0848667208211112                                
son     : -0.5906678373691656                                -0.6328399656431746                                0.14384976004269476                                0.22656346893152285                                0.35030972417900846                                0.23639886211523853                                
55  :
parent#1: -0.5644543153023431                                -0.3038686894369599                                0.303835812741416                                  -0.24147863866379637                               0.4776315476802716                                 0.45857945455702503                                
parent#2: -0.18752413808104773                               0.19292704565373003                                0.6017350036304318                                 0.5636782878116438                                 0.471367006887207                                  0.1600274062968514                                 
son     : -0.4506078617829934                                -0.06647953363946198                               0.5426449752947282                                 0.193071615704553                                  0.5686681680635611                                 0.3706876355292812                                 
56  :
parent#1: -0.5644543153023431                                -0.3038686894369599                                0.303835812741416                                  -0.24147863866379637                               0.4776315476802716                                 0.45857945455702503                                
parent#2: -0.5210318498880145                                0.023196713829168145                               -0.7912767164555539                                0.19738329583682027                                0.18320357949891708                                0.17130430481601044                                
son     : -0.7111169904528679                                -0.18387209068083527                               -0.3193292734523586                                -0.02888746857368537                               0.43292222590676016                                0.4126455570458064                                 
57  :
parent#1: -0.5644543153023431                                -0.3038686894369599                                0.303835812741416                                  -0.24147863866379637                               0.4776315476802716                                 0.45857945455702503                                
parent#2: 0.6893498397484201                                 0.1510233097813532                                 0.12829779899879332                                -0.35855233594257624                               0.5041579892494291                                 -0.3206140629786417                                
son     : 0.09971933357428867                                -0.12203511268129338                               0.34502497962918494                                -0.4790779267475811                                0.7838823590120599                                 0.11015460294137307                                
58  :
parent#1: -0.36930691458676607                               -0.6965606335373808                                -0.0764299504974397                                0.5996430248266065                                 0.07615793973863709                                -0.0848667208211112                                
parent#2: 0.1312298690338744                                 0.687743201601576                                  -0.23674122741123765                               -0.01408343728166277                               0.2660005760376095                                 0.6186977870576071                                 
son     : -0.25098833149809974                               -0.009295614890239647                              -0.3301549346517366                                0.6173153885092633                                 0.3607143006294892                                 0.5627815495836335                                 
59  :
parent#1: -0.36930691458676607                               -0.6965606335373808                                -0.0764299504974397                                0.5996430248266065                                 0.07615793973863709                                -0.0848667208211112                                
parent#2: -0.36385251318293765                               0.5942059630822825                                 -0.28670104817039366                               0.4268159543460271                                 -0.42904573082625946                               0.25706231353772174                                
son     : -0.5336251005134212                                -0.07449815038970845                               -0.26430242635375273                               0.7471011831630635                                 -0.25684697741927226                               0.1253313904056251                                 
60  :
parent#1: -0.36930691458676607                               -0.6965606335373808                                -0.0764299504974397                                0.5996430248266065                                 0.07615793973863709                                -0.0848667208211112                                
parent#2: 0.013956564746250864                               -0.47575194429547063                               0.48210372954016045                                0.42298555936036536                                0.39786030280502827                                -0.4514772328562326                                
son     : -0.1979279422605069                                -0.6529708394003426                                0.22595778040180933                                0.5695977827396118                                 0.26402522294608                                   -0.2987402577283681                                
61  :
parent#1: -0.36930691458676607                               -0.6965606335373808                                -0.0764299504974397                                0.5996430248266065                                 0.07615793973863709                                -0.0848667208211112                                
parent#2: -0.5210318498880145                                0.023196713829168145                               -0.7912767164555539                                0.19738329583682027                                0.18320357949891708                                0.17130430481601044                                
son     : -0.540939325799678                                 -0.40911284477168985                               -0.5271888388352133                                0.4842458822947098                                 0.15757917205537644                                0.05251651424785095                                
62  :
parent#1: -0.36930691458676607                               -0.6965606335373808                                -0.0764299504974397                                0.5996430248266065                                 0.07615793973863709                                -0.0848667208211112                                
parent#2: 0.16000447271643045                                -0.3588330723071169                                0.12850164854066398                                -0.6095206129724134                                0.4378530858133947                                 0.5156491237819817                                 
son     : -0.16494046170827253                               -0.8317013579508942                                0.04103502013848432                                -0.007784017877549996                              0.40506558413789256                                0.3394773983773358                                 
63  :
parent#1: -0.36930691458676607                               -0.6965606335373808                                -0.0764299504974397                                0.5996430248266065                                 0.07615793973863709                                -0.0848667208211112                                
parent#2: -0.5644543153023431                                -0.3038686894369599                                0.303835812741416                                  -0.24147863866379637                               0.4776315476802716                                 0.45857945455702503                                
son     : -0.5906678373691656                                -0.6328399656431746                                0.14384976004269476                                0.22656346893152285                                0.35030972417900846                                0.23639886211523853                                
64  :
parent#1: -0.36930691458676607                               -0.6965606335373808                                -0.0764299504974397                                0.5996430248266065                                 0.07615793973863709                                -0.0848667208211112                                
parent#2: -0.36930691458676607                               -0.6965606335373808                                -0.0764299504974397                                0.5996430248266065                                 0.07615793973863709                                -0.0848667208211112                                
son     : -0.3693069145867661                                -0.696560633537381                                 -0.07642995049743971                               0.5996430248266066                                 0.0761579397386371                                 -0.08486672082111121                               
65  :
parent#1: -0.36930691458676607                               -0.6965606335373808                                -0.0764299504974397                                0.5996430248266065                                 0.07615793973863709                                -0.0848667208211112                                
parent#2: -0.18752413808104773                               0.19292704565373003                                0.6017350036304318                                 0.5636782878116438                                 0.471367006887207                                  0.1600274062968514                                 
son     : -0.3522834745547106                                -0.3186276867859082                                0.33233830698237926                                0.735984230901421                                  0.34639589455116604                                0.04755098930357842                                
66  :
parent#1: -0.36930691458676607                               -0.6965606335373808                                -0.0764299504974397                                0.5996430248266065                                 0.07615793973863709                                -0.0848667208211112                                
parent#2: -0.5210318498880145                                0.023196713829168145                               -0.7912767164555539                                0.19738329583682027                                0.18320357949891708                                0.17130430481601044                                
son     : -0.540939325799678                                 -0.40911284477168985                               -0.5271888388352133                                0.4842458822947098                                 0.15757917205537644                                0.05251651424785095                                
67  :
parent#1: -0.36930691458676607                               -0.6965606335373808                                -0.0764299504974397                                0.5996430248266065                                 0.07615793973863709                                -0.0848667208211112                                
parent#2: 0.6893498397484201                                 0.1510233097813532                                 0.12829779899879332                                -0.35855233594257624                               0.5041579892494291                                 -0.3206140629786417                                
son     : 0.32629683892028344                                -0.5561975918221329                                0.05288139082918129                                0.24580180810507754                                0.5916558008843661                                 -0.41340422672974186                               
68  :
parent#1: -0.18752413808104773                               0.19292704565373003                                0.6017350036304318                                 0.5636782878116438                                 0.471367006887207                                  0.1600274062968514                                 
parent#2: 0.1312298690338744                                 0.687743201601576                                  -0.23674122741123765                               -0.01408343728166277                               0.2660005760376095                                 0.6186977870576071                                 
son     : -0.03661228693400419                               0.5727643742870607                                 0.23738218987912857                                0.3574417912450926                                 0.47956415419931775                                0.5064620378664092                                 
69  :
parent#1: -0.18752413808104773                               0.19292704565373003                                0.6017350036304318                                 0.5636782878116438                                 0.471367006887207                                  0.1600274062968514                                 
parent#2: -0.36385251318293765                               0.5942059630822825                                 -0.28670104817039366                               0.4268159543460271                                 -0.42904573082625946                               0.25706231353772174                                
son     : -0.3734672511698901                                0.5331535174799756                                 0.21338383680397777                                0.6708974002983701                                 0.028665723512686106                               0.28250987922819953                                
70  :
parent#1: -0.18752413808104773                               0.19292704565373003                                0.6017350036304318                                 0.5636782878116438                                 0.471367006887207                                  0.1600274062968514                                 
parent#2: 0.013956564746250864                               -0.47575194429547063                               0.48210372954016045                                0.42298555936036536                                0.39786030280502827                                -0.4514772328562326                                
son     : -0.09859841819812211                               -0.16066415573679757                               0.6156955623637371                                 0.5604934882438112                                 0.4937813909799105                                 -0.165563712914519                                 
71  :
parent#1: -0.18752413808104773                               0.19292704565373003                                0.6017350036304318                                 0.5636782878116438                                 0.471367006887207                                  0.1600274062968514                                 
parent#2: -0.5210318498880145                                0.023196713829168145                               -0.7912767164555539                                0.19738329583682027                                0.18320357949891708                                0.17130430481601044                                
son     : -0.5430950795427896                                0.16565487038488805                                -0.14528022252481607                               0.5833396489856086                                 0.5017162662031789                                 0.2539596377100199                                 
72  :
parent#1: -0.18752413808104773                               0.19292704565373003                                0.6017350036304318                                 0.5636782878116438                                 0.471367006887207                                  0.1600274062968514                                 
parent#2: 0.16000447271643045                                -0.3588330723071169                                0.12850164854066398                                -0.6095206129724134                                0.4378530858133947                                 0.5156491237819817                                 
son     : -0.02025011217426012                               -0.12208054151837236                               0.5373384423210812                                 -0.03373268586427099                               0.6690418878403548                                 0.4971908395805996                                 
73  :
parent#1: -0.18752413808104773                               0.19292704565373003                                0.6017350036304318                                 0.5636782878116438                                 0.471367006887207                                  0.1600274062968514                                 
parent#2: -0.5644543153023431                                -0.3038686894369599                                0.303835812741416                                  -0.24147863866379637                               0.4776315476802716                                 0.45857945455702503                                
son     : -0.4506078617829934                                -0.06647953363946198                               0.5426449752947282                                 0.193071615704553                                  0.5686681680635611                                 0.3706876355292812                                 
74  :
parent#1: -0.18752413808104773                               0.19292704565373003                                0.6017350036304318                                 0.5636782878116438                                 0.471367006887207                                  0.1600274062968514                                 
parent#2: -0.36930691458676607                               -0.6965606335373808                                -0.0764299504974397                                0.5996430248266065                                 0.07615793973863709                                -0.0848667208211112                                
son     : -0.3522834745547106                                -0.3186276867859082                                0.33233830698237926                                0.735984230901421                                  0.34639589455116604                                0.04755098930357842                                
75  :
parent#1: -0.18752413808104773                               0.19292704565373003                                0.6017350036304318                                 0.5636782878116438                                 0.471367006887207                                  0.1600274062968514                                 
parent#2: -0.18752413808104773                               0.19292704565373003                                0.6017350036304318                                 0.5636782878116438                                 0.471367006887207                                  0.1600274062968514                                 
son     : -0.18752413808104773                               0.19292704565373003                                0.6017350036304318                                 0.5636782878116438                                 0.471367006887207                                  0.1600274062968514                                 
76  :
parent#1: -0.18752413808104773                               0.19292704565373003                                0.6017350036304318                                 0.5636782878116438                                 0.471367006887207                                  0.1600274062968514                                 
parent#2: -0.5210318498880145                                0.023196713829168145                               -0.7912767164555539                                0.19738329583682027                                0.18320357949891708                                0.17130430481601044                                
son     : -0.5430950795427896                                0.16565487038488805                                -0.14528022252481607                               0.5833396489856086                                 0.5017162662031789                                 0.2539596377100199                                 
77  :
parent#1: -0.18752413808104773                               0.19292704565373003                                0.6017350036304318                                 0.5636782878116438                                 0.471367006887207                                  0.1600274062968514                                 
parent#2: 0.6893498397484201                                 0.1510233097813532                                 0.12829779899879332                                -0.35855233594257624                               0.5041579892494291                                 -0.3206140629786417                                
son     : 0.36191724389709085                                0.248057371838242                                  0.5265004542496842                                 0.1479370604286589                                 0.7035496922166644                                 -0.1158152721150286                                
78  :
parent#1: -0.5210318498880145                                0.023196713829168145                               -0.7912767164555539                                0.19738329583682027                                0.18320357949891708                                0.17130430481601044                                
parent#2: -0.36385251318293765                               0.5942059630822825                                 -0.28670104817039366                               0.4268159543460271                                 -0.42904573082625946                               0.25706231353772174                                
son     : -0.514345662489501                                 0.35886992937330137                                -0.6265826481228338                                0.362820488483424                                  -0.14289759144740044                               0.24899130474053946                                
79  :
parent#1: -0.5210318498880145                                0.023196713829168145                               -0.7912767164555539                                0.19738329583682027                                0.18320357949891708                                0.17130430481601044                                
parent#2: 0.013956564746250864                               -0.47575194429547063                               0.48210372954016045                                0.42298555936036536                                0.39786030280502827                                -0.4514772328562326                                
son     : -0.4350519918843733                                -0.3882757851174173                                -0.26525908032922385                               0.532253718658581                                  0.4985314938741785                                 -0.24037809372211652                               
80  :
parent#1: -0.5210318498880145                                0.023196713829168145                               -0.7912767164555539                                0.19738329583682027                                0.18320357949891708                                0.17130430481601044                                
parent#2: -0.5210318498880145                                0.023196713829168145                               -0.7912767164555539                                0.19738329583682027                                0.18320357949891708                                0.17130430481601044                                
son     : -0.5210318498880145                                0.023196713829168145                               -0.7912767164555539                                0.19738329583682027                                0.18320357949891708                                0.17130430481601044                                
81  :
parent#1: -0.5210318498880145                                0.023196713829168145                               -0.7912767164555539                                0.19738329583682027                                0.18320357949891708                                0.17130430481601044                                
parent#2: 0.16000447271643045                                -0.3588330723071169                                0.12850164854066398                                -0.6095206129724134                                0.4378530858133947                                 0.5156491237819817                                 
son     : -0.2761057783514334                                -0.2566872870600927                                -0.5068757594845583                                -0.3151935335954102                                0.4749704449557689                                 0.5253668366653809                                 
82  :
parent#1: -0.5210318498880145                                0.023196713829168145                               -0.7912767164555539                                0.19738329583682027                                0.18320357949891708                                0.17130430481601044                                
parent#2: -0.5644543153023431                                -0.3038686894369599                                0.303835812741416                                  -0.24147863866379637                               0.4776315476802716                                 0.45857945455702503                                
son     : -0.7111169904528679                                -0.18387209068083527                               -0.3193292734523586                                -0.02888746857368537                               0.43292222590676016                                0.4126455570458064                                 
83  :
parent#1: -0.5210318498880145                                0.023196713829168145                               -0.7912767164555539                                0.19738329583682027                                0.18320357949891708                                0.17130430481601044                                
parent#2: -0.36930691458676607                               -0.6965606335373808                                -0.0764299504974397                                0.5996430248266065                                 0.07615793973863709                                -0.0848667208211112                                
son     : -0.540939325799678                                 -0.40911284477168985                               -0.5271888388352133                                0.4842458822947098                                 0.15757917205537644                                0.05251651424785095                                
84  :
parent#1: -0.5210318498880145                                0.023196713829168145                               -0.7912767164555539                                0.19738329583682027                                0.18320357949891708                                0.17130430481601044                                
parent#2: -0.18752413808104773                               0.19292704565373003                                0.6017350036304318                                 0.5636782878116438                                 0.471367006887207                                  0.1600274062968514                                 
son     : -0.5430950795427896                                0.16565487038488805                                -0.14528022252481607                               0.5833396489856086                                 0.5017162662031789                                 0.2539596377100199                                 
85  :
parent#1: -0.5210318498880145                                0.023196713829168145                               -0.7912767164555539                                0.19738329583682027                                0.18320357949891708                                0.17130430481601044                                
parent#2: -0.5210318498880145                                0.023196713829168145                               -0.7912767164555539                                0.19738329583682027                                0.18320357949891708                                0.17130430481601044                                
son     : -0.5210318498880145                                0.023196713829168145                               -0.7912767164555539                                0.19738329583682027                                0.18320357949891708                                0.17130430481601044                                
86  :
parent#1: -0.5210318498880145                                0.023196713829168145                               -0.7912767164555539                                0.19738329583682027                                0.18320357949891708                                0.17130430481601044                                
parent#2: 0.6893498397484201                                 0.1510233097813532                                 0.12829779899879332                                -0.35855233594257624                               0.5041579892494291                                 -0.3206140629786417                                
son     : 0.16674472221355302                                0.17259158967539867                                -0.656782055895824                                 -0.15966259366659066                               0.680936802633337                                  -0.14791416038920568                               
87  :
parent#1: 0.6893498397484201                                 0.1510233097813532                                 0.12829779899879332                                -0.35855233594257624                               0.5041579892494291                                 -0.3206140629786417                                
parent#2: 0.1312298690338744                                 0.687743201601576                                  -0.23674122741123765                               -0.01408343728166277                               0.2660005760376095                                 0.6186977870576071                                 
son     : 0.5520446173045992                                 0.564279780292678                                  -0.07295526601064088                               -0.25069054306600597                               0.5181238164768474                                 0.2005356866892256                                 
88  :
parent#1: 0.6893498397484201                                 0.1510233097813532                                 0.12829779899879332                                -0.35855233594257624                               0.5041579892494291                                 -0.3206140629786417                                
parent#2: -0.36385251318293765                               0.5942059630822825                                 -0.28670104817039366                               0.4268159543460271                                 -0.42904573082625946                               0.25706231353772174                                
son     : 0.38883619883631215                                0.8902442326620755                                 -0.18922710653605085                               0.08154710878545557                                0.0897284329780829                                 -0.07591835221120848                               
89  :
parent#1: 0.6893498397484201                                 0.1510233097813532                                 0.12829779899879332                                -0.35855233594257624                               0.5041579892494291                                 -0.3206140629786417                                
parent#2: 0.013956564746250864                               -0.47575194429547063                               0.48210372954016045                                0.42298555936036536                                0.39786030280502827                                -0.4514772328562326                                
son     : 0.45525577334342837                                -0.2101994019785728                                0.39511771562023046                                0.041708132854487254                               0.5838835427842062                                 -0.4997807751083813                                
90  :
parent#1: 0.6893498397484201                                 0.1510233097813532                                 0.12829779899879332                                -0.35855233594257624                               0.5041579892494291                                 -0.3206140629786417                                
parent#2: -0.5210318498880145                                0.023196713829168145                               -0.7912767164555539                                0.19738329583682027                                0.18320357949891708                                0.17130430481601044                                
son     : 0.16674472221355302                                0.17259158967539867                                -0.656782055895824                                 -0.15966259366659066                               0.680936802633337                                  -0.14791416038920568                               
91  :
parent#1: 0.6893498397484201                                 0.1510233097813532                                 0.12829779899879332                                -0.35855233594257624                               0.5041579892494291                                 -0.3206140629786417                                
parent#2: 0.16000447271643045                                -0.3588330723071169                                0.12850164854066398                                -0.6095206129724134                                0.4378530858133947                                 0.5156491237819817                                 
son     : 0.5175601761384631                                 -0.12663037759118628                               0.156482595484887                                  -0.5899022334993539                                0.5740212427002596                                 0.11884602096104606                                
92  :
parent#1: 0.6893498397484201                                 0.1510233097813532                                 0.12829779899879332                                -0.35855233594257624                               0.5041579892494291                                 -0.3206140629786417                                
parent#2: -0.5644543153023431                                -0.3038686894369599                                0.303835812741416                                  -0.24147863866379637                               0.4776315476802716                                 0.45857945455702503                                
son     : 0.09971933357428867                                -0.12203511268129338                               0.34502497962918494                                -0.4790779267475811                                0.7838823590120599                                 0.11015460294137307                                
93  :
parent#1: 0.6893498397484201                                 0.1510233097813532                                 0.12829779899879332                                -0.35855233594257624                               0.5041579892494291                                 -0.3206140629786417                                
parent#2: -0.36930691458676607                               -0.6965606335373808                                -0.0764299504974397                                0.5996430248266065                                 0.07615793973863709                                -0.0848667208211112                                
son     : 0.32629683892028344                                -0.5561975918221329                                0.05288139082918129                                0.24580180810507754                                0.5916558008843661                                 -0.41340422672974186                               
94  :
parent#1: 0.6893498397484201                                 0.1510233097813532                                 0.12829779899879332                                -0.35855233594257624                               0.5041579892494291                                 -0.3206140629786417                                
parent#2: -0.18752413808104773                               0.19292704565373003                                0.6017350036304318                                 0.5636782878116438                                 0.471367006887207                                  0.1600274062968514                                 
son     : 0.36191724389709085                                0.248057371838242                                  0.5265004542496842                                 0.1479370604286589                                 0.7035496922166644                                 -0.1158152721150286                                
95  :
parent#1: 0.6893498397484201                                 0.1510233097813532                                 0.12829779899879332                                -0.35855233594257624                               0.5041579892494291                                 -0.3206140629786417                                
parent#2: -0.5210318498880145                                0.023196713829168145                               -0.7912767164555539                                0.19738329583682027                                0.18320357949891708                                0.17130430481601044                                
son     : 0.16674472221355302                                0.17259158967539867                                -0.656782055895824                                 -0.15966259366659066                               0.680936802633337                                  -0.14791416038920568                               
96  :
parent#1: 0.6893498397484201                                 0.1510233097813532                                 0.12829779899879332                                -0.35855233594257624                               0.5041579892494291                                 -0.3206140629786417                                
parent#2: 0.6893498397484201                                 0.1510233097813532                                 0.12829779899879332                                -0.35855233594257624                               0.5041579892494291                                 -0.3206140629786417                                
son     : 0.6893498397484202                                 0.15102330978135323                                0.12829779899879334                                -0.3585523359425763                                0.5041579892494292                                 -0.32061406297864176                               

0   :
parent#1: 0.013956564746250864                               -0.47575194429547063                               0.48210372954016045                                0.42298555936036536                                0.39786030280502827                                -0.4514772328562326                                
parent#2: -0.36385251318293765                               0.5942059630822825                                 -0.28670104817039366                               0.4268159543460271                                 -0.42904573082625946                               0.25706231353772174                                
son:      -0.36174294012541425                               0.12246470762826223                                0.20201874523814156                                0.8785746147237921                                 -0.032241323375914864                              -0.20099753893334693                               
mutated:  -0.36174294012541425                               0.12246470762826223                                0.20201874523814156                                0.8785746147237921                                 -0.032241323375914864                              -0.20099753893334693                               
1   :
parent#1: 0.16000447271643045                                -0.3588330723071169                                0.12850164854066398                                -0.6095206129724134                                0.4378530858133947                                 0.5156491237819817                                 
parent#2: -0.18752413808104773                               0.19292704565373003                                0.6017350036304318                                 0.5636782878116438                                 0.471367006887207                                  0.1600274062968514                                 
son:      -0.02025011217426012                               -0.12208054151837236                               0.5373384423210812                                 -0.03373268586427099                               0.6690418878403548                                 0.4971908395805996                                 
mutated:  -0.02025011217426012                               -0.12208054151837236                               0.5373384423210812                                 -0.03373268586427099                               0.6690418878403548                                 0.4971908395805996                                 
2   :
parent#1: -0.5210318498880145                                0.023196713829168145                               -0.7912767164555539                                0.19738329583682027                                0.18320357949891708                                0.17130430481601044                                
parent#2: 0.1312298690338744                                 0.687743201601576                                  -0.23674122741123765                               -0.01408343728166277                               0.2660005760376095                                 0.6186977870576071                                 
son:      -0.2429774925200593                                0.44315423335014714                                -0.6408002897241487                                0.11425734654662842                                0.28000498895026765                                0.4924365108367159                                 
mutated:  -0.2429774925200593                                0.44315423335014714                                -0.6408002897241487                                0.11425734654662842                                0.28000498895026765                                0.4924365108367159                                 

