0   :
parent#1: -0.36930691458676607                               -0.6965606335373808                                -0.0764299504974397                                0.5996430248266065                                 0.07615793973863709                                -0.0848667208211112                                
parent#2: -0.36930691458676607                               -0.6965606335373808                                -0.0764299504974397                                0.5996430248266065                                 0.07615793973863709                                -0.0848667208211112                                
son     : -0.35117792140865184                               -0.7310942239106878                                -0.07267806284940555                               0.570207008664956                                  0.0724194048901199                                 -0.08070067858890334                               
1   :
parent#1: -0.36930691458676607                               -0.6965606335373808                                -0.0764299504974397                                0.5996430248266065                                 0.07615793973863709                                -0.0848667208211112                                
parent#2: -0.08680378310694388                               -0.2804951546984053                                -0.10185592825828224                               -0.9072855994231784                                -0.09594480709107683                               0.2665340060466277                                 
son     : -0.39661810104257883                               -0.8496139496446669                                -0.15503123919774056                               -0.26751535176287305                               -0.01720597608121893                               0.1579715934136893                                 
2   :
parent#1: -0.36930691458676607                               -0.6965606335373808                                -0.0764299504974397                                0.5996430248266065                                 0.07615793973863709                                -0.0848667208211112                                
parent#2: 0.5807101701644389                                 0.49069622381616573                                0.14980968237652867                                0.07528365070702964                                0.45647172103247813                                0.43071558260673226                                
son     : 0.22474098687081365                                -0.21885268737181054                               0.07800936326055277                                0.717508756950698                                  0.5662340216628599                                 0.2450913007528429                                 
3   :
parent#1: -0.36930691458676607                               -0.6965606335373808                                -0.0764299504974397                                0.5996430248266065                                 0.07615793973863709                                -0.0848667208211112                                
parent#2: 0.10293329530858125                                0.35607264777945324                                0.5218977969483999                                 0.6175344961345101                                 -0.4124178299107178                                -0.19698318561817274                               
son     : -0.18562014118396877                               -0.23726609323811398                               0.31042039664142385                                0.8481795753610453                                 -0.23431978158116043                               -0.19640465736703258                               
4   :
parent#1: -0.36930691458676607                               -0.6965606335373808                                -0.0764299504974397                                0.5996430248266065                                 0.07615793973863709                                -0.0848667208211112                                
parent#2: -0.37220527354127375                               -0.3761116468098133                                -0.13179808138913535                               0.3946195767254984                                 -0.48639795864464486                               -0.5570681688227478                                
son     : -0.4599275333166689                                -0.5730263073695258                                -0.11123634160115273                               0.5311395079013436                                 -0.21915204436235244                               -0.3429244757450273                                
5   :
parent#1: -0.36930691458676607                               -0.6965606335373808                                -0.0764299504974397                                0.5996430248266065                                 0.07615793973863709                                -0.0848667208211112                                
parent#2: 7.947666652668812E-4                               -0.6218295008677601                                -0.02274557528876888                               -0.6604072831090612                                -0.40472928371952654                               0.11343062336807667                                
son     : -0.26082162639103673                               -0.933116210721761                                 -0.07019340360865217                               -0.04300708337856734                               -0.2325527470558174                                0.020216656521080647                               
6   :
parent#1: -0.36930691458676607                               -0.6965606335373808                                -0.0764299504974397                                0.5996430248266065                                 0.07615793973863709                                -0.0848667208211112                                
parent#2: 0.013956564746250864                               -0.47575194429547063                               0.48210372954016045                                0.42298555936036536                                0.39786030280502827                                -0.4514772328562326                                
son     : -0.20343831279813424                               -0.6711497343773122                                0.23224850965233135                                0.5854555479669953                                 0.13110739788590897                                -0.3070572719699599                                
7   :
parent#1: -0.36930691458676607                               -0.6965606335373808                                -0.0764299504974397                                0.5996430248266065                                 0.07615793973863709                                -0.0848667208211112                                
parent#2: 0.036737909617562646                               -0.44327403320771847                               0.3313750977472726                                 0.4200404143050969                                 -0.4772777021394653                                0.5367690820684015                                 
son     : -0.19784205454686535                               -0.6780765162811081                                0.15166437934686905                                0.6065997238795927                                 -0.23862223095648694                               0.23057511019325413                                
8   :
parent#1: -0.36930691458676607                               -0.6965606335373808                                -0.0764299504974397                                0.5996430248266065                                 0.07615793973863709                                -0.0848667208211112                                
parent#2: 0.10241052381088                                   -0.26378742721331977                               0.5129793202443849                                 0.6256697373690031                                 0.45033223619819107                                -0.25003750046724355                               
son     : -0.15220634017555035                               -0.5476696900869359                                0.2489564646489366                                 0.6987744216473623                                 0.30024813218630597                                -0.19099001557666861                               
9   :
parent#1: -0.08680378310694388                               -0.2804951546984053                                -0.10185592825828224                               -0.9072855994231784                                -0.09594480709107683                               0.2665340060466277                                 
parent#2: -0.36930691458676607                               -0.6965606335373808                                -0.0764299504974397                                0.5996430248266065                                 0.07615793973863709                                -0.0848667208211112                                
son     : -0.39661810104257883                               -0.8496139496446669                                -0.15503123919774056                               -0.26751535176287305                               -0.01720597608121893                               0.1579715934136893                                 
10  :
parent#1: -0.08680378310694388                               -0.2804951546984053                                -0.10185592825828224                               -0.9072855994231784                                -0.09594480709107683                               0.2665340060466277                                 
parent#2: -0.08680378310694388                               -0.2804951546984053                                -0.10185592825828224                               -0.9072855994231784                                -0.09594480709107683                               0.2665340060466277                                 
son     : -0.0868037831069439                                -0.28049515469840536                               -0.10185592825828226                               -0.9072855994231785                                -0.09594480709107685                               0.26653400604662775                                
11  :
parent#1: -0.08680378310694388                               -0.2804951546984053                                -0.10185592825828224                               -0.9072855994231784                                -0.09594480709107683                               0.2665340060466277                                 
parent#2: 0.47612379543073824                                -0.5247017354946689                                0.34341953304136674                                0.5252597881744829                                 -0.059020275934295194                              -0.3172948257925076                                
son     : 0.3834595867544468                                 -0.7930762791423326                                0.23792735316158511                                -0.37627518512745056                               -0.15263239704425005                               -0.049996718244433386                              
12  :
parent#1: -0.08680378310694388                               -0.2804951546984053                                -0.10185592825828224                               -0.9072855994231784                                -0.09594480709107683                               0.2665340060466277                                 
parent#2: 0.5807101701644389                                 0.49069622381616573                                0.14980968237652867                                0.07528365070702964                                0.45647172103247813                                0.43071558260673226                                
son     : 0.39061483458253315                                0.16624133235383237                                0.03792509719120071                                -0.6580038486772428                                0.2851292563571933                                 0.5514324978811559                                 
13  :
parent#1: -0.08680378310694388                               -0.2804951546984053                                -0.10185592825828224                               -0.9072855994231784                                -0.09594480709107683                               0.2665340060466277                                 
parent#2: 0.10293329530858125                                0.35607264777945324                                0.5218977969483999                                 0.6175344961345101                                 -0.4124178299107178                                -0.19698318561817274                               
son     : 0.02216326628490707                                0.10384964426456411                                0.5771718121546169                                 -0.3981416659259208                                -0.6985317567151579                                0.09556850413201712                                
14  :
parent#1: -0.08680378310694388                               -0.2804951546984053                                -0.10185592825828224                               -0.9072855994231784                                -0.09594480709107683                               0.2665340060466277                                 
parent#2: -0.37220527354127375                               -0.3761116468098133                                -0.13179808138913535                               0.3946195767254984                                 -0.48639795864464486                               -0.5570681688227478                                
son     : -0.3903420989647451                                -0.5583795643746391                                -0.19869977560639038                               -0.43597207608277616                               -0.4952252993744913                                -0.24707075661452746                               
15  :
parent#1: -0.08680378310694388                               -0.2804951546984053                                -0.10185592825828224                               -0.9072855994231784                                -0.09594480709107683                               0.2665340060466277                                 
parent#2: 7.947666652668812E-4                               -0.6218295008677601                                -0.02274557528876888                               -0.6604072831090612                                -0.40472928371952654                               0.11343062336807667                                
son     : -0.044775588462405314                              -0.4697428142840008                                -0.06486652069091974                               -0.8161280554964201                                -0.2606468248491857                                0.19780646937731017                                
16  :
parent#1: -0.08680378310694388                               -0.2804951546984053                                -0.10185592825828224                               -0.9072855994231784                                -0.09594480709107683                               0.2665340060466277                                 
parent#2: 0.013956564746250864                               -0.47575194429547063                               0.48210372954016045                                0.42298555936036536                                0.39786030280502827                                -0.4514772328562326                                
son     : -0.07004189654444959                               -0.7271242782051132                                0.3656045866675199                                 -0.465649808817623                                 0.2902888317747102                                 -0.17782112550483647                               
17  :
parent#1: -0.08680378310694388                               -0.2804951546984053                                -0.10185592825828224                               -0.9072855994231784                                -0.09594480709107683                               0.2665340060466277                                 
parent#2: 0.036737909617562646                               -0.44327403320771847                               0.3313750977472726                                 0.4200404143050969                                 -0.4772777021394653                                0.5367690820684015                                 
son     : -0.0374176960393913                                -0.5409228599894969                                0.17153557744226855                                -0.36415208529762627                               -0.42840889648863856                               0.6003640540690387                                 
18  :
parent#1: -0.08680378310694388                               -0.2804951546984053                                -0.10185592825828224                               -0.9072855994231784                                -0.09594480709107683                               0.2665340060466277                                 
parent#2: 0.10241052381088                                   -0.26378742721331977                               0.5129793202443849                                 0.6256697373690031                                 0.45033223619819107                                -0.25003750046724355                               
son     : 0.019057005518824163                               -0.6646100146121874                                0.5020126174083793                                 -0.3438741720108998                                0.43273373476326726                                0.020143475427149886                               
19  :
parent#1: 0.47612379543073824                                -0.5247017354946689                                0.34341953304136674                                0.5252597881744829                                 -0.059020275934295194                              -0.3172948257925076                                
parent#2: -0.36930691458676607                               -0.6965606335373808                                -0.0764299504974397                                0.5996430248266065                                 0.07615793973863709                                -0.0848667208211112                                
son     : 0.06165422346631459                                -0.7049071496600605                                0.15410518688882163                                0.6492888470686782                                 0.00989178251166929                                -0.23212583693295477                               
20  :
parent#1: 0.47612379543073824                                -0.5247017354946689                                0.34341953304136674                                0.5252597881744829                                 -0.059020275934295194                              -0.3172948257925076                                
parent#2: -0.08680378310694388                               -0.2804951546984053                                -0.10185592825828224                               -0.9072855994231784                                -0.09594480709107683                               0.2665340060466277                                 
son     : 0.3834595867544468                                 -0.7930762791423326                                0.23792735316158511                                -0.37627518512745056                               -0.15263239704425005                               -0.049996718244433386                              
21  :
parent#1: 0.47612379543073824                                -0.5247017354946689                                0.34341953304136674                                0.5252597881744829                                 -0.059020275934295194                              -0.3172948257925076                                
parent#2: 0.5807101701644389                                 0.49069622381616573                                0.14980968237652867                                0.07528365070702964                                0.45647172103247813                                0.43071558260673226                                
son     : 0.7681619925311443                                 -0.024716977745211966                              0.35850469347529884                                0.4365062626965528                                 0.28888841950595623                                0.08244011584141192                                
22  :
parent#1: 0.47612379543073824                                -0.5247017354946689                                0.34341953304136674                                0.5252597881744829                                 -0.059020275934295194                              -0.3172948257925076                                
parent#2: 0.10293329530858125                                0.35607264777945324                                0.5218977969483999                                 0.6175344961345101                                 -0.4124178299107178                                -0.19698318561817274                               
son     : 0.3397277413222173                                 -0.09893321402484342                               0.5076741253078548                                 0.670467432681887                                  -0.2765886221468479                                -0.30172242085001094                               
23  :
parent#1: 0.47612379543073824                                -0.5247017354946689                                0.34341953304136674                                0.5252597881744829                                 -0.059020275934295194                              -0.3172948257925076                                
parent#2: -0.37220527354127375                               -0.3761116468098133                                -0.13179808138913535                               0.3946195767254984                                 -0.48639795864464486                               -0.5570681688227478                                
son     : 0.06237987099944678                                -0.5407373157453068                                0.1270314340000269                                 0.5521821815224586                                 -0.32740187692401757                               -0.5248597633904498                                
24  :
parent#1: 0.47612379543073824                                -0.5247017354946689                                0.34341953304136674                                0.5252597881744829                                 -0.059020275934295194                              -0.3172948257925076                                
parent#2: 7.947666652668812E-4                               -0.6218295008677601                                -0.02274557528876888                               -0.6604072831090612                                -0.40472928371952654                               0.11343062336807667                                
son     : 0.34421267193795724                                -0.8275009859003915                                0.23144420995868367                                -0.09754176925449214                               -0.3347080355542114                                -0.1471375773687919                                
25  :
parent#1: 0.47612379543073824                                -0.5247017354946689                                0.34341953304136674                                0.5252597881744829                                 -0.059020275934295194                              -0.3172948257925076                                
parent#2: 0.013956564746250864                               -0.47575194429547063                               0.48210372954016045                                0.42298555936036536                                0.39786030280502827                                -0.4514772328562326                                
son     : 0.2609333841621143                                 -0.5326713444929814                                0.4395331788691859                                 0.5048740730171087                                 0.18040852497951923                                -0.40931714717163226                               
26  :
parent#1: 0.47612379543073824                                -0.5247017354946689                                0.34341953304136674                                0.5252597881744829                                 -0.059020275934295194                              -0.3172948257925076                                
parent#2: 0.036737909617562646                               -0.44327403320771847                               0.3313750977472726                                 0.4200404143050969                                 -0.4772777021394653                                0.5367690820684015                                 
son     : 0.301958851639531                                  -0.5699174819549798                                0.3973004999198934                                 0.556566732874835                                  -0.3157574839410241                                0.12922039945109098                                
27  :
parent#1: 0.47612379543073824                                -0.5247017354946689                                0.34341953304136674                                0.5252597881744829                                 -0.059020275934295194                              -0.3172948257925076                                
parent#2: 0.10241052381088                                   -0.26378742721331977                               0.5129793202443849                                 0.6256697373690031                                 0.45033223619819107                                -0.25003750046724355                               
son     : 0.30970602000675895                                -0.42210087159715354                               0.4584548773824969                                 0.6161255967175792                                 0.2094805195882595                                 -0.3037092717635337                                
28  :
parent#1: 0.5807101701644389                                 0.49069622381616573                                0.14980968237652867                                0.07528365070702964                                0.45647172103247813                                0.43071558260673226                                
parent#2: -0.36930691458676607                               -0.6965606335373808                                -0.0764299504974397                                0.5996430248266065                                 0.07615793973863709                                -0.0848667208211112                                
son     : 0.21674829415813254                                -0.21106940625401052                               0.07523503678839966                                0.6919912619320381                                 0.5460964641944558                                 0.35459317134793533                                
29  :
parent#1: 0.5807101701644389                                 0.49069622381616573                                0.14980968237652867                                0.07528365070702964                                0.45647172103247813                                0.43071558260673226                                
parent#2: -0.08680378310694388                               -0.2804951546984053                                -0.10185592825828224                               -0.9072855994231784                                -0.09594480709107683                               0.2665340060466277                                 
son     : 0.39061483458253315                                0.16624133235383237                                0.03792509719120071                                -0.6580038486772428                                0.2851292563571933                                 0.5514324978811559                                 
30  :
parent#1: 0.5807101701644389                                 0.49069622381616573                                0.14980968237652867                                0.07528365070702964                                0.45647172103247813                                0.43071558260673226                                
parent#2: 0.47612379543073824                                -0.5247017354946689                                0.34341953304136674                                0.5252597881744829                                 -0.059020275934295194                              -0.3172948257925076                                
son     : 0.7681619925311443                                 -0.024716977745211966                              0.35850469347529884                                0.4365062626965528                                 0.28888841950595623                                0.08244011584141192                                
31  :
parent#1: 0.5807101701644389                                 0.49069622381616573                                0.14980968237652867                                0.07528365070702964                                0.45647172103247813                                0.43071558260673226                                
parent#2: 0.5807101701644389                                 0.49069622381616573                                0.14980968237652867                                0.07528365070702964                                0.45647172103247813                                0.43071558260673226                                
son     : 0.5807101701644389                                 0.49069622381616573                                0.14980968237652867                                0.07528365070702964                                0.45647172103247813                                0.43071558260673226                                
32  :
parent#1: 0.5807101701644389                                 0.49069622381616573                                0.14980968237652867                                0.07528365070702964                                0.45647172103247813                                0.43071558260673226                                
parent#2: 0.10293329530858125                                0.35607264777945324                                0.5218977969483999                                 0.6175344961345101                                 -0.4124178299107178                                -0.19698318561817274                               
son     : 0.4638581798075154                                 0.5745402206459159                                 0.45575950690492195                                0.47008328282516926                                0.029890957467192624                               0.1585895129622058                                 
33  :
parent#1: 0.5807101701644389                                 0.49069622381616573                                0.14980968237652867                                0.07528365070702964                                0.45647172103247813                                0.43071558260673226                                
parent#2: -0.37220527354127375                               -0.3761116468098133                                -0.13179808138913535                               0.3946195767254984                                 -0.48639795864464486                               -0.5570681688227478                                
son     : 0.3841505066243027                                 0.21111122098909638                                0.033184667393817015                               0.8657521516573596                                 -0.05513625591657147                               -0.23279266239918403                               
34  :
parent#1: 0.5807101701644389                                 0.49069622381616573                                0.14980968237652867                                0.07528365070702964                                0.45647172103247813                                0.43071558260673226                                
parent#2: 7.947666652668812E-4                               -0.6218295008677601                                -0.02274557528876888                               -0.6604072831090612                                -0.40472928371952654                               0.11343062336807667                                
son     : 0.5778667982716469                                 -0.13031285232040118                               0.12626914078900128                                -0.5814628537680975                                0.05141871494302212                                0.5407417992917438                                 
35  :
parent#1: 0.5807101701644389                                 0.49069622381616573                                0.14980968237652867                                0.07528365070702964                                0.45647172103247813                                0.43071558260673226                                
parent#2: 0.013956564746250864                               -0.47575194429547063                               0.48210372954016045                                0.42298555936036536                                0.39786030280502827                                -0.4514772328562326                                
son     : 0.4518878727351374                                 0.011356173610720652                               0.4801916614803102                                 0.378635292960499                                  0.6492077969005889                                 -0.015776799701309456                              
36  :
parent#1: 0.5807101701644389                                 0.49069622381616573                                0.14980968237652867                                0.07528365070702964                                0.45647172103247813                                0.43071558260673226                                
parent#2: 0.10241052381088                                   -0.26378742721331977                               0.5129793202443849                                 0.6256697373690031                                 0.45033223619819107                                -0.25003750046724355                               
son     : 0.450074147203415                                  0.14949888654327434                                0.43667861003371583                                0.46182321974726054                                0.5974478907324993                                 0.1190397750418859                                 
37  :
parent#1: 0.10293329530858125                                0.35607264777945324                                0.5218977969483999                                 0.6175344961345101                                 -0.4124178299107178                                -0.19698318561817274                               
parent#2: -0.36930691458676607                               -0.6965606335373808                                -0.0764299504974397                                0.5996430248266065                                 0.07615793973863709                                -0.0848667208211112                                
son     : -0.18562014118396877                               -0.23726609323811398                               0.31042039664142385                                0.8481795753610453                                 -0.23431978158116043                               -0.19640465736703258                               
38  :
parent#1: 0.10293329530858125                                0.35607264777945324                                0.5218977969483999                                 0.6175344961345101                                 -0.4124178299107178                                -0.19698318561817274                               
parent#2: -0.08680378310694388                               -0.2804951546984053                                -0.10185592825828224                               -0.9072855994231784                                -0.09594480709107683                               0.2665340060466277                                 
son     : 0.02216326628490707                                0.10384964426456411                                0.5771718121546169                                 -0.3981416659259208                                -0.6985317567151579                                0.09556850413201712                                
39  :
parent#1: 0.10293329530858125                                0.35607264777945324                                0.5218977969483999                                 0.6175344961345101                                 -0.4124178299107178                                -0.19698318561817274                               
parent#2: 0.47612379543073824                                -0.5247017354946689                                0.34341953304136674                                0.5252597881744829                                 -0.059020275934295194                              -0.3172948257925076                                
son     : 0.3397277413222173                                 -0.09893321402484342                               0.5076741253078548                                 0.670467432681887                                  -0.2765886221468479                                -0.30172242085001094                               
40  :
parent#1: 0.10293329530858125                                0.35607264777945324                                0.5218977969483999                                 0.6175344961345101                                 -0.4124178299107178                                -0.19698318561817274                               
parent#2: 0.5807101701644389                                 0.49069622381616573                                0.14980968237652867                                0.07528365070702964                                0.45647172103247813                                0.43071558260673226                                
son     : 0.4638581798075154                                 0.5745402206459159                                 0.45575950690492195                                0.47008328282516926                                0.029890957467192624                               0.1585895129622058                                 
41  :
parent#1: 0.10293329530858125                                0.35607264777945324                                0.5218977969483999                                 0.6175344961345101                                 -0.4124178299107178                                -0.19698318561817274                               
parent#2: 0.10293329530858125                                0.35607264777945324                                0.5218977969483999                                 0.6175344961345101                                 -0.4124178299107178                                -0.19698318561817274                               
son     : 0.10293329530858127                                0.3560726477794533                                 0.5218977969484                                    0.6175344961345102                                 -0.41241782991071785                               -0.19698318561817277                               
42  :
parent#1: 0.10293329530858125                                0.35607264777945324                                0.5218977969483999                                 0.6175344961345101                                 -0.4124178299107178                                -0.19698318561817274                               
parent#2: -0.37220527354127375                               -0.3761116468098133                                -0.13179808138913535                               0.3946195767254984                                 -0.48639795864464486                               -0.5570681688227478                                
son     : -0.1661664393006902                                -0.012365969670811586                              0.2407286533568647                                 0.6245953976150475                                 -0.5546548889035258                                -0.4653214546856177                                
43  :
parent#1: 0.10293329530858125                                0.35607264777945324                                0.5218977969483999                                 0.6175344961345101                                 -0.4124178299107178                                -0.19698318561817274                               
parent#2: 7.947666652668812E-4                               -0.6218295008677601                                -0.02274557528876888                               -0.6604072831090612                                -0.40472928371952654                               0.11343062336807667                                
son     : 0.10336240951308825                                -0.264820031890201                                 0.497392656941362                                  -0.042721655836471695                              -0.8142665830658435                                -0.08325803057363186                               
44  :
parent#1: 0.10293329530858125                                0.35607264777945324                                0.5218977969483999                                 0.6175344961345101                                 -0.4124178299107178                                -0.19698318561817274                               
parent#2: 0.013956564746250864                               -0.47575194429547063                               0.48210372954016045                                0.42298555936036536                                0.39786030280502827                                -0.4514772328562326                                
son     : 0.07335188161249584                                -0.07510233638222916                               0.6300409725463569                                 0.6529574412210319                                 -0.009135283456805665                              -0.406928298348645                                 
45  :
parent#1: 0.10293329530858125                                0.35607264777945324                                0.5218977969483999                                 0.6175344961345101                                 -0.4124178299107178                                -0.19698318561817274                               
parent#2: 0.036737909617562646                               -0.44327403320771847                               0.3313750977472726                                 0.4200404143050969                                 -0.4772777021394653                                0.5367690820684015                                 
son     : 0.08439754394067231                                -0.05269219781028707                               0.5155975897934202                                 0.6269636904891811                                 -0.5376062861327119                                0.20531859191193302                                
46  :
parent#1: 0.10293329530858125                                0.35607264777945324                                0.5218977969483999                                 0.6175344961345101                                 -0.4124178299107178                                -0.19698318561817274                               
parent#2: 0.10241052381088                                   -0.26378742721331977                               0.5129793202443849                                 0.6256697373690031                                 0.45033223619819107                                -0.25003750046724355                               
son     : 0.12124283873946029                                0.05448872122430894                                0.6110310014345638                                 0.7340352928528713                                 0.022386114503598613                               -0.26393809752182823                               
47  :
parent#1: -0.37220527354127375                               -0.3761116468098133                                -0.13179808138913535                               0.3946195767254984                                 -0.48639795864464486                               -0.5570681688227478                                
parent#2: -0.36930691458676607                               -0.6965606335373808                                -0.0764299504974397                                0.5996430248266065                                 0.07615793973863709                                -0.0848667208211112                                
son     : -0.40740211301069934                               -0.589348308197993                                 -0.11440478192652659                               0.5462684110188873                                 -0.22539434040293532                               -0.3526922883309905                                
48  :
parent#1: -0.37220527354127375                               -0.3761116468098133                                -0.13179808138913535                               0.3946195767254984                                 -0.48639795864464486                               -0.5570681688227478                                
parent#2: -0.08680378310694388                               -0.2804951546984053                                -0.10185592825828224                               -0.9072855994231784                                -0.09594480709107683                               0.2665340060466277                                 
son     : -0.3903420989647451                                -0.5583795643746391                                -0.19869977560639038                               -0.43597207608277616                               -0.4952252993744913                                -0.24707075661452746                               
49  :
parent#1: -0.37220527354127375                               -0.3761116468098133                                -0.13179808138913535                               0.3946195767254984                                 -0.48639795864464486                               -0.5570681688227478                                
parent#2: 0.47612379543073824                                -0.5247017354946689                                0.34341953304136674                                0.5252597881744829                                 -0.059020275934295194                              -0.3172948257925076                                
son     : 0.06237987099944678                                -0.5407373157453068                                0.1270314340000269                                 0.5521821815224586                                 -0.32740187692401757                               -0.5248597633904498                                
50  :
parent#1: -0.37220527354127375                               -0.3761116468098133                                -0.13179808138913535                               0.3946195767254984                                 -0.48639795864464486                               -0.5570681688227478                                
parent#2: 0.5807101701644389                                 0.49069622381616573                                0.14980968237652867                                0.07528365070702964                                0.45647172103247813                                0.43071558260673226                                
son     : 0.3841505066243027                                 0.21111122098909638                                0.033184667393817015                               0.8657521516573596                                 -0.05513625591657147                               -0.23279266239918403                               
51  :
parent#1: -0.37220527354127375                               -0.3761116468098133                                -0.13179808138913535                               0.3946195767254984                                 -0.48639795864464486                               -0.5570681688227478                                
parent#2: -0.37220527354127375                               -0.3761116468098133                                -0.13179808138913535                               0.3946195767254984                                 -0.48639795864464486                               -0.5570681688227478                                
son     : -0.3722052735412738                                -0.37611164680981335                               -0.13179808138913537                               0.39461957672549847                                -0.4863979586446449                                -0.5570681688227479                                
52  :
parent#1: -0.37220527354127375                               -0.3761116468098133                                -0.13179808138913535                               0.3946195767254984                                 -0.48639795864464486                               -0.5570681688227478                                
parent#2: 7.947666652668812E-4                               -0.6218295008677601                                -0.02274557528876888                               -0.6604072831090612                                -0.40472928371952654                               0.11343062336807667                                
son     : -0.2493147771282554                                -0.669882704485284                                 -0.10373970743401807                               -0.17841391547539132                               -0.5981822961651182                                -0.2977982413612293                                
53  :
parent#1: -0.37220527354127375                               -0.3761116468098133                                -0.13179808138913535                               0.3946195767254984                                 -0.48639795864464486                               -0.5570681688227478                                
parent#2: 0.013956564746250864                               -0.47575194429547063                               0.48210372954016045                                0.42298555936036536                                0.39786030280502827                                -0.4514772328562326                                
son     : -0.21923608262608096                               -0.5213116811331343                                0.21437519839426133                                0.5003466663518059                                 -0.05418204826602678                               -0.617195645333527                                 
54  :
parent#1: -0.37220527354127375                               -0.3761116468098133                                -0.13179808138913535                               0.3946195767254984                                 -0.48639795864464486                               -0.5570681688227478                                
parent#2: 0.036737909617562646                               -0.44327403320771847                               0.3313750977472726                                 0.4200404143050969                                 -0.4772777021394653                                0.5367690820684015                                 
son     : -0.2158019883415077                                -0.5271006302912783                                0.1283854156589313                                 0.5240606532641945                                 -0.6199205826794535                                -0.01305815037226957                               
55  :
parent#1: -0.37220527354127375                               -0.3761116468098133                                -0.13179808138913535                               0.3946195767254984                                 -0.48639795864464486                               -0.5570681688227478                                
parent#2: 0.10241052381088                                   -0.26378742721331977                               0.5129793202443849                                 0.6256697373690031                                 0.45033223619819107                                -0.25003750046724355                               
son     : -0.1770804789413683                                -0.41999940553101556                               0.2501892879954272                                 0.6696695194371336                                 -0.02367182982829194                               -0.5297458850366366                                
56  :
parent#1: 7.947666652668812E-4                               -0.6218295008677601                                -0.02274557528876888                               -0.6604072831090612                                -0.40472928371952654                               0.11343062336807667                                
parent#2: -0.36930691458676607                               -0.6965606335373808                                -0.0764299504974397                                0.5996430248266065                                 0.07615793973863709                                -0.0848667208211112                                
son     : -0.26082162639103673                               -0.933116210721761                                 -0.07019340360865217                               -0.04300708337856734                               -0.2325527470558174                                0.020216656521080647                               
57  :
parent#1: 7.947666652668812E-4                               -0.6218295008677601                                -0.02274557528876888                               -0.6604072831090612                                -0.40472928371952654                               0.11343062336807667                                
parent#2: -0.08680378310694388                               -0.2804951546984053                                -0.10185592825828224                               -0.9072855994231784                                -0.09594480709107683                               0.2665340060466277                                 
son     : -0.044775588462405314                              -0.4697428142840008                                -0.06486652069091974                               -0.8161280554964201                                -0.2606468248491857                                0.19780646937731017                                
58  :
parent#1: 7.947666652668812E-4                               -0.6218295008677601                                -0.02274557528876888                               -0.6604072831090612                                -0.40472928371952654                               0.11343062336807667                                
parent#2: 0.47612379543073824                                -0.5247017354946689                                0.34341953304136674                                0.5252597881744829                                 -0.059020275934295194                              -0.3172948257925076                                
son     : 0.34421267193795724                                -0.8275009859003915                                0.23144420995868367                                -0.09754176925449214                               -0.3347080355542114                                -0.1471375773687919                                
59  :
parent#1: 7.947666652668812E-4                               -0.6218295008677601                                -0.02274557528876888                               -0.6604072831090612                                -0.40472928371952654                               0.11343062336807667                                
parent#2: 0.5807101701644389                                 0.49069622381616573                                0.14980968237652867                                0.07528365070702964                                0.45647172103247813                                0.43071558260673226                                
son     : 0.5778667982716469                                 -0.13031285232040118                               0.12626914078900128                                -0.5814628537680975                                0.05141871494302212                                0.5407417992917438                                 
60  :
parent#1: 7.947666652668812E-4                               -0.6218295008677601                                -0.02274557528876888                               -0.6604072831090612                                -0.40472928371952654                               0.11343062336807667                                
parent#2: 0.10293329530858125                                0.35607264777945324                                0.5218977969483999                                 0.6175344961345101                                 -0.4124178299107178                                -0.19698318561817274                               
son     : 0.10336240951308825                                -0.264820031890201                                 0.497392656941362                                  -0.042721655836471695                              -0.8142665830658435                                -0.08325803057363186                               
61  :
parent#1: 7.947666652668812E-4                               -0.6218295008677601                                -0.02274557528876888                               -0.6604072831090612                                -0.40472928371952654                               0.11343062336807667                                
parent#2: -0.37220527354127375                               -0.3761116468098133                                -0.13179808138913535                               0.3946195767254984                                 -0.48639795864464486                               -0.5570681688227478                                
son     : -0.2493147771282554                                -0.669882704485284                                 -0.10373970743401807                               -0.17841391547539132                               -0.5981822961651182                                -0.2977982413612293                                
62  :
parent#1: 7.947666652668812E-4                               -0.6218295008677601                                -0.02274557528876888                               -0.6604072831090612                                -0.40472928371952654                               0.11343062336807667                                
parent#2: 7.947666652668812E-4                               -0.6218295008677601                                -0.02274557528876888                               -0.6604072831090612                                -0.40472928371952654                               0.11343062336807667                                
son     : 7.947666652668812E-4                               -0.6218295008677601                                -0.02274557528876888                               -0.6604072831090612                                -0.40472928371952654                               0.11343062336807667                                
63  :
parent#1: 7.947666652668812E-4                               -0.6218295008677601                                -0.02274557528876888                               -0.6604072831090612                                -0.40472928371952654                               0.11343062336807667                                
parent#2: 0.013956564746250864                               -0.47575194429547063                               0.48210372954016045                                0.42298555936036536                                0.39786030280502827                                -0.4514772328562326                                
son     : 0.011711078849108316                               -0.8713696743053739                                0.3646843403042634                                 -0.18848905564830712                               -0.005453282477261678                              -0.2683751308914695                                
64  :
parent#1: 7.947666652668812E-4                               -0.6218295008677601                                -0.02274557528876888                               -0.6604072831090612                                -0.40472928371952654                               0.11343062336807667                                
parent#2: 0.036737909617562646                               -0.44327403320771847                               0.3313750977472726                                 0.4200404143050969                                 -0.4772777021394653                                0.5367690820684015                                 
son     : 0.023787379922557545                               -0.675039057459989                                 0.19560256376912094                                -0.15233920400318426                               -0.5589965156994657                                0.4120821894554894                                 
65  :
parent#1: 7.947666652668812E-4                               -0.6218295008677601                                -0.02274557528876888                               -0.6604072831090612                                -0.40472928371952654                               0.11343062336807667                                
parent#2: 0.10241052381088                                   -0.26378742721331977                               0.5129793202443849                                 0.6256697373690031                                 0.45033223619819107                                -0.25003750046724355                               
son     : 0.10037233431762975                                -0.8613069928159474                                0.47677696671801273                                -0.03378400989240871                               0.04435116427599621                                -0.13285705679452536                               
66  :
parent#1: 0.013956564746250864                               -0.47575194429547063                               0.48210372954016045                                0.42298555936036536                                0.39786030280502827                                -0.4514772328562326                                
parent#2: -0.08680378310694388                               -0.2804951546984053                                -0.10185592825828224                               -0.9072855994231784                                -0.09594480709107683                               0.2665340060466277                                 
son     : -0.07004189654444959                               -0.7271242782051132                                0.3656045866675199                                 -0.465649808817623                                 0.2902888317747102                                 -0.17782112550483647                               
67  :
parent#1: 0.013956564746250864                               -0.47575194429547063                               0.48210372954016045                                0.42298555936036536                                0.39786030280502827                                -0.4514772328562326                                
parent#2: 0.47612379543073824                                -0.5247017354946689                                0.34341953304136674                                0.5252597881744829                                 -0.059020275934295194                              -0.3172948257925076                                
son     : 0.2609333841621143                                 -0.5326713444929814                                0.4395331788691859                                 0.5048740730171087                                 0.18040852497951923                                -0.40931714717163226                               
68  :
parent#1: 0.013956564746250864                               -0.47575194429547063                               0.48210372954016045                                0.42298555936036536                                0.39786030280502827                                -0.4514772328562326                                
parent#2: 0.5807101701644389                                 0.49069622381616573                                0.14980968237652867                                0.07528365070702964                                0.45647172103247813                                0.43071558260673226                                
son     : 0.4518878727351374                                 0.011356173610720652                               0.4801916614803102                                 0.378635292960499                                  0.6492077969005889                                 -0.015776799701309456                              
69  :
parent#1: 0.013956564746250864                               -0.47575194429547063                               0.48210372954016045                                0.42298555936036536                                0.39786030280502827                                -0.4514772328562326                                
parent#2: 0.10293329530858125                                0.35607264777945324                                0.5218977969483999                                 0.6175344961345101                                 -0.4124178299107178                                -0.19698318561817274                               
son     : 0.07335188161249584                                -0.07510233638222916                               0.6300409725463569                                 0.6529574412210319                                 -0.009135283456805665                              -0.406928298348645                                 
70  :
parent#1: 0.013956564746250864                               -0.47575194429547063                               0.48210372954016045                                0.42298555936036536                                0.39786030280502827                                -0.4514772328562326                                
parent#2: -0.37220527354127375                               -0.3761116468098133                                -0.13179808138913535                               0.3946195767254984                                 -0.48639795864464486                               -0.5570681688227478                                
son     : -0.21923608262608096                               -0.5213116811331343                                0.21437519839426133                                0.5003466663518059                                 -0.05418204826602678                               -0.617195645333527                                 
71  :
parent#1: 0.013956564746250864                               -0.47575194429547063                               0.48210372954016045                                0.42298555936036536                                0.39786030280502827                                -0.4514772328562326                                
parent#2: 7.947666652668812E-4                               -0.6218295008677601                                -0.02274557528876888                               -0.6604072831090612                                -0.40472928371952654                               0.11343062336807667                                
son     : 0.011711078849108316                               -0.8713696743053739                                0.3646843403042634                                 -0.18848905564830712                               -0.005453282477261678                              -0.2683751308914695                                
72  :
parent#1: 0.013956564746250864                               -0.47575194429547063                               0.48210372954016045                                0.42298555936036536                                0.39786030280502827                                -0.4514772328562326                                
parent#2: 0.013956564746250864                               -0.47575194429547063                               0.48210372954016045                                0.42298555936036536                                0.39786030280502827                                -0.4514772328562326                                
son     : 0.013956564746250866                               -0.4757519442954707                                0.4821037295401605                                 0.4229855593603654                                 0.3978603028050283                                 -0.45147723285623265                               
73  :
parent#1: 0.013956564746250864                               -0.47575194429547063                               0.48210372954016045                                0.42298555936036536                                0.39786030280502827                                -0.4514772328562326                                
parent#2: 0.036737909617562646                               -0.44327403320771847                               0.3313750977472726                                 0.4200404143050969                                 -0.4772777021394653                                0.5367690820684015                                 
son     : 0.03392319183620457                                -0.6149840772301255                                0.5443551522936909                                 0.5641271989984454                                 -0.05314369478259461                               0.05707469698027623                                
74  :
parent#1: 0.013956564746250864                               -0.47575194429547063                               0.48210372954016045                                0.42298555936036536                                0.39786030280502827                                -0.4514772328562326                                
parent#2: 0.10241052381088                                   -0.26378742721331977                               0.5129793202443849                                 0.6256697373690031                                 0.45033223619819107                                -0.25003750046724355                               
son     : 0.05921485869714221                                -0.3763239239535211                                0.5063605433076067                                 0.533621455926974                                  0.4316134567583295                                 -0.35697460787908913                               
75  :
parent#1: 0.036737909617562646                               -0.44327403320771847                               0.3313750977472726                                 0.4200404143050969                                 -0.4772777021394653                                0.5367690820684015                                 
parent#2: -0.36930691458676607                               -0.6965606335373808                                -0.0764299504974397                                0.5996430248266065                                 0.07615793973863709                                -0.0848667208211112                                
son     : -0.19597873495990917                               -0.6716902438723655                                0.15023597116880077                                0.6008866354791722                                 -0.23637483478056887                               0.26630038205406714                                
76  :
parent#1: 0.036737909617562646                               -0.44327403320771847                               0.3313750977472726                                 0.4200404143050969                                 -0.4772777021394653                                0.5367690820684015                                 
parent#2: -0.08680378310694388                               -0.2804951546984053                                -0.10185592825828224                               -0.9072855994231784                                -0.09594480709107683                               0.2665340060466277                                 
son     : -0.0374176960393913                                -0.5409228599894969                                0.17153557744226855                                -0.36415208529762627                               -0.42840889648863856                               0.6003640540690387                                 
77  :
parent#1: 0.036737909617562646                               -0.44327403320771847                               0.3313750977472726                                 0.4200404143050969                                 -0.4772777021394653                                0.5367690820684015                                 
parent#2: 0.47612379543073824                                -0.5247017354946689                                0.34341953304136674                                0.5252597881744829                                 -0.059020275934295194                              -0.3172948257925076                                
son     : 0.301958851639531                                  -0.5699174819549798                                0.3973004999198934                                 0.556566732874835                                  -0.3157574839410241                                0.12922039945109098                                
78  :
parent#1: 0.036737909617562646                               -0.44327403320771847                               0.3313750977472726                                 0.4200404143050969                                 -0.4772777021394653                                0.5367690820684015                                 
parent#2: 0.5807101701644389                                 0.49069622381616573                                0.14980968237652867                                0.07528365070702964                                0.45647172103247813                                0.43071558260673226                                
son     : 0.4606237461517839                                 0.03537752857940569                                0.35896967416289094                                0.36951775194696496                                -0.015521513911335405                              0.7217552781837204                                 
79  :
parent#1: 0.036737909617562646                               -0.44327403320771847                               0.3313750977472726                                 0.4200404143050969                                 -0.4772777021394653                                0.5367690820684015                                 
parent#2: 0.10293329530858125                                0.35607264777945324                                0.5218977969483999                                 0.6175344961345101                                 -0.4124178299107178                                -0.19698318561817274                               
son     : 0.08439754394067231                                -0.05269219781028707                               0.5155975897934202                                 0.6269636904891811                                 -0.5376062861327119                                0.20531859191193302                                
80  :
parent#1: 0.036737909617562646                               -0.44327403320771847                               0.3313750977472726                                 0.4200404143050969                                 -0.4772777021394653                                0.5367690820684015                                 
parent#2: -0.37220527354127375                               -0.3761116468098133                                -0.13179808138913535                               0.3946195767254984                                 -0.48639795864464486                               -0.5570681688227478                                
son     : -0.2158019883415077                                -0.5271006302912783                                0.1283854156589313                                 0.5240606532641945                                 -0.6199205826794535                                -0.01305815037226957                               
81  :
parent#1: 0.036737909617562646                               -0.44327403320771847                               0.3313750977472726                                 0.4200404143050969                                 -0.4772777021394653                                0.5367690820684015                                 
parent#2: 7.947666652668812E-4                               -0.6218295008677601                                -0.02274557528876888                               -0.6604072831090612                                -0.40472928371952654                               0.11343062336807667                                
son     : 0.023787379922557545                               -0.675039057459989                                 0.19560256376912094                                -0.15233920400318426                               -0.5589965156994657                                0.4120821894554894                                 
82  :
parent#1: 0.036737909617562646                               -0.44327403320771847                               0.3313750977472726                                 0.4200404143050969                                 -0.4772777021394653                                0.5367690820684015                                 
parent#2: 0.013956564746250864                               -0.47575194429547063                               0.48210372954016045                                0.42298555936036536                                0.39786030280502827                                -0.4514772328562326                                
son     : 0.03392319183620457                                -0.6149840772301255                                0.5443551522936909                                 0.5641271989984454                                 -0.05314369478259461                               0.05707469698027623                                
83  :
parent#1: 0.036737909617562646                               -0.44327403320771847                               0.3313750977472726                                 0.4200404143050969                                 -0.4772777021394653                                0.5367690820684015                                 
parent#2: 0.10241052381088                                   -0.26378742721331977                               0.5129793202443849                                 0.6256697373690031                                 0.45033223619819107                                -0.25003750046724355                               
son     : 0.08965787994220908                                -0.45558279003401614                               0.544045126285236                                  0.6737852013358094                                 -0.01736184368609522                               0.184750522053535                                  
84  :
parent#1: 0.10241052381088                                   -0.26378742721331977                               0.5129793202443849                                 0.6256697373690031                                 0.45033223619819107                                -0.25003750046724355                               
parent#2: -0.36930691458676607                               -0.6965606335373808                                -0.0764299504974397                                0.5996430248266065                                 0.07615793973863709                                -0.0848667208211112                                
son     : -0.15220634017555035                               -0.5476696900869359                                0.2489564646489366                                 0.6987744216473623                                 0.30024813218630597                                -0.19099001557666861                               
85  :
parent#1: 0.10241052381088                                   -0.26378742721331977                               0.5129793202443849                                 0.6256697373690031                                 0.45033223619819107                                -0.25003750046724355                               
parent#2: -0.08680378310694388                               -0.2804951546984053                                -0.10185592825828224                               -0.9072855994231784                                -0.09594480709107683                               0.2665340060466277                                 
son     : 0.019057005518824163                               -0.6646100146121874                                0.5020126174083793                                 -0.3438741720108998                                0.43273373476326726                                0.020143475427149886                               
86  :
parent#1: 0.10241052381088                                   -0.26378742721331977                               0.5129793202443849                                 0.6256697373690031                                 0.45033223619819107                                -0.25003750046724355                               
parent#2: 0.47612379543073824                                -0.5247017354946689                                0.34341953304136674                                0.5252597881744829                                 -0.059020275934295194                              -0.3172948257925076                                
son     : 0.30970602000675895                                -0.42210087159715354                               0.4584548773824969                                 0.6161255967175792                                 0.2094805195882595                                 -0.3037092717635337                                
87  :
parent#1: 0.10241052381088                                   -0.26378742721331977                               0.5129793202443849                                 0.6256697373690031                                 0.45033223619819107                                -0.25003750046724355                               
parent#2: 0.5807101701644389                                 0.49069622381616573                                0.14980968237652867                                0.07528365070702964                                0.45647172103247813                                0.43071558260673226                                
son     : 0.450074147203415                                  0.14949888654327434                                0.43667861003371583                                0.46182321974726054                                0.5974478907324993                                 0.1190397750418859                                 
88  :
parent#1: 0.10241052381088                                   -0.26378742721331977                               0.5129793202443849                                 0.6256697373690031                                 0.45033223619819107                                -0.25003750046724355                               
parent#2: 0.10293329530858125                                0.35607264777945324                                0.5218977969483999                                 0.6175344961345101                                 -0.4124178299107178                                -0.19698318561817274                               
son     : 0.12124283873946029                                0.05448872122430894                                0.6110310014345638                                 0.7340352928528713                                 0.022386114503598613                               -0.26393809752182823                               
89  :
parent#1: 0.10241052381088                                   -0.26378742721331977                               0.5129793202443849                                 0.6256697373690031                                 0.45033223619819107                                -0.25003750046724355                               
parent#2: -0.37220527354127375                               -0.3761116468098133                                -0.13179808138913535                               0.3946195767254984                                 -0.48639795864464486                               -0.5570681688227478                                
son     : -0.1770804789413683                                -0.41999940553101556                               0.2501892879954272                                 0.6696695194371336                                 -0.02367182982829194                               -0.5297458850366366                                
90  :
parent#1: 0.10241052381088                                   -0.26378742721331977                               0.5129793202443849                                 0.6256697373690031                                 0.45033223619819107                                -0.25003750046724355                               
parent#2: 7.947666652668812E-4                               -0.6218295008677601                                -0.02274557528876888                               -0.6604072831090612                                -0.40472928371952654                               0.11343062336807667                                
son     : 0.10037233431762975                                -0.8613069928159474                                0.47677696671801273                                -0.03378400989240871                               0.04435116427599621                                -0.13285705679452536                               
91  :
parent#1: 0.10241052381088                                   -0.26378742721331977                               0.5129793202443849                                 0.6256697373690031                                 0.45033223619819107                                -0.25003750046724355                               
parent#2: 0.013956564746250864                               -0.47575194429547063                               0.48210372954016045                                0.42298555936036536                                0.39786030280502827                                -0.4514772328562326                                
son     : 0.05921485869714221                                -0.3763239239535211                                0.5063605433076067                                 0.533621455926974                                  0.4316134567583295                                 -0.35697460787908913                               
92  :
parent#1: 0.10241052381088                                   -0.26378742721331977                               0.5129793202443849                                 0.6256697373690031                                 0.45033223619819107                                -0.25003750046724355                               
parent#2: 0.036737909617562646                               -0.44327403320771847                               0.3313750977472726                                 0.4200404143050969                                 -0.4772777021394653                                0.5367690820684015                                 
son     : 0.08965787994220908                                -0.45558279003401614                               0.544045126285236                                  0.6737852013358094                                 -0.01736184368609522                               0.184750522053535                                  
93  :
parent#1: 0.10241052381088                                   -0.26378742721331977                               0.5129793202443849                                 0.6256697373690031                                 0.45033223619819107                                -0.25003750046724355                               
parent#2: 0.10241052381088                                   -0.26378742721331977                               0.5129793202443849                                 0.6256697373690031                                 0.45033223619819107                                -0.25003750046724355                               
son     : 0.10241052381088                                   -0.26378742721331977                               0.5129793202443849                                 0.6256697373690031                                 0.45033223619819107                                -0.25003750046724355                               

0   :
parent#1: -0.36930691458676607                               -0.6965606335373808                                -0.0764299504974397                                0.5996430248266065                                 0.07615793973863709                                -0.0848667208211112                                
parent#2: 0.47612379543073824                                -0.5247017354946689                                0.34341953304136674                                0.5252597881744829                                 -0.059020275934295194                              -0.3172948257925076                                
son:      0.06593413716523328                                -0.6516290869455273                                0.16480286278770384                                0.6943611888303522                                 0.010578450400715826                               -0.2482395513471038                                
mutated:  0.06593413716523328                                -0.6516290869455273                                0.16480286278770384                                0.6943611888303522                                 0.010578450400715826                               -0.2482395513471038                                
1   :
parent#1: 0.47612379543073824                                -0.5247017354946689                                0.34341953304136674                                0.5252597881744829                                 -0.059020275934295194                              -0.3172948257925076                                
parent#2: 0.47612379543073824                                -0.5247017354946689                                0.34341953304136674                                0.5252597881744829                                 -0.059020275934295194                              -0.3172948257925076                                
son:      0.47612379543073824                                -0.5247017354946689                                0.34341953304136674                                0.5252597881744829                                 -0.059020275934295194                              -0.3172948257925076                                
mutated:  0.47612379543073824                                -0.5247017354946689                                0.34341953304136674                                0.5252597881744829                                 -0.059020275934295194                              -0.3172948257925076                                
2   :
parent#1: 0.5807101701644389                                 0.49069622381616573                                0.14980968237652867                                0.07528365070702964                                0.45647172103247813                                0.43071558260673226                                
parent#2: 0.036737909617562646                               -0.44327403320771847                               0.3313750977472726                                 0.4200404143050969                                 -0.4772777021394653                                0.5367690820684015                                 
son:      0.4606237461517839                                 0.03537752857940569                                0.35896967416289094                                0.36951775194696496                                -0.015521513911335405                              0.7217552781837204                                 
mutated:  0.4606237461517839                                 0.03537752857940569                                0.35896967416289094                                0.36951775194696496                                -0.015521513911335405                              0.7217552781837204                                 
3   :
parent#1: -0.37220527354127375                               -0.3761116468098133                                -0.13179808138913535                               0.3946195767254984                                 -0.48639795864464486                               -0.5570681688227478                                
parent#2: 0.10293329530858125                                0.35607264777945324                                0.5218977969483999                                 0.6175344961345101                                 -0.4124178299107178                                -0.19698318561817274                               
son:      -0.1661664393006902                                -0.012365969670811586                              0.2407286533568647                                 0.6245953976150475                                 -0.5546548889035258                                -0.4653214546856177                                
mutated:  -0.1661664393006902                                -0.012365969670811586                              0.2407286533568647                                 0.6245953976150475                                 -0.5546548889035258                                -0.4653214546856177                                
4   :
parent#1: 0.013956564746250864                               -0.47575194429547063                               0.48210372954016045                                0.42298555936036536                                0.39786030280502827                                -0.4514772328562326                                
parent#2: -0.36930691458676607                               -0.6965606335373808                                -0.0764299504974397                                0.5996430248266065                                 0.07615793973863709                                -0.0848667208211112                                
son:      -0.1979279422605069                                -0.6529708394003426                                0.22595778040180933                                0.5695977827396118                                 0.26402522294608                                   -0.2987402577283681                                
mutated:  -0.1979279422605069                                -0.6529708394003426                                0.22595778040180933                                0.5695977827396118                                 0.26402522294608                                   -0.2987402577283681                                
5   :
parent#1: 0.036737909617562646                               -0.44327403320771847                               0.3313750977472726                                 0.4200404143050969                                 -0.4772777021394653                                0.5367690820684015                                 
parent#2: 0.036737909617562646                               -0.44327403320771847                               0.3313750977472726                                 0.4200404143050969                                 -0.4772777021394653                                0.5367690820684015                                 
son:      0.036737909617562646                               -0.44327403320771847                               0.3313750977472726                                 0.4200404143050969                                 -0.4772777021394653                                0.5367690820684015                                 
mutated:  0.036737909617562646                               -0.44327403320771847                               0.3313750977472726                                 0.4200404143050969                                 -0.4772777021394653                                0.5367690820684015                                 

