0   :
parent#1: -0.3893323948951678                                0.07036580633290221                                -0.42800963350444765                               -0.040592553105442714                              -0.5832371946222404                                0.5643255378354436                                 
parent#2: -0.3893323948951678                                0.07036580633290221                                -0.42800963350444765                               -0.040592553105442714                              -0.5832371946222404                                0.5643255378354436                                 
son     : -0.3893323948951678                                0.07036580633290221                                -0.42800963350444765                               -0.040592553105442714                              -0.5832371946222404                                0.5643255378354436                                 
1   :
parent#1: -0.3893323948951678                                0.07036580633290221                                -0.42800963350444765                               -0.040592553105442714                              -0.5832371946222404                                0.5643255378354436                                 
parent#2: 0.3038735900869655                                 -0.5221975628325886                                -0.02918447314908652                               0.5328329040610401                                 0.46610157754066306                                0.36463300578850194                                
son     : -0.06813339270640559                               -0.3602300613951887                                -0.3645052804282813                                0.39244645666256345                                -0.17373970906920266                               0.7406269886730977                                 
2   :
parent#1: -0.3893323948951678                                0.07036580633290221                                -0.42800963350444765                               -0.040592553105442714                              -0.5832371946222404                                0.5643255378354436                                 
parent#2: 0.49074531506549035                                -0.4601237602946077                                0.337391303423094                                  0.4698898758384546                                 -0.43895479156661493                               -0.14193119767450682                               
son     : 0.08073097190578297                                -0.31027149576692664                               -0.0721378089464344                                0.3417472846909384                                 -0.8137281953890364                                0.3362520825889148                                 
3   :
parent#1: -0.3893323948951678                                0.07036580633290221                                -0.42800963350444765                               -0.040592553105442714                              -0.5832371946222404                                0.5643255378354436                                 
parent#2: 0.3038735900869655                                 -0.5221975628325886                                -0.02918447314908652                               0.5328329040610401                                 0.46610157754066306                                0.36463300578850194                                
son     : -0.07361750421957255                               -0.3892252684238337                                -0.39384460327135107                               0.42403478722697413                                -0.10090512971856595                               0.7056792727470192                                 
4   :
parent#1: -0.3893323948951678                                0.07036580633290221                                -0.42800963350444765                               -0.040592553105442714                              -0.5832371946222404                                0.5643255378354436                                 
parent#2: -0.31804393017868704                               0.06382250409050676                                -0.6551511177669819                                -0.37866509305000706                               0.04910216239145787                                -0.5654674918071759                                
son     : -0.5289845785537385                                0.07783750710132817                                -0.747647506966875                                 -0.24319532682794706                               -0.30983130522432495                               -6.624038271563134E-4                              
5   :
parent#1: -0.3893323948951678                                0.07036580633290221                                -0.42800963350444765                               -0.040592553105442714                              -0.5832371946222404                                0.5643255378354436                                 
parent#2: 0.04993849713607218                                0.5669548658757171                                 0.26857884685129363                                -0.1582391697671452                                0.5085053286340128                                 -0.5659650391056736                                
son     : -0.44114137788000096                               0.8283841322600329                                 -0.2072268162893921                                -0.25843982691912515                               -0.09713586057752516                               -0.002131010174787129                              
6   :
parent#1: -0.3893323948951678                                0.07036580633290221                                -0.42800963350444765                               -0.040592553105442714                              -0.5832371946222404                                0.5643255378354436                                 
parent#2: -0.5486675904209117                                -0.4396946945582634                                -0.4142037456043244                                -0.02319317475356984                               -0.5210212181250907                                0.24913184227366647                                
son     : -0.4936336560321531                                -0.19436372305649988                               -0.44322481449566614                               -0.03356799844203214                               -0.5811291322195964                                0.4280916277778894                                 
7   :
parent#1: -0.3893323948951678                                0.07036580633290221                                -0.42800963350444765                               -0.040592553105442714                              -0.5832371946222404                                0.5643255378354436                                 
parent#2: -0.5210318498880145                                0.023196713829168145                               -0.7912767164555539                                0.19738329583682027                                0.18320357949891708                                0.17130430481601044                                
son     : -0.5212783738974871                                0.05357429034292833                                -0.6981684632989154                                0.08977903501983145                                -0.2290609210442834                                0.42122472446085935                                
8   :
parent#1: -0.3893323948951678                                0.07036580633290221                                -0.42800963350444765                               -0.040592553105442714                              -0.5832371946222404                                0.5643255378354436                                 
parent#2: -0.2669632186820971                                -0.3527159894618843                                0.2231659609812442                                 -0.5358675242631691                                -0.4261461591123898                                0.5345694267557359                                 
son     : -0.37208305414291304                               -0.16007682559967945                               -0.11613495156373022                               -0.3268207523278247                                -0.5722641341627398                                0.6230122313002742                                 
9   :
parent#1: -0.3893323948951678                                0.07036580633290221                                -0.42800963350444765                               -0.040592553105442714                              -0.5832371946222404                                0.5643255378354436                                 
parent#2: 0.4562679024283958                                 0.3696120064952238                                 -0.390067794932643                                 0.48058435982028735                                -0.460484490391924                                 0.24504364596774741                                
son     : 0.03996354297622555                                0.2626867693923733                                 -0.4884294401293097                                0.2626951243793435                                 -0.6231493261416758                                0.48323022193407045                                
10  :
parent#1: 0.3038735900869655                                 -0.5221975628325886                                -0.02918447314908652                               0.5328329040610401                                 0.46610157754066306                                0.36463300578850194                                
parent#2: 0.3038735900869655                                 -0.5221975628325886                                -0.02918447314908652                               0.5328329040610401                                 0.46610157754066306                                0.36463300578850194                                
son     : 0.3038735900869655                                 -0.5221975628325886                                -0.02918447314908652                               0.5328329040610401                                 0.46610157754066306                                0.36463300578850194                                
11  :
parent#1: 0.3038735900869655                                 -0.5221975628325886                                -0.02918447314908652                               0.5328329040610401                                 0.46610157754066306                                0.36463300578850194                                
parent#2: 0.49074531506549035                                -0.4601237602946077                                0.337391303423094                                  0.4698898758384546                                 -0.43895479156661493                               -0.14193119767450682                               
son     : 0.4794215593520232                                 -0.5926690360179981                                0.18595203086007564                                0.604977953104424                                  0.016378611657341287                               0.13436384086034553                                
12  :
parent#1: 0.3038735900869655                                 -0.5221975628325886                                -0.02918447314908652                               0.5328329040610401                                 0.46610157754066306                                0.36463300578850194                                
parent#2: 0.3038735900869655                                 -0.5221975628325886                                -0.02918447314908652                               0.5328329040610401                                 0.46610157754066306                                0.36463300578850194                                
son     : 0.3038735900869655                                 -0.5221975628325886                                -0.02918447314908652                               0.5328329040610401                                 0.46610157754066306                                0.36463300578850194                                
13  :
parent#1: 0.3038735900869655                                 -0.5221975628325886                                -0.02918447314908652                               0.5328329040610401                                 0.46610157754066306                                0.36463300578850194                                
parent#2: -0.31804393017868704                               0.06382250409050676                                -0.6551511177669819                                -0.37866509305000706                               0.04910216239145787                                -0.5654674918071759                                
son     : -0.014112870996804121                              -0.45651607726470655                               -0.6815602060787852                                0.1535425695202253                                 0.5131142846021635                                 -0.20001998360977008                               
14  :
parent#1: 0.3038735900869655                                 -0.5221975628325886                                -0.02918447314908652                               0.5328329040610401                                 0.46610157754066306                                0.36463300578850194                                
parent#2: 0.04993849713607218                                0.5669548658757171                                 0.26857884685129363                                -0.1582391697671452                                0.5085053286340128                                 -0.5659650391056736                                
son     : 0.3085142216779976                                 0.03902711357640123                                0.20874518294868222                                0.3266352353538551                                 0.8498299011218834                                 -0.17555588913088863                               
15  :
parent#1: 0.3038735900869655                                 -0.5221975628325886                                -0.02918447314908652                               0.5328329040610401                                 0.46610157754066306                                0.36463300578850194                                
parent#2: -0.5486675904209117                                -0.4396946945582634                                -0.4142037456043244                                -0.02319317475356984                               -0.5210212181250907                                0.24913184227366647                                
son     : -0.18139309527781686                               -0.712765074527431                                 -0.328552012302917                                 0.37764458217733177                                -0.04069561992354549                               0.45480161037785416                                
16  :
parent#1: 0.3038735900869655                                 -0.5221975628325886                                -0.02918447314908652                               0.5328329040610401                                 0.46610157754066306                                0.36463300578850194                                
parent#2: -0.5210318498880145                                0.023196713829168145                               -0.7912767164555539                                0.19738329583682027                                0.18320357949891708                                0.17130430481601044                                
son     : -0.1460315998955669                                -0.3355612280001503                                -0.5517324566882854                                0.4910457471819846                                 0.4366358018792439                                 0.36039975169724703                                
17  :
parent#1: 0.3038735900869655                                 -0.5221975628325886                                -0.02918447314908652                               0.5328329040610401                                 0.46610157754066306                                0.36463300578850194                                
parent#2: -0.2669632186820971                                -0.3527159894618843                                0.2231659609812442                                 -0.5358675242631691                                -0.4261461591123898                                0.5345694267557359                                 
son     : 0.029047660268896398                               -0.6885379546289551                                0.15265921589345938                                -0.002388180159708318                              0.03144404611038408                                0.7076527756116023                                 
18  :
parent#1: 0.3038735900869655                                 -0.5221975628325886                                -0.02918447314908652                               0.5328329040610401                                 0.46610157754066306                                0.36463300578850194                                
parent#2: 0.4562679024283958                                 0.3696120064952238                                 -0.390067794932643                                 0.48058435982028735                                -0.460484490391924                                 0.24504364596774741                                
son     : 0.5153505639023722                                 -0.10344791499489026                               -0.28423904615218926                               0.6870630843758171                                 0.0038081976291182845                              0.41334042329539566                                
19  :
parent#1: 0.49074531506549035                                -0.4601237602946077                                0.337391303423094                                  0.4698898758384546                                 -0.43895479156661493                               -0.14193119767450682                               
parent#2: -0.3893323948951678                                0.07036580633290221                                -0.42800963350444765                               -0.040592553105442714                              -0.5832371946222404                                0.5643255378354436                                 
son     : 0.08073097190578297                                -0.31027149576692664                               -0.0721378089464344                                0.3417472846909384                                 -0.8137281953890364                                0.3362520825889148                                 
20  :
parent#1: 0.49074531506549035                                -0.4601237602946077                                0.337391303423094                                  0.4698898758384546                                 -0.43895479156661493                               -0.14193119767450682                               
parent#2: 0.3038735900869655                                 -0.5221975628325886                                -0.02918447314908652                               0.5328329040610401                                 0.46610157754066306                                0.36463300578850194                                
son     : 0.4794215593520232                                 -0.5926690360179981                                0.18595203086007564                                0.604977953104424                                  0.016378611657341287                               0.13436384086034553                                
21  :
parent#1: 0.49074531506549035                                -0.4601237602946077                                0.337391303423094                                  0.4698898758384546                                 -0.43895479156661493                               -0.14193119767450682                               
parent#2: 0.49074531506549035                                -0.4601237602946077                                0.337391303423094                                  0.4698898758384546                                 -0.43895479156661493                               -0.14193119767450682                               
son     : 0.4907453150654904                                 -0.4601237602946078                                0.33739130342309404                                0.46988987583845465                                -0.438954791566615                                 -0.14193119767450685                               
22  :
parent#1: 0.49074531506549035                                -0.4601237602946077                                0.337391303423094                                  0.4698898758384546                                 -0.43895479156661493                               -0.14193119767450682                               
parent#2: 0.3038735900869655                                 -0.5221975628325886                                -0.02918447314908652                               0.5328329040610401                                 0.46610157754066306                                0.36463300578850194                                
son     : 0.4794215593520232                                 -0.5926690360179981                                0.18595203086007564                                0.604977953104424                                  0.016378611657341287                               0.13436384086034553                                
23  :
parent#1: 0.49074531506549035                                -0.4601237602946077                                0.337391303423094                                  0.4698898758384546                                 -0.43895479156661493                               -0.14193119767450682                               
parent#2: -0.31804393017868704                               0.06382250409050676                                -0.6551511177669819                                -0.37866509305000706                               0.04910216239145787                                -0.5654674918071759                                
son     : 0.17732123196883076                                -0.4069025099420392                                -0.32626004583910373                               0.09366509064614092                                -0.4002813789648364                                -0.7263219527408282                                
24  :
parent#1: 0.49074531506549035                                -0.4601237602946077                                0.337391303423094                                  0.4698898758384546                                 -0.43895479156661493                               -0.14193119767450682                               
parent#2: 0.04993849713607218                                0.5669548658757171                                 0.26857884685129363                                -0.1582391697671452                                0.5085053286340128                                 -0.5659650391056736                                
son     : 0.4790194661698195                                 0.09464714498742441                                0.5368599749960179                                 0.2761073135255492                                 0.061618380994600964                               -0.6271615125027157                                
25  :
parent#1: 0.49074531506549035                                -0.4601237602946077                                0.337391303423094                                  0.4698898758384546                                 -0.43895479156661493                               -0.14193119767450682                               
parent#2: -0.5486675904209117                                -0.4396946945582634                                -0.4142037456043244                                -0.02319317475356984                               -0.5210212181250907                                0.24913184227366647                                
son     : -0.04146292848688343                               -0.6441236642691818                                -0.054985215575878245                              0.31976218576979243                                -0.6871866893130504                                0.07673822607085715                                
26  :
parent#1: 0.49074531506549035                                -0.4601237602946077                                0.337391303423094                                  0.4698898758384546                                 -0.43895479156661493                               -0.14193119767450682                               
parent#2: -0.5210318498880145                                0.023196713829168145                               -0.7912767164555539                                0.19738329583682027                                0.18320357949891708                                0.17130430481601044                                
son     : -0.03176009544448311                               -0.458185288588981                                 -0.47596874727473787                               0.699738670803259                                  -0.26819452779627534                               0.030802225866439777                               
27  :
parent#1: 0.49074531506549035                                -0.4601237602946077                                0.337391303423094                                  0.4698898758384546                                 -0.43895479156661493                               -0.14193119767450682                               
parent#2: -0.2669632186820971                                -0.3527159894618843                                0.2231659609812442                                 -0.5358675242631691                                -0.4261461591123898                                0.5345694267557359                                 
son     : 0.16100144646379463                                -0.5848027057082112                                0.40329647390676454                                -0.047468036998186885                              -0.6224023576841409                                0.2824860605057404                                 
28  :
parent#1: 0.49074531506549035                                -0.4601237602946077                                0.337391303423094                                  0.4698898758384546                                 -0.43895479156661493                               -0.14193119767450682                               
parent#2: 0.4562679024283958                                 0.3696120064952238                                 -0.390067794932643                                 0.48058435982028735                                -0.460484490391924                                 0.24504364596774741                                
son     : 0.583861720851861                                  -0.055803179252848646                              -0.032476618502320205                              0.5859955411452883                                 -0.5545309793624555                                0.06357188093008709                                
29  :
parent#1: 0.3038735900869655                                 -0.5221975628325886                                -0.02918447314908652                               0.5328329040610401                                 0.46610157754066306                                0.36463300578850194                                
parent#2: -0.3893323948951678                                0.07036580633290221                                -0.42800963350444765                               -0.040592553105442714                              -0.5832371946222404                                0.5643255378354436                                 
son     : -0.06887659019462261                               -0.36415944266000866                               -0.36848129568446375                               0.39672725362959704                                -0.09440691234834225                               0.7487057309142108                                 
30  :
parent#1: 0.3038735900869655                                 -0.5221975628325886                                -0.02918447314908652                               0.5328329040610401                                 0.46610157754066306                                0.36463300578850194                                
parent#2: 0.3038735900869655                                 -0.5221975628325886                                -0.02918447314908652                               0.5328329040610401                                 0.46610157754066306                                0.36463300578850194                                
son     : 0.3038735900869655                                 -0.5221975628325886                                -0.02918447314908652                               0.5328329040610401                                 0.46610157754066306                                0.36463300578850194                                
31  :
parent#1: 0.3038735900869655                                 -0.5221975628325886                                -0.02918447314908652                               0.5328329040610401                                 0.46610157754066306                                0.36463300578850194                                
parent#2: 0.49074531506549035                                -0.4601237602946077                                0.337391303423094                                  0.4698898758384546                                 -0.43895479156661493                               -0.14193119767450682                               
son     : 0.4794215593520232                                 -0.5926690360179981                                0.18595203086007564                                0.604977953104424                                  0.016378611657341287                               0.13436384086034553                                
32  :
parent#1: 0.3038735900869655                                 -0.5221975628325886                                -0.02918447314908652                               0.5328329040610401                                 0.46610157754066306                                0.36463300578850194                                
parent#2: 0.3038735900869655                                 -0.5221975628325886                                -0.02918447314908652                               0.5328329040610401                                 0.46610157754066306                                0.36463300578850194                                
son     : 0.3038735900869655                                 -0.5221975628325886                                -0.02918447314908652                               0.5328329040610401                                 0.46610157754066306                                0.36463300578850194                                
33  :
parent#1: 0.3038735900869655                                 -0.5221975628325886                                -0.02918447314908652                               0.5328329040610401                                 0.46610157754066306                                0.36463300578850194                                
parent#2: -0.31804393017868704                               0.06382250409050676                                -0.6551511177669819                                -0.37866509305000706                               0.04910216239145787                                -0.5654674918071759                                
son     : -0.014112870996804121                              -0.45651607726470655                               -0.6815602060787852                                0.1535425695202253                                 0.5131142846021635                                 -0.20001998360977008                               
34  :
parent#1: 0.3038735900869655                                 -0.5221975628325886                                -0.02918447314908652                               0.5328329040610401                                 0.46610157754066306                                0.36463300578850194                                
parent#2: 0.04993849713607218                                0.5669548658757171                                 0.26857884685129363                                -0.1582391697671452                                0.5085053286340128                                 -0.5659650391056736                                
son     : 0.3085142216779976                                 0.03902711357640123                                0.20874518294868222                                0.3266352353538551                                 0.8498299011218834                                 -0.17555588913088863                               
35  :
parent#1: 0.3038735900869655                                 -0.5221975628325886                                -0.02918447314908652                               0.5328329040610401                                 0.46610157754066306                                0.36463300578850194                                
parent#2: -0.5486675904209117                                -0.4396946945582634                                -0.4142037456043244                                -0.02319317475356984                               -0.5210212181250907                                0.24913184227366647                                
son     : -0.18139309527781686                               -0.712765074527431                                 -0.328552012302917                                 0.37764458217733177                                -0.04069561992354549                               0.45480161037785416                                
36  :
parent#1: 0.3038735900869655                                 -0.5221975628325886                                -0.02918447314908652                               0.5328329040610401                                 0.46610157754066306                                0.36463300578850194                                
parent#2: -0.5210318498880145                                0.023196713829168145                               -0.7912767164555539                                0.19738329583682027                                0.18320357949891708                                0.17130430481601044                                
son     : -0.1460315998955669                                -0.3355612280001503                                -0.5517324566882854                                0.4910457471819846                                 0.4366358018792439                                 0.36039975169724703                                
37  :
parent#1: 0.3038735900869655                                 -0.5221975628325886                                -0.02918447314908652                               0.5328329040610401                                 0.46610157754066306                                0.36463300578850194                                
parent#2: -0.2669632186820971                                -0.3527159894618843                                0.2231659609812442                                 -0.5358675242631691                                -0.4261461591123898                                0.5345694267557359                                 
son     : 0.029047660268896398                               -0.6885379546289551                                0.15265921589345938                                -0.002388180159708318                              0.03144404611038408                                0.7076527756116023                                 
38  :
parent#1: -0.31804393017868704                               0.06382250409050676                                -0.6551511177669819                                -0.37866509305000706                               0.04910216239145787                                -0.5654674918071759                                
parent#2: -0.3893323948951678                                0.07036580633290221                                -0.42800963350444765                               -0.040592553105442714                              -0.5832371946222404                                0.5643255378354436                                 
son     : -0.4821236245328936                                0.09145818470037763                                -0.7382454979677622                                -0.28575174035756806                               -0.36404825635380444                               -7.783169557503132E-4                              
39  :
parent#1: -0.31804393017868704                               0.06382250409050676                                -0.6551511177669819                                -0.37866509305000706                               0.04910216239145787                                -0.5654674918071759                                
parent#2: 0.3038735900869655                                 -0.5221975628325886                                -0.02918447314908652                               0.5328329040610401                                 0.46610157754066306                                0.36463300578850194                                
son     : -0.014112870996804121                              -0.45651607726470655                               -0.6815602060787852                                0.1535425695202253                                 0.5131142846021635                                 -0.20001998360977008                               
40  :
parent#1: -0.31804393017868704                               0.06382250409050676                                -0.6551511177669819                                -0.37866509305000706                               0.04910216239145787                                -0.5654674918071759                                
parent#2: 0.49074531506549035                                -0.4601237602946077                                0.337391303423094                                  0.4698898758384546                                 -0.43895479156661493                               -0.14193119767450682                               
son     : 0.17732123196883076                                -0.4069025099420392                                -0.32626004583910373                               0.09366509064614092                                -0.4002813789648364                                -0.7263219527408282                                
41  :
parent#1: -0.31804393017868704                               0.06382250409050676                                -0.6551511177669819                                -0.37866509305000706                               0.04910216239145787                                -0.5654674918071759                                
parent#2: 0.04993849713607218                                0.5669548658757171                                 0.26857884685129363                                -0.1582391697671452                                0.5085053286340128                                 -0.5659650391056736                                
son     : -0.16961461770128508                               0.39905592828638203                                -0.2445616532316229                                -0.3396679069366218                                0.35276562785143156                                -0.715791149801418                                 
42  :
parent#1: -0.31804393017868704                               0.06382250409050676                                -0.6551511177669819                                -0.37866509305000706                               0.04910216239145787                                -0.5654674918071759                                
parent#2: -0.5486675904209117                                -0.4396946945582634                                -0.4142037456043244                                -0.02319317475356984                               -0.5210212181250907                                0.24913184227366647                                
son     : -0.5459493717288525                                -0.23676526890314686                               -0.6735962335067036                                -0.25313413242693356                               -0.2972660520381797                                -0.19926266700456494                               
43  :
parent#1: -0.31804393017868704                               0.06382250409050676                                -0.6551511177669819                                -0.37866509305000706                               0.04910216239145787                                -0.5654674918071759                                
parent#2: -0.5210318498880145                                0.023196713829168145                               -0.7912767164555539                                0.19738329583682027                                0.18320357949891708                                0.17130430481601044                                
son     : -0.4807713083415232                                0.049860029623036525                               -0.8287702002618692                                -0.10387034031390847                               0.13310589831946454                                -0.2258465273479146                                
44  :
parent#1: -0.31804393017868704                               0.06382250409050676                                -0.6551511177669819                                -0.37866509305000706                               0.04910216239145787                                -0.5654674918071759                                
parent#2: -0.2669632186820971                                -0.3527159894618843                                0.2231659609812442                                 -0.5358675242631691                                -0.4261461591123898                                0.5345694267557359                                 
son     : -0.4636798075951914                                -0.22897852782373776                               -0.3423937549694047                                -0.724863463397116                                 -0.29884709647554736                               -0.02448997227814184                               
45  :
parent#1: -0.31804393017868704                               0.06382250409050676                                -0.6551511177669819                                -0.37866509305000706                               0.04910216239145787                                -0.5654674918071759                                
parent#2: 0.4562679024283958                                 0.3696120064952238                                 -0.390067794932643                                 0.48058435982028735                                -0.460484490391924                                 0.24504364596774741                                
son     : 0.10990429867645858                                0.3446313626556854                                 -0.831071844441693                                 0.08103779216944147                                -0.3270972864612877                                -0.25477460590248857                               
46  :
parent#1: 0.04993849713607218                                0.5669548658757171                                 0.26857884685129363                                -0.1582391697671452                                0.5085053286340128                                 -0.5659650391056736                                
parent#2: -0.3893323948951678                                0.07036580633290221                                -0.42800963350444765                               -0.040592553105442714                              -0.5832371946222404                                0.5643255378354436                                 
son     : -0.44114137788000096                               0.8283841322600329                                 -0.2072268162893921                                -0.25843982691912515                               -0.09713586057752516                               -0.002131010174787129                              
47  :
parent#1: 0.04993849713607218                                0.5669548658757171                                 0.26857884685129363                                -0.1582391697671452                                0.5085053286340128                                 -0.5659650391056736                                
parent#2: 0.3038735900869655                                 -0.5221975628325886                                -0.02918447314908652                               0.5328329040610401                                 0.46610157754066306                                0.36463300578850194                                
son     : 0.3085142216779976                                 0.03902711357640123                                0.20874518294868222                                0.3266352353538551                                 0.8498299011218834                                 -0.17555588913088863                               
48  :
parent#1: 0.04993849713607218                                0.5669548658757171                                 0.26857884685129363                                -0.1582391697671452                                0.5085053286340128                                 -0.5659650391056736                                
parent#2: 0.49074531506549035                                -0.4601237602946077                                0.337391303423094                                  0.4698898758384546                                 -0.43895479156661493                               -0.14193119767450682                               
son     : 0.4790194661698195                                 0.09464714498742441                                0.5368599749960179                                 0.2761073135255492                                 0.061618380994600964                               -0.6271615125027157                                
49  :
parent#1: 0.04993849713607218                                0.5669548658757171                                 0.26857884685129363                                -0.1582391697671452                                0.5085053286340128                                 -0.5659650391056736                                
parent#2: 0.3038735900869655                                 -0.5221975628325886                                -0.02918447314908652                               0.5328329040610401                                 0.46610157754066306                                0.36463300578850194                                
son     : 0.3085142216779976                                 0.03902711357640123                                0.20874518294868222                                0.3266352353538551                                 0.8498299011218834                                 -0.17555588913088863                               
50  :
parent#1: 0.04993849713607218                                0.5669548658757171                                 0.26857884685129363                                -0.1582391697671452                                0.5085053286340128                                 -0.5659650391056736                                
parent#2: -0.31804393017868704                               0.06382250409050676                                -0.6551511177669819                                -0.37866509305000706                               0.04910216239145787                                -0.5654674918071759                                
son     : -0.16961461770128508                               0.39905592828638203                                -0.2445616532316229                                -0.3396679069366218                                0.35276562785143156                                -0.715791149801418                                 
51  :
parent#1: 0.04993849713607218                                0.5669548658757171                                 0.26857884685129363                                -0.1582391697671452                                0.5085053286340128                                 -0.5659650391056736                                
parent#2: 0.04993849713607218                                0.5669548658757171                                 0.26857884685129363                                -0.1582391697671452                                0.5085053286340128                                 -0.5659650391056736                                
son     : 0.04993849713607218                                0.5669548658757171                                 0.26857884685129363                                -0.1582391697671452                                0.5085053286340128                                 -0.5659650391056736                                
52  :
parent#1: 0.04993849713607218                                0.5669548658757171                                 0.26857884685129363                                -0.1582391697671452                                0.5085053286340128                                 -0.5659650391056736                                
parent#2: -0.5486675904209117                                -0.4396946945582634                                -0.4142037456043244                                -0.02319317475356984                               -0.5210212181250907                                0.24913184227366647                                
son     : -0.7699315086114099                                0.19646260265918214                                -0.22481383079103615                               -0.2800929013538772                                -0.01932186793838336                               -0.4891229817942895                                
53  :
parent#1: 0.04993849713607218                                0.5669548658757171                                 0.26857884685129363                                -0.1582391697671452                                0.5085053286340128                                 -0.5659650391056736                                
parent#2: -0.5210318498880145                                0.023196713829168145                               -0.7912767164555539                                0.19738329583682027                                0.18320357949891708                                0.17130430481601044                                
son     : -0.3873447872012586                                0.4852374518169909                                 -0.42977531712068634                               0.03218528364721235                                0.568740438091142                                  -0.32449996852453306                               
54  :
parent#1: 0.04993849713607218                                0.5669548658757171                                 0.26857884685129363                                -0.1582391697671452                                0.5085053286340128                                 -0.5659650391056736                                
parent#2: -0.2669632186820971                                -0.3527159894618843                                0.2231659609812442                                 -0.5358675242631691                                -0.4261461591123898                                0.5345694267557359                                 
son     : -0.23902853566180618                               0.23596023783018222                                0.5416020833856046                                 -0.7644811406056252                                0.09070944337049225                                -0.034578766846245404                              
55  :
parent#1: 0.04993849713607218                                0.5669548658757171                                 0.26857884685129363                                -0.1582391697671452                                0.5085053286340128                                 -0.5659650391056736                                
parent#2: 0.4562679024283958                                 0.3696120064952238                                 -0.390067794932643                                 0.48058435982028735                                -0.460484490391924                                 0.24504364596774741                                
son     : 0.4344895299140268                                 0.803878616429218                                  -0.10427698264389991                               0.27667688558805065                                0.041217478585482505                               -0.2754548053201649                                
56  :
parent#1: -0.5486675904209117                                -0.4396946945582634                                -0.4142037456043244                                -0.02319317475356984                               -0.5210212181250907                                0.24913184227366647                                
parent#2: -0.3893323948951678                                0.07036580633290221                                -0.42800963350444765                               -0.040592553105442714                              -0.5832371946222404                                0.5643255378354436                                 
son     : -0.4936336560321531                                -0.19436372305649988                               -0.44322481449566614                               -0.03356799844203214                               -0.5811291322195964                                0.4280916277778894                                 
57  :
parent#1: -0.5486675904209117                                -0.4396946945582634                                -0.4142037456043244                                -0.02319317475356984                               -0.5210212181250907                                0.24913184227366647                                
parent#2: 0.3038735900869655                                 -0.5221975628325886                                -0.02918447314908652                               0.5328329040610401                                 0.46610157754066306                                0.36463300578850194                                
son     : -0.18139309527781686                               -0.712765074527431                                 -0.328552012302917                                 0.37764458217733177                                -0.04069561992354549                               0.45480161037785416                                
58  :
parent#1: -0.5486675904209117                                -0.4396946945582634                                -0.4142037456043244                                -0.02319317475356984                               -0.5210212181250907                                0.24913184227366647                                
parent#2: 0.49074531506549035                                -0.4601237602946077                                0.337391303423094                                  0.4698898758384546                                 -0.43895479156661493                               -0.14193119767450682                               
son     : -0.04146292848688343                               -0.6441236642691818                                -0.054985215575878245                              0.31976218576979243                                -0.6871866893130504                                0.07673822607085715                                
59  :
parent#1: -0.5486675904209117                                -0.4396946945582634                                -0.4142037456043244                                -0.02319317475356984                               -0.5210212181250907                                0.24913184227366647                                
parent#2: 0.3038735900869655                                 -0.5221975628325886                                -0.02918447314908652                               0.5328329040610401                                 0.46610157754066306                                0.36463300578850194                                
son     : -0.18139309527781686                               -0.712765074527431                                 -0.328552012302917                                 0.37764458217733177                                -0.04069561992354549                               0.45480161037785416                                
60  :
parent#1: -0.5486675904209117                                -0.4396946945582634                                -0.4142037456043244                                -0.02319317475356984                               -0.5210212181250907                                0.24913184227366647                                
parent#2: -0.31804393017868704                               0.06382250409050676                                -0.6551511177669819                                -0.37866509305000706                               0.04910216239145787                                -0.5654674918071759                                
son     : -0.5459493717288525                                -0.23676526890314686                               -0.6735962335067036                                -0.25313413242693356                               -0.2972660520381797                                -0.19926266700456494                               
61  :
parent#1: -0.5486675904209117                                -0.4396946945582634                                -0.4142037456043244                                -0.02319317475356984                               -0.5210212181250907                                0.24913184227366647                                
parent#2: 0.04993849713607218                                0.5669548658757171                                 0.26857884685129363                                -0.1582391697671452                                0.5085053286340128                                 -0.5659650391056736                                
son     : -0.7699315086114099                                0.19646260265918214                                -0.22481383079103615                               -0.2800929013538772                                -0.01932186793838336                               -0.4891229817942895                                
62  :
parent#1: -0.5486675904209117                                -0.4396946945582634                                -0.4142037456043244                                -0.02319317475356984                               -0.5210212181250907                                0.24913184227366647                                
parent#2: -0.5486675904209117                                -0.4396946945582634                                -0.4142037456043244                                -0.02319317475356984                               -0.5210212181250907                                0.24913184227366647                                
son     : -0.5486675904209118                                -0.43969469455826343                               -0.41420374560432444                               -0.023193174753569842                              -0.5210212181250908                                0.2491318422736665                                 
63  :
parent#1: -0.5486675904209117                                -0.4396946945582634                                -0.4142037456043244                                -0.02319317475356984                               -0.5210212181250907                                0.24913184227366647                                
parent#2: -0.5210318498880145                                0.023196713829168145                               -0.7912767164555539                                0.19738329583682027                                0.18320357949891708                                0.17130430481601044                                
son     : -0.6083201274060395                                -0.23685541485214812                               -0.6855365167378009                                0.09905899980618334                                -0.1921112241675411                                0.2390949839983406                                 
64  :
parent#1: -0.5486675904209117                                -0.4396946945582634                                -0.4142037456043244                                -0.02319317475356984                               -0.5210212181250907                                0.24913184227366647                                
parent#2: -0.2669632186820971                                -0.3527159894618843                                0.2231659609812442                                 -0.5358675242631691                                -0.4261461591123898                                0.5345694267557359                                 
son     : -0.4592988854372953                                -0.44622314399736424                               -0.10757739969421554                               -0.3148188531923814                                -0.5333698970569406                                0.44131868899957                                   
65  :
parent#1: -0.5486675904209117                                -0.4396946945582634                                -0.4142037456043244                                -0.02319317475356984                               -0.5210212181250907                                0.24913184227366647                                
parent#2: 0.4562679024283958                                 0.3696120064952238                                 -0.390067794932643                                 0.48058435982028735                                -0.460484490391924                                 0.24504364596774741                                
son     : -0.06411280452931187                               -0.04862784472863513                               -0.5580549587040993                                0.3173672149627602                                 -0.6810313433055317                                0.34289051369270046                                
66  :
parent#1: -0.5210318498880145                                0.023196713829168145                               -0.7912767164555539                                0.19738329583682027                                0.18320357949891708                                0.17130430481601044                                
parent#2: -0.3893323948951678                                0.07036580633290221                                -0.42800963350444765                               -0.040592553105442714                              -0.5832371946222404                                0.5643255378354436                                 
son     : -0.5212783738974871                                0.05357429034292833                                -0.6981684632989154                                0.08977903501983145                                -0.2290609210442834                                0.42122472446085935                                
67  :
parent#1: -0.5210318498880145                                0.023196713829168145                               -0.7912767164555539                                0.19738329583682027                                0.18320357949891708                                0.17130430481601044                                
parent#2: 0.3038735900869655                                 -0.5221975628325886                                -0.02918447314908652                               0.5328329040610401                                 0.46610157754066306                                0.36463300578850194                                
son     : -0.1460315998955669                                -0.3355612280001503                                -0.5517324566882854                                0.4910457471819846                                 0.4366358018792439                                 0.36039975169724703                                
68  :
parent#1: -0.5210318498880145                                0.023196713829168145                               -0.7912767164555539                                0.19738329583682027                                0.18320357949891708                                0.17130430481601044                                
parent#2: 0.49074531506549035                                -0.4601237602946077                                0.337391303423094                                  0.4698898758384546                                 -0.43895479156661493                               -0.14193119767450682                               
son     : -0.03176009544448311                               -0.458185288588981                                 -0.47596874727473787                               0.699738670803259                                  -0.26819452779627534                               0.030802225866439777                               
69  :
parent#1: -0.5210318498880145                                0.023196713829168145                               -0.7912767164555539                                0.19738329583682027                                0.18320357949891708                                0.17130430481601044                                
parent#2: 0.3038735900869655                                 -0.5221975628325886                                -0.02918447314908652                               0.5328329040610401                                 0.46610157754066306                                0.36463300578850194                                
son     : -0.1460315998955669                                -0.3355612280001503                                -0.5517324566882854                                0.4910457471819846                                 0.4366358018792439                                 0.36039975169724703                                
70  :
parent#1: -0.5210318498880145                                0.023196713829168145                               -0.7912767164555539                                0.19738329583682027                                0.18320357949891708                                0.17130430481601044                                
parent#2: -0.31804393017868704                               0.06382250409050676                                -0.6551511177669819                                -0.37866509305000706                               0.04910216239145787                                -0.5654674918071759                                
son     : -0.4807713083415232                                0.049860029623036525                               -0.8287702002618692                                -0.10387034031390847                               0.13310589831946454                                -0.2258465273479146                                
71  :
parent#1: -0.5210318498880145                                0.023196713829168145                               -0.7912767164555539                                0.19738329583682027                                0.18320357949891708                                0.17130430481601044                                
parent#2: 0.04993849713607218                                0.5669548658757171                                 0.26857884685129363                                -0.1582391697671452                                0.5085053286340128                                 -0.5659650391056736                                
son     : -0.3873447872012586                                0.4852374518169909                                 -0.42977531712068634                               0.03218528364721235                                0.568740438091142                                  -0.32449996852453306                               
72  :
parent#1: -0.5210318498880145                                0.023196713829168145                               -0.7912767164555539                                0.19738329583682027                                0.18320357949891708                                0.17130430481601044                                
parent#2: -0.5486675904209117                                -0.4396946945582634                                -0.4142037456043244                                -0.02319317475356984                               -0.5210212181250907                                0.24913184227366647                                
son     : -0.6083201274060395                                -0.23685541485214812                               -0.6855365167378009                                0.09905899980618334                                -0.1921112241675411                                0.2390949839983406                                 
73  :
parent#1: -0.5210318498880145                                0.023196713829168145                               -0.7912767164555539                                0.19738329583682027                                0.18320357949891708                                0.17130430481601044                                
parent#2: -0.5210318498880145                                0.023196713829168145                               -0.7912767164555539                                0.19738329583682027                                0.18320357949891708                                0.17130430481601044                                
son     : -0.5210318498880145                                0.023196713829168145                               -0.7912767164555539                                0.19738329583682027                                0.18320357949891708                                0.17130430481601044                                
74  :
parent#1: -0.5210318498880145                                0.023196713829168145                               -0.7912767164555539                                0.19738329583682027                                0.18320357949891708                                0.17130430481601044                                
parent#2: -0.2669632186820971                                -0.3527159894618843                                0.2231659609812442                                 -0.5358675242631691                                -0.4261461591123898                                0.5345694267557359                                 
son     : -0.6001223890302871                                -0.2509557518971204                                -0.43266258560184034                               -0.25778329321387156                               -0.18502055036889598                               0.5375803060712548                                 
75  :
parent#1: -0.5210318498880145                                0.023196713829168145                               -0.7912767164555539                                0.19738329583682027                                0.18320357949891708                                0.17130430481601044                                
parent#2: 0.4562679024283958                                 0.3696120064952238                                 -0.390067794932643                                 0.48058435982028735                                -0.460484490391924                                 0.24504364596774741                                
son     : -0.043042849164176514                              0.2610651012253097                                 -0.7851348722422257                                0.45058494247643627                                -0.18428401744836184                               0.2767095390004317                                 
76  :
parent#1: -0.2669632186820971                                -0.3527159894618843                                0.2231659609812442                                 -0.5358675242631691                                -0.4261461591123898                                0.5345694267557359                                 
parent#2: -0.3893323948951678                                0.07036580633290221                                -0.42800963350444765                               -0.040592553105442714                              -0.5832371946222404                                0.5643255378354436                                 
son     : -0.37208305414291304                               -0.16007682559967945                               -0.11613495156373022                               -0.3268207523278247                                -0.5722641341627398                                0.6230122313002742                                 
77  :
parent#1: -0.2669632186820971                                -0.3527159894618843                                0.2231659609812442                                 -0.5358675242631691                                -0.4261461591123898                                0.5345694267557359                                 
parent#2: 0.3038735900869655                                 -0.5221975628325886                                -0.02918447314908652                               0.5328329040610401                                 0.46610157754066306                                0.36463300578850194                                
son     : 0.029047660268896398                               -0.6885379546289551                                0.15265921589345938                                -0.002388180159708318                              0.03144404611038408                                0.7076527756116023                                 
78  :
parent#1: -0.2669632186820971                                -0.3527159894618843                                0.2231659609812442                                 -0.5358675242631691                                -0.4261461591123898                                0.5345694267557359                                 
parent#2: 0.49074531506549035                                -0.4601237602946077                                0.337391303423094                                  0.4698898758384546                                 -0.43895479156661493                               -0.14193119767450682                               
son     : 0.16100144646379463                                -0.5848027057082112                                0.40329647390676454                                -0.047468036998186885                              -0.6224023576841409                                0.2824860605057404                                 
79  :
parent#1: -0.2669632186820971                                -0.3527159894618843                                0.2231659609812442                                 -0.5358675242631691                                -0.4261461591123898                                0.5345694267557359                                 
parent#2: 0.3038735900869655                                 -0.5221975628325886                                -0.02918447314908652                               0.5328329040610401                                 0.46610157754066306                                0.36463300578850194                                
son     : 0.029047660268896398                               -0.6885379546289551                                0.15265921589345938                                -0.002388180159708318                              0.03144404611038408                                0.7076527756116023                                 
80  :
parent#1: -0.2669632186820971                                -0.3527159894618843                                0.2231659609812442                                 -0.5358675242631691                                -0.4261461591123898                                0.5345694267557359                                 
parent#2: -0.31804393017868704                               0.06382250409050676                                -0.6551511177669819                                -0.37866509305000706                               0.04910216239145787                                -0.5654674918071759                                
son     : -0.4636798075951914                                -0.22897852782373776                               -0.3423937549694047                                -0.724863463397116                                 -0.29884709647554736                               -0.02448997227814184                               
81  :
parent#1: -0.2669632186820971                                -0.3527159894618843                                0.2231659609812442                                 -0.5358675242631691                                -0.4261461591123898                                0.5345694267557359                                 
parent#2: 0.04993849713607218                                0.5669548658757171                                 0.26857884685129363                                -0.1582391697671452                                0.5085053286340128                                 -0.5659650391056736                                
son     : -0.23902853566180618                               0.23596023783018222                                0.5416020833856046                                 -0.7644811406056252                                0.09070944337049225                                -0.034578766846245404                              
82  :
parent#1: -0.2669632186820971                                -0.3527159894618843                                0.2231659609812442                                 -0.5358675242631691                                -0.4261461591123898                                0.5345694267557359                                 
parent#2: -0.5486675904209117                                -0.4396946945582634                                -0.4142037456043244                                -0.02319317475356984                               -0.5210212181250907                                0.24913184227366647                                
son     : -0.4592988854372953                                -0.44622314399736424                               -0.10757739969421554                               -0.3148188531923814                                -0.5333698970569406                                0.44131868899957                                   
83  :
parent#1: -0.2669632186820971                                -0.3527159894618843                                0.2231659609812442                                 -0.5358675242631691                                -0.4261461591123898                                0.5345694267557359                                 
parent#2: -0.5210318498880145                                0.023196713829168145                               -0.7912767164555539                                0.19738329583682027                                0.18320357949891708                                0.17130430481601044                                
son     : -0.6001223890302871                                -0.2509557518971204                                -0.43266258560184034                               -0.25778329321387156                               -0.18502055036889598                               0.5375803060712548                                 
84  :
parent#1: -0.2669632186820971                                -0.3527159894618843                                0.2231659609812442                                 -0.5358675242631691                                -0.4261461591123898                                0.5345694267557359                                 
parent#2: -0.2669632186820971                                -0.3527159894618843                                0.2231659609812442                                 -0.5358675242631691                                -0.4261461591123898                                0.5345694267557359                                 
son     : -0.2669632186820971                                -0.3527159894618843                                0.2231659609812442                                 -0.5358675242631691                                -0.4261461591123898                                0.5345694267557359                                 
85  :
parent#1: -0.2669632186820971                                -0.3527159894618843                                0.2231659609812442                                 -0.5358675242631691                                -0.4261461591123898                                0.5345694267557359                                 
parent#2: 0.4562679024283958                                 0.3696120064952238                                 -0.390067794932643                                 0.48058435982028735                                -0.460484490391924                                 0.24504364596774741                                
son     : 0.15661901182854593                                0.01397872170530302                                -0.1380842765669353                                -0.04573787829466967                               -0.7335434783450387                                0.645003740225501                                  
86  :
parent#1: 0.4562679024283958                                 0.3696120064952238                                 -0.390067794932643                                 0.48058435982028735                                -0.460484490391924                                 0.24504364596774741                                
parent#2: -0.3893323948951678                                0.07036580633290221                                -0.42800963350444765                               -0.040592553105442714                              -0.5832371946222404                                0.5643255378354436                                 
son     : 0.03996354297622555                                0.2626867693923733                                 -0.4884294401293097                                0.2626951243793435                                 -0.6231493261416758                                0.48323022193407045                                
87  :
parent#1: 0.4562679024283958                                 0.3696120064952238                                 -0.390067794932643                                 0.48058435982028735                                -0.460484490391924                                 0.24504364596774741                                
parent#2: 0.3038735900869655                                 -0.5221975628325886                                -0.02918447314908652                               0.5328329040610401                                 0.46610157754066306                                0.36463300578850194                                
son     : 0.5153505639023722                                 -0.10344791499489026                               -0.28423904615218926                               0.6870630843758171                                 0.0038081976291182845                              0.41334042329539566                                
88  :
parent#1: 0.4562679024283958                                 0.3696120064952238                                 -0.390067794932643                                 0.48058435982028735                                -0.460484490391924                                 0.24504364596774741                                
parent#2: 0.49074531506549035                                -0.4601237602946077                                0.337391303423094                                  0.4698898758384546                                 -0.43895479156661493                               -0.14193119767450682                               
son     : 0.583861720851861                                  -0.055803179252848646                              -0.032476618502320205                              0.5859955411452883                                 -0.5545309793624555                                0.06357188093008709                                
89  :
parent#1: 0.4562679024283958                                 0.3696120064952238                                 -0.390067794932643                                 0.48058435982028735                                -0.460484490391924                                 0.24504364596774741                                
parent#2: 0.3038735900869655                                 -0.5221975628325886                                -0.02918447314908652                               0.5328329040610401                                 0.46610157754066306                                0.36463300578850194                                
son     : 0.5153505639023722                                 -0.10344791499489026                               -0.28423904615218926                               0.6870630843758171                                 0.0038081976291182845                              0.41334042329539566                                
90  :
parent#1: 0.4562679024283958                                 0.3696120064952238                                 -0.390067794932643                                 0.48058435982028735                                -0.460484490391924                                 0.24504364596774741                                
parent#2: -0.31804393017868704                               0.06382250409050676                                -0.6551511177669819                                -0.37866509305000706                               0.04910216239145787                                -0.5654674918071759                                
son     : 0.10990429867645858                                0.3446313626556854                                 -0.831071844441693                                 0.08103779216944147                                -0.3270972864612877                                -0.25477460590248857                               
91  :
parent#1: 0.4562679024283958                                 0.3696120064952238                                 -0.390067794932643                                 0.48058435982028735                                -0.460484490391924                                 0.24504364596774741                                
parent#2: 0.04993849713607218                                0.5669548658757171                                 0.26857884685129363                                -0.1582391697671452                                0.5085053286340128                                 -0.5659650391056736                                
son     : 0.4344895299140268                                 0.803878616429218                                  -0.10427698264389991                               0.27667688558805065                                0.041217478585482505                               -0.2754548053201649                                
92  :
parent#1: 0.4562679024283958                                 0.3696120064952238                                 -0.390067794932643                                 0.48058435982028735                                -0.460484490391924                                 0.24504364596774741                                
parent#2: -0.5486675904209117                                -0.4396946945582634                                -0.4142037456043244                                -0.02319317475356984                               -0.5210212181250907                                0.24913184227366647                                
son     : -0.06411280452931187                               -0.04862784472863513                               -0.5580549587040993                                0.3173672149627602                                 -0.6810313433055317                                0.34289051369270046                                
93  :
parent#1: 0.4562679024283958                                 0.3696120064952238                                 -0.390067794932643                                 0.48058435982028735                                -0.460484490391924                                 0.24504364596774741                                
parent#2: -0.5210318498880145                                0.023196713829168145                               -0.7912767164555539                                0.19738329583682027                                0.18320357949891708                                0.17130430481601044                                
son     : -0.043042849164176514                              0.2610651012253097                                 -0.7851348722422257                                0.45058494247643627                                -0.18428401744836184                               0.2767095390004317                                 
94  :
parent#1: 0.4562679024283958                                 0.3696120064952238                                 -0.390067794932643                                 0.48058435982028735                                -0.460484490391924                                 0.24504364596774741                                
parent#2: -0.2669632186820971                                -0.3527159894618843                                0.2231659609812442                                 -0.5358675242631691                                -0.4261461591123898                                0.5345694267557359                                 
son     : 0.15661901182854593                                0.01397872170530302                                -0.1380842765669353                                -0.04573787829466967                               -0.7335434783450387                                0.645003740225501                                  
95  :
parent#1: 0.4562679024283958                                 0.3696120064952238                                 -0.390067794932643                                 0.48058435982028735                                -0.460484490391924                                 0.24504364596774741                                
parent#2: 0.4562679024283958                                 0.3696120064952238                                 -0.390067794932643                                 0.48058435982028735                                -0.460484490391924                                 0.24504364596774741                                
son     : 0.4562679024283958                                 0.3696120064952238                                 -0.390067794932643                                 0.48058435982028735                                -0.460484490391924                                 0.24504364596774741                                

0   :
parent#1: 0.3038735900869655                                 -0.5221975628325886                                -0.02918447314908652                               0.5328329040610401                                 0.46610157754066306                                0.36463300578850194                                
parent#2: -0.3893323948951678                                0.07036580633290221                                -0.42800963350444765                               -0.040592553105442714                              -0.5832371946222404                                0.5643255378354436                                 
son:      -0.06887659019462261                               -0.36415944266000866                               -0.36848129568446375                               0.39672725362959704                                -0.09440691234834225                               0.7487057309142108                                 
mutated:  -0.06887659019462261                               -0.36415944266000866                               -0.36848129568446375                               0.39672725362959704                                -0.09440691234834225                               0.7487057309142108                                 
1   :
parent#1: 0.3038735900869655                                 -0.5221975628325886                                -0.02918447314908652                               0.5328329040610401                                 0.46610157754066306                                0.36463300578850194                                
parent#2: 0.4562679024283958                                 0.3696120064952238                                 -0.390067794932643                                 0.48058435982028735                                -0.460484490391924                                 0.24504364596774741                                
son:      0.5153505639023722                                 -0.10344791499489026                               -0.28423904615218926                               0.6870630843758171                                 0.0038081976291182845                              0.41334042329539566                                
mutated:  0.5153505639023722                                 -0.10344791499489026                               -0.28423904615218926                               0.6870630843758171                                 0.0038081976291182845                              0.41334042329539566                                
2   :
parent#1: -0.31804393017868704                               0.06382250409050676                                -0.6551511177669819                                -0.37866509305000706                               0.04910216239145787                                -0.5654674918071759                                
parent#2: 0.3038735900869655                                 -0.5221975628325886                                -0.02918447314908652                               0.5328329040610401                                 0.46610157754066306                                0.36463300578850194                                
son:      -0.014112870996804121                              -0.45651607726470655                               -0.6815602060787852                                0.1535425695202253                                 0.5131142846021635                                 -0.20001998360977008                               
mutated:  -0.014112870996804121                              -0.45651607726470655                               -0.6815602060787852                                0.1535425695202253                                 0.5131142846021635                                 -0.20001998360977008                               
3   :
parent#1: -0.31804393017868704                               0.06382250409050676                                -0.6551511177669819                                -0.37866509305000706                               0.04910216239145787                                -0.5654674918071759                                
parent#2: -0.31804393017868704                               0.06382250409050676                                -0.6551511177669819                                -0.37866509305000706                               0.04910216239145787                                -0.5654674918071759                                
son:      -0.31804393017868704                               0.06382250409050676                                -0.6551511177669819                                -0.37866509305000706                               0.04910216239145787                                -0.5654674918071759                                
mutated:  -0.31804393017868704                               0.06382250409050676                                -0.6551511177669819                                -0.37866509305000706                               0.04910216239145787                                -0.5654674918071759                                

