0   :
parent#1: -0.6084390918268747                                -0.07209078696254029                               0.42929770102161235                                -0.09394955590884492                               -0.21875581426138294                               0.6193768227347047                                 
parent#2: -0.13712138244484987                               0.46342477456243086                                0.3579778729288396                                 0.4814073186804343                                 -0.42863479956095524                               -0.4720235687100502                                
son     : -0.5113601521382144                                0.2684056013449578                                 0.6232756834203802                                 0.26574700155818903                                -0.4440280489660045                                0.1010656881585789                                 
1   :
parent#1: -0.6084390918268747                                -0.07209078696254029                               0.42929770102161235                                -0.09394955590884492                               -0.21875581426138294                               0.6193768227347047                                 
parent#2: -0.3421741524732287                                0.12357659631713436                                0.5871220511618845                                 -0.5040255266265009                                0.5152318057062633                                 -0.05854764007970732                               
son     : -0.579031720586826                                 0.031360721045229245                               0.6178698879112762                                 -0.3642349220196457                                0.18058764115516487                                0.3416088388576127                                 
2   :
parent#1: -0.6084390918268747                                -0.07209078696254029                               0.42929770102161235                                -0.09394955590884492                               -0.21875581426138294                               0.6193768227347047                                 
parent#2: -0.36930691458676607                               -0.6965606335373808                                -0.0764299504974397                                0.5996430248266065                                 0.07615793973863709                                -0.0848667208211112                                
son     : -0.654294146525006                                 -0.514370932586008                                 0.23613423338058362                                0.3384030969990371                                 -0.09542453151955746                               0.35768679048185725                                
3   :
parent#1: -0.6084390918268747                                -0.07209078696254029                               0.42929770102161235                                -0.09394955590884492                               -0.21875581426138294                               0.6193768227347047                                 
parent#2: -0.38264960890916355                               0.4790744124857008                                 0.26414492176544646                                -0.597470831021331                                 0.17987767867683918                                0.40616138565991555                                
son     : -0.557525886474756                                 0.22894409595427592                                0.39008840752761564                                -0.38895082131769076                               -0.021870461231331784                              0.5769050724968607                                 
4   :
parent#1: -0.6084390918268747                                -0.07209078696254029                               0.42929770102161235                                -0.09394955590884492                               -0.21875581426138294                               0.6193768227347047                                 
parent#2: 0.641203963554633                                  -0.4320040704304389                                -0.24210444194992284                               0.008013827921567006                               -0.4046568142855711                                -0.4240330655217514                                
son     : 0.039442165511696575                               -0.6068265111517125                                0.2253421764726261                                 -0.10344893869280074                               -0.7504605628106046                                0.07439129784519338                                
5   :
parent#1: -0.6084390918268747                                -0.07209078696254029                               0.42929770102161235                                -0.09394955590884492                               -0.21875581426138294                               0.6193768227347047                                 
parent#2: -0.7991390088290347                                -0.06600810836677848                               0.2888146776342426                                 -0.3646905281008683                                0.16725634619264887                                0.33560689735523996                                
son     : -0.7376670668244737                                -0.07237325374827037                               0.37633993578513725                                -0.24035873060395144                               -0.026989238846200584                              0.5004766977659048                                 
6   :
parent#1: -0.6084390918268747                                -0.07209078696254029                               0.42929770102161235                                -0.09394955590884492                               -0.21875581426138294                               0.6193768227347047                                 
parent#2: -0.5054970711115444                                -0.0766361129025148                                -0.5482350723210464                                -0.6272605302926068                                0.08474882785429554                                0.19339024300191843                                
son     : -0.7079482217344054                                -0.09452152447030078                               -0.07558916148936794                               -0.45835606654190375                               -0.08516646723868754                               0.5165439618682549                                 
7   :
parent#1: -0.6084390918268747                                -0.07209078696254029                               0.42929770102161235                                -0.09394955590884492                               -0.21875581426138294                               0.6193768227347047                                 
parent#2: 0.04993849713607218                                0.5669548658757171                                 0.26857884685129363                                -0.1582391697671452                                0.5085053286340128                                 -0.5659650391056736                                
son     : -0.511064468171407                                 0.45283290601849885                                0.638602555088448                                  -0.23076913111932848                               0.2651397023986197                                 0.04887526540516783                                
8   :
parent#1: -0.6084390918268747                                -0.07209078696254029                               0.42929770102161235                                -0.09394955590884492                               -0.21875581426138294                               0.6193768227347047                                 
parent#2: 0.1312298690338744                                 0.687743201601576                                  -0.23674122741123765                               -0.01408343728166277                               0.2660005760376095                                 0.6186977870576071                                 
son     : -0.3224264122518209                                0.4159655550754924                                 0.13010078174659748                                -0.07299249204651313                               0.0319209233804107                                 0.8365051123677979                                 
9   :
parent#1: -0.13712138244484987                               0.46342477456243086                                0.3579778729288396                                 0.4814073186804343                                 -0.42863479956095524                               -0.4720235687100502                                
parent#2: -0.6084390918268747                                -0.07209078696254029                               0.42929770102161235                                -0.09394955590884492                               -0.21875581426138294                               0.6193768227347047                                 
son     : -0.538096027687267                                 0.2824388785258669                                 0.5682032157777139                                 0.27964127691672974                                -0.46724354318823524                               0.10634979105472477                                
10  :
parent#1: -0.13712138244484987                               0.46342477456243086                                0.3579778729288396                                 0.4814073186804343                                 -0.42863479956095524                               -0.4720235687100502                                
parent#2: -0.13712138244484987                               0.46342477456243086                                0.3579778729288396                                 0.4814073186804343                                 -0.42863479956095524                               -0.4720235687100502                                
son     : -0.13712138244484987                               0.46342477456243086                                0.3579778729288396                                 0.4814073186804343                                 -0.42863479956095524                               -0.4720235687100502                                
11  :
parent#1: -0.13712138244484987                               0.46342477456243086                                0.3579778729288396                                 0.4814073186804343                                 -0.42863479956095524                               -0.4720235687100502                                
parent#2: -0.3421741524732287                                0.12357659631713436                                0.5871220511618845                                 -0.5040255266265009                                0.5152318057062633                                 -0.05854764007970732                               
son     : -0.36158832383467027                               0.442843353049959                                  0.712998708545551                                  -0.01706354285307523                               0.06533018569959037                                -0.40027152369365204                               
12  :
parent#1: -0.13712138244484987                               0.46342477456243086                                0.3579778729288396                                 0.4814073186804343                                 -0.42863479956095524                               -0.4720235687100502                                
parent#2: -0.36930691458676607                               -0.6965606335373808                                -0.0764299504974397                                0.5996430248266065                                 0.07615793973863709                                -0.0848667208211112                                
son     : -0.3587157086440974                                -0.16513590443649442                               0.19942736830510857                                0.7657347393975966                                 -0.24966809179684432                               -0.3944591880372671                                
13  :
parent#1: -0.13712138244484987                               0.46342477456243086                                0.3579778729288396                                 0.4814073186804343                                 -0.42863479956095524                               -0.4720235687100502                                
parent#2: 0.641203963554633                                  -0.4320040704304389                                -0.24210444194992284                               0.008013827921567006                               -0.4046568142855711                                -0.4240330655217514                                
son     : 0.35596543646724266                                0.02218819907608891                                0.08182575232526022                                0.3456120457146631                                 -0.5884413073237513                                -0.6327637630355349                                
14  :
parent#1: -0.13712138244484987                               0.46342477456243086                                0.3579778729288396                                 0.4814073186804343                                 -0.42863479956095524                               -0.4720235687100502                                
parent#2: -0.7991390088290347                                -0.06600810836677848                               0.2888146776342426                                 -0.3646905281008683                                0.16725634619264887                                0.33560689735523996                                
son     : -0.7511953372236837                                0.3188616643014902                                 0.5189448925345707                                 0.09364607290477048                                -0.20971332040850219                               -0.10945199476171356                               
15  :
parent#1: -0.13712138244484987                               0.46342477456243086                                0.3579778729288396                                 0.4814073186804343                                 -0.42863479956095524                               -0.4720235687100502                                
parent#2: -0.5054970711115444                                -0.0766361129025148                                -0.5482350723210464                                -0.6272605302926068                                0.08474882785429554                                0.19339024300191843                                
son     : -0.7114215368351681                                0.4282008750070344                                 -0.2106274235302217                                -0.16146924412647726                               -0.3807047325417918                                -0.3084656963891208                                
16  :
parent#1: -0.13712138244484987                               0.46342477456243086                                0.3579778729288396                                 0.4814073186804343                                 -0.42863479956095524                               -0.4720235687100502                                
parent#2: 0.04993849713607218                                0.5669548658757171                                 0.26857884685129363                                -0.1582391697671452                                0.5085053286340128                                 -0.5659650391056736                                
son     : -0.05355507405459824                               0.6329459933859235                                 0.3848839300097447                                 0.19851710672158848                                0.04906320872655125                                -0.637620062269304                                 
17  :
parent#1: -0.13712138244484987                               0.46342477456243086                                0.3579778729288396                                 0.4814073186804343                                 -0.42863479956095524                               -0.4720235687100502                                
parent#2: 0.1312298690338744                                 0.687743201601576                                  -0.23674122741123765                               -0.01408343728166277                               0.2660005760376095                                 0.6186977870576071                                 
son     : -0.00464854290163105                               0.9082986578988647                                 0.09565856998449858                                0.36872955386844275                                -0.1283222344726111                                0.11572941432699357                                
18  :
parent#1: -0.3421741524732287                                0.12357659631713436                                0.5871220511618845                                 -0.5040255266265009                                0.5152318057062633                                 -0.05854764007970732                               
parent#2: -0.6084390918268747                                -0.07209078696254029                               0.42929770102161235                                -0.09394955590884492                               -0.21875581426138294                               0.6193768227347047                                 
son     : -0.5785861919275931                                0.031336590933694605                               0.6186390073376483                                 -0.3639546660497504                                0.18044869027082241                                0.34134599224222506                                
19  :
parent#1: -0.3421741524732287                                0.12357659631713436                                0.5871220511618845                                 -0.5040255266265009                                0.5152318057062633                                 -0.05854764007970732                               
parent#2: -0.3421741524732287                                0.12357659631713436                                0.5871220511618845                                 -0.5040255266265009                                0.5152318057062633                                 -0.05854764007970732                               
son     : -0.3421741524732287                                0.12357659631713436                                0.5871220511618845                                 -0.5040255266265009                                0.5152318057062633                                 -0.05854764007970732                               
20  :
parent#1: -0.3421741524732287                                0.12357659631713436                                0.5871220511618845                                 -0.5040255266265009                                0.5152318057062633                                 -0.05854764007970732                               
parent#2: -0.36930691458676607                               -0.6965606335373808                                -0.0764299504974397                                0.5996430248266065                                 0.07615793973863709                                -0.0848667208211112                                
son     : -0.5858689952229194                                -0.4718236334132707                                0.42052934608775855                                0.07873621687181366                                0.48697981153689024                                -0.11809453745367848                               
21  :
parent#1: -0.3421741524732287                                0.12357659631713436                                0.5871220511618845                                 -0.5040255266265009                                0.5152318057062633                                 -0.05854764007970732                               
parent#2: -0.38264960890916355                               0.4790744124857008                                 0.26414492176544646                                -0.597470831021331                                 0.17987767867683918                                0.40616138565991555                                
son     : -0.3913383858337735                                0.3253762991381506                                 0.4596061288934959                                 -0.5947070578668185                                0.37529540019138513                                0.1876795565166682                                 
22  :
parent#1: -0.3421741524732287                                0.12357659631713436                                0.5871220511618845                                 -0.5040255266265009                                0.5152318057062633                                 -0.05854764007970732                               
parent#2: 0.641203963554633                                  -0.4320040704304389                                -0.24210444194992284                               0.008013827921567006                               -0.4046568142855711                                -0.4240330655217514                                
son     : 0.3354338239235389                                 -0.34597556233863297                               0.38702019561327405                                -0.5563963679932672                                0.12403643659614315                                -0.541330280236007                                 
23  :
parent#1: -0.3421741524732287                                0.12357659631713436                                0.5871220511618845                                 -0.5040255266265009                                0.5152318057062633                                 -0.05854764007970732                               
parent#2: -0.7991390088290347                                -0.06600810836677848                               0.2888146776342426                                 -0.3646905281008683                                0.16725634619264887                                0.33560689735523996                                
son     : -0.6216765075247006                                0.031357718237139266                               0.47712521403787594                                -0.4731920924466751                                0.37175322697180013                                0.1509149611872605                                 
24  :
parent#1: -0.3421741524732287                                0.12357659631713436                                0.5871220511618845                                 -0.5040255266265009                                0.5152318057062633                                 -0.05854764007970732                               
parent#2: -0.5054970711115444                                -0.0766361129025148                                -0.5482350723210464                                -0.6272605302926068                                0.08474882785429554                                0.19339024300191843                                
son     : -0.5494371487557067                                0.030425528968029008                               0.02520546903512628                                -0.7332684751431334                                0.3888909278034356                                 0.08740126268184958                                
25  :
parent#1: -0.3421741524732287                                0.12357659631713436                                0.5871220511618845                                 -0.5040255266265009                                0.5152318057062633                                 -0.05854764007970732                               
parent#2: 0.04993849713607218                                0.5669548658757171                                 0.26857884685129363                                -0.1582391697671452                                0.5085053286340128                                 -0.5659650391056736                                
son     : -0.16410722575604067                               0.3877733619704646                                 0.48052555492546944                                -0.3718999377948571                                0.5748876222040554                                 -0.35069999624906933                               
26  :
parent#1: -0.3421741524732287                                0.12357659631713436                                0.5871220511618845                                 -0.5040255266265009                                0.5152318057062633                                 -0.05854764007970732                               
parent#2: 0.1312298690338744                                 0.687743201601576                                  -0.23674122741123765                               -0.01408343728166277                               0.2660005760376095                                 0.6186977870576071                                 
son     : -0.14849219016770815                               0.5711207327123786                                 0.24664719547357342                                -0.3647177991356369                                0.5499409868029644                                 0.39431228375252614                                
27  :
parent#1: -0.36930691458676607                               -0.6965606335373808                                -0.0764299504974397                                0.5996430248266065                                 0.07615793973863709                                -0.0848667208211112                                
parent#2: -0.6084390918268747                                -0.07209078696254029                               0.42929770102161235                                -0.09394955590884492                               -0.21875581426138294                               0.6193768227347047                                 
son     : -0.654294146525006                                 -0.514370932586008                                 0.23613423338058362                                0.3384030969990371                                 -0.09542453151955746                               0.35768679048185725                                
28  :
parent#1: -0.36930691458676607                               -0.6965606335373808                                -0.0764299504974397                                0.5996430248266065                                 0.07615793973863709                                -0.0848667208211112                                
parent#2: -0.13712138244484987                               0.46342477456243086                                0.3579778729288396                                 0.4814073186804343                                 -0.42863479956095524                               -0.4720235687100502                                
son     : -0.3587157086440974                                -0.16513590443649442                               0.19942736830510857                                0.7657347393975966                                 -0.24966809179684432                               -0.3944591880372671                                
29  :
parent#1: -0.36930691458676607                               -0.6965606335373808                                -0.0764299504974397                                0.5996430248266065                                 0.07615793973863709                                -0.0848667208211112                                
parent#2: -0.3421741524732287                                0.12357659631713436                                0.5871220511618845                                 -0.5040255266265009                                0.5152318057062633                                 -0.05854764007970732                               
son     : -0.5858689952229194                                -0.4718236334132707                                0.42052934608775855                                0.07873621687181366                                0.48697981153689024                                -0.11809453745367848                               
30  :
parent#1: -0.36930691458676607                               -0.6965606335373808                                -0.0764299504974397                                0.5996430248266065                                 0.07615793973863709                                -0.0848667208211112                                
parent#2: -0.36930691458676607                               -0.6965606335373808                                -0.0764299504974397                                0.5996430248266065                                 0.07615793973863709                                -0.0848667208211112                                
son     : -0.3693069145867661                                -0.696560633537381                                 -0.07642995049743971                               0.5996430248266066                                 0.0761579397386371                                 -0.08486672082111121                               
31  :
parent#1: -0.36930691458676607                               -0.6965606335373808                                -0.0764299504974397                                0.5996430248266065                                 0.07615793973863709                                -0.0848667208211112                                
parent#2: -0.38264960890916355                               0.4790744124857008                                 0.26414492176544646                                -0.597470831021331                                 0.17987767867683918                                0.40616138565991555                                
son     : -0.8320399367800475                                -0.2406485161842616                                0.20770662657512837                                0.00240353257128858                                0.28330342659898                                   0.35551256524432884                                
32  :
parent#1: -0.36930691458676607                               -0.6965606335373808                                -0.0764299504974397                                0.5996430248266065                                 0.07615793973863709                                -0.0848667208211112                                
parent#2: 0.641203963554633                                  -0.4320040704304389                                -0.24210444194992284                               0.008013827921567006                               -0.4046568142855711                                -0.4240330655217514                                
son     : 0.18393319275623674                                -0.7634526009781382                                -0.21548247039796153                               0.4110683269658687                                 -0.22222325340275664                               -0.3442610460478796                                
33  :
parent#1: -0.36930691458676607                               -0.6965606335373808                                -0.0764299504974397                                0.5996430248266065                                 0.07615793973863709                                -0.0848667208211112                                
parent#2: -0.7991390088290347                                -0.06600810836677848                               0.2888146776342426                                 -0.3646905281008683                                0.16725634619264887                                0.33560689735523996                                
son     : -0.7933375540891321                                -0.5177598795145846                                0.14420246292616784                                0.15952525944429283                                0.16527054471339828                                0.17024459102218553                                
34  :
parent#1: -0.36930691458676607                               -0.6965606335373808                                -0.0764299504974397                                0.5996430248266065                                 0.07615793973863709                                -0.0848667208211112                                
parent#2: -0.5054970711115444                                -0.0766361129025148                                -0.5482350723210464                                -0.6272605302926068                                0.08474882785429554                                0.19339024300191843                                
son     : -0.6535393192924962                                -0.5776316564723193                                -0.46666814563349956                               -0.020632194203366528                              0.12020852794617551                                0.0810746063950013                                 
35  :
parent#1: -0.36930691458676607                               -0.6965606335373808                                -0.0764299504974397                                0.5996430248266065                                 0.07615793973863709                                -0.0848667208211112                                
parent#2: 0.04993849713607218                                0.5669548658757171                                 0.26857884685129363                                -0.1582391697671452                                0.5085053286340128                                 -0.5659650391056736                                
son     : -0.3023197905982337                                -0.12268711118201518                               0.1818915426048576                                 0.4178406935038639                                 0.5534525870648653                                 -0.6160888510715762                                
36  :
parent#1: -0.36930691458676607                               -0.6965606335373808                                -0.0764299504974397                                0.5996430248266065                                 0.07615793973863709                                -0.0848667208211112                                
parent#2: 0.1312298690338744                                 0.687743201601576                                  -0.23674122741123765                               -0.01408343728166277                               0.2660005760376095                                 0.6186977870576071                                 
son     : -0.25098833149809974                               -0.009295614890239647                              -0.3301549346517366                                0.6173153885092633                                 0.3607143006294892                                 0.5627815495836335                                 
37  :
parent#1: -0.38264960890916355                               0.4790744124857008                                 0.26414492176544646                                -0.597470831021331                                 0.17987767867683918                                0.40616138565991555                                
parent#2: -0.6084390918268747                                -0.07209078696254029                               0.42929770102161235                                -0.09394955590884492                               -0.21875581426138294                               0.6193768227347047                                 
son     : -0.557525886474756                                 0.22894409595427592                                0.39008840752761564                                -0.38895082131769076                               -0.021870461231331784                              0.5769050724968607                                 
38  :
parent#1: -0.38264960890916355                               0.4790744124857008                                 0.26414492176544646                                -0.597470831021331                                 0.17987767867683918                                0.40616138565991555                                
parent#2: -0.13712138244484987                               0.46342477456243086                                0.3579778729288396                                 0.4814073186804343                                 -0.42863479956095524                               -0.4720235687100502                                
son     : -0.407717820407599                                 0.739313506662151                                  0.4880044367575689                                 -0.09104233031013977                               -0.19512961058779624                               -0.05166349443729852                               
39  :
parent#1: -0.38264960890916355                               0.4790744124857008                                 0.26414492176544646                                -0.597470831021331                                 0.17987767867683918                                0.40616138565991555                                
parent#2: -0.3421741524732287                                0.12357659631713436                                0.5871220511618845                                 -0.5040255266265009                                0.5152318057062633                                 -0.05854764007970732                               
son     : -0.3913383858337735                                0.3253762991381506                                 0.4596061288934959                                 -0.5947070578668185                                0.37529540019138513                                0.1876795565166682                                 
40  :
parent#1: -0.38264960890916355                               0.4790744124857008                                 0.26414492176544646                                -0.597470831021331                                 0.17987767867683918                                0.40616138565991555                                
parent#2: -0.36930691458676607                               -0.6965606335373808                                -0.0764299504974397                                0.5996430248266065                                 0.07615793973863709                                -0.0848667208211112                                
son     : -0.8320399367800475                                -0.2406485161842616                                0.20770662657512837                                0.00240353257128858                                0.28330342659898                                   0.35551256524432884                                
41  :
parent#1: -0.38264960890916355                               0.4790744124857008                                 0.26414492176544646                                -0.597470831021331                                 0.17987767867683918                                0.40616138565991555                                
parent#2: -0.38264960890916355                               0.4790744124857008                                 0.26414492176544646                                -0.597470831021331                                 0.17987767867683918                                0.40616138565991555                                
son     : -0.3826496089091636                                0.4790744124857009                                 0.2641449217654465                                 -0.5974708310213311                                0.1798776786768392                                 0.4061613856599156                                 
42  :
parent#1: -0.38264960890916355                               0.4790744124857008                                 0.26414492176544646                                -0.597470831021331                                 0.17987767867683918                                0.40616138565991555                                
parent#2: 0.641203963554633                                  -0.4320040704304389                                -0.24210444194992284                               0.008013827921567006                               -0.4046568142855711                                -0.4240330655217514                                
son     : 0.3780032932332396                                 0.06881626238669047                                0.03222291098571006                                -0.8617789040785394                                -0.32862433752751513                               -0.026128176617436424                              
43  :
parent#1: -0.38264960890916355                               0.4790744124857008                                 0.26414492176544646                                -0.597470831021331                                 0.17987767867683918                                0.40616138565991555                                
parent#2: -0.7991390088290347                                -0.06600810836677848                               0.2888146776342426                                 -0.3646905281008683                                0.16725634619264887                                0.33560689735523996                                
son     : -0.6344640768699101                                0.22176193559086663                                0.2968661201450149                                 -0.5165533068711606                                0.18636502783423056                                0.39823139423639853                                
44  :
parent#1: -0.38264960890916355                               0.4790744124857008                                 0.26414492176544646                                -0.597470831021331                                 0.17987767867683918                                0.40616138565991555                                
parent#2: -0.5054970711115444                                -0.0766361129025148                                -0.5482350723210464                                -0.6272605302926068                                0.08474882785429554                                0.19339024300191843                                
son     : -0.5161441679076728                                0.23387598686705577                                -0.16509826323492735                               -0.7117494932042924                                0.15378701637058675                                0.34842789311123373                                
45  :
parent#1: -0.38264960890916355                               0.4790744124857008                                 0.26414492176544646                                -0.597470831021331                                 0.17987767867683918                                0.40616138565991555                                
parent#2: 0.04993849713607218                                0.5669548658757171                                 0.26857884685129363                                -0.1582391697671452                                0.5085053286340128                                 -0.5659650391056736                                
son     : -0.20797797887482145                               0.653873728467071                                  0.3330060487160693                                 -0.4723949186484265                                0.4303087618243517                                 -0.09989339004441739                               
46  :
parent#1: -0.38264960890916355                               0.4790744124857008                                 0.26414492176544646                                -0.597470831021331                                 0.17987767867683918                                0.40616138565991555                                
parent#2: 0.1312298690338744                                 0.687743201601576                                  -0.23674122741123765                               -0.01408343728166277                               0.2660005760376095                                 0.6186977870576071                                 
son     : -0.1439963187947299                                0.6682746598049889                                 0.01569499320275857                                -0.3502571573040229                                0.25536907858287833                                0.5869704114224966                                 
47  :
parent#1: 0.641203963554633                                  -0.4320040704304389                                -0.24210444194992284                               0.008013827921567006                               -0.4046568142855711                                -0.4240330655217514                                
parent#2: -0.13712138244484987                               0.46342477456243086                                0.3579778729288396                                 0.4814073186804343                                 -0.42863479956095524                               -0.4720235687100502                                
son     : 0.35596543646724266                                0.02218819907608891                                0.08182575232526022                                0.3456120457146631                                 -0.5884413073237513                                -0.6327637630355349                                
48  :
parent#1: 0.641203963554633                                  -0.4320040704304389                                -0.24210444194992284                               0.008013827921567006                               -0.4046568142855711                                -0.4240330655217514                                
parent#2: -0.3421741524732287                                0.12357659631713436                                0.5871220511618845                                 -0.5040255266265009                                0.5152318057062633                                 -0.05854764007970732                               
son     : 0.3354338239235389                                 -0.34597556233863297                               0.38702019561327405                                -0.5563963679932672                                0.12403643659614315                                -0.541330280236007                                 
49  :
parent#1: 0.641203963554633                                  -0.4320040704304389                                -0.24210444194992284                               0.008013827921567006                               -0.4046568142855711                                -0.4240330655217514                                
parent#2: -0.36930691458676607                               -0.6965606335373808                                -0.0764299504974397                                0.5996430248266065                                 0.07615793973863709                                -0.0848667208211112                                
son     : 0.18393319275623674                                -0.7634526009781382                                -0.21548247039796153                               0.4110683269658687                                 -0.22222325340275664                               -0.3442610460478796                                
50  :
parent#1: 0.641203963554633                                  -0.4320040704304389                                -0.24210444194992284                               0.008013827921567006                               -0.4046568142855711                                -0.4240330655217514                                
parent#2: -0.38264960890916355                               0.4790744124857008                                 0.26414492176544646                                -0.597470831021331                                 0.17987767867683918                                0.40616138565991555                                
son     : 0.3780032932332396                                 0.06881626238669047                                0.03222291098571006                                -0.8617789040785394                                -0.32862433752751513                               -0.026128176617436424                              
51  :
parent#1: 0.641203963554633                                  -0.4320040704304389                                -0.24210444194992284                               0.008013827921567006                               -0.4046568142855711                                -0.4240330655217514                                
parent#2: 0.641203963554633                                  -0.4320040704304389                                -0.24210444194992284                               0.008013827921567006                               -0.4046568142855711                                -0.4240330655217514                                
son     : 0.6412039635546332                                 -0.432004070430439                                 -0.24210444194992287                               0.008013827921567008                               -0.40465681428557115                               -0.42403306552175146                               
52  :
parent#1: 0.641203963554633                                  -0.4320040704304389                                -0.24210444194992284                               0.008013827921567006                               -0.4046568142855711                                -0.4240330655217514                                
parent#2: -0.7991390088290347                                -0.06600810836677848                               0.2888146776342426                                 -0.3646905281008683                                0.16725634619264887                                0.33560689735523996                                
son     : -0.23122513810449816                               -0.729115786936573                                 0.06838621965273896                                -0.522193279612672                                 -0.3475666589735394                                -0.12946051910663028                               
53  :
parent#1: 0.641203963554633                                  -0.4320040704304389                                -0.24210444194992284                               0.008013827921567006                               -0.4046568142855711                                -0.4240330655217514                                
parent#2: -0.5054970711115444                                -0.0766361129025148                                -0.5482350723210464                                -0.6272605302926068                                0.08474882785429554                                0.19339024300191843                                
son     : 0.11305879647332798                                -0.4237533254968094                                -0.6584399117846068                                -0.5159007448314203                                -0.2665186069550129                                -0.1921508882847588                                
54  :
parent#1: 0.641203963554633                                  -0.4320040704304389                                -0.24210444194992284                               0.008013827921567006                               -0.4046568142855711                                -0.4240330655217514                                
parent#2: 0.04993849713607218                                0.5669548658757171                                 0.26857884685129363                                -0.1582391697671452                                0.5085053286340128                                 -0.5659650391056736                                
son     : 0.5624365083205399                                 0.10981998430463732                                0.021544287465293948                               -0.12225007365984679                               0.08450963314573637                                -0.80563864742754                                  
55  :
parent#1: 0.641203963554633                                  -0.4320040704304389                                -0.24210444194992284                               0.008013827921567006                               -0.4046568142855711                                -0.4240330655217514                                
parent#2: 0.1312298690338744                                 0.687743201601576                                  -0.23674122741123765                               -0.01408343728166277                               0.2660005760376095                                 0.6186977870576071                                 
son     : 0.7931240938849892                                 0.2625893094316287                                 -0.4916719356402672                                -0.006232188727194581                              -0.14237025707870568                               0.19987897262618742                                
56  :
parent#1: -0.7991390088290347                                -0.06600810836677848                               0.2888146776342426                                 -0.3646905281008683                                0.16725634619264887                                0.33560689735523996                                
parent#2: -0.6084390918268747                                -0.07209078696254029                               0.42929770102161235                                -0.09394955590884492                               -0.21875581426138294                               0.6193768227347047                                 
son     : -0.7376670668244737                                -0.07237325374827037                               0.37633993578513725                                -0.24035873060395144                               -0.026989238846200584                              0.5004766977659048                                 
57  :
parent#1: -0.7991390088290347                                -0.06600810836677848                               0.2888146776342426                                 -0.3646905281008683                                0.16725634619264887                                0.33560689735523996                                
parent#2: -0.13712138244484987                               0.46342477456243086                                0.3579778729288396                                 0.4814073186804343                                 -0.42863479956095524                               -0.4720235687100502                                
son     : -0.7511953372236837                                0.3188616643014902                                 0.5189448925345707                                 0.09364607290477048                                -0.20971332040850219                               -0.10945199476171356                               
58  :
parent#1: -0.7991390088290347                                -0.06600810836677848                               0.2888146776342426                                 -0.3646905281008683                                0.16725634619264887                                0.33560689735523996                                
parent#2: -0.3421741524732287                                0.12357659631713436                                0.5871220511618845                                 -0.5040255266265009                                0.5152318057062633                                 -0.05854764007970732                               
son     : -0.6216765075247006                                0.031357718237139266                               0.47712521403787594                                -0.4731920924466751                                0.37175322697180013                                0.1509149611872605                                 
59  :
parent#1: -0.7991390088290347                                -0.06600810836677848                               0.2888146776342426                                 -0.3646905281008683                                0.16725634619264887                                0.33560689735523996                                
parent#2: -0.36930691458676607                               -0.6965606335373808                                -0.0764299504974397                                0.5996430248266065                                 0.07615793973863709                                -0.0848667208211112                                
son     : -0.7933375540891321                                -0.5177598795145846                                0.14420246292616784                                0.15952525944429283                                0.16527054471339828                                0.17024459102218553                                
60  :
parent#1: -0.7991390088290347                                -0.06600810836677848                               0.2888146776342426                                 -0.3646905281008683                                0.16725634619264887                                0.33560689735523996                                
parent#2: -0.38264960890916355                               0.4790744124857008                                 0.26414492176544646                                -0.597470831021331                                 0.17987767867683918                                0.40616138565991555                                
son     : -0.6344640768699101                                0.22176193559086663                                0.2968661201450149                                 -0.5165533068711606                                0.18636502783423056                                0.39823139423639853                                
61  :
parent#1: -0.7991390088290347                                -0.06600810836677848                               0.2888146776342426                                 -0.3646905281008683                                0.16725634619264887                                0.33560689735523996                                
parent#2: 0.641203963554633                                  -0.4320040704304389                                -0.24210444194992284                               0.008013827921567006                               -0.4046568142855711                                -0.4240330655217514                                
son     : -0.23122513810449816                               -0.729115786936573                                 0.06838621965273896                                -0.522193279612672                                 -0.3475666589735394                                -0.12946051910663028                               
62  :
parent#1: -0.7991390088290347                                -0.06600810836677848                               0.2888146776342426                                 -0.3646905281008683                                0.16725634619264887                                0.33560689735523996                                
parent#2: -0.7991390088290347                                -0.06600810836677848                               0.2888146776342426                                 -0.3646905281008683                                0.16725634619264887                                0.33560689735523996                                
son     : -0.7991390088290348                                -0.06600810836677849                               0.2888146776342427                                 -0.3646905281008684                                0.1672563461926489                                 0.33560689735524                                   
63  :
parent#1: -0.7991390088290347                                -0.06600810836677848                               0.2888146776342426                                 -0.3646905281008683                                0.16725634619264887                                0.33560689735523996                                
parent#2: -0.5054970711115444                                -0.0766361129025148                                -0.5482350723210464                                -0.6272605302926068                                0.08474882785429554                                0.19339024300191843                                
son     : -0.7389561667133978                                -0.0807948121117236                                -0.1469377578717342                                -0.5618489040339324                                0.14273771840968424                                0.29962815305435925                                
64  :
parent#1: -0.7991390088290347                                -0.06600810836677848                               0.2888146776342426                                 -0.3646905281008683                                0.16725634619264887                                0.33560689735523996                                
parent#2: 0.04993849713607218                                0.5669548658757171                                 0.26857884685129363                                -0.1582391697671452                                0.5085053286340128                                 -0.5659650391056736                                
son     : -0.5426552336947041                                0.3628419568886032                                 0.4037270511283004                                 -0.37876447356026743                               0.48946257223763096                                -0.16685126250459498                               
65  :
parent#1: -0.7991390088290347                                -0.06600810836677848                               0.2888146776342426                                 -0.3646905281008683                                0.16725634619264887                                0.33560689735523996                                
parent#2: 0.1312298690338744                                 0.687743201601576                                  -0.23674122741123765                               -0.01408343728166277                               0.2660005760376095                                 0.6186977870576071                                 
son     : -0.46341839019419984                               0.431381244644256                                  0.03613035521808205                                -0.2628064370235738                                0.3006085910158627                                 0.6621294937527221                                 
66  :
parent#1: -0.5054970711115444                                -0.0766361129025148                                -0.5482350723210464                                -0.6272605302926068                                0.08474882785429554                                0.19339024300191843                                
parent#2: -0.6084390918268747                                -0.07209078696254029                               0.42929770102161235                                -0.09394955590884492                               -0.21875581426138294                               0.6193768227347047                                 
son     : -0.7079482217344054                                -0.09452152447030078                               -0.07558916148936794                               -0.45835606654190375                               -0.08516646723868754                               0.5165439618682549                                 
67  :
parent#1: -0.5054970711115444                                -0.0766361129025148                                -0.5482350723210464                                -0.6272605302926068                                0.08474882785429554                                0.19339024300191843                                
parent#2: -0.13712138244484987                               0.46342477456243086                                0.3579778729288396                                 0.4814073186804343                                 -0.42863479956095524                               -0.4720235687100502                                
son     : -0.7114215368351681                                0.4282008750070344                                 -0.2106274235302217                                -0.16146924412647726                               -0.3807047325417918                                -0.3084656963891208                                
68  :
parent#1: -0.5054970711115444                                -0.0766361129025148                                -0.5482350723210464                                -0.6272605302926068                                0.08474882785429554                                0.19339024300191843                                
parent#2: -0.3421741524732287                                0.12357659631713436                                0.5871220511618845                                 -0.5040255266265009                                0.5152318057062633                                 -0.05854764007970732                               
son     : -0.5494371487557067                                0.030425528968029008                               0.02520546903512628                                -0.7332684751431334                                0.3888909278034356                                 0.08740126268184958                                
69  :
parent#1: -0.5054970711115444                                -0.0766361129025148                                -0.5482350723210464                                -0.6272605302926068                                0.08474882785429554                                0.19339024300191843                                
parent#2: -0.36930691458676607                               -0.6965606335373808                                -0.0764299504974397                                0.5996430248266065                                 0.07615793973863709                                -0.0848667208211112                                
son     : -0.6535393192924962                                -0.5776316564723193                                -0.46666814563349956                               -0.020632194203366528                              0.12020852794617551                                0.0810746063950013                                 
70  :
parent#1: -0.5054970711115444                                -0.0766361129025148                                -0.5482350723210464                                -0.6272605302926068                                0.08474882785429554                                0.19339024300191843                                
parent#2: -0.38264960890916355                               0.4790744124857008                                 0.26414492176544646                                -0.597470831021331                                 0.17987767867683918                                0.40616138565991555                                
son     : -0.5161441679076728                                0.23387598686705577                                -0.16509826323492735                               -0.7117494932042924                                0.15378701637058675                                0.34842789311123373                                
71  :
parent#1: -0.5054970711115444                                -0.0766361129025148                                -0.5482350723210464                                -0.6272605302926068                                0.08474882785429554                                0.19339024300191843                                
parent#2: 0.641203963554633                                  -0.4320040704304389                                -0.24210444194992284                               0.008013827921567006                               -0.4046568142855711                                -0.4240330655217514                                
son     : 0.11305879647332798                                -0.4237533254968094                                -0.6584399117846068                                -0.5159007448314203                                -0.2665186069550129                                -0.1921508882847588                                
72  :
parent#1: -0.5054970711115444                                -0.0766361129025148                                -0.5482350723210464                                -0.6272605302926068                                0.08474882785429554                                0.19339024300191843                                
parent#2: -0.7991390088290347                                -0.06600810836677848                               0.2888146776342426                                 -0.3646905281008683                                0.16725634619264887                                0.33560689735523996                                
son     : -0.7389561667133978                                -0.0807948121117236                                -0.1469377578717342                                -0.5618489040339324                                0.14273771840968424                                0.29962815305435925                                
73  :
parent#1: -0.5054970711115444                                -0.0766361129025148                                -0.5482350723210464                                -0.6272605302926068                                0.08474882785429554                                0.19339024300191843                                
parent#2: -0.5054970711115444                                -0.0766361129025148                                -0.5482350723210464                                -0.6272605302926068                                0.08474882785429554                                0.19339024300191843                                
son     : -0.5054970711115445                                -0.07663611290251482                               -0.5482350723210465                                -0.6272605302926069                                0.08474882785429555                                0.19339024300191845                                
74  :
parent#1: -0.5054970711115444                                -0.0766361129025148                                -0.5482350723210464                                -0.6272605302926068                                0.08474882785429554                                0.19339024300191843                                
parent#2: 0.04993849713607218                                0.5669548658757171                                 0.26857884685129363                                -0.1582391697671452                                0.5085053286340128                                 -0.5659650391056736                                
son     : -0.3563920762336513                                0.38358562075449565                                -0.21878034685435974                               -0.6145112505341145                                0.4641139309925387                                 -0.2914722995486762                                
75  :
parent#1: -0.5054970711115444                                -0.0766361129025148                                -0.5482350723210464                                -0.6272605302926068                                0.08474882785429554                                0.19339024300191843                                
parent#2: 0.1312298690338744                                 0.687743201601576                                  -0.23674122741123765                               -0.01408343728166277                               0.2660005760376095                                 0.6186977870576071                                 
son     : -0.24553068638328368                               0.4009048671885292                                 -0.5149683664449987                                -0.4207411808786009                                0.23010229431815135                                0.5327544874818739                                 
76  :
parent#1: 0.04993849713607218                                0.5669548658757171                                 0.26857884685129363                                -0.1582391697671452                                0.5085053286340128                                 -0.5659650391056736                                
parent#2: -0.6084390918268747                                -0.07209078696254029                               0.42929770102161235                                -0.09394955590884492                               -0.21875581426138294                               0.6193768227347047                                 
son     : -0.511064468171407                                 0.45283290601849885                                0.638602555088448                                  -0.23076913111932848                               0.2651397023986197                                 0.04887526540516783                                
77  :
parent#1: 0.04993849713607218                                0.5669548658757171                                 0.26857884685129363                                -0.1582391697671452                                0.5085053286340128                                 -0.5659650391056736                                
parent#2: -0.13712138244484987                               0.46342477456243086                                0.3579778729288396                                 0.4814073186804343                                 -0.42863479956095524                               -0.4720235687100502                                
son     : -0.05355507405459824                               0.6329459933859235                                 0.3848839300097447                                 0.19851710672158848                                0.04906320872655125                                -0.637620062269304                                 
78  :
parent#1: 0.04993849713607218                                0.5669548658757171                                 0.26857884685129363                                -0.1582391697671452                                0.5085053286340128                                 -0.5659650391056736                                
parent#2: -0.3421741524732287                                0.12357659631713436                                0.5871220511618845                                 -0.5040255266265009                                0.5152318057062633                                 -0.05854764007970732                               
son     : -0.16410722575604067                               0.3877733619704646                                 0.48052555492546944                                -0.3718999377948571                                0.5748876222040554                                 -0.35069999624906933                               
79  :
parent#1: 0.04993849713607218                                0.5669548658757171                                 0.26857884685129363                                -0.1582391697671452                                0.5085053286340128                                 -0.5659650391056736                                
parent#2: -0.36930691458676607                               -0.6965606335373808                                -0.0764299504974397                                0.5996430248266065                                 0.07615793973863709                                -0.0848667208211112                                
son     : -0.3023197905982337                                -0.12268711118201518                               0.1818915426048576                                 0.4178406935038639                                 0.5534525870648653                                 -0.6160888510715762                                
80  :
parent#1: 0.04993849713607218                                0.5669548658757171                                 0.26857884685129363                                -0.1582391697671452                                0.5085053286340128                                 -0.5659650391056736                                
parent#2: -0.38264960890916355                               0.4790744124857008                                 0.26414492176544646                                -0.597470831021331                                 0.17987767867683918                                0.40616138565991555                                
son     : -0.20797797887482145                               0.653873728467071                                  0.3330060487160693                                 -0.4723949186484265                                0.4303087618243517                                 -0.09989339004441739                               
81  :
parent#1: 0.04993849713607218                                0.5669548658757171                                 0.26857884685129363                                -0.1582391697671452                                0.5085053286340128                                 -0.5659650391056736                                
parent#2: 0.641203963554633                                  -0.4320040704304389                                -0.24210444194992284                               0.008013827921567006                               -0.4046568142855711                                -0.4240330655217514                                
son     : 0.5624365083205399                                 0.10981998430463732                                0.021544287465293948                               -0.12225007365984679                               0.08450963314573637                                -0.80563864742754                                  
82  :
parent#1: 0.04993849713607218                                0.5669548658757171                                 0.26857884685129363                                -0.1582391697671452                                0.5085053286340128                                 -0.5659650391056736                                
parent#2: -0.7991390088290347                                -0.06600810836677848                               0.2888146776342426                                 -0.3646905281008683                                0.16725634619264887                                0.33560689735523996                                
son     : -0.5426552336947041                                0.3628419568886032                                 0.4037270511283004                                 -0.37876447356026743                               0.48946257223763096                                -0.16685126250459498                               
83  :
parent#1: 0.04993849713607218                                0.5669548658757171                                 0.26857884685129363                                -0.1582391697671452                                0.5085053286340128                                 -0.5659650391056736                                
parent#2: -0.5054970711115444                                -0.0766361129025148                                -0.5482350723210464                                -0.6272605302926068                                0.08474882785429554                                0.19339024300191843                                
son     : -0.3563920762336513                                0.38358562075449565                                -0.21878034685435974                               -0.6145112505341145                                0.4641139309925387                                 -0.2914722995486762                                
84  :
parent#1: 0.04993849713607218                                0.5669548658757171                                 0.26857884685129363                                -0.1582391697671452                                0.5085053286340128                                 -0.5659650391056736                                
parent#2: 0.04993849713607218                                0.5669548658757171                                 0.26857884685129363                                -0.1582391697671452                                0.5085053286340128                                 -0.5659650391056736                                
son     : 0.04993849713607218                                0.5669548658757171                                 0.26857884685129363                                -0.1582391697671452                                0.5085053286340128                                 -0.5659650391056736                                
85  :
parent#1: 0.04993849713607218                                0.5669548658757171                                 0.26857884685129363                                -0.1582391697671452                                0.5085053286340128                                 -0.5659650391056736                                
parent#2: 0.1312298690338744                                 0.687743201601576                                  -0.23674122741123765                               -0.01408343728166277                               0.2660005760376095                                 0.6186977870576071                                 
son     : 0.12103637152688397                                0.8382484462369524                                 0.021270324486248                                  -0.11512662795487916                               0.5174379303043615                                 0.035230104502662                                  
86  :
parent#1: 0.1312298690338744                                 0.687743201601576                                  -0.23674122741123765                               -0.01408343728166277                               0.2660005760376095                                 0.6186977870576071                                 
parent#2: -0.6084390918268747                                -0.07209078696254029                               0.42929770102161235                                -0.09394955590884492                               -0.21875581426138294                               0.6193768227347047                                 
son     : -0.3224264122518209                                0.4159655550754924                                 0.13010078174659748                                -0.07299249204651313                               0.0319209233804107                                 0.8365051123677979                                 
87  :
parent#1: 0.1312298690338744                                 0.687743201601576                                  -0.23674122741123765                               -0.01408343728166277                               0.2660005760376095                                 0.6186977870576071                                 
parent#2: -0.13712138244484987                               0.46342477456243086                                0.3579778729288396                                 0.4814073186804343                                 -0.42863479956095524                               -0.4720235687100502                                
son     : -0.00464854290163105                               0.9082986578988647                                 0.09565856998449858                                0.36872955386844275                                -0.1283222344726111                                0.11572941432699357                                
88  :
parent#1: 0.1312298690338744                                 0.687743201601576                                  -0.23674122741123765                               -0.01408343728166277                               0.2660005760376095                                 0.6186977870576071                                 
parent#2: -0.3421741524732287                                0.12357659631713436                                0.5871220511618845                                 -0.5040255266265009                                0.5152318057062633                                 -0.05854764007970732                               
son     : -0.14849219016770815                               0.5711207327123786                                 0.24664719547357342                                -0.3647177991356369                                0.5499409868029644                                 0.39431228375252614                                
89  :
parent#1: 0.1312298690338744                                 0.687743201601576                                  -0.23674122741123765                               -0.01408343728166277                               0.2660005760376095                                 0.6186977870576071                                 
parent#2: -0.36930691458676607                               -0.6965606335373808                                -0.0764299504974397                                0.5996430248266065                                 0.07615793973863709                                -0.0848667208211112                                
son     : -0.25098833149809974                               -0.009295614890239647                              -0.3301549346517366                                0.6173153885092633                                 0.3607143006294892                                 0.5627815495836335                                 
90  :
parent#1: 0.1312298690338744                                 0.687743201601576                                  -0.23674122741123765                               -0.01408343728166277                               0.2660005760376095                                 0.6186977870576071                                 
parent#2: -0.38264960890916355                               0.4790744124857008                                 0.26414492176544646                                -0.597470831021331                                 0.17987767867683918                                0.40616138565991555                                
son     : -0.1439963187947299                                0.6682746598049889                                 0.01569499320275857                                -0.3502571573040229                                0.25536907858287833                                0.5869704114224966                                 
91  :
parent#1: 0.1312298690338744                                 0.687743201601576                                  -0.23674122741123765                               -0.01408343728166277                               0.2660005760376095                                 0.6186977870576071                                 
parent#2: 0.641203963554633                                  -0.4320040704304389                                -0.24210444194992284                               0.008013827921567006                               -0.4046568142855711                                -0.4240330655217514                                
son     : 0.7931240938849892                                 0.2625893094316287                                 -0.4916719356402672                                -0.006232188727194581                              -0.14237025707870568                               0.19987897262618742                                
92  :
parent#1: 0.1312298690338744                                 0.687743201601576                                  -0.23674122741123765                               -0.01408343728166277                               0.2660005760376095                                 0.6186977870576071                                 
parent#2: -0.7991390088290347                                -0.06600810836677848                               0.2888146776342426                                 -0.3646905281008683                                0.16725634619264887                                0.33560689735523996                                
son     : -0.46341839019419984                               0.431381244644256                                  0.03613035521808205                                -0.2628064370235738                                0.3006085910158627                                 0.6621294937527221                                 
93  :
parent#1: 0.1312298690338744                                 0.687743201601576                                  -0.23674122741123765                               -0.01408343728166277                               0.2660005760376095                                 0.6186977870576071                                 
parent#2: -0.5054970711115444                                -0.0766361129025148                                -0.5482350723210464                                -0.6272605302926068                                0.08474882785429554                                0.19339024300191843                                
son     : -0.24553068638328368                               0.4009048671885292                                 -0.5149683664449987                                -0.4207411808786009                                0.23010229431815135                                0.5327544874818739                                 
94  :
parent#1: 0.1312298690338744                                 0.687743201601576                                  -0.23674122741123765                               -0.01408343728166277                               0.2660005760376095                                 0.6186977870576071                                 
parent#2: 0.04993849713607218                                0.5669548658757171                                 0.26857884685129363                                -0.1582391697671452                                0.5085053286340128                                 -0.5659650391056736                                
son     : 0.12103637152688397                                0.8382484462369524                                 0.021270324486248                                  -0.11512662795487916                               0.5174379303043615                                 0.035230104502662                                  
95  :
parent#1: 0.1312298690338744                                 0.687743201601576                                  -0.23674122741123765                               -0.01408343728166277                               0.2660005760376095                                 0.6186977870576071                                 
parent#2: 0.1312298690338744                                 0.687743201601576                                  -0.23674122741123765                               -0.01408343728166277                               0.2660005760376095                                 0.6186977870576071                                 
son     : 0.1312298690338744                                 0.687743201601576                                  -0.23674122741123765                               -0.01408343728166277                               0.2660005760376095                                 0.6186977870576071                                 

0   :
parent#1: -0.6084390918268747                                -0.07209078696254029                               0.42929770102161235                                -0.09394955590884492                               -0.21875581426138294                               0.6193768227347047                                 
parent#2: -0.6084390918268747                                -0.07209078696254029                               0.42929770102161235                                -0.09394955590884492                               -0.21875581426138294                               0.6193768227347047                                 
son:      -0.6109628770303407                                -0.0723898171594594                                0.4310784136685712                                 0.02422304156556207                                -0.2196632061344911                                0.6219459772837559                                 
mutated:  -0.6109628770303407                                -0.0723898171594594                                0.4310784136685712                                 0.02422304156556207                                -0.2196632061344911                                0.6219459772837559                                 
1   :
parent#1: -0.13712138244484987                               0.46342477456243086                                0.3579778729288396                                 0.4814073186804343                                 -0.42863479956095524                               -0.4720235687100502                                
parent#2: -0.38264960890916355                               0.4790744124857008                                 0.26414492176544646                                -0.597470831021331                                 0.17987767867683918                                0.40616138565991555                                
son:      -0.407717820407599                                 0.739313506662151                                  0.4880044367575689                                 -0.09104233031013977                               -0.19512961058779624                               -0.05166349443729852                               
mutated:  -0.407717820407599                                 0.739313506662151                                  0.4880044367575689                                 -0.09104233031013977                               -0.19512961058779624                               -0.05166349443729852                               
2   :
parent#1: -0.3421741524732287                                0.12357659631713436                                0.5871220511618845                                 -0.5040255266265009                                0.5152318057062633                                 -0.05854764007970732                               
parent#2: -0.13712138244484987                               0.46342477456243086                                0.3579778729288396                                 0.4814073186804343                                 -0.42863479956095524                               -0.4720235687100502                                
son:      -0.36158832383467027                               0.442843353049959                                  0.712998708545551                                  -0.01706354285307523                               0.06533018569959037                                -0.40027152369365204                               
mutated:  -0.36158832383467027                               0.442843353049959                                  0.712998708545551                                  -0.01706354285307523                               0.06533018569959037                                -0.40027152369365204                               
3   :
parent#1: 0.641203963554633                                  -0.4320040704304389                                -0.24210444194992284                               0.008013827921567006                               -0.4046568142855711                                -0.4240330655217514                                
parent#2: -0.6084390918268747                                -0.07209078696254029                               0.42929770102161235                                -0.09394955590884492                               -0.21875581426138294                               0.6193768227347047                                 
son:      0.03849595337251116                                -0.5922688264053968                                0.21993624857585203                                -0.10096721284668947                               -0.7324571168714932                                0.2295123946085866                                 
mutated:  0.03849595337251116                                -0.5922688264053968                                0.21993624857585203                                -0.10096721284668947                               -0.7324571168714932                                0.2295123946085866                                 

