0   :
parent#1: -0.43791437563607977                               0.21611039202443216                                -0.39722792003620605                               -0.2661278964576774                                0.5980338593862198                                 0.41865107591961676                                
parent#2: -0.43791437563607977                               0.21611039202443216                                -0.39722792003620605                               -0.2661278964576774                                0.5980338593862198                                 0.41865107591961676                                
son     : -0.4528511754258883                                0.21432419397314592                                -0.39394474734821733                               -0.26392829316422795                               0.5930909831819229                                 0.4151908363218284                                 
1   :
parent#1: -0.43791437563607977                               0.21611039202443216                                -0.39722792003620605                               -0.2661278964576774                                0.5980338593862198                                 0.41865107591961676                                
parent#2: 0.5807101701644389                                 0.49069622381616573                                0.14980968237652867                                0.07528365070702964                                0.45647172103247813                                0.43071558260673226                                
son     : 0.08718093224782145                                0.43152573149255746                                -0.33047797488388364                               -0.11651589119712848                               0.6438059318558874                                 0.5185627304719966                                 
2   :
parent#1: -0.43791437563607977                               0.21611039202443216                                -0.39722792003620605                               -0.2661278964576774                                0.5980338593862198                                 0.41865107591961676                                
parent#2: 0.04993849713607218                                0.5669548658757171                                 0.26857884685129363                                -0.1582391697671452                                0.5085053286340128                                 -0.5659650391056736                                
son     : -0.2611886196913277                                0.527166107928974                                  -0.08660763648412027                               -0.2856874728868421                                0.7449314742729847                                 -0.09917299718370122                               
3   :
parent#1: -0.43791437563607977                               0.21611039202443216                                -0.39722792003620605                               -0.2661278964576774                                0.5980338593862198                                 0.41865107591961676                                
parent#2: 0.6260820785247944                                 -0.18304392326731728                               1.8977566461721683E-4                              0.13739941774423964                                -0.49955500524395724                               -0.5532470640043493                                
son     : 0.38528151821920115                                0.06770502636376226                                -0.8129527900167326                                -0.2635771333515918                                0.2016397174113229                                 -0.27559111281795545                               
4   :
parent#1: -0.43791437563607977                               0.21611039202443216                                -0.39722792003620605                               -0.2661278964576774                                0.5980338593862198                                 0.41865107591961676                                
parent#2: -0.2024131620885535                                0.201948072470656                                  0.3934345654259352                                 -0.4966033564673385                                -0.6715458441202526                                0.25664453268479315                                
son     : -0.5018521758111989                                0.32765036276383425                                -0.0029730148285556685                             -0.5977852212944046                                -0.05761449775855048                               0.5292581538787592                                 
5   :
parent#1: -0.43791437563607977                               0.21611039202443216                                -0.39722792003620605                               -0.2661278964576774                                0.5980338593862198                                 0.41865107591961676                                
parent#2: 0.513609862146599                                  -0.03969687532329356                               0.26515001486809464                                -0.16278093320038586                               -0.618123056432208                                 0.5057180954880737                                 
son     : 0.13526704031564923                                0.16762122336917581                                -0.12549525942404124                               -0.40753239369362904                               -0.019087969268577278                              0.8782994310951708                                 
6   :
parent#1: -0.43791437563607977                               0.21611039202443216                                -0.39722792003620605                               -0.2661278964576774                                0.5980338593862198                                 0.41865107591961676                                
parent#2: 0.1312298690338744                                 0.687743201601576                                  -0.23674122741123765                               -0.01408343728166277                               0.2660005760376095                                 0.6186977870576071                                 
son     : -0.17106564914990977                               0.5041607854376037                                 -0.3536218537762023                                -0.15629916958099618                               0.4819500444323726                                 0.5786231544793776                                 
7   :
parent#1: -0.43791437563607977                               0.21611039202443216                                -0.39722792003620605                               -0.2661278964576774                                0.5980338593862198                                 0.41865107591961676                                
parent#2: 0.13803748298085494                                -0.09341651339212566                               -0.2638666833620045                                0.24038102644036366                                -0.4846179787962077                                0.7809966443490395                                 
son     : -0.2119006723259155                                0.10733297832290274                                -0.46714633358621505                               -0.01819339602544626                               0.08014255829004627                                0.8477017226247123                                 
8   :
parent#1: -0.43791437563607977                               0.21611039202443216                                -0.39722792003620605                               -0.2661278964576774                                0.5980338593862198                                 0.41865107591961676                                
parent#2: -0.4776766193153375                                -0.345043090645962                                 0.10146980248249862                                -0.5921173730815134                                -0.12377596198103001                               -0.5258808989417985                                
son     : -0.6615626307294276                                -0.09316065334568926                               -0.21370078931236772                               -0.6201273291875934                                0.342676264818695                                  -0.07747918470404967                               
9   :
parent#1: -0.08680378310694388                               -0.2804951546984053                                -0.10185592825828224                               -0.9072855994231784                                -0.09594480709107683                               0.2665340060466277                                 
parent#2: -0.43791437563607977                               0.21611039202443216                                -0.39722792003620605                               -0.2661278964576774                                0.5980338593862198                                 0.41865107591961676                                
son     : -0.32373789487466953                               -0.03972377777054469                               -0.3079221706370091                                -0.7239665878611937                                0.30977630585346794                                0.4227419469656939                                 
10  :
parent#1: -0.08680378310694388                               -0.2804951546984053                                -0.10185592825828224                               -0.9072855994231784                                -0.09594480709107683                               0.2665340060466277                                 
parent#2: -0.08680378310694388                               -0.2804951546984053                                -0.10185592825828224                               -0.9072855994231784                                -0.09594480709107683                               0.2665340060466277                                 
son     : -0.0868037831069439                                -0.28049515469840536                               -0.10185592825828226                               -0.9072855994231785                                -0.09594480709107685                               0.26653400604662775                                
11  :
parent#1: -0.08680378310694388                               -0.2804951546984053                                -0.10185592825828224                               -0.9072855994231784                                -0.09594480709107683                               0.2665340060466277                                 
parent#2: 0.04993849713607218                                0.5669548658757171                                 0.26857884685129363                                -0.1582391697671452                                0.5085053286340128                                 -0.5659650391056736                                
son     : -0.03003614218018874                               0.23339421863201917                                0.13583817826647157                                -0.8681406537630229                                0.33613536845441794                                -0.2439626560669709                                
12  :
parent#1: -0.08680378310694388                               -0.2804951546984053                                -0.10185592825828224                               -0.9072855994231784                                -0.09594480709107683                               0.2665340060466277                                 
parent#2: 0.6260820785247944                                 -0.18304392326731728                               1.8977566461721683E-4                              0.13739941774423964                                -0.49955500524395724                               -0.5532470640043493                                
son     : 0.4337784188179493                                 -0.37285618577418017                               -0.08177704034095012                               -0.619272114965642                                 -0.4790012303404975                                -0.23062292325151645                               
13  :
parent#1: -0.08680378310694388                               -0.2804951546984053                                -0.10185592825828224                               -0.9072855994231784                                -0.09594480709107683                               0.2665340060466277                                 
parent#2: -0.2024131620885535                                0.201948072470656                                  0.3934345654259352                                 -0.4966033564673385                                -0.6715458441202526                                0.25664453268479315                                
son     : -0.16674353728011052                               -0.04528510016877989                               0.16810513410196018                                -0.8093903705933694                                -0.4424848133496742                                0.30163045985479325                                
14  :
parent#1: -0.08680378310694388                               -0.2804951546984053                                -0.10185592825828224                               -0.9072855994231784                                -0.09594480709107683                               0.2665340060466277                                 
parent#2: 0.513609862146599                                  -0.03969687532329356                               0.26515001486809464                                -0.16278093320038586                               -0.618123056432208                                 0.5057180954880737                                 
son     : 0.26661532400287846                                -0.20001613383637623                               0.10200582406696268                                -0.668444404404936                                 -0.44606073845451294                               0.48240700958584115                                
15  :
parent#1: -0.08680378310694388                               -0.2804951546984053                                -0.10185592825828224                               -0.9072855994231784                                -0.09594480709107683                               0.2665340060466277                                 
parent#2: 0.1312298690338744                                 0.687743201601576                                  -0.23674122741123765                               -0.01408343728166277                               0.2660005760376095                                 0.6186977870576071                                 
son     : 0.03186366623650924                                0.2920900090846571                                 -0.24285161593190957                               -0.6608323657975129                                0.12196888720328532                                0.6349136956114647                                 
16  :
parent#1: -0.08680378310694388                               -0.2804951546984053                                -0.10185592825828224                               -0.9072855994231784                                -0.09594480709107683                               0.2665340060466277                                 
parent#2: 0.13803748298085494                                -0.09341651339212566                               -0.2638666833620045                                0.24038102644036366                                -0.4846179787962077                                0.7809966443490395                                 
son     : 0.034897918194700436                               -0.25469054230283955                               -0.24911255313762823                               -0.4542631371324627                                -0.39545128809053176                               0.7135272102916093                                 
17  :
parent#1: -0.08680378310694388                               -0.2804951546984053                                -0.10185592825828224                               -0.9072855994231784                                -0.09594480709107683                               0.2665340060466277                                 
parent#2: -0.4776766193153375                                -0.345043090645962                                 0.10146980248249862                                -0.5921173730815134                                -0.12377596198103001                               -0.5258808989417985                                
son     : -0.32197287364494065                               -0.3567995373516441                                -2.2024152669241818E-4                             -0.8552415313932351                                -0.12532610009851108                               -0.14792836742962315                               
18  :
parent#1: 0.5807101701644389                                 0.49069622381616573                                0.14980968237652867                                0.07528365070702964                                0.45647172103247813                                0.43071558260673226                                
parent#2: -0.08680378310694388                               -0.2804951546984053                                -0.10185592825828224                               -0.9072855994231784                                -0.09594480709107683                               0.2665340060466277                                 
son     : 0.39061483458253315                                0.16624133235383237                                0.03792509719120071                                -0.6580038486772428                                0.2851292563571933                                 0.5514324978811559                                 
19  :
parent#1: 0.5807101701644389                                 0.49069622381616573                                0.14980968237652867                                0.07528365070702964                                0.45647172103247813                                0.43071558260673226                                
parent#2: 0.5807101701644389                                 0.49069622381616573                                0.14980968237652867                                0.07528365070702964                                0.45647172103247813                                0.43071558260673226                                
son     : 0.5807101701644389                                 0.49069622381616573                                0.14980968237652867                                0.07528365070702964                                0.45647172103247813                                0.43071558260673226                                
20  :
parent#1: 0.5807101701644389                                 0.49069622381616573                                0.14980968237652867                                0.07528365070702964                                0.45647172103247813                                0.43071558260673226                                
parent#2: 0.04993849713607218                                0.5669548658757171                                 0.26857884685129363                                -0.1582391697671452                                0.5085053286340128                                 -0.5659650391056736                                
son     : 0.3875691654632444                                 0.6499862307452493                                 0.2571233422347865                                 -0.05098084394647414                               0.5930328076824629                                 -0.08311841711967667                               
21  :
parent#1: 0.5807101701644389                                 0.49069622381616573                                0.14980968237652867                                0.07528365070702964                                0.45647172103247813                                0.43071558260673226                                
parent#2: 0.6260820785247944                                 -0.18304392326731728                               1.8977566461721683E-4                              0.13739941774423964                                -0.49955500524395724                               -0.5532470640043493                                
son     : 0.9436126583697285                                 0.2405588911345579                                 0.117287285785901                                  0.1663007330628073                                 -0.03368759816799365                               -0.09580957867534397                               
22  :
parent#1: 0.5807101701644389                                 0.49069622381616573                                0.14980968237652867                                0.07528365070702964                                0.45647172103247813                                0.43071558260673226                                
parent#2: -0.2024131620885535                                0.201948072470656                                  0.3934345654259352                                 -0.4966033564673385                                -0.6715458441202526                                0.25664453268479315                                
son     : 0.2977507527445756                                 0.5451678342702296                                 0.42757775042962387                                -0.3316131422088605                                -0.16928096357668893                               0.5410087507052006                                 
23  :
parent#1: 0.5807101701644389                                 0.49069622381616573                                0.14980968237652867                                0.07528365070702964                                0.45647172103247813                                0.43071558260673226                                
parent#2: 0.513609862146599                                  -0.03969687532329356                               0.26515001486809464                                -0.16278093320038586                               -0.618123056432208                                 0.5057180954880737                                 
son     : 0.694358897103689                                  0.28616437693519714                                0.26329679546555357                                -0.0555180521034166                                -0.10256966851502532                               0.594178153313608                                  
24  :
parent#1: 0.5807101701644389                                 0.49069622381616573                                0.14980968237652867                                0.07528365070702964                                0.45647172103247813                                0.43071558260673226                                
parent#2: 0.1312298690338744                                 0.687743201601576                                  -0.23674122741123765                               -0.01408343728166277                               0.2660005760376095                                 0.6186977870576071                                 
son     : 0.37892126019685696                                0.6272097754858351                                 -0.04626823718540172                               0.03257305491845915                                0.3845269238844689                                 0.5585372568010272                                 
25  :
parent#1: 0.5807101701644389                                 0.49069622381616573                                0.14980968237652867                                0.07528365070702964                                0.45647172103247813                                0.43071558260673226                                
parent#2: 0.13803748298085494                                -0.09341651339212566                               -0.2638666833620045                                0.24038102644036366                                -0.4846179787962077                                0.7809966443490395                                 
son     : 0.47851462843191794                                0.2644935982541152                                 -0.07593477795410762                               0.21015743847407273                                -0.018738699203567945                              0.8067115398718981                                 
26  :
parent#1: 0.5807101701644389                                 0.49069622381616573                                0.14980968237652867                                0.07528365070702964                                0.45647172103247813                                0.43071558260673226                                
parent#2: -0.4776766193153375                                -0.345043090645962                                 0.10146980248249862                                -0.5921173730815134                                -0.12377596198103001                               -0.5258808989417985                                
son     : 0.1484331107325418                                 0.20983211261017176                                0.3620004871570564                                 -0.7445655954910978                                0.47929112445959465                                -0.13709790472181366                               
27  :
parent#1: 0.04993849713607218                                0.5669548658757171                                 0.26857884685129363                                -0.1582391697671452                                0.5085053286340128                                 -0.5659650391056736                                
parent#2: -0.43791437563607977                               0.21611039202443216                                -0.39722792003620605                               -0.2661278964576774                                0.5980338593862198                                 0.41865107591961676                                
son     : -0.2611886196913277                                0.527166107928974                                  -0.08660763648412027                               -0.2856874728868421                                0.7449314742729847                                 -0.09917299718370122                               
28  :
parent#1: 0.04993849713607218                                0.5669548658757171                                 0.26857884685129363                                -0.1582391697671452                                0.5085053286340128                                 -0.5659650391056736                                
parent#2: -0.08680378310694388                               -0.2804951546984053                                -0.10185592825828224                               -0.9072855994231784                                -0.09594480709107683                               0.2665340060466277                                 
son     : -0.03003614218018874                               0.23339421863201917                                0.13583817826647157                                -0.8681406537630229                                0.33613536845441794                                -0.2439626560669709                                
29  :
parent#1: 0.04993849713607218                                0.5669548658757171                                 0.26857884685129363                                -0.1582391697671452                                0.5085053286340128                                 -0.5659650391056736                                
parent#2: 0.5807101701644389                                 0.49069622381616573                                0.14980968237652867                                0.07528365070702964                                0.45647172103247813                                0.43071558260673226                                
son     : 0.3875691654632444                                 0.6499862307452493                                 0.2571233422347865                                 -0.05098084394647414                               0.5930328076824629                                 -0.08311841711967667                               
30  :
parent#1: 0.04993849713607218                                0.5669548658757171                                 0.26857884685129363                                -0.1582391697671452                                0.5085053286340128                                 -0.5659650391056736                                
parent#2: 0.04993849713607218                                0.5669548658757171                                 0.26857884685129363                                -0.1582391697671452                                0.5085053286340128                                 -0.5659650391056736                                
son     : 0.04993849713607218                                0.5669548658757171                                 0.26857884685129363                                -0.1582391697671452                                0.5085053286340128                                 -0.5659650391056736                                
31  :
parent#1: 0.04993849713607218                                0.5669548658757171                                 0.26857884685129363                                -0.1582391697671452                                0.5085053286340128                                 -0.5659650391056736                                
parent#2: 0.6260820785247944                                 -0.18304392326731728                               1.8977566461721683E-4                              0.13739941774423964                                -0.49955500524395724                               -0.5532470640043493                                
son     : 0.48663822955809016                                0.27636102826647174                                0.19347500849962787                                -0.015001644023840995                              0.006442954083536661                               -0.8056728093298136                                
32  :
parent#1: 0.04993849713607218                                0.5669548658757171                                 0.26857884685129363                                -0.1582391697671452                                0.5085053286340128                                 -0.5659650391056736                                
parent#2: -0.2024131620885535                                0.201948072470656                                  0.3934345654259352                                 -0.4966033564673385                                -0.6715458441202526                                0.25664453268479315                                
son     : -0.12039883781859453                               0.6071501793498397                                 0.5227468149107962                                 -0.5170844555546031                                -0.1287419689559934                                -0.24424929543632393                               
33  :
parent#1: 0.04993849713607218                                0.5669548658757171                                 0.26857884685129363                                -0.1582391697671452                                0.5085053286340128                                 -0.5659650391056736                                
parent#2: 0.513609862146599                                  -0.03969687532329356                               0.26515001486809464                                -0.16278093320038586                               -0.618123056432208                                 0.5057180954880737                                 
son     : 0.5637869235760549                                 0.5274811922136033                                 0.5339548026642198                                 -0.3211559989075421                                -0.10966413175864291                               -0.060272447674698026                              
34  :
parent#1: 0.04993849713607218                                0.5669548658757171                                 0.26857884685129363                                -0.1582391697671452                                0.5085053286340128                                 -0.5659650391056736                                
parent#2: 0.1312298690338744                                 0.687743201601576                                  -0.23674122741123765                               -0.01408343728166277                               0.2660005760376095                                 0.6186977870576071                                 
son     : 0.12103637152688397                                0.8382484462369524                                 0.021270324486248                                  -0.11512662795487916                               0.5174379303043615                                 0.035230104502662                                  
35  :
parent#1: 0.04993849713607218                                0.5669548658757171                                 0.26857884685129363                                -0.1582391697671452                                0.5085053286340128                                 -0.5659650391056736                                
parent#2: 0.13803748298085494                                -0.09341651339212566                               -0.2638666833620045                                0.24038102644036366                                -0.4846179787962077                                0.7809966443490395                                 
son     : 0.33591129421793037                                0.8462085461432092                                 0.008420591478065462                               0.1467867190659211                                 0.04268646767774456                                0.3842594397971899                                 
36  :
parent#1: 0.04993849713607218                                0.5669548658757171                                 0.26857884685129363                                -0.1582391697671452                                0.5085053286340128                                 -0.5659650391056736                                
parent#2: -0.4776766193153375                                -0.345043090645962                                 0.10146980248249862                                -0.5921173730815134                                -0.12377596198103001                               -0.5258808989417985                                
son     : -0.28375480256034497                               0.14721281246880458                                0.24548450555320314                                -0.49777483377235743                               0.2552234645759046                                 -0.724313575321516                                 
37  :
parent#1: 0.6260820785247944                                 -0.18304392326731728                               1.8977566461721683E-4                              0.13739941774423964                                -0.49955500524395724                               -0.5532470640043493                                
parent#2: -0.43791437563607977                               0.21611039202443216                                -0.39722792003620605                               -0.2661278964576774                                0.5980338593862198                                 0.41865107591961676                                
son     : 0.38528151821920115                                0.06770502636376226                                -0.8129527900167326                                -0.2635771333515918                                0.2016397174113229                                 -0.27559111281795545                               
38  :
parent#1: 0.6260820785247944                                 -0.18304392326731728                               1.8977566461721683E-4                              0.13739941774423964                                -0.49955500524395724                               -0.5532470640043493                                
parent#2: -0.08680378310694388                               -0.2804951546984053                                -0.10185592825828224                               -0.9072855994231784                                -0.09594480709107683                               0.2665340060466277                                 
son     : 0.4337784188179493                                 -0.37285618577418017                               -0.08177704034095012                               -0.619272114965642                                 -0.4790012303404975                                -0.23062292325151645                               
39  :
parent#1: 0.6260820785247944                                 -0.18304392326731728                               1.8977566461721683E-4                              0.13739941774423964                                -0.49955500524395724                               -0.5532470640043493                                
parent#2: 0.5807101701644389                                 0.49069622381616573                                0.14980968237652867                                0.07528365070702964                                0.45647172103247813                                0.43071558260673226                                
son     : 0.9436126583697285                                 0.2405588911345579                                 0.117287285785901                                  0.1663007330628073                                 -0.03368759816799365                               -0.09580957867534397                               
40  :
parent#1: 0.6260820785247944                                 -0.18304392326731728                               1.8977566461721683E-4                              0.13739941774423964                                -0.49955500524395724                               -0.5532470640043493                                
parent#2: 0.04993849713607218                                0.5669548658757171                                 0.26857884685129363                                -0.1582391697671452                                0.5085053286340128                                 -0.5659650391056736                                
son     : 0.48663822955809016                                0.27636102826647174                                0.19347500849962787                                -0.015001644023840995                              0.006442954083536661                               -0.8056728093298136                                
41  :
parent#1: 0.6260820785247944                                 -0.18304392326731728                               1.8977566461721683E-4                              0.13739941774423964                                -0.49955500524395724                               -0.5532470640043493                                
parent#2: 0.6260820785247944                                 -0.18304392326731728                               1.8977566461721683E-4                              0.13739941774423964                                -0.49955500524395724                               -0.5532470640043493                                
son     : 0.6260820785247944                                 -0.18304392326731728                               1.8977566461721683E-4                              0.13739941774423964                                -0.49955500524395724                               -0.5532470640043493                                
42  :
parent#1: 0.6260820785247944                                 -0.18304392326731728                               1.8977566461721683E-4                              0.13739941774423964                                -0.49955500524395724                               -0.5532470640043493                                
parent#2: -0.2024131620885535                                0.201948072470656                                  0.3934345654259352                                 -0.4966033564673385                                -0.6715458441202526                                0.25664453268479315                                
son     : 0.3054966195828533                                 0.013631289560462685                               0.2838322589256762                                 -0.2590126033880692                                -0.8444503167255979                                -0.21387235919980008                               
43  :
parent#1: 0.6260820785247944                                 -0.18304392326731728                               1.8977566461721683E-4                              0.13739941774423964                                -0.49955500524395724                               -0.5532470640043493                                
parent#2: 0.513609862146599                                  -0.03969687532329356                               0.26515001486809464                                -0.16278093320038586                               -0.618123056432208                                 0.5057180954880737                                 
son     : 0.6973464482886174                                 -0.13628902622109373                               0.16235418880704622                                -0.01553025780378802                               -0.6838767554860744                                -0.02908168093750061                               
44  :
parent#1: 0.6260820785247944                                 -0.18304392326731728                               1.8977566461721683E-4                              0.13739941774423964                                -0.49955500524395724                               -0.5532470640043493                                
parent#2: 0.1312298690338744                                 0.687743201601576                                  -0.23674122741123765                               -0.01408343728166277                               0.2660005760376095                                 0.6186977870576071                                 
son     : 0.7736387172703764                                 0.5155800110595141                                 -0.24165122746003342                               0.12597453037886477                                -0.2385895925800326                                0.06686176494451561                                
45  :
parent#1: 0.6260820785247944                                 -0.18304392326731728                               1.8977566461721683E-4                              0.13739941774423964                                -0.49955500524395724                               -0.5532470640043493                                
parent#2: 0.13803748298085494                                -0.09341651339212566                               -0.2638666833620045                                0.24038102644036366                                -0.4846179787962077                                0.7809966443490395                                 
son     : 0.5553718114253168                                 -0.20093495995895103                               -0.191643728594483                                 0.2745756294923916                                 -0.7153094364254209                                0.16553129033649425                                
46  :
parent#1: 0.6260820785247944                                 -0.18304392326731728                               1.8977566461721683E-4                              0.13739941774423964                                -0.49955500524395724                               -0.5532470640043493                                
parent#2: -0.4776766193153375                                -0.345043090645962                                 0.10146980248249862                                -0.5921173730815134                                -0.12377596198103001                               -0.5258808989417985                                
son     : 0.10312247932211346                                -0.3669517446503651                                0.0706401759154605                                 -0.3159697978527844                                -0.4331338962926483                                -0.749853486776161                                 
47  :
parent#1: -0.2024131620885535                                0.201948072470656                                  0.3934345654259352                                 -0.4966033564673385                                -0.6715458441202526                                0.25664453268479315                                
parent#2: -0.43791437563607977                               0.21611039202443216                                -0.39722792003620605                               -0.2661278964576774                                0.5980338593862198                                 0.41865107591961676                                
son     : -0.5018521758111989                                0.32765036276383425                                -0.0029730148285556685                             -0.5977852212944046                                -0.05761449775855048                               0.5292581538787592                                 
48  :
parent#1: -0.2024131620885535                                0.201948072470656                                  0.3934345654259352                                 -0.4966033564673385                                -0.6715458441202526                                0.25664453268479315                                
parent#2: -0.08680378310694388                               -0.2804951546984053                                -0.10185592825828224                               -0.9072855994231784                                -0.09594480709107683                               0.2665340060466277                                 
son     : -0.16674353728011052                               -0.04528510016877989                               0.16810513410196018                                -0.8093903705933694                                -0.4424848133496742                                0.30163045985479325                                
49  :
parent#1: -0.2024131620885535                                0.201948072470656                                  0.3934345654259352                                 -0.4966033564673385                                -0.6715458441202526                                0.25664453268479315                                
parent#2: 0.5807101701644389                                 0.49069622381616573                                0.14980968237652867                                0.07528365070702964                                0.45647172103247813                                0.43071558260673226                                
son     : 0.2977507527445756                                 0.5451678342702296                                 0.42757775042962387                                -0.3316131422088605                                -0.16928096357668893                               0.5410087507052006                                 
50  :
parent#1: -0.2024131620885535                                0.201948072470656                                  0.3934345654259352                                 -0.4966033564673385                                -0.6715458441202526                                0.25664453268479315                                
parent#2: 0.04993849713607218                                0.5669548658757171                                 0.26857884685129363                                -0.1582391697671452                                0.5085053286340128                                 -0.5659650391056736                                
son     : -0.12039883781859453                               0.6071501793498397                                 0.5227468149107962                                 -0.5170844555546031                                -0.1287419689559934                                -0.24424929543632393                               
51  :
parent#1: -0.2024131620885535                                0.201948072470656                                  0.3934345654259352                                 -0.4966033564673385                                -0.6715458441202526                                0.25664453268479315                                
parent#2: 0.6260820785247944                                 -0.18304392326731728                               1.8977566461721683E-4                              0.13739941774423964                                -0.49955500524395724                               -0.5532470640043493                                
son     : 0.3054966195828533                                 0.013631289560462685                               0.2838322589256762                                 -0.2590126033880692                                -0.8444503167255979                                -0.21387235919980008                               
52  :
parent#1: -0.2024131620885535                                0.201948072470656                                  0.3934345654259352                                 -0.4966033564673385                                -0.6715458441202526                                0.25664453268479315                                
parent#2: -0.2024131620885535                                0.201948072470656                                  0.3934345654259352                                 -0.4966033564673385                                -0.6715458441202526                                0.25664453268479315                                
son     : -0.20241316208855353                               0.20194807247065602                                0.39343456542593525                                -0.49660335646733855                               -0.6715458441202528                                0.2566445326847932                                 
53  :
parent#1: -0.2024131620885535                                0.201948072470656                                  0.3934345654259352                                 -0.4966033564673385                                -0.6715458441202526                                0.25664453268479315                                
parent#2: 0.513609862146599                                  -0.03969687532329356                               0.26515001486809464                                -0.16278093320038586                               -0.618123056432208                                 0.5057180954880737                                 
son     : 0.17299032592178482                                0.0901933968788444                                 0.3660988730628432                                 -0.36654342143103713                               -0.7169106979481038                                0.4237877827548099                                 
54  :
parent#1: -0.2024131620885535                                0.201948072470656                                  0.3934345654259352                                 -0.4966033564673385                                -0.6715458441202526                                0.25664453268479315                                
parent#2: 0.1312298690338744                                 0.687743201601576                                  -0.23674122741123765                               -0.01408343728166277                               0.2660005760376095                                 0.6186977870576071                                 
son     : -0.05017560183977351                               0.6271246132695563                                 0.11044982891043285                                -0.35997234924629656                               -0.28586030550298264                               0.6170103380179506                                 
55  :
parent#1: -0.2024131620885535                                0.201948072470656                                  0.3934345654259352                                 -0.4966033564673385                                -0.6715458441202526                                0.25664453268479315                                
parent#2: 0.13803748298085494                                -0.09341651339212566                               -0.2638666833620045                                0.24038102644036366                                -0.4846179787962077                                0.7809966443490395                                 
son     : -0.04061920816506237                               0.06848030268254504                                0.08175361947260092                                -0.1616689455421742                                -0.7295062304102647                                0.6547218383524155                                 
56  :
parent#1: -0.2024131620885535                                0.201948072470656                                  0.3934345654259352                                 -0.4966033564673385                                -0.6715458441202526                                0.25664453268479315                                
parent#2: -0.4776766193153375                                -0.345043090645962                                 0.10146980248249862                                -0.5921173730815134                                -0.12377596198103001                               -0.5258808989417985                                
son     : -0.420299940904699                                 -0.08843365880117583                               0.30585414201637656                                -0.6728365442376065                                -0.4915140871761893                                -0.16638983840283858                               
57  :
parent#1: 0.513609862146599                                  -0.03969687532329356                               0.26515001486809464                                -0.16278093320038586                               -0.618123056432208                                 0.5057180954880737                                 
parent#2: -0.43791437563607977                               0.21611039202443216                                -0.39722792003620605                               -0.2661278964576774                                0.5980338593862198                                 0.41865107591961676                                
son     : 0.07239955533662853                                0.16873212331832224                                -0.12632697198710516                               -0.41023329102828615                               -0.019214473679316894                              0.8841203097030667                                 
58  :
parent#1: 0.513609862146599                                  -0.03969687532329356                               0.26515001486809464                                -0.16278093320038586                               -0.618123056432208                                 0.5057180954880737                                 
parent#2: -0.08680378310694388                               -0.2804951546984053                                -0.10185592825828224                               -0.9072855994231784                                -0.09594480709107683                               0.2665340060466277                                 
son     : 0.26661532400287846                                -0.20001613383637623                               0.10200582406696268                                -0.668444404404936                                 -0.44606073845451294                               0.48240700958584115                                
59  :
parent#1: 0.513609862146599                                  -0.03969687532329356                               0.26515001486809464                                -0.16278093320038586                               -0.618123056432208                                 0.5057180954880737                                 
parent#2: 0.5807101701644389                                 0.49069622381616573                                0.14980968237652867                                0.07528365070702964                                0.45647172103247813                                0.43071558260673226                                
son     : 0.694358897103689                                  0.28616437693519714                                0.26329679546555357                                -0.0555180521034166                                -0.10256966851502532                               0.594178153313608                                  
60  :
parent#1: 0.513609862146599                                  -0.03969687532329356                               0.26515001486809464                                -0.16278093320038586                               -0.618123056432208                                 0.5057180954880737                                 
parent#2: 0.04993849713607218                                0.5669548658757171                                 0.26857884685129363                                -0.1582391697671452                                0.5085053286340128                                 -0.5659650391056736                                
son     : 0.5637869235760549                                 0.5274811922136033                                 0.5339548026642198                                 -0.3211559989075421                                -0.10966413175864291                               -0.060272447674698026                              
61  :
parent#1: 0.513609862146599                                  -0.03969687532329356                               0.26515001486809464                                -0.16278093320038586                               -0.618123056432208                                 0.5057180954880737                                 
parent#2: 0.6260820785247944                                 -0.18304392326731728                               1.8977566461721683E-4                              0.13739941774423964                                -0.49955500524395724                               -0.5532470640043493                                
son     : 0.6973464482886174                                 -0.13628902622109373                               0.16235418880704622                                -0.01553025780378802                               -0.6838767554860744                                -0.02908168093750061                               
62  :
parent#1: 0.513609862146599                                  -0.03969687532329356                               0.26515001486809464                                -0.16278093320038586                               -0.618123056432208                                 0.5057180954880737                                 
parent#2: 0.513609862146599                                  -0.03969687532329356                               0.26515001486809464                                -0.16278093320038586                               -0.618123056432208                                 0.5057180954880737                                 
son     : 0.5136098621465991                                 -0.039696875323293565                              0.2651500148680947                                 -0.1627809332003859                                -0.6181230564322081                                0.5057180954880738                                 
63  :
parent#1: 0.513609862146599                                  -0.03969687532329356                               0.26515001486809464                                -0.16278093320038586                               -0.618123056432208                                 0.5057180954880737                                 
parent#2: 0.1312298690338744                                 0.687743201601576                                  -0.23674122741123765                               -0.01408343728166277                               0.2660005760376095                                 0.6186977870576071                                 
son     : 0.4293047703371658                                 0.43143957454581633                                0.018913270049903303                               -0.11774820048948391                               -0.23442702623118675                               0.7485846154920555                                 
64  :
parent#1: 0.513609862146599                                  -0.03969687532329356                               0.26515001486809464                                -0.16278093320038586                               -0.618123056432208                                 0.5057180954880737                                 
parent#2: 0.13803748298085494                                -0.09341651339212566                               -0.2638666833620045                                0.24038102644036366                                -0.4846179787962077                                0.7809966443490395                                 
son     : 0.3576347399514719                                 -0.07305480872938572                               7.04313357345637E-4                                0.04258820261235223                                -0.6052023480439346                                0.7061701314587073                                 
65  :
parent#1: 0.513609862146599                                  -0.03969687532329356                               0.26515001486809464                                -0.16278093320038586                               -0.618123056432208                                 0.5057180954880737                                 
parent#2: -0.4776766193153375                                -0.345043090645962                                 0.10146980248249862                                -0.5921173730815134                                -0.12377596198103001                               -0.5258808989417985                                
son     : 0.03032132505938835                                -0.3246527352477825                                0.3093625228121574                                 -0.6370011479075742                                -0.626032039584756                                 -0.01701385317489545                               
66  :
parent#1: 0.1312298690338744                                 0.687743201601576                                  -0.23674122741123765                               -0.01408343728166277                               0.2660005760376095                                 0.6186977870576071                                 
parent#2: -0.43791437563607977                               0.21611039202443216                                -0.39722792003620605                               -0.2661278964576774                                0.5980338593862198                                 0.41865107591961676                                
son     : -0.17106564914990977                               0.5041607854376037                                 -0.3536218537762023                                -0.15629916958099618                               0.4819500444323726                                 0.5786231544793776                                 
67  :
parent#1: 0.1312298690338744                                 0.687743201601576                                  -0.23674122741123765                               -0.01408343728166277                               0.2660005760376095                                 0.6186977870576071                                 
parent#2: -0.08680378310694388                               -0.2804951546984053                                -0.10185592825828224                               -0.9072855994231784                                -0.09594480709107683                               0.2665340060466277                                 
son     : 0.03186366623650924                                0.2920900090846571                                 -0.24285161593190957                               -0.6608323657975129                                0.12196888720328532                                0.6349136956114647                                 
68  :
parent#1: 0.1312298690338744                                 0.687743201601576                                  -0.23674122741123765                               -0.01408343728166277                               0.2660005760376095                                 0.6186977870576071                                 
parent#2: 0.5807101701644389                                 0.49069622381616573                                0.14980968237652867                                0.07528365070702964                                0.45647172103247813                                0.43071558260673226                                
son     : 0.37892126019685696                                0.6272097754858351                                 -0.04626823718540172                               0.03257305491845915                                0.3845269238844689                                 0.5585372568010272                                 
69  :
parent#1: 0.1312298690338744                                 0.687743201601576                                  -0.23674122741123765                               -0.01408343728166277                               0.2660005760376095                                 0.6186977870576071                                 
parent#2: 0.04993849713607218                                0.5669548658757171                                 0.26857884685129363                                -0.1582391697671452                                0.5085053286340128                                 -0.5659650391056736                                
son     : 0.12103637152688397                                0.8382484462369524                                 0.021270324486248                                  -0.11512662795487916                               0.5174379303043615                                 0.035230104502662                                  
70  :
parent#1: 0.1312298690338744                                 0.687743201601576                                  -0.23674122741123765                               -0.01408343728166277                               0.2660005760376095                                 0.6186977870576071                                 
parent#2: 0.6260820785247944                                 -0.18304392326731728                               1.8977566461721683E-4                              0.13739941774423964                                -0.49955500524395724                               -0.5532470640043493                                
son     : 0.7736387172703764                                 0.5155800110595141                                 -0.24165122746003342                               0.12597453037886477                                -0.2385895925800326                                0.06686176494451561                                
71  :
parent#1: 0.1312298690338744                                 0.687743201601576                                  -0.23674122741123765                               -0.01408343728166277                               0.2660005760376095                                 0.6186977870576071                                 
parent#2: -0.2024131620885535                                0.201948072470656                                  0.3934345654259352                                 -0.4966033564673385                                -0.6715458441202526                                0.25664453268479315                                
son     : -0.05017560183977351                               0.6271246132695563                                 0.11044982891043285                                -0.35997234924629656                               -0.28586030550298264                               0.6170103380179506                                 
72  :
parent#1: 0.1312298690338744                                 0.687743201601576                                  -0.23674122741123765                               -0.01408343728166277                               0.2660005760376095                                 0.6186977870576071                                 
parent#2: 0.513609862146599                                  -0.03969687532329356                               0.26515001486809464                                -0.16278093320038586                               -0.618123056432208                                 0.5057180954880737                                 
son     : 0.4293047703371658                                 0.43143957454581633                                0.018913270049903303                               -0.11774820048948391                               -0.23442702623118675                               0.7485846154920555                                 
73  :
parent#1: 0.1312298690338744                                 0.687743201601576                                  -0.23674122741123765                               -0.01408343728166277                               0.2660005760376095                                 0.6186977870576071                                 
parent#2: 0.1312298690338744                                 0.687743201601576                                  -0.23674122741123765                               -0.01408343728166277                               0.2660005760376095                                 0.6186977870576071                                 
son     : 0.1312298690338744                                 0.687743201601576                                  -0.23674122741123765                               -0.01408343728166277                               0.2660005760376095                                 0.6186977870576071                                 
74  :
parent#1: 0.1312298690338744                                 0.687743201601576                                  -0.23674122741123765                               -0.01408343728166277                               0.2660005760376095                                 0.6186977870576071                                 
parent#2: 0.13803748298085494                                -0.09341651339212566                               -0.2638666833620045                                0.24038102644036366                                -0.4846179787962077                                0.7809966443490395                                 
son     : 0.1628342814088315                                 0.35940769823213714                                -0.30273305994362903                               0.13684913911580462                                -0.1322046932734502                                0.8464384383205016                                 
75  :
parent#1: 0.1312298690338744                                 0.687743201601576                                  -0.23674122741123765                               -0.01408343728166277                               0.2660005760376095                                 0.6186977870576071                                 
parent#2: -0.4776766193153375                                -0.345043090645962                                 0.10146980248249862                                -0.5921173730815134                                -0.12377596198103001                               -0.5258808989417985                                
son     : -0.42902534627901373                               0.42438566288510376                                -0.16751454552412084                               -0.7506940456776913                                0.1761250877528809                                 0.11494060063220035                                
76  :
parent#1: 0.13803748298085494                                -0.09341651339212566                               -0.2638666833620045                                0.24038102644036366                                -0.4846179787962077                                0.7809966443490395                                 
parent#2: -0.43791437563607977                               0.21611039202443216                                -0.39722792003620605                               -0.2661278964576774                                0.5980338593862198                                 0.41865107591961676                                
son     : -0.21232614541600128                               0.08687270994930535                                -0.468084311705357                                 -0.018229926350438318                              0.08030347567435075                                0.849403813833                                     
77  :
parent#1: 0.13803748298085494                                -0.09341651339212566                               -0.2638666833620045                                0.24038102644036366                                -0.4846179787962077                                0.7809966443490395                                 
parent#2: 0.5807101701644389                                 0.49069622381616573                                0.14980968237652867                                0.07528365070702964                                0.45647172103247813                                0.43071558260673226                                
son     : 0.47851462843191794                                0.2644935982541152                                 -0.07593477795410762                               0.21015743847407273                                -0.018738699203567945                              0.8067115398718981                                 
78  :
parent#1: 0.13803748298085494                                -0.09341651339212566                               -0.2638666833620045                                0.24038102644036366                                -0.4846179787962077                                0.7809966443490395                                 
parent#2: 0.04993849713607218                                0.5669548658757171                                 0.26857884685129363                                -0.1582391697671452                                0.5085053286340128                                 -0.5659650391056736                                
son     : 0.33591129421793037                                0.8462085461432092                                 0.008420591478065462                               0.1467867190659211                                 0.04268646767774456                                0.3842594397971899                                 
79  :
parent#1: 0.13803748298085494                                -0.09341651339212566                               -0.2638666833620045                                0.24038102644036366                                -0.4846179787962077                                0.7809966443490395                                 
parent#2: -0.2024131620885535                                0.201948072470656                                  0.3934345654259352                                 -0.4966033564673385                                -0.6715458441202526                                0.25664453268479315                                
son     : -0.04061920816506237                               0.06848030268254504                                0.08175361947260092                                -0.1616689455421742                                -0.7295062304102647                                0.6547218383524155                                 
80  :
parent#1: 0.13803748298085494                                -0.09341651339212566                               -0.2638666833620045                                0.24038102644036366                                -0.4846179787962077                                0.7809966443490395                                 
parent#2: 0.513609862146599                                  -0.03969687532329356                               0.26515001486809464                                -0.16278093320038586                               -0.618123056432208                                 0.5057180954880737                                 
son     : 0.3576347399514719                                 -0.07305480872938572                               7.04313357345637E-4                                0.04258820261235223                                -0.6052023480439346                                0.7061701314587073                                 
81  :
parent#1: 0.13803748298085494                                -0.09341651339212566                               -0.2638666833620045                                0.24038102644036366                                -0.4846179787962077                                0.7809966443490395                                 
parent#2: 0.1312298690338744                                 0.687743201601576                                  -0.23674122741123765                               -0.01408343728166277                               0.2660005760376095                                 0.6186977870576071                                 
son     : 0.1628342814088315                                 0.35940769823213714                                -0.30273305994362903                               0.13684913911580462                                -0.1322046932734502                                0.8464384383205016                                 
82  :
parent#1: 0.13803748298085494                                -0.09341651339212566                               -0.2638666833620045                                0.24038102644036366                                -0.4846179787962077                                0.7809966443490395                                 
parent#2: 0.13803748298085494                                -0.09341651339212566                               -0.2638666833620045                                0.24038102644036366                                -0.4846179787962077                                0.7809966443490395                                 
son     : 0.13803748298085497                                -0.09341651339212567                               -0.26386668336200453                               0.2403810264403637                                 -0.48461797879620777                               0.7809966443490396                                 
83  :
parent#1: 0.13803748298085494                                -0.09341651339212566                               -0.2638666833620045                                0.24038102644036366                                -0.4846179787962077                                0.7809966443490395                                 
parent#2: -0.4776766193153375                                -0.345043090645962                                 0.10146980248249862                                -0.5921173730815134                                -0.12377596198103001                               -0.5258808989417985                                
son     : -0.35942762396538597                               -0.46400569553036425                               -0.17185865464110378                               -0.3722296573354535                                -0.6438409628775723                                0.2699796236602707                                 
84  :
parent#1: -0.4776766193153375                                -0.345043090645962                                 0.10146980248249862                                -0.5921173730815134                                -0.12377596198103001                               -0.5258808989417985                                
parent#2: -0.43791437563607977                               0.21611039202443216                                -0.39722792003620605                               -0.2661278964576774                                0.5980338593862198                                 0.41865107591961676                                
son     : -0.6615626307294276                                -0.09316065334568926                               -0.21370078931236772                               -0.6201273291875934                                0.342676264818695                                  -0.07747918470404967                               
85  :
parent#1: -0.4776766193153375                                -0.345043090645962                                 0.10146980248249862                                -0.5921173730815134                                -0.12377596198103001                               -0.5258808989417985                                
parent#2: -0.08680378310694388                               -0.2804951546984053                                -0.10185592825828224                               -0.9072855994231784                                -0.09594480709107683                               0.2665340060466277                                 
son     : -0.32197287364494065                               -0.3567995373516441                                -2.2024152669241818E-4                             -0.8552415313932351                                -0.12532610009851108                               -0.14792836742962315                               
86  :
parent#1: -0.4776766193153375                                -0.345043090645962                                 0.10146980248249862                                -0.5921173730815134                                -0.12377596198103001                               -0.5258808989417985                                
parent#2: 0.5807101701644389                                 0.49069622381616573                                0.14980968237652867                                0.07528365070702964                                0.45647172103247813                                0.43071558260673226                                
son     : 0.1484331107325418                                 0.20983211261017176                                0.3620004871570564                                 -0.7445655954910978                                0.47929112445959465                                -0.13709790472181366                               
87  :
parent#1: -0.4776766193153375                                -0.345043090645962                                 0.10146980248249862                                -0.5921173730815134                                -0.12377596198103001                               -0.5258808989417985                                
parent#2: 0.04993849713607218                                0.5669548658757171                                 0.26857884685129363                                -0.1582391697671452                                0.5085053286340128                                 -0.5659650391056736                                
son     : -0.28375480256034497                               0.14721281246880458                                0.24548450555320314                                -0.49777483377235743                               0.2552234645759046                                 -0.724313575321516                                 
88  :
parent#1: -0.4776766193153375                                -0.345043090645962                                 0.10146980248249862                                -0.5921173730815134                                -0.12377596198103001                               -0.5258808989417985                                
parent#2: 0.6260820785247944                                 -0.18304392326731728                               1.8977566461721683E-4                              0.13739941774423964                                -0.49955500524395724                               -0.5532470640043493                                
son     : 0.10312247932211346                                -0.3669517446503651                                0.0706401759154605                                 -0.3159697978527844                                -0.4331338962926483                                -0.749853486776161                                 
89  :
parent#1: -0.4776766193153375                                -0.345043090645962                                 0.10146980248249862                                -0.5921173730815134                                -0.12377596198103001                               -0.5258808989417985                                
parent#2: -0.2024131620885535                                0.201948072470656                                  0.3934345654259352                                 -0.4966033564673385                                -0.6715458441202526                                0.25664453268479315                                
son     : -0.420299940904699                                 -0.08843365880117583                               0.30585414201637656                                -0.6728365442376065                                -0.4915140871761893                                -0.16638983840283858                               
90  :
parent#1: -0.4776766193153375                                -0.345043090645962                                 0.10146980248249862                                -0.5921173730815134                                -0.12377596198103001                               -0.5258808989417985                                
parent#2: 0.513609862146599                                  -0.03969687532329356                               0.26515001486809464                                -0.16278093320038586                               -0.618123056432208                                 0.5057180954880737                                 
son     : 0.03032132505938835                                -0.3246527352477825                                0.3093625228121574                                 -0.6370011479075742                                -0.626032039584756                                 -0.01701385317489545                               
91  :
parent#1: -0.4776766193153375                                -0.345043090645962                                 0.10146980248249862                                -0.5921173730815134                                -0.12377596198103001                               -0.5258808989417985                                
parent#2: 0.1312298690338744                                 0.687743201601576                                  -0.23674122741123765                               -0.01408343728166277                               0.2660005760376095                                 0.6186977870576071                                 
son     : -0.42902534627901373                               0.42438566288510376                                -0.16751454552412084                               -0.7506940456776913                                0.1761250877528809                                 0.11494060063220035                                
92  :
parent#1: -0.4776766193153375                                -0.345043090645962                                 0.10146980248249862                                -0.5921173730815134                                -0.12377596198103001                               -0.5258808989417985                                
parent#2: 0.13803748298085494                                -0.09341651339212566                               -0.2638666833620045                                0.24038102644036366                                -0.4846179787962077                                0.7809966443490395                                 
son     : -0.35942762396538597                               -0.46400569553036425                               -0.17185865464110378                               -0.3722296573354535                                -0.6438409628775723                                0.2699796236602707                                 
93  :
parent#1: -0.4776766193153375                                -0.345043090645962                                 0.10146980248249862                                -0.5921173730815134                                -0.12377596198103001                               -0.5258808989417985                                
parent#2: -0.4776766193153375                                -0.345043090645962                                 0.10146980248249862                                -0.5921173730815134                                -0.12377596198103001                               -0.5258808989417985                                
son     : -0.4776766193153375                                -0.345043090645962                                 0.10146980248249862                                -0.5921173730815134                                -0.12377596198103001                               -0.5258808989417985                                

0   :
parent#1: -0.43791437563607977                               0.21611039202443216                                -0.39722792003620605                               -0.2661278964576774                                0.5980338593862198                                 0.41865107591961676                                
parent#2: -0.08680378310694388                               -0.2804951546984053                                -0.10185592825828224                               -0.9072855994231784                                -0.09594480709107683                               0.2665340060466277                                 
son:      -0.324380476017537                                 -0.03980262473570671                               -0.3085333594519569                                -0.7254035752660998                                0.30392265469845653                                0.42358103935407304                                
mutated:  -0.324380476017537                                 -0.03980262473570671                               -0.3085333594519569                                -0.7254035752660998                                0.30392265469845653                                0.42358103935407304                                
1   :
parent#1: -0.08680378310694388                               -0.2804951546984053                                -0.10185592825828224                               -0.9072855994231784                                -0.09594480709107683                               0.2665340060466277                                 
parent#2: 0.5807101701644389                                 0.49069622381616573                                0.14980968237652867                                0.07528365070702964                                0.45647172103247813                                0.43071558260673226                                
son:      0.39061483458253315                                0.16624133235383237                                0.03792509719120071                                -0.6580038486772428                                0.2851292563571933                                 0.5514324978811559                                 
mutated:  0.39061483458253315                                0.16624133235383237                                0.03792509719120071                                -0.6580038486772428                                0.2851292563571933                                 0.5514324978811559                                 
2   :
parent#1: 0.5807101701644389                                 0.49069622381616573                                0.14980968237652867                                0.07528365070702964                                0.45647172103247813                                0.43071558260673226                                
parent#2: -0.43791437563607977                               0.21611039202443216                                -0.39722792003620605                               -0.2661278964576774                                0.5980338593862198                                 0.41865107591961676                                
son:      0.09121010156693109                                0.4514692006997201                                 -0.15803716531699724                               -0.12190081014552523                               0.6735601801899245                                 0.5425287169529878                                 
mutated:  0.09121010156693109                                0.4514692006997201                                 -0.15803716531699724                               -0.12190081014552523                               0.6735601801899245                                 0.5425287169529878                                 
3   :
parent#1: 0.513609862146599                                  -0.03969687532329356                               0.26515001486809464                                -0.16278093320038586                               -0.618123056432208                                 0.5057180954880737                                 
parent#2: -0.2024131620885535                                0.201948072470656                                  0.3934345654259352                                 -0.4966033564673385                                -0.6715458441202526                                0.25664453268479315                                
son:      0.17299032592178482                                0.0901933968788444                                 0.3660988730628432                                 -0.36654342143103713                               -0.7169106979481038                                0.4237877827548099                                 
mutated:  0.17299032592178482                                0.0901933968788444                                 0.3660988730628432                                 -0.36654342143103713                               -0.7169106979481038                                0.4237877827548099                                 
4   :
parent#1: 0.13803748298085494                                -0.09341651339212566                               -0.2638666833620045                                0.24038102644036366                                -0.4846179787962077                                0.7809966443490395                                 
parent#2: -0.08680378310694388                               -0.2804951546984053                                -0.10185592825828224                               -0.9072855994231784                                -0.09594480709107683                               0.2665340060466277                                 
son:      0.034897918194700436                               -0.25469054230283955                               -0.24911255313762823                               -0.4542631371324627                                -0.39545128809053176                               0.7135272102916093                                 
mutated:  0.034897918194700436                               -0.25469054230283955                               -0.24911255313762823                               -0.4542631371324627                                -0.39545128809053176                               0.7135272102916093                                 
5   :
parent#1: 0.13803748298085494                                -0.09341651339212566                               -0.2638666833620045                                0.24038102644036366                                -0.4846179787962077                                0.7809966443490395                                 
parent#2: 0.6260820785247944                                 -0.18304392326731728                               1.8977566461721683E-4                              0.13739941774423964                                -0.49955500524395724                               -0.5532470640043493                                
son:      0.5553718114253168                                 -0.20093495995895103                               -0.191643728594483                                 0.2745756294923916                                 -0.7153094364254209                                0.16553129033649425                                
mutated:  0.5553718114253168                                 -0.20093495995895103                               -0.191643728594483                                 0.2745756294923916                                 -0.7153094364254209                                0.16553129033649425                                

