0   :
parent#1: -0.5644543153023431                                -0.3038686894369599                                0.303835812741416                                  -0.24147863866379637                               0.4776315476802716                                 0.45857945455702503                                
parent#2: -0.5644543153023431                                -0.3038686894369599                                0.303835812741416                                  -0.24147863866379637                               0.4776315476802716                                 0.45857945455702503                                
son     : -0.5644543153023432                                -0.30386868943695994                               0.3038358127414161                                 -0.2414786386637964                                0.47763154768027166                                0.4585794545570251                                 
1   :
parent#1: -0.5644543153023431                                -0.3038686894369599                                0.303835812741416                                  -0.24147863866379637                               0.4776315476802716                                 0.45857945455702503                                
parent#2: -0.5644543153023431                                -0.3038686894369599                                0.303835812741416                                  -0.24147863866379637                               0.4776315476802716                                 0.45857945455702503                                
son     : -0.5462216719847749                                -0.38733280218470767                               0.2940215020866194                                 -0.2336785496783651                                0.4622033980320438                                 0.4437667134705746                                 
2   :
parent#1: -0.5644543153023431                                -0.3038686894369599                                0.303835812741416                                  -0.24147863866379637                               0.4776315476802716                                 0.45857945455702503                                
parent#2: -0.2024131620885535                                0.201948072470656                                  0.3934345654259352                                 -0.4966033564673385                                -0.6715458441202526                                0.25664453268479315                                
son     : -0.5396235250677179                                -0.24398180289484575                               0.3280592100343178                                 -0.5193679739252497                                -0.13645215019678072                               0.503283423260479                                  
3   :
parent#1: -0.5644543153023431                                -0.3038686894369599                                0.303835812741416                                  -0.24147863866379637                               0.4776315476802716                                 0.45857945455702503                                
parent#2: 0.641203963554633                                  -0.4320040704304389                                -0.24210444194992284                               0.008013827921567006                               -0.4046568142855711                                -0.4240330655217514                                
son     : 0.09808835897500388                                -0.9404675210045234                                0.07889454865396586                                -0.2983750503824867                                0.09326390424350929                                0.044151324288068707                               
4   :
parent#1: -0.5644543153023431                                -0.3038686894369599                                0.303835812741416                                  -0.24147863866379637                               0.4776315476802716                                 0.45857945455702503                                
parent#2: 0.47612379543073824                                -0.5247017354946689                                0.34341953304136674                                0.5252597881744829                                 -0.059020275934295194                              -0.3172948257925076                                
son     : -0.07494795532649097                               -0.7030374018277479                                0.5491925645979907                                 0.24078672860686237                                0.3551893381765169                                 0.11987922249698993                                
5   :
parent#1: -0.5644543153023431                                -0.3038686894369599                                0.303835812741416                                  -0.24147863866379637                               0.4776315476802716                                 0.45857945455702503                                
parent#2: 0.29085527417441626                                0.25733626516347335                                -0.21183211697599721                               -0.24419522650199865                               0.6607173766948191                                 -0.5550942711119088                                
son     : -0.2146449756741872                                -0.015703623497914192                              0.07217909448107308                                -0.3810227351102356                                0.8930618914961105                                 -0.07571817637304976                               
6   :
parent#1: -0.5644543153023431                                -0.3038686894369599                                0.303835812741416                                  -0.24147863866379637                               0.4776315476802716                                 0.45857945455702503                                
parent#2: -0.38264960890916355                               0.4790744124857008                                 0.26414492176544646                                -0.597470831021331                                 0.17987767867683918                                0.40616138565991555                                
son     : -0.5349728802688113                                0.09896517995846968                                0.3208246547276206                                 -0.4738816963208097                                0.37139493949454777                                0.48844998542484985                                
7   :
parent#1: -0.5644543153023431                                -0.3038686894369599                                0.303835812741416                                  -0.24147863866379637                               0.4776315476802716                                 0.45857945455702503                                
parent#2: 0.42438881151852653                                0.03224904728322666                                -0.12631550009456682                               -0.4421613258516074                                0.5761956668138181                                 -0.5247765672257142                                
son     : -0.10719836479657806                               -0.20788260277457507                               0.1358641972493892                                 -0.5232200957828519                                0.8065408763763837                                 -0.05066359696453845                               
8   :
parent#1: -0.5644543153023431                                -0.3038686894369599                                0.303835812741416                                  -0.24147863866379637                               0.4776315476802716                                 0.45857945455702503                                
parent#2: 0.18609178138933447                                0.25572679630503725                                0.13517161443963027                                -0.4933194634932949                                0.5317830519848108                                 -0.5962759275378287                                
son     : -0.27334382366224763                               -0.03477957770005989                               0.3171560553862417                                 -0.5308467537368836                                0.7292404020012938                                 -0.09947729242671763                               
9   :
parent#1: -0.5644543153023431                                -0.3038686894369599                                0.303835812741416                                  -0.24147863866379637                               0.4776315476802716                                 0.45857945455702503                                
parent#2: 0.03370499264069502                                0.4199378220315276                                 0.7547488078173188                                 -0.07907538225074534                               0.007827421866694663                               -0.4965443097908417                                
son     : -0.4005643962766925                                0.08759909817867388                                0.7989295347857099                                 -0.24192688031663506                               0.366383094147917                                  -0.028652640082897425                              
10  :
parent#1: -0.5644543153023431                                -0.3038686894369599                                0.303835812741416                                  -0.24147863866379637                               0.4776315476802716                                 0.45857945455702503                                
parent#2: -0.5644543153023431                                -0.3038686894369599                                0.303835812741416                                  -0.24147863866379637                               0.4776315476802716                                 0.45857945455702503                                
son     : -0.5644543153023432                                -0.30386868943695994                               0.3038358127414161                                 -0.2414786386637964                                0.47763154768027166                                0.4585794545570251                                 
11  :
parent#1: -0.5644543153023431                                -0.3038686894369599                                0.303835812741416                                  -0.24147863866379637                               0.4776315476802716                                 0.45857945455702503                                
parent#2: -0.5644543153023431                                -0.3038686894369599                                0.303835812741416                                  -0.24147863866379637                               0.4776315476802716                                 0.45857945455702503                                
son     : -0.5644543153023432                                -0.30386868943695994                               0.3038358127414161                                 -0.2414786386637964                                0.47763154768027166                                0.4585794545570251                                 
12  :
parent#1: -0.5644543153023431                                -0.3038686894369599                                0.303835812741416                                  -0.24147863866379637                               0.4776315476802716                                 0.45857945455702503                                
parent#2: -0.2024131620885535                                0.201948072470656                                  0.3934345654259352                                 -0.4966033564673385                                -0.6715458441202526                                0.25664453268479315                                
son     : -0.5195583100039348                                -0.06905196147544934                               0.47240576758971314                                -0.5000559357913605                                -0.13137835038556891                               0.4845694687039366                                 
13  :
parent#1: -0.5644543153023431                                -0.3038686894369599                                0.303835812741416                                  -0.24147863866379637                               0.4776315476802716                                 0.45857945455702503                                
parent#2: 0.641203963554633                                  -0.4320040704304389                                -0.24210444194992284                               0.008013827921567006                               -0.4046568142855711                                -0.4240330655217514                                
son     : 0.09808835897500388                                -0.9404675210045234                                0.07889454865396586                                -0.2983750503824867                                0.09326390424350929                                0.044151324288068707                               
14  :
parent#1: -0.5644543153023431                                -0.3038686894369599                                0.303835812741416                                  -0.24147863866379637                               0.4776315476802716                                 0.45857945455702503                                
parent#2: 0.29085527417441626                                0.25733626516347335                                -0.21183211697599721                               -0.24419522650199865                               0.6607173766948191                                 -0.5550942711119088                                
son     : -0.21452851085913952                               -0.03648598929624612                               0.07213993062520997                                -0.38081599492340296                               0.8925773225575993                                 -0.07567709223688801                               
15  :
parent#1: -0.5644543153023431                                -0.3038686894369599                                0.303835812741416                                  -0.24147863866379637                               0.4776315476802716                                 0.45857945455702503                                
parent#2: -0.38264960890916355                               0.4790744124857008                                 0.26414492176544646                                -0.597470831021331                                 0.17987767867683918                                0.40616138565991555                                
son     : -0.5349728802688113                                0.09896517995846968                                0.3208246547276206                                 -0.4738816963208097                                0.37139493949454777                                0.48844998542484985                                
16  :
parent#1: -0.5644543153023431                                -0.3038686894369599                                0.303835812741416                                  -0.24147863866379637                               0.4776315476802716                                 0.45857945455702503                                
parent#2: 0.42438881151852653                                0.03224904728322666                                -0.12631550009456682                               -0.4421613258516074                                0.5761956668138181                                 -0.5247765672257142                                
son     : -0.10719836479657806                               -0.20788260277457507                               0.1358641972493892                                 -0.5232200957828519                                0.8065408763763837                                 -0.05066359696453845                               
17  :
parent#1: -0.5644543153023431                                -0.3038686894369599                                0.303835812741416                                  -0.24147863866379637                               0.4776315476802716                                 0.45857945455702503                                
parent#2: 0.18609178138933447                                0.25572679630503725                                0.13517161443963027                                -0.4933194634932949                                0.5317830519848108                                 -0.5962759275378287                                
son     : -0.27334382366224763                               -0.03477957770005989                               0.3171560553862417                                 -0.5308467537368836                                0.7292404020012938                                 -0.09947729242671763                               
18  :
parent#1: -0.5644543153023431                                -0.3038686894369599                                0.303835812741416                                  -0.24147863866379637                               0.4776315476802716                                 0.45857945455702503                                
parent#2: 0.03370499264069502                                0.4199378220315276                                 0.7547488078173188                                 -0.07907538225074534                               0.007827421866694663                               -0.4965443097908417                                
son     : -0.4005643962766925                                0.08759909817867388                                0.7989295347857099                                 -0.24192688031663506                               0.366383094147917                                  -0.028652640082897425                              
19  :
parent#1: -0.2024131620885535                                0.201948072470656                                  0.3934345654259352                                 -0.4966033564673385                                -0.6715458441202526                                0.25664453268479315                                
parent#2: -0.5644543153023431                                -0.3038686894369599                                0.303835812741416                                  -0.24147863866379637                               0.4776315476802716                                 0.45857945455702503                                
son     : -0.5195583100039348                                -0.06905196147544934                               0.47240576758971314                                -0.5000559357913605                                -0.13137835038556891                               0.4845694687039366                                 
20  :
parent#1: -0.2024131620885535                                0.201948072470656                                  0.3934345654259352                                 -0.4966033564673385                                -0.6715458441202526                                0.25664453268479315                                
parent#2: -0.2024131620885535                                0.201948072470656                                  0.3934345654259352                                 -0.4966033564673385                                -0.6715458441202526                                0.25664453268479315                                
son     : -0.20241316208855353                               0.20194807247065602                                0.39343456542593525                                -0.49660335646733855                               -0.6715458441202528                                0.2566445326847932                                 
21  :
parent#1: -0.2024131620885535                                0.201948072470656                                  0.3934345654259352                                 -0.4966033564673385                                -0.6715458441202526                                0.25664453268479315                                
parent#2: 0.641203963554633                                  -0.4320040704304389                                -0.24210444194992284                               0.008013827921567006                               -0.4046568142855711                                -0.4240330655217514                                
son     : 0.33720085683171036                                -0.17679285748953857                               0.11629379451452478                                -0.3754700579733362                                -0.8270375252318541                                -0.1286343207465541                                
22  :
parent#1: -0.2024131620885535                                0.201948072470656                                  0.3934345654259352                                 -0.4966033564673385                                -0.6715458441202526                                0.25664453268479315                                
parent#2: 0.47612379543073824                                -0.5247017354946689                                0.34341953304136674                                0.5252597881744829                                 -0.059020275934295194                              -0.3172948257925076                                
son     : 0.2438148936748037                                 -0.28750125295634604                               0.6563720286564392                                 0.02552646480870156                                -0.6507708476960397                                -0.05402583226248382                               
23  :
parent#1: -0.2024131620885535                                0.201948072470656                                  0.3934345654259352                                 -0.4966033564673385                                -0.6715458441202526                                0.25664453268479315                                
parent#2: -0.38264960890916355                               0.4790744124857008                                 0.26414492176544646                                -0.597470831021331                                 0.17987767867683918                                0.40616138565991555                                
son     : -0.33140993401387303                               0.38576649889457887                                0.372487167637304                                  -0.6197404317208154                                -0.2785063797316194                                0.3754476896351375                                 
24  :
parent#1: -0.2024131620885535                                0.201948072470656                                  0.3934345654259352                                 -0.4966033564673385                                -0.6715458441202526                                0.25664453268479315                                
parent#2: 0.42438881151852653                                0.03224904728322666                                -0.12631550009456682                               -0.4421613258516074                                0.5761956668138181                                 -0.5247765672257142                                
son     : 0.2081056584463647                                 0.21956347886707836                                0.2504283200302052                                 -0.8801066371102468                                -0.0893922891195012                                -0.2513779945773062                                
25  :
parent#1: -0.2024131620885535                                0.201948072470656                                  0.3934345654259352                                 -0.4966033564673385                                -0.6715458441202526                                0.25664453268479315                                
parent#2: 0.03370499264069502                                0.4199378220315276                                 0.7547488078173188                                 -0.07907538225074534                               0.007827421866694663                               -0.4965443097908417                                
son     : -0.10538067944095084                               0.3884504129934145                                 0.7171931530711825                                 -0.35958790154836423                               -0.41458038768047145                               -0.1498493024487556                                
26  :
parent#1: 0.641203963554633                                  -0.4320040704304389                                -0.24210444194992284                               0.008013827921567006                               -0.4046568142855711                                -0.4240330655217514                                
parent#2: -0.5644543153023431                                -0.3038686894369599                                0.303835812741416                                  -0.24147863866379637                               0.4776315476802716                                 0.45857945455702503                                
son     : 0.09808835897500388                                -0.9404675210045234                                0.07889454865396586                                -0.2983750503824867                                0.09326390424350929                                0.044151324288068707                               
27  :
parent#1: 0.641203963554633                                  -0.4320040704304389                                -0.24210444194992284                               0.008013827921567006                               -0.4046568142855711                                -0.4240330655217514                                
parent#2: -0.5644543153023431                                -0.3038686894369599                                0.303835812741416                                  -0.24147863866379637                               0.4776315476802716                                 0.45857945455702503                                
son     : 0.09808835897500388                                -0.9404675210045234                                0.07889454865396586                                -0.2983750503824867                                0.09326390424350929                                0.044151324288068707                               
28  :
parent#1: 0.641203963554633                                  -0.4320040704304389                                -0.24210444194992284                               0.008013827921567006                               -0.4046568142855711                                -0.4240330655217514                                
parent#2: -0.2024131620885535                                0.201948072470656                                  0.3934345654259352                                 -0.4966033564673385                                -0.6715458441202526                                0.25664453268479315                                
son     : 0.33720085683171036                                -0.17679285748953857                               0.11629379451452478                                -0.3754700579733362                                -0.8270375252318541                                -0.1286343207465541                                
29  :
parent#1: 0.641203963554633                                  -0.4320040704304389                                -0.24210444194992284                               0.008013827921567006                               -0.4046568142855711                                -0.4240330655217514                                
parent#2: 0.641203963554633                                  -0.4320040704304389                                -0.24210444194992284                               0.008013827921567006                               -0.4046568142855711                                -0.4240330655217514                                
son     : 0.6412039635546332                                 -0.432004070430439                                 -0.24210444194992287                               0.008013827921567008                               -0.40465681428557115                               -0.42403306552175146                               
30  :
parent#1: 0.641203963554633                                  -0.4320040704304389                                -0.24210444194992284                               0.008013827921567006                               -0.4046568142855711                                -0.4240330655217514                                
parent#2: 0.47612379543073824                                -0.5247017354946689                                0.34341953304136674                                0.5252597881744829                                 -0.059020275934295194                              -0.3172948257925076                                
son     : 0.6223806399494382                                 -0.5329100319459685                                0.056435142439573135                               0.2970472824871041                                 -0.2582802063407001                                -0.4129389283476817                                
31  :
parent#1: 0.641203963554633                                  -0.4320040704304389                                -0.24210444194992284                               0.008013827921567006                               -0.4046568142855711                                -0.4240330655217514                                
parent#2: 0.29085527417441626                                0.25733626516347335                                -0.21183211697599721                               -0.24419522650199865                               0.6607173766948191                                 -0.5550942711119088                                
son     : 0.6304983305983876                                 -0.11815532229306686                               -0.30706872590813766                               -0.15976664518252798                               0.1732140518498327                                 -0.6623378924872896                                
32  :
parent#1: 0.641203963554633                                  -0.4320040704304389                                -0.24210444194992284                               0.008013827921567006                               -0.4046568142855711                                -0.4240330655217514                                
parent#2: -0.38264960890916355                               0.4790744124857008                                 0.26414492176544646                                -0.597470831021331                                 0.17987767867683918                                0.40616138565991555                                
son     : 0.3780032932332396                                 0.06881626238669047                                0.03222291098571006                                -0.8617789040785394                                -0.32862433752751513                               -0.026128176617436424                              
33  :
parent#1: 0.641203963554633                                  -0.4320040704304389                                -0.24210444194992284                               0.008013827921567006                               -0.4046568142855711                                -0.4240330655217514                                
parent#2: 0.42438881151852653                                0.03224904728322666                                -0.12631550009456682                               -0.4421613258516074                                0.5761956668138181                                 -0.5247765672257142                                
son     : 0.6674080988741264                                 -0.2503768289868012                                -0.23075086361236552                               -0.2719177184779182                                0.10743918514374898                                -0.5942638200995385                                
34  :
parent#1: 0.641203963554633                                  -0.4320040704304389                                -0.24210444194992284                               0.008013827921567006                               -0.4046568142855711                                -0.4240330655217514                                
parent#2: 0.18609178138933447                                0.25572679630503725                                0.13517161443963027                                -0.4933194634932949                                0.5317830519848108                                 -0.5962759275378287                                
son     : 0.5821351828005646                                 -0.1240393218794159                                -0.07524438687195416                               -0.34149031540930574                               0.0894536882053071                                 -0.7179509453756797                                
35  :
parent#1: 0.641203963554633                                  -0.4320040704304389                                -0.24210444194992284                               0.008013827921567006                               -0.4046568142855711                                -0.4240330655217514                                
parent#2: 0.03370499264069502                                0.4199378220315276                                 0.7547488078173188                                 -0.07907538225074534                               0.007827421866694663                               -0.4965443097908417                                
son     : 0.5133555884832491                                 -0.009177943174035297                              0.38993237192471686                                -0.054051506808915344                              -0.3018400991758134                                -0.7002182085596577                                
36  :
parent#1: 0.47612379543073824                                -0.5247017354946689                                0.34341953304136674                                0.5252597881744829                                 -0.059020275934295194                              -0.3172948257925076                                
parent#2: -0.5644543153023431                                -0.3038686894369599                                0.303835812741416                                  -0.24147863866379637                               0.4776315476802716                                 0.45857945455702503                                
son     : -0.07494795532649097                               -0.7030374018277479                                0.5491925645979907                                 0.24078672860686237                                0.3551893381765169                                 0.11987922249698993                                
37  :
parent#1: 0.47612379543073824                                -0.5247017354946689                                0.34341953304136674                                0.5252597881744829                                 -0.059020275934295194                              -0.3172948257925076                                
parent#2: -0.5644543153023431                                -0.3038686894369599                                0.303835812741416                                  -0.24147863866379637                               0.4776315476802716                                 0.45857945455702503                                
son     : -0.07494795532649097                               -0.7030374018277479                                0.5491925645979907                                 0.24078672860686237                                0.3551893381765169                                 0.11987922249698993                                
38  :
parent#1: 0.47612379543073824                                -0.5247017354946689                                0.34341953304136674                                0.5252597881744829                                 -0.059020275934295194                              -0.3172948257925076                                
parent#2: -0.2024131620885535                                0.201948072470656                                  0.3934345654259352                                 -0.4966033564673385                                -0.6715458441202526                                0.25664453268479315                                
son     : 0.2438148936748037                                 -0.28750125295634604                               0.6563720286564392                                 0.02552646480870156                                -0.6507708476960397                                -0.05402583226248382                               
39  :
parent#1: 0.47612379543073824                                -0.5247017354946689                                0.34341953304136674                                0.5252597881744829                                 -0.059020275934295194                              -0.3172948257925076                                
parent#2: 0.641203963554633                                  -0.4320040704304389                                -0.24210444194992284                               0.008013827921567006                               -0.4046568142855711                                -0.4240330655217514                                
son     : 0.6223806399494382                                 -0.5329100319459685                                0.056435142439573135                               0.2970472824871041                                 -0.2582802063407001                                -0.4129389283476817                                
40  :
parent#1: 0.47612379543073824                                -0.5247017354946689                                0.34341953304136674                                0.5252597881744829                                 -0.059020275934295194                              -0.3172948257925076                                
parent#2: 0.47612379543073824                                -0.5247017354946689                                0.34341953304136674                                0.5252597881744829                                 -0.059020275934295194                              -0.3172948257925076                                
son     : 0.47612379543073824                                -0.5247017354946689                                0.34341953304136674                                0.5252597881744829                                 -0.059020275934295194                              -0.3172948257925076                                
41  :
parent#1: 0.47612379543073824                                -0.5247017354946689                                0.34341953304136674                                0.5252597881744829                                 -0.059020275934295194                              -0.3172948257925076                                
parent#2: 0.29085527417441626                                0.25733626516347335                                -0.21183211697599721                               -0.24419522650199865                               0.6607173766948191                                 -0.5550942711119088                                
son     : 0.559502602556215                                  -0.19504010267318128                               0.09599153962587736                                0.20503343568819063                                0.4389312657506447                                 -0.6363980315798785                                
42  :
parent#1: 0.47612379543073824                                -0.5247017354946689                                0.34341953304136674                                0.5252597881744829                                 -0.059020275934295194                              -0.3172948257925076                                
parent#2: -0.38264960890916355                               0.4790744124857008                                 0.26414492176544646                                -0.597470831021331                                 0.17987767867683918                                0.40616138565991555                                
son     : 0.1463983638587152                                 -0.07146107053014354                               0.9515615533268122                                 -0.11309623457241992                               0.1892856913778914                                 0.13918194370526327                                
43  :
parent#1: 0.47612379543073824                                -0.5247017354946689                                0.34341953304136674                                0.5252597881744829                                 -0.059020275934295194                              -0.3172948257925076                                
parent#2: 0.42438881151852653                                0.03224904728322666                                -0.12631550009456682                               -0.4421613258516074                                0.5761956668138181                                 -0.5247765672257142                                
son     : 0.6237896347733127                                 -0.34112446638946237                               0.15038906104656855                                0.05756272489978685                                0.3582500074967398                                 -0.5833071104727858                                
44  :
parent#1: 0.47612379543073824                                -0.5247017354946689                                0.34341953304136674                                0.5252597881744829                                 -0.059020275934295194                              -0.3172948257925076                                
parent#2: 0.18609178138933447                                0.25572679630503725                                0.13517161443963027                                -0.4933194634932949                                0.5317830519848108                                 -0.5962759275378287                                
son     : 0.4937148925819839                                 -0.20053429405411927                               0.35681368007667597                                0.023813112407790826                               0.35246833714689185                                -0.6811127707270467                                
45  :
parent#1: 0.47612379543073824                                -0.5247017354946689                                0.34341953304136674                                0.5252597881744829                                 -0.059020275934295194                              -0.3172948257925076                                
parent#2: 0.03370499264069502                                0.4199378220315276                                 0.7547488078173188                                 -0.07907538225074534                               0.007827421866694663                               -0.4965443097908417                                
son     : 0.333220722178623                                  -0.06847300058221795                               0.7177555606439388                                 0.2916231751627099                                 -0.03345931065862173                               -0.5319198735758977                                
46  :
parent#1: 0.29085527417441626                                0.25733626516347335                                -0.21183211697599721                               -0.24419522650199865                               0.6607173766948191                                 -0.5550942711119088                                
parent#2: -0.5644543153023431                                -0.3038686894369599                                0.303835812741416                                  -0.24147863866379637                               0.4776315476802716                                 0.45857945455702503                                
son     : -0.21452851085913952                               -0.03648598929624612                               0.07213993062520997                                -0.38081599492340296                               0.8925773225575993                                 -0.07567709223688801                               
47  :
parent#1: 0.29085527417441626                                0.25733626516347335                                -0.21183211697599721                               -0.24419522650199865                               0.6607173766948191                                 -0.5550942711119088                                
parent#2: -0.5644543153023431                                -0.3038686894369599                                0.303835812741416                                  -0.24147863866379637                               0.4776315476802716                                 0.45857945455702503                                
son     : -0.21452851085913952                               -0.03648598929624612                               0.07213993062520997                                -0.38081599492340296                               0.8925773225575993                                 -0.07567709223688801                               
48  :
parent#1: 0.29085527417441626                                0.25733626516347335                                -0.21183211697599721                               -0.24419522650199865                               0.6607173766948191                                 -0.5550942711119088                                
parent#2: 0.641203963554633                                  -0.4320040704304389                                -0.24210444194992284                               0.008013827921567006                               -0.4046568142855711                                -0.4240330655217514                                
son     : 0.6304983305983876                                 -0.11815532229306686                               -0.30706872590813766                               -0.15976664518252798                               0.1732140518498327                                 -0.6623378924872896                                
49  :
parent#1: 0.29085527417441626                                0.25733626516347335                                -0.21183211697599721                               -0.24419522650199865                               0.6607173766948191                                 -0.5550942711119088                                
parent#2: 0.47612379543073824                                -0.5247017354946689                                0.34341953304136674                                0.5252597881744829                                 -0.059020275934295194                              -0.3172948257925076                                
son     : 0.559502602556215                                  -0.19504010267318128                               0.09599153962587736                                0.20503343568819063                                0.4389312657506447                                 -0.6363980315798785                                
50  :
parent#1: 0.29085527417441626                                0.25733626516347335                                -0.21183211697599721                               -0.24419522650199865                               0.6607173766948191                                 -0.5550942711119088                                
parent#2: 0.29085527417441626                                0.25733626516347335                                -0.21183211697599721                               -0.24419522650199865                               0.6607173766948191                                 -0.5550942711119088                                
son     : 0.29085527417441626                                0.25733626516347335                                -0.21183211697599721                               -0.24419522650199865                               0.6607173766948191                                 -0.5550942711119088                                
51  :
parent#1: 0.29085527417441626                                0.25733626516347335                                -0.21183211697599721                               -0.24419522650199865                               0.6607173766948191                                 -0.5550942711119088                                
parent#2: -0.38264960890916355                               0.4790744124857008                                 0.26414492176544646                                -0.597470831021331                                 0.17987767867683918                                0.40616138565991555                                
son     : -0.0650607141493586                                0.5219429361682848                                 0.03707754349538535                                -0.5965443830055305                                0.5957852929696956                                 -0.1055585828453466                                
52  :
parent#1: 0.29085527417441626                                0.25733626516347335                                -0.21183211697599721                               -0.24419522650199865                               0.6607173766948191                                 -0.5550942711119088                                
parent#2: 0.42438881151852653                                0.03224904728322666                                -0.12631550009456682                               -0.4421613258516074                                0.5761956668138181                                 -0.5247765672257142                                
son     : 0.3632535433492708                                 0.14707271678626535                                -0.1717362261821311                                -0.3485823296279187                                0.6281954019013519                                 -0.5484378217621375                                
53  :
parent#1: 0.29085527417441626                                0.25733626516347335                                -0.21183211697599721                               -0.24419522650199865                               0.6607173766948191                                 -0.5550942711119088                                
parent#2: 0.18609178138933447                                0.25572679630503725                                0.13517161443963027                                -0.4933194634932949                                0.5317830519848108                                 -0.5962759275378287                                
son     : 0.2450485531138684                                 0.26360443869482125                                -0.03938706614996138                               -0.37892446462417284                               0.6126896082631371                                 -0.5915574862791729                                
54  :
parent#1: 0.29085527417441626                                0.25733626516347335                                -0.21183211697599721                               -0.24419522650199865                               0.6607173766948191                                 -0.5550942711119088                                
parent#2: 0.03370499264069502                                0.4199378220315276                                 0.7547488078173188                                 -0.07907538225074534                               0.007827421866694663                               -0.4965443097908417                                
son     : 0.20460816484090086                                0.4269647958916868                                 0.3422636691318047                                 -0.2037951430499015                                0.421461707835989                                  -0.6629703698049297                                
55  :
parent#1: -0.38264960890916355                               0.4790744124857008                                 0.26414492176544646                                -0.597470831021331                                 0.17987767867683918                                0.40616138565991555                                
parent#2: -0.5644543153023431                                -0.3038686894369599                                0.303835812741416                                  -0.24147863866379637                               0.4776315476802716                                 0.45857945455702503                                
son     : -0.5349728802688113                                0.09896517995846968                                0.3208246547276206                                 -0.4738816963208097                                0.37139493949454777                                0.48844998542484985                                
56  :
parent#1: -0.38264960890916355                               0.4790744124857008                                 0.26414492176544646                                -0.597470831021331                                 0.17987767867683918                                0.40616138565991555                                
parent#2: -0.5644543153023431                                -0.3038686894369599                                0.303835812741416                                  -0.24147863866379637                               0.4776315476802716                                 0.45857945455702503                                
son     : -0.5349728802688113                                0.09896517995846968                                0.3208246547276206                                 -0.4738816963208097                                0.37139493949454777                                0.48844998542484985                                
57  :
parent#1: -0.38264960890916355                               0.4790744124857008                                 0.26414492176544646                                -0.597470831021331                                 0.17987767867683918                                0.40616138565991555                                
parent#2: -0.2024131620885535                                0.201948072470656                                  0.3934345654259352                                 -0.4966033564673385                                -0.6715458441202526                                0.25664453268479315                                
son     : -0.33140993401387303                               0.38576649889457887                                0.372487167637304                                  -0.6197404317208154                                -0.2785063797316194                                0.3754476896351375                                 
58  :
parent#1: -0.38264960890916355                               0.4790744124857008                                 0.26414492176544646                                -0.597470831021331                                 0.17987767867683918                                0.40616138565991555                                
parent#2: 0.641203963554633                                  -0.4320040704304389                                -0.24210444194992284                               0.008013827921567006                               -0.4046568142855711                                -0.4240330655217514                                
son     : 0.3780032932332396                                 0.06881626238669047                                0.03222291098571006                                -0.8617789040785394                                -0.32862433752751513                               -0.026128176617436424                              
59  :
parent#1: -0.38264960890916355                               0.4790744124857008                                 0.26414492176544646                                -0.597470831021331                                 0.17987767867683918                                0.40616138565991555                                
parent#2: 0.47612379543073824                                -0.5247017354946689                                0.34341953304136674                                0.5252597881744829                                 -0.059020275934295194                              -0.3172948257925076                                
son     : 0.1463983638587152                                 -0.07146107053014354                               0.9515615533268122                                 -0.11309623457241992                               0.1892856913778914                                 0.13918194370526327                                
60  :
parent#1: -0.38264960890916355                               0.4790744124857008                                 0.26414492176544646                                -0.597470831021331                                 0.17987767867683918                                0.40616138565991555                                
parent#2: 0.29085527417441626                                0.25733626516347335                                -0.21183211697599721                               -0.24419522650199865                               0.6607173766948191                                 -0.5550942711119088                                
son     : -0.0650607141493586                                0.5219429361682848                                 0.03707754349538535                                -0.5965443830055305                                0.5957852929696956                                 -0.1055585828453466                                
61  :
parent#1: -0.38264960890916355                               0.4790744124857008                                 0.26414492176544646                                -0.597470831021331                                 0.17987767867683918                                0.40616138565991555                                
parent#2: -0.38264960890916355                               0.4790744124857008                                 0.26414492176544646                                -0.597470831021331                                 0.17987767867683918                                0.40616138565991555                                
son     : -0.3826496089091636                                0.4790744124857009                                 0.2641449217654465                                 -0.5974708310213311                                0.1798776786768392                                 0.4061613856599156                                 
62  :
parent#1: -0.38264960890916355                               0.4790744124857008                                 0.26414492176544646                                -0.597470831021331                                 0.17987767867683918                                0.40616138565991555                                
parent#2: 0.42438881151852653                                0.03224904728322666                                -0.12631550009456682                               -0.4421613258516074                                0.5761956668138181                                 -0.5247765672257142                                
son     : 0.02989970781793377                                0.3662844781830219                                 0.09873354494198339                                -0.74473626196338                                  0.5416100621440061                                 -0.08496950228735266                               
63  :
parent#1: -0.38264960890916355                               0.4790744124857008                                 0.26414492176544646                                -0.597470831021331                                 0.17987767867683918                                0.40616138565991555                                
parent#2: 0.18609178138933447                                0.25572679630503725                                0.13517161443963027                                -0.4933194634932949                                0.5317830519848108                                 -0.5962759275378287                                
son     : -0.12505537235561948                               0.46750027679978784                                0.25405591195722993                                -0.6939901003365597                                0.4527776827141962                                 -0.12095598086706566                               
64  :
parent#1: -0.38264960890916355                               0.4790744124857008                                 0.26414492176544646                                -0.597470831021331                                 0.17987767867683918                                0.40616138565991555                                
parent#2: 0.03370499264069502                                0.4199378220315276                                 0.7547488078173188                                 -0.07907538225074534                               0.007827421866694663                               -0.4965443097908417                                
son     : -0.2220620013248578                                0.5721150197051135                                 0.6484054207456832                                 -0.4305416937350437                                0.11945210885131308                                -0.0575180475134898                                
65  :
parent#1: 0.42438881151852653                                0.03224904728322666                                -0.12631550009456682                               -0.4421613258516074                                0.5761956668138181                                 -0.5247765672257142                                
parent#2: -0.5644543153023431                                -0.3038686894369599                                0.303835812741416                                  -0.24147863866379637                               0.4776315476802716                                 0.45857945455702503                                
son     : -0.10719836479657806                               -0.20788260277457507                               0.1358641972493892                                 -0.5232200957828519                                0.8065408763763837                                 -0.05066359696453845                               
66  :
parent#1: 0.42438881151852653                                0.03224904728322666                                -0.12631550009456682                               -0.4421613258516074                                0.5761956668138181                                 -0.5247765672257142                                
parent#2: -0.5644543153023431                                -0.3038686894369599                                0.303835812741416                                  -0.24147863866379637                               0.4776315476802716                                 0.45857945455702503                                
son     : -0.10719836479657806                               -0.20788260277457507                               0.1358641972493892                                 -0.5232200957828519                                0.8065408763763837                                 -0.05066359696453845                               
67  :
parent#1: 0.42438881151852653                                0.03224904728322666                                -0.12631550009456682                               -0.4421613258516074                                0.5761956668138181                                 -0.5247765672257142                                
parent#2: -0.2024131620885535                                0.201948072470656                                  0.3934345654259352                                 -0.4966033564673385                                -0.6715458441202526                                0.25664453268479315                                
son     : 0.2081056584463647                                 0.21956347886707836                                0.2504283200302052                                 -0.8801066371102468                                -0.0893922891195012                                -0.2513779945773062                                
68  :
parent#1: 0.42438881151852653                                0.03224904728322666                                -0.12631550009456682                               -0.4421613258516074                                0.5761956668138181                                 -0.5247765672257142                                
parent#2: 0.641203963554633                                  -0.4320040704304389                                -0.24210444194992284                               0.008013827921567006                               -0.4046568142855711                                -0.4240330655217514                                
son     : 0.6674080988741264                                 -0.2503768289868012                                -0.23075086361236552                               -0.2719177184779182                                0.10743918514374898                                -0.5942638200995385                                
69  :
parent#1: 0.42438881151852653                                0.03224904728322666                                -0.12631550009456682                               -0.4421613258516074                                0.5761956668138181                                 -0.5247765672257142                                
parent#2: 0.47612379543073824                                -0.5247017354946689                                0.34341953304136674                                0.5252597881744829                                 -0.059020275934295194                              -0.3172948257925076                                
son     : 0.6237896347733127                                 -0.34112446638946237                               0.15038906104656855                                0.05756272489978685                                0.3582500074967398                                 -0.5833071104727858                                
70  :
parent#1: 0.42438881151852653                                0.03224904728322666                                -0.12631550009456682                               -0.4421613258516074                                0.5761956668138181                                 -0.5247765672257142                                
parent#2: 0.29085527417441626                                0.25733626516347335                                -0.21183211697599721                               -0.24419522650199865                               0.6607173766948191                                 -0.5550942711119088                                
son     : 0.3632535433492708                                 0.14707271678626535                                -0.1717362261821311                                -0.3485823296279187                                0.6281954019013519                                 -0.5484378217621375                                
71  :
parent#1: 0.42438881151852653                                0.03224904728322666                                -0.12631550009456682                               -0.4421613258516074                                0.5761956668138181                                 -0.5247765672257142                                
parent#2: -0.38264960890916355                               0.4790744124857008                                 0.26414492176544646                                -0.597470831021331                                 0.17987767867683918                                0.40616138565991555                                
son     : 0.02989970781793377                                0.3662844781830219                                 0.09873354494198339                                -0.74473626196338                                  0.5416100621440061                                 -0.08496950228735266                               
72  :
parent#1: 0.42438881151852653                                0.03224904728322666                                -0.12631550009456682                               -0.4421613258516074                                0.5761956668138181                                 -0.5247765672257142                                
parent#2: 0.42438881151852653                                0.03224904728322666                                -0.12631550009456682                               -0.4421613258516074                                0.5761956668138181                                 -0.5247765672257142                                
son     : 0.42438881151852653                                0.03224904728322666                                -0.12631550009456682                               -0.4421613258516074                                0.5761956668138181                                 -0.5247765672257142                                
73  :
parent#1: 0.42438881151852653                                0.03224904728322666                                -0.12631550009456682                               -0.4421613258516074                                0.5761956668138181                                 -0.5247765672257142                                
parent#2: 0.18609178138933447                                0.25572679630503725                                0.13517161443963027                                -0.4933194634932949                                0.5317830519848108                                 -0.5962759275378287                                
son     : 0.31254567748960355                                0.1474340153979612                                 0.004534034808082775                               -0.4789349251736823                                0.5672481047456427                                 -0.5739414414606364                                
74  :
parent#1: 0.42438881151852653                                0.03224904728322666                                -0.12631550009456682                               -0.4421613258516074                                0.5761956668138181                                 -0.5247765672257142                                
parent#2: 0.03370499264069502                                0.4199378220315276                                 0.7547488078173188                                 -0.07907538225074534                               0.007827421866694663                               -0.4965443097908417                                
son     : 0.29176657178434096                                0.28800435951760467                                0.4002582661555304                                 -0.3319832008867769                                0.37197275509971595                                -0.6504940435197947                                
75  :
parent#1: 0.18609178138933447                                0.25572679630503725                                0.13517161443963027                                -0.4933194634932949                                0.5317830519848108                                 -0.5962759275378287                                
parent#2: -0.5644543153023431                                -0.3038686894369599                                0.303835812741416                                  -0.24147863866379637                               0.4776315476802716                                 0.45857945455702503                                
son     : -0.27334382366224763                               -0.03477957770005989                               0.3171560553862417                                 -0.5308467537368836                                0.7292404020012938                                 -0.09947729242671763                               
76  :
parent#1: 0.18609178138933447                                0.25572679630503725                                0.13517161443963027                                -0.4933194634932949                                0.5317830519848108                                 -0.5962759275378287                                
parent#2: -0.5644543153023431                                -0.3038686894369599                                0.303835812741416                                  -0.24147863866379637                               0.4776315476802716                                 0.45857945455702503                                
son     : -0.27334382366224763                               -0.03477957770005989                               0.3171560553862417                                 -0.5308467537368836                                0.7292404020012938                                 -0.09947729242671763                               
77  :
parent#1: 0.18609178138933447                                0.25572679630503725                                0.13517161443963027                                -0.4933194634932949                                0.5317830519848108                                 -0.5962759275378287                                
parent#2: -0.2024131620885535                                0.201948072470656                                  0.3934345654259352                                 -0.4966033564673385                                -0.6715458441202526                                0.25664453268479315                                
son     : -0.012887135892719991                              0.36137373040243875                                0.41738011012665643                                -0.7816293326671615                                -0.11035476276106951                               -0.26816824014861307                               
78  :
parent#1: 0.18609178138933447                                0.25572679630503725                                0.13517161443963027                                -0.4933194634932949                                0.5317830519848108                                 -0.5962759275378287                                
parent#2: 0.641203963554633                                  -0.4320040704304389                                -0.24210444194992284                               0.008013827921567006                               -0.4046568142855711                                -0.4240330655217514                                
son     : 0.5821351828005646                                 -0.1240393218794159                                -0.07524438687195416                               -0.34149031540930574                               0.0894536882053071                                 -0.7179509453756797                                
79  :
parent#1: 0.18609178138933447                                0.25572679630503725                                0.13517161443963027                                -0.4933194634932949                                0.5317830519848108                                 -0.5962759275378287                                
parent#2: 0.47612379543073824                                -0.5247017354946689                                0.34341953304136674                                0.5252597881744829                                 -0.059020275934295194                              -0.3172948257925076                                
son     : 0.4937148925819839                                 -0.20053429405411927                               0.35681368007667597                                0.023813112407790826                               0.35246833714689185                                -0.6811127707270467                                
80  :
parent#1: 0.18609178138933447                                0.25572679630503725                                0.13517161443963027                                -0.4933194634932949                                0.5317830519848108                                 -0.5962759275378287                                
parent#2: 0.29085527417441626                                0.25733626516347335                                -0.21183211697599721                               -0.24419522650199865                               0.6607173766948191                                 -0.5550942711119088                                
son     : 0.2450485531138684                                 0.26360443869482125                                -0.03938706614996138                               -0.37892446462417284                               0.6126896082631371                                 -0.5915574862791729                                
81  :
parent#1: 0.18609178138933447                                0.25572679630503725                                0.13517161443963027                                -0.4933194634932949                                0.5317830519848108                                 -0.5962759275378287                                
parent#2: -0.38264960890916355                               0.4790744124857008                                 0.26414492176544646                                -0.597470831021331                                 0.17987767867683918                                0.40616138565991555                                
son     : -0.12505537235561948                               0.46750027679978784                                0.25405591195722993                                -0.6939901003365597                                0.4527776827141962                                 -0.12095598086706566                               
82  :
parent#1: 0.18609178138933447                                0.25572679630503725                                0.13517161443963027                                -0.4933194634932949                                0.5317830519848108                                 -0.5962759275378287                                
parent#2: 0.42438881151852653                                0.03224904728322666                                -0.12631550009456682                               -0.4421613258516074                                0.5761956668138181                                 -0.5247765672257142                                
son     : 0.31254567748960355                                0.1474340153979612                                 0.004534034808082775                               -0.4789349251736823                                0.5672481047456427                                 -0.5739414414606364                                
83  :
parent#1: 0.18609178138933447                                0.25572679630503725                                0.13517161443963027                                -0.4933194634932949                                0.5317830519848108                                 -0.5962759275378287                                
parent#2: 0.18609178138933447                                0.25572679630503725                                0.13517161443963027                                -0.4933194634932949                                0.5317830519848108                                 -0.5962759275378287                                
son     : 0.18609178138933447                                0.25572679630503725                                0.13517161443963027                                -0.4933194634932949                                0.5317830519848108                                 -0.5962759275378287                                
84  :
parent#1: 0.18609178138933447                                0.25572679630503725                                0.13517161443963027                                -0.4933194634932949                                0.5317830519848108                                 -0.5962759275378287                                
parent#2: 0.03370499264069502                                0.4199378220315276                                 0.7547488078173188                                 -0.07907538225074534                               0.007827421866694663                               -0.4965443097908417                                
son     : 0.1246380603570777                                 0.38314269102907333                                0.5046386863125828                                 -0.32458248601127704                               0.30599176492020064                                -0.6196951493064119                                
85  :
parent#1: 0.03370499264069502                                0.4199378220315276                                 0.7547488078173188                                 -0.07907538225074534                               0.007827421866694663                               -0.4965443097908417                                
parent#2: -0.5644543153023431                                -0.3038686894369599                                0.303835812741416                                  -0.24147863866379637                               0.4776315476802716                                 0.45857945455702503                                
son     : -0.4005643962766925                                0.08759909817867388                                0.7989295347857099                                 -0.24192688031663506                               0.366383094147917                                  -0.028652640082897425                              
86  :
parent#1: 0.03370499264069502                                0.4199378220315276                                 0.7547488078173188                                 -0.07907538225074534                               0.007827421866694663                               -0.4965443097908417                                
parent#2: -0.5644543153023431                                -0.3038686894369599                                0.303835812741416                                  -0.24147863866379637                               0.4776315476802716                                 0.45857945455702503                                
son     : -0.4005643962766925                                0.08759909817867388                                0.7989295347857099                                 -0.24192688031663506                               0.366383094147917                                  -0.028652640082897425                              
87  :
parent#1: 0.03370499264069502                                0.4199378220315276                                 0.7547488078173188                                 -0.07907538225074534                               0.007827421866694663                               -0.4965443097908417                                
parent#2: -0.2024131620885535                                0.201948072470656                                  0.3934345654259352                                 -0.4966033564673385                                -0.6715458441202526                                0.25664453268479315                                
son     : -0.10538067944095084                               0.3884504129934145                                 0.7171931530711825                                 -0.35958790154836423                               -0.41458038768047145                               -0.1498493024487556                                
88  :
parent#1: 0.03370499264069502                                0.4199378220315276                                 0.7547488078173188                                 -0.07907538225074534                               0.007827421866694663                               -0.4965443097908417                                
parent#2: 0.641203963554633                                  -0.4320040704304389                                -0.24210444194992284                               0.008013827921567006                               -0.4046568142855711                                -0.4240330655217514                                
son     : 0.5133555884832491                                 -0.009177943174035297                              0.38993237192471686                                -0.054051506808915344                              -0.3018400991758134                                -0.7002182085596577                                
89  :
parent#1: 0.03370499264069502                                0.4199378220315276                                 0.7547488078173188                                 -0.07907538225074534                               0.007827421866694663                               -0.4965443097908417                                
parent#2: 0.47612379543073824                                -0.5247017354946689                                0.34341953304136674                                0.5252597881744829                                 -0.059020275934295194                              -0.3172948257925076                                
son     : 0.333220722178623                                  -0.06847300058221795                               0.7177555606439388                                 0.2916231751627099                                 -0.03345931065862173                               -0.5319198735758977                                
90  :
parent#1: 0.03370499264069502                                0.4199378220315276                                 0.7547488078173188                                 -0.07907538225074534                               0.007827421866694663                               -0.4965443097908417                                
parent#2: 0.29085527417441626                                0.25733626516347335                                -0.21183211697599721                               -0.24419522650199865                               0.6607173766948191                                 -0.5550942711119088                                
son     : 0.20460816484090086                                0.4269647958916868                                 0.3422636691318047                                 -0.2037951430499015                                0.421461707835989                                  -0.6629703698049297                                
91  :
parent#1: 0.03370499264069502                                0.4199378220315276                                 0.7547488078173188                                 -0.07907538225074534                               0.007827421866694663                               -0.4965443097908417                                
parent#2: -0.38264960890916355                               0.4790744124857008                                 0.26414492176544646                                -0.597470831021331                                 0.17987767867683918                                0.40616138565991555                                
son     : -0.2220620013248578                                0.5721150197051135                                 0.6484054207456832                                 -0.4305416937350437                                0.11945210885131308                                -0.0575180475134898                                
92  :
parent#1: 0.03370499264069502                                0.4199378220315276                                 0.7547488078173188                                 -0.07907538225074534                               0.007827421866694663                               -0.4965443097908417                                
parent#2: 0.42438881151852653                                0.03224904728322666                                -0.12631550009456682                               -0.4421613258516074                                0.5761956668138181                                 -0.5247765672257142                                
son     : 0.29176657178434096                                0.28800435951760467                                0.4002582661555304                                 -0.3319832008867769                                0.37197275509971595                                -0.6504940435197947                                
93  :
parent#1: 0.03370499264069502                                0.4199378220315276                                 0.7547488078173188                                 -0.07907538225074534                               0.007827421866694663                               -0.4965443097908417                                
parent#2: 0.18609178138933447                                0.25572679630503725                                0.13517161443963027                                -0.4933194634932949                                0.5317830519848108                                 -0.5962759275378287                                
son     : 0.1246380603570777                                 0.38314269102907333                                0.5046386863125828                                 -0.32458248601127704                               0.30599176492020064                                -0.6196951493064119                                
94  :
parent#1: 0.03370499264069502                                0.4199378220315276                                 0.7547488078173188                                 -0.07907538225074534                               0.007827421866694663                               -0.4965443097908417                                
parent#2: 0.03370499264069502                                0.4199378220315276                                 0.7547488078173188                                 -0.07907538225074534                               0.007827421866694663                               -0.4965443097908417                                
son     : 0.033704992640695014                               0.41993782203152746                                0.7547488078173186                                 -0.07907538225074533                               0.007827421866694662                               -0.4965443097908416                                

0   :
parent#1: -0.5644543153023431                                -0.3038686894369599                                0.303835812741416                                  -0.24147863866379637                               0.4776315476802716                                 0.45857945455702503                                
parent#2: 0.47612379543073824                                -0.5247017354946689                                0.34341953304136674                                0.5252597881744829                                 -0.059020275934295194                              -0.3172948257925076                                
son:      -0.07494795532649097                               -0.7030374018277479                                0.5491925645979907                                 0.24078672860686237                                0.3551893381765169                                 0.11987922249698993                                
mutated:  -0.07494795532649097                               -0.7030374018277479                                0.5491925645979907                                 0.24078672860686237                                0.3551893381765169                                 0.11987922249698993                                
1   :
parent#1: -0.2024131620885535                                0.201948072470656                                  0.3934345654259352                                 -0.4966033564673385                                -0.6715458441202526                                0.25664453268479315                                
parent#2: -0.5644543153023431                                -0.3038686894369599                                0.303835812741416                                  -0.24147863866379637                               0.4776315476802716                                 0.45857945455702503                                
son:      -0.5195583100039348                                -0.06905196147544934                               0.47240576758971314                                -0.5000559357913605                                -0.13137835038556891                               0.4845694687039366                                 
mutated:  -0.5195583100039348                                -0.06905196147544934                               0.47240576758971314                                -0.5000559357913605                                -0.13137835038556891                               0.4845694687039366                                 
2   :
parent#1: -0.2024131620885535                                0.201948072470656                                  0.3934345654259352                                 -0.4966033564673385                                -0.6715458441202526                                0.25664453268479315                                
parent#2: 0.29085527417441626                                0.25733626516347335                                -0.21183211697599721                               -0.24419522650199865                               0.6607173766948191                                 -0.5550942711119088                                
son:      0.09376343349155995                                0.48691822741257823                                0.19252897398706553                                -0.7853704194383466                                -0.011479986867279435                              -0.3164066476885669                                
mutated:  0.09376343349155995                                0.48691822741257823                                0.19252897398706553                                -0.7853704194383466                                -0.011479986867279435                              -0.3164066476885669                                
3   :
parent#1: -0.2024131620885535                                0.201948072470656                                  0.3934345654259352                                 -0.4966033564673385                                -0.6715458441202526                                0.25664453268479315                                
parent#2: 0.18609178138933447                                0.25572679630503725                                0.13517161443963027                                -0.4933194634932949                                0.5317830519848108                                 -0.5962759275378287                                
son:      -0.012887135892719991                              0.36137373040243875                                0.41738011012665643                                -0.7816293326671615                                -0.11035476276106951                               -0.26816824014861307                               
mutated:  -0.012887135892719991                              0.36137373040243875                                0.41738011012665643                                -0.7816293326671615                                -0.11035476276106951                               -0.26816824014861307                               
4   :
parent#1: 0.29085527417441626                                0.25733626516347335                                -0.21183211697599721                               -0.24419522650199865                               0.6607173766948191                                 -0.5550942711119088                                
parent#2: -0.2024131620885535                                0.201948072470656                                  0.3934345654259352                                 -0.4966033564673385                                -0.6715458441202526                                0.25664453268479315                                
son:      0.09376343349155995                                0.48691822741257823                                0.19252897398706553                                -0.7853704194383466                                -0.011479986867279435                              -0.3164066476885669                                
mutated:  0.09376343349155995                                0.48691822741257823                                0.19252897398706553                                -0.7853704194383466                                -0.011479986867279435                              -0.3164066476885669                                

