0   :
parent#1: 0.46397277315517566                                -0.29535813919408443                               -0.5289493194549518                                -0.48254255556900205                               0.38138531023715094                                0.1985028464050217                                 
parent#2: 0.46397277315517566                                -0.29535813919408443                               -0.5289493194549518                                -0.48254255556900205                               0.38138531023715094                                0.1985028464050217                                 
son     : 0.4273568111254222                                 -0.30143754499674286                               -0.539836771450624                                 -0.492474809409578                                 0.3892354276384555                                 0.20258866357454924                                
1   :
parent#1: 0.46397277315517566                                -0.29535813919408443                               -0.5289493194549518                                -0.48254255556900205                               0.38138531023715094                                0.1985028464050217                                 
parent#2: -0.37220527354127375                               -0.3761116468098133                                -0.13179808138913535                               0.3946195767254984                                 -0.48639795864464486                               -0.5570681688227478                                
son     : 0.09058104328225437                                -0.6502937249553548                                -0.652204638530093                                 -0.08678622808332073                               -0.1036549463655907                                -0.35392945352207517                               
2   :
parent#1: 0.46397277315517566                                -0.29535813919408443                               -0.5289493194549518                                -0.48254255556900205                               0.38138531023715094                                0.1985028464050217                                 
parent#2: -0.26303074470681775                               0.444871356365                                     -0.6481642139047714                                0.371054536219684                                  -0.417890580974554                                 -0.02175888144405928                               
son     : 0.1647905856148464                                 0.1226143221754475                                 -0.9653392572742043                                -0.06343743482518052                               -0.029937614292528197                              0.14494599121304386                                
3   :
parent#1: 0.46397277315517566                                -0.29535813919408443                               -0.5289493194549518                                -0.48254255556900205                               0.38138531023715094                                0.1985028464050217                                 
parent#2: 0.04903569348496772                                -0.5551144915956269                                -0.08318931208403871                               -0.31346466160779063                               0.7116610795460026                                 0.27892894099123694                                
son     : 0.27750408164866947                                -0.4600501584707351                                -0.3311270277846293                                -0.4305879262287279                                0.5912667223267075                                 0.2582594212898594                                 
4   :
parent#1: 0.46397277315517566                                -0.29535813919408443                               -0.5289493194549518                                -0.48254255556900205                               0.38138531023715094                                0.1985028464050217                                 
parent#2: -0.03372638278830708                               -0.48224870183990054                               0.1988457016439539                                 -0.18785065827051248                               0.6807369249075043                                 -0.47756515458132065                               
son     : 0.2942992827956401                                 -0.4828373346366189                                -0.2049703559266931                                -0.41626546404650433                               0.6595007168321972                                 -0.17327741214084574                               
5   :
parent#1: 0.46397277315517566                                -0.29535813919408443                               -0.5289493194549518                                -0.48254255556900205                               0.38138531023715094                                0.1985028464050217                                 
parent#2: 0.10241052381088                                   -0.26378742721331977                               0.5129793202443849                                 0.6256697373690031                                 0.45033223619819107                                -0.25003750046724355                               
son     : 0.4744060140016351                                 -0.46834364789172245                               -0.013376566204685223                              0.26120405012453607                                0.696651557510987                                  -0.0431657323716541                                
6   :
parent#1: 0.46397277315517566                                -0.29535813919408443                               -0.5289493194549518                                -0.48254255556900205                               0.38138531023715094                                0.1985028464050217                                 
parent#2: 0.4769853068012761                                 -0.13083684396760195                               0.09032461101536281                                0.6930515517403805                                 0.025776731224217517                               -0.5159683214683422                                
son     : 0.7728299888886137                                 -0.3500435047185872                                -0.3602523170483082                                0.17289576298617776                                0.22922158773478496                                -0.2607415195128132                                
7   :
parent#1: 0.46397277315517566                                -0.29535813919408443                               -0.5289493194549518                                -0.48254255556900205                               0.38138531023715094                                0.1985028464050217                                 
parent#2: -0.5266067726939471                                -0.5728180854091484                                -0.5275008527002146                                -0.09691948076312985                               0.045205691205705986                               -0.32383739455601684                               
son     : -0.0400951978545242                                -0.5557636068971249                                -0.6762873038274833                                -0.3709430208355181                                0.27308252277939193                                -0.14135728522195617                               
8   :
parent#1: 0.46397277315517566                                -0.29535813919408443                               -0.5289493194549518                                -0.48254255556900205                               0.38138531023715094                                0.1985028464050217                                 
parent#2: 0.14088048781329596                                -0.4007572558484645                                0.08056559107810661                                -0.4273045172415545                                -0.3572928605632245                                -0.7090896677487564                                
son     : 0.43512719594387345                                -0.5007805354529037                                -0.3225641110425393                                -0.6545376061888096                                0.01733193940832691                                -0.1646684514101907                                
9   :
parent#1: -0.37220527354127375                               -0.3761116468098133                                -0.13179808138913535                               0.3946195767254984                                 -0.48639795864464486                               -0.5570681688227478                                
parent#2: 0.46397277315517566                                -0.29535813919408443                               -0.5289493194549518                                -0.48254255556900205                               0.38138531023715094                                0.1985028464050217                                 
son     : 0.0898470031389243                                 -0.6574173669830018                                -0.6469193782924142                                -0.08608293992287362                               -0.10281495944415528                               -0.35106132110299343                               
10  :
parent#1: -0.37220527354127375                               -0.3761116468098133                                -0.13179808138913535                               0.3946195767254984                                 -0.48639795864464486                               -0.5570681688227478                                
parent#2: -0.26303074470681775                               0.444871356365                                     -0.6481642139047714                                0.371054536219684                                  -0.417890580974554                                 -0.02175888144405928                               
son     : -0.3826702696763698                                0.041421291996191406                               -0.46985431131669997                               0.46124701822325936                                -0.5447492418261802                                -0.34868914396958817                               
11  :
parent#1: -0.37220527354127375                               -0.3761116468098133                                -0.13179808138913535                               0.3946195767254984                                 -0.48639795864464486                               -0.5570681688227478                                
parent#2: 0.04903569348496772                                -0.5551144915956269                                -0.08318931208403871                               -0.31346466160779063                               0.7116610795460026                                 0.27892894099123694                                
son     : -0.3010260703527235                                -0.867418724884595                                 -0.2002565037876668                                0.0755941978927472                                 0.20982814059575647                                -0.2590811881194781                                
12  :
parent#1: -0.37220527354127375                               -0.3761116468098133                                -0.13179808138913535                               0.3946195767254984                                 -0.48639795864464486                               -0.5570681688227478                                
parent#2: -0.03372638278830708                               -0.48224870183990054                               0.1988457016439539                                 -0.18785065827051248                               0.6807369249075043                                 -0.47756515458132065                               
son     : -0.28302902175090183                               -0.598477320011832                                 0.04674782583608129                                0.1441661516324124                                 0.13549957647254923                                -0.7213806876795651                                
13  :
parent#1: -0.37220527354127375                               -0.3761116468098133                                -0.13179808138913535                               0.3946195767254984                                 -0.48639795864464486                               -0.5570681688227478                                
parent#2: -0.18628923436773914                               -0.5349839341810874                                0.5639996316837269                                 -0.4851295709639006                                0.34055424095676134                                0.09831091053476099                                
son     : -0.4459075117762316                                -0.7274276787985159                                0.34507397145092145                                -0.07226407019261516                               -0.11644305958509825                               -0.3662763100721639                                
14  :
parent#1: -0.37220527354127375                               -0.3761116468098133                                -0.13179808138913535                               0.3946195767254984                                 -0.48639795864464486                               -0.5570681688227478                                
parent#2: 0.10241052381088                                   -0.26378742721331977                               0.5129793202443849                                 0.6256697373690031                                 0.45033223619819107                                -0.25003750046724355                               
son     : -0.1770804789413683                                -0.41999940553101556                               0.2501892879954272                                 0.6696695194371336                                 -0.02367182982829194                               -0.5297458850366366                                
15  :
parent#1: -0.37220527354127375                               -0.3761116468098133                                -0.13179808138913535                               0.3946195767254984                                 -0.48639795864464486                               -0.5570681688227478                                
parent#2: 0.4769853068012761                                 -0.13083684396760195                               0.09032461101536281                                0.6930515517403805                                 0.025776731224217517                               -0.5159683214683422                                
son     : 0.06243653789043412                                -0.3020814907968256                                -0.024713295308986315                              0.6481236692899057                                 -0.2744759075196073                                -0.6394031515301372                                
16  :
parent#1: -0.37220527354127375                               -0.3761116468098133                                -0.13179808138913535                               0.3946195767254984                                 -0.48639795864464486                               -0.5570681688227478                                
parent#2: -0.5266067726939471                                -0.5728180854091484                                -0.5275008527002146                                -0.09691948076312985                               0.045205691205705986                               -0.32383739455601684                               
son     : -0.5022725889630935                                -0.5302792673307586                                -0.3684282869958373                                0.1663602513560981                                 -0.24654629777743375                               -0.492266119266556                                 
17  :
parent#1: -0.37220527354127375                               -0.3761116468098133                                -0.13179808138913535                               0.3946195767254984                                 -0.48639795864464486                               -0.5570681688227478                                
parent#2: 0.14088048781329596                                -0.4007572558484645                                0.08056559107810661                                -0.4273045172415545                                -0.3572928605632245                                -0.7090896677487564                                
son     : -0.1340996488986578                                -0.4503531550193099                                -0.02969962315664608                               -0.01894755477102567                               -0.48909001376030503                               -0.7339953684608009                                
18  :
parent#1: -0.26303074470681775                               0.444871356365                                     -0.6481642139047714                                0.371054536219684                                  -0.417890580974554                                 -0.02175888144405928                               
parent#2: 0.46397277315517566                                -0.29535813919408443                               -0.5289493194549518                                -0.48254255556900205                               0.38138531023715094                                0.1985028464050217                                 
son     : 0.16443454448674658                                0.12234940569720537                                -0.9632535769734967                                -0.09123268944279694                               -0.029872932066140324                              0.1446328256639775                                 
19  :
parent#1: -0.26303074470681775                               0.444871356365                                     -0.6481642139047714                                0.371054536219684                                  -0.417890580974554                                 -0.02175888144405928                               
parent#2: -0.37220527354127375                               -0.3761116468098133                                -0.13179808138913535                               0.3946195767254984                                 -0.48639795864464486                               -0.5570681688227478                                
son     : -0.3826702696763698                                0.041421291996191406                               -0.46985431131669997                               0.46124701822325936                                -0.5447492418261802                                -0.34868914396958817                               
20  :
parent#1: -0.26303074470681775                               0.444871356365                                     -0.6481642139047714                                0.371054536219684                                  -0.417890580974554                                 -0.02175888144405928                               
parent#2: -0.26303074470681775                               0.444871356365                                     -0.6481642139047714                                0.371054536219684                                  -0.417890580974554                                 -0.02175888144405928                               
son     : -0.2630307447068178                                0.4448713563650001                                 -0.6481642139047715                                0.37105453621968404                                -0.41789058097455406                               -0.021758881444059283                              
21  :
parent#1: -0.26303074470681775                               0.444871356365                                     -0.6481642139047714                                0.371054536219684                                  -0.417890580974554                                 -0.02175888144405928                               
parent#2: 0.04903569348496772                                -0.5551144915956269                                -0.08318931208403871                               -0.31346466160779063                               0.7116610795460026                                 0.27892894099123694                                
son     : -0.24733452944663267                               -0.1274185259018947                                -0.8452951560176466                                0.06656212121118825                                0.33953863706009374                                0.2972360122474135                                 
22  :
parent#1: -0.26303074470681775                               0.444871356365                                     -0.6481642139047714                                0.371054536219684                                  -0.417890580974554                                 -0.02175888144405928                               
parent#2: -0.03372638278830708                               -0.48224870183990054                               0.1988457016439539                                 -0.18785065827051248                               0.6807369249075043                                 -0.47756515458132065                               
son     : -0.3699864592079232                                -0.046600773580667984                              -0.5601946844922293                                0.22841221940554077                                0.3277076743812931                                 -0.6225398312951214                                
23  :
parent#1: -0.26303074470681775                               0.444871356365                                     -0.6481642139047714                                0.371054536219684                                  -0.417890580974554                                 -0.02175888144405928                               
parent#2: 0.10241052381088                                   -0.26378742721331977                               0.5129793202443849                                 0.6256697373690031                                 0.45033223619819107                                -0.25003750046724355                               
son     : -0.1500894024043905                                0.169211439006943                                  -0.12632170339706988                               0.9313755749458054                                 0.030314667844216037                               -0.25397646889785                                  
24  :
parent#1: -0.26303074470681775                               0.444871356365                                     -0.6481642139047714                                0.371054536219684                                  -0.417890580974554                                 -0.02175888144405928                               
parent#2: 0.4769853068012761                                 -0.13083684396760195                               0.09032461101536281                                0.6930515517403805                                 0.025776731224217517                               -0.5159683214683422                                
son     : 0.15013690434439006                                0.22036533872939798                                -0.39144905478362285                               0.7467080504215211                                 -0.2751554300865343                                -0.3773357148205754                                
25  :
parent#1: -0.26303074470681775                               0.444871356365                                     -0.6481642139047714                                0.371054536219684                                  -0.417890580974554                                 -0.02175888144405928                               
parent#2: -0.5266067726939471                                -0.5728180854091484                                -0.5275008527002146                                -0.09691948076312985                               0.045205691205705986                               -0.32383739455601684                               
son     : -0.5144936831112227                                -0.0833645595825305                                -0.7660125524605859                                0.17861455572172286                                -0.24282536904811067                               -0.22517559891795183                               
26  :
parent#1: -0.26303074470681775                               0.444871356365                                     -0.6481642139047714                                0.371054536219684                                  -0.417890580974554                                 -0.02175888144405928                               
parent#2: 0.14088048781329596                                -0.4007572558484645                                0.08056559107810661                                -0.4273045172415545                                -0.3572928605632245                                -0.7090896677487564                                
son     : -0.1005003754803825                                0.036295328218227306                               -0.46699758287002935                               -0.04628024825514868                               -0.6377901194971094                                -0.6013131325396844                                
27  :
parent#1: 0.04903569348496772                                -0.5551144915956269                                -0.08318931208403871                               -0.31346466160779063                               0.7116610795460026                                 0.27892894099123694                                
parent#2: 0.46397277315517566                                -0.29535813919408443                               -0.5289493194549518                                -0.48254255556900205                               0.38138531023715094                                0.1985028464050217                                 
son     : 0.27750408164866947                                -0.4600501584707351                                -0.3311270277846293                                -0.4305879262287279                                0.5912667223267075                                 0.2582594212898594                                 
28  :
parent#1: 0.04903569348496772                                -0.5551144915956269                                -0.08318931208403871                               -0.31346466160779063                               0.7116610795460026                                 0.27892894099123694                                
parent#2: -0.37220527354127375                               -0.3761116468098133                                -0.13179808138913535                               0.3946195767254984                                 -0.48639795864464486                               -0.5570681688227478                                
son     : -0.3010260703527235                                -0.867418724884595                                 -0.2002565037876668                                0.0755941978927472                                 0.20982814059575647                                -0.2590811881194781                                
29  :
parent#1: 0.04903569348496772                                -0.5551144915956269                                -0.08318931208403871                               -0.31346466160779063                               0.7116610795460026                                 0.27892894099123694                                
parent#2: -0.26303074470681775                               0.444871356365                                     -0.6481642139047714                                0.371054536219684                                  -0.417890580974554                                 -0.02175888144405928                               
son     : -0.24733452944663267                               -0.1274185259018947                                -0.8452951560176466                                0.06656212121118825                                0.33953863706009374                                0.2972360122474135                                 
30  :
parent#1: 0.04903569348496772                                -0.5551144915956269                                -0.08318931208403871                               -0.31346466160779063                               0.7116610795460026                                 0.27892894099123694                                
parent#2: 0.04903569348496772                                -0.5551144915956269                                -0.08318931208403871                               -0.31346466160779063                               0.7116610795460026                                 0.27892894099123694                                
son     : 0.04903569348496772                                -0.5551144915956269                                -0.08318931208403871                               -0.31346466160779063                               0.7116610795460026                                 0.27892894099123694                                
31  :
parent#1: 0.04903569348496772                                -0.5551144915956269                                -0.08318931208403871                               -0.31346466160779063                               0.7116610795460026                                 0.27892894099123694                                
parent#2: -0.03372638278830708                               -0.48224870183990054                               0.1988457016439539                                 -0.18785065827051248                               0.6807369249075043                                 -0.47756515458132065                               
son     : 0.00840298857317195                                -0.5693888662517833                                0.06348158575802364                                -0.27516241507936007                               0.7642607007304637                                 -0.10902762809430072                               
32  :
parent#1: 0.04903569348496772                                -0.5551144915956269                                -0.08318931208403871                               -0.31346466160779063                               0.7116610795460026                                 0.27892894099123694                                
parent#2: -0.18628923436773914                               -0.5349839341810874                                0.5639996316837269                                 -0.4851295709639006                                0.34055424095676134                                0.09831091053476099                                
son     : -0.07526476746863585                               -0.5977696750576807                                0.2636586034024386                                 -0.4379195526011145                                0.5769959806881563                                 0.2068643877774881                                 
33  :
parent#1: 0.04903569348496772                                -0.5551144915956269                                -0.08318931208403871                               -0.31346466160779063                               0.7116610795460026                                 0.27892894099123694                                
parent#2: 0.10241052381088                                   -0.26378742721331977                               0.5129793202443849                                 0.6256697373690031                                 0.45033223619819107                                -0.25003750046724355                               
son     : 0.09928411004625641                                -0.5368503068339571                                0.2817588925553388                                 0.20467333983207978                                0.7617718969368011                                 0.01894045960075411                                
34  :
parent#1: 0.04903569348496772                                -0.5551144915956269                                -0.08318931208403871                               -0.31346466160779063                               0.7116610795460026                                 0.27892894099123694                                
parent#2: 0.4769853068012761                                 -0.13083684396760195                               0.09032461101536281                                0.6930515517403805                                 0.025776731224217517                               -0.5159683214683422                                
son     : 0.43073570247325405                                -0.5616956931862269                                0.00584278573644034                                0.31082718310091545                                0.6038557268238329                                 -0.19410123171521781                               
35  :
parent#1: 0.04903569348496772                                -0.5551144915956269                                -0.08318931208403871                               -0.31346466160779063                               0.7116610795460026                                 0.27892894099123694                                
parent#2: -0.5266067726939471                                -0.5728180854091484                                -0.5275008527002146                                -0.09691948076312985                               0.045205691205705986                               -0.32383739455601684                               
son     : -0.2952401026850346                                -0.6973012905393375                                -0.3775358994901499                                -0.25370434184286406                               0.4679040101962344                                 -0.02776293837527344                               
36  :
parent#1: 0.04903569348496772                                -0.5551144915956269                                -0.08318931208403871                               -0.31346466160779063                               0.7116610795460026                                 0.27892894099123694                                
parent#2: 0.14088048781329596                                -0.4007572558484645                                0.08056559107810661                                -0.4273045172415545                                -0.3572928605632245                                -0.7090896677487564                                
son     : 0.14119791829831582                                -0.7106666739855786                                -0.001950670773288986                              -0.5507433083272331                                0.26346388437996376                                -0.31981371327419206                               
37  :
parent#1: -0.03372638278830708                               -0.48224870183990054                               0.1988457016439539                                 -0.18785065827051248                               0.6807369249075043                                 -0.47756515458132065                               
parent#2: 0.46397277315517566                                -0.29535813919408443                               -0.5289493194549518                                -0.48254255556900205                               0.38138531023715094                                0.1985028464050217                                 
son     : 0.2692112789774186                                 -0.48655964792138257                               -0.2065505234574887                                -0.4194745581982123                                0.6645849721361563                                 -0.17461325087346313                               
38  :
parent#1: -0.03372638278830708                               -0.48224870183990054                               0.1988457016439539                                 -0.18785065827051248                               0.6807369249075043                                 -0.47756515458132065                               
parent#2: -0.26303074470681775                               0.444871356365                                     -0.6481642139047714                                0.371054536219684                                  -0.417890580974554                                 -0.02175888144405928                               
son     : -0.3699864592079232                                -0.046600773580667984                              -0.5601946844922293                                0.22841221940554077                                0.3277076743812931                                 -0.6225398312951214                                
39  :
parent#1: -0.03372638278830708                               -0.48224870183990054                               0.1988457016439539                                 -0.18785065827051248                               0.6807369249075043                                 -0.47756515458132065                               
parent#2: 0.04903569348496772                                -0.5551144915956269                                -0.08318931208403871                               -0.31346466160779063                               0.7116610795460026                                 0.27892894099123694                                
son     : 0.00840298857317195                                -0.5693888662517833                                0.06348158575802364                                -0.27516241507936007                               0.7642607007304637                                 -0.10902762809430072                               
40  :
parent#1: -0.03372638278830708                               -0.48224870183990054                               0.1988457016439539                                 -0.18785065827051248                               0.6807369249075043                                 -0.47756515458132065                               
parent#2: -0.03372638278830708                               -0.48224870183990054                               0.1988457016439539                                 -0.18785065827051248                               0.6807369249075043                                 -0.47756515458132065                               
son     : -0.033726382788307085                              -0.4822487018399006                                0.19884570164395393                                -0.1878506582705125                                0.6807369249075044                                 -0.4775651545813207                                
41  :
parent#1: -0.03372638278830708                               -0.48224870183990054                               0.1988457016439539                                 -0.18785065827051248                               0.6807369249075043                                 -0.47756515458132065                               
parent#2: -0.18628923436773914                               -0.5349839341810874                                0.5639996316837269                                 -0.4851295709639006                                0.34055424095676134                                0.09831091053476099                                
son     : -0.12102527012621081                               -0.5595550722579892                                0.41962276916470587                                -0.37019014870624994                               0.5617875713730388                                 -0.20861858774185388                               
42  :
parent#1: -0.03372638278830708                               -0.48224870183990054                               0.1988457016439539                                 -0.18785065827051248                               0.6807369249075043                                 -0.47756515458132065                               
parent#2: 0.10241052381088                                   -0.26378742721331977                               0.5129793202443849                                 0.6256697373690031                                 0.45033223619819107                                -0.25003750046724355                               
son     : 0.03921038697944044                                -0.42589693756535146                               0.40636650840137234                                0.24994205740728614                                0.6457045083069458                                 -0.41537364007138583                               
43  :
parent#1: -0.03372638278830708                               -0.48224870183990054                               0.1988457016439539                                 -0.18785065827051248                               0.6807369249075043                                 -0.47756515458132065                               
parent#2: 0.4769853068012761                                 -0.13083684396760195                               0.09032461101536281                                0.6930515517403805                                 0.025776731224217517                               -0.5159683214683422                                
son     : 0.2862733296220054                                 -0.3959537665987366                                0.18675709331098966                                0.32627778949668623                                0.45629316367317374                                -0.6416613876708779                                
44  :
parent#1: -0.03372638278830708                               -0.48224870183990054                               0.1988457016439539                                 -0.18785065827051248                               0.6807369249075043                                 -0.47756515458132065                               
parent#2: -0.5266067726939471                                -0.5728180854091484                                -0.5275008527002146                                -0.09691948076312985                               0.045205691205705986                               -0.32383739455601684                               
son     : -0.33573438288850727                               -0.6321635499479875                                -0.19692005237140986                               -0.17062550369922241                               0.43496247517867237                                -0.4801757448179804                                
45  :
parent#1: -0.03372638278830708                               -0.48224870183990054                               0.1988457016439539                                 -0.18785065827051248                               0.6807369249075043                                 -0.47756515458132065                               
parent#2: 0.14088048781329596                                -0.4007572558484645                                0.08056559107810661                                -0.4273045172415545                                -0.3572928605632245                                -0.7090896677487564                                
son     : 0.06449412336273884                                -0.531465361517471                                 0.1681726180957459                                 -0.37025080623323164                               0.19467514923390852                                -0.7142261370434405                                
46  :
parent#1: -0.18628923436773914                               -0.5349839341810874                                0.5639996316837269                                 -0.4851295709639006                                0.34055424095676134                                0.09831091053476099                                
parent#2: 0.46397277315517566                                -0.29535813919408443                               -0.5289493194549518                                -0.48254255556900205                               0.38138531023715094                                0.1985028464050217                                 
son     : 0.1825645314016775                                 -0.545912848096036                                 0.023044015700286528                               -0.636201227852319                                 0.4746430286778567                                 0.19514179589436467                                
47  :
parent#1: -0.18628923436773914                               -0.5349839341810874                                0.5639996316837269                                 -0.4851295709639006                                0.34055424095676134                                0.09831091053476099                                
parent#2: -0.37220527354127375                               -0.3761116468098133                                -0.13179808138913535                               0.3946195767254984                                 -0.48639795864464486                               -0.5570681688227478                                
son     : -0.4459075117762316                                -0.7274276787985159                                0.34507397145092145                                -0.07226407019261516                               -0.11644305958509825                               -0.3662763100721639                                
48  :
parent#1: -0.18628923436773914                               -0.5349839341810874                                0.5639996316837269                                 -0.4851295709639006                                0.34055424095676134                                0.09831091053476099                                
parent#2: -0.26303074470681775                               0.444871356365                                     -0.6481642139047714                                0.371054536219684                                  -0.417890580974554                                 -0.02175888144405928                               
son     : -0.9134734692215124                                -0.1832000643454494                                -0.17110771051264445                               -0.2319160566908002                                -0.15722580366546593                               0.15563128916158442                                
49  :
parent#1: -0.18628923436773914                               -0.5349839341810874                                0.5639996316837269                                 -0.4851295709639006                                0.34055424095676134                                0.09831091053476099                                
parent#2: 0.04903569348496772                                -0.5551144915956269                                -0.08318931208403871                               -0.31346466160779063                               0.7116610795460026                                 0.27892894099123694                                
son     : -0.07526476746863585                               -0.5977696750576807                                0.2636586034024386                                 -0.4379195526011145                                0.5769959806881563                                 0.2068643877774881                                 
50  :
parent#1: -0.18628923436773914                               -0.5349839341810874                                0.5639996316837269                                 -0.4851295709639006                                0.34055424095676134                                0.09831091053476099                                
parent#2: -0.03372638278830708                               -0.48224870183990054                               0.1988457016439539                                 -0.18785065827051248                               0.6807369249075043                                 -0.47756515458132065                               
son     : -0.12102527012621081                               -0.5595550722579892                                0.41962276916470587                                -0.37019014870624994                               0.5617875713730388                                 -0.20861858774185388                               
51  :
parent#1: -0.18628923436773914                               -0.5349839341810874                                0.5639996316837269                                 -0.4851295709639006                                0.34055424095676134                                0.09831091053476099                                
parent#2: -0.18628923436773914                               -0.5349839341810874                                0.5639996316837269                                 -0.4851295709639006                                0.34055424095676134                                0.09831091053476099                                
son     : -0.18628923436773914                               -0.5349839341810874                                0.5639996316837269                                 -0.4851295709639006                                0.34055424095676134                                0.09831091053476099                                
52  :
parent#1: -0.18628923436773914                               -0.5349839341810874                                0.5639996316837269                                 -0.4851295709639006                                0.34055424095676134                                0.09831091053476099                                
parent#2: 0.10241052381088                                   -0.26378742721331977                               0.5129793202443849                                 0.6256697373690031                                 0.45033223619819107                                -0.25003750046724355                               
son     : -0.05333589520389474                               -0.5079141696429021                                0.6848178296434352                                 0.08936517428029905                                0.5029004139866879                                 -0.09647827734306345                               
53  :
parent#1: -0.18628923436773914                               -0.5349839341810874                                0.5639996316837269                                 -0.4851295709639006                                0.34055424095676134                                0.09831091053476099                                
parent#2: 0.4769853068012761                                 -0.13083684396760195                               0.09032461101536281                                0.6930515517403805                                 0.025776731224217517                               -0.5159683214683422                                
son     : 0.2541930197073465                                 -0.5822128684597423                                0.5721599666862777                                 0.18181296952056383                                0.3203303548323691                                 -0.3652116714188912                                
54  :
parent#1: -0.18628923436773914                               -0.5349839341810874                                0.5639996316837269                                 -0.4851295709639006                                0.34055424095676134                                0.09831091053476099                                
parent#2: -0.5266067726939471                                -0.5728180854091484                                -0.5275008527002146                                -0.09691948076312985                               0.045205691205705986                               -0.32383739455601684                               
son     : -0.4726213304990867                                -0.7344281062623603                                0.024197219950605003                               -0.3858750708631164                                0.25574329297104187                                -0.1495149725697425                                
55  :
parent#1: -0.18628923436773914                               -0.5349839341810874                                0.5639996316837269                                 -0.4851295709639006                                0.34055424095676134                                0.09831091053476099                                
parent#2: 0.14088048781329596                                -0.4007572558484645                                0.08056559107810661                                -0.4273045172415545                                -0.3572928605632245                                -0.7090896677487564                                
son     : -0.028724731519335068                              -0.5919325349127459                                0.40774001432379114                                -0.57718889424457                                  -0.010588540549637471                              -0.38636732237587934                               
56  :
parent#1: 0.10241052381088                                   -0.26378742721331977                               0.5129793202443849                                 0.6256697373690031                                 0.45033223619819107                                -0.25003750046724355                               
parent#2: 0.46397277315517566                                -0.29535813919408443                               -0.5289493194549518                                -0.48254255556900205                               0.38138531023715094                                0.1985028464050217                                 
son     : 0.4877209539229259                                 -0.4814884381139116                                -0.013752000263512181                              0.12324891290708413                                0.7162041630019883                                 -0.04437724554017205                               
57  :
parent#1: 0.10241052381088                                   -0.26378742721331977                               0.5129793202443849                                 0.6256697373690031                                 0.45033223619819107                                -0.25003750046724355                               
parent#2: -0.37220527354127375                               -0.3761116468098133                                -0.13179808138913535                               0.3946195767254984                                 -0.48639795864464486                               -0.5570681688227478                                
son     : -0.1770804789413683                                -0.41999940553101556                               0.2501892879954272                                 0.6696695194371336                                 -0.02367182982829194                               -0.5297458850366366                                
58  :
parent#1: 0.10241052381088                                   -0.26378742721331977                               0.5129793202443849                                 0.6256697373690031                                 0.45033223619819107                                -0.25003750046724355                               
parent#2: -0.26303074470681775                               0.444871356365                                     -0.6481642139047714                                0.371054536219684                                  -0.417890580974554                                 -0.02175888144405928                               
son     : -0.1500894024043905                                0.169211439006943                                  -0.12632170339706988                               0.9313755749458054                                 0.030314667844216037                               -0.25397646889785                                  
59  :
parent#1: 0.10241052381088                                   -0.26378742721331977                               0.5129793202443849                                 0.6256697373690031                                 0.45033223619819107                                -0.25003750046724355                               
parent#2: -0.03372638278830708                               -0.48224870183990054                               0.1988457016439539                                 -0.18785065827051248                               0.6807369249075043                                 -0.47756515458132065                               
son     : 0.03921038697944044                                -0.42589693756535146                               0.40636650840137234                                0.24994205740728614                                0.6457045083069458                                 -0.41537364007138583                               
60  :
parent#1: 0.10241052381088                                   -0.26378742721331977                               0.5129793202443849                                 0.6256697373690031                                 0.45033223619819107                                -0.25003750046724355                               
parent#2: -0.18628923436773914                               -0.5349839341810874                                0.5639996316837269                                 -0.4851295709639006                                0.34055424095676134                                0.09831091053476099                                
son     : -0.05333589520389474                               -0.5079141696429021                                0.6848178296434352                                 0.08936517428029905                                0.5029004139866879                                 -0.09647827734306345                               
61  :
parent#1: 0.10241052381088                                   -0.26378742721331977                               0.5129793202443849                                 0.6256697373690031                                 0.45033223619819107                                -0.25003750046724355                               
parent#2: 0.10241052381088                                   -0.26378742721331977                               0.5129793202443849                                 0.6256697373690031                                 0.45033223619819107                                -0.25003750046724355                               
son     : 0.10241052381088                                   -0.26378742721331977                               0.5129793202443849                                 0.6256697373690031                                 0.45033223619819107                                -0.25003750046724355                               
62  :
parent#1: 0.10241052381088                                   -0.26378742721331977                               0.5129793202443849                                 0.6256697373690031                                 0.45033223619819107                                -0.25003750046724355                               
parent#2: 0.4769853068012761                                 -0.13083684396760195                               0.09032461101536281                                0.6930515517403805                                 0.025776731224217517                               -0.5159683214683422                                
son     : 0.31385828846230385                                -0.21376767279748798                               0.32680928871667153                                0.7143503368351481                                 0.2579078718582978                                 -0.4149447813092687                                
63  :
parent#1: 0.10241052381088                                   -0.26378742721331977                               0.5129793202443849                                 0.6256697373690031                                 0.45033223619819107                                -0.25003750046724355                               
parent#2: -0.5266067726939471                                -0.5728180854091484                                -0.5275008527002146                                -0.09691948076312985                               0.045205691205705986                               -0.32383739455601684                               
son     : -0.3220890928735705                                -0.6352284145913755                                -0.011026092824129701                              0.4014761822040514                                 0.37625830483467443                                -0.4357389883754246                                
64  :
parent#1: 0.10241052381088                                   -0.26378742721331977                               0.5129793202443849                                 0.6256697373690031                                 0.45033223619819107                                -0.25003750046724355                               
parent#2: 0.14088048781329596                                -0.4007572558484645                                0.08056559107810661                                -0.4273045172415545                                -0.3572928605632245                                -0.7090896677487564                                
son     : 0.1802880043100416                                 -0.49245318963585033                               0.4398396258716491                                 0.14699626353868156                                0.06894575859379426                                -0.7107501501301707                                
65  :
parent#1: 0.4769853068012761                                 -0.13083684396760195                               0.09032461101536281                                0.6930515517403805                                 0.025776731224217517                               -0.5159683214683422                                
parent#2: 0.46397277315517566                                -0.29535813919408443                               -0.5289493194549518                                -0.48254255556900205                               0.38138531023715094                                0.1985028464050217                                 
son     : 0.7508909301496118                                 -0.3401064873646527                                -0.3500254924449432                                0.16798760678828856                                0.3249180707908809                                 -0.25333960241004316                               
66  :
parent#1: 0.4769853068012761                                 -0.13083684396760195                               0.09032461101536281                                0.6930515517403805                                 0.025776731224217517                               -0.5159683214683422                                
parent#2: -0.37220527354127375                               -0.3761116468098133                                -0.13179808138913535                               0.3946195767254984                                 -0.48639795864464486                               -0.5570681688227478                                
son     : 0.06243653789043412                                -0.3020814907968256                                -0.024713295308986315                              0.6481236692899057                                 -0.2744759075196073                                -0.6394031515301372                                
67  :
parent#1: 0.4769853068012761                                 -0.13083684396760195                               0.09032461101536281                                0.6930515517403805                                 0.025776731224217517                               -0.5159683214683422                                
parent#2: -0.26303074470681775                               0.444871356365                                     -0.6481642139047714                                0.371054536219684                                  -0.417890580974554                                 -0.02175888144405928                               
son     : 0.15013690434439006                                0.22036533872939798                                -0.39144905478362285                               0.7467080504215211                                 -0.2751554300865343                                -0.3773357148205754                                
68  :
parent#1: 0.4769853068012761                                 -0.13083684396760195                               0.09032461101536281                                0.6930515517403805                                 0.025776731224217517                               -0.5159683214683422                                
parent#2: 0.04903569348496772                                -0.5551144915956269                                -0.08318931208403871                               -0.31346466160779063                               0.7116610795460026                                 0.27892894099123694                                
son     : 0.43073570247325405                                -0.5616956931862269                                0.00584278573644034                                0.31082718310091545                                0.6038557268238329                                 -0.19410123171521781                               
69  :
parent#1: 0.4769853068012761                                 -0.13083684396760195                               0.09032461101536281                                0.6930515517403805                                 0.025776731224217517                               -0.5159683214683422                                
parent#2: -0.03372638278830708                               -0.48224870183990054                               0.1988457016439539                                 -0.18785065827051248                               0.6807369249075043                                 -0.47756515458132065                               
son     : 0.2862733296220054                                 -0.3959537665987366                                0.18675709331098966                                0.32627778949668623                                0.45629316367317374                                -0.6416613876708779                                
70  :
parent#1: 0.4769853068012761                                 -0.13083684396760195                               0.09032461101536281                                0.6930515517403805                                 0.025776731224217517                               -0.5159683214683422                                
parent#2: -0.18628923436773914                               -0.5349839341810874                                0.5639996316837269                                 -0.4851295709639006                                0.34055424095676134                                0.09831091053476099                                
son     : 0.2541930197073465                                 -0.5822128684597423                                0.5721599666862777                                 0.18181296952056383                                0.3203303548323691                                 -0.3652116714188912                                
71  :
parent#1: 0.4769853068012761                                 -0.13083684396760195                               0.09032461101536281                                0.6930515517403805                                 0.025776731224217517                               -0.5159683214683422                                
parent#2: 0.10241052381088                                   -0.26378742721331977                               0.5129793202443849                                 0.6256697373690031                                 0.45033223619819107                                -0.25003750046724355                               
son     : 0.31385828846230385                                -0.21376767279748798                               0.32680928871667153                                0.7143503368351481                                 0.2579078718582978                                 -0.4149447813092687                                
72  :
parent#1: 0.4769853068012761                                 -0.13083684396760195                               0.09032461101536281                                0.6930515517403805                                 0.025776731224217517                               -0.5159683214683422                                
parent#2: 0.4769853068012761                                 -0.13083684396760195                               0.09032461101536281                                0.6930515517403805                                 0.025776731224217517                               -0.5159683214683422                                
son     : 0.4769853068012761                                 -0.13083684396760195                               0.09032461101536281                                0.6930515517403805                                 0.025776731224217517                               -0.5159683214683422                                
73  :
parent#1: 0.4769853068012761                                 -0.13083684396760195                               0.09032461101536281                                0.6930515517403805                                 0.025776731224217517                               -0.5159683214683422                                
parent#2: -0.5266067726939471                                -0.5728180854091484                                -0.5275008527002146                                -0.09691948076312985                               0.045205691205705986                               -0.32383739455601684                               
son     : -0.03746322245477638                               -0.5312455139406649                                -0.33005939061952827                               0.45006788867851333                                0.053590320923265954                               -0.6340366571649428                                
74  :
parent#1: -0.5266067726939471                                -0.5728180854091484                                -0.5275008527002146                                -0.09691948076312985                               0.045205691205705986                               -0.32383739455601684                               
parent#2: 0.46397277315517566                                -0.29535813919408443                               -0.5289493194549518                                -0.48254255556900205                               0.38138531023715094                                0.1985028464050217                                 
son     : -0.04036952340419635                               -0.5595660611836206                                -0.6809143638318234                                -0.37348095938010295                               0.2749509139378324                                 -0.08078193971636671                               
75  :
parent#1: -0.5266067726939471                                -0.5728180854091484                                -0.5275008527002146                                -0.09691948076312985                               0.045205691205705986                               -0.32383739455601684                               
parent#2: -0.37220527354127375                               -0.3761116468098133                                -0.13179808138913535                               0.3946195767254984                                 -0.48639795864464486                               -0.5570681688227478                                
son     : -0.5022725889630935                                -0.5302792673307586                                -0.3684282869958373                                0.1663602513560981                                 -0.24654629777743375                               -0.492266119266556                                 
76  :
parent#1: -0.5266067726939471                                -0.5728180854091484                                -0.5275008527002146                                -0.09691948076312985                               0.045205691205705986                               -0.32383739455601684                               
parent#2: -0.26303074470681775                               0.444871356365                                     -0.6481642139047714                                0.371054536219684                                  -0.417890580974554                                 -0.02175888144405928                               
son     : -0.5144936831112227                                -0.0833645595825305                                -0.7660125524605859                                0.17861455572172286                                -0.24282536904811067                               -0.22517559891795183                               
77  :
parent#1: -0.5266067726939471                                -0.5728180854091484                                -0.5275008527002146                                -0.09691948076312985                               0.045205691205705986                               -0.32383739455601684                               
parent#2: 0.04903569348496772                                -0.5551144915956269                                -0.08318931208403871                               -0.31346466160779063                               0.7116610795460026                                 0.27892894099123694                                
son     : -0.2952401026850346                                -0.6973012905393375                                -0.3775358994901499                                -0.25370434184286406                               0.4679040101962344                                 -0.02776293837527344                               
78  :
parent#1: -0.5266067726939471                                -0.5728180854091484                                -0.5275008527002146                                -0.09691948076312985                               0.045205691205705986                               -0.32383739455601684                               
parent#2: -0.03372638278830708                               -0.48224870183990054                               0.1988457016439539                                 -0.18785065827051248                               0.6807369249075043                                 -0.47756515458132065                               
son     : -0.33573438288850727                               -0.6321635499479875                                -0.19692005237140986                               -0.17062550369922241                               0.43496247517867237                                -0.4801757448179804                                
79  :
parent#1: -0.5266067726939471                                -0.5728180854091484                                -0.5275008527002146                                -0.09691948076312985                               0.045205691205705986                               -0.32383739455601684                               
parent#2: -0.18628923436773914                               -0.5349839341810874                                0.5639996316837269                                 -0.4851295709639006                                0.34055424095676134                                0.09831091053476099                                
son     : -0.4726213304990867                                -0.7344281062623603                                0.024197219950605003                               -0.3858750708631164                                0.25574329297104187                                -0.1495149725697425                                
80  :
parent#1: -0.5266067726939471                                -0.5728180854091484                                -0.5275008527002146                                -0.09691948076312985                               0.045205691205705986                               -0.32383739455601684                               
parent#2: 0.4769853068012761                                 -0.13083684396760195                               0.09032461101536281                                0.6930515517403805                                 0.025776731224217517                               -0.5159683214683422                                
son     : -0.03746322245477638                               -0.5312455139406649                                -0.33005939061952827                               0.45006788867851333                                0.053590320923265954                               -0.6340366571649428                                
81  :
parent#1: -0.5266067726939471                                -0.5728180854091484                                -0.5275008527002146                                -0.09691948076312985                               0.045205691205705986                               -0.32383739455601684                               
parent#2: -0.5266067726939471                                -0.5728180854091484                                -0.5275008527002146                                -0.09691948076312985                               0.045205691205705986                               -0.32383739455601684                               
son     : -0.5266067726939471                                -0.5728180854091484                                -0.5275008527002146                                -0.09691948076312985                               0.045205691205705986                               -0.32383739455601684                               
82  :
parent#1: -0.5266067726939471                                -0.5728180854091484                                -0.5275008527002146                                -0.09691948076312985                               0.045205691205705986                               -0.32383739455601684                               
parent#2: 0.14088048781329596                                -0.4007572558484645                                0.08056559107810661                                -0.4273045172415545                                -0.3572928605632245                                -0.7090896677487564                                
son     : -0.23321598065814553                               -0.5886384642577216                                -0.27022385928964027                               -0.3169538052534436                                -0.18869265099488536                               -0.6245234178383288                                
83  :
parent#1: 0.14088048781329596                                -0.4007572558484645                                0.08056559107810661                                -0.4273045172415545                                -0.3572928605632245                                -0.7090896677487564                                
parent#2: -0.37220527354127375                               -0.3761116468098133                                -0.13179808138913535                               0.3946195767254984                                 -0.48639795864464486                               -0.5570681688227478                                
son     : -0.1340996488986578                                -0.4503531550193099                                -0.02969962315664608                               -0.01894755477102567                               -0.48909001376030503                               -0.7339953684608009                                
84  :
parent#1: 0.14088048781329596                                -0.4007572558484645                                0.08056559107810661                                -0.4273045172415545                                -0.3572928605632245                                -0.7090896677487564                                
parent#2: -0.26303074470681775                               0.444871356365                                     -0.6481642139047714                                0.371054536219684                                  -0.417890580974554                                 -0.02175888144405928                               
son     : -0.1005003754803825                                0.036295328218227306                               -0.46699758287002935                               -0.04628024825514868                               -0.6377901194971094                                -0.6013131325396844                                
85  :
parent#1: 0.14088048781329596                                -0.4007572558484645                                0.08056559107810661                                -0.4273045172415545                                -0.3572928605632245                                -0.7090896677487564                                
parent#2: 0.04903569348496772                                -0.5551144915956269                                -0.08318931208403871                               -0.31346466160779063                               0.7116610795460026                                 0.27892894099123694                                
son     : 0.14119791829831582                                -0.7106666739855786                                -0.001950670773288986                              -0.5507433083272331                                0.26346388437996376                                -0.31981371327419206                               
86  :
parent#1: 0.14088048781329596                                -0.4007572558484645                                0.08056559107810661                                -0.4273045172415545                                -0.3572928605632245                                -0.7090896677487564                                
parent#2: -0.03372638278830708                               -0.48224870183990054                               0.1988457016439539                                 -0.18785065827051248                               0.6807369249075043                                 -0.47756515458132065                               
son     : 0.06449412336273884                                -0.531465361517471                                 0.1681726180957459                                 -0.37025080623323164                               0.19467514923390852                                -0.7142261370434405                                
87  :
parent#1: 0.14088048781329596                                -0.4007572558484645                                0.08056559107810661                                -0.4273045172415545                                -0.3572928605632245                                -0.7090896677487564                                
parent#2: -0.18628923436773914                               -0.5349839341810874                                0.5639996316837269                                 -0.4851295709639006                                0.34055424095676134                                0.09831091053476099                                
son     : -0.028724731519335068                              -0.5919325349127459                                0.40774001432379114                                -0.57718889424457                                  -0.010588540549637471                              -0.38636732237587934                               
88  :
parent#1: 0.14088048781329596                                -0.4007572558484645                                0.08056559107810661                                -0.4273045172415545                                -0.3572928605632245                                -0.7090896677487564                                
parent#2: 0.10241052381088                                   -0.26378742721331977                               0.5129793202443849                                 0.6256697373690031                                 0.45033223619819107                                -0.25003750046724355                               
son     : 0.1802880043100416                                 -0.49245318963585033                               0.4398396258716491                                 0.14699626353868156                                0.06894575859379426                                -0.7107501501301707                                
89  :
parent#1: 0.14088048781329596                                -0.4007572558484645                                0.08056559107810661                                -0.4273045172415545                                -0.3572928605632245                                -0.7090896677487564                                
parent#2: 0.4769853068012761                                 -0.13083684396760195                               0.09032461101536281                                0.6930515517403805                                 0.025776731224217517                               -0.5159683214683422                                
son     : 0.40093731912136976                                -0.3449550292291983                                0.110891815162232                                  0.17244505927517575                                -0.21512307252028603                               -0.7949484665538328                                
90  :
parent#1: 0.14088048781329596                                -0.4007572558484645                                0.08056559107810661                                -0.4273045172415545                                -0.3572928605632245                                -0.7090896677487564                                
parent#2: -0.5266067726939471                                -0.5728180854091484                                -0.5275008527002146                                -0.09691948076312985                               0.045205691205705986                               -0.32383739455601684                               
son     : -0.23321598065814553                               -0.5886384642577216                                -0.27022385928964027                               -0.3169538052534436                                -0.18869265099488536                               -0.6245234178383288                                
91  :
parent#1: 0.14088048781329596                                -0.4007572558484645                                0.08056559107810661                                -0.4273045172415545                                -0.3572928605632245                                -0.7090896677487564                                
parent#2: 0.14088048781329596                                -0.4007572558484645                                0.08056559107810661                                -0.4273045172415545                                -0.3572928605632245                                -0.7090896677487564                                
son     : 0.14088048781329596                                -0.4007572558484645                                0.08056559107810661                                -0.4273045172415545                                -0.3572928605632245                                -0.7090896677487564                                

0   :
parent#1: 0.46397277315517566                                -0.29535813919408443                               -0.5289493194549518                                -0.48254255556900205                               0.38138531023715094                                0.1985028464050217                                 
parent#2: -0.18628923436773914                               -0.5349839341810874                                0.5639996316837269                                 -0.4851295709639006                                0.34055424095676134                                0.09831091053476099                                
son:      0.1825645314016775                                 -0.545912848096036                                 0.023044015700286528                               -0.636201227852319                                 0.4746430286778567                                 0.19514179589436467                                
mutated:  0.1825645314016775                                 -0.545912848096036                                 0.023044015700286528                               -0.636201227852319                                 0.4746430286778567                                 0.19514179589436467                                
1   :
parent#1: -0.37220527354127375                               -0.3761116468098133                                -0.13179808138913535                               0.3946195767254984                                 -0.48639795864464486                               -0.5570681688227478                                
parent#2: -0.37220527354127375                               -0.3761116468098133                                -0.13179808138913535                               0.3946195767254984                                 -0.48639795864464486                               -0.5570681688227478                                
son:      -0.3722052735412738                                -0.37611164680981335                               -0.13179808138913537                               0.39461957672549847                                -0.4863979586446449                                -0.5570681688227479                                
mutated:  -0.3722052735412738                                -0.37611164680981335                               -0.13179808138913537                               0.39461957672549847                                -0.4863979586446449                                -0.5570681688227479                                
2   :
parent#1: -0.26303074470681775                               0.444871356365                                     -0.6481642139047714                                0.371054536219684                                  -0.417890580974554                                 -0.02175888144405928                               
parent#2: -0.18628923436773914                               -0.5349839341810874                                0.5639996316837269                                 -0.4851295709639006                                0.34055424095676134                                0.09831091053476099                                
son:      -0.9134734692215124                                -0.1832000643454494                                -0.17110771051264445                               -0.2319160566908002                                -0.15722580366546593                               0.15563128916158442                                
mutated:  -0.9134734692215124                                -0.1832000643454494                                -0.17110771051264445                               -0.2319160566908002                                -0.15722580366546593                               0.15563128916158442                                
3   :
parent#1: -0.03372638278830708                               -0.48224870183990054                               0.1988457016439539                                 -0.18785065827051248                               0.6807369249075043                                 -0.47756515458132065                               
parent#2: -0.37220527354127375                               -0.3761116468098133                                -0.13179808138913535                               0.3946195767254984                                 -0.48639795864464486                               -0.5570681688227478                                
son:      -0.28302902175090183                               -0.598477320011832                                 0.04674782583608129                                0.1441661516324124                                 0.13549957647254923                                -0.7213806876795651                                
mutated:  -0.28302902175090183                               -0.598477320011832                                 0.04674782583608129                                0.1441661516324124                                 0.13549957647254923                                -0.7213806876795651                                
4   :
parent#1: 0.10241052381088                                   -0.26378742721331977                               0.5129793202443849                                 0.6256697373690031                                 0.45033223619819107                                -0.25003750046724355                               
parent#2: 0.04903569348496772                                -0.5551144915956269                                -0.08318931208403871                               -0.31346466160779063                               0.7116610795460026                                 0.27892894099123694                                
son:      0.09928411004625641                                -0.5368503068339571                                0.2817588925553388                                 0.20467333983207978                                0.7617718969368011                                 0.01894045960075411                                
mutated:  0.09928411004625641                                -0.5368503068339571                                0.2817588925553388                                 0.20467333983207978                                0.7617718969368011                                 0.01894045960075411                                
5   :
parent#1: 0.4769853068012761                                 -0.13083684396760195                               0.09032461101536281                                0.6930515517403805                                 0.025776731224217517                               -0.5159683214683422                                
parent#2: 0.14088048781329596                                -0.4007572558484645                                0.08056559107810661                                -0.4273045172415545                                -0.3572928605632245                                -0.7090896677487564                                
son:      0.40093731912136976                                -0.3449550292291983                                0.110891815162232                                  0.17244505927517575                                -0.21512307252028603                               -0.7949484665538328                                
mutated:  0.40093731912136976                                -0.3449550292291983                                0.110891815162232                                  0.17244505927517575                                -0.21512307252028603                               -0.7949484665538328                                
6   :
parent#1: -0.5266067726939471                                -0.5728180854091484                                -0.5275008527002146                                -0.09691948076312985                               0.045205691205705986                               -0.32383739455601684                               
parent#2: 0.10241052381088                                   -0.26378742721331977                               0.5129793202443849                                 0.6256697373690031                                 0.45033223619819107                                -0.25003750046724355                               
son:      -0.3220890928735705                                -0.6352284145913755                                -0.011026092824129701                              0.4014761822040514                                 0.37625830483467443                                -0.4357389883754246                                
mutated:  -0.3220890928735705                                -0.6352284145913755                                -0.011026092824129701                              0.4014761822040514                                 0.37625830483467443                                -0.4357389883754246                                
7   :
parent#1: 0.14088048781329596                                -0.4007572558484645                                0.08056559107810661                                -0.4273045172415545                                -0.3572928605632245                                -0.7090896677487564                                
parent#2: 0.46397277315517566                                -0.29535813919408443                               -0.5289493194549518                                -0.48254255556900205                               0.38138531023715094                                0.1985028464050217                                 
son:      0.41341382175684527                                -0.47579098009247106                               -0.3064677711500629                                -0.6218753867386319                                0.016467054636085637                               -0.3489832373763061                                
mutated:  0.41341382175684527                                -0.47579098009247106                               -0.3064677711500629                                -0.6218753867386319                                0.016467054636085637                               -0.3489832373763061                                

