0   :
parent#1: -0.03164101926782635                               -0.45335887343302383                               -0.5314678081475984                                -0.5798870353577714                                0.006683072627004188                               -0.41796280868787494                               
parent#2: -0.03164101926782635                               -0.45335887343302383                               -0.5314678081475984                                -0.5798870353577714                                0.006683072627004188                               -0.41796280868787494                               
son     : -0.02962342378286895                               -0.4244503604562015                                -0.4975786644053442                                -0.6466963035658206                                0.006256925256600202                               -0.3913113323700356                                
1   :
parent#1: -0.03164101926782635                               -0.45335887343302383                               -0.5314678081475984                                -0.5798870353577714                                0.006683072627004188                               -0.41796280868787494                               
parent#2: -0.13712138244484987                               0.46342477456243086                                0.3579778729288396                                 0.4814073186804343                                 -0.42863479956095524                               -0.4720235687100502                                
son     : -0.16560477132444573                               0.009877562998587741                               -0.17024385027365616                               -0.09663711108006605                               -0.4140567954692912                                -0.8733342795262239                                
2   :
parent#1: -0.03164101926782635                               -0.45335887343302383                               -0.5314678081475984                                -0.5798870353577714                                0.006683072627004188                               -0.41796280868787494                               
parent#2: -0.3965893048084307                                -0.30713348119150125                               -0.6307648269593928                                -0.2594767967241961                                0.17450113992183985                                -0.5027353431392816                                
son     : -0.22269981822671525                               -0.3954916305916005                                -0.6044153858879744                                -0.43650849162528355                               0.09422427355469773                                -0.4788061459586596                                
3   :
parent#1: -0.03164101926782635                               -0.45335887343302383                               -0.5314678081475984                                -0.5798870353577714                                0.006683072627004188                               -0.41796280868787494                               
parent#2: 0.4437702207899403                                 0.18975135360562714                                -0.2508917220056361                                0.16475981875637555                                0.5755914489863772                                 -0.5879323470868527                                
son     : 0.26744584689377604                                -0.1710646470267724                                -0.5077019690535596                                -0.26939136950881415                               0.37785942365261665                                -0.6527624852326405                                
4   :
parent#1: -0.03164101926782635                               -0.45335887343302383                               -0.5314678081475984                                -0.5798870353577714                                0.006683072627004188                               -0.41796280868787494                               
parent#2: -0.43791437563607977                               0.21611039202443216                                -0.39722792003620605                               -0.2661278964576774                                0.5980338593862198                                 0.41865107591961676                                
son     : -0.3149702222426752                                -0.15914247334181714                               -0.6229541883162433                                -0.5674932371910373                                0.40563441190808336                                0.02841937994960216                                
5   :
parent#1: -0.03164101926782635                               -0.45335887343302383                               -0.5314678081475984                                -0.5798870353577714                                0.006683072627004188                               -0.41796280868787494                               
parent#2: -0.35581810987560264                               -0.022007964121444817                              0.15790186778848952                                0.4850393518110251                                 0.5681999323828612                                 -0.5383881372983081                                
son     : -0.2912532276803138                                -0.3573334975381891                                -0.2808097104888341                                -0.07129705275511729                               0.4321398520608864                                 -0.718889500498742                                 
6   :
parent#1: -0.03164101926782635                               -0.45335887343302383                               -0.5314678081475984                                -0.5798870353577714                                0.006683072627004188                               -0.41796280868787494                               
parent#2: 0.4562679024283958                                 0.3696120064952238                                 -0.390067794932643                                 0.48058435982028735                                -0.460484490391924                                 0.24504364596774741                                
son     : 0.3749916605556875                                 -0.0739575800420213                                -0.8138160341807014                                -0.0876950486984185                                -0.40075594353229727                               -0.1527064030606837                                
7   :
parent#1: -0.03164101926782635                               -0.45335887343302383                               -0.5314678081475984                                -0.5798870353577714                                0.006683072627004188                               -0.41796280868787494                               
parent#2: 0.6237708436645156                                 -0.3386317470591272                                0.141338377596823                                  0.03421423455490659                                0.6051311709709764                                 0.3300114991468579                                 
son     : 0.4401413746582456                                 -0.5887017104315296                                -0.28999063513176576                               -0.40560898431977516                               0.4547731783094686                                 -0.06537588327664137                               
8   :
parent#1: -0.03164101926782635                               -0.45335887343302383                               -0.5314678081475984                                -0.5798870353577714                                0.006683072627004188                               -0.41796280868787494                               
parent#2: -0.5486675904209117                                -0.4396946945582634                                -0.4142037456043244                                -0.02319317475356984                               -0.5210212181250907                                0.24913184227366647                                
son     : -0.3541265590053837                                -0.5449755212314791                                -0.5770850331844426                                -0.368022662502844                                 -0.3138688528645873                                -0.10302712762074229                               
9   :
parent#1: -0.13712138244484987                               0.46342477456243086                                0.3579778729288396                                 0.4814073186804343                                 -0.42863479956095524                               -0.4720235687100502                                
parent#2: -0.03164101926782635                               -0.45335887343302383                               -0.5314678081475984                                -0.5798870353577714                                0.006683072627004188                               -0.41796280868787494                               
son     : -0.16560477132444573                               0.009877562998587741                               -0.17024385027365616                               -0.09663711108006605                               -0.4140567954692912                                -0.8733342795262239                                
10  :
parent#1: -0.13712138244484987                               0.46342477456243086                                0.3579778729288396                                 0.4814073186804343                                 -0.42863479956095524                               -0.4720235687100502                                
parent#2: -0.13712138244484987                               0.46342477456243086                                0.3579778729288396                                 0.4814073186804343                                 -0.42863479956095524                               -0.4720235687100502                                
son     : -0.13712138244484987                               0.46342477456243086                                0.3579778729288396                                 0.4814073186804343                                 -0.42863479956095524                               -0.4720235687100502                                
11  :
parent#1: -0.13712138244484987                               0.46342477456243086                                0.3579778729288396                                 0.4814073186804343                                 -0.42863479956095524                               -0.4720235687100502                                
parent#2: -0.3965893048084307                                -0.30713348119150125                               -0.6307648269593928                                -0.2594767967241961                                0.17450113992183985                                -0.5027353431392816                                
son     : -0.4435777895333854                                0.1298968675212053                                 -0.22671877661875373                               0.18445096324747337                                -0.2112156448822463                                -0.8101419247782489                                
12  :
parent#1: -0.13712138244484987                               0.46342477456243086                                0.3579778729288396                                 0.4814073186804343                                 -0.42863479956095524                               -0.4720235687100502                                
parent#2: 0.4437702207899403                                 0.18975135360562714                                -0.2508917220056361                                0.16475981875637555                                0.5755914489863772                                 -0.5879323470868527                                
son     : 0.21187155583139258                                0.4512961576953818                                 0.07398857118304718                                0.44645346603852903                                0.101536122300563                                  -0.7323507573175646                                
13  :
parent#1: -0.13712138244484987                               0.46342477456243086                                0.3579778729288396                                 0.4814073186804343                                 -0.42863479956095524                               -0.4720235687100502                                
parent#2: -0.43791437563607977                               0.21611039202443216                                -0.39722792003620605                               -0.2661278964576774                                0.5980338593862198                                 0.41865107591961676                                
son     : -0.6158434447547949                                0.727758703596968                                  -0.0420354454096168                                0.23055682903779637                                0.18142054485302495                                -0.057160097182313026                              
14  :
parent#1: -0.13712138244484987                               0.46342477456243086                                0.3579778729288396                                 0.4814073186804343                                 -0.42863479956095524                               -0.4720235687100502                                
parent#2: -0.35581810987560264                               -0.022007964121444817                              0.15790186778848952                                0.4850393518110251                                 0.5681999323828612                                 -0.5383881372983081                                
son     : -0.301200673852985                                 0.2697187846098325                                 0.31521784712301026                                0.5905276264734034                                 0.08527844229817098                                -0.6173915692695545                                
15  :
parent#1: -0.13712138244484987                               0.46342477456243086                                0.3579778729288396                                 0.4814073186804343                                 -0.42863479956095524                               -0.4720235687100502                                
parent#2: 0.4562679024283958                                 0.3696120064952238                                 -0.390067794932643                                 0.48058435982028735                                -0.460484490391924                                 0.24504364596774741                                
son     : 0.19929866149579195                                0.5202097000779242                                 -0.020039317687663042                              0.600738663561704                                  -0.555231761282666                                 -0.14174303010194647                               
16  :
parent#1: -0.13712138244484987                               0.46342477456243086                                0.3579778729288396                                 0.4814073186804343                                 -0.42863479956095524                               -0.4720235687100502                                
parent#2: -0.26303074470681775                               0.444871356365                                     -0.6481642139047714                                0.371054536219684                                  -0.417890580974554                                 -0.02175888144405928                               
son     : -0.24101836174969302                               0.5470820485648435                                 -0.17478411773542268                               0.5134521242823656                                 -0.5098764858467744                                -0.29741348132777745                               
17  :
parent#1: -0.13712138244484987                               0.46342477456243086                                0.3579778729288396                                 0.4814073186804343                                 -0.42863479956095524                               -0.4720235687100502                                
parent#2: 0.6237708436645156                                 -0.3386317470591272                                0.141338377596823                                  0.03421423455490659                                0.6051311709709764                                 0.3300114991468579                                 
son     : 0.5377746927374798                                 0.13790322885218687                                0.5517721986834034                                 0.5697904640950462                                 0.19503829649050197                                -0.15693122701288048                               
18  :
parent#1: -0.13712138244484987                               0.46342477456243086                                0.3579778729288396                                 0.4814073186804343                                 -0.42863479956095524                               -0.4720235687100502                                
parent#2: -0.5486675904209117                                -0.4396946945582634                                -0.4142037456043244                                -0.02319317475356984                               -0.5210212181250907                                0.24913184227366647                                
son     : -0.536244403790252                                 0.018555449427182066                               -0.04396514199471354                               0.3582950151437023                                 -0.7425720522770207                                -0.17428749321120185                               
19  :
parent#1: -0.3965893048084307                                -0.30713348119150125                               -0.6307648269593928                                -0.2594767967241961                                0.17450113992183985                                -0.5027353431392816                                
parent#2: -0.03164101926782635                               -0.45335887343302383                               -0.5314678081475984                                -0.5798870353577714                                0.006683072627004188                               -0.41796280868787494                               
son     : -0.22269981822671525                               -0.3954916305916005                                -0.6044153858879744                                -0.43650849162528355                               0.09422427355469773                                -0.4788061459586596                                
20  :
parent#1: -0.3965893048084307                                -0.30713348119150125                               -0.6307648269593928                                -0.2594767967241961                                0.17450113992183985                                -0.5027353431392816                                
parent#2: -0.13712138244484987                               0.46342477456243086                                0.3579778729288396                                 0.4814073186804343                                 -0.42863479956095524                               -0.4720235687100502                                
son     : -0.4435777895333854                                0.1298968675212053                                 -0.22671877661875373                               0.18445096324747337                                -0.2112156448822463                                -0.8101419247782489                                
21  :
parent#1: -0.3965893048084307                                -0.30713348119150125                               -0.6307648269593928                                -0.2594767967241961                                0.17450113992183985                                -0.5027353431392816                                
parent#2: -0.3965893048084307                                -0.30713348119150125                               -0.6307648269593928                                -0.2594767967241961                                0.17450113992183985                                -0.5027353431392816                                
son     : -0.39658930480843074                               -0.3071334811915013                                -0.630764826959393                                 -0.25947679672419616                               0.17450113992183988                                -0.5027353431392817                                
22  :
parent#1: -0.3965893048084307                                -0.30713348119150125                               -0.6307648269593928                                -0.2594767967241961                                0.17450113992183985                                -0.5027353431392816                                
parent#2: 0.4437702207899403                                 0.18975135360562714                                -0.2508917220056361                                0.16475981875637555                                0.5755914489863772                                 -0.5879323470868527                                
son     : 0.02951986334972106                                -0.07344292271461021                               -0.5516294100147222                                -0.05926193225253153                               0.46931328617881984                                -0.6824022066050877                                
23  :
parent#1: -0.3965893048084307                                -0.30713348119150125                               -0.6307648269593928                                -0.2594767967241961                                0.17450113992183985                                -0.5027353431392816                                
parent#2: -0.43791437563607977                               0.21611039202443216                                -0.39722792003620605                               -0.2661278964576774                                0.5980338593862198                                 0.41865107591961676                                
son     : -0.5134467745349667                                -0.056003960960538765                              -0.6324951855324108                                -0.3233898671973784                                0.4753191782195755                                 -0.05173469788662468                               
24  :
parent#1: -0.3965893048084307                                -0.30713348119150125                               -0.6307648269593928                                -0.2594767967241961                                0.17450113992183985                                -0.5027353431392816                                
parent#2: -0.35581810987560264                               -0.022007964121444817                              0.15790186778848952                                0.4850393518110251                                 0.5681999323828612                                 -0.5383881372983081                                
son     : -0.4680229661347404                                -0.20473715769790837                               -0.294136820567291                                 0.14030757010150013                                0.461985291515861                                  -0.6476141647694283                                
25  :
parent#1: -0.3965893048084307                                -0.30713348119150125                               -0.6307648269593928                                -0.2594767967241961                                0.17450113992183985                                -0.5027353431392816                                
parent#2: 0.4562679024283958                                 0.3696120064952238                                 -0.390067794932643                                 0.48058435982028735                                -0.460484490391924                                 0.24504364596774741                                
son     : 0.05344995162779009                                0.055957651292771464                               -0.9142884792243435                                0.19803060097496186                                -0.2561353124669532                                -0.23079645464212037                               
26  :
parent#1: -0.3965893048084307                                -0.30713348119150125                               -0.6307648269593928                                -0.2594767967241961                                0.17450113992183985                                -0.5027353431392816                                
parent#2: -0.26303074470681775                               0.444871356365                                     -0.6481642139047714                                0.371054536219684                                  -0.417890580974554                                 -0.02175888144405928                               
son     : -0.42258061229861793                               0.08824073141849244                                -0.8193362490604057                                0.07148143769970257                                -0.15592561066429                                  -0.3360132711769449                                
27  :
parent#1: -0.3965893048084307                                -0.30713348119150125                               -0.6307648269593928                                -0.2594767967241961                                0.17450113992183985                                -0.5027353431392816                                
parent#2: 0.6237708436645156                                 -0.3386317470591272                                0.141338377596823                                  0.03421423455490659                                0.6051311709709764                                 0.3300114991468579                                 
son     : 0.19223937607030447                                -0.5464418684365009                                -0.41414912378671404                               -0.19061555186865267                               0.6597192261525624                                 -0.14615766830685317                               
28  :
parent#1: -0.3965893048084307                                -0.30713348119150125                               -0.6307648269593928                                -0.2594767967241961                                0.17450113992183985                                -0.5027353431392816                                
parent#2: -0.5486675904209117                                -0.4396946945582634                                -0.4142037456043244                                -0.02319317475356984                               -0.5210212181250907                                0.24913184227366647                                
son     : -0.5641424449056858                                -0.44571742890032395                               -0.6236517589566698                                -0.16870136532799052                               -0.20680799591423402                               -0.15135409192678503                               
29  :
parent#1: 0.4437702207899403                                 0.18975135360562714                                -0.2508917220056361                                0.16475981875637555                                0.5755914489863772                                 -0.5879323470868527                                
parent#2: -0.03164101926782635                               -0.45335887343302383                               -0.5314678081475984                                -0.5798870353577714                                0.006683072627004188                               -0.41796280868787494                               
son     : 0.26744584689377604                                -0.1710646470267724                                -0.5077019690535596                                -0.26939136950881415                               0.37785942365261665                                -0.6527624852326405                                
30  :
parent#1: 0.4437702207899403                                 0.18975135360562714                                -0.2508917220056361                                0.16475981875637555                                0.5755914489863772                                 -0.5879323470868527                                
parent#2: -0.13712138244484987                               0.46342477456243086                                0.3579778729288396                                 0.4814073186804343                                 -0.42863479956095524                               -0.4720235687100502                                
son     : 0.21187155583139258                                0.4512961576953818                                 0.07398857118304718                                0.44645346603852903                                0.101536122300563                                  -0.7323507573175646                                
31  :
parent#1: 0.4437702207899403                                 0.18975135360562714                                -0.2508917220056361                                0.16475981875637555                                0.5755914489863772                                 -0.5879323470868527                                
parent#2: -0.3965893048084307                                -0.30713348119150125                               -0.6307648269593928                                -0.2594767967241961                                0.17450113992183985                                -0.5027353431392816                                
son     : 0.02951986334972106                                -0.07344292271461021                               -0.5516294100147222                                -0.05926193225253153                               0.46931328617881984                                -0.6824022066050877                                
32  :
parent#1: 0.4437702207899403                                 0.18975135360562714                                -0.2508917220056361                                0.16475981875637555                                0.5755914489863772                                 -0.5879323470868527                                
parent#2: 0.4437702207899403                                 0.18975135360562714                                -0.2508917220056361                                0.16475981875637555                                0.5755914489863772                                 -0.5879323470868527                                
son     : 0.4437702207899403                                 0.18975135360562714                                -0.2508917220056361                                0.16475981875637555                                0.5755914489863772                                 -0.5879323470868527                                
33  :
parent#1: 0.4437702207899403                                 0.18975135360562714                                -0.2508917220056361                                0.16475981875637555                                0.5755914489863772                                 -0.5879323470868527                                
parent#2: -0.43791437563607977                               0.21611039202443216                                -0.39722792003620605                               -0.2661278964576774                                0.5980338593862198                                 0.41865107591961676                                
son     : 0.0041395229266039885                              0.28690546913788284                                -0.45815865121465027                               -0.07165754398298582                               0.8296409388571702                                 -0.11966568183236023                               
34  :
parent#1: 0.4437702207899403                                 0.18975135360562714                                -0.2508917220056361                                0.16475981875637555                                0.5755914489863772                                 -0.5879323470868527                                
parent#2: -0.35581810987560264                               -0.022007964121444817                              0.15790186778848952                                0.4850393518110251                                 0.5681999323828612                                 -0.5383881372983081                                
son     : 0.050414020587998404                               0.09615026408169625                                -0.0533016476380441                                0.3724639286367483                                 0.6556195371465937                                 -0.6456052446971047                                
35  :
parent#1: 0.4437702207899403                                 0.18975135360562714                                -0.2508917220056361                                0.16475981875637555                                0.5755914489863772                                 -0.5879323470868527                                
parent#2: 0.4562679024283958                                 0.3696120064952238                                 -0.390067794932643                                 0.48058435982028735                                -0.460484490391924                                 0.24504364596774741                                
son     : 0.6239027290553406                                 0.38774838298246916                                -0.444310503650495                                 0.447349933083095                                  0.07979167076117064                                -0.237689038799254                                 
36  :
parent#1: 0.4437702207899403                                 0.18975135360562714                                -0.2508917220056361                                0.16475981875637555                                0.5755914489863772                                 -0.5879323470868527                                
parent#2: -0.26303074470681775                               0.444871356365                                     -0.6481642139047714                                0.371054536219684                                  -0.417890580974554                                 -0.02175888144405928                               
son     : 0.13018669664885485                                0.45711892066912574                                -0.6475902494311269                                0.3859472341243768                                 0.11359198062339333                                -0.43916076741152726                               
37  :
parent#1: 0.4437702207899403                                 0.18975135360562714                                -0.2508917220056361                                0.16475981875637555                                0.5755914489863772                                 -0.5879323470868527                                
parent#2: 0.6237708436645156                                 -0.3386317470591272                                0.141338377596823                                  0.03421423455490659                                0.6051311709709764                                 0.3300114991468579                                 
son     : 0.6528319080536719                                 -0.09104462073287897                               -0.06699500491872437                               0.121678327140285                                  0.7220456678758277                                 -0.15772597878802372                               
38  :
parent#1: 0.4437702207899403                                 0.18975135360562714                                -0.2508917220056361                                0.16475981875637555                                0.5755914489863772                                 -0.5879323470868527                                
parent#2: -0.5486675904209117                                -0.4396946945582634                                -0.4142037456043244                                -0.02319317475356984                               -0.5210212181250907                                0.24913184227366647                                
son     : -0.1297471932710888                                -0.309154052951852                                 -0.822654280877563                                 0.1751032917678448                                 0.06749772959337164                                -0.41906117124751996                               
39  :
parent#1: -0.43791437563607977                               0.21611039202443216                                -0.39722792003620605                               -0.2661278964576774                                0.5980338593862198                                 0.41865107591961676                                
parent#2: -0.03164101926782635                               -0.45335887343302383                               -0.5314678081475984                                -0.5798870353577714                                0.006683072627004188                               -0.41796280868787494                               
son     : -0.3150974603409872                                -0.15920676191336686                               -0.6232058422843311                                -0.5677224866730708                                0.40579827549751607                                4.6186511562102106E-4                              
40  :
parent#1: -0.43791437563607977                               0.21611039202443216                                -0.39722792003620605                               -0.2661278964576774                                0.5980338593862198                                 0.41865107591961676                                
parent#2: -0.13712138244484987                               0.46342477456243086                                0.3579778729288396                                 0.4814073186804343                                 -0.42863479956095524                               -0.4720235687100502                                
son     : -0.6158434447547949                                0.727758703596968                                  -0.0420354454096168                                0.23055682903779637                                0.18142054485302495                                -0.057160097182313026                              
41  :
parent#1: -0.43791437563607977                               0.21611039202443216                                -0.39722792003620605                               -0.2661278964576774                                0.5980338593862198                                 0.41865107591961676                                
parent#2: -0.3965893048084307                                -0.30713348119150125                               -0.6307648269593928                                -0.2594767967241961                                0.17450113992183985                                -0.5027353431392816                                
son     : -0.5134467745349667                                -0.056003960960538765                              -0.6324951855324108                                -0.3233898671973784                                0.4753191782195755                                 -0.05173469788662468                               
42  :
parent#1: -0.43791437563607977                               0.21611039202443216                                -0.39722792003620605                               -0.2661278964576774                                0.5980338593862198                                 0.41865107591961676                                
parent#2: 0.4437702207899403                                 0.18975135360562714                                -0.2508917220056361                                0.16475981875637555                                0.5755914489863772                                 -0.5879323470868527                                
son     : 0.0041395229266039885                              0.28690546913788284                                -0.45815865121465027                               -0.07165754398298582                               0.8296409388571702                                 -0.11966568183236023                               
43  :
parent#1: -0.43791437563607977                               0.21611039202443216                                -0.39722792003620605                               -0.2661278964576774                                0.5980338593862198                                 0.41865107591961676                                
parent#2: -0.43791437563607977                               0.21611039202443216                                -0.39722792003620605                               -0.2661278964576774                                0.5980338593862198                                 0.41865107591961676                                
son     : -0.4379143756360798                                0.2161103920244322                                 -0.3972279200362061                                -0.2661278964576775                                0.5980338593862199                                 0.4186510759196168                                 
44  :
parent#1: -0.43791437563607977                               0.21611039202443216                                -0.39722792003620605                               -0.2661278964576774                                0.5980338593862198                                 0.41865107591961676                                
parent#2: 0.4562679024283958                                 0.3696120064952238                                 -0.390067794932643                                 0.48058435982028735                                -0.460484490391924                                 0.24504364596774741                                
son     : 0.01514471940613671                                0.4833186273051002                                 -0.6496502186080597                                0.17696233531633462                                0.11350116092030371                                0.5476587932149504                                 
45  :
parent#1: -0.43791437563607977                               0.21611039202443216                                -0.39722792003620605                               -0.2661278964576774                                0.5980338593862198                                 0.41865107591961676                                
parent#2: -0.26303074470681775                               0.444871356365                                     -0.6481642139047714                                0.371054536219684                                  -0.417890580974554                                 -0.02175888144405928                               
son     : -0.4702264752183835                                0.4434171930276089                                 -0.7012974969047747                                0.07038965325510932                                0.12084846071881188                                0.26625367982964604                                
46  :
parent#1: -0.43791437563607977                               0.21611039202443216                                -0.39722792003620605                               -0.2661278964576774                                0.5980338593862198                                 0.41865107591961676                                
parent#2: 0.6237708436645156                                 -0.3386317470591272                                0.141338377596823                                  0.03421423455490659                                0.6051311709709764                                 0.3300114991468579                                 
son     : 0.12596692251067473                                -0.0830406291439745                                -0.17343285657845423                               -0.15718285507073948                               0.8154625865556111                                 0.5074169415810268                                 
47  :
parent#1: -0.43791437563607977                               0.21611039202443216                                -0.39722792003620605                               -0.2661278964576774                                0.5980338593862198                                 0.41865107591961676                                
parent#2: -0.5486675904209117                                -0.4396946945582634                                -0.4142037456043244                                -0.02319317475356984                               -0.5210212181250907                                0.24913184227366647                                
son     : -0.6625494653891875                                -0.1501503830495184                                -0.5449254443790789                                -0.1942965994229066                                0.05171864685475389                                0.4484566216157991                                 
48  :
parent#1: -0.35581810987560264                               -0.022007964121444817                              0.15790186778848952                                0.4850393518110251                                 0.5681999323828612                                 -0.5383881372983081                                
parent#2: -0.03164101926782635                               -0.45335887343302383                               -0.5314678081475984                                -0.5798870353577714                                0.006683072627004188                               -0.41796280868787494                               
son     : -0.2912532276803138                                -0.3573334975381891                                -0.2808097104888341                                -0.07129705275511729                               0.4321398520608864                                 -0.718889500498742                                 
49  :
parent#1: -0.35581810987560264                               -0.022007964121444817                              0.15790186778848952                                0.4850393518110251                                 0.5681999323828612                                 -0.5383881372983081                                
parent#2: -0.13712138244484987                               0.46342477456243086                                0.3579778729288396                                 0.4814073186804343                                 -0.42863479956095524                               -0.4720235687100502                                
son     : -0.301200673852985                                 0.2697187846098325                                 0.31521784712301026                                0.5905276264734034                                 0.08527844229817098                                -0.6173915692695545                                
50  :
parent#1: -0.35581810987560264                               -0.022007964121444817                              0.15790186778848952                                0.4850393518110251                                 0.5681999323828612                                 -0.5383881372983081                                
parent#2: -0.3965893048084307                                -0.30713348119150125                               -0.6307648269593928                                -0.2594767967241961                                0.17450113992183985                                -0.5027353431392816                                
son     : -0.4680229661347404                                -0.20473715769790837                               -0.294136820567291                                 0.14030757010150013                                0.461985291515861                                  -0.6476141647694283                                
51  :
parent#1: -0.35581810987560264                               -0.022007964121444817                              0.15790186778848952                                0.4850393518110251                                 0.5681999323828612                                 -0.5383881372983081                                
parent#2: 0.4437702207899403                                 0.18975135360562714                                -0.2508917220056361                                0.16475981875637555                                0.5755914489863772                                 -0.5879323470868527                                
son     : 0.050414020587998404                               0.09615026408169625                                -0.0533016476380441                                0.3724639286367483                                 0.6556195371465937                                 -0.6456052446971047                                
52  :
parent#1: -0.35581810987560264                               -0.022007964121444817                              0.15790186778848952                                0.4850393518110251                                 0.5681999323828612                                 -0.5383881372983081                                
parent#2: -0.43791437563607977                               0.21611039202443216                                -0.39722792003620605                               -0.2661278964576774                                0.5980338593862198                                 0.41865107591961676                                
son     : -0.5416582023755433                                0.132459202683236                                  -0.16332066736384762                               0.14938935667937087                                0.7958602057115332                                 -0.08171085675333303                               
53  :
parent#1: -0.35581810987560264                               -0.022007964121444817                              0.15790186778848952                                0.4850393518110251                                 0.5681999323828612                                 -0.5383881372983081                                
parent#2: -0.35581810987560264                               -0.022007964121444817                              0.15790186778848952                                0.4850393518110251                                 0.5681999323828612                                 -0.5383881372983081                                
son     : -0.35581810987560264                               -0.022007964121444817                              0.15790186778848952                                0.4850393518110251                                 0.5681999323828612                                 -0.5383881372983081                                
54  :
parent#1: -0.35581810987560264                               -0.022007964121444817                              0.15790186778848952                                0.4850393518110251                                 0.5681999323828612                                 -0.5383881372983081                                
parent#2: 0.4562679024283958                                 0.3696120064952238                                 -0.390067794932643                                 0.48058435982028735                                -0.460484490391924                                 0.24504364596774741                                
son     : 0.09113355877029815                                0.31536544396360844                                -0.2106336571549657                                0.8760667696520656                                 0.09772535426581869                                -0.2661382045818222                                
55  :
parent#1: -0.35581810987560264                               -0.022007964121444817                              0.15790186778848952                                0.4850393518110251                                 0.5681999323828612                                 -0.5383881372983081                                
parent#2: -0.26303074470681775                               0.444871356365                                     -0.6481642139047714                                0.371054536219684                                  -0.417890580974554                                 -0.02175888144405928                               
son     : -0.45237793343356864                               0.30911274391374155                                -0.3583813161067079                                0.6258038308138486                                 0.10987599518417468                                -0.4094669463816518                                
56  :
parent#1: -0.35581810987560264                               -0.022007964121444817                              0.15790186778848952                                0.4850393518110251                                 0.5681999323828612                                 -0.5383881372983081                                
parent#2: 0.6237708436645156                                 -0.3386317470591272                                0.141338377596823                                  0.03421423455490659                                0.6051311709709764                                 0.3300114991468579                                 
son     : 0.19037018109388795                                -0.2562207377259969                                0.2125987628454586                                 0.3689098367177148                                 0.833606925632358                                  -0.14804364105453477                               
57  :
parent#1: -0.35581810987560264                               -0.022007964121444817                              0.15790186778848952                                0.4850393518110251                                 0.5681999323828612                                 -0.5383881372983081                                
parent#2: -0.5486675904209117                                -0.4396946945582634                                -0.4142037456043244                                -0.02319317475356984                               -0.5210212181250907                                0.24913184227366647                                
son     : -0.765482843885179                                 -0.3907474314736307                                -0.21691298188490887                               0.39086889371002825                                0.03992821152290751                                -0.24480290982440683                               
58  :
parent#1: 0.4562679024283958                                 0.3696120064952238                                 -0.390067794932643                                 0.48058435982028735                                -0.460484490391924                                 0.24504364596774741                                
parent#2: -0.03164101926782635                               -0.45335887343302383                               -0.5314678081475984                                -0.5798870353577714                                0.006683072627004188                               -0.41796280868787494                               
son     : 0.3749916605556875                                 -0.0739575800420213                                -0.8138160341807014                                -0.0876950486984185                                -0.40075594353229727                               -0.1527064030606837                                
59  :
parent#1: 0.4562679024283958                                 0.3696120064952238                                 -0.390067794932643                                 0.48058435982028735                                -0.460484490391924                                 0.24504364596774741                                
parent#2: -0.13712138244484987                               0.46342477456243086                                0.3579778729288396                                 0.4814073186804343                                 -0.42863479956095524                               -0.4720235687100502                                
son     : 0.19929866149579195                                0.5202097000779242                                 -0.020039317687663042                              0.600738663561704                                  -0.555231761282666                                 -0.14174303010194647                               
60  :
parent#1: 0.4562679024283958                                 0.3696120064952238                                 -0.390067794932643                                 0.48058435982028735                                -0.460484490391924                                 0.24504364596774741                                
parent#2: -0.3965893048084307                                -0.30713348119150125                               -0.6307648269593928                                -0.2594767967241961                                0.17450113992183985                                -0.5027353431392816                                
son     : 0.05344995162779009                                0.055957651292771464                               -0.9142884792243435                                0.19803060097496186                                -0.2561353124669532                                -0.23079645464212037                               
61  :
parent#1: 0.4562679024283958                                 0.3696120064952238                                 -0.390067794932643                                 0.48058435982028735                                -0.460484490391924                                 0.24504364596774741                                
parent#2: 0.4437702207899403                                 0.18975135360562714                                -0.2508917220056361                                0.16475981875637555                                0.5755914489863772                                 -0.5879323470868527                                
son     : 0.6239027290553406                                 0.38774838298246916                                -0.444310503650495                                 0.447349933083095                                  0.07979167076117064                                -0.237689038799254                                 
62  :
parent#1: 0.4562679024283958                                 0.3696120064952238                                 -0.390067794932643                                 0.48058435982028735                                -0.460484490391924                                 0.24504364596774741                                
parent#2: -0.43791437563607977                               0.21611039202443216                                -0.39722792003620605                               -0.2661278964576774                                0.5980338593862198                                 0.41865107591961676                                
son     : 0.01514471940613671                                0.4833186273051002                                 -0.6496502186080597                                0.17696233531633462                                0.11350116092030371                                0.5476587932149504                                 
63  :
parent#1: 0.4562679024283958                                 0.3696120064952238                                 -0.390067794932643                                 0.48058435982028735                                -0.460484490391924                                 0.24504364596774741                                
parent#2: -0.35581810987560264                               -0.022007964121444817                              0.15790186778848952                                0.4850393518110251                                 0.5681999323828612                                 -0.5383881372983081                                
son     : 0.09113355877029815                                0.31536544396360844                                -0.2106336571549657                                0.8760667696520656                                 0.09772535426581869                                -0.2661382045818222                                
64  :
parent#1: 0.4562679024283958                                 0.3696120064952238                                 -0.390067794932643                                 0.48058435982028735                                -0.460484490391924                                 0.24504364596774741                                
parent#2: 0.4562679024283958                                 0.3696120064952238                                 -0.390067794932643                                 0.48058435982028735                                -0.460484490391924                                 0.24504364596774741                                
son     : 0.4562679024283958                                 0.3696120064952238                                 -0.390067794932643                                 0.48058435982028735                                -0.460484490391924                                 0.24504364596774741                                
65  :
parent#1: 0.4562679024283958                                 0.3696120064952238                                 -0.390067794932643                                 0.48058435982028735                                -0.460484490391924                                 0.24504364596774741                                
parent#2: -0.26303074470681775                               0.444871356365                                     -0.6481642139047714                                0.371054536219684                                  -0.417890580974554                                 -0.02175888144405928                               
son     : 0.10596752750327755                                0.44664695533976473                                -0.5693463940811028                                0.4670223325733545                                 -0.4816839350707694                                0.12244505510590341                                
66  :
parent#1: 0.4562679024283958                                 0.3696120064952238                                 -0.390067794932643                                 0.48058435982028735                                -0.460484490391924                                 0.24504364596774741                                
parent#2: 0.6237708436645156                                 -0.3386317470591272                                0.141338377596823                                  0.03421423455490659                                0.6051311709709764                                 0.3300114991468579                                 
son     : 0.7949333655078763                                 0.022802183705847197                               -0.18307057366122229                               0.378903609399021                                  0.10646328478326386                                0.42325381706190035                                
67  :
parent#1: 0.4562679024283958                                 0.3696120064952238                                 -0.390067794932643                                 0.48058435982028735                                -0.460484490391924                                 0.24504364596774741                                
parent#2: -0.5486675904209117                                -0.4396946945582634                                -0.4142037456043244                                -0.02319317475356984                               -0.5210212181250907                                0.24913184227366647                                
son     : -0.06411280452931187                               -0.04862784472863513                               -0.5580549587040993                                0.3173672149627602                                 -0.6810313433055317                                0.34289051369270046                                
68  :
parent#1: -0.26303074470681775                               0.444871356365                                     -0.6481642139047714                                0.371054536219684                                  -0.417890580974554                                 -0.02175888144405928                               
parent#2: -0.03164101926782635                               -0.45335887343302383                               -0.5314678081475984                                -0.5798870353577714                                0.006683072627004188                               -0.41796280868787494                               
son     : -0.214655124131404                                 -0.006182774369792793                              -0.8593088618589839                                -0.15212508121074927                               -0.29954617150119583                               -0.3203174702095415                                
69  :
parent#1: -0.26303074470681775                               0.444871356365                                     -0.6481642139047714                                0.371054536219684                                  -0.417890580974554                                 -0.02175888144405928                               
parent#2: -0.13712138244484987                               0.46342477456243086                                0.3579778729288396                                 0.4814073186804343                                 -0.42863479956095524                               -0.4720235687100502                                
son     : -0.24101836174969302                               0.5470820485648435                                 -0.17478411773542268                               0.5134521242823656                                 -0.5098764858467744                                -0.29741348132777745                               
70  :
parent#1: -0.26303074470681775                               0.444871356365                                     -0.6481642139047714                                0.371054536219684                                  -0.417890580974554                                 -0.02175888144405928                               
parent#2: -0.3965893048084307                                -0.30713348119150125                               -0.6307648269593928                                -0.2594767967241961                                0.17450113992183985                                -0.5027353431392816                                
son     : -0.42258061229861793                               0.08824073141849244                                -0.8193362490604057                                0.07148143769970257                                -0.15592561066429                                  -0.3360132711769449                                
71  :
parent#1: -0.26303074470681775                               0.444871356365                                     -0.6481642139047714                                0.371054536219684                                  -0.417890580974554                                 -0.02175888144405928                               
parent#2: 0.4437702207899403                                 0.18975135360562714                                -0.2508917220056361                                0.16475981875637555                                0.5755914489863772                                 -0.5879323470868527                                
son     : 0.13018669664885485                                0.45711892066912574                                -0.6475902494311269                                0.3859472341243768                                 0.11359198062339333                                -0.43916076741152726                               
72  :
parent#1: -0.26303074470681775                               0.444871356365                                     -0.6481642139047714                                0.371054536219684                                  -0.417890580974554                                 -0.02175888144405928                               
parent#2: -0.43791437563607977                               0.21611039202443216                                -0.39722792003620605                               -0.2661278964576774                                0.5980338593862198                                 0.41865107591961676                                
son     : -0.4702264752183835                                0.4434171930276089                                 -0.7012974969047747                                0.07038965325510932                                0.12084846071881188                                0.26625367982964604                                
73  :
parent#1: -0.26303074470681775                               0.444871356365                                     -0.6481642139047714                                0.371054536219684                                  -0.417890580974554                                 -0.02175888144405928                               
parent#2: -0.35581810987560264                               -0.022007964121444817                              0.15790186778848952                                0.4850393518110251                                 0.5681999323828612                                 -0.5383881372983081                                
son     : -0.45237793343356864                               0.30911274391374155                                -0.3583813161067079                                0.6258038308138486                                 0.10987599518417468                                -0.4094669463816518                                
74  :
parent#1: -0.26303074470681775                               0.444871356365                                     -0.6481642139047714                                0.371054536219684                                  -0.417890580974554                                 -0.02175888144405928                               
parent#2: 0.4562679024283958                                 0.3696120064952238                                 -0.390067794932643                                 0.48058435982028735                                -0.460484490391924                                 0.24504364596774741                                
son     : 0.10596752750327755                                0.44664695533976473                                -0.5693463940811028                                0.4670223325733545                                 -0.4816839350707694                                0.12244505510590341                                
75  :
parent#1: -0.26303074470681775                               0.444871356365                                     -0.6481642139047714                                0.371054536219684                                  -0.417890580974554                                 -0.02175888144405928                               
parent#2: -0.26303074470681775                               0.444871356365                                     -0.6481642139047714                                0.371054536219684                                  -0.417890580974554                                 -0.02175888144405928                               
son     : -0.2630307447068178                                0.4448713563650001                                 -0.6481642139047715                                0.37105453621968404                                -0.41789058097455406                               -0.021758881444059283                              
76  :
parent#1: -0.26303074470681775                               0.444871356365                                     -0.6481642139047714                                0.371054536219684                                  -0.417890580974554                                 -0.02175888144405928                               
parent#2: 0.6237708436645156                                 -0.3386317470591272                                0.141338377596823                                  0.03421423455490659                                0.6051311709709764                                 0.3300114991468579                                 
son     : 0.43345970047034715                                0.12765586459854705                                -0.608994053700801                                 0.4869646609775406                                 0.22498538501886275                                0.3703915581459212                                 
77  :
parent#1: -0.26303074470681775                               0.444871356365                                     -0.6481642139047714                                0.371054536219684                                  -0.417890580974554                                 -0.02175888144405928                               
parent#2: -0.5486675904209117                                -0.4396946945582634                                -0.4142037456043244                                -0.02319317475356984                               -0.5210212181250907                                0.24913184227366647                                
son     : -0.4815044926707049                                0.0030708279284425407                              -0.6302032703966844                                0.20635351968058988                                -0.5569683094358842                                0.13487905224552177                                
78  :
parent#1: 0.6237708436645156                                 -0.3386317470591272                                0.141338377596823                                  0.03421423455490659                                0.6051311709709764                                 0.3300114991468579                                 
parent#2: -0.03164101926782635                               -0.45335887343302383                               -0.5314678081475984                                -0.5798870353577714                                0.006683072627004188                               -0.41796280868787494                               
son     : 0.4401413746582456                                 -0.5887017104315296                                -0.28999063513176576                               -0.40560898431977516                               0.4547731783094686                                 -0.06537588327664137                               
79  :
parent#1: 0.6237708436645156                                 -0.3386317470591272                                0.141338377596823                                  0.03421423455490659                                0.6051311709709764                                 0.3300114991468579                                 
parent#2: -0.13712138244484987                               0.46342477456243086                                0.3579778729288396                                 0.4814073186804343                                 -0.42863479956095524                               -0.4720235687100502                                
son     : 0.5377746927374798                                 0.13790322885218687                                0.5517721986834034                                 0.5697904640950462                                 0.19503829649050197                                -0.15693122701288048                               
80  :
parent#1: 0.6237708436645156                                 -0.3386317470591272                                0.141338377596823                                  0.03421423455490659                                0.6051311709709764                                 0.3300114991468579                                 
parent#2: -0.3965893048084307                                -0.30713348119150125                               -0.6307648269593928                                -0.2594767967241961                                0.17450113992183985                                -0.5027353431392816                                
son     : 0.19223937607030447                                -0.5464418684365009                                -0.41414912378671404                               -0.19061555186865267                               0.6597192261525624                                 -0.14615766830685317                               
81  :
parent#1: 0.6237708436645156                                 -0.3386317470591272                                0.141338377596823                                  0.03421423455490659                                0.6051311709709764                                 0.3300114991468579                                 
parent#2: 0.4437702207899403                                 0.18975135360562714                                -0.2508917220056361                                0.16475981875637555                                0.5755914489863772                                 -0.5879323470868527                                
son     : 0.6528319080536719                                 -0.09104462073287897                               -0.06699500491872437                               0.121678327140285                                  0.7220456678758277                                 -0.15772597878802372                               
82  :
parent#1: 0.6237708436645156                                 -0.3386317470591272                                0.141338377596823                                  0.03421423455490659                                0.6051311709709764                                 0.3300114991468579                                 
parent#2: -0.43791437563607977                               0.21611039202443216                                -0.39722792003620605                               -0.2661278964576774                                0.5980338593862198                                 0.41865107591961676                                
son     : 0.12596692251067473                                -0.0830406291439745                                -0.17343285657845423                               -0.15718285507073948                               0.8154625865556111                                 0.5074169415810268                                 
83  :
parent#1: 0.6237708436645156                                 -0.3386317470591272                                0.141338377596823                                  0.03421423455490659                                0.6051311709709764                                 0.3300114991468579                                 
parent#2: -0.35581810987560264                               -0.022007964121444817                              0.15790186778848952                                0.4850393518110251                                 0.5681999323828612                                 -0.5383881372983081                                
son     : 0.19037018109388795                                -0.2562207377259969                                0.2125987628454586                                 0.3689098367177148                                 0.833606925632358                                  -0.14804364105453477                               
84  :
parent#1: 0.6237708436645156                                 -0.3386317470591272                                0.141338377596823                                  0.03421423455490659                                0.6051311709709764                                 0.3300114991468579                                 
parent#2: 0.4562679024283958                                 0.3696120064952238                                 -0.390067794932643                                 0.48058435982028735                                -0.460484490391924                                 0.24504364596774741                                
son     : 0.7949333655078763                                 0.022802183705847197                               -0.18307057366122229                               0.378903609399021                                  0.10646328478326386                                0.42325381706190035                                
85  :
parent#1: 0.6237708436645156                                 -0.3386317470591272                                0.141338377596823                                  0.03421423455490659                                0.6051311709709764                                 0.3300114991468579                                 
parent#2: -0.26303074470681775                               0.444871356365                                     -0.6481642139047714                                0.371054536219684                                  -0.417890580974554                                 -0.02175888144405928                               
son     : 0.43345970047034715                                0.12765586459854705                                -0.608994053700801                                 0.4869646609775406                                 0.22498538501886275                                0.3703915581459212                                 
86  :
parent#1: 0.6237708436645156                                 -0.3386317470591272                                0.141338377596823                                  0.03421423455490659                                0.6051311709709764                                 0.3300114991468579                                 
parent#2: 0.6237708436645156                                 -0.3386317470591272                                0.141338377596823                                  0.03421423455490659                                0.6051311709709764                                 0.3300114991468579                                 
son     : 0.6237708436645156                                 -0.3386317470591272                                0.141338377596823                                  0.03421423455490659                                0.6051311709709764                                 0.3300114991468579                                 
87  :
parent#1: 0.6237708436645156                                 -0.3386317470591272                                0.141338377596823                                  0.03421423455490659                                0.6051311709709764                                 0.3300114991468579                                 
parent#2: -0.5486675904209117                                -0.4396946945582634                                -0.4142037456043244                                -0.02319317475356984                               -0.5210212181250907                                0.24913184227366647                                
son     : 0.0740557012391745                                 -0.7674702218292532                                -0.2690593988803256                                0.010867336323495132                               0.08293677397691734                                0.5710653588837469                                 
88  :
parent#1: -0.5486675904209117                                -0.4396946945582634                                -0.4142037456043244                                -0.02319317475356984                               -0.5210212181250907                                0.24913184227366647                                
parent#2: -0.03164101926782635                               -0.45335887343302383                               -0.5314678081475984                                -0.5798870353577714                                0.006683072627004188                               -0.41796280868787494                               
son     : -0.3541265590053837                                -0.5449755212314791                                -0.5770850331844426                                -0.368022662502844                                 -0.3138688528645873                                -0.10302712762074229                               
89  :
parent#1: -0.5486675904209117                                -0.4396946945582634                                -0.4142037456043244                                -0.02319317475356984                               -0.5210212181250907                                0.24913184227366647                                
parent#2: -0.13712138244484987                               0.46342477456243086                                0.3579778729288396                                 0.4814073186804343                                 -0.42863479956095524                               -0.4720235687100502                                
son     : -0.536244403790252                                 0.018555449427182066                               -0.04396514199471354                               0.3582950151437023                                 -0.7425720522770207                                -0.17428749321120185                               
90  :
parent#1: -0.5486675904209117                                -0.4396946945582634                                -0.4142037456043244                                -0.02319317475356984                               -0.5210212181250907                                0.24913184227366647                                
parent#2: -0.3965893048084307                                -0.30713348119150125                               -0.6307648269593928                                -0.2594767967241961                                0.17450113992183985                                -0.5027353431392816                                
son     : -0.5641424449056858                                -0.44571742890032395                               -0.6236517589566698                                -0.16870136532799052                               -0.20680799591423402                               -0.15135409192678503                               
91  :
parent#1: -0.5486675904209117                                -0.4396946945582634                                -0.4142037456043244                                -0.02319317475356984                               -0.5210212181250907                                0.24913184227366647                                
parent#2: 0.4437702207899403                                 0.18975135360562714                                -0.2508917220056361                                0.16475981875637555                                0.5755914489863772                                 -0.5879323470868527                                
son     : -0.1297471932710888                                -0.309154052951852                                 -0.822654280877563                                 0.1751032917678448                                 0.06749772959337164                                -0.41906117124751996                               
92  :
parent#1: -0.5486675904209117                                -0.4396946945582634                                -0.4142037456043244                                -0.02319317475356984                               -0.5210212181250907                                0.24913184227366647                                
parent#2: -0.43791437563607977                               0.21611039202443216                                -0.39722792003620605                               -0.2661278964576774                                0.5980338593862198                                 0.41865107591961676                                
son     : -0.6625494653891875                                -0.1501503830495184                                -0.5449254443790789                                -0.1942965994229066                                0.05171864685475389                                0.4484566216157991                                 
93  :
parent#1: -0.5486675904209117                                -0.4396946945582634                                -0.4142037456043244                                -0.02319317475356984                               -0.5210212181250907                                0.24913184227366647                                
parent#2: -0.35581810987560264                               -0.022007964121444817                              0.15790186778848952                                0.4850393518110251                                 0.5681999323828612                                 -0.5383881372983081                                
son     : -0.765482843885179                                 -0.3907474314736307                                -0.21691298188490887                               0.39086889371002825                                0.03992821152290751                                -0.24480290982440683                               
94  :
parent#1: -0.5486675904209117                                -0.4396946945582634                                -0.4142037456043244                                -0.02319317475356984                               -0.5210212181250907                                0.24913184227366647                                
parent#2: 0.4562679024283958                                 0.3696120064952238                                 -0.390067794932643                                 0.48058435982028735                                -0.460484490391924                                 0.24504364596774741                                
son     : -0.06411280452931187                               -0.04862784472863513                               -0.5580549587040993                                0.3173672149627602                                 -0.6810313433055317                                0.34289051369270046                                
95  :
parent#1: -0.5486675904209117                                -0.4396946945582634                                -0.4142037456043244                                -0.02319317475356984                               -0.5210212181250907                                0.24913184227366647                                
parent#2: -0.26303074470681775                               0.444871356365                                     -0.6481642139047714                                0.371054536219684                                  -0.417890580974554                                 -0.02175888144405928                               
son     : -0.4815044926707049                                0.0030708279284425407                              -0.6302032703966844                                0.20635351968058988                                -0.5569683094358842                                0.13487905224552177                                
96  :
parent#1: -0.5486675904209117                                -0.4396946945582634                                -0.4142037456043244                                -0.02319317475356984                               -0.5210212181250907                                0.24913184227366647                                
parent#2: 0.6237708436645156                                 -0.3386317470591272                                0.141338377596823                                  0.03421423455490659                                0.6051311709709764                                 0.3300114991468579                                 
son     : 0.0740557012391745                                 -0.7674702218292532                                -0.2690593988803256                                0.010867336323495132                               0.08293677397691734                                0.5710653588837469                                 
97  :
parent#1: -0.5486675904209117                                -0.4396946945582634                                -0.4142037456043244                                -0.02319317475356984                               -0.5210212181250907                                0.24913184227366647                                
parent#2: -0.5486675904209117                                -0.4396946945582634                                -0.4142037456043244                                -0.02319317475356984                               -0.5210212181250907                                0.24913184227366647                                
son     : -0.5486675904209118                                -0.43969469455826343                               -0.41420374560432444                               -0.023193174753569842                              -0.5210212181250908                                0.2491318422736665                                 

0   :
parent#1: -0.03164101926782635                               -0.45335887343302383                               -0.5314678081475984                                -0.5798870353577714                                0.006683072627004188                               -0.41796280868787494                               
parent#2: -0.26303074470681775                               0.444871356365                                     -0.6481642139047714                                0.371054536219684                                  -0.417890580974554                                 -0.02175888144405928                               
son:      -0.214655124131404                                 -0.006182774369792793                              -0.8593088618589839                                -0.15212508121074927                               -0.29954617150119583                               -0.3203174702095415                                
mutated:  -0.214655124131404                                 -0.006182774369792793                              -0.8593088618589839                                -0.15212508121074927                               -0.29954617150119583                               -0.3203174702095415                                
1   :
parent#1: -0.43791437563607977                               0.21611039202443216                                -0.39722792003620605                               -0.2661278964576774                                0.5980338593862198                                 0.41865107591961676                                
parent#2: -0.35581810987560264                               -0.022007964121444817                              0.15790186778848952                                0.4850393518110251                                 0.5681999323828612                                 -0.5383881372983081                                
son:      -0.5416582023755433                                0.132459202683236                                  -0.16332066736384762                               0.14938935667937087                                0.7958602057115332                                 -0.08171085675333303                               
mutated:  -0.5416582023755433                                0.132459202683236                                  -0.16332066736384762                               0.14938935667937087                                0.7958602057115332                                 -0.08171085675333303                               

