0   :
parent#1: 0.5807101701644389                                 0.49069622381616573                                0.14980968237652867                                0.07528365070702964                                0.45647172103247813                                0.43071558260673226                                
parent#2: 0.5807101701644389                                 0.49069622381616573                                0.14980968237652867                                0.07528365070702964                                0.45647172103247813                                0.43071558260673226                                
son     : 0.5827623615677079                                 0.49243031187569963                                0.15033909990371352                                0.07554969815845264                                0.4502903331240234                                 0.43223770304011333                                
1   :
parent#1: 0.5807101701644389                                 0.49069622381616573                                0.14980968237652867                                0.07528365070702964                                0.45647172103247813                                0.43071558260673226                                
parent#2: 0.6893498397484201                                 0.1510233097813532                                 0.12829779899879332                                -0.35855233594257624                               0.5041579892494291                                 -0.3206140629786417                                
son     : 0.7193327781736735                                 0.36345518424967116                                0.15751368096560997                                -0.16043686812410557                               0.5440785733743927                                 0.06235896837713333                                
2   :
parent#1: 0.5807101701644389                                 0.49069622381616573                                0.14980968237652867                                0.07528365070702964                                0.45647172103247813                                0.43071558260673226                                
parent#2: -0.38264960890916355                               0.4790744124857008                                 0.26414492176544646                                -0.597470831021331                                 0.17987767867683918                                0.40616138565991555                                
son     : 0.12454361924672695                                0.6098071424152284                                 0.26030121432019593                                -0.3283595731952117                                0.4001465856856423                                 0.5262414982143774                                 
3   :
parent#1: 0.5807101701644389                                 0.49069622381616573                                0.14980968237652867                                0.07528365070702964                                0.45647172103247813                                0.43071558260673226                                
parent#2: 0.6237708436645156                                 -0.3386317470591272                                0.141338377596823                                  0.03421423455490659                                0.6051311709709764                                 0.3300114991468579                                 
son     : 0.6654325675513637                                 0.08401017038875498                                0.1608488625900236                                 0.060493655022147166                               0.5864975288403587                                 0.42027443305887896                                
4   :
parent#1: 0.5807101701644389                                 0.49069622381616573                                0.14980968237652867                                0.07528365070702964                                0.45647172103247813                                0.43071558260673226                                
parent#2: -0.03164101926782635                               -0.45335887343302383                               -0.5314678081475984                                -0.5798870353577714                                0.006683072627004188                               -0.41796280868787494                               
son     : 0.5742319407087527                                 0.03479533642628827                                -0.3556739498051527                                -0.4702488085146451                                0.5668049225032813                                 0.011884535306377437                               
5   :
parent#1: 0.5807101701644389                                 0.49069622381616573                                0.14980968237652867                                0.07528365070702964                                0.45647172103247813                                0.43071558260673226                                
parent#2: -0.21277315511615508                               0.4774718557240536                                 -0.06485251024311009                               0.6463067750128703                                 0.01829717410385328                                -0.5518107731467271                                
son     : 0.27119466278698534                                0.7136058757708227                                 0.06261922749206089                                0.53186133541836                                   0.34993704126601854                                -0.08925541062866438                               
6   :
parent#1: 0.5807101701644389                                 0.49069622381616573                                0.14980968237652867                                0.07528365070702964                                0.45647172103247813                                0.43071558260673226                                
parent#2: 0.42438881151852653                                0.03224904728322666                                -0.12631550009456682                               -0.4421613258516074                                0.5761956668138181                                 -0.5247765672257142                                
son     : 0.6364323129670489                                 0.3311308383614965                                 0.014876601253681135                               -0.23230827174580398                               0.6538887275282945                                 -0.05955975589665773                               
7   :
parent#1: 0.5807101701644389                                 0.49069622381616573                                0.14980968237652867                                0.07528365070702964                                0.45647172103247813                                0.43071558260673226                                
parent#2: -0.5266067726939471                                -0.5728180854091484                                -0.5275008527002146                                -0.09691948076312985                               0.045205691205705986                               -0.32383739455601684                               
son     : 0.09477080302974222                                -0.1272162437401304                                -0.5850872234306354                                -0.03351639839314215                               0.7771562251051589                                 0.16556665128893217                                
8   :
parent#1: 0.5807101701644389                                 0.49069622381616573                                0.14980968237652867                                0.07528365070702964                                0.45647172103247813                                0.43071558260673226                                
parent#2: -0.38804648549447013                               0.3423684295318927                                 0.6370810150897349                                 -0.15918074184804815                               -0.42782166466600025                               0.3434554970219661                                 
son     : 0.13770429659025765                                0.5954240016742632                                 0.5624216632917914                                 -0.05996454361045187                               0.020477319667041687                               0.5533304532372386                                 
9   :
parent#1: 0.6893498397484201                                 0.1510233097813532                                 0.12829779899879332                                -0.35855233594257624                               0.5041579892494291                                 -0.3206140629786417                                
parent#2: 0.5807101701644389                                 0.49069622381616573                                0.14980968237652867                                0.07528365070702964                                0.45647172103247813                                0.43071558260673226                                
son     : 0.7193327781736735                                 0.36345518424967116                                0.15751368096560997                                -0.16043686812410557                               0.5440785733743927                                 0.06235896837713333                                
10  :
parent#1: 0.6893498397484201                                 0.1510233097813532                                 0.12829779899879332                                -0.35855233594257624                               0.5041579892494291                                 -0.3206140629786417                                
parent#2: 0.6893498397484201                                 0.1510233097813532                                 0.12829779899879332                                -0.35855233594257624                               0.5041579892494291                                 -0.3206140629786417                                
son     : 0.6893498397484202                                 0.15102330978135323                                0.12829779899879334                                -0.3585523359425763                                0.5041579892494292                                 -0.32061406297864176                               
11  :
parent#1: 0.6893498397484201                                 0.1510233097813532                                 0.12829779899879332                                -0.35855233594257624                               0.5041579892494291                                 -0.3206140629786417                                
parent#2: -0.38264960890916355                               0.4790744124857008                                 0.26414492176544646                                -0.597470831021331                                 0.17987767867683918                                0.40616138565991555                                
son     : 0.21503358439675843                                0.4417739477031241                                 0.27514933616264253                                -0.6702867089341508                                0.47959090583960895                                0.059978916159804406                               
12  :
parent#1: 0.6893498397484201                                 0.1510233097813532                                 0.12829779899879332                                -0.35855233594257624                               0.5041579892494291                                 -0.3206140629786417                                
parent#2: 0.46397277315517566                                -0.29535813919408443                               -0.5289493194549518                                -0.48254255556900205                               0.38138531023715094                                0.1985028464050217                                 
son     : 0.6638774000864205                                 -0.08308224448249026                               -0.23062366658316694                               -0.48415238161063506                               0.5097378450310868                                 -0.07028985305004239                               
13  :
parent#1: 0.6893498397484201                                 0.1510233097813532                                 0.12829779899879332                                -0.35855233594257624                               0.5041579892494291                                 -0.3206140629786417                                
parent#2: 0.6237708436645156                                 -0.3386317470591272                                0.141338377596823                                  0.03421423455490659                                0.6051311709709764                                 0.3300114991468579                                 
son     : 0.7377556958097025                                 -0.10540477728512763                               0.15149074079218566                                -0.1822241357473243                                0.6232362391288365                                 0.005279798076967302                               
14  :
parent#1: 0.6893498397484201                                 0.1510233097813532                                 0.12829779899879332                                -0.35855233594257624                               0.5041579892494291                                 -0.3206140629786417                                
parent#2: -0.03164101926782635                               -0.45335887343302383                               -0.5314678081475984                                -0.5798870353577714                                0.006683072627004188                               -0.41796280868787494                               
son     : 0.4268985928603741                                 -0.196236727675685                                 -0.26168526896653865                               -0.6091121703372582                                0.3315712420140536                                 -0.4793875609015893                                
15  :
parent#1: 0.6893498397484201                                 0.1510233097813532                                 0.12829779899879332                                -0.35855233594257624                               0.5041579892494291                                 -0.3206140629786417                                
parent#2: -0.21277315511615508                               0.4774718557240536                                 -0.06485251024311009                               0.6463067750128703                                 0.01829717410385328                                -0.5518107731467271                                
son     : 0.36097624763251784                                0.47604474539995234                                0.04805573374337412                                0.21795551692870704                                0.3957262503704401                                 -0.6608058132951915                                
16  :
parent#1: 0.6893498397484201                                 0.1510233097813532                                 0.12829779899879332                                -0.35855233594257624                               0.5041579892494291                                 -0.3206140629786417                                
parent#2: 0.42438881151852653                                0.03224904728322666                                -0.12631550009456682                               -0.4421613258516074                                0.5761956668138181                                 -0.5247765672257142                                
son     : 0.5715616711383896                                 0.09405389186964253                                0.0010172997705580461                              -0.4109197773802763                                0.5544287615209788                                 -0.4338476363504815                                
17  :
parent#1: 0.6893498397484201                                 0.1510233097813532                                 0.12829779899879332                                -0.35855233594257624                               0.5041579892494291                                 -0.3206140629786417                                
parent#2: -0.5266067726939471                                -0.5728180854091484                                -0.5275008527002146                                -0.09691948076312985                               0.045205691205705986                               -0.32383739455601684                               
son     : 0.1433800117725641                                 -0.3716099308542377                                -0.351706156061289                                 -0.4012801013481966                                0.48400077740154307                                -0.5677750778608405                                
18  :
parent#1: 0.6893498397484201                                 0.1510233097813532                                 0.12829779899879332                                -0.35855233594257624                               0.5041579892494291                                 -0.3206140629786417                                
parent#2: -0.38804648549447013                               0.3423684295318927                                 0.6370810150897349                                 -0.15918074184804815                               -0.42782166466600025                               0.3434554970219661                                 
son     : 0.2756927647446879                                 0.4514537617752918                                 0.7003221117652412                                 -0.4737261022841819                                0.06984778655041306                                0.02089992697801167                                
19  :
parent#1: -0.38264960890916355                               0.4790744124857008                                 0.26414492176544646                                -0.597470831021331                                 0.17987767867683918                                0.40616138565991555                                
parent#2: 0.5807101701644389                                 0.49069622381616573                                0.14980968237652867                                0.07528365070702964                                0.45647172103247813                                0.43071558260673226                                
son     : 0.12454361924672695                                0.6098071424152284                                 0.26030121432019593                                -0.3283595731952117                                0.4001465856856423                                 0.5262414982143774                                 
20  :
parent#1: -0.38264960890916355                               0.4790744124857008                                 0.26414492176544646                                -0.597470831021331                                 0.17987767867683918                                0.40616138565991555                                
parent#2: 0.6893498397484201                                 0.1510233097813532                                 0.12829779899879332                                -0.35855233594257624                               0.5041579892494291                                 -0.3206140629786417                                
son     : 0.21503358439675843                                0.4417739477031241                                 0.27514933616264253                                -0.6702867089341508                                0.47959090583960895                                0.059978916159804406                               
21  :
parent#1: -0.38264960890916355                               0.4790744124857008                                 0.26414492176544646                                -0.597470831021331                                 0.17987767867683918                                0.40616138565991555                                
parent#2: -0.38264960890916355                               0.4790744124857008                                 0.26414492176544646                                -0.597470831021331                                 0.17987767867683918                                0.40616138565991555                                
son     : -0.3826496089091636                                0.4790744124857009                                 0.2641449217654465                                 -0.5974708310213311                                0.1798776786768392                                 0.4061613856599156                                 
22  :
parent#1: -0.38264960890916355                               0.4790744124857008                                 0.26414492176544646                                -0.597470831021331                                 0.17987767867683918                                0.40616138565991555                                
parent#2: 0.46397277315517566                                -0.29535813919408443                               -0.5289493194549518                                -0.48254255556900205                               0.38138531023715094                                0.1985028464050217                                 
son     : 0.058124307776932053                               0.13130798969072965                                -0.1892643068514724                                -0.7719206583684004                                0.4011528943063393                                 0.4321731729464541                                 
23  :
parent#1: -0.38264960890916355                               0.4790744124857008                                 0.26414492176544646                                -0.597470831021331                                 0.17987767867683918                                0.40616138565991555                                
parent#2: 0.6237708436645156                                 -0.3386317470591272                                0.141338377596823                                  0.03421423455490659                                0.6051311709709764                                 0.3300114991468579                                 
son     : 0.18397478291229086                                0.10715733481413696                                0.30938254795527553                                -0.4297631030463447                                0.5989594107906681                                 0.5616977152827672                                 
24  :
parent#1: -0.38264960890916355                               0.4790744124857008                                 0.26414492176544646                                -0.597470831021331                                 0.17987767867683918                                0.40616138565991555                                
parent#2: -0.03164101926782635                               -0.45335887343302383                               -0.5314678081475984                                -0.5798870353577714                                0.006683072627004188                               -0.41796280868787494                               
son     : -0.32108074175843004                               0.019929884463193822                               -0.20717878902130826                               -0.9124679906846146                                0.1445870612020158                                 -0.00914625965906094                               
25  :
parent#1: -0.38264960890916355                               0.4790744124857008                                 0.26414492176544646                                -0.597470831021331                                 0.17987767867683918                                0.40616138565991555                                
parent#2: -0.21277315511615508                               0.4774718557240536                                 -0.06485251024311009                               0.6463067750128703                                 0.01829717410385328                                -0.5518107731467271                                
son     : -0.5083148478970374                                0.8166074597894356                                 0.1701367464776717                                 0.04169144504006892                                0.1691826820110492                                 -0.12434147755141439                               
26  :
parent#1: -0.38264960890916355                               0.4790744124857008                                 0.26414492176544646                                -0.597470831021331                                 0.17987767867683918                                0.40616138565991555                                
parent#2: 0.42438881151852653                                0.03224904728322666                                -0.12631550009456682                               -0.4421613258516074                                0.5761956668138181                                 -0.5247765672257142                                
son     : 0.02989970781793377                                0.3662844781830219                                 0.09873354494198339                                -0.74473626196338                                  0.5416100621440061                                 -0.08496950228735266                               
27  :
parent#1: -0.38264960890916355                               0.4790744124857008                                 0.26414492176544646                                -0.597470831021331                                 0.17987767867683918                                0.40616138565991555                                
parent#2: -0.5266067726939471                                -0.5728180854091484                                -0.5275008527002146                                -0.09691948076312985                               0.045205691205705986                               -0.32383739455601684                               
son     : -0.7565301193859375                                -0.07799770615127616                               -0.21912047900043385                               -0.5777547412408938                                0.1872764955345225                                 0.06849616904349069                                
28  :
parent#1: -0.38264960890916355                               0.4790744124857008                                 0.26414492176544646                                -0.597470831021331                                 0.17987767867683918                                0.40616138565991555                                
parent#2: -0.38804648549447013                               0.3423684295318927                                 0.6370810150897349                                 -0.15918074184804815                               -0.42782166466600025                               0.3434554970219661                                 
son     : -0.4257487679273285                                0.4537823409917941                                 0.4978562043150751                                 -0.41799027818960055                               -0.13696948423173225                               0.41410416704692615                                
29  :
parent#1: 0.46397277315517566                                -0.29535813919408443                               -0.5289493194549518                                -0.48254255556900205                               0.38138531023715094                                0.1985028464050217                                 
parent#2: 0.5807101701644389                                 0.49069622381616573                                0.14980968237652867                                0.07528365070702964                                0.45647172103247813                                0.43071558260673226                                
son     : 0.6558738329624709                                 0.12263734093094625                                -0.2380318053326799                                -0.25568567061231257                               0.526024193356858                                  0.39503650887148073                                
30  :
parent#1: 0.46397277315517566                                -0.29535813919408443                               -0.5289493194549518                                -0.48254255556900205                               0.38138531023715094                                0.1985028464050217                                 
parent#2: 0.6893498397484201                                 0.1510233097813532                                 0.12829779899879332                                -0.35855233594257624                               0.5041579892494291                                 -0.3206140629786417                                
son     : 0.6638774000864205                                 -0.08308224448249026                               -0.23062366658316694                               -0.48415238161063506                               0.5097378450310868                                 -0.07028985305004239                               
31  :
parent#1: 0.46397277315517566                                -0.29535813919408443                               -0.5289493194549518                                -0.48254255556900205                               0.38138531023715094                                0.1985028464050217                                 
parent#2: -0.38264960890916355                               0.4790744124857008                                 0.26414492176544646                                -0.597470831021331                                 0.17987767867683918                                0.40616138565991555                                
son     : 0.058124307776932053                               0.13130798969072965                                -0.1892643068514724                                -0.7719206583684004                                0.4011528943063393                                 0.4321731729464541                                 
32  :
parent#1: 0.46397277315517566                                -0.29535813919408443                               -0.5289493194549518                                -0.48254255556900205                               0.38138531023715094                                0.1985028464050217                                 
parent#2: 0.46397277315517566                                -0.29535813919408443                               -0.5289493194549518                                -0.48254255556900205                               0.38138531023715094                                0.1985028464050217                                 
son     : 0.4639727731551757                                 -0.2953581391940845                                -0.5289493194549519                                -0.4825425555690021                                0.381385310237151                                  0.19850284640502172                                
33  :
parent#1: 0.46397277315517566                                -0.29535813919408443                               -0.5289493194549518                                -0.48254255556900205                               0.38138531023715094                                0.1985028464050217                                 
parent#2: 0.6237708436645156                                 -0.3386317470591272                                0.141338377596823                                  0.03421423455490659                                0.6051311709709764                                 0.3300114991468579                                 
son     : 0.6091233837444026                                 -0.355026734979498                                 -0.21705748011768444                               -0.2510584844643778                                0.5524374014807251                                 0.29596169680247714                                
34  :
parent#1: 0.46397277315517566                                -0.29535813919408443                               -0.5289493194549518                                -0.48254255556900205                               0.38138531023715094                                0.1985028464050217                                 
parent#2: -0.03164101926782635                               -0.45335887343302383                               -0.5314678081475984                                -0.5798870353577714                                0.006683072627004188                               -0.41796280868787494                               
son     : 0.24170010512590615                                -0.4185789709739426                                -0.5928385526028965                                -0.5939636436762521                                0.21695415173863616                                -0.12269164935896504                               
35  :
parent#1: 0.46397277315517566                                -0.29535813919408443                               -0.5289493194549518                                -0.48254255556900205                               0.38138531023715094                                0.1985028464050217                                 
parent#2: -0.21277315511615508                               0.4774718557240536                                 -0.06485251024311009                               0.6463067750128703                                 0.01829717410385328                                -0.5518107731467271                                
son     : 0.2880967199093617                                 0.20886323312258165                                -0.6810215745854168                                0.18781849601764347                                0.4583892827654759                                 -0.4052030636306586                                
36  :
parent#1: 0.46397277315517566                                -0.29535813919408443                               -0.5289493194549518                                -0.48254255556900205                               0.38138531023715094                                0.1985028464050217                                 
parent#2: 0.42438881151852653                                0.03224904728322666                                -0.12631550009456682                               -0.4421613258516074                                0.5761956668138181                                 -0.5247765672257142                                
son     : 0.49924676657707817                                -0.1478636240689928                                -0.3682496497549124                                -0.5196706282724737                                0.5381470954802844                                 -0.18336126071754152                               
37  :
parent#1: 0.46397277315517566                                -0.29535813919408443                               -0.5289493194549518                                -0.48254255556900205                               0.38138531023715094                                0.1985028464050217                                 
parent#2: -0.5266067726939471                                -0.5728180854091484                                -0.5275008527002146                                -0.09691948076312985                               0.045205691205705986                               -0.32383739455601684                               
son     : -0.04036952340419635                               -0.5595660611836206                                -0.6809143638318234                                -0.37348095938010295                               0.2749509139378324                                 -0.08078193971636671                               
38  :
parent#1: 0.46397277315517566                                -0.29535813919408443                               -0.5289493194549518                                -0.48254255556900205                               0.38138531023715094                                0.1985028464050217                                 
parent#2: -0.38804648549447013                               0.3423684295318927                                 0.6370810150897349                                 -0.15918074184804815                               -0.42782166466600025                               0.3434554970219661                                 
son     : 0.0890266609763767                                 0.05512147780762716                                0.12678881194741573                                -0.7524466716335622                                -0.05444851460656308                               0.6354682046250439                                 
39  :
parent#1: 0.6237708436645156                                 -0.3386317470591272                                0.141338377596823                                  0.03421423455490659                                0.6051311709709764                                 0.3300114991468579                                 
parent#2: 0.5807101701644389                                 0.49069622381616573                                0.14980968237652867                                0.07528365070702964                                0.45647172103247813                                0.43071558260673226                                
son     : 0.6654325675513637                                 0.08401017038875498                                0.1608488625900236                                 0.060493655022147166                               0.5864975288403587                                 0.42027443305887896                                
40  :
parent#1: 0.6237708436645156                                 -0.3386317470591272                                0.141338377596823                                  0.03421423455490659                                0.6051311709709764                                 0.3300114991468579                                 
parent#2: 0.6893498397484201                                 0.1510233097813532                                 0.12829779899879332                                -0.35855233594257624                               0.5041579892494291                                 -0.3206140629786417                                
son     : 0.7377556958097025                                 -0.10540477728512763                               0.15149074079218566                                -0.1822241357473243                                0.6232362391288365                                 0.005279798076967302                               
41  :
parent#1: 0.6237708436645156                                 -0.3386317470591272                                0.141338377596823                                  0.03421423455490659                                0.6051311709709764                                 0.3300114991468579                                 
parent#2: -0.38264960890916355                               0.4790744124857008                                 0.26414492176544646                                -0.597470831021331                                 0.17987767867683918                                0.40616138565991555                                
son     : 0.18397478291229086                                0.10715733481413696                                0.30938254795527553                                -0.4297631030463447                                0.5989594107906681                                 0.5616977152827672                                 
42  :
parent#1: 0.6237708436645156                                 -0.3386317470591272                                0.141338377596823                                  0.03421423455490659                                0.6051311709709764                                 0.3300114991468579                                 
parent#2: 0.46397277315517566                                -0.29535813919408443                               -0.5289493194549518                                -0.48254255556900205                               0.38138531023715094                                0.1985028464050217                                 
son     : 0.6091233837444026                                 -0.355026734979498                                 -0.21705748011768444                               -0.2510584844643778                                0.5524374014807251                                 0.29596169680247714                                
43  :
parent#1: 0.6237708436645156                                 -0.3386317470591272                                0.141338377596823                                  0.03421423455490659                                0.6051311709709764                                 0.3300114991468579                                 
parent#2: 0.6237708436645156                                 -0.3386317470591272                                0.141338377596823                                  0.03421423455490659                                0.6051311709709764                                 0.3300114991468579                                 
son     : 0.6237708436645156                                 -0.3386317470591272                                0.141338377596823                                  0.03421423455490659                                0.6051311709709764                                 0.3300114991468579                                 
44  :
parent#1: 0.6237708436645156                                 -0.3386317470591272                                0.141338377596823                                  0.03421423455490659                                0.6051311709709764                                 0.3300114991468579                                 
parent#2: -0.03164101926782635                               -0.45335887343302383                               -0.5314678081475984                                -0.5798870353577714                                0.006683072627004188                               -0.41796280868787494                               
son     : 0.4401413746582456                                 -0.5887017104315296                                -0.28999063513176576                               -0.40560898431977516                               0.4547731783094686                                 -0.06537588327664137                               
45  :
parent#1: 0.6237708436645156                                 -0.3386317470591272                                0.141338377596823                                  0.03421423455490659                                0.6051311709709764                                 0.3300114991468579                                 
parent#2: -0.21277315511615508                               0.4774718557240536                                 -0.06485251024311009                               0.6463067750128703                                 0.01829717410385328                                -0.5518107731467271                                
son     : 0.3927623549720529                                 0.1326799871707691                                 0.07309230738018994                                0.6503273419124078                                 0.5957677908913788                                 -0.21195838228425906                               
46  :
parent#1: 0.6237708436645156                                 -0.3386317470591272                                0.141338377596823                                  0.03421423455490659                                0.6051311709709764                                 0.3300114991468579                                 
parent#2: 0.42438881151852653                                0.03224904728322666                                -0.12631550009456682                               -0.4421613258516074                                0.5761956668138181                                 -0.5247765672257142                                
son     : 0.6272221062055909                                 -0.183340392189429                                 0.008989738177423174                               -0.24411685048007073                               0.7069097762431764                                 -0.1165480426685211                                
47  :
parent#1: 0.6237708436645156                                 -0.3386317470591272                                0.141338377596823                                  0.03421423455490659                                0.6051311709709764                                 0.3300114991468579                                 
parent#2: -0.5266067726939471                                -0.5728180854091484                                -0.5275008527002146                                -0.09691948076312985                               0.045205691205705986                               -0.32383739455601684                               
son     : 0.08164727380502465                                -0.7658941549868008                                -0.3244935398758966                                -0.05269141520145932                               0.5464801064966067                                 0.005188119466319533                               
48  :
parent#1: 0.6237708436645156                                 -0.3386317470591272                                0.141338377596823                                  0.03421423455490659                                0.6051311709709764                                 0.3300114991468579                                 
parent#2: -0.38804648549447013                               0.3423684295318927                                 0.6370810150897349                                 -0.15918074184804815                               -0.42782166466600025                               0.3434554970219661                                 
son     : 0.21866392959758657                                0.003466242010356524                               0.7220816915196471                                 -0.11592212092520264                               0.16447682244057946                                0.6247251704481305                                 
49  :
parent#1: -0.03164101926782635                               -0.45335887343302383                               -0.5314678081475984                                -0.5798870353577714                                0.006683072627004188                               -0.41796280868787494                               
parent#2: 0.6893498397484201                                 0.1510233097813532                                 0.12829779899879332                                -0.35855233594257624                               0.5041579892494291                                 -0.3206140629786417                                
son     : 0.4268985928603741                                 -0.196236727675685                                 -0.26168526896653865                               -0.6091121703372582                                0.3315712420140536                                 -0.4793875609015893                                
50  :
parent#1: -0.03164101926782635                               -0.45335887343302383                               -0.5314678081475984                                -0.5798870353577714                                0.006683072627004188                               -0.41796280868787494                               
parent#2: -0.38264960890916355                               0.4790744124857008                                 0.26414492176544646                                -0.597470831021331                                 0.17987767867683918                                0.40616138565991555                                
son     : -0.32108074175843004                               0.019929884463193822                               -0.20717878902130826                               -0.9124679906846146                                0.1445870612020158                                 -0.00914625965906094                               
51  :
parent#1: -0.03164101926782635                               -0.45335887343302383                               -0.5314678081475984                                -0.5798870353577714                                0.006683072627004188                               -0.41796280868787494                               
parent#2: 0.46397277315517566                                -0.29535813919408443                               -0.5289493194549518                                -0.48254255556900205                               0.38138531023715094                                0.1985028464050217                                 
son     : 0.24170010512590615                                -0.4185789709739426                                -0.5928385526028965                                -0.5939636436762521                                0.21695415173863616                                -0.12269164935896504                               
52  :
parent#1: -0.03164101926782635                               -0.45335887343302383                               -0.5314678081475984                                -0.5798870353577714                                0.006683072627004188                               -0.41796280868787494                               
parent#2: 0.6237708436645156                                 -0.3386317470591272                                0.141338377596823                                  0.03421423455490659                                0.6051311709709764                                 0.3300114991468579                                 
son     : 0.4401413746582456                                 -0.5887017104315296                                -0.28999063513176576                               -0.40560898431977516                               0.4547731783094686                                 -0.06537588327664137                               
53  :
parent#1: -0.03164101926782635                               -0.45335887343302383                               -0.5314678081475984                                -0.5798870353577714                                0.006683072627004188                               -0.41796280868787494                               
parent#2: -0.03164101926782635                               -0.45335887343302383                               -0.5314678081475984                                -0.5798870353577714                                0.006683072627004188                               -0.41796280868787494                               
son     : -0.03164101926782635                               -0.45335887343302383                               -0.5314678081475984                                -0.5798870353577714                                0.006683072627004188                               -0.41796280868787494                               
54  :
parent#1: -0.03164101926782635                               -0.45335887343302383                               -0.5314678081475984                                -0.5798870353577714                                0.006683072627004188                               -0.41796280868787494                               
parent#2: 0.42438881151852653                                0.03224904728322666                                -0.12631550009456682                               -0.4421613258516074                                0.5761956668138181                                 -0.5247765672257142                                
son     : 0.22535450621531022                                -0.24162833962877228                               -0.3774290665673935                                -0.586440479903413                                 0.33444962161936836                                -0.5409338276130256                                
55  :
parent#1: -0.03164101926782635                               -0.45335887343302383                               -0.5314678081475984                                -0.5798870353577714                                0.006683072627004188                               -0.41796280868787494                               
parent#2: -0.5266067726939471                                -0.5728180854091484                                -0.5275008527002146                                -0.09691948076312985                               0.045205691205705986                               -0.32383739455601684                               
son     : -0.2985187802690981                                -0.5487403595763694                                -0.5662754739585897                                -0.3619171604075489                                0.02774712361078647                                -0.3966720425307102                                
56  :
parent#1: -0.03164101926782635                               -0.45335887343302383                               -0.5314678081475984                                -0.5798870353577714                                0.006683072627004188                               -0.41796280868787494                               
parent#2: -0.38804648549447013                               0.3423684295318927                                 0.6370810150897349                                 -0.15918074184804815                               -0.42782166466600025                               0.3434554970219661                                 
son     : -0.43549057703196165                               -0.11516972011571656                               0.10959000663952796                                -0.7668969152259745                                -0.43699630409860746                               -0.07731283820056635                               
57  :
parent#1: -0.21277315511615508                               0.4774718557240536                                 -0.06485251024311009                               0.6463067750128703                                 0.01829717410385328                                -0.5518107731467271                                
parent#2: 0.5807101701644389                                 0.49069622381616573                                0.14980968237652867                                0.07528365070702964                                0.45647172103247813                                0.43071558260673226                                
son     : 0.27119466278698534                                0.7136058757708227                                 0.06261922749206089                                0.53186133541836                                   0.34993704126601854                                -0.08925541062866438                               
58  :
parent#1: -0.21277315511615508                               0.4774718557240536                                 -0.06485251024311009                               0.6463067750128703                                 0.01829717410385328                                -0.5518107731467271                                
parent#2: 0.6893498397484201                                 0.1510233097813532                                 0.12829779899879332                                -0.35855233594257624                               0.5041579892494291                                 -0.3206140629786417                                
son     : 0.36097624763251784                                0.47604474539995234                                0.04805573374337412                                0.21795551692870704                                0.3957262503704401                                 -0.6608058132951915                                
59  :
parent#1: -0.21277315511615508                               0.4774718557240536                                 -0.06485251024311009                               0.6463067750128703                                 0.01829717410385328                                -0.5518107731467271                                
parent#2: -0.38264960890916355                               0.4790744124857008                                 0.26414492176544646                                -0.597470831021331                                 0.17987767867683918                                0.40616138565991555                                
son     : -0.5083148478970374                                0.8166074597894356                                 0.1701367464776717                                 0.04169144504006892                                0.1691826820110492                                 -0.12434147755141439                               
60  :
parent#1: -0.21277315511615508                               0.4774718557240536                                 -0.06485251024311009                               0.6463067750128703                                 0.01829717410385328                                -0.5518107731467271                                
parent#2: 0.46397277315517566                                -0.29535813919408443                               -0.5289493194549518                                -0.48254255556900205                               0.38138531023715094                                0.1985028464050217                                 
son     : 0.2880967199093617                                 0.20886323312258165                                -0.6810215745854168                                0.18781849601764347                                0.4583892827654759                                 -0.4052030636306586                                
61  :
parent#1: -0.21277315511615508                               0.4774718557240536                                 -0.06485251024311009                               0.6463067750128703                                 0.01829717410385328                                -0.5518107731467271                                
parent#2: 0.6237708436645156                                 -0.3386317470591272                                0.141338377596823                                  0.03421423455490659                                0.6051311709709764                                 0.3300114991468579                                 
son     : 0.3927623549720529                                 0.1326799871707691                                 0.07309230738018994                                0.6503273419124078                                 0.5957677908913788                                 -0.21195838228425906                               
62  :
parent#1: -0.21277315511615508                               0.4774718557240536                                 -0.06485251024311009                               0.6463067750128703                                 0.01829717410385328                                -0.5518107731467271                                
parent#2: -0.03164101926782635                               -0.45335887343302383                               -0.5314678081475984                                -0.5798870353577714                                0.006683072627004188                               -0.41796280868787494                               
son     : -0.20947455463013526                               0.020665970944395592                               -0.511074832000336                                 0.05692487114533411                                0.021409257755552684                               -0.8311420139968282                                
63  :
parent#1: -0.21277315511615508                               0.4774718557240536                                 -0.06485251024311009                               0.6463067750128703                                 0.01829717410385328                                -0.5518107731467271                                
parent#2: -0.21277315511615508                               0.4774718557240536                                 -0.06485251024311009                               0.6463067750128703                                 0.01829717410385328                                -0.5518107731467271                                
son     : -0.2127731551161551                                0.47747185572405365                                -0.0648525102431101                                0.6463067750128704                                 0.018297174103853283                               -0.5518107731467272                                
64  :
parent#1: -0.21277315511615508                               0.4774718557240536                                 -0.06485251024311009                               0.6463067750128703                                 0.01829717410385328                                -0.5518107731467271                                
parent#2: 0.42438881151852653                                0.03224904728322666                                -0.12631550009456682                               -0.4421613258516074                                0.5761956668138181                                 -0.5247765672257142                                
son     : 0.15371321210988942                                0.3702506639292517                                 -0.13886046723210013                               0.14828700891831645                                0.43182723673353257                                -0.7820106556333054                                
65  :
parent#1: -0.21277315511615508                               0.4774718557240536                                 -0.06485251024311009                               0.6463067750128703                                 0.01829717410385328                                -0.5518107731467271                                
parent#2: -0.5266067726939471                                -0.5728180854091484                                -0.5275008527002146                                -0.09691948076312985                               0.045205691205705986                               -0.32383739455601684                               
son     : -0.5255506859249076                                -0.0677720269736956                                -0.421044316318992                                 0.3905040676266993                                 0.045137787984700965                               -0.6224100463858683                                
66  :
parent#1: -0.21277315511615508                               0.4774718557240536                                 -0.06485251024311009                               0.6463067750128703                                 0.01829717410385328                                -0.5518107731467271                                
parent#2: -0.38804648549447013                               0.3423684295318927                                 0.6370810150897349                                 -0.15918074184804815                               -0.42782166466600025                               0.3434554970219661                                 
son     : -0.4467113866602293                                0.6095539591455311                                 0.42545378281367885                                0.3621798141155945                                 -0.30448281095540713                               -0.15491283577393256                               
67  :
parent#1: 0.42438881151852653                                0.03224904728322666                                -0.12631550009456682                               -0.4421613258516074                                0.5761956668138181                                 -0.5247765672257142                                
parent#2: 0.5807101701644389                                 0.49069622381616573                                0.14980968237652867                                0.07528365070702964                                0.45647172103247813                                0.43071558260673226                                
son     : 0.6364323129670489                                 0.3311308383614965                                 0.014876601253681135                               -0.23230827174580398                               0.6538887275282945                                 -0.05955975589665773                               
68  :
parent#1: 0.42438881151852653                                0.03224904728322666                                -0.12631550009456682                               -0.4421613258516074                                0.5761956668138181                                 -0.5247765672257142                                
parent#2: 0.6893498397484201                                 0.1510233097813532                                 0.12829779899879332                                -0.35855233594257624                               0.5041579892494291                                 -0.3206140629786417                                
son     : 0.5715616711383896                                 0.09405389186964253                                0.0010172997705580461                              -0.4109197773802763                                0.5544287615209788                                 -0.4338476363504815                                
69  :
parent#1: 0.42438881151852653                                0.03224904728322666                                -0.12631550009456682                               -0.4421613258516074                                0.5761956668138181                                 -0.5247765672257142                                
parent#2: -0.38264960890916355                               0.4790744124857008                                 0.26414492176544646                                -0.597470831021331                                 0.17987767867683918                                0.40616138565991555                                
son     : 0.02989970781793377                                0.3662844781830219                                 0.09873354494198339                                -0.74473626196338                                  0.5416100621440061                                 -0.08496950228735266                               
70  :
parent#1: 0.42438881151852653                                0.03224904728322666                                -0.12631550009456682                               -0.4421613258516074                                0.5761956668138181                                 -0.5247765672257142                                
parent#2: 0.46397277315517566                                -0.29535813919408443                               -0.5289493194549518                                -0.48254255556900205                               0.38138531023715094                                0.1985028464050217                                 
son     : 0.49924676657707817                                -0.1478636240689928                                -0.3682496497549124                                -0.5196706282724737                                0.5381470954802844                                 -0.18336126071754152                               
71  :
parent#1: 0.42438881151852653                                0.03224904728322666                                -0.12631550009456682                               -0.4421613258516074                                0.5761956668138181                                 -0.5247765672257142                                
parent#2: 0.6237708436645156                                 -0.3386317470591272                                0.141338377596823                                  0.03421423455490659                                0.6051311709709764                                 0.3300114991468579                                 
son     : 0.6272221062055909                                 -0.183340392189429                                 0.008989738177423174                               -0.24411685048007073                               0.7069097762431764                                 -0.1165480426685211                                
72  :
parent#1: 0.42438881151852653                                0.03224904728322666                                -0.12631550009456682                               -0.4421613258516074                                0.5761956668138181                                 -0.5247765672257142                                
parent#2: -0.03164101926782635                               -0.45335887343302383                               -0.5314678081475984                                -0.5798870353577714                                0.006683072627004188                               -0.41796280868787494                               
son     : 0.22535450621531022                                -0.24162833962877228                               -0.3774290665673935                                -0.586440479903413                                 0.33444962161936836                                -0.5409338276130256                                
73  :
parent#1: 0.42438881151852653                                0.03224904728322666                                -0.12631550009456682                               -0.4421613258516074                                0.5761956668138181                                 -0.5247765672257142                                
parent#2: -0.21277315511615508                               0.4774718557240536                                 -0.06485251024311009                               0.6463067750128703                                 0.01829717410385328                                -0.5518107731467271                                
son     : 0.15371321210988942                                0.3702506639292517                                 -0.13886046723210013                               0.14828700891831645                                0.43182723673353257                                -0.7820106556333054                                
74  :
parent#1: 0.42438881151852653                                0.03224904728322666                                -0.12631550009456682                               -0.4421613258516074                                0.5761956668138181                                 -0.5247765672257142                                
parent#2: 0.42438881151852653                                0.03224904728322666                                -0.12631550009456682                               -0.4421613258516074                                0.5761956668138181                                 -0.5247765672257142                                
son     : 0.42438881151852653                                0.03224904728322666                                -0.12631550009456682                               -0.4421613258516074                                0.5761956668138181                                 -0.5247765672257142                                
75  :
parent#1: 0.42438881151852653                                0.03224904728322666                                -0.12631550009456682                               -0.4421613258516074                                0.5761956668138181                                 -0.5247765672257142                                
parent#2: -0.5266067726939471                                -0.5728180854091484                                -0.5275008527002146                                -0.09691948076312985                               0.045205691205705986                               -0.32383739455601684                               
son     : -0.07008743029655537                               -0.37065007308360304                               -0.4482999614383942                                -0.3696296426122275                                0.42607408586086054                                -0.5818661535714795                                
76  :
parent#1: 0.42438881151852653                                0.03224904728322666                                -0.12631550009456682                               -0.4421613258516074                                0.5761956668138181                                 -0.5247765672257142                                
parent#2: -0.38804648549447013                               0.3423684295318927                                 0.6370810150897349                                 -0.15918074184804815                               -0.42782166466600025                               0.3434554970219661                                 
son     : 0.040156778790858175                               0.4139369378200051                                 0.5643749325808944                                 -0.6644583061157904                                0.1639471831995634                                 -0.20035234127484908                               
77  :
parent#1: -0.5266067726939471                                -0.5728180854091484                                -0.5275008527002146                                -0.09691948076312985                               0.045205691205705986                               -0.32383739455601684                               
parent#2: 0.5807101701644389                                 0.49069622381616573                                0.14980968237652867                                0.07528365070702964                                0.45647172103247813                                0.43071558260673226                                
son     : 0.08389453875970697                                -0.12734090690310834                               -0.5856605686399141                                -0.03354924215674086                               0.7779177847165832                                 0.16572889521177198                                
78  :
parent#1: -0.5266067726939471                                -0.5728180854091484                                -0.5275008527002146                                -0.09691948076312985                               0.045205691205705986                               -0.32383739455601684                               
parent#2: 0.6893498397484201                                 0.1510233097813532                                 0.12829779899879332                                -0.35855233594257624                               0.5041579892494291                                 -0.3206140629786417                                
son     : 0.1433800117725641                                 -0.3716099308542377                                -0.351706156061289                                 -0.4012801013481966                                0.48400077740154307                                -0.5677750778608405                                
79  :
parent#1: -0.5266067726939471                                -0.5728180854091484                                -0.5275008527002146                                -0.09691948076312985                               0.045205691205705986                               -0.32383739455601684                               
parent#2: -0.38264960890916355                               0.4790744124857008                                 0.26414492176544646                                -0.597470831021331                                 0.17987767867683918                                0.40616138565991555                                
son     : -0.7565301193859375                                -0.07799770615127616                               -0.21912047900043385                               -0.5777547412408938                                0.1872764955345225                                 0.06849616904349069                                
80  :
parent#1: -0.5266067726939471                                -0.5728180854091484                                -0.5275008527002146                                -0.09691948076312985                               0.045205691205705986                               -0.32383739455601684                               
parent#2: 0.46397277315517566                                -0.29535813919408443                               -0.5289493194549518                                -0.48254255556900205                               0.38138531023715094                                0.1985028464050217                                 
son     : -0.04036952340419635                               -0.5595660611836206                                -0.6809143638318234                                -0.37348095938010295                               0.2749509139378324                                 -0.08078193971636671                               
81  :
parent#1: -0.5266067726939471                                -0.5728180854091484                                -0.5275008527002146                                -0.09691948076312985                               0.045205691205705986                               -0.32383739455601684                               
parent#2: 0.6237708436645156                                 -0.3386317470591272                                0.141338377596823                                  0.03421423455490659                                0.6051311709709764                                 0.3300114991468579                                 
son     : 0.08164727380502465                                -0.7658941549868008                                -0.3244935398758966                                -0.05269141520145932                               0.5464801064966067                                 0.005188119466319533                               
82  :
parent#1: -0.5266067726939471                                -0.5728180854091484                                -0.5275008527002146                                -0.09691948076312985                               0.045205691205705986                               -0.32383739455601684                               
parent#2: -0.03164101926782635                               -0.45335887343302383                               -0.5314678081475984                                -0.5798870353577714                                0.006683072627004188                               -0.41796280868787494                               
son     : -0.2985187802690981                                -0.5487403595763694                                -0.5662754739585897                                -0.3619171604075489                                0.02774712361078647                                -0.3966720425307102                                
83  :
parent#1: -0.5266067726939471                                -0.5728180854091484                                -0.5275008527002146                                -0.09691948076312985                               0.045205691205705986                               -0.32383739455601684                               
parent#2: -0.21277315511615508                               0.4774718557240536                                 -0.06485251024311009                               0.6463067750128703                                 0.01829717410385328                                -0.5518107731467271                                
son     : -0.5255506859249076                                -0.0677720269736956                                -0.421044316318992                                 0.3905040676266993                                 0.045137787984700965                               -0.6224100463858683                                
84  :
parent#1: -0.5266067726939471                                -0.5728180854091484                                -0.5275008527002146                                -0.09691948076312985                               0.045205691205705986                               -0.32383739455601684                               
parent#2: 0.42438881151852653                                0.03224904728322666                                -0.12631550009456682                               -0.4421613258516074                                0.5761956668138181                                 -0.5247765672257142                                
son     : -0.07008743029655537                               -0.37065007308360304                               -0.4482999614383942                                -0.3696296426122275                                0.42607408586086054                                -0.5818661535714795                                
85  :
parent#1: -0.5266067726939471                                -0.5728180854091484                                -0.5275008527002146                                -0.09691948076312985                               0.045205691205705986                               -0.32383739455601684                               
parent#2: -0.38804648549447013                               0.3423684295318927                                 0.6370810150897349                                 -0.15918074184804815                               -0.42782166466600025                               0.3434554970219661                                 
son     : -0.866562190485594                                 -0.21833296585984313                               0.10381860525168389                                -0.24263486507372617                               -0.36249861147734463                               0.018586612679579805                               
86  :
parent#1: -0.38804648549447013                               0.3423684295318927                                 0.6370810150897349                                 -0.15918074184804815                               -0.42782166466600025                               0.3434554970219661                                 
parent#2: 0.5807101701644389                                 0.49069622381616573                                0.14980968237652867                                0.07528365070702964                                0.45647172103247813                                0.43071558260673226                                
son     : 0.13770429659025765                                0.5954240016742632                                 0.5624216632917914                                 -0.05996454361045187                               0.020477319667041687                               0.5533304532372386                                 
87  :
parent#1: -0.38804648549447013                               0.3423684295318927                                 0.6370810150897349                                 -0.15918074184804815                               -0.42782166466600025                               0.3434554970219661                                 
parent#2: 0.6893498397484201                                 0.1510233097813532                                 0.12829779899879332                                -0.35855233594257624                               0.5041579892494291                                 -0.3206140629786417                                
son     : 0.2756927647446879                                 0.4514537617752918                                 0.7003221117652412                                 -0.4737261022841819                                0.06984778655041306                                0.02089992697801167                                
88  :
parent#1: -0.38804648549447013                               0.3423684295318927                                 0.6370810150897349                                 -0.15918074184804815                               -0.42782166466600025                               0.3434554970219661                                 
parent#2: -0.38264960890916355                               0.4790744124857008                                 0.26414492176544646                                -0.597470831021331                                 0.17987767867683918                                0.40616138565991555                                
son     : -0.4257487679273285                                0.4537823409917941                                 0.4978562043150751                                 -0.41799027818960055                               -0.13696948423173225                               0.41410416704692615                                
89  :
parent#1: -0.38804648549447013                               0.3423684295318927                                 0.6370810150897349                                 -0.15918074184804815                               -0.42782166466600025                               0.3434554970219661                                 
parent#2: 0.46397277315517566                                -0.29535813919408443                               -0.5289493194549518                                -0.48254255556900205                               0.38138531023715094                                0.1985028464050217                                 
son     : 0.0890266609763767                                 0.05512147780762716                                0.12678881194741573                                -0.7524466716335622                                -0.05444851460656308                               0.6354682046250439                                 
90  :
parent#1: -0.38804648549447013                               0.3423684295318927                                 0.6370810150897349                                 -0.15918074184804815                               -0.42782166466600025                               0.3434554970219661                                 
parent#2: 0.6237708436645156                                 -0.3386317470591272                                0.141338377596823                                  0.03421423455490659                                0.6051311709709764                                 0.3300114991468579                                 
son     : 0.21866392959758657                                0.003466242010356524                               0.7220816915196471                                 -0.11592212092520264                               0.16447682244057946                                0.6247251704481305                                 
91  :
parent#1: -0.38804648549447013                               0.3423684295318927                                 0.6370810150897349                                 -0.15918074184804815                               -0.42782166466600025                               0.3434554970219661                                 
parent#2: -0.03164101926782635                               -0.45335887343302383                               -0.5314678081475984                                -0.5798870353577714                                0.006683072627004188                               -0.41796280868787494                               
son     : -0.43549057703196165                               -0.11516972011571656                               0.10959000663952796                                -0.7668969152259745                                -0.43699630409860746                               -0.07731283820056635                               
92  :
parent#1: -0.38804648549447013                               0.3423684295318927                                 0.6370810150897349                                 -0.15918074184804815                               -0.42782166466600025                               0.3434554970219661                                 
parent#2: -0.21277315511615508                               0.4774718557240536                                 -0.06485251024311009                               0.6463067750128703                                 0.01829717410385328                                -0.5518107731467271                                
son     : -0.4467113866602293                                0.6095539591455311                                 0.42545378281367885                                0.3621798141155945                                 -0.30448281095540713                               -0.15491283577393256                               
93  :
parent#1: -0.38804648549447013                               0.3423684295318927                                 0.6370810150897349                                 -0.15918074184804815                               -0.42782166466600025                               0.3434554970219661                                 
parent#2: 0.42438881151852653                                0.03224904728322666                                -0.12631550009456682                               -0.4421613258516074                                0.5761956668138181                                 -0.5247765672257142                                
son     : 0.040156778790858175                               0.4139369378200051                                 0.5643749325808944                                 -0.6644583061157904                                0.1639471831995634                                 -0.20035234127484908                               
94  :
parent#1: -0.38804648549447013                               0.3423684295318927                                 0.6370810150897349                                 -0.15918074184804815                               -0.42782166466600025                               0.3434554970219661                                 
parent#2: -0.5266067726939471                                -0.5728180854091484                                -0.5275008527002146                                -0.09691948076312985                               0.045205691205705986                               -0.32383739455601684                               
son     : -0.866562190485594                                 -0.21833296585984313                               0.10381860525168389                                -0.24263486507372617                               -0.36249861147734463                               0.018586612679579805                               
95  :
parent#1: -0.38804648549447013                               0.3423684295318927                                 0.6370810150897349                                 -0.15918074184804815                               -0.42782166466600025                               0.3434554970219661                                 
parent#2: -0.38804648549447013                               0.3423684295318927                                 0.6370810150897349                                 -0.15918074184804815                               -0.42782166466600025                               0.3434554970219661                                 
son     : -0.38804648549447013                               0.3423684295318927                                 0.6370810150897349                                 -0.15918074184804815                               -0.42782166466600025                               0.3434554970219661                                 

0   :
parent#1: 0.5807101701644389                                 0.49069622381616573                                0.14980968237652867                                0.07528365070702964                                0.45647172103247813                                0.43071558260673226                                
parent#2: 0.46397277315517566                                -0.29535813919408443                               -0.5289493194549518                                -0.48254255556900205                               0.38138531023715094                                0.1985028464050217                                 
son:      0.6558738329624709                                 0.12263734093094625                                -0.2380318053326799                                -0.25568567061231257                               0.526024193356858                                  0.39503650887148073                                
mutated:  0.6558738329624709                                 0.12263734093094625                                -0.2380318053326799                                -0.25568567061231257                               0.526024193356858                                  0.39503650887148073                                
1   :
parent#1: -0.03164101926782635                               -0.45335887343302383                               -0.5314678081475984                                -0.5798870353577714                                0.006683072627004188                               -0.41796280868787494                               
parent#2: 0.5807101701644389                                 0.49069622381616573                                0.14980968237652867                                0.07528365070702964                                0.45647172103247813                                0.43071558260673226                                
son:      0.5731193738293615                                 0.03897279393149344                                -0.39837544269535946                               -0.5267059265139162                                0.48344181219201554                                0.01331136850618502                                
mutated:  0.5731193738293615                                 0.03897279393149344                                -0.39837544269535946                               -0.5267059265139162                                0.48344181219201554                                0.01331136850618502                                
2   :
parent#1: -0.03164101926782635                               -0.45335887343302383                               -0.5314678081475984                                -0.5798870353577714                                0.006683072627004188                               -0.41796280868787494                               
parent#2: -0.21277315511615508                               0.4774718557240536                                 -0.06485251024311009                               0.6463067750128703                                 0.01829717410385328                                -0.5518107731467271                                
son:      -0.20947455463013526                               0.020665970944395592                               -0.511074832000336                                 0.05692487114533411                                0.021409257755552684                               -0.8311420139968282                                
mutated:  -0.20947455463013526                               0.020665970944395592                               -0.511074832000336                                 0.05692487114533411                                0.021409257755552684                               -0.8311420139968282                                
3   :
parent#1: -0.5266067726939471                                -0.5728180854091484                                -0.5275008527002146                                -0.09691948076312985                               0.045205691205705986                               -0.32383739455601684                               
parent#2: -0.5266067726939471                                -0.5728180854091484                                -0.5275008527002146                                -0.09691948076312985                               0.045205691205705986                               -0.32383739455601684                               
son:      -0.5266067726939471                                -0.5728180854091484                                -0.5275008527002146                                -0.09691948076312985                               0.045205691205705986                               -0.32383739455601684                               
mutated:  -0.5266067726939471                                -0.5728180854091484                                -0.5275008527002146                                -0.09691948076312985                               0.045205691205705986                               -0.32383739455601684                               

