0   :
parent#1: 0.5259757266480873                                 -0.09435436091105097                               0.11215875658629325                                0.1918147769744061                                 -0.45898710621926603                               -0.6740957873580159                                
parent#2: 0.5259757266480873                                 -0.09435436091105097                               0.11215875658629325                                0.1918147769744061                                 -0.45898710621926603                               -0.6740957873580159                                
son     : 0.5290269232372841                                 -0.09490171260353744                               -0.03301914170552649                               0.19292749865263178                                -0.4616497003695822                                -0.6780062316294391                                
1   :
parent#1: 0.5259757266480873                                 -0.09435436091105097                               0.11215875658629325                                0.1918147769744061                                 -0.45898710621926603                               -0.6740957873580159                                
parent#2: 0.6165437658807674                                 -0.02245741601605247                               0.0612378791297568                                 0.1750159987227227                                 -0.3245499003030545                                -0.6925721145003589                                
son     : 0.5737510470699588                                 -0.05866060033136408                               0.08707641484548183                                0.18421527425134707                                -0.39347703111410054                               -0.6863140146104272                                
2   :
parent#1: 0.5259757266480873                                 -0.09435436091105097                               0.11215875658629325                                0.1918147769744061                                 -0.45898710621926603                               -0.6740957873580159                                
parent#2: 0.687479815267362                                  0.08880261054456175                                -0.12038283886463787                               0.06947038872032381                                0.004129474467550721                               -0.7072131111616811                                
son     : 0.6400838938878332                                 -0.00288674930547469                               -0.004276284457687372                              0.1358607143348698                                 -0.2365127871157273                                -0.718240598049319                                 
3   :
parent#1: 0.5259757266480873                                 -0.09435436091105097                               0.11215875658629325                                0.1918147769744061                                 -0.45898710621926603                               -0.6740957873580159                                
parent#2: 0.7158930480473488                                 -0.05156659085010451                               0.02270955032213423                                0.12248413181164182                                -0.0925446909534692                                -0.6787896761298127                                
son     : 0.6358123638983448                                 -0.07470865454710397                               0.0690499179765953                                 0.16091485367681965                                -0.2823734221125739                                -0.6926507229677795                                
4   :
parent#1: 0.5259757266480873                                 -0.09435436091105097                               0.11215875658629325                                0.1918147769744061                                 -0.45898710621926603                               -0.6740957873580159                                
parent#2: 0.664226782832877                                  0.08996730825955401                                -0.06652685474245136                               0.11674868682987775                                -0.1368948950569544                                -0.7168768191544053                                
son     : 0.5347755833136274                                 -0.0019711676139508283                             0.020503088114721398                               0.13864212605060755                                -0.2677385926177793                                -0.7891040617528118                                
5   :
parent#1: 0.5259757266480873                                 -0.09435436091105097                               0.11215875658629325                                0.1918147769744061                                 -0.45898710621926603                               -0.6740957873580159                                
parent#2: 0.67088609075565                                   -0.03171978318505146                               -0.01667295217928855                               0.1278933711545197                                 -0.18702583785485094                               -0.7051895793617099                                
son     : 0.6763625926912789                                 -0.05936405928077602                               0.044961042519306306                               0.15053977636846325                                -0.30418569154775726                               -0.6494589264285793                                
6   :
parent#1: 0.5259757266480873                                 -0.09435436091105097                               0.11215875658629325                                0.1918147769744061                                 -0.45898710621926603                               -0.6740957873580159                                
parent#2: 0.6823479236033775                                 0.08813971780695247                                -0.11948420639058338                               0.0689518069367569                                 0.12202726565055377                                -0.7019339146104052                                
son     : 0.6426583257408708                                 -0.0033053165280062333                             -0.00389610954444544                               0.1386911662207707                                 -0.179215268141721                                 -0.731854370517948                                 
7   :
parent#1: 0.5259757266480873                                 -0.09435436091105097                               0.11215875658629325                                0.1918147769744061                                 -0.45898710621926603                               -0.6740957873580159                                
parent#2: 0.5541037535559415                                 -0.0016360774839033765                             0.019958666731130496                               0.17609179492033816                                -0.4126516706220089                                -0.7009124650500925                                
son     : 0.5414630896743533                                 -0.048121717248724535                              0.06623281854753253                                0.18443812032425347                                -0.4369680508135353                                -0.6893161386011953                                
8   :
parent#1: 0.5259757266480873                                 -0.09435436091105097                               0.11215875658629325                                0.1918147769744061                                 -0.45898710621926603                               -0.6740957873580159                                
parent#2: 0.6165437658807674                                 -0.02245741601605247                               0.0612378791297568                                 0.1750159987227227                                 -0.3245499003030545                                -0.6925721145003589                                
son     : 0.6158975130230988                                 -0.06296967655402609                               0.09347285311317374                                0.1977473154108921                                 -0.4223809719084272                                -0.6248665560221668                                
9   :
parent#1: 0.6165437658807674                                 -0.02245741601605247                               0.0612378791297568                                 0.1750159987227227                                 -0.3245499003030545                                -0.6925721145003589                                
parent#2: 0.5259757266480873                                 -0.09435436091105097                               0.11215875658629325                                0.1918147769744061                                 -0.45898710621926603                               -0.6740957873580159                                
son     : 0.5737510470699588                                 -0.05866060033136408                               0.08707641484548183                                0.18421527425134707                                -0.39347703111410054                               -0.6863140146104272                                
10  :
parent#1: 0.6165437658807674                                 -0.02245741601605247                               0.0612378791297568                                 0.1750159987227227                                 -0.3245499003030545                                -0.6925721145003589                                
parent#2: 0.6165437658807674                                 -0.02245741601605247                               0.0612378791297568                                 0.1750159987227227                                 -0.3245499003030545                                -0.6925721145003589                                
son     : 0.6165437658807673                                 -0.022457416016052466                              0.061237879129756784                               0.17501599872272267                                -0.3245499003030544                                -0.6925721145003588                                
11  :
parent#1: 0.6165437658807674                                 -0.02245741601605247                               0.0612378791297568                                 0.1750159987227227                                 -0.3245499003030545                                -0.6925721145003589                                
parent#2: 0.687479815267362                                  0.08880261054456175                                -0.12038283886463787                               0.06947038872032381                                0.004129474467550721                               -0.7072131111616811                                
son     : 0.6663058884546141                                 0.033899842321939586                               -0.030220799311822963                              0.12492313939359147                                -0.1637225120786209                                -0.7152364051647011                                
12  :
parent#1: 0.6165437658807674                                 -0.02245741601605247                               0.0612378791297568                                 0.1750159987227227                                 -0.3245499003030545                                -0.6925721145003589                                
parent#2: 0.5759465862440764                                 -0.1524461109466108                                0.09960822710715837                                0.14919769852938047                                -0.36790997095175704                               -0.6910182444562738                                
son     : 0.5979342272824401                                 -0.0876994979934603                                0.08065087660691647                                0.16256606705068244                                -0.3472107403678991                                -0.6937549060116481                                
13  :
parent#1: 0.6165437658807674                                 -0.02245741601605247                               0.0612378791297568                                 0.1750159987227227                                 -0.3245499003030545                                -0.6925721145003589                                
parent#2: 0.7158930480473488                                 -0.05156659085010451                               0.02270955032213423                                0.12248413181164182                                -0.0925446909534692                                -0.6787896761298127                                
son     : 0.6720380880292599                                 -0.03733531790970221                               0.04234037171151263                                0.15004945587127533                                -0.2103690386706037                                -0.6916705889073421                                
14  :
parent#1: 0.6165437658807674                                 -0.02245741601605247                               0.0612378791297568                                 0.1750159987227227                                 -0.3245499003030545                                -0.6925721145003589                                
parent#2: 0.664226782832877                                  0.08996730825955401                                -0.06652685474245136                               0.11674868682987775                                -0.1368948950569544                                -0.7168768191544053                                
son     : 0.6460992030128989                                 0.03405612942757103                                -0.002668083624774727                              0.14718399872028226                                -0.23278105107584746                               -0.7110124710755868                                
15  :
parent#1: 0.6165437658807674                                 -0.02245741601605247                               0.0612378791297568                                 0.1750159987227227                                 -0.3245499003030545                                -0.6925721145003589                                
parent#2: 0.67088609075565                                   -0.03171978318505146                               -0.01667295217928855                               0.1278933711545197                                 -0.18702583785485094                               -0.7051895793617099                                
son     : 0.6461752060190569                                 -0.027192132196445878                              0.022367627024495462                               0.15203354456677523                                -0.256765490014491                                 -0.7015519687081021                                
16  :
parent#1: 0.6165437658807674                                 -0.02245741601605247                               0.0612378791297568                                 0.1750159987227227                                 -0.3245499003030545                                -0.6925721145003589                                
parent#2: 0.6823479236033775                                 0.08813971780695247                                -0.11948420639058338                               0.0689518069367569                                 0.12202726565055377                                -0.7019339146104052                                
son     : 0.671640077781728                                  0.03396346796340135                                -0.030118421796584357                              0.1261525940122435                                 -0.10472183261453258                               -0.7210810150236743                                
17  :
parent#1: 0.6165437658807674                                 -0.02245741601605247                               0.0612378791297568                                 0.1750159987227227                                 -0.3245499003030545                                -0.6925721145003589                                
parent#2: 0.5541037535559415                                 -0.0016360774839033765                             0.019958666731130496                               0.17609179492033816                                -0.4126516706220089                                -0.7009124650500925                                
son     : 0.5863411304676538                                 -0.012067685602303927                              0.040668838142714166                               0.17585903290491392                                -0.3692414627818307                                -0.6979533207878029                                
18  :
parent#1: 0.6165437658807674                                 -0.02245741601605247                               0.0612378791297568                                 0.1750159987227227                                 -0.3245499003030545                                -0.6925721145003589                                
parent#2: 0.6165437658807674                                 -0.02245741601605247                               0.0612378791297568                                 0.1750159987227227                                 -0.3245499003030545                                -0.6925721145003589                                
son     : 0.6165437658807673                                 -0.022457416016052466                              0.061237879129756784                               0.17501599872272267                                -0.3245499003030544                                -0.6925721145003588                                
19  :
parent#1: 0.687479815267362                                  0.08880261054456175                                -0.12038283886463787                               0.06947038872032381                                0.004129474467550721                               -0.7072131111616811                                
parent#2: 0.5259757266480873                                 -0.09435436091105097                               0.11215875658629325                                0.1918147769744061                                 -0.45898710621926603                               -0.6740957873580159                                
son     : 0.6346517434998469                                 -0.002903631758940702                              -0.004301293270620113                              0.13665526278535964                                -0.23789597481236083                               -0.7224410540608514                                
20  :
parent#1: 0.687479815267362                                  0.08880261054456175                                -0.12038283886463787                               0.06947038872032381                                0.004129474467550721                               -0.7072131111616811                                
parent#2: 0.687479815267362                                  0.08880261054456175                                -0.12038283886463787                               0.06947038872032381                                0.004129474467550721                               -0.7072131111616811                                
son     : 0.687479815267362                                  0.08880261054456175                                -0.12038283886463787                               0.06947038872032381                                0.004129474467550721                               -0.7072131111616811                                
21  :
parent#1: 0.687479815267362                                  0.08880261054456175                                -0.12038283886463787                               0.06947038872032381                                0.004129474467550721                               -0.7072131111616811                                
parent#2: 0.5759465862440764                                 -0.1524461109466108                                0.09960822710715837                                0.14919769852938047                                -0.36790997095175704                               -0.6910182444562738                                
son     : 0.6536578930956135                                 -0.032927186207495594                              -0.010748144043078608                              0.11313213102709999                                -0.18820882055074717                               -0.7234018229159044                                
22  :
parent#1: 0.687479815267362                                  0.08880261054456175                                -0.12038283886463787                               0.06947038872032381                                0.004129474467550721                               -0.7072131111616811                                
parent#2: 0.7158930480473488                                 -0.05156659085010451                               0.02270955032213423                                0.12248413181164182                                -0.0925446909534692                                -0.6787896761298127                                
son     : 0.7064668857682803                                 0.01874485075179222                                -0.04916935889467536                               0.09663113479981145                                -0.04450878613813395                               -0.6977226782704269                                
23  :
parent#1: 0.687479815267362                                  0.08880261054456175                                -0.12038283886463787                               0.06947038872032381                                0.004129474467550721                               -0.7072131111616811                                
parent#2: 0.664226782832877                                  0.08996730825955401                                -0.06652685474245136                               0.11674868682987775                                -0.1368948950569544                                -0.7168768191544053                                
son     : 0.6780315011990965                                 0.08967303746711937                                -0.09375604167590212                               0.09340961975377429                                -0.06659665459655265                               -0.7143398091359527                                
24  :
parent#1: 0.687479815267362                                  0.08880261054456175                                -0.12038283886463787                               0.06947038872032381                                0.004129474467550721                               -0.7072131111616811                                
parent#2: 0.67088609075565                                   -0.03171978318505146                               -0.01667295217928855                               0.1278933711545197                                 -0.18702583785485094                               -0.7051895793617099                                
son     : 0.6848142586499527                                 0.028778058935751905                               -0.06909608046054659                               0.09950008043029353                                -0.09220640546666113                               -0.7120566683374846                                
25  :
parent#1: 0.687479815267362                                  0.08880261054456175                                -0.12038283886463787                               0.06947038872032381                                0.004129474467550721                               -0.7072131111616811                                
parent#2: 0.6823479236033775                                 0.08813971780695247                                -0.11948420639058338                               0.0689518069367569                                 0.12202726565055377                                -0.7019339146104052                                
son     : 0.6861118039220574                                 0.08862590284199394                                -0.1201432898834321                                0.06933215007269868                                0.063188695982106                                  -0.7058058326669063                                
26  :
parent#1: 0.687479815267362                                  0.08880261054456175                                -0.12038283886463787                               0.06947038872032381                                0.004129474467550721                               -0.7072131111616811                                
parent#2: 0.5541037535559415                                 -0.0016360774839033765                             0.019958666731130496                               0.17609179492033816                                -0.4126516706220089                                -0.7009124650500925                                
son     : 0.6395140961809909                                 0.04489768389923873                                -0.05172642042738252                               0.1264840175647796                                 -0.21042135995017544                               -0.7252964502694434                                
27  :
parent#1: 0.687479815267362                                  0.08880261054456175                                -0.12038283886463787                               0.06947038872032381                                0.004129474467550721                               -0.7072131111616811                                
parent#2: 0.6165437658807674                                 -0.02245741601605247                               0.0612378791297568                                 0.1750159987227227                                 -0.3245499003030545                                -0.6925721145003589                                
son     : 0.6663058884546141                                 0.033899842321939586                               -0.030220799311822963                              0.12492313939359147                                -0.1637225120786209                                -0.7152364051647011                                
28  :
parent#1: 0.5759465862440764                                 -0.1524461109466108                                0.09960822710715837                                0.14919769852938047                                -0.36790997095175704                               -0.6910182444562738                                
parent#2: 0.5259757266480873                                 -0.09435436091105097                               0.11215875658629325                                0.1918147769744061                                 -0.45898710621926603                               -0.6740957873580159                                
son     : 0.5520959747738793                                 -0.12365440420866                                  0.10610158077323728                                0.17085743057436506                                -0.41430012126733673                               -0.6839628830946148                                
29  :
parent#1: 0.5759465862440764                                 -0.1524461109466108                                0.09960822710715837                                0.14919769852938047                                -0.36790997095175704                               -0.6910182444562738                                
parent#2: 0.6165437658807674                                 -0.02245741601605247                               0.0612378791297568                                 0.1750159987227227                                 -0.3245499003030545                                -0.6925721145003589                                
son     : 0.5979342272824401                                 -0.0876994979934603                                0.08065087660691647                                0.16256606705068244                                -0.3472107403678991                                -0.6937549060116481                                
30  :
parent#1: 0.5759465862440764                                 -0.1524461109466108                                0.09960822710715837                                0.14919769852938047                                -0.36790997095175704                               -0.6910182444562738                                
parent#2: 0.687479815267362                                  0.08880261054456175                                -0.12038283886463787                               0.06947038872032381                                0.004129474467550721                               -0.7072131111616811                                
son     : 0.6536578930956135                                 -0.032927186207495594                              -0.010748144043078608                              0.11313213102709999                                -0.18820882055074717                               -0.7234018229159044                                
31  :
parent#1: 0.5759465862440764                                 -0.1524461109466108                                0.09960822710715837                                0.14919769852938047                                -0.36790997095175704                               -0.6910182444562738                                
parent#2: 0.5759465862440764                                 -0.1524461109466108                                0.09960822710715837                                0.14919769852938047                                -0.36790997095175704                               -0.6910182444562738                                
son     : 0.5759465862440764                                 -0.1524461109466108                                0.09960822710715837                                0.14919769852938047                                -0.36790997095175704                               -0.6910182444562738                                
32  :
parent#1: 0.5759465862440764                                 -0.1524461109466108                                0.09960822710715837                                0.14919769852938047                                -0.36790997095175704                               -0.6910182444562738                                
parent#2: 0.7158930480473488                                 -0.05156659085010451                               0.02270955032213423                                0.12248413181164182                                -0.0925446909534692                                -0.6787896761298127                                
son     : 0.6551878320234803                                 -0.10346999445388509                               0.06203643028477468                                0.1377900357724664                                 -0.23353076006548118                               -0.6947313412238345                                
33  :
parent#1: 0.5759465862440764                                 -0.1524461109466108                                0.09960822710715837                                0.14919769852938047                                -0.36790997095175704                               -0.6910182444562738                                
parent#2: 0.664226782832877                                  0.08996730825955401                                -0.06652685474245136                               0.11674868682987775                                -0.1368948950569544                                -0.7168768191544053                                
son     : 0.6319891636248212                                 -0.031839037378993365                              0.016858182390977597                               0.135525594923344                                  -0.25724726317904784                               -0.7174597083834143                                
34  :
parent#1: 0.5759465862440764                                 -0.1524461109466108                                0.09960822710715837                                0.14919769852938047                                -0.36790997095175704                               -0.6910182444562738                                
parent#2: 0.67088609075565                                   -0.03171978318505146                               -0.01667295217928855                               0.1278933711545197                                 -0.18702583785485094                               -0.7051895793617099                                
son     : 0.628982574822828                                  -0.0929051190446998                                0.0418378854918174                                 0.13978255277169757                                -0.2799453048700018                                -0.7043370038440254                                
35  :
parent#1: 0.5759465862440764                                 -0.1524461109466108                                0.09960822710715837                                0.14919769852938047                                -0.36790997095175704                               -0.6910182444562738                                
parent#2: 0.6823479236033775                                 0.08813971780695247                                -0.11948420639058338                               0.0689518069367569                                 0.12202726565055377                                -0.7019339146104052                                
son     : 0.6598701757598261                                 -0.03372332201361285                               -0.010423287903197125                              0.11440116076745074                                -0.12894490335420486                               -0.730486844562162                                 
36  :
parent#1: 0.5759465862440764                                 -0.1524461109466108                                0.09960822710715837                                0.14919769852938047                                -0.36790997095175704                               -0.6910182444562738                                
parent#2: 0.5541037535559415                                 -0.0016360774839033765                             0.019958666731130496                               0.17609179492033816                                -0.4126516706220089                                -0.7009124650500925                                
son     : 0.5673266483984506                                 -0.0773549004512947                                0.060026958757159514                               0.1633072364817988                                 -0.3918705250429856                                -0.6988001829784607                                
37  :
parent#1: 0.5759465862440764                                 -0.1524461109466108                                0.09960822710715837                                0.14919769852938047                                -0.36790997095175704                               -0.6910182444562738                                
parent#2: 0.6165437658807674                                 -0.02245741601605247                               0.0612378791297568                                 0.1750159987227227                                 -0.3245499003030545                                -0.6925721145003589                                
son     : 0.5979342272824401                                 -0.0876994979934603                                0.08065087660691647                                0.16256606705068244                                -0.3472107403678991                                -0.6937549060116481                                
38  :
parent#1: 0.7158930480473488                                 -0.05156659085010451                               0.02270955032213423                                0.12248413181164182                                -0.0925446909534692                                -0.6787896761298127                                
parent#2: 0.5259757266480873                                 -0.09435436091105097                               0.11215875658629325                                0.1918147769744061                                 -0.45898710621926603                               -0.6740957873580159                                
son     : 0.6358123638983448                                 -0.07470865454710397                               0.0690499179765953                                 0.16091485367681965                                -0.2823734221125739                                -0.6926507229677795                                
39  :
parent#1: 0.7158930480473488                                 -0.05156659085010451                               0.02270955032213423                                0.12248413181164182                                -0.0925446909534692                                -0.6787896761298127                                
parent#2: 0.6165437658807674                                 -0.02245741601605247                               0.0612378791297568                                 0.1750159987227227                                 -0.3245499003030545                                -0.6925721145003589                                
son     : 0.6720380880292599                                 -0.03733531790970221                               0.04234037171151263                                0.15004945587127533                                -0.2103690386706037                                -0.6916705889073421                                
40  :
parent#1: 0.7158930480473488                                 -0.05156659085010451                               0.02270955032213423                                0.12248413181164182                                -0.0925446909534692                                -0.6787896761298127                                
parent#2: 0.687479815267362                                  0.08880261054456175                                -0.12038283886463787                               0.06947038872032381                                0.004129474467550721                               -0.7072131111616811                                
son     : 0.7064668857682803                                 0.01874485075179222                                -0.04916935889467536                               0.09663113479981145                                -0.04450878613813395                               -0.6977226782704269                                
41  :
parent#1: 0.7158930480473488                                 -0.05156659085010451                               0.02270955032213423                                0.12248413181164182                                -0.0925446909534692                                -0.6787896761298127                                
parent#2: 0.5759465862440764                                 -0.1524461109466108                                0.09960822710715837                                0.14919769852938047                                -0.36790997095175704                               -0.6910182444562738                                
son     : 0.6551878320234803                                 -0.10346999445388509                               0.06203643028477468                                0.1377900357724664                                 -0.23353076006548118                               -0.6947313412238345                                
42  :
parent#1: 0.7158930480473488                                 -0.05156659085010451                               0.02270955032213423                                0.12248413181164182                                -0.0925446909534692                                -0.6787896761298127                                
parent#2: 0.7158930480473488                                 -0.05156659085010451                               0.02270955032213423                                0.12248413181164182                                -0.0925446909534692                                -0.6787896761298127                                
son     : 0.7158930480473489                                 -0.05156659085010452                               0.022709550322134234                               0.12248413181164183                                -0.09254469095346922                               -0.6787896761298128                                
43  :
parent#1: 0.7158930480473488                                 -0.05156659085010451                               0.02270955032213423                                0.12248413181164182                                -0.0925446909534692                                -0.6787896761298127                                
parent#2: 0.664226782832877                                  0.08996730825955401                                -0.06652685474245136                               0.11674868682987775                                -0.1368948950569544                                -0.7168768191544053                                
son     : 0.6930215343676106                                 0.019282763354643292                               -0.0220026803917842                                0.12012978245540673                                -0.11521215070158108                               -0.7008282283795947                                
44  :
parent#1: 0.7158930480473488                                 -0.05156659085010451                               0.02270955032213423                                0.12248413181164182                                -0.0925446909534692                                -0.6787896761298127                                
parent#2: 0.67088609075565                                   -0.03171978318505146                               -0.01667295217928855                               0.1278933711545197                                 -0.18702583785485094                               -0.7051895793617099                                
son     : 0.6945733850837055                                 -0.04171428393051685                               0.003023452177168897                               0.12540248473460544                                -0.14002391810684817                               -0.6931710533243961                                
45  :
parent#1: 0.7158930480473488                                 -0.05156659085010451                               0.02270955032213423                                0.12248413181164182                                -0.0925446909534692                                -0.6787896761298127                                
parent#2: 0.6823479236033775                                 0.08813971780695247                                -0.11948420639058338                               0.0689518069367569                                 0.12202726565055377                                -0.7019339146104052                                
son     : 0.7071484059559945                                 0.01849654598365009                                -0.04894295415685896                               0.096817087807691                                  0.014910559855722606                               -0.6982891404656077                                
46  :
parent#1: 0.7158930480473488                                 -0.05156659085010451                               0.02270955032213423                                0.12248413181164182                                -0.0925446909534692                                -0.6787896761298127                                
parent#2: 0.5541037535559415                                 -0.0016360774839033765                             0.019958666731130496                               0.17609179492033816                                -0.4126516706220089                                -0.7009124650500925                                
son     : 0.6459519924363244                                 -0.027060201702788524                              0.021702117504915845                               0.15186314998790842                                -0.2569554473832435                                -0.7017508594814665                                
47  :
parent#1: 0.7158930480473488                                 -0.05156659085010451                               0.02270955032213423                                0.12248413181164182                                -0.0925446909534692                                -0.6787896761298127                                
parent#2: 0.6165437658807674                                 -0.02245741601605247                               0.0612378791297568                                 0.1750159987227227                                 -0.3245499003030545                                -0.6925721145003589                                
son     : 0.6720380880292599                                 -0.03733531790970221                               0.04234037171151263                                0.15004945587127533                                -0.2103690386706037                                -0.6916705889073421                                
48  :
parent#1: 0.664226782832877                                  0.08996730825955401                                -0.06652685474245136                               0.11674868682987775                                -0.1368948950569544                                -0.7168768191544053                                
parent#2: 0.5259757266480873                                 -0.09435436091105097                               0.11215875658629325                                0.1918147769744061                                 -0.45898710621926603                               -0.6740957873580159                                
son     : 0.6102579508966566                                 -0.002249393477372008                              0.02339705276447806                                0.15821114948320364                                -0.3055292911738237                                -0.7131997167220121                                
49  :
parent#1: 0.664226782832877                                  0.08996730825955401                                -0.06652685474245136                               0.11674868682987775                                -0.1368948950569544                                -0.7168768191544053                                
parent#2: 0.687479815267362                                  0.08880261054456175                                -0.12038283886463787                               0.06947038872032381                                0.004129474467550721                               -0.7072131111616811                                
son     : 0.6780315011990965                                 0.08967303746711937                                -0.09375604167590212                               0.09340961975377429                                -0.06659665459655265                               -0.7143398091359527                                
50  :
parent#1: 0.664226782832877                                  0.08996730825955401                                -0.06652685474245136                               0.11674868682987775                                -0.1368948950569544                                -0.7168768191544053                                
parent#2: 0.5759465862440764                                 -0.1524461109466108                                0.09960822710715837                                0.14919769852938047                                -0.36790997095175704                               -0.6910182444562738                                
son     : 0.6319891636248212                                 -0.031839037378993365                              0.016858182390977597                               0.135525594923344                                  -0.25724726317904784                               -0.7174597083834143                                
51  :
parent#1: 0.664226782832877                                  0.08996730825955401                                -0.06652685474245136                               0.11674868682987775                                -0.1368948950569544                                -0.7168768191544053                                
parent#2: 0.7158930480473488                                 -0.05156659085010451                               0.02270955032213423                                0.12248413181164182                                -0.0925446909534692                                -0.6787896761298127                                
son     : 0.6930215343676106                                 0.019282763354643292                               -0.0220026803917842                                0.12012978245540673                                -0.11521215070158108                               -0.7008282283795947                                
52  :
parent#1: 0.664226782832877                                  0.08996730825955401                                -0.06652685474245136                               0.11674868682987775                                -0.1368948950569544                                -0.7168768191544053                                
parent#2: 0.664226782832877                                  0.08996730825955401                                -0.06652685474245136                               0.11674868682987775                                -0.1368948950569544                                -0.7168768191544053                                
son     : 0.664226782832877                                  0.08996730825955401                                -0.06652685474245136                               0.11674868682987775                                -0.1368948950569544                                -0.7168768191544053                                
53  :
parent#1: 0.664226782832877                                  0.08996730825955401                                -0.06652685474245136                               0.11674868682987775                                -0.1368948950569544                                -0.7168768191544053                                
parent#2: 0.67088609075565                                   -0.03171978318505146                               -0.01667295217928855                               0.1278933711545197                                 -0.18702583785485094                               -0.7051895793617099                                
son     : 0.669240979604536                                  0.029197254787623104                               -0.04170487858270319                               0.1226296995383528                                 -0.16236906474090845                               -0.7128274533430412                                
54  :
parent#1: 0.664226782832877                                  0.08996730825955401                                -0.06652685474245136                               0.11674868682987775                                -0.1368948950569544                                -0.7168768191544053                                
parent#2: 0.6823479236033775                                 0.08813971780695247                                -0.11948420639058338                               0.0689518069367569                                 0.12202726565055377                                -0.7019339146104052                                
son     : 0.6794892161190741                                 0.08987381312657906                                -0.09386223394412634                               0.09370551989377421                                -0.007502289923178723                              -0.7159399242382973                                
55  :
parent#1: 0.664226782832877                                  0.08996730825955401                                -0.06652685474245136                               0.11674868682987775                                -0.1368948950569544                                -0.7168768191544053                                
parent#2: 0.5541037535559415                                 -0.0016360774839033765                             0.019958666731130496                               0.17609179492033816                                -0.4126516706220089                                -0.7009124650500925                                
son     : 0.6175447915894926                                 0.04477314642533421                                -0.023604384115160706                              0.14843436068460297                                -0.2785529946387474                                -0.7186460175471293                                
56  :
parent#1: 0.664226782832877                                  0.08996730825955401                                -0.06652685474245136                               0.11674868682987775                                -0.1368948950569544                                -0.7168768191544053                                
parent#2: 0.6165437658807674                                 -0.02245741601605247                               0.0612378791297568                                 0.1750159987227227                                 -0.3245499003030545                                -0.6925721145003589                                
son     : 0.6460992030128989                                 0.03405612942757103                                -0.002668083624774727                              0.14718399872028226                                -0.23278105107584746                               -0.7110124710755868                                
57  :
parent#1: 0.67088609075565                                   -0.03171978318505146                               -0.01667295217928855                               0.1278933711545197                                 -0.18702583785485094                               -0.7051895793617099                                
parent#2: 0.5259757266480873                                 -0.09435436091105097                               0.11215875658629325                                0.1918147769744061                                 -0.45898710621926603                               -0.6740957873580159                                
son     : 0.607656456004736                                  -0.06400886592025455                               0.048478917667025154                               0.16231842090950938                                -0.32798601344038314                               -0.7002743721728857                                
58  :
parent#1: 0.67088609075565                                   -0.03171978318505146                               -0.01667295217928855                               0.1278933711545197                                 -0.18702583785485094                               -0.7051895793617099                                
parent#2: 0.6165437658807674                                 -0.02245741601605247                               0.0612378791297568                                 0.1750159987227227                                 -0.3245499003030545                                -0.6925721145003589                                
son     : 0.6461752060190569                                 -0.027192132196445878                              0.022367627024495462                               0.15203354456677523                                -0.256765490014491                                 -0.7015519687081021                                
59  :
parent#1: 0.67088609075565                                   -0.03171978318505146                               -0.01667295217928855                               0.1278933711545197                                 -0.18702583785485094                               -0.7051895793617099                                
parent#2: 0.687479815267362                                  0.08880261054456175                                -0.12038283886463787                               0.06947038872032381                                0.004129474467550721                               -0.7072131111616811                                
son     : 0.6848142586499527                                 0.028778058935751905                               -0.06909608046054659                               0.09950008043029353                                -0.09220640546666113                               -0.7120566683374846                                
60  :
parent#1: 0.67088609075565                                   -0.03171978318505146                               -0.01667295217928855                               0.1278933711545197                                 -0.18702583785485094                               -0.7051895793617099                                
parent#2: 0.5759465862440764                                 -0.1524461109466108                                0.09960822710715837                                0.14919769852938047                                -0.36790997095175704                               -0.6910182444562738                                
son     : 0.628982574822828                                  -0.0929051190446998                                0.0418378854918174                                 0.13978255277169757                                -0.2799453048700018                                -0.7043370038440254                                
61  :
parent#1: 0.67088609075565                                   -0.03171978318505146                               -0.01667295217928855                               0.1278933711545197                                 -0.18702583785485094                               -0.7051895793617099                                
parent#2: 0.7158930480473488                                 -0.05156659085010451                               0.02270955032213423                                0.12248413181164182                                -0.0925446909534692                                -0.6787896761298127                                
son     : 0.6945733850837055                                 -0.04171428393051685                               0.003023452177168897                               0.12540248473460544                                -0.14002391810684817                               -0.6931710533243961                                
62  :
parent#1: 0.67088609075565                                   -0.03171978318505146                               -0.01667295217928855                               0.1278933711545197                                 -0.18702583785485094                               -0.7051895793617099                                
parent#2: 0.664226782832877                                  0.08996730825955401                                -0.06652685474245136                               0.11674868682987775                                -0.1368948950569544                                -0.7168768191544053                                
son     : 0.669240979604536                                  0.029197254787623104                               -0.04170487858270319                               0.1226296995383528                                 -0.16236906474090845                               -0.7128274533430412                                
63  :
parent#1: 0.67088609075565                                   -0.03171978318505146                               -0.01667295217928855                               0.1278933711545197                                 -0.18702583785485094                               -0.7051895793617099                                
parent#2: 0.67088609075565                                   -0.03171978318505146                               -0.01667295217928855                               0.1278933711545197                                 -0.18702583785485094                               -0.7051895793617099                                
son     : 0.6708860907556501                                 -0.03171978318505147                               -0.016672952179288554                              0.12789337115451974                                -0.18702583785485097                               -0.70518957936171                                  
64  :
parent#1: 0.67088609075565                                   -0.03171978318505146                               -0.01667295217928855                               0.1278933711545197                                 -0.18702583785485094                               -0.7051895793617099                                
parent#2: 0.5541037535559415                                 -0.0016360774839033765                             0.019958666731130496                               0.17609179492033816                                -0.4126516706220089                                -0.7009124650500925                                
son     : 0.6178575192793383                                 -0.016823951171553945                              0.001657241038763016                               0.1533233287450464                                 -0.3024639424364744                                -0.709206468158196                                 
65  :
parent#1: 0.67088609075565                                   -0.03171978318505146                               -0.01667295217928855                               0.1278933711545197                                 -0.18702583785485094                               -0.7051895793617099                                
parent#2: 0.6165437658807674                                 -0.02245741601605247                               0.0612378791297568                                 0.1750159987227227                                 -0.3245499003030545                                -0.6925721145003589                                
son     : 0.6461752060190569                                 -0.027192132196445878                              0.022367627024495462                               0.15203354456677523                                -0.256765490014491                                 -0.7015519687081021                                
66  :
parent#1: 0.6823479236033775                                 0.08813971780695247                                -0.11948420639058338                               0.0689518069367569                                 0.12202726565055377                                -0.7019339146104052                                
parent#2: 0.5259757266480873                                 -0.09435436091105097                               0.11215875658629325                                0.1918147769744061                                 -0.45898710621926603                               -0.6740957873580159                                
son     : 0.6426583257408708                                 -0.0033053165280062333                             -0.00389610954444544                               0.1386911662207707                                 -0.179215268141721                                 -0.731854370517948                                 
67  :
parent#1: 0.6823479236033775                                 0.08813971780695247                                -0.11948420639058338                               0.0689518069367569                                 0.12202726565055377                                -0.7019339146104052                                
parent#2: 0.6165437658807674                                 -0.02245741601605247                               0.0612378791297568                                 0.1750159987227227                                 -0.3245499003030545                                -0.6925721145003589                                
son     : 0.671640077781728                                  0.03396346796340135                                -0.030118421796584357                              0.1261525940122435                                 -0.10472183261453258                               -0.7210810150236743                                
68  :
parent#1: 0.6823479236033775                                 0.08813971780695247                                -0.11948420639058338                               0.0689518069367569                                 0.12202726565055377                                -0.7019339146104052                                
parent#2: 0.687479815267362                                  0.08880261054456175                                -0.12038283886463787                               0.06947038872032381                                0.004129474467550721                               -0.7072131111616811                                
son     : 0.6861118039220574                                 0.08862590284199394                                -0.1201432898834321                                0.06933215007269868                                0.063188695982106                                  -0.7058058326669063                                
69  :
parent#1: 0.6823479236033775                                 0.08813971780695247                                -0.11948420639058338                               0.0689518069367569                                 0.12202726565055377                                -0.7019339146104052                                
parent#2: 0.5759465862440764                                 -0.1524461109466108                                0.09960822710715837                                0.14919769852938047                                -0.36790997095175704                               -0.6910182444562738                                
son     : 0.6598701757598261                                 -0.03372332201361285                               -0.010423287903197125                              0.11440116076745074                                -0.12894490335420486                               -0.730486844562162                                 
70  :
parent#1: 0.6823479236033775                                 0.08813971780695247                                -0.11948420639058338                               0.0689518069367569                                 0.12202726565055377                                -0.7019339146104052                                
parent#2: 0.7158930480473488                                 -0.05156659085010451                               0.02270955032213423                                0.12248413181164182                                -0.0925446909534692                                -0.6787896761298127                                
son     : 0.7071484059559945                                 0.01849654598365009                                -0.04894295415685896                               0.096817087807691                                  0.014910559855722606                               -0.6982891404656077                                
71  :
parent#1: 0.6823479236033775                                 0.08813971780695247                                -0.11948420639058338                               0.0689518069367569                                 0.12202726565055377                                -0.7019339146104052                                
parent#2: 0.664226782832877                                  0.08996730825955401                                -0.06652685474245136                               0.11674868682987775                                -0.1368948950569544                                -0.7168768191544053                                
son     : 0.6794892161190741                                 0.08987381312657906                                -0.09386223394412634                               0.09370551989377421                                -0.007502289923178723                              -0.7159399242382973                                
72  :
parent#1: 0.6823479236033775                                 0.08813971780695247                                -0.11948420639058338                               0.0689518069367569                                 0.12202726565055377                                -0.7019339146104052                                
parent#2: 0.67088609075565                                   -0.03171978318505146                               -0.01667295217928855                               0.1278933711545197                                 -0.18702583785485094                               -0.7051895793617099                                
son     : 0.6873607652158118                                 0.02865790323302277                                -0.0691595745533541                                0.09998540592844213                                -0.0330153305741748                                -0.7147333508520656                                
73  :
parent#1: 0.6823479236033775                                 0.08813971780695247                                -0.11948420639058338                               0.0689518069367569                                 0.12202726565055377                                -0.7019339146104052                                
parent#2: 0.6823479236033775                                 0.08813971780695247                                -0.11948420639058338                               0.0689518069367569                                 0.12202726565055377                                -0.7019339146104052                                
son     : 0.6823479236033776                                 0.08813971780695248                                -0.11948420639058341                               0.06895180693675691                                0.1220272656505538                                 -0.7019339146104053                                
74  :
parent#1: 0.6823479236033775                                 0.08813971780695247                                -0.11948420639058338                               0.0689518069367569                                 0.12202726565055377                                -0.7019339146104052                                
parent#2: 0.5541037535559415                                 -0.0016360774839033765                             0.019958666731130496                               0.17609179492033816                                -0.4126516706220089                                -0.7009124650500925                                
son     : 0.6464195306329775                                 0.0452242846272303                                 -0.052032160917492624                              0.1281093091005346                                 -0.1519390485876058                                -0.733411030161484                                 
75  :
parent#1: 0.6823479236033775                                 0.08813971780695247                                -0.11948420639058338                               0.0689518069367569                                 0.12202726565055377                                -0.7019339146104052                                
parent#2: 0.6165437658807674                                 -0.02245741601605247                               0.0612378791297568                                 0.1750159987227227                                 -0.3245499003030545                                -0.6925721145003589                                
son     : 0.671640077781728                                  0.03396346796340135                                -0.030118421796584357                              0.1261525940122435                                 -0.10472183261453258                               -0.7210810150236743                                
76  :
parent#1: 0.5541037535559415                                 -0.0016360774839033765                             0.019958666731130496                               0.17609179492033816                                -0.4126516706220089                                -0.7009124650500925                                
parent#2: 0.5259757266480873                                 -0.09435436091105097                               0.11215875658629325                                0.1918147769744061                                 -0.45898710621926603                               -0.6740957873580159                                
son     : 0.5414630896743533                                 -0.048121717248724535                              0.06623281854753253                                0.18443812032425347                                -0.4369680508135353                                -0.6893161386011953                                
77  :
parent#1: 0.5541037535559415                                 -0.0016360774839033765                             0.019958666731130496                               0.17609179492033816                                -0.4126516706220089                                -0.7009124650500925                                
parent#2: 0.6165437658807674                                 -0.02245741601605247                               0.0612378791297568                                 0.1750159987227227                                 -0.3245499003030545                                -0.6925721145003589                                
son     : 0.5863411304676538                                 -0.012067685602303927                              0.040668838142714166                               0.17585903290491392                                -0.3692414627818307                                -0.6979533207878029                                
78  :
parent#1: 0.5541037535559415                                 -0.0016360774839033765                             0.019958666731130496                               0.17609179492033816                                -0.4126516706220089                                -0.7009124650500925                                
parent#2: 0.687479815267362                                  0.08880261054456175                                -0.12038283886463787                               0.06947038872032381                                0.004129474467550721                               -0.7072131111616811                                
son     : 0.6395140961809909                                 0.04489768389923873                                -0.05172642042738252                               0.1264840175647796                                 -0.21042135995017544                               -0.7252964502694434                                
79  :
parent#1: 0.5541037535559415                                 -0.0016360774839033765                             0.019958666731130496                               0.17609179492033816                                -0.4126516706220089                                -0.7009124650500925                                
parent#2: 0.5759465862440764                                 -0.1524461109466108                                0.09960822710715837                                0.14919769852938047                                -0.36790997095175704                               -0.6910182444562738                                
son     : 0.5673266483984506                                 -0.0773549004512947                                0.060026958757159514                               0.1633072364817988                                 -0.3918705250429856                                -0.6988001829784607                                
80  :
parent#1: 0.5541037535559415                                 -0.0016360774839033765                             0.019958666731130496                               0.17609179492033816                                -0.4126516706220089                                -0.7009124650500925                                
parent#2: 0.7158930480473488                                 -0.05156659085010451                               0.02270955032213423                                0.12248413181164182                                -0.0925446909534692                                -0.6787896761298127                                
son     : 0.6459519924363244                                 -0.027060201702788524                              0.021702117504915845                               0.15186314998790842                                -0.2569554473832435                                -0.7017508594814665                                
81  :
parent#1: 0.5541037535559415                                 -0.0016360774839033765                             0.019958666731130496                               0.17609179492033816                                -0.4126516706220089                                -0.7009124650500925                                
parent#2: 0.664226782832877                                  0.08996730825955401                                -0.06652685474245136                               0.11674868682987775                                -0.1368948950569544                                -0.7168768191544053                                
son     : 0.6175447915894926                                 0.04477314642533421                                -0.023604384115160706                              0.14843436068460297                                -0.2785529946387474                                -0.7186460175471293                                
82  :
parent#1: 0.5541037535559415                                 -0.0016360774839033765                             0.019958666731130496                               0.17609179492033816                                -0.4126516706220089                                -0.7009124650500925                                
parent#2: 0.67088609075565                                   -0.03171978318505146                               -0.01667295217928855                               0.1278933711545197                                 -0.18702583785485094                               -0.7051895793617099                                
son     : 0.6178575192793383                                 -0.016823951171553945                              0.001657241038763016                               0.1533233287450464                                 -0.3024639424364744                                -0.709206468158196                                 
83  :
parent#1: 0.5541037535559415                                 -0.0016360774839033765                             0.019958666731130496                               0.17609179492033816                                -0.4126516706220089                                -0.7009124650500925                                
parent#2: 0.6823479236033775                                 0.08813971780695247                                -0.11948420639058338                               0.0689518069367569                                 0.12202726565055377                                -0.7019339146104052                                
son     : 0.6464195306329775                                 0.0452242846272303                                 -0.052032160917492624                              0.1281093091005346                                 -0.1519390485876058                                -0.733411030161484                                 
84  :
parent#1: 0.5541037535559415                                 -0.0016360774839033765                             0.019958666731130496                               0.17609179492033816                                -0.4126516706220089                                -0.7009124650500925                                
parent#2: 0.5541037535559415                                 -0.0016360774839033765                             0.019958666731130496                               0.17609179492033816                                -0.4126516706220089                                -0.7009124650500925                                
son     : 0.5541037535559417                                 -0.0016360774839033767                             0.0199586667311305                                 0.1760917949203382                                 -0.41265167062200897                               -0.7009124650500926                                
85  :
parent#1: 0.5541037535559415                                 -0.0016360774839033765                             0.019958666731130496                               0.17609179492033816                                -0.4126516706220089                                -0.7009124650500925                                
parent#2: 0.6165437658807674                                 -0.02245741601605247                               0.0612378791297568                                 0.1750159987227227                                 -0.3245499003030545                                -0.6925721145003589                                
son     : 0.5863411304676538                                 -0.012067685602303927                              0.040668838142714166                               0.17585903290491392                                -0.3692414627818307                                -0.6979533207878029                                
86  :
parent#1: 0.6165437658807674                                 -0.02245741601605247                               0.0612378791297568                                 0.1750159987227227                                 -0.3245499003030545                                -0.6925721145003589                                
parent#2: 0.5259757266480873                                 -0.09435436091105097                               0.11215875658629325                                0.1918147769744061                                 -0.45898710621926603                               -0.6740957873580159                                
son     : 0.5737510470699588                                 -0.05866060033136408                               0.08707641484548183                                0.18421527425134707                                -0.39347703111410054                               -0.6863140146104272                                
87  :
parent#1: 0.6165437658807674                                 -0.02245741601605247                               0.0612378791297568                                 0.1750159987227227                                 -0.3245499003030545                                -0.6925721145003589                                
parent#2: 0.6165437658807674                                 -0.02245741601605247                               0.0612378791297568                                 0.1750159987227227                                 -0.3245499003030545                                -0.6925721145003589                                
son     : 0.6165437658807673                                 -0.022457416016052466                              0.061237879129756784                               0.17501599872272267                                -0.3245499003030544                                -0.6925721145003588                                
88  :
parent#1: 0.6165437658807674                                 -0.02245741601605247                               0.0612378791297568                                 0.1750159987227227                                 -0.3245499003030545                                -0.6925721145003589                                
parent#2: 0.687479815267362                                  0.08880261054456175                                -0.12038283886463787                               0.06947038872032381                                0.004129474467550721                               -0.7072131111616811                                
son     : 0.6663058884546141                                 0.033899842321939586                               -0.030220799311822963                              0.12492313939359147                                -0.1637225120786209                                -0.7152364051647011                                
89  :
parent#1: 0.6165437658807674                                 -0.02245741601605247                               0.0612378791297568                                 0.1750159987227227                                 -0.3245499003030545                                -0.6925721145003589                                
parent#2: 0.5759465862440764                                 -0.1524461109466108                                0.09960822710715837                                0.14919769852938047                                -0.36790997095175704                               -0.6910182444562738                                
son     : 0.5979342272824401                                 -0.0876994979934603                                0.08065087660691647                                0.16256606705068244                                -0.3472107403678991                                -0.6937549060116481                                
90  :
parent#1: 0.6165437658807674                                 -0.02245741601605247                               0.0612378791297568                                 0.1750159987227227                                 -0.3245499003030545                                -0.6925721145003589                                
parent#2: 0.7158930480473488                                 -0.05156659085010451                               0.02270955032213423                                0.12248413181164182                                -0.0925446909534692                                -0.6787896761298127                                
son     : 0.6720380880292599                                 -0.03733531790970221                               0.04234037171151263                                0.15004945587127533                                -0.2103690386706037                                -0.6916705889073421                                
91  :
parent#1: 0.6165437658807674                                 -0.02245741601605247                               0.0612378791297568                                 0.1750159987227227                                 -0.3245499003030545                                -0.6925721145003589                                
parent#2: 0.664226782832877                                  0.08996730825955401                                -0.06652685474245136                               0.11674868682987775                                -0.1368948950569544                                -0.7168768191544053                                
son     : 0.6460992030128989                                 0.03405612942757103                                -0.002668083624774727                              0.14718399872028226                                -0.23278105107584746                               -0.7110124710755868                                
92  :
parent#1: 0.6165437658807674                                 -0.02245741601605247                               0.0612378791297568                                 0.1750159987227227                                 -0.3245499003030545                                -0.6925721145003589                                
parent#2: 0.6823479236033775                                 0.08813971780695247                                -0.11948420639058338                               0.0689518069367569                                 0.12202726565055377                                -0.7019339146104052                                
son     : 0.671640077781728                                  0.03396346796340135                                -0.030118421796584357                              0.1261525940122435                                 -0.10472183261453258                               -0.7210810150236743                                
93  :
parent#1: 0.6165437658807674                                 -0.02245741601605247                               0.0612378791297568                                 0.1750159987227227                                 -0.3245499003030545                                -0.6925721145003589                                
parent#2: 0.5541037535559415                                 -0.0016360774839033765                             0.019958666731130496                               0.17609179492033816                                -0.4126516706220089                                -0.7009124650500925                                
son     : 0.5863411304676538                                 -0.012067685602303927                              0.040668838142714166                               0.17585903290491392                                -0.3692414627818307                                -0.6979533207878029                                
94  :
parent#1: 0.6165437658807674                                 -0.02245741601605247                               0.0612378791297568                                 0.1750159987227227                                 -0.3245499003030545                                -0.6925721145003589                                
parent#2: 0.6165437658807674                                 -0.02245741601605247                               0.0612378791297568                                 0.1750159987227227                                 -0.3245499003030545                                -0.6925721145003589                                
son     : 0.6165437658807673                                 -0.022457416016052466                              0.061237879129756784                               0.17501599872272267                                -0.3245499003030544                                -0.6925721145003588                                

0   :
parent#1: 0.5259757266480873                                 -0.09435436091105097                               0.11215875658629325                                0.1918147769744061                                 -0.45898710621926603                               -0.6740957873580159                                
parent#2: 0.5759465862440764                                 -0.1524461109466108                                0.09960822710715837                                0.14919769852938047                                -0.36790997095175704                               -0.6910182444562738                                
son:      0.5520959747738793                                 -0.12365440420866                                  0.10610158077323728                                0.17085743057436506                                -0.41430012126733673                               -0.6839628830946148                                
mutated:  0.5520959747738793                                 -0.12365440420866                                  0.10610158077323728                                0.17085743057436506                                -0.41430012126733673                               -0.6839628830946148                                
1   :
parent#1: 0.687479815267362                                  0.08880261054456175                                -0.12038283886463787                               0.06947038872032381                                0.004129474467550721                               -0.7072131111616811                                
parent#2: 0.6165437658807674                                 -0.02245741601605247                               0.0612378791297568                                 0.1750159987227227                                 -0.3245499003030545                                -0.6925721145003589                                
son:      0.6663058884546141                                 0.033899842321939586                               -0.030220799311822963                              0.12492313939359147                                -0.1637225120786209                                -0.7152364051647011                                
mutated:  0.6663058884546141                                 0.033899842321939586                               -0.030220799311822963                              0.12492313939359147                                -0.1637225120786209                                -0.7152364051647011                                
2   :
parent#1: 0.664226782832877                                  0.08996730825955401                                -0.06652685474245136                               0.11674868682987775                                -0.1368948950569544                                -0.7168768191544053                                
parent#2: 0.6165437658807674                                 -0.02245741601605247                               0.0612378791297568                                 0.1750159987227227                                 -0.3245499003030545                                -0.6925721145003589                                
son:      0.6460992030128989                                 0.03405612942757103                                -0.002668083624774727                              0.14718399872028226                                -0.23278105107584746                               -0.7110124710755868                                
mutated:  0.6460992030128989                                 0.03405612942757103                                -0.002668083624774727                              0.14718399872028226                                -0.23278105107584746                               -0.7110124710755868                                
3   :
parent#1: 0.67088609075565                                   -0.03171978318505146                               -0.01667295217928855                               0.1278933711545197                                 -0.18702583785485094                               -0.7051895793617099                                
parent#2: 0.6823479236033775                                 0.08813971780695247                                -0.11948420639058338                               0.0689518069367569                                 0.12202726565055377                                -0.7019339146104052                                
son:      0.6873607652158118                                 0.02865790323302277                                -0.0691595745533541                                0.09998540592844213                                -0.0330153305741748                                -0.7147333508520656                                
mutated:  0.6873607652158118                                 0.02865790323302277                                -0.0691595745533541                                0.09998540592844213                                -0.0330153305741748                                -0.7147333508520656                                
4   :
parent#1: 0.6165437658807674                                 -0.02245741601605247                               0.0612378791297568                                 0.1750159987227227                                 -0.3245499003030545                                -0.6925721145003589                                
parent#2: 0.67088609075565                                   -0.03171978318505146                               -0.01667295217928855                               0.1278933711545197                                 -0.18702583785485094                               -0.7051895793617099                                
son:      0.6461752060190569                                 -0.027192132196445878                              0.022367627024495462                               0.15203354456677523                                -0.256765490014491                                 -0.7015519687081021                                
mutated:  0.6461752060190569                                 -0.027192132196445878                              0.022367627024495462                               0.15203354456677523                                -0.256765490014491                                 -0.7015519687081021                                

