0   :
parent#1: 0.4975869182210506                                 0.07019683068566397                                0.07507069079489455                                -0.3180745730602988                                -0.6276183367518888                                -0.49675732959448554                               
parent#2: 0.4975869182210506                                 0.07019683068566397                                0.07507069079489455                                -0.3180745730602988                                -0.6276183367518888                                -0.49675732959448554                               
son     : 0.4975869182210506                                 0.07019683068566397                                0.07507069079489455                                -0.3180745730602988                                -0.6276183367518888                                -0.49675732959448554                               
1   :
parent#1: 0.4975869182210506                                 0.07019683068566397                                0.07507069079489455                                -0.3180745730602988                                -0.6276183367518888                                -0.49675732959448554                               
parent#2: -0.4370595259190209                                0.08160633975993586                                0.5449039690966772                                 0.29415182682531626                                -0.5031556767537698                                -0.4070726081461381                                
son     : 0.03345164043853507                                0.08389697427962006                                0.5929525642835627                                 -0.013221370935025708                              -0.6249442488498227                                -0.49951919197201244                               
2   :
parent#1: 0.4975869182210506                                 0.07019683068566397                                0.07507069079489455                                -0.3180745730602988                                -0.6276183367518888                                -0.49675732959448554                               
parent#2: 0.23616354729068859                                0.40190498845266953                                0.49052421943408103                                0.4287665271597682                                 -0.004744255726600081                              0.598516421296422                                  
son     : 0.5851978098474725                                 0.37652166992777225                                0.4970305948946441                                 0.0882816327231483                                 -0.5043365851765323                                0.08115728765433895                                
3   :
parent#1: 0.4975869182210506                                 0.07019683068566397                                0.07507069079489455                                -0.3180745730602988                                -0.6276183367518888                                -0.49675732959448554                               
parent#2: -0.5210318498880145                                0.023196713829168145                               -0.7912767164555539                                0.19738329583682027                                0.18320357949891708                                0.17130430481601044                                
son     : -0.024078952942353172                              0.09591918609261726                                -0.8091957685912241                                -0.12395513137330365                               -0.4564330653119527                                -0.334254250765416                                 
4   :
parent#1: 0.4975869182210506                                 0.07019683068566397                                0.07507069079489455                                -0.3180745730602988                                -0.6276183367518888                                -0.49675732959448554                               
parent#2: 0.4975869182210506                                 0.07019683068566397                                0.07507069079489455                                -0.3180745730602988                                -0.6276183367518888                                -0.49675732959448554                               
son     : 0.49481908826985915                                0.06980636043145166                                0.12910134098077167                                -0.3163052815098372                                -0.6241272063246875                                -0.49399411423456185                               
5   :
parent#1: 0.4975869182210506                                 0.07019683068566397                                0.07507069079489455                                -0.3180745730602988                                -0.6276183367518888                                -0.49675732959448554                               
parent#2: 0.4816275896179255                                 0.49882829240834187                                -0.4296071925710571                                -0.29023558287852025                               -0.17765288764989823                               -0.46780938173986847                               
son     : 0.5176967410274913                                 0.3008354649877958                                 -0.18743839074633975                               -0.3216049014208823                                -0.42573540851232605                               -0.5671636503959162                                
6   :
parent#1: 0.4975869182210506                                 0.07019683068566397                                0.07507069079489455                                -0.3180745730602988                                -0.6276183367518888                                -0.49675732959448554                               
parent#2: -0.49034108013774                                  -0.32259605503881666                               0.5574071646948214                                 0.5457333144524783                                 0.15186069644444752                                -0.15462257765846132                               
son     : 0.1688256451356742                                 -0.23036782947983628                               0.577270200162592                                  0.2077868909899947                                 -0.4342297613511066                                -0.5945223317750029                                
7   :
parent#1: 0.4975869182210506                                 0.07019683068566397                                0.07507069079489455                                -0.3180745730602988                                -0.6276183367518888                                -0.49675732959448554                               
parent#2: -0.3581008555946988                                0.4654970334283256                                 0.34144876988616896                                -0.3442335034067167                                -0.41362049791066025                               -0.4989092156650051                                
son     : 0.07645382269852577                                0.2936196128595983                                 0.3906634405413643                                 -0.3630182349160715                                -0.5707142903972884                                -0.5457356246554603                                
8   :
parent#1: 0.4975869182210506                                 0.07019683068566397                                0.07507069079489455                                -0.3180745730602988                                -0.6276183367518888                                -0.49675732959448554                               
parent#2: -0.03164101926782635                               -0.45335887343302383                               -0.5314678081475984                                -0.5798870353577714                                0.006683072627004188                               -0.41796280868787494                               
son     : 0.28892150888288964                                -0.23758929048612765                               -0.2830005459680675                                -0.5568037478297458                                -0.38502657461433565                               -0.5671952970330489                                
9   :
parent#1: 0.4975869182210506                                 0.07019683068566397                                0.07507069079489455                                -0.3180745730602988                                -0.6276183367518888                                -0.49675732959448554                               
parent#2: -0.38804648549447013                               0.3423684295318927                                 0.6370810150897349                                 -0.15918074184804815                               -0.42782166466600025                               0.3434554970219661                                 
son     : 0.0764207215857951                                 0.28782554625974616                                0.4968315889175074                                 -0.3329564676541724                                -0.7363261627804012                                -0.10695079774661032                               
10  :
parent#1: -0.4370595259190209                                0.08160633975993586                                0.5449039690966772                                 0.29415182682531626                                -0.5031556767537698                                -0.4070726081461381                                
parent#2: 0.4975869182210506                                 0.07019683068566397                                0.07507069079489455                                -0.3180745730602988                                -0.6276183367518888                                -0.49675732959448554                               
son     : 0.03822582451223427                                0.0958706650519239                                 0.3915424347506977                                 -0.015108311537130105                              -0.7141356559286736                                -0.570810062600667                                 
11  :
parent#1: -0.4370595259190209                                0.08160633975993586                                0.5449039690966772                                 0.29415182682531626                                -0.5031556767537698                                -0.4070726081461381                                
parent#2: 0.23616354729068859                                0.40190498845266953                                0.49052421943408103                                0.4287665271597682                                 -0.004744255726600081                              0.598516421296422                                  
son     : -0.1365824838667904                                0.3287232459101851                                 0.7039531344570062                                 0.49148810789709596                                -0.3453042455483018                                0.1301562714173108                                 
12  :
parent#1: -0.4370595259190209                                0.08160633975993586                                0.5449039690966772                                 0.29415182682531626                                -0.5031556767537698                                -0.4070726081461381                                
parent#2: -0.5210318498880145                                0.023196713829168145                               -0.7912767164555539                                0.19738329583682027                                0.18320357949891708                                0.17130430481601044                                
son     : -0.8128808101426014                                0.0889188581153532                                 -0.2090319185906939                                0.41703691194023834                                -0.2714594104390844                                -0.20003470885593314                               
13  :
parent#1: -0.4370595259190209                                0.08160633975993586                                0.5449039690966772                                 0.29415182682531626                                -0.5031556767537698                                -0.4070726081461381                                
parent#2: 0.4975869182210506                                 0.07019683068566397                                0.07507069079489455                                -0.3180745730602988                                -0.6276183367518888                                -0.49675732959448554                               
son     : 0.03822582451223427                                0.0958706650519239                                 0.3915424347506977                                 -0.015108311537130105                              -0.7141356559286736                                -0.570810062600667                                 
14  :
parent#1: -0.4370595259190209                                0.08160633975993586                                0.5449039690966772                                 0.29415182682531626                                -0.5031556767537698                                -0.4070726081461381                                
parent#2: 0.4816275896179255                                 0.49882829240834187                                -0.4296071925710571                                -0.29023558287852025                               -0.17765288764989823                               -0.46780938173986847                               
son     : 0.03544390822335891                                0.461605690819751                                  0.0916927509624709                                 0.003114494539594156                               -0.5414306629388844                                -0.6957725865158325                                
15  :
parent#1: -0.4370595259190209                                0.08160633975993586                                0.5449039690966772                                 0.29415182682531626                                -0.5031556767537698                                -0.4070726081461381                                
parent#2: -0.49034108013774                                  -0.32259605503881666                               0.5574071646948214                                 0.5457333144524783                                 0.15186069644444752                                -0.15462257765846132                               
son     : -0.5122623260105368                                -0.1331139437338483                                0.6088765326392127                                 0.4639219699046851                                 -0.194042555669912                                 -0.31025996803324724                               
16  :
parent#1: -0.4370595259190209                                0.08160633975993586                                0.5449039690966772                                 0.29415182682531626                                -0.5031556767537698                                -0.4070726081461381                                
parent#2: -0.3581008555946988                                0.4654970334283256                                 0.34144876988616896                                -0.3442335034067167                                -0.41362049791066025                               -0.4989092156650051                                
son     : -0.4324454244480479                                0.2975404156642761                                 0.48204009572314593                                -0.02723675926243302                               -0.49858578369045253                               -0.49271531058224194                               
17  :
parent#1: -0.4370595259190209                                0.08160633975993586                                0.5449039690966772                                 0.29415182682531626                                -0.5031556767537698                                -0.4070726081461381                                
parent#2: -0.03164101926782635                               -0.45335887343302383                               -0.5314678081475984                                -0.5798870353577714                                0.006683072627004188                               -0.41796280868787494                               
son     : -0.4008955665255517                                -0.3179726247913143                                0.011492406848944646                               -0.2443990720242281                                -0.42464995601076366                               -0.7056809389958396                                
18  :
parent#1: 0.23616354729068859                                0.40190498845266953                                0.49052421943408103                                0.4287665271597682                                 -0.004744255726600081                              0.598516421296422                                  
parent#2: 0.4975869182210506                                 0.07019683068566397                                0.07507069079489455                                -0.3180745730602988                                -0.6276183367518888                                -0.49675732959448554                               
son     : 0.598375661768539                                  0.3850004214334795                                 0.46124431207705446                                0.09026961398999352                                -0.5156935532409974                                0.0829848384431962                                 
19  :
parent#1: 0.23616354729068859                                0.40190498845266953                                0.49052421943408103                                0.4287665271597682                                 -0.004744255726600081                              0.598516421296422                                  
parent#2: -0.4370595259190209                                0.08160633975993586                                0.5449039690966772                                 0.29415182682531626                                -0.5031556767537698                                -0.4070726081461381                                
son     : -0.1365824838667904                                0.3287232459101851                                 0.7039531344570062                                 0.49148810789709596                                -0.3453042455483018                                0.1301562714173108                                 
20  :
parent#1: 0.23616354729068859                                0.40190498845266953                                0.49052421943408103                                0.4287665271597682                                 -0.004744255726600081                              0.598516421296422                                  
parent#2: 0.23616354729068859                                0.40190498845266953                                0.49052421943408103                                0.4287665271597682                                 -0.004744255726600081                              0.598516421296422                                  
son     : 0.2361635472906886                                 0.4019049884526696                                 0.4905242194340811                                 0.42876652715976826                                -0.0047442557266000815                             0.5985164212964221                                 
21  :
parent#1: 0.23616354729068859                                0.40190498845266953                                0.49052421943408103                                0.4287665271597682                                 -0.004744255726600081                              0.598516421296422                                  
parent#2: -0.5210318498880145                                0.023196713829168145                               -0.7912767164555539                                0.19738329583682027                                0.18320357949891708                                0.17130430481601044                                
son     : -0.2434817393170196                                0.36334158948009004                                -0.25705822799890665                               0.5351808066612337                                 0.15253219172946605                                0.6579787489417416                                 
22  :
parent#1: 0.23616354729068859                                0.40190498845266953                                0.49052421943408103                                0.4287665271597682                                 -0.004744255726600081                              0.598516421296422                                  
parent#2: 0.4975869182210506                                 0.07019683068566397                                0.07507069079489455                                -0.3180745730602988                                -0.6276183367518888                                -0.49675732959448554                               
son     : 0.598375661768539                                  0.3850004214334795                                 0.46124431207705446                                0.09026961398999352                                -0.5156935532409974                                0.0829848384431962                                 
23  :
parent#1: 0.23616354729068859                                0.40190498845266953                                0.49052421943408103                                0.4287665271597682                                 -0.004744255726600081                              0.598516421296422                                  
parent#2: 0.4816275896179255                                 0.49882829240834187                                -0.4296071925710571                                -0.29023558287852025                               -0.17765288764989823                               -0.46780938173986847                               
son     : 0.6066877183418897                                 0.7613131326108096                                 0.051487974893182416                               0.11708840940514151                                -0.15416477169633092                               0.1104755290533554                                 
24  :
parent#1: 0.23616354729068859                                0.40190498845266953                                0.49052421943408103                                0.4287665271597682                                 -0.004744255726600081                              0.598516421296422                                  
parent#2: -0.49034108013774                                  -0.32259605503881666                               0.5574071646948214                                 0.5457333144524783                                 0.15186069644444752                                -0.15462257765846132                               
son     : -0.16625375136621165                               0.05187479612857956                                0.6854363634517338                                 0.6374058814683096                                 0.0962266801594331                                 0.2903443742118045                                 
25  :
parent#1: 0.23616354729068859                                0.40190498845266953                                0.49052421943408103                                0.4287665271597682                                 -0.004744255726600081                              0.598516421296422                                  
parent#2: -0.03164101926782635                               -0.45335887343302383                               -0.5314678081475984                                -0.5798870353577714                                0.006683072627004188                               -0.41796280868787494                               
son     : 0.6416628110751923                                 -0.161429866902208                                 -0.12845518038230638                               -0.47412092466705147                               0.006082785669138242                               0.5664634587502799                                 
26  :
parent#1: 0.23616354729068859                                0.40190498845266953                                0.49052421943408103                                0.4287665271597682                                 -0.004744255726600081                              0.598516421296422                                  
parent#2: -0.38804648549447013                               0.3423684295318927                                 0.6370810150897349                                 -0.15918074184804815                               -0.42782166466600025                               0.3434554970219661                                 
son     : -0.08775394718757847                               0.4300215085864703                                 0.651500500115926                                  0.15575954117391136                                -0.24992515540059138                               0.5442464765949314                                 
27  :
parent#1: -0.5210318498880145                                0.023196713829168145                               -0.7912767164555539                                0.19738329583682027                                0.18320357949891708                                0.17130430481601044                                
parent#2: 0.4975869182210506                                 0.07019683068566397                                0.07507069079489455                                -0.3180745730602988                                -0.6276183367518888                                -0.49675732959448554                               
son     : -0.025577265525017417                              0.10188775639488709                                -0.7813454928833383                                -0.13166823806307776                               -0.48483460779339566                               -0.35505321785214217                               
28  :
parent#1: -0.5210318498880145                                0.023196713829168145                               -0.7912767164555539                                0.19738329583682027                                0.18320357949891708                                0.17130430481601044                                
parent#2: -0.4370595259190209                                0.08160633975993586                                0.5449039690966772                                 0.29415182682531626                                -0.5031556767537698                                -0.4070726081461381                                
son     : -0.8128808101426014                                0.0889188581153532                                 -0.2090319185906939                                0.41703691194023834                                -0.2714594104390844                                -0.20003470885593314                               
29  :
parent#1: -0.5210318498880145                                0.023196713829168145                               -0.7912767164555539                                0.19738329583682027                                0.18320357949891708                                0.17130430481601044                                
parent#2: 0.23616354729068859                                0.40190498845266953                                0.49052421943408103                                0.4287665271597682                                 -0.004744255726600081                              0.598516421296422                                  
son     : -0.2434817393170196                                0.36334158948009004                                -0.25705822799890665                               0.5351808066612337                                 0.15253219172946605                                0.6579787489417416                                 
30  :
parent#1: -0.5210318498880145                                0.023196713829168145                               -0.7912767164555539                                0.19738329583682027                                0.18320357949891708                                0.17130430481601044                                
parent#2: -0.5210318498880145                                0.023196713829168145                               -0.7912767164555539                                0.19738329583682027                                0.18320357949891708                                0.17130430481601044                                
son     : -0.5210318498880145                                0.023196713829168145                               -0.7912767164555539                                0.19738329583682027                                0.18320357949891708                                0.17130430481601044                                
31  :
parent#1: -0.5210318498880145                                0.023196713829168145                               -0.7912767164555539                                0.19738329583682027                                0.18320357949891708                                0.17130430481601044                                
parent#2: 0.4975869182210506                                 0.07019683068566397                                0.07507069079489455                                -0.3180745730602988                                -0.6276183367518888                                -0.49675732959448554                               
son     : -0.025577265525017417                              0.10188775639488709                                -0.7813454928833383                                -0.13166823806307776                               -0.48483460779339566                               -0.35505321785214217                               
32  :
parent#1: -0.5210318498880145                                0.023196713829168145                               -0.7912767164555539                                0.19738329583682027                                0.18320357949891708                                0.17130430481601044                                
parent#2: 0.4816275896179255                                 0.49882829240834187                                -0.4296071925710571                                -0.29023558287852025                               -0.17765288764989823                               -0.46780938173986847                               
son     : -0.028883383329014207                              0.3826451317482115                                 -0.8949097814027113                                -0.06806086908416971                               0.004068665654869402                               -0.21733867701334433                               
33  :
parent#1: -0.5210318498880145                                0.023196713829168145                               -0.7912767164555539                                0.19738329583682027                                0.18320357949891708                                0.17130430481601044                                
parent#2: -0.3581008555946988                                0.4654970334283256                                 0.34144876988616896                                -0.3442335034067167                                -0.41362049791066025                               -0.4989092156650051                                
son     : -0.7440603318285474                                0.41360949203600866                                -0.3807151401635028                                -0.12428773664330103                               -0.19501502754150932                               -0.2772707887612057                                
34  :
parent#1: -0.5210318498880145                                0.023196713829168145                               -0.7912767164555539                                0.19738329583682027                                0.18320357949891708                                0.17130430481601044                                
parent#2: -0.03164101926782635                               -0.45335887343302383                               -0.5314678081475984                                -0.5798870353577714                                0.006683072627004188                               -0.41796280868787494                               
son     : -0.3507110907093337                                -0.27296914430950825                               -0.8393775067372834                                -0.2427264140769048                                0.12049687725750714                                -0.15652274202959177                               
35  :
parent#1: -0.5210318498880145                                0.023196713829168145                               -0.7912767164555539                                0.19738329583682027                                0.18320357949891708                                0.17130430481601044                                
parent#2: -0.38804648549447013                               0.3423684295318927                                 0.6370810150897349                                 -0.15918074184804815                               -0.42782166466600025                               0.3434554970219661                                 
son     : -0.7942312647371367                                0.31938201016891393                                -0.13471561486643233                               0.03337629067788234                                -0.21371462017966417                               0.4497283815234687                                 
36  :
parent#1: 0.4975869182210506                                 0.07019683068566397                                0.07507069079489455                                -0.3180745730602988                                -0.6276183367518888                                -0.49675732959448554                               
parent#2: 0.4975869182210506                                 0.07019683068566397                                0.07507069079489455                                -0.3180745730602988                                -0.6276183367518888                                -0.49675732959448554                               
son     : 0.4975869182210506                                 0.07019683068566397                                0.07507069079489455                                -0.3180745730602988                                -0.6276183367518888                                -0.49675732959448554                               
37  :
parent#1: 0.4975869182210506                                 0.07019683068566397                                0.07507069079489455                                -0.3180745730602988                                -0.6276183367518888                                -0.49675732959448554                               
parent#2: -0.4370595259190209                                0.08160633975993586                                0.5449039690966772                                 0.29415182682531626                                -0.5031556767537698                                -0.4070726081461381                                
son     : 0.03822582451223427                                0.0958706650519239                                 0.3915424347506977                                 -0.015108311537130105                              -0.7141356559286736                                -0.570810062600667                                 
38  :
parent#1: 0.4975869182210506                                 0.07019683068566397                                0.07507069079489455                                -0.3180745730602988                                -0.6276183367518888                                -0.49675732959448554                               
parent#2: 0.23616354729068859                                0.40190498845266953                                0.49052421943408103                                0.4287665271597682                                 -0.004744255726600081                              0.598516421296422                                  
son     : 0.598375661768539                                  0.3850004214334795                                 0.46124431207705446                                0.09026961398999352                                -0.5156935532409974                                0.0829848384431962                                 
39  :
parent#1: 0.4975869182210506                                 0.07019683068566397                                0.07507069079489455                                -0.3180745730602988                                -0.6276183367518888                                -0.49675732959448554                               
parent#2: -0.5210318498880145                                0.023196713829168145                               -0.7912767164555539                                0.19738329583682027                                0.18320357949891708                                0.17130430481601044                                
son     : -0.025577265525017417                              0.10188775639488709                                -0.7813454928833383                                -0.13166823806307776                               -0.48483460779339566                               -0.35505321785214217                               
40  :
parent#1: 0.4975869182210506                                 0.07019683068566397                                0.07507069079489455                                -0.3180745730602988                                -0.6276183367518888                                -0.49675732959448554                               
parent#2: 0.4975869182210506                                 0.07019683068566397                                0.07507069079489455                                -0.3180745730602988                                -0.6276183367518888                                -0.49675732959448554                               
son     : 0.4975869182210506                                 0.07019683068566397                                0.07507069079489455                                -0.3180745730602988                                -0.6276183367518888                                -0.49675732959448554                               
41  :
parent#1: 0.4975869182210506                                 0.07019683068566397                                0.07507069079489455                                -0.3180745730602988                                -0.6276183367518888                                -0.49675732959448554                               
parent#2: 0.4816275896179255                                 0.49882829240834187                                -0.4296071925710571                                -0.29023558287852025                               -0.17765288764989823                               -0.46780938173986847                               
son     : 0.5344249540243917                                 0.3105562905918924                                 -0.19349504336883425                               -0.33199684493811993                               -0.43949209660694627                               -0.5264306403057182                                
42  :
parent#1: 0.4975869182210506                                 0.07019683068566397                                0.07507069079489455                                -0.3180745730602988                                -0.6276183367518888                                -0.49675732959448554                               
parent#2: -0.3581008555946988                                0.4654970334283256                                 0.34144876988616896                                -0.3442335034067167                                -0.41362049791066025                               -0.4989092156650051                                
son     : 0.08061169147192096                                0.3095878375535985                                 0.2407146464978038                                 -0.3827606379752671                                -0.6017520468209321                                -0.5754149399884791                                
43  :
parent#1: 0.4975869182210506                                 0.07019683068566397                                0.07507069079489455                                -0.3180745730602988                                -0.6276183367518888                                -0.49675732959448554                               
parent#2: -0.03164101926782635                               -0.45335887343302383                               -0.5314678081475984                                -0.5798870353577714                                0.006683072627004188                               -0.41796280868787494                               
son     : 0.28892150888288964                                -0.23758929048612765                               -0.2830005459680675                                -0.5568037478297458                                -0.38502657461433565                               -0.5671952970330489                                
44  :
parent#1: 0.4975869182210506                                 0.07019683068566397                                0.07507069079489455                                -0.3180745730602988                                -0.6276183367518888                                -0.49675732959448554                               
parent#2: -0.38804648549447013                               0.3423684295318927                                 0.6370810150897349                                 -0.15918074184804815                               -0.42782166466600025                               0.3434554970219661                                 
son     : 0.0764207215857951                                 0.28782554625974616                                0.4968315889175074                                 -0.3329564676541724                                -0.7363261627804012                                -0.10695079774661032                               
45  :
parent#1: 0.4816275896179255                                 0.49882829240834187                                -0.4296071925710571                                -0.29023558287852025                               -0.17765288764989823                               -0.46780938173986847                               
parent#2: 0.4975869182210506                                 0.07019683068566397                                0.07507069079489455                                -0.3180745730602988                                -0.6276183367518888                                -0.49675732959448554                               
son     : 0.5344249540243917                                 0.3105562905918924                                 -0.19349504336883425                               -0.33199684493811993                               -0.43949209660694627                               -0.5264306403057182                                
46  :
parent#1: 0.4816275896179255                                 0.49882829240834187                                -0.4296071925710571                                -0.29023558287852025                               -0.17765288764989823                               -0.46780938173986847                               
parent#2: -0.4370595259190209                                0.08160633975993586                                0.5449039690966772                                 0.29415182682531626                                -0.5031556767537698                                -0.4070726081461381                                
son     : 0.03544390822335891                                0.461605690819751                                  0.0916927509624709                                 0.003114494539594156                               -0.5414306629388844                                -0.6957725865158325                                
47  :
parent#1: 0.4816275896179255                                 0.49882829240834187                                -0.4296071925710571                                -0.29023558287852025                               -0.17765288764989823                               -0.46780938173986847                               
parent#2: 0.23616354729068859                                0.40190498845266953                                0.49052421943408103                                0.4287665271597682                                 -0.004744255726600081                              0.598516421296422                                  
son     : 0.6066877183418897                                 0.7613131326108096                                 0.051487974893182416                               0.11708840940514151                                -0.15416477169633092                               0.1104755290533554                                 
48  :
parent#1: 0.4816275896179255                                 0.49882829240834187                                -0.4296071925710571                                -0.29023558287852025                               -0.17765288764989823                               -0.46780938173986847                               
parent#2: -0.5210318498880145                                0.023196713829168145                               -0.7912767164555539                                0.19738329583682027                                0.18320357949891708                                0.17130430481601044                                
son     : -0.028883383329014207                              0.3826451317482115                                 -0.8949097814027113                                -0.06806086908416971                               0.004068665654869402                               -0.21733867701334433                               
49  :
parent#1: 0.4816275896179255                                 0.49882829240834187                                -0.4296071925710571                                -0.29023558287852025                               -0.17765288764989823                               -0.46780938173986847                               
parent#2: 0.4975869182210506                                 0.07019683068566397                                0.07507069079489455                                -0.3180745730602988                                -0.6276183367518888                                -0.49675732959448554                               
son     : 0.5344249540243917                                 0.3105562905918924                                 -0.19349504336883425                               -0.33199684493811993                               -0.43949209660694627                               -0.5264306403057182                                
50  :
parent#1: 0.4816275896179255                                 0.49882829240834187                                -0.4296071925710571                                -0.29023558287852025                               -0.17765288764989823                               -0.46780938173986847                               
parent#2: 0.4816275896179255                                 0.49882829240834187                                -0.4296071925710571                                -0.29023558287852025                               -0.17765288764989823                               -0.46780938173986847                               
son     : 0.4816275896179255                                 0.49882829240834187                                -0.4296071925710571                                -0.29023558287852025                               -0.17765288764989823                               -0.46780938173986847                               
51  :
parent#1: 0.4816275896179255                                 0.49882829240834187                                -0.4296071925710571                                -0.29023558287852025                               -0.17765288764989823                               -0.46780938173986847                               
parent#2: -0.49034108013774                                  -0.32259605503881666                               0.5574071646948214                                 0.5457333144524783                                 0.15186069644444752                                -0.15462257765846132                               
son     : -0.012312491427524178                              0.2490228120328379                                 0.18058619076172164                                0.3610279511525993                                 -0.036445340979258486                              -0.8795198832065925                                
52  :
parent#1: 0.4816275896179255                                 0.49882829240834187                                -0.4296071925710571                                -0.29023558287852025                               -0.17765288764989823                               -0.46780938173986847                               
parent#2: -0.3581008555946988                                0.4654970334283256                                 0.34144876988616896                                -0.3442335034067167                                -0.41362049791066025                               -0.4989092156650051                                
son     : 0.07603042920110241                                0.5935400866266631                                 -0.05426131247964459                               -0.3905143070975023                                -0.3639274496717879                                -0.5950131399374653                                
53  :
parent#1: 0.4816275896179255                                 0.49882829240834187                                -0.4296071925710571                                -0.29023558287852025                               -0.17765288764989823                               -0.46780938173986847                               
parent#2: -0.03164101926782635                               -0.45335887343302383                               -0.5314678081475984                                -0.5798870353577714                                0.006683072627004188                               -0.41796280868787494                               
son     : 0.2738958692676754                                 0.027676128257897736                               -0.5849829530433894                                -0.5296224523009084                                -0.1040651636954323                                -0.5391479658639243                                
54  :
parent#1: -0.49034108013774                                  -0.32259605503881666                               0.5574071646948214                                 0.5457333144524783                                 0.15186069644444752                                -0.15462257765846132                               
parent#2: 0.4975869182210506                                 0.07019683068566397                                0.07507069079489455                                -0.3180745730602988                                -0.6276183367518888                                -0.49675732959448554                               
son     : 0.006709524303384074                               -0.233717440340459                                 0.5856638657900564                                 0.21080816886688694                                -0.44054358011612904                               -0.6031668480856912                                
55  :
parent#1: -0.49034108013774                                  -0.32259605503881666                               0.5574071646948214                                 0.5457333144524783                                 0.15186069644444752                                -0.15462257765846132                               
parent#2: -0.4370595259190209                                0.08160633975993586                                0.5449039690966772                                 0.29415182682531626                                -0.5031556767537698                                -0.4070726081461381                                
son     : -0.5122623260105368                                -0.1331139437338483                                0.6088765326392127                                 0.4639219699046851                                 -0.194042555669912                                 -0.31025996803324724                               
56  :
parent#1: -0.49034108013774                                  -0.32259605503881666                               0.5574071646948214                                 0.5457333144524783                                 0.15186069644444752                                -0.15462257765846132                               
parent#2: 0.23616354729068859                                0.40190498845266953                                0.49052421943408103                                0.4287665271597682                                 -0.004744255726600081                              0.598516421296422                                  
son     : -0.16625375136621165                               0.05187479612857956                                0.6854363634517338                                 0.6374058814683096                                 0.0962266801594331                                 0.2903443742118045                                 
57  :
parent#1: -0.49034108013774                                  -0.32259605503881666                               0.5574071646948214                                 0.5457333144524783                                 0.15186069644444752                                -0.15462257765846132                               
parent#2: -0.5210318498880145                                0.023196713829168145                               -0.7912767164555539                                0.19738329583682027                                0.18320357949891708                                0.17130430481601044                                
son     : -0.7472245043778063                                -0.22120280037624138                               -0.1727879545866656                                0.5490308513637957                                 0.24755283643998022                                0.012324825924644841                               
58  :
parent#1: -0.49034108013774                                  -0.32259605503881666                               0.5574071646948214                                 0.5457333144524783                                 0.15186069644444752                                -0.15462257765846132                               
parent#2: 0.4975869182210506                                 0.07019683068566397                                0.07507069079489455                                -0.3180745730602988                                -0.6276183367518888                                -0.49675732959448554                               
son     : 0.006709524303384074                               -0.233717440340459                                 0.5856638657900564                                 0.21080816886688694                                -0.44054358011612904                               -0.6031668480856912                                
59  :
parent#1: -0.49034108013774                                  -0.32259605503881666                               0.5574071646948214                                 0.5457333144524783                                 0.15186069644444752                                -0.15462257765846132                               
parent#2: 0.4816275896179255                                 0.49882829240834187                                -0.4296071925710571                                -0.29023558287852025                               -0.17765288764989823                               -0.46780938173986847                               
son     : -0.012312491427524178                              0.2490228120328379                                 0.18058619076172164                                0.3610279511525993                                 -0.036445340979258486                              -0.8795198832065925                                
60  :
parent#1: -0.49034108013774                                  -0.32259605503881666                               0.5574071646948214                                 0.5457333144524783                                 0.15186069644444752                                -0.15462257765846132                               
parent#2: -0.49034108013774                                  -0.32259605503881666                               0.5574071646948214                                 0.5457333144524783                                 0.15186069644444752                                -0.15462257765846132                               
son     : -0.4903410801377401                                -0.3225960550388167                                0.5574071646948215                                 0.5457333144524784                                 0.15186069644444755                                -0.15462257765846135                               
61  :
parent#1: -0.49034108013774                                  -0.32259605503881666                               0.5574071646948214                                 0.5457333144524783                                 0.15186069644444752                                -0.15462257765846132                               
parent#2: -0.3581008555946988                                0.4654970334283256                                 0.34144876988616896                                -0.3442335034067167                                -0.41362049791066025                               -0.4989092156650051                                
son     : -0.5876616731888115                                0.09897840326362627                                0.622580238228743                                  0.13956608121233186                                -0.18130433730908327                               -0.4526598356020759                                
62  :
parent#1: -0.49034108013774                                  -0.32259605503881666                               0.5574071646948214                                 0.5457333144524783                                 0.15186069644444752                                -0.15462257765846132                               
parent#2: -0.38804648549447013                               0.3423684295318927                                 0.6370810150897349                                 -0.15918074184804815                               -0.42782166466600025                               0.3434554970219661                                 
son     : -0.560040265911262                                 0.012606423749668475                               0.7615789476174156                                 0.24645727469315284                                -0.17594654122032397                               0.12039564596639268                                
63  :
parent#1: -0.3581008555946988                                0.4654970334283256                                 0.34144876988616896                                -0.3442335034067167                                -0.41362049791066025                               -0.4989092156650051                                
parent#2: 0.4975869182210506                                 0.07019683068566397                                0.07507069079489455                                -0.3180745730602988                                -0.6276183367518888                                -0.49675732959448554                               
son     : 0.08061169147192096                                0.3095878375535985                                 0.2407146464978038                                 -0.3827606379752671                                -0.6017520468209321                                -0.5754149399884791                                
64  :
parent#1: -0.3581008555946988                                0.4654970334283256                                 0.34144876988616896                                -0.3442335034067167                                -0.41362049791066025                               -0.4989092156650051                                
parent#2: -0.4370595259190209                                0.08160633975993586                                0.5449039690966772                                 0.29415182682531626                                -0.5031556767537698                                -0.4070726081461381                                
son     : -0.4324454244480479                                0.2975404156642761                                 0.48204009572314593                                -0.02723675926243302                               -0.49858578369045253                               -0.49271531058224194                               
65  :
parent#1: -0.3581008555946988                                0.4654970334283256                                 0.34144876988616896                                -0.3442335034067167                                -0.41362049791066025                               -0.4989092156650051                                
parent#2: -0.5210318498880145                                0.023196713829168145                               -0.7912767164555539                                0.19738329583682027                                0.18320357949891708                                0.17130430481601044                                
son     : -0.7440603318285474                                0.41360949203600866                                -0.3807151401635028                                -0.12428773664330103                               -0.19501502754150932                               -0.2772707887612057                                
66  :
parent#1: -0.3581008555946988                                0.4654970334283256                                 0.34144876988616896                                -0.3442335034067167                                -0.41362049791066025                               -0.4989092156650051                                
parent#2: 0.4975869182210506                                 0.07019683068566397                                0.07507069079489455                                -0.3180745730602988                                -0.6276183367518888                                -0.49675732959448554                               
son     : 0.08061169147192096                                0.3095878375535985                                 0.2407146464978038                                 -0.3827606379752671                                -0.6017520468209321                                -0.5754149399884791                                
67  :
parent#1: -0.3581008555946988                                0.4654970334283256                                 0.34144876988616896                                -0.3442335034067167                                -0.41362049791066025                               -0.4989092156650051                                
parent#2: 0.4816275896179255                                 0.49882829240834187                                -0.4296071925710571                                -0.29023558287852025                               -0.17765288764989823                               -0.46780938173986847                               
son     : 0.07603042920110241                                0.5935400866266631                                 -0.05426131247964459                               -0.3905143070975023                                -0.3639274496717879                                -0.5950131399374653                                
68  :
parent#1: -0.3581008555946988                                0.4654970334283256                                 0.34144876988616896                                -0.3442335034067167                                -0.41362049791066025                               -0.4989092156650051                                
parent#2: -0.49034108013774                                  -0.32259605503881666                               0.5574071646948214                                 0.5457333144524783                                 0.15186069644444752                                -0.15462257765846132                               
son     : -0.5876616731888115                                0.09897840326362627                                0.622580238228743                                  0.13956608121233186                                -0.18130433730908327                               -0.4526598356020759                                
69  :
parent#1: -0.3581008555946988                                0.4654970334283256                                 0.34144876988616896                                -0.3442335034067167                                -0.41362049791066025                               -0.4989092156650051                                
parent#2: -0.3581008555946988                                0.4654970334283256                                 0.34144876988616896                                -0.3442335034067167                                -0.41362049791066025                               -0.4989092156650051                                
son     : -0.3581008555946988                                0.4654970334283256                                 0.34144876988616896                                -0.3442335034067167                                -0.41362049791066025                               -0.4989092156650051                                
70  :
parent#1: -0.3581008555946988                                0.4654970334283256                                 0.34144876988616896                                -0.3442335034067167                                -0.41362049791066025                               -0.4989092156650051                                
parent#2: -0.03164101926782635                               -0.45335887343302383                               -0.5314678081475984                                -0.5798870353577714                                0.006683072627004188                               -0.41796280868787494                               
son     : -0.27231352695134153                               0.008480959763910978                               -0.1327667305832196                                -0.6456851046039053                                -0.2843280968117125                                -0.6406205512369393                                
71  :
parent#1: -0.3581008555946988                                0.4654970334283256                                 0.34144876988616896                                -0.3442335034067167                                -0.41362049791066025                               -0.4989092156650051                                
parent#2: -0.38804648549447013                               0.3423684295318927                                 0.6370810150897349                                 -0.15918074184804815                               -0.42782166466600025                               0.3434554970219661                                 
son     : -0.4202383599245163                                0.45499868256381076                                0.5511186991235566                                 -0.2835284201102831                                -0.4739094477725895                                -0.08755323803922917                               
72  :
parent#1: -0.03164101926782635                               -0.45335887343302383                               -0.5314678081475984                                -0.5798870353577714                                0.006683072627004188                               -0.41796280868787494                               
parent#2: 0.4975869182210506                                 0.07019683068566397                                0.07507069079489455                                -0.3180745730602988                                -0.6276183367518888                                -0.49675732959448554                               
son     : 0.28892150888288964                                -0.23758929048612765                               -0.2830005459680675                                -0.5568037478297458                                -0.38502657461433565                               -0.5671952970330489                                
73  :
parent#1: -0.03164101926782635                               -0.45335887343302383                               -0.5314678081475984                                -0.5798870353577714                                0.006683072627004188                               -0.41796280868787494                               
parent#2: -0.4370595259190209                                0.08160633975993586                                0.5449039690966772                                 0.29415182682531626                                -0.5031556767537698                                -0.4070726081461381                                
son     : -0.4008955665255517                                -0.3179726247913143                                0.011492406848944646                               -0.2443990720242281                                -0.42464995601076366                               -0.7056809389958396                                
74  :
parent#1: -0.03164101926782635                               -0.45335887343302383                               -0.5314678081475984                                -0.5798870353577714                                0.006683072627004188                               -0.41796280868787494                               
parent#2: 0.23616354729068859                                0.40190498845266953                                0.49052421943408103                                0.4287665271597682                                 -0.004744255726600081                              0.598516421296422                                  
son     : 0.6416628110751923                                 -0.161429866902208                                 -0.12845518038230638                               -0.47412092466705147                               0.006082785669138242                               0.5664634587502799                                 
75  :
parent#1: -0.03164101926782635                               -0.45335887343302383                               -0.5314678081475984                                -0.5798870353577714                                0.006683072627004188                               -0.41796280868787494                               
parent#2: -0.5210318498880145                                0.023196713829168145                               -0.7912767164555539                                0.19738329583682027                                0.18320357949891708                                0.17130430481601044                                
son     : -0.3507110907093337                                -0.27296914430950825                               -0.8393775067372834                                -0.2427264140769048                                0.12049687725750714                                -0.15652274202959177                               
76  :
parent#1: -0.03164101926782635                               -0.45335887343302383                               -0.5314678081475984                                -0.5798870353577714                                0.006683072627004188                               -0.41796280868787494                               
parent#2: 0.4975869182210506                                 0.07019683068566397                                0.07507069079489455                                -0.3180745730602988                                -0.6276183367518888                                -0.49675732959448554                               
son     : 0.28892150888288964                                -0.23758929048612765                               -0.2830005459680675                                -0.5568037478297458                                -0.38502657461433565                               -0.5671952970330489                                
77  :
parent#1: -0.03164101926782635                               -0.45335887343302383                               -0.5314678081475984                                -0.5798870353577714                                0.006683072627004188                               -0.41796280868787494                               
parent#2: 0.4816275896179255                                 0.49882829240834187                                -0.4296071925710571                                -0.29023558287852025                               -0.17765288764989823                               -0.46780938173986847                               
son     : 0.2738958692676754                                 0.027676128257897736                               -0.5849829530433894                                -0.5296224523009084                                -0.1040651636954323                                -0.5391479658639243                                
78  :
parent#1: -0.03164101926782635                               -0.45335887343302383                               -0.5314678081475984                                -0.5798870353577714                                0.006683072627004188                               -0.41796280868787494                               
parent#2: -0.49034108013774                                  -0.32259605503881666                               0.5574071646948214                                 0.5457333144524783                                 0.15186069644444752                                -0.15462257765846132                               
son     : -0.47077008380179214                               -0.6998254674233116                                0.023394428792495335                               -0.030802876326675045                              0.14298893302474688                                -0.516408648152718                                 
79  :
parent#1: -0.03164101926782635                               -0.45335887343302383                               -0.5314678081475984                                -0.5798870353577714                                0.006683072627004188                               -0.41796280868787494                               
parent#2: -0.3581008555946988                                0.4654970334283256                                 0.34144876988616896                                -0.3442335034067167                                -0.41362049791066025                               -0.4989092156650051                                
son     : -0.27231352695134153                               0.008480959763910978                               -0.1327667305832196                                -0.6456851046039053                                -0.2843280968117125                                -0.6406205512369393                                
80  :
parent#1: -0.03164101926782635                               -0.45335887343302383                               -0.5314678081475984                                -0.5798870353577714                                0.006683072627004188                               -0.41796280868787494                               
parent#2: -0.03164101926782635                               -0.45335887343302383                               -0.5314678081475984                                -0.5798870353577714                                0.006683072627004188                               -0.41796280868787494                               
son     : -0.03164101926782635                               -0.45335887343302383                               -0.5314678081475984                                -0.5798870353577714                                0.006683072627004188                               -0.41796280868787494                               
81  :
parent#1: -0.03164101926782635                               -0.45335887343302383                               -0.5314678081475984                                -0.5798870353577714                                0.006683072627004188                               -0.41796280868787494                               
parent#2: -0.38804648549447013                               0.3423684295318927                                 0.6370810150897349                                 -0.15918074184804815                               -0.42782166466600025                               0.3434554970219661                                 
son     : -0.43549057703196165                               -0.11516972011571656                               0.10959000663952796                                -0.7668969152259745                                -0.43699630409860746                               -0.07731283820056635                               
82  :
parent#1: -0.38804648549447013                               0.3423684295318927                                 0.6370810150897349                                 -0.15918074184804815                               -0.42782166466600025                               0.3434554970219661                                 
parent#2: 0.4975869182210506                                 0.07019683068566397                                0.07507069079489455                                -0.3180745730602988                                -0.6276183367518888                                -0.49675732959448554                               
son     : 0.0764207215857951                                 0.28782554625974616                                0.4968315889175074                                 -0.3329564676541724                                -0.7363261627804012                                -0.10695079774661032                               
83  :
parent#1: -0.38804648549447013                               0.3423684295318927                                 0.6370810150897349                                 -0.15918074184804815                               -0.42782166466600025                               0.3434554970219661                                 
parent#2: -0.4370595259190209                                0.08160633975993586                                0.5449039690966772                                 0.29415182682531626                                -0.5031556767537698                                -0.4070726081461381                                
son     : -0.46514373461374414                               0.23901075115494813                                0.6663300257138879                                 0.07608834945178172                                -0.5248274420967164                                -0.03586339239359358                               
84  :
parent#1: -0.38804648549447013                               0.3423684295318927                                 0.6370810150897349                                 -0.15918074184804815                               -0.42782166466600025                               0.3434554970219661                                 
parent#2: 0.23616354729068859                                0.40190498845266953                                0.49052421943408103                                0.4287665271597682                                 -0.004744255726600081                              0.598516421296422                                  
son     : -0.08775394718757847                               0.4300215085864703                                 0.651500500115926                                  0.15575954117391136                                -0.24992515540059138                               0.5442464765949314                                 
85  :
parent#1: -0.38804648549447013                               0.3423684295318927                                 0.6370810150897349                                 -0.15918074184804815                               -0.42782166466600025                               0.3434554970219661                                 
parent#2: -0.5210318498880145                                0.023196713829168145                               -0.7912767164555539                                0.19738329583682027                                0.18320357949891708                                0.17130430481601044                                
son     : -0.7942312647371367                                0.31938201016891393                                -0.13471561486643233                               0.03337629067788234                                -0.21371462017966417                               0.4497283815234687                                 
86  :
parent#1: -0.38804648549447013                               0.3423684295318927                                 0.6370810150897349                                 -0.15918074184804815                               -0.42782166466600025                               0.3434554970219661                                 
parent#2: 0.4975869182210506                                 0.07019683068566397                                0.07507069079489455                                -0.3180745730602988                                -0.6276183367518888                                -0.49675732959448554                               
son     : 0.0764207215857951                                 0.28782554625974616                                0.4968315889175074                                 -0.3329564676541724                                -0.7363261627804012                                -0.10695079774661032                               
87  :
parent#1: -0.38804648549447013                               0.3423684295318927                                 0.6370810150897349                                 -0.15918074184804815                               -0.42782166466600025                               0.3434554970219661                                 
parent#2: 0.4816275896179255                                 0.49882829240834187                                -0.4296071925710571                                -0.29023558287852025                               -0.17765288764989823                               -0.46780938173986847                               
son     : 0.08073780006648998                                0.725748786453725                                  0.17899959781886063                                -0.3877373077851503                                -0.5223777151179815                                -0.10728724752595521                               
88  :
parent#1: -0.38804648549447013                               0.3423684295318927                                 0.6370810150897349                                 -0.15918074184804815                               -0.42782166466600025                               0.3434554970219661                                 
parent#2: -0.49034108013774                                  -0.32259605503881666                               0.5574071646948214                                 0.5457333144524783                                 0.15186069644444752                                -0.15462257765846132                               
son     : -0.560040265911262                                 0.012606423749668475                               0.7615789476174156                                 0.24645727469315284                                -0.17594654122032397                               0.12039564596639268                                
89  :
parent#1: -0.38804648549447013                               0.3423684295318927                                 0.6370810150897349                                 -0.15918074184804815                               -0.42782166466600025                               0.3434554970219661                                 
parent#2: -0.3581008555946988                                0.4654970334283256                                 0.34144876988616896                                -0.3442335034067167                                -0.41362049791066025                               -0.4989092156650051                                
son     : -0.4202383599245163                                0.45499868256381076                                0.5511186991235566                                 -0.2835284201102831                                -0.4739094477725895                                -0.08755323803922917                               
90  :
parent#1: -0.38804648549447013                               0.3423684295318927                                 0.6370810150897349                                 -0.15918074184804815                               -0.42782166466600025                               0.3434554970219661                                 
parent#2: -0.03164101926782635                               -0.45335887343302383                               -0.5314678081475984                                -0.5798870353577714                                0.006683072627004188                               -0.41796280868787494                               
son     : -0.43549057703196165                               -0.11516972011571656                               0.10959000663952796                                -0.7668969152259745                                -0.43699630409860746                               -0.07731283820056635                               
91  :
parent#1: -0.38804648549447013                               0.3423684295318927                                 0.6370810150897349                                 -0.15918074184804815                               -0.42782166466600025                               0.3434554970219661                                 
parent#2: -0.38804648549447013                               0.3423684295318927                                 0.6370810150897349                                 -0.15918074184804815                               -0.42782166466600025                               0.3434554970219661                                 
son     : -0.38804648549447013                               0.3423684295318927                                 0.6370810150897349                                 -0.15918074184804815                               -0.42782166466600025                               0.3434554970219661                                 

0   :
parent#1: -0.4370595259190209                                0.08160633975993586                                0.5449039690966772                                 0.29415182682531626                                -0.5031556767537698                                -0.4070726081461381                                
parent#2: -0.4370595259190209                                0.08160633975993586                                0.5449039690966772                                 0.29415182682531626                                -0.5031556767537698                                -0.4070726081461381                                
son:      -0.4370595259190209                                0.08160633975993586                                0.5449039690966772                                 0.29415182682531626                                -0.5031556767537698                                -0.4070726081461381                                
mutated:  -0.4370595259190209                                0.08160633975993586                                0.5449039690966772                                 0.29415182682531626                                -0.5031556767537698                                -0.4070726081461381                                
1   :
parent#1: -0.4370595259190209                                0.08160633975993586                                0.5449039690966772                                 0.29415182682531626                                -0.5031556767537698                                -0.4070726081461381                                
parent#2: -0.38804648549447013                               0.3423684295318927                                 0.6370810150897349                                 -0.15918074184804815                               -0.42782166466600025                               0.3434554970219661                                 
son:      -0.46514373461374414                               0.23901075115494813                                0.6663300257138879                                 0.07608834945178172                                -0.5248274420967164                                -0.03586339239359358                               
mutated:  -0.46514373461374414                               0.23901075115494813                                0.6663300257138879                                 0.07608834945178172                                -0.5248274420967164                                -0.03586339239359358                               
2   :
parent#1: 0.23616354729068859                                0.40190498845266953                                0.49052421943408103                                0.4287665271597682                                 -0.004744255726600081                              0.598516421296422                                  
parent#2: -0.3581008555946988                                0.4654970334283256                                 0.34144876988616896                                -0.3442335034067167                                -0.41362049791066025                               -0.4989092156650051                                
son:      -0.09488406918953433                               0.6749585881796244                                 0.6473899069977269                                 0.06577836911560975                                -0.3255455674944958                                0.07750816482962099                                
mutated:  -0.09488406918953433                               0.6749585881796244                                 0.6473899069977269                                 0.06577836911560975                                -0.3255455674944958                                0.07750816482962099                                
3   :
parent#1: -0.5210318498880145                                0.023196713829168145                               -0.7912767164555539                                0.19738329583682027                                0.18320357949891708                                0.17130430481601044                                
parent#2: -0.49034108013774                                  -0.32259605503881666                               0.5574071646948214                                 0.5457333144524783                                 0.15186069644444752                                -0.15462257765846132                               
son:      -0.7472245043778063                                -0.22120280037624138                               -0.1727879545866656                                0.5490308513637957                                 0.24755283643998022                                0.012324825924644841                               
mutated:  -0.7472245043778063                                -0.22120280037624138                               -0.1727879545866656                                0.5490308513637957                                 0.24755283643998022                                0.012324825924644841                               
4   :
parent#1: 0.4975869182210506                                 0.07019683068566397                                0.07507069079489455                                -0.3180745730602988                                -0.6276183367518888                                -0.49675732959448554                               
parent#2: -0.49034108013774                                  -0.32259605503881666                               0.5574071646948214                                 0.5457333144524783                                 0.15186069644444752                                -0.15462257765846132                               
son:      0.006709524303384074                               -0.233717440340459                                 0.5856638657900564                                 0.21080816886688694                                -0.44054358011612904                               -0.6031668480856912                                
mutated:  0.006709524303384074                               -0.233717440340459                                 0.5856638657900564                                 0.21080816886688694                                -0.44054358011612904                               -0.6031668480856912                                
5   :
parent#1: 0.4816275896179255                                 0.49882829240834187                                -0.4296071925710571                                -0.29023558287852025                               -0.17765288764989823                               -0.46780938173986847                               
parent#2: -0.38804648549447013                               0.3423684295318927                                 0.6370810150897349                                 -0.15918074184804815                               -0.42782166466600025                               0.3434554970219661                                 
son:      0.08073780006648998                                0.725748786453725                                  0.17899959781886063                                -0.3877373077851503                                -0.5223777151179815                                -0.10728724752595521                               
mutated:  0.08073780006648998                                0.725748786453725                                  0.17899959781886063                                -0.3877373077851503                                -0.5223777151179815                                -0.10728724752595521                               
6   :
parent#1: -0.49034108013774                                  -0.32259605503881666                               0.5574071646948214                                 0.5457333144524783                                 0.15186069644444752                                -0.15462257765846132                               
parent#2: -0.03164101926782635                               -0.45335887343302383                               -0.5314678081475984                                -0.5798870353577714                                0.006683072627004188                               -0.41796280868787494                               
son:      -0.47077008380179214                               -0.6998254674233116                                0.023394428792495335                               -0.030802876326675045                              0.14298893302474688                                -0.516408648152718                                 
mutated:  -0.47077008380179214                               -0.6998254674233116                                0.023394428792495335                               -0.030802876326675045                              0.14298893302474688                                -0.516408648152718                                 
7   :
parent#1: -0.3581008555946988                                0.4654970334283256                                 0.34144876988616896                                -0.3442335034067167                                -0.41362049791066025                               -0.4989092156650051                                
parent#2: 0.23616354729068859                                0.40190498845266953                                0.49052421943408103                                0.4287665271597682                                 -0.004744255726600081                              0.598516421296422                                  
son:      -0.09488406918953433                               0.6749585881796244                                 0.6473899069977269                                 0.06577836911560975                                -0.3255455674944958                                0.07750816482962099                                
mutated:  -0.09488406918953433                               0.6749585881796244                                 0.6473899069977269                                 0.06577836911560975                                -0.3255455674944958                                0.07750816482962099                                

