0   :
parent#1: 0.579928673469045                                  0.23071156114819755                                0.18942949758143685                                0.48280979816853553                                -0.2153851884937851                                0.5432083339355116                                 
parent#2: 0.579928673469045                                  0.23071156114819755                                0.18942949758143685                                0.48280979816853553                                -0.2153851884937851                                0.5432083339355116                                 
son     : 0.579928673469045                                  0.23071156114819755                                0.18942949758143685                                0.48280979816853553                                -0.2153851884937851                                0.5432083339355116                                 
1   :
parent#1: 0.579928673469045                                  0.23071156114819755                                0.18942949758143685                                0.48280979816853553                                -0.2153851884937851                                0.5432083339355116                                 
parent#2: 0.36926324609991484                                0.324899404720046                                  -0.5749329227476623                                0.4823941444187145                                 -0.11740575138700562                               0.4254984667480403                                 
son     : 0.519449129021982                                  0.3040603552824001                                 -0.21096831347713374                               0.5282117735823233                                 -0.1821211920408942                                0.5301287268872333                                 
2   :
parent#1: 0.579928673469045                                  0.23071156114819755                                0.18942949758143685                                0.48280979816853553                                -0.2153851884937851                                0.5432083339355116                                 
parent#2: -0.4776766193153375                                -0.345043090645962                                 0.10146980248249862                                -0.5921173730815134                                -0.12377596198103001                               -0.5258808989417985                                
son     : 0.21073794886194364                                -0.2356333299709469                                0.5995334013407307                                 -0.22527913324466917                               -0.6989994066747854                                0.035711244530351315                               
3   :
parent#1: 0.579928673469045                                  0.23071156114819755                                0.18942949758143685                                0.48280979816853553                                -0.2153851884937851                                0.5432083339355116                                 
parent#2: 7.947666652668812E-4                               -0.6218295008677601                                -0.02274557528876888                               -0.6604072831090612                                -0.40472928371952654                               0.11343062336807667                                
son     : 0.5446980082856723                                 -0.36685476777167525                               8.741476923889549E-4                               -0.16658014751613143                               -0.4020374634478527                                0.6159040732423713                                 
4   :
parent#1: 0.579928673469045                                  0.23071156114819755                                0.18942949758143685                                0.48280979816853553                                -0.2153851884937851                                0.5432083339355116                                 
parent#2: -0.6084390918268747                                -0.07209078696254029                               0.42929770102161235                                -0.09394955590884492                               -0.21875581426138294                               0.6193768227347047                                 
son     : -0.191869368515412                                 0.10038987774618144                                0.39158772326565705                                0.24610668042200673                                -0.44475810696714996                               0.7357912754293031                                 
5   :
parent#1: 0.579928673469045                                  0.23071156114819755                                0.18942949758143685                                0.48280979816853553                                -0.2153851884937851                                0.5432083339355116                                 
parent#2: 0.49074531506549035                                -0.4601237602946077                                0.337391303423094                                  0.4698898758384546                                 -0.43895479156661493                               -0.14193119767450682                               
son     : 0.620919678090508                                  -0.133043812000136                                 0.3055210135616043                                 0.552502424861395                                  -0.37947365316771936                               0.2327140408195572                                 
6   :
parent#1: 0.579928673469045                                  0.23071156114819755                                0.18942949758143685                                0.48280979816853553                                -0.2153851884937851                                0.5432083339355116                                 
parent#2: -0.18628923436773914                               -0.5349839341810874                                0.5639996316837269                                 -0.4851295709639006                                0.34055424095676134                                0.09831091053476099                                
son     : 0.3525053057170326                                 -0.27247682834341785                               0.6746980591022115                                 -0.06070307240864028                               0.11208926424015514                                0.5744824195249267                                 
7   :
parent#1: 0.579928673469045                                  0.23071156114819755                                0.18942949758143685                                0.48280979816853553                                -0.2153851884937851                                0.5432083339355116                                 
parent#2: 0.23616354729068859                                0.40190498845266953                                0.49052421943408103                                0.4287665271597682                                 -0.004744255726600081                              0.598516421296422                                  
son     : 0.4236077127462205                                 0.3283712830546952                                 0.35294251251420106                                0.47317049757739865                                -0.11426224635187092                               0.5926332831592176                                 
8   :
parent#1: 0.579928673469045                                  0.23071156114819755                                0.18942949758143685                                0.48280979816853553                                -0.2153851884937851                                0.5432083339355116                                 
parent#2: 0.5224012403414076                                 0.20034864964448074                                0.39302584043232586                                -0.5016109326098382                                -0.2703699013472565                                0.4558230360124629                                 
son     : 0.639144768174193                                  0.24993413953889987                                0.3377149411647379                                 -0.010901134554500114                              -0.2816469193081086                                0.5792509713693028                                 
9   :
parent#1: 0.579928673469045                                  0.23071156114819755                                0.18942949758143685                                0.48280979816853553                                -0.2153851884937851                                0.5432083339355116                                 
parent#2: -0.0639877418325946                                0.5849509476258753                                 -0.31056907123490957                               -0.11272400071590796                               -0.2964314348061847                                -0.6758006465522123                                
son     : 0.38019850268508737                                0.7240219695773158                                 -0.055425244608069336                              0.32850626956848583                                -0.45431348833356394                               -0.11769542709010966                               
10  :
parent#1: 0.36926324609991484                                0.324899404720046                                  -0.5749329227476623                                0.4823941444187145                                 -0.11740575138700562                               0.4254984667480403                                 
parent#2: 0.579928673469045                                  0.23071156114819755                                0.18942949758143685                                0.48280979816853553                                -0.2153851884937851                                0.5432083339355116                                 
son     : 0.519449129021982                                  0.3040603552824001                                 -0.21096831347713374                               0.5282117735823233                                 -0.1821211920408942                                0.5301287268872333                                 
11  :
parent#1: 0.36926324609991484                                0.324899404720046                                  -0.5749329227476623                                0.4823941444187145                                 -0.11740575138700562                               0.4254984667480403                                 
parent#2: 0.36926324609991484                                0.324899404720046                                  -0.5749329227476623                                0.4823941444187145                                 -0.11740575138700562                               0.4254984667480403                                 
son     : 0.36926324609991484                                0.324899404720046                                  -0.5749329227476623                                0.4823941444187145                                 -0.11740575138700562                               0.4254984667480403                                 
12  :
parent#1: 0.36926324609991484                                0.324899404720046                                  -0.5749329227476623                                0.4823941444187145                                 -0.11740575138700562                               0.4254984667480403                                 
parent#2: -0.4776766193153375                                -0.345043090645962                                 0.10146980248249862                                -0.5921173730815134                                -0.12377596198103001                               -0.5258808989417985                                
son     : -0.19267255786842455                               -0.0357994164108556                                -0.8414400154913486                                -0.195000436726897                                 -0.42862883284124237                               -0.1783999464475077                                
13  :
parent#1: 0.36926324609991484                                0.324899404720046                                  -0.5749329227476623                                0.4823941444187145                                 -0.11740575138700562                               0.4254984667480403                                 
parent#2: 7.947666652668812E-4                               -0.6218295008677601                                -0.02274557528876888                               -0.6604072831090612                                -0.40472928371952654                               0.11343062336807667                                
son     : 0.34108710597517333                                -0.27368418917663                                  -0.5508877585855521                                -0.16407693984990337                               -0.48125840249199203                               0.4967376933685876                                 
14  :
parent#1: 0.36926324609991484                                0.324899404720046                                  -0.5749329227476623                                0.4823941444187145                                 -0.11740575138700562                               0.4254984667480403                                 
parent#2: -0.6084390918268747                                -0.07209078696254029                               0.42929770102161235                                -0.09394955590884492                               -0.21875581426138294                               0.6193768227347047                                 
son     : -0.19541755545531134                               0.2065561508941254                                 -0.11899060681230383                               0.3173769144025508                                 -0.27465930431800906                               0.8537106838935404                                 
15  :
parent#1: 0.36926324609991484                                0.324899404720046                                  -0.5749329227476623                                0.4823941444187145                                 -0.11740575138700562                               0.4254984667480403                                 
parent#2: 0.49074531506549035                                -0.4601237602946077                                0.337391303423094                                  0.4698898758384546                                 -0.43895479156661493                               -0.14193119767450682                               
son     : 0.5918974248658383                                 -0.0930676175307651                                -0.163487061787088                                 0.655405637552367                                  -0.38291290057038385                               0.19516402966200427                                
16  :
parent#1: 0.36926324609991484                                0.324899404720046                                  -0.5749329227476623                                0.4823941444187145                                 -0.11740575138700562                               0.4254984667480403                                 
parent#2: -0.18628923436773914                               -0.5349839341810874                                0.5639996316837269                                 -0.4851295709639006                                0.34055424095676134                                0.09831091053476099                                
son     : 0.2886177899944407                                 -0.3313811181766055                                -0.017245849693987424                              -0.004314780862537706                              0.3519878221530787                                 0.8262414067360223                                 
17  :
parent#1: 0.36926324609991484                                0.324899404720046                                  -0.5749329227476623                                0.4823941444187145                                 -0.11740575138700562                               0.4254984667480403                                 
parent#2: 0.23616354729068859                                0.40190498845266953                                0.49052421943408103                                0.4287665271597682                                 -0.004744255726600081                              0.598516421296422                                  
son     : 0.3620929644694607                                 0.43468634058873906                                -0.05048306078208033                               0.5449459328222689                                 -0.073055336613085                                 0.612441653591734                                  
18  :
parent#1: 0.36926324609991484                                0.324899404720046                                  -0.5749329227476623                                0.4823941444187145                                 -0.11740575138700562                               0.4254984667480403                                 
parent#2: 0.5224012403414076                                 0.20034864964448074                                0.39302584043232586                                -0.5016109326098382                                -0.2703699013472565                                0.4558230360124629                                 
son     : 0.6255934473871129                                 0.36851500318769465                                -0.12762634428109126                               -0.013482534019239762                              -0.27206411278641757                               0.6183367909703296                                 
19  :
parent#1: 0.36926324609991484                                0.324899404720046                                  -0.5749329227476623                                0.4823941444187145                                 -0.11740575138700562                               0.4254984667480403                                 
parent#2: -0.0639877418325946                                0.5849509476258753                                 -0.31056907123490957                               -0.11272400071590796                               -0.2964314348061847                                -0.6758006465522123                                
son     : 0.2118894587842567                                 0.6315203677934944                                 -0.6146203532041236                                0.2565852994523125                                 -0.28724131540698183                               -0.17373288282175234                               
20  :
parent#1: -0.4776766193153375                                -0.345043090645962                                 0.10146980248249862                                -0.5921173730815134                                -0.12377596198103001                               -0.5258808989417985                                
parent#2: 0.579928673469045                                  0.23071156114819755                                0.18942949758143685                                0.48280979816853553                                -0.2153851884937851                                0.5432083339355116                                 
son     : 0.21073794886194364                                -0.2356333299709469                                0.5995334013407307                                 -0.22527913324466917                               -0.6989994066747854                                0.035711244530351315                               
21  :
parent#1: -0.4776766193153375                                -0.345043090645962                                 0.10146980248249862                                -0.5921173730815134                                -0.12377596198103001                               -0.5258808989417985                                
parent#2: 0.36926324609991484                                0.324899404720046                                  -0.5749329227476623                                0.4823941444187145                                 -0.11740575138700562                               0.4254984667480403                                 
son     : -0.19267255786842455                               -0.0357994164108556                                -0.8414400154913486                                -0.195000436726897                                 -0.42862883284124237                               -0.1783999464475077                                
22  :
parent#1: -0.4776766193153375                                -0.345043090645962                                 0.10146980248249862                                -0.5921173730815134                                -0.12377596198103001                               -0.5258808989417985                                
parent#2: -0.4776766193153375                                -0.345043090645962                                 0.10146980248249862                                -0.5921173730815134                                -0.12377596198103001                               -0.5258808989417985                                
son     : -0.4776766193153375                                -0.345043090645962                                 0.10146980248249862                                -0.5921173730815134                                -0.12377596198103001                               -0.5258808989417985                                
23  :
parent#1: -0.4776766193153375                                -0.345043090645962                                 0.10146980248249862                                -0.5921173730815134                                -0.12377596198103001                               -0.5258808989417985                                
parent#2: 7.947666652668812E-4                               -0.6218295008677601                                -0.02274557528876888                               -0.6604072831090612                                -0.40472928371952654                               0.11343062336807667                                
son     : -0.26714047756434534                               -0.5416243130358374                                0.044099869876677446                               -0.7016413666329896                                -0.29605895663072773                               -0.23104708844762864                               
24  :
parent#1: -0.4776766193153375                                -0.345043090645962                                 0.10146980248249862                                -0.5921173730815134                                -0.12377596198103001                               -0.5258808989417985                                
parent#2: -0.6084390918268747                                -0.07209078696254029                               0.42929770102161235                                -0.09394955590884492                               -0.21875581426138294                               0.6193768227347047                                 
son     : -0.7269714850509054                                -0.2792008543465308                                0.3552594224360897                                 -0.4592062236977714                                -0.22926731608568615                               0.06257976923513608                                
25  :
parent#1: -0.4776766193153375                                -0.345043090645962                                 0.10146980248249862                                -0.5921173730815134                                -0.12377596198103001                               -0.5258808989417985                                
parent#2: 0.49074531506549035                                -0.4601237602946077                                0.337391303423094                                  0.4698898758384546                                 -0.43895479156661493                               -0.14193119767450682                               
son     : 0.010272043451289138                               -0.6328641385887681                                0.34494646100322035                                -0.0960712672959992                                -0.44230846461862744                               -0.5249027909811855                                
26  :
parent#1: -0.4776766193153375                                -0.345043090645962                                 0.10146980248249862                                -0.5921173730815134                                -0.12377596198103001                               -0.5258808989417985                                
parent#2: -0.18628923436773914                               -0.5349839341810874                                0.5639996316837269                                 -0.4851295709639006                                0.34055424095676134                                0.09831091053476099                                
son     : -0.3802843990111177                                -0.5040327697478796                                0.38114557010482286                                -0.6169898714375935                                0.12415909204014478                                -0.24488939480037178                               
27  :
parent#1: -0.4776766193153375                                -0.345043090645962                                 0.10146980248249862                                -0.5921173730815134                                -0.12377596198103001                               -0.5258808989417985                                
parent#2: 0.23616354729068859                                0.40190498845266953                                0.49052421943408103                                0.4287665271597682                                 -0.004744255726600081                              0.598516421296422                                  
son     : -0.3558999177013561                                0.08379316523158928                                0.8723777223052437                                 -0.24071803705127215                               -0.18939072126264717                               0.1070375868746648                                 
28  :
parent#1: -0.4776766193153375                                -0.345043090645962                                 0.10146980248249862                                -0.5921173730815134                                -0.12377596198103001                               -0.5258808989417985                                
parent#2: 0.5224012403414076                                 0.20034864964448074                                0.39302584043232586                                -0.5016109326098382                                -0.2703699013472565                                0.4558230360124629                                 
son     : 0.03509607524706526                                -0.11354387969570355                               0.38803808495031006                                -0.8582648669960526                                -0.3092921205442028                                -0.054975446915097                                 
29  :
parent#1: -0.4776766193153375                                -0.345043090645962                                 0.10146980248249862                                -0.5921173730815134                                -0.12377596198103001                               -0.5258808989417985                                
parent#2: -0.0639877418325946                                0.5849509476258753                                 -0.31056907123490957                               -0.11272400071590796                               -0.2964314348061847                                -0.6758006465522123                                
son     : -0.34175307400953464                               0.15136540906654433                                -0.13192730220950605                               -0.44470658116380263                               -0.26512205689374274                               -0.7581786648890263                                
30  :
parent#1: 7.947666652668812E-4                               -0.6218295008677601                                -0.02274557528876888                               -0.6604072831090612                                -0.40472928371952654                               0.11343062336807667                                
parent#2: 0.579928673469045                                  0.23071156114819755                                0.18942949758143685                                0.48280979816853553                                -0.2153851884937851                                0.5432083339355116                                 
son     : 0.497007133505585                                  -0.33473490589198723                               0.14265499322876707                                -0.15199527142847408                               -0.5307196076135394                                0.5619787722742381                                 
31  :
parent#1: 7.947666652668812E-4                               -0.6218295008677601                                -0.02274557528876888                               -0.6604072831090612                                -0.40472928371952654                               0.11343062336807667                                
parent#2: 0.36926324609991484                                0.324899404720046                                  -0.5749329227476623                                0.4823941444187145                                 -0.11740575138700562                               0.4254984667480403                                 
son     : 0.34108710597517333                                -0.27368418917663                                  -0.5508877585855521                                -0.16407693984990337                               -0.48125840249199203                               0.4967376933685876                                 
32  :
parent#1: 7.947666652668812E-4                               -0.6218295008677601                                -0.02274557528876888                               -0.6604072831090612                                -0.40472928371952654                               0.11343062336807667                                
parent#2: -0.4776766193153375                                -0.345043090645962                                 0.10146980248249862                                -0.5921173730815134                                -0.12377596198103001                               -0.5258808989417985                                
son     : -0.26714047756434534                               -0.5416243130358374                                0.044099869876677446                               -0.7016413666329896                                -0.29605895663072773                               -0.23104708844762864                               
33  :
parent#1: 7.947666652668812E-4                               -0.6218295008677601                                -0.02274557528876888                               -0.6604072831090612                                -0.40472928371952654                               0.11343062336807667                                
parent#2: 7.947666652668812E-4                               -0.6218295008677601                                -0.02274557528876888                               -0.6604072831090612                                -0.40472928371952654                               0.11343062336807667                                
son     : 7.947666652668812E-4                               -0.6218295008677601                                -0.02274557528876888                               -0.6604072831090612                                -0.40472928371952654                               0.11343062336807667                                
34  :
parent#1: 7.947666652668812E-4                               -0.6218295008677601                                -0.02274557528876888                               -0.6604072831090612                                -0.40472928371952654                               0.11343062336807667                                
parent#2: -0.6084390918268747                                -0.07209078696254029                               0.42929770102161235                                -0.09394955590884492                               -0.21875581426138294                               0.6193768227347047                                 
son     : -0.3834778187182596                                -0.43792565374610914                               0.2565706876795708                                 -0.47606651322688126                               -0.39347476060682524                               0.4624669224011183                                 
35  :
parent#1: 7.947666652668812E-4                               -0.6218295008677601                                -0.02274557528876888                               -0.6604072831090612                                -0.40472928371952654                               0.11343062336807667                                
parent#2: -0.18628923436773914                               -0.5349839341810874                                0.5639996316837269                                 -0.4851295709639006                                0.34055424095676134                                0.09831091053476099                                
son     : -0.10662029574299949                               -0.6649243618532962                                0.31110721672568464                                -0.658442700089953                                 -0.03688714883756325                               0.12170683711175723                                
36  :
parent#1: 7.947666652668812E-4                               -0.6218295008677601                                -0.02274557528876888                               -0.6604072831090612                                -0.40472928371952654                               0.11343062336807667                                
parent#2: 0.23616354729068859                                0.40190498845266953                                0.49052421943408103                                0.4287665271597682                                 -0.004744255726600081                              0.598516421296422                                  
son     : 0.23107961324242915                                -0.21446840342075993                               0.4561735200068084                                 -0.22589397857504984                               -0.3993149071182501                                0.6942843447170299                                 
37  :
parent#1: 7.947666652668812E-4                               -0.6218295008677601                                -0.02274557528876888                               -0.6604072831090612                                -0.40472928371952654                               0.11343062336807667                                
parent#2: -0.0639877418325946                                0.5849509476258753                                 -0.31056907123490957                               -0.11272400071590796                               -0.2964314348061847                                -0.6758006465522123                                
son     : -0.051221398393212325                              -0.02989210529756032                               -0.2701699398497247                                -0.6266656284847473                                -0.5683295082432689                                -0.4558319801471815                                
38  :
parent#1: -0.6084390918268747                                -0.07209078696254029                               0.42929770102161235                                -0.09394955590884492                               -0.21875581426138294                               0.6193768227347047                                 
parent#2: 0.579928673469045                                  0.23071156114819755                                0.18942949758143685                                0.48280979816853553                                -0.2153851884937851                                0.5432083339355116                                 
son     : -0.019673628325045153                              0.10945634388078075                                0.4269530101991594                                 0.2683332029922033                                 -0.2995792142251027                                0.8022424638417439                                 
39  :
parent#1: -0.6084390918268747                                -0.07209078696254029                               0.42929770102161235                                -0.09394955590884492                               -0.21875581426138294                               0.6193768227347047                                 
parent#2: 0.36926324609991484                                0.324899404720046                                  -0.5749329227476623                                0.4823941444187145                                 -0.11740575138700562                               0.4254984667480403                                 
son     : -0.19541755545531134                               0.2065561508941254                                 -0.11899060681230383                               0.3173769144025508                                 -0.27465930431800906                               0.8537106838935404                                 
40  :
parent#1: -0.6084390918268747                                -0.07209078696254029                               0.42929770102161235                                -0.09394955590884492                               -0.21875581426138294                               0.6193768227347047                                 
parent#2: -0.4776766193153375                                -0.345043090645962                                 0.10146980248249862                                -0.5921173730815134                                -0.12377596198103001                               -0.5258808989417985                                
son     : -0.7269714850509054                                -0.2792008543465308                                0.3552594224360897                                 -0.4592062236977714                                -0.22926731608568615                               0.06257976923513608                                
41  :
parent#1: -0.6084390918268747                                -0.07209078696254029                               0.42929770102161235                                -0.09394955590884492                               -0.21875581426138294                               0.6193768227347047                                 
parent#2: 7.947666652668812E-4                               -0.6218295008677601                                -0.02274557528876888                               -0.6604072831090612                                -0.40472928371952654                               0.11343062336807667                                
son     : -0.3834778187182596                                -0.43792565374610914                               0.2565706876795708                                 -0.47606651322688126                               -0.39347476060682524                               0.4624669224011183                                 
42  :
parent#1: -0.6084390918268747                                -0.07209078696254029                               0.42929770102161235                                -0.09394955590884492                               -0.21875581426138294                               0.6193768227347047                                 
parent#2: -0.6084390918268747                                -0.07209078696254029                               0.42929770102161235                                -0.09394955590884492                               -0.21875581426138294                               0.6193768227347047                                 
son     : -0.6084390918268748                                -0.0720907869625403                                0.4292977010216124                                 -0.09394955590884493                               -0.21875581426138296                               0.6193768227347048                                 
43  :
parent#1: -0.6084390918268747                                -0.07209078696254029                               0.42929770102161235                                -0.09394955590884492                               -0.21875581426138294                               0.6193768227347047                                 
parent#2: 0.23616354729068859                                0.40190498845266953                                0.49052421943408103                                0.4287665271597682                                 -0.004744255726600081                              0.598516421296422                                  
son     : -0.224950891239773                                 0.19929323765055154                                0.5558107800129083                                 0.20231620688093735                                -0.1350519545907518                                0.7359230943333428                                 
44  :
parent#1: -0.6084390918268747                                -0.07209078696254029                               0.42929770102161235                                -0.09394955590884492                               -0.21875581426138294                               0.6193768227347047                                 
parent#2: 0.5224012403414076                                 0.20034864964448074                                0.39302584043232586                                -0.5016109326098382                                -0.2703699013472565                                0.4558230360124629                                 
son     : -0.05496689849501755                               0.08193994616912231                                0.5253568499533825                                 -0.3804850115949147                                -0.3124871564895392                                0.6869116380433505                                 
45  :
parent#1: -0.6084390918268747                                -0.07209078696254029                               0.42929770102161235                                -0.09394955590884492                               -0.21875581426138294                               0.6193768227347047                                 
parent#2: -0.0639877418325946                                0.5849509476258753                                 -0.31056907123490957                               -0.11272400071590796                               -0.2964314348061847                                -0.6758006465522123                                
son     : -0.6591800996985371                                0.50275687244312                                   0.116389688962805                                  -0.20260211050701182                               -0.5050381174641749                                -0.05531228075325864                               
46  :
parent#1: 0.49074531506549035                                -0.4601237602946077                                0.337391303423094                                  0.4698898758384546                                 -0.43895479156661493                               -0.14193119767450682                               
parent#2: 0.579928673469045                                  0.23071156114819755                                0.18942949758143685                                0.48280979816853553                                -0.2153851884937851                                0.5432083339355116                                 
son     : 0.620919678090508                                  -0.133043812000136                                 0.3055210135616043                                 0.552502424861395                                  -0.37947365316771936                               0.2327140408195572                                 
47  :
parent#1: 0.49074531506549035                                -0.4601237602946077                                0.337391303423094                                  0.4698898758384546                                 -0.43895479156661493                               -0.14193119767450682                               
parent#2: 0.36926324609991484                                0.324899404720046                                  -0.5749329227476623                                0.4823941444187145                                 -0.11740575138700562                               0.4254984667480403                                 
son     : 0.5918974248658383                                 -0.0930676175307651                                -0.163487061787088                                 0.655405637552367                                  -0.38291290057038385                               0.19516402966200427                                
48  :
parent#1: 0.49074531506549035                                -0.4601237602946077                                0.337391303423094                                  0.4698898758384546                                 -0.43895479156661493                               -0.14193119767450682                               
parent#2: -0.4776766193153375                                -0.345043090645962                                 0.10146980248249862                                -0.5921173730815134                                -0.12377596198103001                               -0.5258808989417985                                
son     : 0.010272043451289138                               -0.6328641385887681                                0.34494646100322035                                -0.0960712672959992                                -0.44230846461862744                               -0.5249027909811855                                
49  :
parent#1: 0.49074531506549035                                -0.4601237602946077                                0.337391303423094                                  0.4698898758384546                                 -0.43895479156661493                               -0.14193119767450682                               
parent#2: 7.947666652668812E-4                               -0.6218295008677601                                -0.02274557528876888                               -0.6604072831090612                                -0.40472928371952654                               0.11343062336807667                                
son     : 0.3269568621272568                                 -0.7196809708628584                                0.20929235229467066                                -0.1267261327753496                                -0.5611918704798318                                -0.0189576774924315                                
50  :
parent#1: 0.49074531506549035                                -0.4601237602946077                                0.337391303423094                                  0.4698898758384546                                 -0.43895479156661493                               -0.14193119767450682                               
parent#2: -0.6084390918268747                                -0.07209078696254029                               0.42929770102161235                                -0.09394955590884492                               -0.21875581426138294                               0.6193768227347047                                 
son     : -0.09061991514265641                               -0.40978578848660235                               0.5903225678996367                                 0.289460333657183                                  -0.5064131760288091                                0.3676157161300596                                 
51  :
parent#1: 0.49074531506549035                                -0.4601237602946077                                0.337391303423094                                  0.4698898758384546                                 -0.43895479156661493                               -0.14193119767450682                               
parent#2: 0.49074531506549035                                -0.4601237602946077                                0.337391303423094                                  0.4698898758384546                                 -0.43895479156661493                               -0.14193119767450682                               
son     : 0.4907453150654904                                 -0.4601237602946078                                0.33739130342309404                                0.46988987583845465                                -0.438954791566615                                 -0.14193119767450685                               
52  :
parent#1: 0.49074531506549035                                -0.4601237602946077                                0.337391303423094                                  0.4698898758384546                                 -0.43895479156661493                               -0.14193119767450682                               
parent#2: -0.18628923436773914                               -0.5349839341810874                                0.5639996316837269                                 -0.4851295709639006                                0.34055424095676134                                0.09831091053476099                                
son     : 0.22045509830589255                                -0.7205524163216683                                0.6526925878951                                    -0.011034985667989786                              -0.07125133782295798                               -0.03158522788405243                               
53  :
parent#1: 0.49074531506549035                                -0.4601237602946077                                0.337391303423094                                  0.4698898758384546                                 -0.43895479156661493                               -0.14193119767450682                               
parent#2: 0.23616354729068859                                0.40190498845266953                                0.49052421943408103                                0.4287665271597682                                 -0.004744255726600081                              0.598516421296422                                  
son     : 0.46629764274522045                                -0.03734618943208821                               0.5310914155718656                                 0.5764702895459315                                 -0.2846241538045097                                0.2928903807790928                                 
54  :
parent#1: 0.49074531506549035                                -0.4601237602946077                                0.337391303423094                                  0.4698898758384546                                 -0.43895479156661493                               -0.14193119767450682                               
parent#2: 0.5224012403414076                                 0.20034864964448074                                0.39302584043232586                                -0.5016109326098382                                -0.2703699013472565                                0.4558230360124629                                 
son     : 0.6784327185814227                                 -0.17395305111349307                               0.4891087927602866                                 -0.021241352168485036                              -0.4749846675214924                                0.2101912029287941                                 
55  :
parent#1: 0.49074531506549035                                -0.4601237602946077                                0.337391303423094                                  0.4698898758384546                                 -0.43895479156661493                               -0.14193119767450682                               
parent#2: -0.0639877418325946                                0.5849509476258753                                 -0.31056907123490957                               -0.11272400071590796                               -0.2964314348061847                                -0.6758006465522123                                
son     : 0.3443980690653819                                 0.10073691711685231                                0.02164583724585204                                0.288236801040021                                  -0.5934647965622736                                -0.6599186185063046                                
56  :
parent#1: -0.18628923436773914                               -0.5349839341810874                                0.5639996316837269                                 -0.4851295709639006                                0.34055424095676134                                0.09831091053476099                                
parent#2: 0.579928673469045                                  0.23071156114819755                                0.18942949758143685                                0.48280979816853553                                -0.2153851884937851                                0.5432083339355116                                 
son     : 0.3531558081943001                                 -0.2729796487235958                                0.6759431262025799                                 -0.00208119704225942                               0.11229611032979059                                0.5755425517583621                                 
57  :
parent#1: -0.18628923436773914                               -0.5349839341810874                                0.5639996316837269                                 -0.4851295709639006                                0.34055424095676134                                0.09831091053476099                                
parent#2: 0.36926324609991484                                0.324899404720046                                  -0.5749329227476623                                0.4823941444187145                                 -0.11740575138700562                               0.4254984667480403                                 
son     : 0.2886177899944407                                 -0.3313811181766055                                -0.017245849693987424                              -0.004314780862537706                              0.3519878221530787                                 0.8262414067360223                                 
58  :
parent#1: -0.18628923436773914                               -0.5349839341810874                                0.5639996316837269                                 -0.4851295709639006                                0.34055424095676134                                0.09831091053476099                                
parent#2: -0.4776766193153375                                -0.345043090645962                                 0.10146980248249862                                -0.5921173730815134                                -0.12377596198103001                               -0.5258808989417985                                
son     : -0.3802843990111177                                -0.5040327697478796                                0.38114557010482286                                -0.6169898714375935                                0.12415909204014478                                -0.24488939480037178                               
59  :
parent#1: -0.18628923436773914                               -0.5349839341810874                                0.5639996316837269                                 -0.4851295709639006                                0.34055424095676134                                0.09831091053476099                                
parent#2: 7.947666652668812E-4                               -0.6218295008677601                                -0.02274557528876888                               -0.6604072831090612                                -0.40472928371952654                               0.11343062336807667                                
son     : -0.10662029574299949                               -0.6649243618532962                                0.31110721672568464                                -0.658442700089953                                 -0.03688714883756325                               0.12170683711175723                                
60  :
parent#1: -0.18628923436773914                               -0.5349839341810874                                0.5639996316837269                                 -0.4851295709639006                                0.34055424095676134                                0.09831091053476099                                
parent#2: 0.49074531506549035                                -0.4601237602946077                                0.337391303423094                                  0.4698898758384546                                 -0.43895479156661493                               -0.14193119767450682                               
son     : 0.22045509830589255                                -0.7205524163216683                                0.6526925878951                                    -0.011034985667989786                              -0.07125133782295798                               -0.03158522788405243                               
61  :
parent#1: -0.18628923436773914                               -0.5349839341810874                                0.5639996316837269                                 -0.4851295709639006                                0.34055424095676134                                0.09831091053476099                                
parent#2: -0.18628923436773914                               -0.5349839341810874                                0.5639996316837269                                 -0.4851295709639006                                0.34055424095676134                                0.09831091053476099                                
son     : -0.18628923436773914                               -0.5349839341810874                                0.5639996316837269                                 -0.4851295709639006                                0.34055424095676134                                0.09831091053476099                                
62  :
parent#1: -0.18628923436773914                               -0.5349839341810874                                0.5639996316837269                                 -0.4851295709639006                                0.34055424095676134                                0.09831091053476099                                
parent#2: 0.23616354729068859                                0.40190498845266953                                0.49052421943408103                                0.4287665271597682                                 -0.004744255726600081                              0.598516421296422                                  
son     : 0.03787791010680837                                -0.10106910848470778                               0.8008763890107854                                 -0.04280588907274264                               0.25503670503025105                                0.5292175769086822                                 
63  :
parent#1: -0.18628923436773914                               -0.5349839341810874                                0.5639996316837269                                 -0.4851295709639006                                0.34055424095676134                                0.09831091053476099                                
parent#2: 0.5224012403414076                                 0.20034864964448074                                0.39302584043232586                                -0.5016109326098382                                -0.2703699013472565                                0.4558230360124629                                 
son     : 0.21577153701820717                                -0.21482353620728845                               0.614375129165227                                  -0.6334510856803645                                0.04505576284989083                                0.3557335984297645                                 
64  :
parent#1: -0.18628923436773914                               -0.5349839341810874                                0.5639996316837269                                 -0.4851295709639006                                0.34055424095676134                                0.09831091053476099                                
parent#2: -0.0639877418325946                                0.5849509476258753                                 -0.31056907123490957                               -0.11272400071590796                               -0.2964314348061847                                -0.6758006465522123                                
son     : -0.2760092259784743                                0.05510437641819946                                0.27948704627459753                                -0.6593219403279263                                0.04865929642633536                                -0.6368643950736594                                
65  :
parent#1: 0.23616354729068859                                0.40190498845266953                                0.49052421943408103                                0.4287665271597682                                 -0.004744255726600081                              0.598516421296422                                  
parent#2: 0.579928673469045                                  0.23071156114819755                                0.18942949758143685                                0.48280979816853553                                -0.2153851884937851                                0.5432083339355116                                 
son     : 0.4236077127462205                                 0.3283712830546952                                 0.35294251251420106                                0.47317049757739865                                -0.11426224635187092                               0.5926332831592176                                 
66  :
parent#1: 0.23616354729068859                                0.40190498845266953                                0.49052421943408103                                0.4287665271597682                                 -0.004744255726600081                              0.598516421296422                                  
parent#2: 0.36926324609991484                                0.324899404720046                                  -0.5749329227476623                                0.4823941444187145                                 -0.11740575138700562                               0.4254984667480403                                 
son     : 0.3620929644694607                                 0.43468634058873906                                -0.05048306078208033                               0.5449459328222689                                 -0.073055336613085                                 0.612441653591734                                  
67  :
parent#1: 0.23616354729068859                                0.40190498845266953                                0.49052421943408103                                0.4287665271597682                                 -0.004744255726600081                              0.598516421296422                                  
parent#2: -0.4776766193153375                                -0.345043090645962                                 0.10146980248249862                                -0.5921173730815134                                -0.12377596198103001                               -0.5258808989417985                                
son     : -0.3558999177013561                                0.08379316523158928                                0.8723777223052437                                 -0.24071803705127215                               -0.18939072126264717                               0.1070375868746648                                 
68  :
parent#1: 0.23616354729068859                                0.40190498845266953                                0.49052421943408103                                0.4287665271597682                                 -0.004744255726600081                              0.598516421296422                                  
parent#2: 7.947666652668812E-4                               -0.6218295008677601                                -0.02274557528876888                               -0.6604072831090612                                -0.40472928371952654                               0.11343062336807667                                
son     : 0.23107961324242915                                -0.21446840342075993                               0.4561735200068084                                 -0.22589397857504984                               -0.3993149071182501                                0.6942843447170299                                 
69  :
parent#1: 0.23616354729068859                                0.40190498845266953                                0.49052421943408103                                0.4287665271597682                                 -0.004744255726600081                              0.598516421296422                                  
parent#2: -0.6084390918268747                                -0.07209078696254029                               0.42929770102161235                                -0.09394955590884492                               -0.21875581426138294                               0.6193768227347047                                 
son     : -0.224950891239773                                 0.19929323765055154                                0.5558107800129083                                 0.20231620688093735                                -0.1350519545907518                                0.7359230943333428                                 
70  :
parent#1: 0.23616354729068859                                0.40190498845266953                                0.49052421943408103                                0.4287665271597682                                 -0.004744255726600081                              0.598516421296422                                  
parent#2: 0.49074531506549035                                -0.4601237602946077                                0.337391303423094                                  0.4698898758384546                                 -0.43895479156661493                               -0.14193119767450682                               
son     : 0.46629764274522045                                -0.03734618943208821                               0.5310914155718656                                 0.5764702895459315                                 -0.2846241538045097                                0.2928903807790928                                 
71  :
parent#1: 0.23616354729068859                                0.40190498845266953                                0.49052421943408103                                0.4287665271597682                                 -0.004744255726600081                              0.598516421296422                                  
parent#2: -0.18628923436773914                               -0.5349839341810874                                0.5639996316837269                                 -0.4851295709639006                                0.34055424095676134                                0.09831091053476099                                
son     : 0.03787791010680837                                -0.10106910848470778                               0.8008763890107854                                 -0.04280588907274264                               0.25503670503025105                                0.5292175769086822                                 
72  :
parent#1: 0.23616354729068859                                0.40190498845266953                                0.49052421943408103                                0.4287665271597682                                 -0.004744255726600081                              0.598516421296422                                  
parent#2: 0.23616354729068859                                0.40190498845266953                                0.49052421943408103                                0.4287665271597682                                 -0.004744255726600081                              0.598516421296422                                  
son     : 0.2361635472906886                                 0.4019049884526696                                 0.4905242194340811                                 0.42876652715976826                                -0.0047442557266000815                             0.5985164212964221                                 
73  :
parent#1: 0.23616354729068859                                0.40190498845266953                                0.49052421943408103                                0.4287665271597682                                 -0.004744255726600081                              0.598516421296422                                  
parent#2: 0.5224012403414076                                 0.20034864964448074                                0.39302584043232586                                -0.5016109326098382                                -0.2703699013472565                                0.4558230360124629                                 
son     : 0.44457036612392975                                0.35296144080731395                                0.5178202046917799                                 -0.04269175755192592                               -0.16123553786090047                               0.6179143643325156                                 
74  :
parent#1: 0.23616354729068859                                0.40190498845266953                                0.49052421943408103                                0.4287665271597682                                 -0.004744255726600081                              0.598516421296422                                  
parent#2: -0.0639877418325946                                0.5849509476258753                                 -0.31056907123490957                               -0.11272400071590796                               -0.2964314348061847                                -0.6758006465522123                                
son     : 0.1550897053616012                                 0.8889239458096796                                 0.1620970544511588                                 0.284679616729565                                  -0.271288111488899                                 -0.06961482010860934                               
75  :
parent#1: 0.5224012403414076                                 0.20034864964448074                                0.39302584043232586                                -0.5016109326098382                                -0.2703699013472565                                0.4558230360124629                                 
parent#2: 0.579928673469045                                  0.23071156114819755                                0.18942949758143685                                0.48280979816853553                                -0.2153851884937851                                0.5432083339355116                                 
son     : 0.639144768174193                                  0.24993413953889987                                0.3377149411647379                                 -0.010901134554500114                              -0.2816469193081086                                0.5792509713693028                                 
76  :
parent#1: 0.5224012403414076                                 0.20034864964448074                                0.39302584043232586                                -0.5016109326098382                                -0.2703699013472565                                0.4558230360124629                                 
parent#2: 0.36926324609991484                                0.324899404720046                                  -0.5749329227476623                                0.4823941444187145                                 -0.11740575138700562                               0.4254984667480403                                 
son     : 0.6255934473871129                                 0.36851500318769465                                -0.12762634428109126                               -0.013482534019239762                              -0.27206411278641757                               0.6183367909703296                                 
77  :
parent#1: 0.5224012403414076                                 0.20034864964448074                                0.39302584043232586                                -0.5016109326098382                                -0.2703699013472565                                0.4558230360124629                                 
parent#2: -0.4776766193153375                                -0.345043090645962                                 0.10146980248249862                                -0.5921173730815134                                -0.12377596198103001                               -0.5258808989417985                                
son     : 0.03509607524706526                                -0.11354387969570355                               0.38803808495031006                                -0.8582648669960526                                -0.3092921205442028                                -0.054975446915097                                 
78  :
parent#1: 0.5224012403414076                                 0.20034864964448074                                0.39302584043232586                                -0.5016109326098382                                -0.2703699013472565                                0.4558230360124629                                 
parent#2: 7.947666652668812E-4                               -0.6218295008677601                                -0.02274557528876888                               -0.6604072831090612                                -0.40472928371952654                               0.11343062336807667                                
son     : 0.31731686362559575                                -0.25562691610280425                               0.22457390886836145                                -0.7047606838540498                                -0.40944570136762226                               0.34525069645594914                                
79  :
parent#1: 0.5224012403414076                                 0.20034864964448074                                0.39302584043232586                                -0.5016109326098382                                -0.2703699013472565                                0.4558230360124629                                 
parent#2: -0.6084390918268747                                -0.07209078696254029                               0.42929770102161235                                -0.09394955590884492                               -0.21875581426138294                               0.6193768227347047                                 
son     : -0.05496689849501755                               0.08193994616912231                                0.5253568499533825                                 -0.3804850115949147                                -0.3124871564895392                                0.6869116380433505                                 
80  :
parent#1: 0.5224012403414076                                 0.20034864964448074                                0.39302584043232586                                -0.5016109326098382                                -0.2703699013472565                                0.4558230360124629                                 
parent#2: 0.49074531506549035                                -0.4601237602946077                                0.337391303423094                                  0.4698898758384546                                 -0.43895479156661493                               -0.14193119767450682                               
son     : 0.6784327185814227                                 -0.17395305111349307                               0.4891087927602866                                 -0.021241352168485036                              -0.4749846675214924                                0.2101912029287941                                 
81  :
parent#1: 0.5224012403414076                                 0.20034864964448074                                0.39302584043232586                                -0.5016109326098382                                -0.2703699013472565                                0.4558230360124629                                 
parent#2: -0.18628923436773914                               -0.5349839341810874                                0.5639996316837269                                 -0.4851295709639006                                0.34055424095676134                                0.09831091053476099                                
son     : 0.21577153701820717                                -0.21482353620728845                               0.614375129165227                                  -0.6334510856803645                                0.04505576284989083                                0.3557335984297645                                 
82  :
parent#1: 0.5224012403414076                                 0.20034864964448074                                0.39302584043232586                                -0.5016109326098382                                -0.2703699013472565                                0.4558230360124629                                 
parent#2: 0.23616354729068859                                0.40190498845266953                                0.49052421943408103                                0.4287665271597682                                 -0.004744255726600081                              0.598516421296422                                  
son     : 0.44457036612392975                                0.35296144080731395                                0.5178202046917799                                 -0.04269175755192592                               -0.16123553786090047                               0.6179143643325156                                 
83  :
parent#1: 0.5224012403414076                                 0.20034864964448074                                0.39302584043232586                                -0.5016109326098382                                -0.2703699013472565                                0.4558230360124629                                 
parent#2: 0.5224012403414076                                 0.20034864964448074                                0.39302584043232586                                -0.5016109326098382                                -0.2703699013472565                                0.4558230360124629                                 
son     : 0.5224012403414076                                 0.20034864964448074                                0.39302584043232586                                -0.5016109326098382                                -0.2703699013472565                                0.4558230360124629                                 
84  :
parent#1: 0.5224012403414076                                 0.20034864964448074                                0.39302584043232586                                -0.5016109326098382                                -0.2703699013472565                                0.4558230360124629                                 
parent#2: -0.0639877418325946                                0.5849509476258753                                 -0.31056907123490957                               -0.11272400071590796                               -0.2964314348061847                                -0.6758006465522123                                
son     : 0.36461357345039247                                0.6246126986253959                                 0.06558458110427175                                -0.4886305836628906                                -0.4508232442622765                                -0.17496610138855842                               
85  :
parent#1: -0.0639877418325946                                0.5849509476258753                                 -0.31056907123490957                               -0.11272400071590796                               -0.2964314348061847                                -0.6758006465522123                                
parent#2: 0.579928673469045                                  0.23071156114819755                                0.18942949758143685                                0.48280979816853553                                -0.2153851884937851                                0.5432083339355116                                 
son     : 0.44198113896813795                                0.6987378254679731                                 -0.10377429557227612                               0.31703424218588966                                -0.4384480475147583                                -0.11358529194974332                               
86  :
parent#1: -0.0639877418325946                                0.5849509476258753                                 -0.31056907123490957                               -0.11272400071590796                               -0.2964314348061847                                -0.6758006465522123                                
parent#2: 0.36926324609991484                                0.324899404720046                                  -0.5749329227476623                                0.4823941444187145                                 -0.11740575138700562                               0.4254984667480403                                 
son     : 0.2118894587842567                                 0.6315203677934944                                 -0.6146203532041236                                0.2565852994523125                                 -0.28724131540698183                               -0.17373288282175234                               
87  :
parent#1: -0.0639877418325946                                0.5849509476258753                                 -0.31056907123490957                               -0.11272400071590796                               -0.2964314348061847                                -0.6758006465522123                                
parent#2: -0.4776766193153375                                -0.345043090645962                                 0.10146980248249862                                -0.5921173730815134                                -0.12377596198103001                               -0.5258808989417985                                
son     : -0.34175307400953464                               0.15136540906654433                                -0.13192730220950605                               -0.44470658116380263                               -0.26512205689374274                               -0.7581786648890263                                
88  :
parent#1: -0.0639877418325946                                0.5849509476258753                                 -0.31056907123490957                               -0.11272400071590796                               -0.2964314348061847                                -0.6758006465522123                                
parent#2: 7.947666652668812E-4                               -0.6218295008677601                                -0.02274557528876888                               -0.6604072831090612                                -0.40472928371952654                               0.11343062336807667                                
son     : -0.051221398393212325                              -0.02989210529756032                               -0.2701699398497247                                -0.6266656284847473                                -0.5683295082432689                                -0.4558319801471815                                
89  :
parent#1: -0.0639877418325946                                0.5849509476258753                                 -0.31056907123490957                               -0.11272400071590796                               -0.2964314348061847                                -0.6758006465522123                                
parent#2: 0.49074531506549035                                -0.4601237602946077                                0.337391303423094                                  0.4698898758384546                                 -0.43895479156661493                               -0.14193119767450682                               
son     : 0.3443980690653819                                 0.10073691711685231                                0.02164583724585204                                0.288236801040021                                  -0.5934647965622736                                -0.6599186185063046                                
90  :
parent#1: -0.0639877418325946                                0.5849509476258753                                 -0.31056907123490957                               -0.11272400071590796                               -0.2964314348061847                                -0.6758006465522123                                
parent#2: -0.18628923436773914                               -0.5349839341810874                                0.5639996316837269                                 -0.4851295709639006                                0.34055424095676134                                0.09831091053476099                                
son     : -0.2760092259784743                                0.05510437641819946                                0.27948704627459753                                -0.6593219403279263                                0.04865929642633536                                -0.6368643950736594                                
91  :
parent#1: -0.0639877418325946                                0.5849509476258753                                 -0.31056907123490957                               -0.11272400071590796                               -0.2964314348061847                                -0.6758006465522123                                
parent#2: 0.23616354729068859                                0.40190498845266953                                0.49052421943408103                                0.4287665271597682                                 -0.004744255726600081                              0.598516421296422                                  
son     : 0.1550897053616012                                 0.8889239458096796                                 0.1620970544511588                                 0.284679616729565                                  -0.271288111488899                                 -0.06961482010860934                               
92  :
parent#1: -0.0639877418325946                                0.5849509476258753                                 -0.31056907123490957                               -0.11272400071590796                               -0.2964314348061847                                -0.6758006465522123                                
parent#2: -0.0639877418325946                                0.5849509476258753                                 -0.31056907123490957                               -0.11272400071590796                               -0.2964314348061847                                -0.6758006465522123                                
son     : -0.0639877418325946                                0.5849509476258753                                 -0.31056907123490957                               -0.11272400071590796                               -0.2964314348061847                                -0.6758006465522123                                

0   :
parent#1: 7.947666652668812E-4                               -0.6218295008677601                                -0.02274557528876888                               -0.6604072831090612                                -0.40472928371952654                               0.11343062336807667                                
parent#2: 0.49074531506549035                                -0.4601237602946077                                0.337391303423094                                  0.4698898758384546                                 -0.43895479156661493                               -0.14193119767450682                               
son:      0.3269568621272568                                 -0.7196809708628584                                0.20929235229467066                                -0.1267261327753496                                -0.5611918704798318                                -0.0189576774924315                                
mutated:  0.3269568621272568                                 -0.7196809708628584                                0.20929235229467066                                -0.1267261327753496                                -0.5611918704798318                                -0.0189576774924315                                
1   :
parent#1: 7.947666652668812E-4                               -0.6218295008677601                                -0.02274557528876888                               -0.6604072831090612                                -0.40472928371952654                               0.11343062336807667                                
parent#2: 0.5224012403414076                                 0.20034864964448074                                0.39302584043232586                                -0.5016109326098382                                -0.2703699013472565                                0.4558230360124629                                 
son:      0.31731686362559575                                -0.25562691610280425                               0.22457390886836145                                -0.7047606838540498                                -0.40944570136762226                               0.34525069645594914                                
mutated:  0.31731686362559575                                -0.25562691610280425                               0.22457390886836145                                -0.7047606838540498                                -0.40944570136762226                               0.34525069645594914                                
2   :
parent#1: -0.6084390918268747                                -0.07209078696254029                               0.42929770102161235                                -0.09394955590884492                               -0.21875581426138294                               0.6193768227347047                                 
parent#2: 0.49074531506549035                                -0.4601237602946077                                0.337391303423094                                  0.4698898758384546                                 -0.43895479156661493                               -0.14193119767450682                               
son:      -0.09061991514265641                               -0.40978578848660235                               0.5903225678996367                                 0.289460333657183                                  -0.5064131760288091                                0.3676157161300596                                 
mutated:  -0.09061991514265641                               -0.40978578848660235                               0.5903225678996367                                 0.289460333657183                                  -0.5064131760288091                                0.3676157161300596                                 
3   :
parent#1: -0.6084390918268747                                -0.07209078696254029                               0.42929770102161235                                -0.09394955590884492                               -0.21875581426138294                               0.6193768227347047                                 
parent#2: -0.18628923436773914                               -0.5349839341810874                                0.5639996316837269                                 -0.4851295709639006                                0.34055424095676134                                0.09831091053476099                                
son:      -0.4705900547144163                                -0.35947293788639956                               0.5881706121936104                                 -0.3428956399526767                                0.07212166270347846                                0.42497127450373273                                
mutated:  -0.4705900547144163                                -0.35947293788639956                               0.5881706121936104                                 -0.3428956399526767                                0.07212166270347846                                0.42497127450373273                                
4   :
parent#1: -0.18628923436773914                               -0.5349839341810874                                0.5639996316837269                                 -0.4851295709639006                                0.34055424095676134                                0.09831091053476099                                
parent#2: -0.6084390918268747                                -0.07209078696254029                               0.42929770102161235                                -0.09394955590884492                               -0.21875581426138294                               0.6193768227347047                                 
son:      -0.4705900547144163                                -0.35947293788639956                               0.5881706121936104                                 -0.3428956399526767                                0.07212166270347846                                0.42497127450373273                                
mutated:  -0.4705900547144163                                -0.35947293788639956                               0.5881706121936104                                 -0.3428956399526767                                0.07212166270347846                                0.42497127450373273                                
5   :
parent#1: -0.0639877418325946                                0.5849509476258753                                 -0.31056907123490957                               -0.11272400071590796                               -0.2964314348061847                                -0.6758006465522123                                
parent#2: -0.6084390918268747                                -0.07209078696254029                               0.42929770102161235                                -0.09394955590884492                               -0.21875581426138294                               0.6193768227347047                                 
son:      -0.6591800996985371                                0.50275687244312                                   0.116389688962805                                  -0.20260211050701182                               -0.5050381174641749                                -0.05531228075325864                               
mutated:  -0.6591800996985371                                0.50275687244312                                   0.116389688962805                                  -0.20260211050701182                               -0.5050381174641749                                -0.05531228075325864                               
6   :
parent#1: -0.0639877418325946                                0.5849509476258753                                 -0.31056907123490957                               -0.11272400071590796                               -0.2964314348061847                                -0.6758006465522123                                
parent#2: 0.5224012403414076                                 0.20034864964448074                                0.39302584043232586                                -0.5016109326098382                                -0.2703699013472565                                0.4558230360124629                                 
son:      0.36461357345039247                                0.6246126986253959                                 0.06558458110427175                                -0.4886305836628906                                -0.4508232442622765                                -0.17496610138855842                               
mutated:  0.36461357345039247                                0.6246126986253959                                 0.06558458110427175                                -0.4886305836628906                                -0.4508232442622765                                -0.17496610138855842                               

