0   :
parent#1: 0.15996211311586386                                0.71846026178756                                   0.1537226211062231                                 0.6506833832469361                                 -0.06809337107967343                               -0.08106021182564148                               
parent#2: 0.15996211311586386                                0.71846026178756                                   0.1537226211062231                                 0.6506833832469361                                 -0.06809337107967343                               -0.08106021182564148                               
son     : 0.15996211311586386                                0.71846026178756                                   0.1537226211062231                                 0.6506833832469361                                 -0.06809337107967343                               -0.08106021182564148                               
1   :
parent#1: 0.15996211311586386                                0.71846026178756                                   0.1537226211062231                                 0.6506833832469361                                 -0.06809337107967343                               -0.08106021182564148                               
parent#2: -0.6099776700785939                                -0.36209498434560855                               -0.34428382304571864                               0.2341815930188397                                 0.41210251458690944                                -0.3919357249200083                                
son     : -0.392007522365414                                 0.2888325342379398                                 -0.15444903970078244                               0.7171792812919875                                 0.2788179404947865                                 -0.3833611851164368                                
2   :
parent#1: 0.15996211311586386                                0.71846026178756                                   0.1537226211062231                                 0.6506833832469361                                 -0.06809337107967343                               -0.08106021182564148                               
parent#2: -0.3581008555946988                                0.4654970334283256                                 0.34144876988616896                                -0.3442335034067167                                -0.41362049791066025                               -0.4989092156650051                                
son     : -0.12684054634288597                               0.7579223946466194                                 0.3169890400084219                                 0.02425944427496945                                -0.3083740693983968                                -0.46184410865275066                               
3   :
parent#1: 0.15996211311586386                                0.71846026178756                                   0.1537226211062231                                 0.6506833832469361                                 -0.06809337107967343                               -0.08106021182564148                               
parent#2: -0.29248886448283773                               -0.2894829078378976                                0.24568137296349887                                -0.16548249693809342                               -0.3870082571678532                                0.7701498070460451                                 
son     : -0.1205942900009902                                0.39035303357594303                                0.3634424038285218                                 0.44151430400826647                                -0.3359620725533427                                0.6270452540752702                                 
4   :
parent#1: 0.15996211311586386                                0.71846026178756                                   0.1537226211062231                                 0.6506833832469361                                 -0.06809337107967343                               -0.08106021182564148                               
parent#2: 0.755227373056183                                  -0.3978626962462222                                0.2709089546378683                                 0.38328929628908265                                0.0205004677964451                                 0.2249761640478994                                 
son     : 0.6241800067495457                                 0.1361673690668014                                 0.28960837489799457                                0.7051928413110198                                 -0.03245944052177561                               0.09815394668177949                                
5   :
parent#1: 0.15996211311586386                                0.71846026178756                                   0.1537226211062231                                 0.6506833832469361                                 -0.06809337107967343                               -0.08106021182564148                               
parent#2: 0.5518521071087882                                 -0.5035372849204522                                -0.47039816192185024                               -0.16221581074425268                               0.3988586621391926                                 -0.18770408151181162                               
son     : 0.6870475940477626                                 0.20744501861107292                                -0.30565723784288007                               0.4714719949713881                                 0.31925675402386433                                -0.25941299830335873                               
6   :
parent#1: 0.15996211311586386                                0.71846026178756                                   0.1537226211062231                                 0.6506833832469361                                 -0.06809337107967343                               -0.08106021182564148                               
parent#2: 7.947666652668812E-4                               -0.6218295008677601                                -0.02274557528876888                               -0.6604072831090612                                -0.40472928371952654                               0.11343062336807667                                
son     : 0.2774171779972842                                 0.18523331600210768                                0.251072353006338                                  -0.01863992582474633                               -0.9063626054033262                                0.062051448351262695                               
7   :
parent#1: 0.15996211311586386                                0.71846026178756                                   0.1537226211062231                                 0.6506833832469361                                 -0.06809337107967343                               -0.08106021182564148                               
parent#2: 0.6708739880480264                                 -0.28631119237156777                               0.31772784926764575                                0.07510699136776756                                -0.1402422539768217                                0.5845460265284903                                 
son     : 0.5991394756847634                                 0.31163495002786606                                0.33997630487582303                                0.5233880230944893                                 -0.1502367277829489                                0.36307790021786246                                
8   :
parent#1: 0.15996211311586386                                0.71846026178756                                   0.1537226211062231                                 0.6506833832469361                                 -0.06809337107967343                               -0.08106021182564148                               
parent#2: 0.46397277315517566                                -0.29535813919408443                               -0.5289493194549518                                -0.48254255556900205                               0.38138531023715094                                0.1985028464050217                                 
son     : 0.6579098820373368                                 0.46979083086905327                                -0.4166324226902358                                0.18669492521956216                                0.3478632522550192                                 0.13040225971995265                                
9   :
parent#1: 0.15996211311586386                                0.71846026178756                                   0.1537226211062231                                 0.6506833832469361                                 -0.06809337107967343                               -0.08106021182564148                               
parent#2: -0.2024131620885535                                0.201948072470656                                  0.3934345654259352                                 -0.4966033564673385                                -0.6715458441202526                                0.25664453268479315                                
son     : -0.030113006831849053                              0.6528993541582301                                 0.519690778238026                                  0.10929795638384517                                -0.5246692668241897                                0.12455220734353999                                
10  :
parent#1: -0.6099776700785939                                -0.36209498434560855                               -0.34428382304571864                               0.2341815930188397                                 0.41210251458690944                                -0.3919357249200083                                
parent#2: 0.15996211311586386                                0.71846026178756                                   0.1537226211062231                                 0.6506833832469361                                 -0.06809337107967343                               -0.08106021182564148                               
son     : -0.36855862805476647                               0.2918599050815468                                 -0.15606788267789687                               0.7246963279832505                                 0.2817403443228577                                 -0.3873793490585779                                
11  :
parent#1: -0.6099776700785939                                -0.36209498434560855                               -0.34428382304571864                               0.2341815930188397                                 0.41210251458690944                                -0.3919357249200083                                
parent#2: -0.6099776700785939                                -0.36209498434560855                               -0.34428382304571864                               0.2341815930188397                                 0.41210251458690944                                -0.3919357249200083                                
son     : -0.609977670078594                                 -0.3620949843456086                                -0.3442838230457187                                0.23418159301883973                                0.4121025145869095                                 -0.39193572492000833                               
12  :
parent#1: -0.6099776700785939                                -0.36209498434560855                               -0.34428382304571864                               0.2341815930188397                                 0.41210251458690944                                -0.3919357249200083                                
parent#2: -0.3581008555946988                                0.4654970334283256                                 0.34144876988616896                                -0.3442335034067167                                -0.41362049791066025                               -0.4989092156650051                                
son     : -0.7310481806121953                                0.07808445063991017                                -0.00214090117615841                               -0.08310611869631042                               -0.0011463108803656977                             -0.6727249450857435                                
13  :
parent#1: -0.6099776700785939                                -0.36209498434560855                               -0.34428382304571864                               0.2341815930188397                                 0.41210251458690944                                -0.3919357249200083                                
parent#2: -0.29248886448283773                               -0.2894829078378976                                0.24568137296349887                                -0.16548249693809342                               -0.3870082571678532                                0.7701498070460451                                 
son     : -0.7635099195428443                                -0.5512516697128126                                -0.08342021099495772                               0.05812120373722982                                0.021230387753183592                               0.3199788494698628                                 
14  :
parent#1: -0.6099776700785939                                -0.36209498434560855                               -0.34428382304571864                               0.2341815930188397                                 0.41210251458690944                                -0.3919357249200083                                
parent#2: 0.5518521071087882                                 -0.5035372849204522                                -0.47039816192185024                               -0.16221581074425268                               0.3988586621391926                                 -0.18770408151181162                               
son     : -0.03740145251585966                               -0.5569994088826046                                -0.5242149584360859                                0.046307074735910406                               0.5218207685882194                                 -0.37297480813774636                               
15  :
parent#1: -0.6099776700785939                                -0.36209498434560855                               -0.34428382304571864                               0.2341815930188397                                 0.41210251458690944                                -0.3919357249200083                                
parent#2: 7.947666652668812E-4                               -0.6218295008677601                                -0.02274557528876888                               -0.6604072831090612                                -0.40472928371952654                               0.11343062336807667                                
son     : -0.46272415013213375                               -0.7473709762101524                                -0.2787887930968463                                -0.32375320959666526                               0.005600570810049307                               -0.21154736237836094                               
16  :
parent#1: -0.6099776700785939                                -0.36209498434560855                               -0.34428382304571864                               0.2341815930188397                                 0.41210251458690944                                -0.3919357249200083                                
parent#2: 0.6708739880480264                                 -0.28631119237156777                               0.31772784926764575                                0.07510699136776756                                -0.1402422539768217                                0.5845460265284903                                 
son     : 0.07663035048657608                                -0.8159375515025254                                -0.033417350112161695                              0.3892007499523956                                 0.3421019159874351                                 0.24237581863310564                                
17  :
parent#1: -0.6099776700785939                                -0.36209498434560855                               -0.34428382304571864                               0.2341815930188397                                 0.41210251458690944                                -0.3919357249200083                                
parent#2: 0.46397277315517566                                -0.29535813919408443                               -0.5289493194549518                                -0.48254255556900205                               0.38138531023715094                                0.1985028464050217                                 
son     : -0.10469541344177886                               -0.4714384793797748                                -0.626167387612516                                 -0.1780916544917392                                0.5689845863495019                                 -0.13870449290466014                               
18  :
parent#1: -0.6099776700785939                                -0.36209498434560855                               -0.34428382304571864                               0.2341815930188397                                 0.41210251458690944                                -0.3919357249200083                                
parent#2: -0.2024131620885535                                0.201948072470656                                  0.3934345654259352                                 -0.4966033564673385                                -0.6715458441202526                                0.25664453268479315                                
son     : -0.8850637173392334                                -0.1744729452034011                                0.05354755006893914                                -0.2858968519485438                                -0.2826519805290022                                -0.147393742988867                                 
19  :
parent#1: -0.3581008555946988                                0.4654970334283256                                 0.34144876988616896                                -0.3442335034067167                                -0.41362049791066025                               -0.4989092156650051                                
parent#2: -0.6099776700785939                                -0.36209498434560855                               -0.34428382304571864                               0.2341815930188397                                 0.41210251458690944                                -0.3919357249200083                                
son     : -0.7310481806121953                                0.07808445063991017                                -0.00214090117615841                               -0.08310611869631042                               -0.0011463108803656977                             -0.6727249450857435                                
20  :
parent#1: -0.3581008555946988                                0.4654970334283256                                 0.34144876988616896                                -0.3442335034067167                                -0.41362049791066025                               -0.4989092156650051                                
parent#2: -0.29248886448283773                               -0.2894829078378976                                0.24568137296349887                                -0.16548249693809342                               -0.3870082571678532                                0.7701498070460451                                 
son     : -0.48854996284682084                               0.13217499733544955                                0.4408960065358368                                 -0.3827630922314742                                -0.601219380627606                                 0.20368379141613832                                
21  :
parent#1: -0.3581008555946988                                0.4654970334283256                                 0.34144876988616896                                -0.3442335034067167                                -0.41362049791066025                               -0.4989092156650051                                
parent#2: 0.755227373056183                                  -0.3978626962462222                                0.2709089546378683                                 0.38328929628908265                                0.0205004677964451                                 0.2249761640478994                                 
son     : 0.45304630092990394                                0.07715799607657678                                0.6985844302587392                                 0.044555278273394165                               -0.4484756560784713                                -0.31250583952658506                               
22  :
parent#1: -0.3581008555946988                                0.4654970334283256                                 0.34144876988616896                                -0.3442335034067167                                -0.41362049791066025                               -0.4989092156650051                                
parent#2: 0.5518521071087882                                 -0.5035372849204522                                -0.47039816192185024                               -0.16221581074425268                               0.3988586621391926                                 -0.18770408151181162                               
son     : 0.21885306756985368                                -0.042968629441731465                              -0.1456556785452522                                -0.5720633291626925                                -0.01667433379811312                               -0.7755688035412283                                
23  :
parent#1: -0.3581008555946988                                0.4654970334283256                                 0.34144876988616896                                -0.3442335034067167                                -0.41362049791066025                               -0.4989092156650051                                
parent#2: 7.947666652668812E-4                               -0.6218295008677601                                -0.02274557528876888                               -0.6604072831090612                                -0.40472928371952654                               0.11343062336807667                                
son     : -0.24767145284588943                               -0.10836392252289462                               0.22091334482730782                                -0.6963800810955169                                -0.5672500011397636                                -0.2671995970771836                                
24  :
parent#1: -0.3581008555946988                                0.4654970334283256                                 0.34144876988616896                                -0.3442335034067167                                -0.41362049791066025                               -0.4989092156650051                                
parent#2: 0.6708739880480264                                 -0.28631119237156777                               0.31772784926764575                                0.07510699136776756                                -0.1402422539768217                                0.5845460265284903                                 
son     : 0.3207339005312914                                 0.18374651707236983                                0.6759541222159833                                 -0.2759763770806439                                -0.5679597840724858                                0.08781645712936892                                
25  :
parent#1: -0.3581008555946988                                0.4654970334283256                                 0.34144876988616896                                -0.3442335034067167                                -0.41362049791066025                               -0.4989092156650051                                
parent#2: 0.46397277315517566                                -0.29535813919408443                               -0.5289493194549518                                -0.48254255556900205                               0.38138531023715094                                0.1985028464050217                                 
son     : 0.1148237957132323                                 0.18452479264171504                                -0.2033544427634124                                -0.8966831571950195                                -0.03496079687124224                               -0.32580688410747244                               
26  :
parent#1: -0.3581008555946988                                0.4654970334283256                                 0.34144876988616896                                -0.3442335034067167                                -0.41362049791066025                               -0.4989092156650051                                
parent#2: -0.2024131620885535                                0.201948072470656                                  0.3934345654259352                                 -0.4966033564673385                                -0.6715458441202526                                0.25664453268479315                                
son     : -0.3112527437835652                                0.3706314453911962                                 0.40807981113858344                                -0.4669156728530763                                -0.6025915334191801                                -0.13452928012597612                               
27  :
parent#1: -0.29248886448283773                               -0.2894829078378976                                0.24568137296349887                                -0.16548249693809342                               -0.3870082571678532                                0.7701498070460451                                 
parent#2: 0.15996211311586386                                0.71846026178756                                   0.1537226211062231                                 0.6506833832469361                                 -0.06809337107967343                               -0.08106021182564148                               
son     : -0.11720734535605838                               0.3793897938015551                                 0.3532349611429846                                 0.42911417704032034                                -0.40249423730615325                               0.6094344072814236                                 
28  :
parent#1: -0.29248886448283773                               -0.2894829078378976                                0.24568137296349887                                -0.16548249693809342                               -0.3870082571678532                                0.7701498070460451                                 
parent#2: -0.3581008555946988                                0.4654970334283256                                 0.34144876988616896                                -0.3442335034067167                                -0.41362049791066025                               -0.4989092156650051                                
son     : -0.48854996284682084                               0.13217499733544955                                0.4408960065358368                                 -0.3827630922314742                                -0.601219380627606                                 0.20368379141613832                                
29  :
parent#1: -0.29248886448283773                               -0.2894829078378976                                0.24568137296349887                                -0.16548249693809342                               -0.3870082571678532                                0.7701498070460451                                 
parent#2: -0.29248886448283773                               -0.2894829078378976                                0.24568137296349887                                -0.16548249693809342                               -0.3870082571678532                                0.7701498070460451                                 
son     : -0.29248886448283773                               -0.2894829078378976                                0.24568137296349887                                -0.16548249693809342                               -0.3870082571678532                                0.7701498070460451                                 
30  :
parent#1: -0.29248886448283773                               -0.2894829078378976                                0.24568137296349887                                -0.16548249693809342                               -0.3870082571678532                                0.7701498070460451                                 
parent#2: 0.755227373056183                                  -0.3978626962462222                                0.2709089546378683                                 0.38328929628908265                                0.0205004677964451                                 0.2249761640478994                                 
son     : 0.3174001575101936                                 -0.4714619573651914                                0.3543380296021493                                 0.14939736187924701                                -0.2513938821168138                                0.6825737087269856                                 
31  :
parent#1: -0.29248886448283773                               -0.2894829078378976                                0.24568137296349887                                -0.16548249693809342                               -0.3870082571678532                                0.7701498070460451                                 
parent#2: 0.5518521071087882                                 -0.5035372849204522                                -0.47039816192185024                               -0.16221581074425268                               0.3988586621391926                                 -0.18770408151181162                               
son     : 0.23741721706462532                                -0.7259187745129704                                -0.205702373713508                                 -0.2999701093301552                                0.010847682735991111                               0.5331620697191596                                 
32  :
parent#1: -0.29248886448283773                               -0.2894829078378976                                0.24568137296349887                                -0.16548249693809342                               -0.3870082571678532                                0.7701498070460451                                 
parent#2: 7.947666652668812E-4                               -0.6218295008677601                                -0.02274557528876888                               -0.6604072831090612                                -0.40472928371952654                               0.11343062336807667                                
son     : -0.1668886546243163                                -0.5213945121592752                                0.12754956517770621                                -0.47252116272247563                               -0.4529814418696138                                0.5055280528041748                                 
33  :
parent#1: -0.29248886448283773                               -0.2894829078378976                                0.24568137296349887                                -0.16548249693809342                               -0.3870082571678532                                0.7701498070460451                                 
parent#2: 0.6708739880480264                                 -0.28631119237156777                               0.31772784926764575                                0.07510699136776756                                -0.1402422539768217                                0.5845460265284903                                 
son     : 0.2216797969228737                                 -0.3373333444009797                                0.33007756962505697                                -0.0529471759694599                                -0.30889371425802503                               0.7936588374551372                                 
34  :
parent#1: -0.29248886448283773                               -0.2894829078378976                                0.24568137296349887                                -0.16548249693809342                               -0.3870082571678532                                0.7701498070460451                                 
parent#2: 0.46397277315517566                                -0.29535813919408443                               -0.5289493194549518                                -0.48254255556900205                               0.38138531023715094                                0.1985028464050217                                 
son     : 0.1274650080470584                                 -0.4347158246119847                                -0.21055474743112815                               -0.48168087123755104                               -0.004179569857715524                              0.7200052717649627                                 
35  :
parent#1: -0.29248886448283773                               -0.2894829078378976                                0.24568137296349887                                -0.16548249693809342                               -0.3870082571678532                                0.7701498070460451                                 
parent#2: -0.2024131620885535                                0.201948072470656                                  0.3934345654259352                                 -0.4966033564673385                                -0.6715458441202526                                0.25664453268479315                                
son     : -0.27350332438995956                               -0.04837536964382345                               0.3532018953955592                                 -0.36589602025367196                               -0.5850007682422755                                0.5674490107198358                                 
36  :
parent#1: 0.755227373056183                                  -0.3978626962462222                                0.2709089546378683                                 0.38328929628908265                                0.0205004677964451                                 0.2249761640478994                                 
parent#2: 0.15996211311586386                                0.71846026178756                                   0.1537226211062231                                 0.6506833832469361                                 -0.06809337107967343                               -0.08106021182564148                               
son     : 0.6152413814454485                                 0.21552355232653994                                0.2854610124061671                                 0.695094064503931                                  -0.031994602216691606                              0.09674832435805966                                
37  :
parent#1: 0.755227373056183                                  -0.3978626962462222                                0.2709089546378683                                 0.38328929628908265                                0.0205004677964451                                 0.2249761640478994                                 
parent#2: -0.6099776700785939                                -0.36209498434560855                               -0.34428382304571864                               0.2341815930188397                                 0.41210251458690944                                -0.3919357249200083                                
son     : 0.13257720959273483                                -0.6936542150242965                                -0.06697318554412357                               0.5635988634126127                                 0.39485999000445005                                -0.1523929635757521                                
38  :
parent#1: 0.755227373056183                                  -0.3978626962462222                                0.2709089546378683                                 0.38328929628908265                                0.0205004677964451                                 0.2249761640478994                                 
parent#2: -0.3581008555946988                                0.4654970334283256                                 0.34144876988616896                                -0.3442335034067167                                -0.41362049791066025                               -0.4989092156650051                                
son     : 0.45304630092990394                                0.07715799607657678                                0.6985844302587392                                 0.044555278273394165                               -0.4484756560784713                                -0.31250583952658506                               
39  :
parent#1: 0.755227373056183                                  -0.3978626962462222                                0.2709089546378683                                 0.38328929628908265                                0.0205004677964451                                 0.2249761640478994                                 
parent#2: -0.29248886448283773                               -0.2894829078378976                                0.24568137296349887                                -0.16548249693809342                               -0.3870082571678532                                0.7701498070460451                                 
son     : 0.3174001575101936                                 -0.4714619573651914                                0.3543380296021493                                 0.14939736187924701                                -0.2513938821168138                                0.6825737087269856                                 
40  :
parent#1: 0.755227373056183                                  -0.3978626962462222                                0.2709089546378683                                 0.38328929628908265                                0.0205004677964451                                 0.2249761640478994                                 
parent#2: 0.755227373056183                                  -0.3978626962462222                                0.2709089546378683                                 0.38328929628908265                                0.0205004677964451                                 0.2249761640478994                                 
son     : 0.755227373056183                                  -0.3978626962462222                                0.2709089546378683                                 0.38328929628908265                                0.0205004677964451                                 0.2249761640478994                                 
41  :
parent#1: 0.755227373056183                                  -0.3978626962462222                                0.2709089546378683                                 0.38328929628908265                                0.0205004677964451                                 0.2249761640478994                                 
parent#2: 0.5518521071087882                                 -0.5035372849204522                                -0.47039816192185024                               -0.16221581074425268                               0.3988586621391926                                 -0.18770408151181162                               
son     : 0.782963199120114                                  -0.539954167784803                                 -0.11949748297271748                               0.1324268386961195                                 0.251203366694421                                  0.02232662161955215                                
42  :
parent#1: 0.755227373056183                                  -0.3978626962462222                                0.2709089546378683                                 0.38328929628908265                                0.0205004677964451                                 0.2249761640478994                                 
parent#2: 7.947666652668812E-4                               -0.6218295008677601                                -0.02274557528876888                               -0.6604072831090612                                -0.40472928371952654                               0.11343062336807667                                
son     : 0.5330087483646448                                 -0.7189007214804163                                0.17495949558506185                                -0.19537299709062497                               -0.2708879932223242                                0.23858266672606582                                
43  :
parent#1: 0.755227373056183                                  -0.3978626962462222                                0.2709089546378683                                 0.38328929628908265                                0.0205004677964451                                 0.2249761640478994                                 
parent#2: 0.6708739880480264                                 -0.28631119237156777                               0.31772784926764575                                0.07510699136776756                                -0.1402422539768217                                0.5845460265284903                                 
son     : 0.7385911023201296                                 -0.35433999318365245                               0.3048604522234954                                 0.23740768267536075                                -0.06201538001497148                               0.4192590396432074                                 
44  :
parent#1: 0.755227373056183                                  -0.3978626962462222                                0.2709089546378683                                 0.38328929628908265                                0.0205004677964451                                 0.2249761640478994                                 
parent#2: 0.46397277315517566                                -0.29535813919408443                               -0.5289493194549518                                -0.48254255556900205                               0.38138531023715094                                0.1985028464050217                                 
son     : 0.7895793063772526                                 -0.44894419354697873                               -0.16711229317248247                               -0.06427846966837106                               0.2602695667718851                                 0.2742537920273321                                 
45  :
parent#1: 0.5518521071087882                                 -0.5035372849204522                                -0.47039816192185024                               -0.16221581074425268                               0.3988586621391926                                 -0.18770408151181162                               
parent#2: 0.15996211311586386                                0.71846026178756                                   0.1537226211062231                                 0.6506833832469361                                 -0.06809337107967343                               -0.08106021182564148                               
son     : 0.6870475940477626                                 0.20744501861107292                                -0.30565723784288007                               0.4714719949713881                                 0.31925675402386433                                -0.25941299830335873                               
46  :
parent#1: 0.5518521071087882                                 -0.5035372849204522                                -0.47039816192185024                               -0.16221581074425268                               0.3988586621391926                                 -0.18770408151181162                               
parent#2: -0.6099776700785939                                -0.36209498434560855                               -0.34428382304571864                               0.2341815930188397                                 0.41210251458690944                                -0.3919357249200083                                
son     : -0.03740145251585966                               -0.5569994088826046                                -0.5242149584360859                                0.046307074735910406                               0.5218207685882194                                 -0.37297480813774636                               
47  :
parent#1: 0.5518521071087882                                 -0.5035372849204522                                -0.47039816192185024                               -0.16221581074425268                               0.3988586621391926                                 -0.18770408151181162                               
parent#2: -0.3581008555946988                                0.4654970334283256                                 0.34144876988616896                                -0.3442335034067167                                -0.41362049791066025                               -0.4989092156650051                                
son     : 0.21885306756985368                                -0.042968629441731465                              -0.1456556785452522                                -0.5720633291626925                                -0.01667433379811312                               -0.7755688035412283                                
48  :
parent#1: 0.5518521071087882                                 -0.5035372849204522                                -0.47039816192185024                               -0.16221581074425268                               0.3988586621391926                                 -0.18770408151181162                               
parent#2: -0.29248886448283773                               -0.2894829078378976                                0.24568137296349887                                -0.16548249693809342                               -0.3870082571678532                                0.7701498070460451                                 
son     : 0.23741721706462532                                -0.7259187745129704                                -0.205702373713508                                 -0.2999701093301552                                0.010847682735991111                               0.5331620697191596                                 
49  :
parent#1: 0.5518521071087882                                 -0.5035372849204522                                -0.47039816192185024                               -0.16221581074425268                               0.3988586621391926                                 -0.18770408151181162                               
parent#2: 0.755227373056183                                  -0.3978626962462222                                0.2709089546378683                                 0.38328929628908265                                0.0205004677964451                                 0.2249761640478994                                 
son     : 0.782963199120114                                  -0.539954167784803                                 -0.11949748297271748                               0.1324268386961195                                 0.251203366694421                                  0.02232662161955215                                
50  :
parent#1: 0.5518521071087882                                 -0.5035372849204522                                -0.47039816192185024                               -0.16221581074425268                               0.3988586621391926                                 -0.18770408151181162                               
parent#2: 0.5518521071087882                                 -0.5035372849204522                                -0.47039816192185024                               -0.16221581074425268                               0.3988586621391926                                 -0.18770408151181162                               
son     : 0.5518521071087883                                 -0.5035372849204524                                -0.4703981619218503                                -0.1622158107442527                                0.39885866213919263                                -0.18770408151181164                               
51  :
parent#1: 0.5518521071087882                                 -0.5035372849204522                                -0.47039816192185024                               -0.16221581074425268                               0.3988586621391926                                 -0.18770408151181162                               
parent#2: 7.947666652668812E-4                               -0.6218295008677601                                -0.02274557528876888                               -0.6604072831090612                                -0.40472928371952654                               0.11343062336807667                                
son     : 0.3497121048832525                                 -0.7121263253261383                                -0.3120588255067688                                -0.5205516711103875                                -0.0037148992010239807                             -0.04699986305364151                               
52  :
parent#1: 0.5518521071087882                                 -0.5035372849204522                                -0.47039816192185024                               -0.16221581074425268                               0.3988586621391926                                 -0.18770408151181162                               
parent#2: 0.6708739880480264                                 -0.28631119237156777                               0.31772784926764575                                0.07510699136776756                                -0.1402422539768217                                0.5845460265284903                                 
son     : 0.793546150143259                                  -0.512609668538409                                 -0.09908264764102712                               -0.05653340395165855                               0.1678413962652912                                 0.2575494208643357                                 
53  :
parent#1: 0.5518521071087882                                 -0.5035372849204522                                -0.47039816192185024                               -0.16221581074425268                               0.3988586621391926                                 -0.18770408151181162                               
parent#2: 0.46397277315517566                                -0.29535813919408443                               -0.5289493194549518                                -0.48254255556900205                               0.38138531023715094                                0.1985028464050217                                 
son     : 0.528570980509796                                  -0.41569462006018365                               -0.5199971849124929                                -0.33549144985062157                               0.4059895849456409                                 0.005618993843127373                               
54  :
parent#1: 0.5518521071087882                                 -0.5035372849204522                                -0.47039816192185024                               -0.16221581074425268                               0.3988586621391926                                 -0.18770408151181162                               
parent#2: -0.2024131620885535                                0.201948072470656                                  0.3934345654259352                                 -0.4966033564673385                                -0.6715458441202526                                0.25664453268479315                                
son     : 0.40838896578425854                                -0.35246702841587757                               -0.089947282705377                                 -0.7699613399439731                                -0.31868925264017284                               0.08057064032632019                                
55  :
parent#1: 7.947666652668812E-4                               -0.6218295008677601                                -0.02274557528876888                               -0.6604072831090612                                -0.40472928371952654                               0.11343062336807667                                
parent#2: 0.15996211311586386                                0.71846026178756                                   0.1537226211062231                                 0.6506833832469361                                 -0.06809337107967343                               -0.08106021182564148                               
son     : 0.3054211942880837                                 0.18358830082590172                                0.2488426362365077                                 -0.018474388860193404                              -0.898313404140757                                 0.061500383475642656                               
56  :
parent#1: 7.947666652668812E-4                               -0.6218295008677601                                -0.02274557528876888                               -0.6604072831090612                                -0.40472928371952654                               0.11343062336807667                                
parent#2: -0.6099776700785939                                -0.36209498434560855                               -0.34428382304571864                               0.2341815930188397                                 0.41210251458690944                                -0.3919357249200083                                
son     : -0.46272415013213375                               -0.7473709762101524                                -0.2787887930968463                                -0.32375320959666526                               0.005600570810049307                               -0.21154736237836094                               
57  :
parent#1: 7.947666652668812E-4                               -0.6218295008677601                                -0.02274557528876888                               -0.6604072831090612                                -0.40472928371952654                               0.11343062336807667                                
parent#2: -0.3581008555946988                                0.4654970334283256                                 0.34144876988616896                                -0.3442335034067167                                -0.41362049791066025                               -0.4989092156650051                                
son     : -0.24767145284588943                               -0.10836392252289462                               0.22091334482730782                                -0.6963800810955169                                -0.5672500011397636                                -0.2671995970771836                                
58  :
parent#1: 7.947666652668812E-4                               -0.6218295008677601                                -0.02274557528876888                               -0.6604072831090612                                -0.40472928371952654                               0.11343062336807667                                
parent#2: -0.29248886448283773                               -0.2894829078378976                                0.24568137296349887                                -0.16548249693809342                               -0.3870082571678532                                0.7701498070460451                                 
son     : -0.1668886546243163                                -0.5213945121592752                                0.12754956517770621                                -0.47252116272247563                               -0.4529814418696138                                0.5055280528041748                                 
59  :
parent#1: 7.947666652668812E-4                               -0.6218295008677601                                -0.02274557528876888                               -0.6604072831090612                                -0.40472928371952654                               0.11343062336807667                                
parent#2: 0.755227373056183                                  -0.3978626962462222                                0.2709089546378683                                 0.38328929628908265                                0.0205004677964451                                 0.2249761640478994                                 
son     : 0.5330087483646448                                 -0.7189007214804163                                0.17495949558506185                                -0.19537299709062497                               -0.2708879932223242                                0.23858266672606582                                
60  :
parent#1: 7.947666652668812E-4                               -0.6218295008677601                                -0.02274557528876888                               -0.6604072831090612                                -0.40472928371952654                               0.11343062336807667                                
parent#2: 0.5518521071087882                                 -0.5035372849204522                                -0.47039816192185024                               -0.16221581074425268                               0.3988586621391926                                 -0.18770408151181162                               
son     : 0.3497121048832525                                 -0.7121263253261383                                -0.3120588255067688                                -0.5205516711103875                                -0.0037148992010239807                             -0.04699986305364151                               
61  :
parent#1: 7.947666652668812E-4                               -0.6218295008677601                                -0.02274557528876888                               -0.6604072831090612                                -0.40472928371952654                               0.11343062336807667                                
parent#2: 7.947666652668812E-4                               -0.6218295008677601                                -0.02274557528876888                               -0.6604072831090612                                -0.40472928371952654                               0.11343062336807667                                
son     : 7.947666652668812E-4                               -0.6218295008677601                                -0.02274557528876888                               -0.6604072831090612                                -0.40472928371952654                               0.11343062336807667                                
62  :
parent#1: 7.947666652668812E-4                               -0.6218295008677601                                -0.02274557528876888                               -0.6604072831090612                                -0.40472928371952654                               0.11343062336807667                                
parent#2: 0.46397277315517566                                -0.29535813919408443                               -0.5289493194549518                                -0.48254255556900205                               0.38138531023715094                                0.1985028464050217                                 
son     : 0.2794641504938152                                 -0.5515038007437807                                -0.3317334621752928                                -0.6872543333095286                                -0.014036702565163307                              0.1875652120077186                                 
63  :
parent#1: 7.947666652668812E-4                               -0.6218295008677601                                -0.02274557528876888                               -0.6604072831090612                                -0.40472928371952654                               0.11343062336807667                                
parent#2: -0.2024131620885535                                0.201948072470656                                  0.3934345654259352                                 -0.4966033564673385                                -0.6715458441202526                                0.25664453268479315                                
son     : -0.11663095562425657                               -0.24289039767437814                               0.214433861892023                                  -0.6693003199332179                                -0.6225969431560814                                0.21407877496805489                                
64  :
parent#1: 0.6708739880480264                                 -0.28631119237156777                               0.31772784926764575                                0.07510699136776756                                -0.1402422539768217                                0.5845460265284903                                 
parent#2: 0.15996211311586386                                0.71846026178756                                   0.1537226211062231                                 0.6506833832469361                                 -0.06809337107967343                               -0.08106021182564148                               
son     : 0.5991394756847634                                 0.31163495002786606                                0.33997630487582303                                0.5233880230944893                                 -0.1502367277829489                                0.36307790021786246                                
65  :
parent#1: 0.6708739880480264                                 -0.28631119237156777                               0.31772784926764575                                0.07510699136776756                                -0.1402422539768217                                0.5845460265284903                                 
parent#2: -0.6099776700785939                                -0.36209498434560855                               -0.34428382304571864                               0.2341815930188397                                 0.41210251458690944                                -0.3919357249200083                                
son     : 0.07663035048657608                                -0.8159375515025254                                -0.033417350112161695                              0.3892007499523956                                 0.3421019159874351                                 0.24237581863310564                                
66  :
parent#1: 0.6708739880480264                                 -0.28631119237156777                               0.31772784926764575                                0.07510699136776756                                -0.1402422539768217                                0.5845460265284903                                 
parent#2: -0.3581008555946988                                0.4654970334283256                                 0.34144876988616896                                -0.3442335034067167                                -0.41362049791066025                               -0.4989092156650051                                
son     : 0.3207339005312914                                 0.18374651707236983                                0.6759541222159833                                 -0.2759763770806439                                -0.5679597840724858                                0.08781645712936892                                
67  :
parent#1: 0.6708739880480264                                 -0.28631119237156777                               0.31772784926764575                                0.07510699136776756                                -0.1402422539768217                                0.5845460265284903                                 
parent#2: -0.29248886448283773                               -0.2894829078378976                                0.24568137296349887                                -0.16548249693809342                               -0.3870082571678532                                0.7701498070460451                                 
son     : 0.2216797969228737                                 -0.3373333444009797                                0.33007756962505697                                -0.0529471759694599                                -0.30889371425802503                               0.7936588374551372                                 
68  :
parent#1: 0.6708739880480264                                 -0.28631119237156777                               0.31772784926764575                                0.07510699136776756                                -0.1402422539768217                                0.5845460265284903                                 
parent#2: 0.755227373056183                                  -0.3978626962462222                                0.2709089546378683                                 0.38328929628908265                                0.0205004677964451                                 0.2249761640478994                                 
son     : 0.7385911023201296                                 -0.35433999318365245                               0.3048604522234954                                 0.23740768267536075                                -0.06201538001497148                               0.4192590396432074                                 
69  :
parent#1: 0.6708739880480264                                 -0.28631119237156777                               0.31772784926764575                                0.07510699136776756                                -0.1402422539768217                                0.5845460265284903                                 
parent#2: 0.5518521071087882                                 -0.5035372849204522                                -0.47039816192185024                               -0.16221581074425268                               0.3988586621391926                                 -0.18770408151181162                               
son     : 0.793546150143259                                  -0.512609668538409                                 -0.09908264764102712                               -0.05653340395165855                               0.1678413962652912                                 0.2575494208643357                                 
70  :
parent#1: 0.6708739880480264                                 -0.28631119237156777                               0.31772784926764575                                0.07510699136776756                                -0.1402422539768217                                0.5845460265284903                                 
parent#2: 7.947666652668812E-4                               -0.6218295008677601                                -0.02274557528876888                               -0.6604072831090612                                -0.40472928371952654                               0.11343062336807667                                
son     : 0.42568570693257013                                -0.5755553020488993                                0.186951882084906                                  -0.37094768322829796                               -0.345388396667975                                 0.4423589478424887                                 
71  :
parent#1: 0.6708739880480264                                 -0.28631119237156777                               0.31772784926764575                                0.07510699136776756                                -0.1402422539768217                                0.5845460265284903                                 
parent#2: 0.6708739880480264                                 -0.28631119237156777                               0.31772784926764575                                0.07510699136776756                                -0.1402422539768217                                0.5845460265284903                                 
son     : 0.6708739880480264                                 -0.28631119237156777                               0.31772784926764575                                0.07510699136776756                                -0.1402422539768217                                0.5845460265284903                                 
72  :
parent#1: 0.6708739880480264                                 -0.28631119237156777                               0.31772784926764575                                0.07510699136776756                                -0.1402422539768217                                0.5845460265284903                                 
parent#2: 0.46397277315517566                                -0.29535813919408443                               -0.5289493194549518                                -0.48254255556900205                               0.38138531023715094                                0.1985028464050217                                 
son     : 0.7165730281448498                                 -0.3672817939376026                                -0.13337096573360513                               -0.2572658670709349                                0.15226426681375319                                0.4944382988487972                                 
73  :
parent#1: 0.6708739880480264                                 -0.28631119237156777                               0.31772784926764575                                0.07510699136776756                                -0.1402422539768217                                0.5845460265284903                                 
parent#2: -0.2024131620885535                                0.201948072470656                                  0.3934345654259352                                 -0.4966033564673385                                -0.6715458441202526                                0.25664453268479315                                
son     : 0.3104783446196269                                 -0.05591272602172326                               0.47133189593287644                                -0.27935205346418013                               -0.5380228418520943                                0.5575096952862238                                 
74  :
parent#1: 0.46397277315517566                                -0.29535813919408443                               -0.5289493194549518                                -0.48254255556900205                               0.38138531023715094                                0.1985028464050217                                 
parent#2: 0.15996211311586386                                0.71846026178756                                   0.1537226211062231                                 0.6506833832469361                                 -0.06809337107967343                               -0.08106021182564148                               
son     : 0.6770227985723488                                 0.4591020464204353                                 -0.4071531100518785                                0.18244720116408997                                0.33994859092782626                                0.12743531878757888                                
75  :
parent#1: 0.46397277315517566                                -0.29535813919408443                               -0.5289493194549518                                -0.48254255556900205                               0.38138531023715094                                0.1985028464050217                                 
parent#2: -0.6099776700785939                                -0.36209498434560855                               -0.34428382304571864                               0.2341815930188397                                 0.41210251458690944                                -0.3919357249200083                                
son     : -0.10469541344177886                               -0.4714384793797748                                -0.626167387612516                                 -0.1780916544917392                                0.5689845863495019                                 -0.13870449290466014                               
76  :
parent#1: 0.46397277315517566                                -0.29535813919408443                               -0.5289493194549518                                -0.48254255556900205                               0.38138531023715094                                0.1985028464050217                                 
parent#2: -0.3581008555946988                                0.4654970334283256                                 0.34144876988616896                                -0.3442335034067167                                -0.41362049791066025                               -0.4989092156650051                                
son     : 0.1148237957132323                                 0.18452479264171504                                -0.2033544427634124                                -0.8966831571950195                                -0.03496079687124224                               -0.32580688410747244                               
77  :
parent#1: 0.46397277315517566                                -0.29535813919408443                               -0.5289493194549518                                -0.48254255556900205                               0.38138531023715094                                0.1985028464050217                                 
parent#2: -0.29248886448283773                               -0.2894829078378976                                0.24568137296349887                                -0.16548249693809342                               -0.3870082571678532                                0.7701498070460451                                 
son     : 0.1274650080470584                                 -0.4347158246119847                                -0.21055474743112815                               -0.48168087123755104                               -0.004179569857715524                              0.7200052717649627                                 
78  :
parent#1: 0.46397277315517566                                -0.29535813919408443                               -0.5289493194549518                                -0.48254255556900205                               0.38138531023715094                                0.1985028464050217                                 
parent#2: 0.755227373056183                                  -0.3978626962462222                                0.2709089546378683                                 0.38328929628908265                                0.0205004677964451                                 0.2249761640478994                                 
son     : 0.7895793063772526                                 -0.44894419354697873                               -0.16711229317248247                               -0.06427846966837106                               0.2602695667718851                                 0.2742537920273321                                 
79  :
parent#1: 0.46397277315517566                                -0.29535813919408443                               -0.5289493194549518                                -0.48254255556900205                               0.38138531023715094                                0.1985028464050217                                 
parent#2: 0.5518521071087882                                 -0.5035372849204522                                -0.47039816192185024                               -0.16221581074425268                               0.3988586621391926                                 -0.18770408151181162                               
son     : 0.528570980509796                                  -0.41569462006018365                               -0.5199971849124929                                -0.33549144985062157                               0.4059895849456409                                 0.005618993843127373                               
80  :
parent#1: 0.46397277315517566                                -0.29535813919408443                               -0.5289493194549518                                -0.48254255556900205                               0.38138531023715094                                0.1985028464050217                                 
parent#2: 7.947666652668812E-4                               -0.6218295008677601                                -0.02274557528876888                               -0.6604072831090612                                -0.40472928371952654                               0.11343062336807667                                
son     : 0.2794641504938152                                 -0.5515038007437807                                -0.3317334621752928                                -0.6872543333095286                                -0.014036702565163307                              0.1875652120077186                                 
81  :
parent#1: 0.46397277315517566                                -0.29535813919408443                               -0.5289493194549518                                -0.48254255556900205                               0.38138531023715094                                0.1985028464050217                                 
parent#2: 0.6708739880480264                                 -0.28631119237156777                               0.31772784926764575                                0.07510699136776756                                -0.1402422539768217                                0.5845460265284903                                 
son     : 0.7165730281448498                                 -0.3672817939376026                                -0.13337096573360513                               -0.2572658670709349                                0.15226426681375319                                0.4944382988487972                                 
82  :
parent#1: 0.46397277315517566                                -0.29535813919408443                               -0.5289493194549518                                -0.48254255556900205                               0.38138531023715094                                0.1985028464050217                                 
parent#2: -0.2024131620885535                                0.201948072470656                                  0.3934345654259352                                 -0.4966033564673385                                -0.6715458441202526                                0.25664453268479315                                
son     : 0.22548392239419737                                -0.0805264549446722                                -0.11682384048569515                               -0.8440969151998098                                -0.2501400542581909                                0.39237103880870017                                
83  :
parent#1: -0.2024131620885535                                0.201948072470656                                  0.3934345654259352                                 -0.4966033564673385                                -0.6715458441202526                                0.25664453268479315                                
parent#2: -0.6099776700785939                                -0.36209498434560855                               -0.34428382304571864                               0.2341815930188397                                 0.41210251458690944                                -0.3919357249200083                                
son     : -0.8850637173392334                                -0.1744729452034011                                0.05354755006893914                                -0.2858968519485438                                -0.2826519805290022                                -0.147393742988867                                 
84  :
parent#1: -0.2024131620885535                                0.201948072470656                                  0.3934345654259352                                 -0.4966033564673385                                -0.6715458441202526                                0.25664453268479315                                
parent#2: -0.3581008555946988                                0.4654970334283256                                 0.34144876988616896                                -0.3442335034067167                                -0.41362049791066025                               -0.4989092156650051                                
son     : -0.3112527437835652                                0.3706314453911962                                 0.40807981113858344                                -0.4669156728530763                                -0.6025915334191801                                -0.13452928012597612                               
85  :
parent#1: -0.2024131620885535                                0.201948072470656                                  0.3934345654259352                                 -0.4966033564673385                                -0.6715458441202526                                0.25664453268479315                                
parent#2: -0.29248886448283773                               -0.2894829078378976                                0.24568137296349887                                -0.16548249693809342                               -0.3870082571678532                                0.7701498070460451                                 
son     : -0.27350332438995956                               -0.04837536964382345                               0.3532018953955592                                 -0.36589602025367196                               -0.5850007682422755                                0.5674490107198358                                 
86  :
parent#1: -0.2024131620885535                                0.201948072470656                                  0.3934345654259352                                 -0.4966033564673385                                -0.6715458441202526                                0.25664453268479315                                
parent#2: 0.755227373056183                                  -0.3978626962462222                                0.2709089546378683                                 0.38328929628908265                                0.0205004677964451                                 0.2249761640478994                                 
son     : 0.4584557613687222                                 -0.16247445565677285                               0.5509484167711862                                 -0.09397277186827861                               -0.5399200993145145                                0.39941408674179374                                
87  :
parent#1: -0.2024131620885535                                0.201948072470656                                  0.3934345654259352                                 -0.4966033564673385                                -0.6715458441202526                                0.25664453268479315                                
parent#2: 0.5518521071087882                                 -0.5035372849204522                                -0.47039816192185024                               -0.16221581074425268                               0.3988586621391926                                 -0.18770408151181162                               
son     : 0.40838896578425854                                -0.35246702841587757                               -0.089947282705377                                 -0.7699613399439731                                -0.31868925264017284                               0.08057064032632019                                
88  :
parent#1: -0.2024131620885535                                0.201948072470656                                  0.3934345654259352                                 -0.4966033564673385                                -0.6715458441202526                                0.25664453268479315                                
parent#2: 7.947666652668812E-4                               -0.6218295008677601                                -0.02274557528876888                               -0.6604072831090612                                -0.40472928371952654                               0.11343062336807667                                
son     : -0.11663095562425657                               -0.24289039767437814                               0.214433861892023                                  -0.6693003199332179                                -0.6225969431560814                                0.21407877496805489                                
89  :
parent#1: -0.2024131620885535                                0.201948072470656                                  0.3934345654259352                                 -0.4966033564673385                                -0.6715458441202526                                0.25664453268479315                                
parent#2: 0.6708739880480264                                 -0.28631119237156777                               0.31772784926764575                                0.07510699136776756                                -0.1402422539768217                                0.5845460265284903                                 
son     : 0.3104783446196269                                 -0.05591272602172326                               0.47133189593287644                                -0.27935205346418013                               -0.5380228418520943                                0.5575096952862238                                 
90  :
parent#1: -0.2024131620885535                                0.201948072470656                                  0.3934345654259352                                 -0.4966033564673385                                -0.6715458441202526                                0.25664453268479315                                
parent#2: 0.46397277315517566                                -0.29535813919408443                               -0.5289493194549518                                -0.48254255556900205                               0.38138531023715094                                0.1985028464050217                                 
son     : 0.22548392239419737                                -0.0805264549446722                                -0.11682384048569515                               -0.8440969151998098                                -0.2501400542581909                                0.39237103880870017                                
91  :
parent#1: -0.2024131620885535                                0.201948072470656                                  0.3934345654259352                                 -0.4966033564673385                                -0.6715458441202526                                0.25664453268479315                                
parent#2: -0.2024131620885535                                0.201948072470656                                  0.3934345654259352                                 -0.4966033564673385                                -0.6715458441202526                                0.25664453268479315                                
son     : -0.20241316208855353                               0.20194807247065602                                0.39343456542593525                                -0.49660335646733855                               -0.6715458441202528                                0.2566445326847932                                 

0   :
parent#1: -0.6099776700785939                                -0.36209498434560855                               -0.34428382304571864                               0.2341815930188397                                 0.41210251458690944                                -0.3919357249200083                                
parent#2: 0.755227373056183                                  -0.3978626962462222                                0.2709089546378683                                 0.38328929628908265                                0.0205004677964451                                 0.2249761640478994                                 
son:      0.13257720959273483                                -0.6936542150242965                                -0.06697318554412357                               0.5635988634126127                                 0.39485999000445005                                -0.1523929635757521                                
mutated:  0.13257720959273483                                -0.6936542150242965                                -0.06697318554412357                               0.5635988634126127                                 0.39485999000445005                                -0.1523929635757521                                
1   :
parent#1: -0.3581008555946988                                0.4654970334283256                                 0.34144876988616896                                -0.3442335034067167                                -0.41362049791066025                               -0.4989092156650051                                
parent#2: 0.15996211311586386                                0.71846026178756                                   0.1537226211062231                                 0.6506833832469361                                 -0.06809337107967343                               -0.08106021182564148                               
son:      -0.12929182973542333                               0.772569781719575                                  0.32311507771318293                                0.1999682908605061                                 -0.31433361669459037                               -0.3784484928730257                                
mutated:  -0.12929182973542333                               0.772569781719575                                  0.32311507771318293                                0.1999682908605061                                 -0.31433361669459037                               -0.3784484928730257                                
2   :
parent#1: -0.3581008555946988                                0.4654970334283256                                 0.34144876988616896                                -0.3442335034067167                                -0.41362049791066025                               -0.4989092156650051                                
parent#2: -0.3581008555946988                                0.4654970334283256                                 0.34144876988616896                                -0.3442335034067167                                -0.41362049791066025                               -0.4989092156650051                                
son:      -0.3581008555946988                                0.4654970334283256                                 0.34144876988616896                                -0.3442335034067167                                -0.41362049791066025                               -0.4989092156650051                                
mutated:  -0.3581008555946988                                0.4654970334283256                                 0.34144876988616896                                -0.3442335034067167                                -0.41362049791066025                               -0.4989092156650051                                
3   :
parent#1: -0.29248886448283773                               -0.2894829078378976                                0.24568137296349887                                -0.16548249693809342                               -0.3870082571678532                                0.7701498070460451                                 
parent#2: -0.6099776700785939                                -0.36209498434560855                               -0.34428382304571864                               0.2341815930188397                                 0.41210251458690944                                -0.3919357249200083                                
son:      -0.7635099195428443                                -0.5512516697128126                                -0.08342021099495772                               0.05812120373722982                                0.021230387753183592                               0.3199788494698628                                 
mutated:  -0.7635099195428443                                -0.5512516697128126                                -0.08342021099495772                               0.05812120373722982                                0.021230387753183592                               0.3199788494698628                                 
4   :
parent#1: 0.755227373056183                                  -0.3978626962462222                                0.2709089546378683                                 0.38328929628908265                                0.0205004677964451                                 0.2249761640478994                                 
parent#2: -0.2024131620885535                                0.201948072470656                                  0.3934345654259352                                 -0.4966033564673385                                -0.6715458441202526                                0.25664453268479315                                
son:      0.4584557613687222                                 -0.16247445565677285                               0.5509484167711862                                 -0.09397277186827861                               -0.5399200993145145                                0.39941408674179374                                
mutated:  0.4584557613687222                                 -0.16247445565677285                               0.5509484167711862                                 -0.09397277186827861                               -0.5399200993145145                                0.39941408674179374                                
5   :
parent#1: 7.947666652668812E-4                               -0.6218295008677601                                -0.02274557528876888                               -0.6604072831090612                                -0.40472928371952654                               0.11343062336807667                                
parent#2: 0.6708739880480264                                 -0.28631119237156777                               0.31772784926764575                                0.07510699136776756                                -0.1402422539768217                                0.5845460265284903                                 
son:      0.42568570693257013                                -0.5755553020488993                                0.186951882084906                                  -0.37094768322829796                               -0.345388396667975                                 0.4423589478424887                                 
mutated:  0.42568570693257013                                -0.5755553020488993                                0.186951882084906                                  -0.37094768322829796                               -0.345388396667975                                 0.4423589478424887                                 
6   :
parent#1: 0.46397277315517566                                -0.29535813919408443                               -0.5289493194549518                                -0.48254255556900205                               0.38138531023715094                                0.1985028464050217                                 
parent#2: 0.46397277315517566                                -0.29535813919408443                               -0.5289493194549518                                -0.48254255556900205                               0.38138531023715094                                0.1985028464050217                                 
son:      0.4639727731551757                                 -0.2953581391940845                                -0.5289493194549519                                -0.4825425555690021                                0.381385310237151                                  0.19850284640502172                                
mutated:  0.4639727731551757                                 -0.2953581391940845                                -0.5289493194549519                                -0.4825425555690021                                0.381385310237151                                  0.19850284640502172                                
7   :
parent#1: -0.2024131620885535                                0.201948072470656                                  0.3934345654259352                                 -0.4966033564673385                                -0.6715458441202526                                0.25664453268479315                                
parent#2: 0.15996211311586386                                0.71846026178756                                   0.1537226211062231                                 0.6506833832469361                                 -0.06809337107967343                               -0.08106021182564148                               
son:      -0.03209024024122968                               0.6957690158699702                                 0.4136153520453232                                 0.11647450876687053                                -0.5591192840221677                                0.13273036062284932                                
mutated:  -0.03209024024122968                               0.6957690158699702                                 0.4136153520453232                                 0.11647450876687053                                -0.5591192840221677                                0.13273036062284932                                

