0   :
parent#1: 0.6893498397484201                                 0.1510233097813532                                 0.12829779899879332                                -0.35855233594257624                               0.5041579892494291                                 -0.3206140629786417                                
parent#2: 0.6893498397484201                                 0.1510233097813532                                 0.12829779899879332                                -0.35855233594257624                               0.5041579892494291                                 -0.3206140629786417                                
son     : 0.6893498397484202                                 0.15102330978135323                                0.12829779899879334                                -0.3585523359425763                                0.5041579892494292                                 -0.32061406297864176                               
1   :
parent#1: 0.6893498397484201                                 0.1510233097813532                                 0.12829779899879332                                -0.35855233594257624                               0.5041579892494291                                 -0.3206140629786417                                
parent#2: -0.31804393017868704                               0.06382250409050676                                -0.6551511177669819                                -0.37866509305000706                               0.04910216239145787                                -0.5654674918071759                                
son     : 0.2696962389078567                                 0.15605221046301732                                -0.3826773419592378                                -0.4504313210263176                                0.3733082485437441                                 -0.6436010215088719                                
2   :
parent#1: 0.6893498397484201                                 0.1510233097813532                                 0.12829779899879332                                -0.35855233594257624                               0.5041579892494291                                 -0.3206140629786417                                
parent#2: -0.0639877418325946                                0.5849509476258753                                 -0.31056907123490957                               -0.11272400071590796                               -0.2964314348061847                                -0.6758006465522123                                
son     : 0.42962324425312565                                0.5056137063756593                                 -0.12522021333433175                               -0.23482617817687798                               0.1427079711655991                                 -0.684536081666724                                 
3   :
parent#1: 0.6893498397484201                                 0.1510233097813532                                 0.12829779899879332                                -0.35855233594257624                               0.5041579892494291                                 -0.3206140629786417                                
parent#2: -0.6084390918268747                                -0.07209078696254029                               0.42929770102161235                                -0.09394955590884492                               -0.21875581426138294                               0.6193768227347047                                 
son     : 0.0893118019064807                                 0.08712817546573902                                0.6154912681076148                                 -0.49948567236739466                               0.49735239048521873                                0.3297836332231168                                 
4   :
parent#1: 0.6893498397484201                                 0.1510233097813532                                 0.12829779899879332                                -0.35855233594257624                               0.5041579892494291                                 -0.3206140629786417                                
parent#2: 0.4816275896179255                                 0.49882829240834187                                -0.4296071925710571                                -0.29023558287852025                               -0.17765288764989823                               -0.46780938173986847                               
son     : 0.6535398394297572                                 0.4320383839160527                                 -0.16816523338152933                               -0.3620981426770547                                0.1822273310492612                                 -0.44003079695807507                               
5   :
parent#1: 0.6893498397484201                                 0.1510233097813532                                 0.12829779899879332                                -0.35855233594257624                               0.5041579892494291                                 -0.3206140629786417                                
parent#2: 0.4816275896179255                                 0.49882829240834187                                -0.4296071925710571                                -0.29023558287852025                               -0.17765288764989823                               -0.46780938173986847                               
son     : 0.6469557879859806                                 0.3590378813672711                                 -0.16647106191586203                               -0.4500454647973099                                0.1803914917481142                                 -0.4355977307098936                                
6   :
parent#1: 0.6893498397484201                                 0.1510233097813532                                 0.12829779899879332                                -0.35855233594257624                               0.5041579892494291                                 -0.3206140629786417                                
parent#2: -0.4776766193153375                                -0.345043090645962                                 0.10146980248249862                                -0.5921173730815134                                -0.12377596198103001                               -0.5258808989417985                                
son     : 0.1533160730722717                                 -0.14052959009006233                               0.17545689790978727                                -0.6885752778652049                                0.27551278602338514                                -0.6131209378851611                                
7   :
parent#1: 0.6893498397484201                                 0.1510233097813532                                 0.12829779899879332                                -0.35855233594257624                               0.5041579892494291                                 -0.3206140629786417                                
parent#2: -0.38264960890916355                               0.4790744124857008                                 0.26414492176544646                                -0.597470831021331                                 0.17987767867683918                                0.40616138565991555                                
son     : 0.016778526191877315                               0.45229239165140567                                0.28170052118584477                                -0.6862459415096758                                0.49100975497593125                                0.06140698784892434                                
8   :
parent#1: 0.6893498397484201                                 0.1510233097813532                                 0.12829779899879332                                -0.35855233594257624                               0.5041579892494291                                 -0.3206140629786417                                
parent#2: -0.737277330784812                                 0.23538914996427068                                0.2545568046246003                                 -0.35755530737343344                               0.3745843685993547                                 0.26087482013284935                                
son     : -0.03804780197870493                               0.3067580720914913                                 0.3039336261987457                                 -0.5684904679787262                                0.6975999473109047                                 -0.047424699958289095                              
9   :
parent#1: 0.6893498397484201                                 0.1510233097813532                                 0.12829779899879332                                -0.35855233594257624                               0.5041579892494291                                 -0.3206140629786417                                
parent#2: -0.4776766193153375                                -0.345043090645962                                 0.10146980248249862                                -0.5921173730815134                                -0.12377596198103001                               -0.5258808989417985                                
son     : 0.1554714221121164                                 -0.14250518410966392                               0.16876152630218785                                -0.6982554114237258                                0.2793860017073044                                 -0.6011849125817714                                
10  :
parent#1: -0.31804393017868704                               0.06382250409050676                                -0.6551511177669819                                -0.37866509305000706                               0.04910216239145787                                -0.5654674918071759                                
parent#2: 0.6893498397484201                                 0.1510233097813532                                 0.12829779899879332                                -0.35855233594257624                               0.5041579892494291                                 -0.3206140629786417                                
son     : 0.2564497239299171                                 0.14838748383720332                                -0.3638815991542628                                -0.5091737062858812                                0.3821199972662519                                 -0.6119896404760526                                
11  :
parent#1: -0.31804393017868704                               0.06382250409050676                                -0.6551511177669819                                -0.37866509305000706                               0.04910216239145787                                -0.5654674918071759                                
parent#2: -0.6084390918268747                                -0.07209078696254029                               0.42929770102161235                                -0.09394955590884492                               -0.21875581426138294                               0.6193768227347047                                 
son     : -0.8585534275075868                                -0.007662053627296849                              -0.20929387852276515                               -0.4379626146581253                                -0.15721467187471966                               0.049956706969415746                               
12  :
parent#1: -0.31804393017868704                               0.06382250409050676                                -0.6551511177669819                                -0.37866509305000706                               0.04910216239145787                                -0.5654674918071759                                
parent#2: 0.4816275896179255                                 0.49882829240834187                                -0.4296071925710571                                -0.29023558287852025                               -0.17765288764989823                               -0.46780938173986847                               
son     : 0.09364239524972719                                0.3220857661084995                                 -0.6209627953996928                                -0.3829078142207406                                -0.07358802135589393                               -0.5914925838361911                                
13  :
parent#1: -0.31804393017868704                               0.06382250409050676                                -0.6551511177669819                                -0.37866509305000706                               0.04910216239145787                                -0.5654674918071759                                
parent#2: 0.4816275896179255                                 0.49882829240834187                                -0.4296071925710571                                -0.29023558287852025                               -0.17765288764989823                               -0.46780938173986847                               
son     : 0.09364239524972719                                0.3220857661084995                                 -0.6209627953996928                                -0.3829078142207406                                -0.07358802135589393                               -0.5914925838361911                                
14  :
parent#1: -0.31804393017868704                               0.06382250409050676                                -0.6551511177669819                                -0.37866509305000706                               0.04910216239145787                                -0.5654674918071759                                
parent#2: -0.4776766193153375                                -0.345043090645962                                 0.10146980248249862                                -0.5921173730815134                                -0.12377596198103001                               -0.5258808989417985                                
son     : -0.4477797622962059                                -0.15825265224163598                               -0.3115758263420321                                -0.5462932209079027                                -0.04202155675285125                               -0.6141398802665865                                
15  :
parent#1: -0.31804393017868704                               0.06382250409050676                                -0.6551511177669819                                -0.37866509305000706                               0.04910216239145787                                -0.5654674918071759                                
parent#2: -0.38264960890916355                               0.4790744124857008                                 0.26414492176544646                                -0.597470831021331                                 0.17987767867683918                                0.40616138565991555                                
son     : -0.4993190543138941                                0.3868720915104286                                 -0.27863371520809993                               -0.6956011998107074                                0.1631726158742746                                 -0.11352263126534388                               
16  :
parent#1: -0.31804393017868704                               0.06382250409050676                                -0.6551511177669819                                -0.37866509305000706                               0.04910216239145787                                -0.5654674918071759                                
parent#2: -0.737277330784812                                 0.23538914996427068                                0.2545568046246003                                 -0.35755530737343344                               0.3745843685993547                                 0.26087482013284935                                
son     : -0.7150795711032634                                0.2027440829300118                                 -0.2714403852403467                                -0.49885867711185583                               0.28708753824075445                                -0.20639022928735254                               
17  :
parent#1: -0.31804393017868704                               0.06382250409050676                                -0.6551511177669819                                -0.37866509305000706                               0.04910216239145787                                -0.5654674918071759                                
parent#2: -0.4776766193153375                                -0.345043090645962                                 0.10146980248249862                                -0.5921173730815134                                -0.12377596198103001                               -0.5258808989417985                                
son     : -0.4477797622962059                                -0.15825265224163598                               -0.3115758263420321                                -0.5462932209079027                                -0.04202155675285125                               -0.6141398802665865                                
18  :
parent#1: -0.0639877418325946                                0.5849509476258753                                 -0.31056907123490957                               -0.11272400071590796                               -0.2964314348061847                                -0.6758006465522123                                
parent#2: 0.6893498397484201                                 0.1510233097813532                                 0.12829779899879332                                -0.35855233594257624                               0.5041579892494291                                 -0.3206140629786417                                
son     : 0.41933298252104123                                0.4935033342216113                                 -0.12222096041542187                               -0.3160116554892213                                0.13928985449199668                                -0.6681401916872333                                
19  :
parent#1: -0.0639877418325946                                0.5849509476258753                                 -0.31056907123490957                               -0.11272400071590796                               -0.2964314348061847                                -0.6758006465522123                                
parent#2: -0.31804393017868704                               0.06382250409050676                                -0.6551511177669819                                -0.37866509305000706                               0.04910216239145787                                -0.5654674918071759                                
son     : -0.20894923079408095                               0.35484155798411304                                -0.5281930934990667                                -0.26876141609525084                               -0.13527480837345537                               -0.6789018862073192                                
20  :
parent#1: -0.0639877418325946                                0.5849509476258753                                 -0.31056907123490957                               -0.11272400071590796                               -0.2964314348061847                                -0.6758006465522123                                
parent#2: -0.0639877418325946                                0.5849509476258753                                 -0.31056907123490957                               -0.11272400071590796                               -0.2964314348061847                                -0.6758006465522123                                
son     : -0.0639877418325946                                0.5849509476258753                                 -0.31056907123490957                               -0.11272400071590796                               -0.2964314348061847                                -0.6758006465522123                                
21  :
parent#1: -0.0639877418325946                                0.5849509476258753                                 -0.31056907123490957                               -0.11272400071590796                               -0.2964314348061847                                -0.6758006465522123                                
parent#2: 0.4816275896179255                                 0.49882829240834187                                -0.4296071925710571                                -0.29023558287852025                               -0.17765288764989823                               -0.46780938173986847                               
son     : 0.2203654879353607                                 0.5718504647265202                                 -0.3905501460090876                                -0.2126195230840587                                -0.25014812067032133                               -0.6034198681680671                                
22  :
parent#1: -0.0639877418325946                                0.5849509476258753                                 -0.31056907123490957                               -0.11272400071590796                               -0.2964314348061847                                -0.6758006465522123                                
parent#2: 0.4816275896179255                                 0.49882829240834187                                -0.4296071925710571                                -0.29023558287852025                               -0.17765288764989823                               -0.46780938173986847                               
son     : 0.2203654879353607                                 0.5718504647265202                                 -0.3905501460090876                                -0.2126195230840587                                -0.25014812067032133                               -0.6034198681680671                                
23  :
parent#1: -0.0639877418325946                                0.5849509476258753                                 -0.31056907123490957                               -0.11272400071590796                               -0.2964314348061847                                -0.6758006465522123                                
parent#2: -0.4776766193153375                                -0.345043090645962                                 0.10146980248249862                                -0.5921173730815134                                -0.12377596198103001                               -0.5258808989417985                                
son     : -0.34175307400953464                               0.15136540906654433                                -0.13192730220950605                               -0.44470658116380263                               -0.26512205689374274                               -0.7581786648890263                                
24  :
parent#1: -0.0639877418325946                                0.5849509476258753                                 -0.31056907123490957                               -0.11272400071590796                               -0.2964314348061847                                -0.6758006465522123                                
parent#2: -0.38264960890916355                               0.4790744124857008                                 0.26414492176544646                                -0.597470831021331                                 0.17987767867683918                                0.40616138565991555                                
son     : -0.32195927760295967                               0.7670044516514802                                 -0.03346492540692641                               -0.511945126406776                                 -0.08401796908161534                               -0.1943699099641003                                
25  :
parent#1: -0.0639877418325946                                0.5849509476258753                                 -0.31056907123490957                               -0.11272400071590796                               -0.2964314348061847                                -0.6758006465522123                                
parent#2: -0.737277330784812                                 0.23538914996427068                                0.2545568046246003                                 -0.35755530737343344                               0.3745843685993547                                 0.26087482013284935                                
son     : -0.6113936111253553                                0.6259485303386606                                 -0.042739341973720285                              -0.3588397575736659                                0.05963345470152842                                -0.31660309182706253                               
26  :
parent#1: -0.0639877418325946                                0.5849509476258753                                 -0.31056907123490957                               -0.11272400071590796                               -0.2964314348061847                                -0.6758006465522123                                
parent#2: -0.4776766193153375                                -0.345043090645962                                 0.10146980248249862                                -0.5921173730815134                                -0.12377596198103001                               -0.5258808989417985                                
son     : -0.34175307400953464                               0.15136540906654433                                -0.13192730220950605                               -0.44470658116380263                               -0.26512205689374274                               -0.7581786648890263                                
27  :
parent#1: -0.6084390918268747                                -0.07209078696254029                               0.42929770102161235                                -0.09394955590884492                               -0.21875581426138294                               0.6193768227347047                                 
parent#2: 0.6893498397484201                                 0.1510233097813532                                 0.12829779899879332                                -0.35855233594257624                               0.5041579892494291                                 -0.3206140629786417                                
son     : 0.09676483515177879                                0.09439898597998975                                0.6668537620387093                                 -0.541167546904002                                 0.34132541255774773                                0.3573039421822929                                 
28  :
parent#1: -0.6084390918268747                                -0.07209078696254029                               0.42929770102161235                                -0.09394955590884492                               -0.21875581426138294                               0.6193768227347047                                 
parent#2: -0.31804393017868704                               0.06382250409050676                                -0.6551511177669819                                -0.37866509305000706                               0.04910216239145787                                -0.5654674918071759                                
son     : -0.8585534275075868                                -0.007662053627296849                              -0.20929387852276515                               -0.4379626146581253                                -0.15721467187471966                               0.049956706969415746                               
29  :
parent#1: -0.6084390918268747                                -0.07209078696254029                               0.42929770102161235                                -0.09394955590884492                               -0.21875581426138294                               0.6193768227347047                                 
parent#2: -0.6084390918268747                                -0.07209078696254029                               0.42929770102161235                                -0.09394955590884492                               -0.21875581426138294                               0.6193768227347047                                 
son     : -0.6084390918268748                                -0.0720907869625403                                0.4292977010216124                                 -0.09394955590884493                               -0.21875581426138296                               0.6193768227347048                                 
30  :
parent#1: -0.6084390918268747                                -0.07209078696254029                               0.42929770102161235                                -0.09394955590884492                               -0.21875581426138294                               0.6193768227347047                                 
parent#2: 0.4816275896179255                                 0.49882829240834187                                -0.4296071925710571                                -0.29023558287852025                               -0.17765288764989823                               -0.46780938173986847                               
son     : -0.17486719086001248                               0.5884512643731653                                 -4.2677451890084925E-4                             -0.529773520695424                                 -0.5466292483584971                                0.2090044843797875                                 
31  :
parent#1: -0.6084390918268747                                -0.07209078696254029                               0.42929770102161235                                -0.09394955590884492                               -0.21875581426138294                               0.6193768227347047                                 
parent#2: 0.4816275896179255                                 0.49882829240834187                                -0.4296071925710571                                -0.29023558287852025                               -0.17765288764989823                               -0.46780938173986847                               
son     : -0.17486719086001248                               0.5884512643731653                                 -4.2677451890084925E-4                             -0.529773520695424                                 -0.5466292483584971                                0.2090044843797875                                 
32  :
parent#1: -0.6084390918268747                                -0.07209078696254029                               0.42929770102161235                                -0.09394955590884492                               -0.21875581426138294                               0.6193768227347047                                 
parent#2: -0.4776766193153375                                -0.345043090645962                                 0.10146980248249862                                -0.5921173730815134                                -0.12377596198103001                               -0.5258808989417985                                
son     : -0.7269714850509054                                -0.2792008543465308                                0.3552594224360897                                 -0.4592062236977714                                -0.22926731608568615                               0.06257976923513608                                
33  :
parent#1: -0.6084390918268747                                -0.07209078696254029                               0.42929770102161235                                -0.09394955590884492                               -0.21875581426138294                               0.6193768227347047                                 
parent#2: -0.38264960890916355                               0.4790744124857008                                 0.26414492176544646                                -0.597470831021331                                 0.17987767867683918                                0.40616138565991555                                
son     : -0.557525886474756                                 0.22894409595427592                                0.39008840752761564                                -0.38895082131769076                               -0.021870461231331784                              0.5769050724968607                                 
34  :
parent#1: -0.6084390918268747                                -0.07209078696254029                               0.42929770102161235                                -0.09394955590884492                               -0.21875581426138294                               0.6193768227347047                                 
parent#2: -0.4776766193153375                                -0.345043090645962                                 0.10146980248249862                                -0.5921173730815134                                -0.12377596198103001                               -0.5258808989417985                                
son     : -0.7269714850509054                                -0.2792008543465308                                0.3552594224360897                                 -0.4592062236977714                                -0.22926731608568615                               0.06257976923513608                                
35  :
parent#1: 0.4816275896179255                                 0.49882829240834187                                -0.4296071925710571                                -0.29023558287852025                               -0.17765288764989823                               -0.46780938173986847                               
parent#2: 0.6893498397484201                                 0.1510233097813532                                 0.12829779899879332                                -0.35855233594257624                               0.5041579892494291                                 -0.3206140629786417                                
son     : 0.6723290237601123                                 0.37311914160939125                                -0.17299996169850493                               -0.37250841660063794                               0.18746634282259197                                -0.45268162443064713                               
36  :
parent#1: 0.4816275896179255                                 0.49882829240834187                                -0.4296071925710571                                -0.29023558287852025                               -0.17765288764989823                               -0.46780938173986847                               
parent#2: -0.31804393017868704                               0.06382250409050676                                -0.6551511177669819                                -0.37866509305000706                               0.04910216239145787                                -0.5654674918071759                                
son     : 0.09364239524972719                                0.3220857661084995                                 -0.6209627953996928                                -0.3829078142207406                                -0.07358802135589393                               -0.5914925838361911                                
37  :
parent#1: 0.4816275896179255                                 0.49882829240834187                                -0.4296071925710571                                -0.29023558287852025                               -0.17765288764989823                               -0.46780938173986847                               
parent#2: -0.0639877418325946                                0.5849509476258753                                 -0.31056907123490957                               -0.11272400071590796                               -0.2964314348061847                                -0.6758006465522123                                
son     : 0.2203654879353607                                 0.5718504647265202                                 -0.3905501460090876                                -0.2126195230840587                                -0.25014812067032133                               -0.6034198681680671                                
38  :
parent#1: 0.4816275896179255                                 0.49882829240834187                                -0.4296071925710571                                -0.29023558287852025                               -0.17765288764989823                               -0.46780938173986847                               
parent#2: -0.6084390918268747                                -0.07209078696254029                               0.42929770102161235                                -0.09394955590884492                               -0.21875581426138294                               0.6193768227347047                                 
son     : -0.17486719086001248                               0.5884512643731653                                 -4.2677451890084925E-4                             -0.529773520695424                                 -0.5466292483584971                                0.2090044843797875                                 
39  :
parent#1: 0.4816275896179255                                 0.49882829240834187                                -0.4296071925710571                                -0.29023558287852025                               -0.17765288764989823                               -0.46780938173986847                               
parent#2: 0.4816275896179255                                 0.49882829240834187                                -0.4296071925710571                                -0.29023558287852025                               -0.17765288764989823                               -0.46780938173986847                               
son     : 0.4816275896179255                                 0.49882829240834187                                -0.4296071925710571                                -0.29023558287852025                               -0.17765288764989823                               -0.46780938173986847                               
40  :
parent#1: 0.4816275896179255                                 0.49882829240834187                                -0.4296071925710571                                -0.29023558287852025                               -0.17765288764989823                               -0.46780938173986847                               
parent#2: 0.4816275896179255                                 0.49882829240834187                                -0.4296071925710571                                -0.29023558287852025                               -0.17765288764989823                               -0.46780938173986847                               
son     : 0.4816275896179255                                 0.49882829240834187                                -0.4296071925710571                                -0.29023558287852025                               -0.17765288764989823                               -0.46780938173986847                               
41  :
parent#1: 0.4816275896179255                                 0.49882829240834187                                -0.4296071925710571                                -0.29023558287852025                               -0.17765288764989823                               -0.46780938173986847                               
parent#2: -0.4776766193153375                                -0.345043090645962                                 0.10146980248249862                                -0.5921173730815134                                -0.12377596198103001                               -0.5258808989417985                                
son     : 0.0028020600101264564                              0.10906570563826569                                -0.23271768405653157                               -0.6257718340967984                                -0.21377577171258194                               -0.7047331629209103                                
42  :
parent#1: 0.4816275896179255                                 0.49882829240834187                                -0.4296071925710571                                -0.29023558287852025                               -0.17765288764989823                               -0.46780938173986847                               
parent#2: -0.38264960890916355                               0.4790744124857008                                 0.26414492176544646                                -0.597470831021331                                 0.17987767867683918                                0.40616138565991555                                
son     : 0.07407701065627746                                0.7318810564987193                                 -0.12383512282135344                               -0.6643764301031441                                0.0016650760849085107                              -0.04613853737822881                               
43  :
parent#1: 0.4816275896179255                                 0.49882829240834187                                -0.4296071925710571                                -0.29023558287852025                               -0.17765288764989823                               -0.46780938173986847                               
parent#2: -0.737277330784812                                 0.23538914996427068                                0.2545568046246003                                 -0.35755530737343344                               0.3745843685993547                                 0.26087482013284935                                
son     : -0.2398262019340686                                0.6887727708788202                                 -0.16421557673660483                               -0.6076956235023095                                0.18474233105727472                                -0.1941262671832939                                
44  :
parent#1: 0.4816275896179255                                 0.49882829240834187                                -0.4296071925710571                                -0.29023558287852025                               -0.17765288764989823                               -0.46780938173986847                               
parent#2: 0.6893498397484201                                 0.1510233097813532                                 0.12829779899879332                                -0.35855233594257624                               0.5041579892494291                                 -0.3206140629786417                                
son     : 0.6723290237601123                                 0.37311914160939125                                -0.17299996169850493                               -0.37250841660063794                               0.18746634282259197                                -0.45268162443064713                               
45  :
parent#1: 0.4816275896179255                                 0.49882829240834187                                -0.4296071925710571                                -0.29023558287852025                               -0.17765288764989823                               -0.46780938173986847                               
parent#2: -0.31804393017868704                               0.06382250409050676                                -0.6551511177669819                                -0.37866509305000706                               0.04910216239145787                                -0.5654674918071759                                
son     : 0.09364239524972719                                0.3220857661084995                                 -0.6209627953996928                                -0.3829078142207406                                -0.07358802135589393                               -0.5914925838361911                                
46  :
parent#1: 0.4816275896179255                                 0.49882829240834187                                -0.4296071925710571                                -0.29023558287852025                               -0.17765288764989823                               -0.46780938173986847                               
parent#2: -0.0639877418325946                                0.5849509476258753                                 -0.31056907123490957                               -0.11272400071590796                               -0.2964314348061847                                -0.6758006465522123                                
son     : 0.2203654879353607                                 0.5718504647265202                                 -0.3905501460090876                                -0.2126195230840587                                -0.25014812067032133                               -0.6034198681680671                                
47  :
parent#1: 0.4816275896179255                                 0.49882829240834187                                -0.4296071925710571                                -0.29023558287852025                               -0.17765288764989823                               -0.46780938173986847                               
parent#2: -0.6084390918268747                                -0.07209078696254029                               0.42929770102161235                                -0.09394955590884492                               -0.21875581426138294                               0.6193768227347047                                 
son     : -0.17486719086001248                               0.5884512643731653                                 -4.2677451890084925E-4                             -0.529773520695424                                 -0.5466292483584971                                0.2090044843797875                                 
48  :
parent#1: 0.4816275896179255                                 0.49882829240834187                                -0.4296071925710571                                -0.29023558287852025                               -0.17765288764989823                               -0.46780938173986847                               
parent#2: 0.4816275896179255                                 0.49882829240834187                                -0.4296071925710571                                -0.29023558287852025                               -0.17765288764989823                               -0.46780938173986847                               
son     : 0.4816275896179255                                 0.49882829240834187                                -0.4296071925710571                                -0.29023558287852025                               -0.17765288764989823                               -0.46780938173986847                               
49  :
parent#1: 0.4816275896179255                                 0.49882829240834187                                -0.4296071925710571                                -0.29023558287852025                               -0.17765288764989823                               -0.46780938173986847                               
parent#2: 0.4816275896179255                                 0.49882829240834187                                -0.4296071925710571                                -0.29023558287852025                               -0.17765288764989823                               -0.46780938173986847                               
son     : 0.4816275896179255                                 0.49882829240834187                                -0.4296071925710571                                -0.29023558287852025                               -0.17765288764989823                               -0.46780938173986847                               
50  :
parent#1: 0.4816275896179255                                 0.49882829240834187                                -0.4296071925710571                                -0.29023558287852025                               -0.17765288764989823                               -0.46780938173986847                               
parent#2: -0.4776766193153375                                -0.345043090645962                                 0.10146980248249862                                -0.5921173730815134                                -0.12377596198103001                               -0.5258808989417985                                
son     : 0.0028020600101264564                              0.10906570563826569                                -0.23271768405653157                               -0.6257718340967984                                -0.21377577171258194                               -0.7047331629209103                                
51  :
parent#1: 0.4816275896179255                                 0.49882829240834187                                -0.4296071925710571                                -0.29023558287852025                               -0.17765288764989823                               -0.46780938173986847                               
parent#2: -0.38264960890916355                               0.4790744124857008                                 0.26414492176544646                                -0.597470831021331                                 0.17987767867683918                                0.40616138565991555                                
son     : 0.07407701065627746                                0.7318810564987193                                 -0.12383512282135344                               -0.6643764301031441                                0.0016650760849085107                              -0.04613853737822881                               
52  :
parent#1: 0.4816275896179255                                 0.49882829240834187                                -0.4296071925710571                                -0.29023558287852025                               -0.17765288764989823                               -0.46780938173986847                               
parent#2: -0.4776766193153375                                -0.345043090645962                                 0.10146980248249862                                -0.5921173730815134                                -0.12377596198103001                               -0.5258808989417985                                
son     : 0.0028020600101264564                              0.10906570563826569                                -0.23271768405653157                               -0.6257718340967984                                -0.21377577171258194                               -0.7047331629209103                                
53  :
parent#1: -0.4776766193153375                                -0.345043090645962                                 0.10146980248249862                                -0.5921173730815134                                -0.12377596198103001                               -0.5258808989417985                                
parent#2: 0.6893498397484201                                 0.1510233097813532                                 0.12829779899879332                                -0.35855233594257624                               0.5041579892494291                                 -0.3206140629786417                                
son     : 0.15355340924517433                                -0.14074713254613494                               0.16667955667397572                                -0.689641205382973                                 0.2759392850127618                                 -0.6140700606614504                                
54  :
parent#1: -0.4776766193153375                                -0.345043090645962                                 0.10146980248249862                                -0.5921173730815134                                -0.12377596198103001                               -0.5258808989417985                                
parent#2: -0.0639877418325946                                0.5849509476258753                                 -0.31056907123490957                               -0.11272400071590796                               -0.2964314348061847                                -0.6758006465522123                                
son     : -0.34175307400953464                               0.15136540906654433                                -0.13192730220950605                               -0.44470658116380263                               -0.26512205689374274                               -0.7581786648890263                                
55  :
parent#1: -0.4776766193153375                                -0.345043090645962                                 0.10146980248249862                                -0.5921173730815134                                -0.12377596198103001                               -0.5258808989417985                                
parent#2: -0.6084390918268747                                -0.07209078696254029                               0.42929770102161235                                -0.09394955590884492                               -0.21875581426138294                               0.6193768227347047                                 
son     : -0.7269714850509054                                -0.2792008543465308                                0.3552594224360897                                 -0.4592062236977714                                -0.22926731608568615                               0.06257976923513608                                
56  :
parent#1: -0.4776766193153375                                -0.345043090645962                                 0.10146980248249862                                -0.5921173730815134                                -0.12377596198103001                               -0.5258808989417985                                
parent#2: 0.4816275896179255                                 0.49882829240834187                                -0.4296071925710571                                -0.29023558287852025                               -0.17765288764989823                               -0.46780938173986847                               
son     : 0.0028020600101264564                              0.10906570563826569                                -0.23271768405653157                               -0.6257718340967984                                -0.21377577171258194                               -0.7047331629209103                                
57  :
parent#1: -0.4776766193153375                                -0.345043090645962                                 0.10146980248249862                                -0.5921173730815134                                -0.12377596198103001                               -0.5258808989417985                                
parent#2: 0.4816275896179255                                 0.49882829240834187                                -0.4296071925710571                                -0.29023558287852025                               -0.17765288764989823                               -0.46780938173986847                               
son     : 0.0028020600101264564                              0.10906570563826569                                -0.23271768405653157                               -0.6257718340967984                                -0.21377577171258194                               -0.7047331629209103                                
58  :
parent#1: -0.4776766193153375                                -0.345043090645962                                 0.10146980248249862                                -0.5921173730815134                                -0.12377596198103001                               -0.5258808989417985                                
parent#2: -0.4776766193153375                                -0.345043090645962                                 0.10146980248249862                                -0.5921173730815134                                -0.12377596198103001                               -0.5258808989417985                                
son     : -0.4776766193153375                                -0.345043090645962                                 0.10146980248249862                                -0.5921173730815134                                -0.12377596198103001                               -0.5258808989417985                                
59  :
parent#1: -0.4776766193153375                                -0.345043090645962                                 0.10146980248249862                                -0.5921173730815134                                -0.12377596198103001                               -0.5258808989417985                                
parent#2: -0.38264960890916355                               0.4790744124857008                                 0.26414492176544646                                -0.597470831021331                                 0.17987767867683918                                0.40616138565991555                                
son     : -0.5642969848105951                                0.08791254794176358                                0.2398105273638535                                 -0.7802633637322005                                0.03679770363328062                                -0.07852528279578326                               
60  :
parent#1: -0.4776766193153375                                -0.345043090645962                                 0.10146980248249862                                -0.5921173730815134                                -0.12377596198103001                               -0.5258808989417985                                
parent#2: -0.737277330784812                                 0.23538914996427068                                0.2545568046246003                                 -0.35755530737343344                               0.3745843685993547                                 0.26087482013284935                                
son     : -0.7463538947128129                                -0.06736110919400846                               0.2187093961988173                                 -0.5833899331752286                                0.1540731902561995                                 -0.16279491006661279                               
61  :
parent#1: -0.4776766193153375                                -0.345043090645962                                 0.10146980248249862                                -0.5921173730815134                                -0.12377596198103001                               -0.5258808989417985                                
parent#2: -0.4776766193153375                                -0.345043090645962                                 0.10146980248249862                                -0.5921173730815134                                -0.12377596198103001                               -0.5258808989417985                                
son     : -0.4776766193153375                                -0.345043090645962                                 0.10146980248249862                                -0.5921173730815134                                -0.12377596198103001                               -0.5258808989417985                                
62  :
parent#1: -0.38264960890916355                               0.4790744124857008                                 0.26414492176544646                                -0.597470831021331                                 0.17987767867683918                                0.40616138565991555                                
parent#2: 0.6893498397484201                                 0.1510233097813532                                 0.12829779899879332                                -0.35855233594257624                               0.5041579892494291                                 -0.3206140629786417                                
son     : 0.21503358439675843                                0.4417739477031241                                 0.27514933616264253                                -0.6702867089341508                                0.47959090583960895                                0.059978916159804406                               
63  :
parent#1: -0.38264960890916355                               0.4790744124857008                                 0.26414492176544646                                -0.597470831021331                                 0.17987767867683918                                0.40616138565991555                                
parent#2: -0.31804393017868704                               0.06382250409050676                                -0.6551511177669819                                -0.37866509305000706                               0.04910216239145787                                -0.5654674918071759                                
son     : -0.4993190543138941                                0.3868720915104286                                 -0.27863371520809993                               -0.6956011998107074                                0.1631726158742746                                 -0.11352263126534388                               
64  :
parent#1: -0.38264960890916355                               0.4790744124857008                                 0.26414492176544646                                -0.597470831021331                                 0.17987767867683918                                0.40616138565991555                                
parent#2: -0.0639877418325946                                0.5849509476258753                                 -0.31056907123490957                               -0.11272400071590796                               -0.2964314348061847                                -0.6758006465522123                                
son     : -0.32195927760295967                               0.7670044516514802                                 -0.03346492540692641                               -0.511945126406776                                 -0.08401796908161534                               -0.1943699099641003                                
65  :
parent#1: -0.38264960890916355                               0.4790744124857008                                 0.26414492176544646                                -0.597470831021331                                 0.17987767867683918                                0.40616138565991555                                
parent#2: -0.6084390918268747                                -0.07209078696254029                               0.42929770102161235                                -0.09394955590884492                               -0.21875581426138294                               0.6193768227347047                                 
son     : -0.557525886474756                                 0.22894409595427592                                0.39008840752761564                                -0.38895082131769076                               -0.021870461231331784                              0.5769050724968607                                 
66  :
parent#1: -0.38264960890916355                               0.4790744124857008                                 0.26414492176544646                                -0.597470831021331                                 0.17987767867683918                                0.40616138565991555                                
parent#2: 0.4816275896179255                                 0.49882829240834187                                -0.4296071925710571                                -0.29023558287852025                               -0.17765288764989823                               -0.46780938173986847                               
son     : 0.07407701065627746                                0.7318810564987193                                 -0.12383512282135344                               -0.6643764301031441                                0.0016650760849085107                              -0.04613853737822881                               
67  :
parent#1: -0.38264960890916355                               0.4790744124857008                                 0.26414492176544646                                -0.597470831021331                                 0.17987767867683918                                0.40616138565991555                                
parent#2: -0.4776766193153375                                -0.345043090645962                                 0.10146980248249862                                -0.5921173730815134                                -0.12377596198103001                               -0.5258808989417985                                
son     : -0.5642969848105951                                0.08791254794176358                                0.2398105273638535                                 -0.7802633637322005                                0.03679770363328062                                -0.07852528279578326                               
68  :
parent#1: -0.38264960890916355                               0.4790744124857008                                 0.26414492176544646                                -0.597470831021331                                 0.17987767867683918                                0.40616138565991555                                
parent#2: -0.38264960890916355                               0.4790744124857008                                 0.26414492176544646                                -0.597470831021331                                 0.17987767867683918                                0.40616138565991555                                
son     : -0.3826496089091636                                0.4790744124857009                                 0.2641449217654465                                 -0.5974708310213311                                0.1798776786768392                                 0.4061613856599156                                 
69  :
parent#1: -0.38264960890916355                               0.4790744124857008                                 0.26414492176544646                                -0.597470831021331                                 0.17987767867683918                                0.40616138565991555                                
parent#2: -0.737277330784812                                 0.23538914996427068                                0.2545568046246003                                 -0.35755530737343344                               0.3745843685993547                                 0.26087482013284935                                
son     : -0.5823650362009969                                0.37152298392265304                                0.2697262999577472                                 -0.4966161737399959                                0.2883217634913872                                 0.34686063024792224                                
70  :
parent#1: -0.38264960890916355                               0.4790744124857008                                 0.26414492176544646                                -0.597470831021331                                 0.17987767867683918                                0.40616138565991555                                
parent#2: -0.4776766193153375                                -0.345043090645962                                 0.10146980248249862                                -0.5921173730815134                                -0.12377596198103001                               -0.5258808989417985                                
son     : -0.5642969848105951                                0.08791254794176358                                0.2398105273638535                                 -0.7802633637322005                                0.03679770363328062                                -0.07852528279578326                               
71  :
parent#1: -0.737277330784812                                 0.23538914996427068                                0.2545568046246003                                 -0.35755530737343344                               0.3745843685993547                                 0.26087482013284935                                
parent#2: 0.6893498397484201                                 0.1510233097813532                                 0.12829779899879332                                -0.35855233594257624                               0.5041579892494291                                 -0.3206140629786417                                
son     : -0.03804780197870493                               0.3067580720914913                                 0.3039336261987457                                 -0.5684904679787262                                0.6975999473109047                                 -0.047424699958289095                              
72  :
parent#1: -0.737277330784812                                 0.23538914996427068                                0.2545568046246003                                 -0.35755530737343344                               0.3745843685993547                                 0.26087482013284935                                
parent#2: -0.31804393017868704                               0.06382250409050676                                -0.6551511177669819                                -0.37866509305000706                               0.04910216239145787                                -0.5654674918071759                                
son     : -0.7150795711032634                                0.2027440829300118                                 -0.2714403852403467                                -0.49885867711185583                               0.28708753824075445                                -0.20639022928735254                               
73  :
parent#1: -0.737277330784812                                 0.23538914996427068                                0.2545568046246003                                 -0.35755530737343344                               0.3745843685993547                                 0.26087482013284935                                
parent#2: -0.0639877418325946                                0.5849509476258753                                 -0.31056907123490957                               -0.11272400071590796                               -0.2964314348061847                                -0.6758006465522123                                
son     : -0.6113936111253553                                0.6259485303386606                                 -0.042739341973720285                              -0.3588397575736659                                0.05963345470152842                                -0.31660309182706253                               
74  :
parent#1: -0.737277330784812                                 0.23538914996427068                                0.2545568046246003                                 -0.35755530737343344                               0.3745843685993547                                 0.26087482013284935                                
parent#2: -0.6084390918268747                                -0.07209078696254029                               0.42929770102161235                                -0.09394955590884492                               -0.21875581426138294                               0.6193768227347047                                 
son     : -0.7398673386763603                                0.0897805237524098                                 0.3759793702690802                                 -0.24823484055264894                               0.08567366486028831                                0.4839574143785554                                 
75  :
parent#1: -0.737277330784812                                 0.23538914996427068                                0.2545568046246003                                 -0.35755530737343344                               0.3745843685993547                                 0.26087482013284935                                
parent#2: 0.4816275896179255                                 0.49882829240834187                                -0.4296071925710571                                -0.29023558287852025                               -0.17765288764989823                               -0.46780938173986847                               
son     : -0.2398262019340686                                0.6887727708788202                                 -0.16421557673660483                               -0.6076956235023095                                0.18474233105727472                                -0.1941262671832939                                
76  :
parent#1: -0.737277330784812                                 0.23538914996427068                                0.2545568046246003                                 -0.35755530737343344                               0.3745843685993547                                 0.26087482013284935                                
parent#2: 0.4816275896179255                                 0.49882829240834187                                -0.4296071925710571                                -0.29023558287852025                               -0.17765288764989823                               -0.46780938173986847                               
son     : -0.2398262019340686                                0.6887727708788202                                 -0.16421557673660483                               -0.6076956235023095                                0.18474233105727472                                -0.1941262671832939                                
77  :
parent#1: -0.737277330784812                                 0.23538914996427068                                0.2545568046246003                                 -0.35755530737343344                               0.3745843685993547                                 0.26087482013284935                                
parent#2: -0.4776766193153375                                -0.345043090645962                                 0.10146980248249862                                -0.5921173730815134                                -0.12377596198103001                               -0.5258808989417985                                
son     : -0.7463538947128129                                -0.06736110919400846                               0.2187093961988173                                 -0.5833899331752286                                0.1540731902561995                                 -0.16279491006661279                               
78  :
parent#1: -0.737277330784812                                 0.23538914996427068                                0.2545568046246003                                 -0.35755530737343344                               0.3745843685993547                                 0.26087482013284935                                
parent#2: -0.38264960890916355                               0.4790744124857008                                 0.26414492176544646                                -0.597470831021331                                 0.17987767867683918                                0.40616138565991555                                
son     : -0.5823650362009969                                0.37152298392265304                                0.2697262999577472                                 -0.4966161737399959                                0.2883217634913872                                 0.34686063024792224                                
79  :
parent#1: -0.737277330784812                                 0.23538914996427068                                0.2545568046246003                                 -0.35755530737343344                               0.3745843685993547                                 0.26087482013284935                                
parent#2: -0.737277330784812                                 0.23538914996427068                                0.2545568046246003                                 -0.35755530737343344                               0.3745843685993547                                 0.26087482013284935                                
son     : -0.737277330784812                                 0.23538914996427068                                0.2545568046246003                                 -0.35755530737343344                               0.3745843685993547                                 0.26087482013284935                                
80  :
parent#1: -0.737277330784812                                 0.23538914996427068                                0.2545568046246003                                 -0.35755530737343344                               0.3745843685993547                                 0.26087482013284935                                
parent#2: -0.4776766193153375                                -0.345043090645962                                 0.10146980248249862                                -0.5921173730815134                                -0.12377596198103001                               -0.5258808989417985                                
son     : -0.7463538947128129                                -0.06736110919400846                               0.2187093961988173                                 -0.5833899331752286                                0.1540731902561995                                 -0.16279491006661279                               
81  :
parent#1: -0.4776766193153375                                -0.345043090645962                                 0.10146980248249862                                -0.5921173730815134                                -0.12377596198103001                               -0.5258808989417985                                
parent#2: 0.6893498397484201                                 0.1510233097813532                                 0.12829779899879332                                -0.35855233594257624                               0.5041579892494291                                 -0.3206140629786417                                
son     : 0.15355340924517433                                -0.14074713254613494                               0.16667955667397572                                -0.689641205382973                                 0.2759392850127618                                 -0.6140700606614504                                
82  :
parent#1: -0.4776766193153375                                -0.345043090645962                                 0.10146980248249862                                -0.5921173730815134                                -0.12377596198103001                               -0.5258808989417985                                
parent#2: -0.31804393017868704                               0.06382250409050676                                -0.6551511177669819                                -0.37866509305000706                               0.04910216239145787                                -0.5654674918071759                                
son     : -0.4477797622962059                                -0.15825265224163598                               -0.3115758263420321                                -0.5462932209079027                                -0.04202155675285125                               -0.6141398802665865                                
83  :
parent#1: -0.4776766193153375                                -0.345043090645962                                 0.10146980248249862                                -0.5921173730815134                                -0.12377596198103001                               -0.5258808989417985                                
parent#2: -0.0639877418325946                                0.5849509476258753                                 -0.31056907123490957                               -0.11272400071590796                               -0.2964314348061847                                -0.6758006465522123                                
son     : -0.34175307400953464                               0.15136540906654433                                -0.13192730220950605                               -0.44470658116380263                               -0.26512205689374274                               -0.7581786648890263                                
84  :
parent#1: -0.4776766193153375                                -0.345043090645962                                 0.10146980248249862                                -0.5921173730815134                                -0.12377596198103001                               -0.5258808989417985                                
parent#2: -0.6084390918268747                                -0.07209078696254029                               0.42929770102161235                                -0.09394955590884492                               -0.21875581426138294                               0.6193768227347047                                 
son     : -0.7269714850509054                                -0.2792008543465308                                0.3552594224360897                                 -0.4592062236977714                                -0.22926731608568615                               0.06257976923513608                                
85  :
parent#1: -0.4776766193153375                                -0.345043090645962                                 0.10146980248249862                                -0.5921173730815134                                -0.12377596198103001                               -0.5258808989417985                                
parent#2: 0.4816275896179255                                 0.49882829240834187                                -0.4296071925710571                                -0.29023558287852025                               -0.17765288764989823                               -0.46780938173986847                               
son     : 0.0028020600101264564                              0.10906570563826569                                -0.23271768405653157                               -0.6257718340967984                                -0.21377577171258194                               -0.7047331629209103                                
86  :
parent#1: -0.4776766193153375                                -0.345043090645962                                 0.10146980248249862                                -0.5921173730815134                                -0.12377596198103001                               -0.5258808989417985                                
parent#2: -0.4776766193153375                                -0.345043090645962                                 0.10146980248249862                                -0.5921173730815134                                -0.12377596198103001                               -0.5258808989417985                                
son     : -0.4776766193153375                                -0.345043090645962                                 0.10146980248249862                                -0.5921173730815134                                -0.12377596198103001                               -0.5258808989417985                                
87  :
parent#1: -0.4776766193153375                                -0.345043090645962                                 0.10146980248249862                                -0.5921173730815134                                -0.12377596198103001                               -0.5258808989417985                                
parent#2: -0.38264960890916355                               0.4790744124857008                                 0.26414492176544646                                -0.597470831021331                                 0.17987767867683918                                0.40616138565991555                                
son     : -0.5642969848105951                                0.08791254794176358                                0.2398105273638535                                 -0.7802633637322005                                0.03679770363328062                                -0.07852528279578326                               
88  :
parent#1: -0.4776766193153375                                -0.345043090645962                                 0.10146980248249862                                -0.5921173730815134                                -0.12377596198103001                               -0.5258808989417985                                
parent#2: -0.737277330784812                                 0.23538914996427068                                0.2545568046246003                                 -0.35755530737343344                               0.3745843685993547                                 0.26087482013284935                                
son     : -0.7463538947128129                                -0.06736110919400846                               0.2187093961988173                                 -0.5833899331752286                                0.1540731902561995                                 -0.16279491006661279                               
89  :
parent#1: -0.4776766193153375                                -0.345043090645962                                 0.10146980248249862                                -0.5921173730815134                                -0.12377596198103001                               -0.5258808989417985                                
parent#2: -0.4776766193153375                                -0.345043090645962                                 0.10146980248249862                                -0.5921173730815134                                -0.12377596198103001                               -0.5258808989417985                                
son     : -0.4776766193153375                                -0.345043090645962                                 0.10146980248249862                                -0.5921173730815134                                -0.12377596198103001                               -0.5258808989417985                                

0   :
parent#1: -0.31804393017868704                               0.06382250409050676                                -0.6551511177669819                                -0.37866509305000706                               0.04910216239145787                                -0.5654674918071759                                
parent#2: -0.31804393017868704                               0.06382250409050676                                -0.6551511177669819                                -0.37866509305000706                               0.04910216239145787                                -0.5654674918071759                                
son:      -0.31804393017868704                               0.06382250409050676                                -0.6551511177669819                                -0.37866509305000706                               0.04910216239145787                                -0.5654674918071759                                
mutated:  -0.31804393017868704                               0.06382250409050676                                -0.6551511177669819                                -0.37866509305000706                               0.04910216239145787                                -0.5654674918071759                                
1   :
parent#1: -0.31804393017868704                               0.06382250409050676                                -0.6551511177669819                                -0.37866509305000706                               0.04910216239145787                                -0.5654674918071759                                
parent#2: -0.0639877418325946                                0.5849509476258753                                 -0.31056907123490957                               -0.11272400071590796                               -0.2964314348061847                                -0.6758006465522123                                
son:      -0.20894923079408095                               0.35484155798411304                                -0.5281930934990667                                -0.26876141609525084                               -0.13527480837345537                               -0.6789018862073192                                
mutated:  -0.20894923079408095                               0.35484155798411304                                -0.5281930934990667                                -0.26876141609525084                               -0.13527480837345537                               -0.6789018862073192                                
2   :
parent#1: -0.0639877418325946                                0.5849509476258753                                 -0.31056907123490957                               -0.11272400071590796                               -0.2964314348061847                                -0.6758006465522123                                
parent#2: -0.6084390918268747                                -0.07209078696254029                               0.42929770102161235                                -0.09394955590884492                               -0.21875581426138294                               0.6193768227347047                                 
son:      -0.6591800996985371                                0.50275687244312                                   0.116389688962805                                  -0.20260211050701182                               -0.5050381174641749                                -0.05531228075325864                               
mutated:  -0.6591800996985371                                0.50275687244312                                   0.116389688962805                                  -0.20260211050701182                               -0.5050381174641749                                -0.05531228075325864                               
3   :
parent#1: -0.6084390918268747                                -0.07209078696254029                               0.42929770102161235                                -0.09394955590884492                               -0.21875581426138294                               0.6193768227347047                                 
parent#2: -0.0639877418325946                                0.5849509476258753                                 -0.31056907123490957                               -0.11272400071590796                               -0.2964314348061847                                -0.6758006465522123                                
son:      -0.6591800996985371                                0.50275687244312                                   0.116389688962805                                  -0.20260211050701182                               -0.5050381174641749                                -0.05531228075325864                               
mutated:  -0.6591800996985371                                0.50275687244312                                   0.116389688962805                                  -0.20260211050701182                               -0.5050381174641749                                -0.05531228075325864                               
4   :
parent#1: -0.6084390918268747                                -0.07209078696254029                               0.42929770102161235                                -0.09394955590884492                               -0.21875581426138294                               0.6193768227347047                                 
parent#2: -0.737277330784812                                 0.23538914996427068                                0.2545568046246003                                 -0.35755530737343344                               0.3745843685993547                                 0.26087482013284935                                
son:      -0.7398673386763603                                0.0897805237524098                                 0.3759793702690802                                 -0.24823484055264894                               0.08567366486028831                                0.4839574143785554                                 
mutated:  -0.7398673386763603                                0.0897805237524098                                 0.3759793702690802                                 -0.24823484055264894                               0.08567366486028831                                0.4839574143785554                                 
5   :
parent#1: 0.4816275896179255                                 0.49882829240834187                                -0.4296071925710571                                -0.29023558287852025                               -0.17765288764989823                               -0.46780938173986847                               
parent#2: -0.4776766193153375                                -0.345043090645962                                 0.10146980248249862                                -0.5921173730815134                                -0.12377596198103001                               -0.5258808989417985                                
son:      0.0028020600101264564                              0.10906570563826569                                -0.23271768405653157                               -0.6257718340967984                                -0.21377577171258194                               -0.7047331629209103                                
mutated:  0.0028020600101264564                              0.10906570563826569                                -0.23271768405653157                               -0.6257718340967984                                -0.21377577171258194                               -0.7047331629209103                                
6   :
parent#1: 0.4816275896179255                                 0.49882829240834187                                -0.4296071925710571                                -0.29023558287852025                               -0.17765288764989823                               -0.46780938173986847                               
parent#2: -0.737277330784812                                 0.23538914996427068                                0.2545568046246003                                 -0.35755530737343344                               0.3745843685993547                                 0.26087482013284935                                
son:      -0.2398262019340686                                0.6887727708788202                                 -0.16421557673660483                               -0.6076956235023095                                0.18474233105727472                                -0.1941262671832939                                
mutated:  -0.2398262019340686                                0.6887727708788202                                 -0.16421557673660483                               -0.6076956235023095                                0.18474233105727472                                -0.1941262671832939                                
7   :
parent#1: -0.4776766193153375                                -0.345043090645962                                 0.10146980248249862                                -0.5921173730815134                                -0.12377596198103001                               -0.5258808989417985                                
parent#2: -0.31804393017868704                               0.06382250409050676                                -0.6551511177669819                                -0.37866509305000706                               0.04910216239145787                                -0.5654674918071759                                
son:      -0.4477797622962059                                -0.15825265224163598                               -0.3115758263420321                                -0.5462932209079027                                -0.04202155675285125                               -0.6141398802665865                                
mutated:  -0.4477797622962059                                -0.15825265224163598                               -0.3115758263420321                                -0.5462932209079027                                -0.04202155675285125                               -0.6141398802665865                                
8   :
parent#1: -0.38264960890916355                               0.4790744124857008                                 0.26414492176544646                                -0.597470831021331                                 0.17987767867683918                                0.40616138565991555                                
parent#2: 0.4816275896179255                                 0.49882829240834187                                -0.4296071925710571                                -0.29023558287852025                               -0.17765288764989823                               -0.46780938173986847                               
son:      0.07407701065627746                                0.7318810564987193                                 -0.12383512282135344                               -0.6643764301031441                                0.0016650760849085107                              -0.04613853737822881                               
mutated:  0.07407701065627746                                0.7318810564987193                                 -0.12383512282135344                               -0.6643764301031441                                0.0016650760849085107                              -0.04613853737822881                               
9   :
parent#1: -0.4776766193153375                                -0.345043090645962                                 0.10146980248249862                                -0.5921173730815134                                -0.12377596198103001                               -0.5258808989417985                                
parent#2: 0.4816275896179255                                 0.49882829240834187                                -0.4296071925710571                                -0.29023558287852025                               -0.17765288764989823                               -0.46780938173986847                               
son:      0.0028020600101264564                              0.10906570563826569                                -0.23271768405653157                               -0.6257718340967984                                -0.21377577171258194                               -0.7047331629209103                                
mutated:  0.0028020600101264564                              0.10906570563826569                                -0.23271768405653157                               -0.6257718340967984                                -0.21377577171258194                               -0.7047331629209103                                

