0   :
parent#1: 0.29085527417441626                                0.25733626516347335                                -0.21183211697599721                               -0.24419522650199865                               0.6607173766948191                                 -0.5550942711119088                                
parent#2: 0.29085527417441626                                0.25733626516347335                                -0.21183211697599721                               -0.24419522650199865                               0.6607173766948191                                 -0.5550942711119088                                
son     : 0.2881614558769041                                 0.2549528903332301                                 -0.24996628619451627                               -0.24193356021046106                               0.6545980014698837                                 -0.5499531468582405                                
1   :
parent#1: 0.29085527417441626                                0.25733626516347335                                -0.21183211697599721                               -0.24419522650199865                               0.6607173766948191                                 -0.5550942711119088                                
parent#2: -0.26015795454750607                               -0.06129357055600976                               -0.254356736484043                                 0.44339655319043864                                0.464732240419716                                  -0.6717790029709548                                
son     : -0.060390143307063195                              0.11173239308953066                                -0.26569924644757326                               0.11353262095317797                                0.6414377198481722                                 -0.6992430256345147                                
2   :
parent#1: 0.29085527417441626                                0.25733626516347335                                -0.21183211697599721                               -0.24419522650199865                               0.6607173766948191                                 -0.5550942711119088                                
parent#2: -0.21277315511615508                               0.4774718557240536                                 -0.06485251024311009                               0.6463067750128703                                 0.01829717410385328                                -0.5518107731467271                                
son     : 0.04967655598959194                                0.46749162547240125                                -0.17602928226440273                               0.2558270330593493                                 0.4319952475332965                                 -0.7042230803860101                                
3   :
parent#1: 0.29085527417441626                                0.25733626516347335                                -0.21183211697599721                               -0.24419522650199865                               0.6607173766948191                                 -0.5550942711119088                                
parent#2: -0.18628923436773914                               -0.5349839341810874                                0.5639996316837269                                 -0.4851295709639006                                0.34055424095676134                                0.09831091053476099                                
son     : 0.07014577338765912                                -0.18625368722511093                               0.23624364781199347                                -0.46422216679048856                               0.7714796827768532                                 -0.3064228324754054                                
4   :
parent#1: 0.29085527417441626                                0.25733626516347335                                -0.21183211697599721                               -0.24419522650199865                               0.6607173766948191                                 -0.5550942711119088                                
parent#2: -0.3421741524732287                                0.12357659631713436                                0.5871220511618845                                 -0.5040255266265009                                0.5152318057062633                                 -0.05854764007970732                               
son     : -0.02958822338582969                               0.21961771592900609                                0.21637578168582686                                -0.4313914005792306                                0.6780009277808432                                 -0.5082227055351324                                
5   :
parent#1: 0.29085527417441626                                0.25733626516347335                                -0.21183211697599721                               -0.24419522650199865                               0.6607173766948191                                 -0.5550942711119088                                
parent#2: 0.513609862146599                                  -0.03969687532329356                               0.26515001486809464                                -0.16278093320038586                               -0.618123056432208                                 0.5057180954880737                                 
son     : 0.8343930506329178                                 0.343472001079061                                  0.05530144373810251                                -0.42211658914381633                               0.04417892487683082                                -0.05121308052673437                               
6   :
parent#1: 0.29085527417441626                                0.25733626516347335                                -0.21183211697599721                               -0.24419522650199865                               0.6607173766948191                                 -0.5550942711119088                                
parent#2: -0.5306178322870726                                0.35010107929222384                                0.4682942658139714                                 0.29513520474084753                                -0.4890107119689661                                -0.2243616844412706                                
son     : -0.22161676473814346                               0.5614650599287828                                 0.23705249122575084                                0.04708472107567658                                0.15871150116208213                                -0.7429958283260655                                
7   :
parent#1: 0.29085527417441626                                0.25733626516347335                                -0.21183211697599721                               -0.24419522650199865                               0.6607173766948191                                 -0.5550942711119088                                
parent#2: -0.4784082766987913                                0.49771090317190336                                -0.17319263828546855                               0.368651983756461                                  0.4298894084492257                                 0.41557730817408756                                
son     : -0.13402196285292367                               0.5395429675069994                                 -0.27513168412434147                               0.08893453409462271                                0.7729070810075236                                 -0.09969628303751256                               
8   :
parent#1: 0.29085527417441626                                0.25733626516347335                                -0.21183211697599721                               -0.24419522650199865                               0.6607173766948191                                 -0.5550942711119088                                
parent#2: -0.3965893048084307                                -0.30713348119150125                               -0.6307648269593928                                -0.2594767967241961                                0.17450113992183985                                -0.5027353431392816                                
son     : -0.06325702095171104                               -0.0297919555202172                                -0.5040966679957635                                -0.3013295864629655                                0.4996824096090081                                 -0.6328629455510558                                
9   :
parent#1: -0.26015795454750607                               -0.06129357055600976                               -0.254356736484043                                 0.44339655319043864                                0.464732240419716                                  -0.6717790029709548                                
parent#2: 0.29085527417441626                                0.25733626516347335                                -0.21183211697599721                               -0.24419522650199865                               0.6607173766948191                                 -0.5550942711119088                                
son     : 0.017524900847920407                               0.11191950394076638                                -0.26614419540821765                               0.1137227465269903                                 0.6425118931873158                                 -0.7004140016973139                                
10  :
parent#1: -0.26015795454750607                               -0.06129357055600976                               -0.254356736484043                                 0.44339655319043864                                0.464732240419716                                  -0.6717790029709548                                
parent#2: -0.26015795454750607                               -0.06129357055600976                               -0.254356736484043                                 0.44339655319043864                                0.464732240419716                                  -0.6717790029709548                                
son     : -0.26015795454750607                               -0.06129357055600976                               -0.254356736484043                                 0.44339655319043864                                0.464732240419716                                  -0.6717790029709548                                
11  :
parent#1: -0.26015795454750607                               -0.06129357055600976                               -0.254356736484043                                 0.44339655319043864                                0.464732240419716                                  -0.6717790029709548                                
parent#2: -0.21277315511615508                               0.4774718557240536                                 -0.06485251024311009                               0.6463067750128703                                 0.01829717410385328                                -0.5518107731467271                                
son     : -0.25585512070350186                               0.2251519158077243                                 -0.172691791007643                                 0.5895280958927538                                 0.2613182906156483                                 -0.6619604916301728                                
12  :
parent#1: -0.26015795454750607                               -0.06129357055600976                               -0.254356736484043                                 0.44339655319043864                                0.464732240419716                                  -0.6717790029709548                                
parent#2: 0.6648783654390316                                 0.21141963074638148                                0.11820416604969229                                0.4408486913125903                                 -0.09489580285221137                               -0.5439793121100222                                
son     : 0.25091922432688385                                0.09307540109291759                                -0.08441209398913972                               0.5482158173754751                                 0.22929180131497884                                -0.7537478347511375                                
13  :
parent#1: -0.26015795454750607                               -0.06129357055600976                               -0.254356736484043                                 0.44339655319043864                                0.464732240419716                                  -0.6717790029709548                                
parent#2: -0.18628923436773914                               -0.5349839341810874                                0.5639996316837269                                 -0.4851295709639006                                0.34055424095676134                                0.09831091053476099                                
son     : -0.34970220207239305                               -0.46706432839110246                               0.24254336234146923                                -0.032689483945382285                              0.6307811155015357                                 -0.44919770965623285                               
14  :
parent#1: -0.26015795454750607                               -0.06129357055600976                               -0.254356736484043                                 0.44339655319043864                                0.464732240419716                                  -0.6717790029709548                                
parent#2: -0.3421741524732287                                0.12357659631713436                                0.5871220511618845                                 -0.5040255266265009                                0.5152318057062633                                 -0.05854764007970732                               
son     : -0.4286221797471557                                0.044320875397171035                               0.23679726326884096                                -0.0431438444789775                                0.6973467305303387                                 -0.519703655214617                                 
15  :
parent#1: -0.26015795454750607                               -0.06129357055600976                               -0.254356736484043                                 0.44339655319043864                                0.464732240419716                                  -0.6717790029709548                                
parent#2: 0.513609862146599                                  -0.03969687532329356                               0.26515001486809464                                -0.16278093320038586                               -0.618123056432208                                 0.5057180954880737                                 
son     : 0.5605977759461424                                 -0.2233757870992221                                0.02387312020881621                                0.6206798518597318                                 -0.3392775817777064                                -0.3673019323009209                                
16  :
parent#1: -0.26015795454750607                               -0.06129357055600976                               -0.254356736484043                                 0.44339655319043864                                0.464732240419716                                  -0.6717790029709548                                
parent#2: -0.5306178322870726                                0.35010107929222384                                0.4682942658139714                                 0.29513520474084753                                -0.4890107119689661                                -0.2243616844412706                                
son     : -0.5452210252812265                                0.19912588200555906                                0.14750481872277718                                0.5092000146765685                                 -0.016739426485642122                              -0.6178676086466026                                
17  :
parent#1: -0.26015795454750607                               -0.06129357055600976                               -0.254356736484043                                 0.44339655319043864                                0.464732240419716                                  -0.6717790029709548                                
parent#2: -0.4784082766987913                                0.49771090317190336                                -0.17319263828546855                               0.368651983756461                                  0.4298894084492257                                 0.41557730817408756                                
son     : -0.4724171311490947                                0.27915035312437225                                -0.27347804503919276                               0.5194194155491282                                 0.5722365509581466                                 -0.16387706955845033                               
18  :
parent#1: -0.21277315511615508                               0.4774718557240536                                 -0.06485251024311009                               0.6463067750128703                                 0.01829717410385328                                -0.5518107731467271                                
parent#2: 0.29085527417441626                                0.25733626516347335                                -0.21183211697599721                               -0.24419522650199865                               0.6607173766948191                                 -0.5550942711119088                                
son     : 0.04967655598959194                                0.46749162547240125                                -0.17602928226440273                               0.2558270330593493                                 0.4319952475332965                                 -0.7042230803860101                                
19  :
parent#1: -0.21277315511615508                               0.4774718557240536                                 -0.06485251024311009                               0.6463067750128703                                 0.01829717410385328                                -0.5518107731467271                                
parent#2: -0.26015795454750607                               -0.06129357055600976                               -0.254356736484043                                 0.44339655319043864                                0.464732240419716                                  -0.6717790029709548                                
son     : -0.25585512070350186                               0.2251519158077243                                 -0.172691791007643                                 0.5895280958927538                                 0.2613182906156483                                 -0.6619604916301728                                
20  :
parent#1: -0.21277315511615508                               0.4774718557240536                                 -0.06485251024311009                               0.6463067750128703                                 0.01829717410385328                                -0.5518107731467271                                
parent#2: -0.21277315511615508                               0.4774718557240536                                 -0.06485251024311009                               0.6463067750128703                                 0.01829717410385328                                -0.5518107731467271                                
son     : -0.2127731551161551                                0.47747185572405365                                -0.0648525102431101                                0.6463067750128704                                 0.018297174103853283                               -0.5518107731467272                                
21  :
parent#1: -0.21277315511615508                               0.4774718557240536                                 -0.06485251024311009                               0.6463067750128703                                 0.01829717410385328                                -0.5518107731467271                                
parent#2: 0.6648783654390316                                 0.21141963074638148                                0.11820416604969229                                0.4408486913125903                                 -0.09489580285221137                               -0.5439793121100222                                
son     : 0.2580154799225154                                 0.39314890303800254                                0.030447676256076153                               0.6204373074887262                                 -0.043714674165776055                              -0.6253650661091442                                
22  :
parent#1: -0.21277315511615508                               0.4774718557240536                                 -0.06485251024311009                               0.6463067750128703                                 0.01829717410385328                                -0.5518107731467271                                
parent#2: -0.18628923436773914                               -0.5349839341810874                                0.5639996316837269                                 -0.4851295709639006                                0.34055424095676134                                0.09831091053476099                                
son     : -0.45414879197839975                               -0.06545102130323152                               0.5680491777612147                                 0.18342603673566646                                0.4083871117503416                                 -0.5161007907409096                                
23  :
parent#1: -0.21277315511615508                               0.4774718557240536                                 -0.06485251024311009                               0.6463067750128703                                 0.01829717410385328                                -0.5518107731467271                                
parent#2: -0.3421741524732287                                0.12357659631713436                                0.5871220511618845                                 -0.5040255266265009                                0.5152318057062633                                 -0.05854764007970732                               
son     : -0.43608508050637484                               0.4723119817180055                                 0.41040645063568937                                0.11180652434668079                                0.41925426960559514                                -0.4796278748081355                                
24  :
parent#1: -0.21277315511615508                               0.4774718557240536                                 -0.06485251024311009                               0.6463067750128703                                 0.01829717410385328                                -0.5518107731467271                                
parent#2: 0.513609862146599                                  -0.03969687532329356                               0.26515001486809464                                -0.16278093320038586                               -0.618123056432208                                 0.5057180954880737                                 
son     : 0.31398856736705066                                0.45691345408611683                                0.20905403182075677                                0.5046644335868401                                 -0.6260488333390042                                -0.048107739135328544                              
25  :
parent#1: -0.21277315511615508                               0.4774718557240536                                 -0.06485251024311009                               0.6463067750128703                                 0.01829717410385328                                -0.5518107731467271                                
parent#2: -0.5306178322870726                                0.35010107929222384                                0.4682942658139714                                 0.29513520474084753                                -0.4890107119689661                                -0.2243616844412706                                
son     : -0.4214976787898385                                0.4692282756307469                                 0.22874875587881938                                0.5337912564256887                                 -0.26689140297241704                               -0.4400845514104829                                
26  :
parent#1: -0.21277315511615508                               0.4774718557240536                                 -0.06485251024311009                               0.6463067750128703                                 0.01829717410385328                                -0.5518107731467271                                
parent#2: -0.4784082766987913                                0.49771090317190336                                -0.17319263828546855                               0.368651983756461                                  0.4298894084492257                                 0.41557730817408756                                
son     : -0.417943243830401                                 0.5896730247949965                                 -0.14394102181373494                               0.6137247565812847                                 0.271009239443294                                  -0.08237758372560644                               
27  :
parent#1: -0.21277315511615508                               0.4774718557240536                                 -0.06485251024311009                               0.6463067750128703                                 0.01829717410385328                                -0.5518107731467271                                
parent#2: -0.3965893048084307                                -0.30713348119150125                               -0.6307648269593928                                -0.2594767967241961                                0.17450113992183985                                -0.5027353431392816                                
son     : -0.41241945244481815                               0.11528583359688714                                -0.470797169480515                                 0.26180839537571776                                0.1304868289927165                                 -0.7137218986386362                                
28  :
parent#1: 0.6648783654390316                                 0.21141963074638148                                0.11820416604969229                                0.4408486913125903                                 -0.09489580285221137                               -0.5439793121100222                                
parent#2: 0.29085527417441626                                0.25733626516347335                                -0.21183211697599721                               -0.24419522650199865                               0.6607173766948191                                 -0.5550942711119088                                
son     : 0.5807045915083566                                 0.28481649046230334                                -0.0568884244970332                                0.11948681642902671                                0.3437936808814025                                 -0.6677980660392534                                
29  :
parent#1: 0.6648783654390316                                 0.21141963074638148                                0.11820416604969229                                0.4408486913125903                                 -0.09489580285221137                               -0.5439793121100222                                
parent#2: -0.26015795454750607                               -0.06129357055600976                               -0.254356736484043                                 0.44339655319043864                                0.464732240419716                                  -0.6717790029709548                                
son     : 0.25091922432688385                                0.09307540109291759                                -0.08441209398913972                               0.5482158173754751                                 0.22929180131497884                                -0.7537478347511375                                
30  :
parent#1: 0.6648783654390316                                 0.21141963074638148                                0.11820416604969229                                0.4408486913125903                                 -0.09489580285221137                               -0.5439793121100222                                
parent#2: -0.21277315511615508                               0.4774718557240536                                 -0.06485251024311009                               0.6463067750128703                                 0.01829717410385328                                -0.5518107731467271                                
son     : 0.2580154799225154                                 0.39314890303800254                                0.030447676256076153                               0.6204373074887262                                 -0.043714674165776055                              -0.6253650661091442                                
31  :
parent#1: 0.6648783654390316                                 0.21141963074638148                                0.11820416604969229                                0.4408486913125903                                 -0.09489580285221137                               -0.5439793121100222                                
parent#2: 0.6648783654390316                                 0.21141963074638148                                0.11820416604969229                                0.4408486913125903                                 -0.09489580285221137                               -0.5439793121100222                                
son     : 0.6648783654390316                                 0.21141963074638148                                0.11820416604969229                                0.4408486913125903                                 -0.09489580285221137                               -0.5439793121100222                                
32  :
parent#1: 0.6648783654390316                                 0.21141963074638148                                0.11820416604969229                                0.4408486913125903                                 -0.09489580285221137                               -0.5439793121100222                                
parent#2: -0.18628923436773914                               -0.5349839341810874                                0.5639996316837269                                 -0.4851295709639006                                0.34055424095676134                                0.09831091053476099                                
son     : 0.46483093337757203                                -0.3142626679309475                                0.6625922058537342                                 -0.04300791907460254                               0.23859639440747005                                -0.4328565895706893                                
33  :
parent#1: 0.6648783654390316                                 0.21141963074638148                                0.11820416604969229                                0.4408486913125903                                 -0.09489580285221137                               -0.5439793121100222                                
parent#2: -0.3421741524732287                                0.12357659631713436                                0.5871220511618845                                 -0.5040255266265009                                0.5152318057062633                                 -0.05854764007970732                               
son     : 0.2877667631019613                                 0.29872798693103286                                0.6289643404173193                                 -0.05633701907460471                               0.3748284840934052                                 -0.5372945990379822                                
34  :
parent#1: 0.6648783654390316                                 0.21141963074638148                                0.11820416604969229                                0.4408486913125903                                 -0.09489580285221137                               -0.5439793121100222                                
parent#2: 0.513609862146599                                  -0.03969687532329356                               0.26515001486809464                                -0.16278093320038586                               -0.618123056432208                                 0.5057180954880737                                 
son     : 0.8032619338197928                                 0.11704686510497207                                0.26129562730786754                                0.18953201218797408                                -0.4859962911400142                                -0.026078986734563013                              
35  :
parent#1: 0.6648783654390316                                 0.21141963074638148                                0.11820416604969229                                0.4408486913125903                                 -0.09489580285221137                               -0.5439793121100222                                
parent#2: -0.5306178322870726                                0.35010107929222384                                0.4682942658139714                                 0.29513520474084753                                -0.4890107119689661                                -0.2243616844412706                                
son     : 0.091558987186473                                  0.3829291176519787                                 0.3999626781394781                                 0.501904308929999                                  -0.398195119991822                                 -0.523970237615992                                 
36  :
parent#1: 0.6648783654390316                                 0.21141963074638148                                0.11820416604969229                                0.4408486913125903                                 -0.09489580285221137                               -0.5439793121100222                                
parent#2: -0.4784082766987913                                0.49771090317190336                                -0.17319263828546855                               0.368651983756461                                  0.4298894084492257                                 0.41557730817408756                                
son     : 0.162015645057893                                  0.6161322797623879                                 -0.047777060976454455                              0.7033394735431885                                 0.2910611855645956                                 -0.111562844394771                                 
37  :
parent#1: 0.6648783654390316                                 0.21141963074638148                                0.11820416604969229                                0.4408486913125903                                 -0.09489580285221137                               -0.5439793121100222                                
parent#2: -0.3965893048084307                                -0.30713348119150125                               -0.6307648269593928                                -0.2594767967241961                                0.17450113992183985                                -0.5027353431392816                                
son     : 0.22062894958842638                                -0.07871079884932845                               -0.42150701169497606                               0.1491521513916547                                 0.06546387638028615                                -0.8607714170814962                                
38  :
parent#1: -0.18628923436773914                               -0.5349839341810874                                0.5639996316837269                                 -0.4851295709639006                                0.34055424095676134                                0.09831091053476099                                
parent#2: 0.29085527417441626                                0.25733626516347335                                -0.21183211697599721                               -0.24419522650199865                               0.6607173766948191                                 -0.5550942711119088                                
son     : 0.07478251845779882                                -0.19856534656435076                               0.2518597215459071                                 -0.5215913811889553                                0.7160796503982937                                 -0.326677859816918                                 
39  :
parent#1: -0.18628923436773914                               -0.5349839341810874                                0.5639996316837269                                 -0.4851295709639006                                0.34055424095676134                                0.09831091053476099                                
parent#2: -0.26015795454750607                               -0.06129357055600976                               -0.254356736484043                                 0.44339655319043864                                0.464732240419716                                  -0.6717790029709548                                
son     : -0.34970220207239305                               -0.46706432839110246                               0.24254336234146923                                -0.032689483945382285                              0.6307811155015357                                 -0.44919770965623285                               
40  :
parent#1: -0.18628923436773914                               -0.5349839341810874                                0.5639996316837269                                 -0.4851295709639006                                0.34055424095676134                                0.09831091053476099                                
parent#2: 0.6648783654390316                                 0.21141963074638148                                0.11820416604969229                                0.4408486913125903                                 -0.09489580285221137                               -0.5439793121100222                                
son     : 0.46483093337757203                                -0.3142626679309475                                0.6625922058537342                                 -0.04300791907460254                               0.23859639440747005                                -0.4328565895706893                                
41  :
parent#1: -0.18628923436773914                               -0.5349839341810874                                0.5639996316837269                                 -0.4851295709639006                                0.34055424095676134                                0.09831091053476099                                
parent#2: -0.18628923436773914                               -0.5349839341810874                                0.5639996316837269                                 -0.4851295709639006                                0.34055424095676134                                0.09831091053476099                                
son     : -0.18628923436773914                               -0.5349839341810874                                0.5639996316837269                                 -0.4851295709639006                                0.34055424095676134                                0.09831091053476099                                
42  :
parent#1: -0.18628923436773914                               -0.5349839341810874                                0.5639996316837269                                 -0.4851295709639006                                0.34055424095676134                                0.09831091053476099                                
parent#2: -0.3421741524732287                                0.12357659631713436                                0.5871220511618845                                 -0.5040255266265009                                0.5152318057062633                                 -0.05854764007970732                               
son     : -0.2830426457436289                                -0.2203479451688083                                0.6165356669894132                                 -0.5297870824058393                                0.4583552103504124                                 0.02129703126700199                                
43  :
parent#1: -0.18628923436773914                               -0.5349839341810874                                0.5639996316837269                                 -0.4851295709639006                                0.34055424095676134                                0.09831091053476099                                
parent#2: 0.513609862146599                                  -0.03969687532329356                               0.26515001486809464                                -0.16278093320038586                               -0.618123056432208                                 0.5057180954880737                                 
son     : 0.23223169760676335                                -0.4077320176209527                                0.5882758789002102                                 -0.4596879741443659                                -0.1969331345169949                                0.42855435792204133                                
44  :
parent#1: -0.18628923436773914                               -0.5349839341810874                                0.5639996316837269                                 -0.4851295709639006                                0.34055424095676134                                0.09831091053476099                                
parent#2: -0.5306178322870726                                0.35010107929222384                                0.4682942658139714                                 0.29513520474084753                                -0.4890107119689661                                -0.2243616844412706                                
son     : -0.5518272353573108                                -0.14231048823991066                               0.7945909784240717                                 -0.1462449886783078                                -0.1142718879196277                                -0.09702547696181478                               
45  :
parent#1: -0.18628923436773914                               -0.5349839341810874                                0.5639996316837269                                 -0.4851295709639006                                0.34055424095676134                                0.09831091053476099                                
parent#2: -0.4784082766987913                                0.49771090317190336                                -0.17319263828546855                               0.368651983756461                                  0.4298894084492257                                 0.41557730817408756                                
son     : -0.5487610570642494                                -0.03077187375618304                               0.32264248810142426                                -0.09616158149545131                               0.6360629676167837                                 0.424255901995255                                  
46  :
parent#1: -0.3421741524732287                                0.12357659631713436                                0.5871220511618845                                 -0.5040255266265009                                0.5152318057062633                                 -0.05854764007970732                               
parent#2: 0.29085527417441626                                0.25733626516347335                                -0.21183211697599721                               -0.24419522650199865                               0.6607173766948191                                 -0.5550942711119088                                
son     : -0.031778875157042794                              0.23587776412845501                                0.2323958036796004                                 -0.4633307408850626                                0.728198734994863                                  -0.37999368523490856                               
47  :
parent#1: -0.3421741524732287                                0.12357659631713436                                0.5871220511618845                                 -0.5040255266265009                                0.5152318057062633                                 -0.05854764007970732                               
parent#2: -0.26015795454750607                               -0.06129357055600976                               -0.254356736484043                                 0.44339655319043864                                0.464732240419716                                  -0.6717790029709548                                
son     : -0.4286221797471557                                0.044320875397171035                               0.23679726326884096                                -0.0431438444789775                                0.6973467305303387                                 -0.519703655214617                                 
48  :
parent#1: -0.3421741524732287                                0.12357659631713436                                0.5871220511618845                                 -0.5040255266265009                                0.5152318057062633                                 -0.05854764007970732                               
parent#2: 0.6648783654390316                                 0.21141963074638148                                0.11820416604969229                                0.4408486913125903                                 -0.09489580285221137                               -0.5439793121100222                                
son     : 0.2877667631019613                                 0.29872798693103286                                0.6289643404173193                                 -0.05633701907460471                               0.3748284840934052                                 -0.5372945990379822                                
49  :
parent#1: -0.3421741524732287                                0.12357659631713436                                0.5871220511618845                                 -0.5040255266265009                                0.5152318057062633                                 -0.05854764007970732                               
parent#2: -0.18628923436773914                               -0.5349839341810874                                0.5639996316837269                                 -0.4851295709639006                                0.34055424095676134                                0.09831091053476099                                
son     : -0.2830426457436289                                -0.2203479451688083                                0.6165356669894132                                 -0.5297870824058393                                0.4583552103504124                                 0.02129703126700199                                
50  :
parent#1: -0.3421741524732287                                0.12357659631713436                                0.5871220511618845                                 -0.5040255266265009                                0.5152318057062633                                 -0.05854764007970732                               
parent#2: -0.3421741524732287                                0.12357659631713436                                0.5871220511618845                                 -0.5040255266265009                                0.5152318057062633                                 -0.05854764007970732                               
son     : -0.3421741524732287                                0.12357659631713436                                0.5871220511618845                                 -0.5040255266265009                                0.5152318057062633                                 -0.05854764007970732                               
51  :
parent#1: -0.3421741524732287                                0.12357659631713436                                0.5871220511618845                                 -0.5040255266265009                                0.5152318057062633                                 -0.05854764007970732                               
parent#2: 0.513609862146599                                  -0.03969687532329356                               0.26515001486809464                                -0.16278093320038586                               -0.618123056432208                                 0.5057180954880737                                 
son     : 0.1439684654142073                                 0.07044060268343813                                0.7157219560353447                                 -0.5599714489615989                                -0.0864061256536664                                0.37552528797163925                                
52  :
parent#1: -0.3421741524732287                                0.12357659631713436                                0.5871220511618845                                 -0.5040255266265009                                0.5152318057062633                                 -0.05854764007970732                               
parent#2: -0.5306178322870726                                0.35010107929222384                                0.4682942658139714                                 0.29513520474084753                                -0.4890107119689661                                -0.2243616844412706                                
son     : -0.585199933445708                                 0.3175970323758664                                 0.7076480641849702                                 -0.14005926337477642                               0.017581030277396634                               -0.1896884031609371                                
53  :
parent#1: -0.3421741524732287                                0.12357659631713436                                0.5871220511618845                                 -0.5040255266265009                                0.5152318057062633                                 -0.05854764007970732                               
parent#2: -0.4784082766987913                                0.49771090317190336                                -0.17319263828546855                               0.368651983756461                                  0.4298894084492257                                 0.41557730817408756                                
son     : -0.5446706974456693                                0.41238647530196065                                0.27475024322926533                                -0.0898556919932036                                0.6273346986044882                                 0.23698240593084427                                
54  :
parent#1: -0.3421741524732287                                0.12357659631713436                                0.5871220511618845                                 -0.5040255266265009                                0.5152318057062633                                 -0.05854764007970732                               
parent#2: -0.3965893048084307                                -0.30713348119150125                               -0.6307648269593928                                -0.2594767967241961                                0.17450113992183985                                -0.5027353431392816                                
son     : -0.5283523858689534                                -0.13127709161860876                               -0.031212649314577554                              -0.5460452465301504                                0.4932865098335402                                 -0.40142105082267565                               
55  :
parent#1: 0.513609862146599                                  -0.03969687532329356                               0.26515001486809464                                -0.16278093320038586                               -0.618123056432208                                 0.5057180954880737                                 
parent#2: 0.29085527417441626                                0.25733626516347335                                -0.21183211697599721                               -0.24419522650199865                               0.6607173766948191                                 -0.5550942711119088                                
son     : 0.863840650660901                                  0.23370279660442642                                0.05725315557814526                                -0.43701402923257876                               0.045738098108741604                               -0.053020504869983894                              
56  :
parent#1: 0.513609862146599                                  -0.03969687532329356                               0.26515001486809464                                -0.16278093320038586                               -0.618123056432208                                 0.5057180954880737                                 
parent#2: -0.26015795454750607                               -0.06129357055600976                               -0.254356736484043                                 0.44339655319043864                                0.464732240419716                                  -0.6717790029709548                                
son     : 0.5605977759461424                                 -0.2233757870992221                                0.02387312020881621                                0.6206798518597318                                 -0.3392775817777064                                -0.3673019323009209                                
57  :
parent#1: 0.513609862146599                                  -0.03969687532329356                               0.26515001486809464                                -0.16278093320038586                               -0.618123056432208                                 0.5057180954880737                                 
parent#2: -0.21277315511615508                               0.4774718557240536                                 -0.06485251024311009                               0.6463067750128703                                 0.01829717410385328                                -0.5518107731467271                                
son     : 0.31398856736705066                                0.45691345408611683                                0.20905403182075677                                0.5046644335868401                                 -0.6260488333390042                                -0.048107739135328544                              
58  :
parent#1: 0.513609862146599                                  -0.03969687532329356                               0.26515001486809464                                -0.16278093320038586                               -0.618123056432208                                 0.5057180954880737                                 
parent#2: 0.6648783654390316                                 0.21141963074638148                                0.11820416604969229                                0.4408486913125903                                 -0.09489580285221137                               -0.5439793121100222                                
son     : 0.8032619338197928                                 0.11704686510497207                                0.26129562730786754                                0.18953201218797408                                -0.4859962911400142                                -0.026078986734563013                              
59  :
parent#1: 0.513609862146599                                  -0.03969687532329356                               0.26515001486809464                                -0.16278093320038586                               -0.618123056432208                                 0.5057180954880737                                 
parent#2: -0.18628923436773914                               -0.5349839341810874                                0.5639996316837269                                 -0.4851295709639006                                0.34055424095676134                                0.09831091053476099                                
son     : 0.23223169760676335                                -0.4077320176209527                                0.5882758789002102                                 -0.4596879741443659                                -0.1969331345169949                                0.42855435792204133                                
60  :
parent#1: 0.513609862146599                                  -0.03969687532329356                               0.26515001486809464                                -0.16278093320038586                               -0.618123056432208                                 0.5057180954880737                                 
parent#2: 0.513609862146599                                  -0.03969687532329356                               0.26515001486809464                                -0.16278093320038586                               -0.618123056432208                                 0.5057180954880737                                 
son     : 0.5136098621465991                                 -0.039696875323293565                              0.2651500148680947                                 -0.1627809332003859                                -0.6181230564322081                                0.5057180954880738                                 
61  :
parent#1: 0.513609862146599                                  -0.03969687532329356                               0.26515001486809464                                -0.16278093320038586                               -0.618123056432208                                 0.5057180954880737                                 
parent#2: -0.5306178322870726                                0.35010107929222384                                0.4682942658139714                                 0.29513520474084753                                -0.4890107119689661                                -0.2243616844412706                                
son     : -0.012157843180473513                              0.22188689204206696                                0.5242895226472596                                 0.09461108317832054                                -0.7914147675975005                                0.20112259693987342                                
62  :
parent#1: 0.513609862146599                                  -0.03969687532329356                               0.26515001486809464                                -0.16278093320038586                               -0.618123056432208                                 0.5057180954880737                                 
parent#2: -0.4784082766987913                                0.49771090317190336                                -0.17319263828546855                               0.368651983756461                                  0.4298894084492257                                 0.41557730817408756                                
son     : 0.0328818496694175                                 0.4278315370917573                                 0.08589751269206657                                0.19230443315420356                                -0.17582931100871635                               0.8605833112051261                                 
63  :
parent#1: 0.513609862146599                                  -0.03969687532329356                               0.26515001486809464                                -0.16278093320038586                               -0.618123056432208                                 0.5057180954880737                                 
parent#2: -0.3965893048084307                                -0.30713348119150125                               -0.6307648269593928                                -0.2594767967241961                                0.17450113992183985                                -0.5027353431392816                                
son     : 0.14596014921267636                                -0.43260271306085707                               -0.4560326300018785                                -0.5266835389263299                                -0.5533311633506216                                0.003720397405355308                               
64  :
parent#1: -0.5306178322870726                                0.35010107929222384                                0.4682942658139714                                 0.29513520474084753                                -0.4890107119689661                                -0.2243616844412706                                
parent#2: 0.29085527417441626                                0.25733626516347335                                -0.21183211697599721                               -0.24419522650199865                               0.6607173766948191                                 -0.5550942711119088                                
son     : -0.22536337602089926                               0.5709570824790077                                 0.2410600559931599                                 0.04788072650169197                                0.161394647907138                                  -0.732644942504006                                 
65  :
parent#1: -0.5306178322870726                                0.35010107929222384                                0.4682942658139714                                 0.29513520474084753                                -0.4890107119689661                                -0.2243616844412706                                
parent#2: -0.26015795454750607                               -0.06129357055600976                               -0.254356736484043                                 0.44339655319043864                                0.464732240419716                                  -0.6717790029709548                                
son     : -0.5452210252812265                                0.19912588200555906                                0.14750481872277718                                0.5092000146765685                                 -0.016739426485642122                              -0.6178676086466026                                
66  :
parent#1: -0.5306178322870726                                0.35010107929222384                                0.4682942658139714                                 0.29513520474084753                                -0.4890107119689661                                -0.2243616844412706                                
parent#2: -0.21277315511615508                               0.4774718557240536                                 -0.06485251024311009                               0.6463067750128703                                 0.01829717410385328                                -0.5518107731467271                                
son     : -0.4214976787898385                                0.4692282756307469                                 0.22874875587881938                                0.5337912564256887                                 -0.26689140297241704                               -0.4400845514104829                                
67  :
parent#1: -0.5306178322870726                                0.35010107929222384                                0.4682942658139714                                 0.29513520474084753                                -0.4890107119689661                                -0.2243616844412706                                
parent#2: 0.6648783654390316                                 0.21141963074638148                                0.11820416604969229                                0.4408486913125903                                 -0.09489580285221137                               -0.5439793121100222                                
son     : 0.091558987186473                                  0.3829291176519787                                 0.3999626781394781                                 0.501904308929999                                  -0.398195119991822                                 -0.523970237615992                                 
68  :
parent#1: -0.5306178322870726                                0.35010107929222384                                0.4682942658139714                                 0.29513520474084753                                -0.4890107119689661                                -0.2243616844412706                                
parent#2: -0.18628923436773914                               -0.5349839341810874                                0.5639996316837269                                 -0.4851295709639006                                0.34055424095676134                                0.09831091053476099                                
son     : -0.5518272353573108                                -0.14231048823991066                               0.7945909784240717                                 -0.1462449886783078                                -0.1142718879196277                                -0.09702547696181478                               
69  :
parent#1: -0.5306178322870726                                0.35010107929222384                                0.4682942658139714                                 0.29513520474084753                                -0.4890107119689661                                -0.2243616844412706                                
parent#2: -0.3421741524732287                                0.12357659631713436                                0.5871220511618845                                 -0.5040255266265009                                0.5152318057062633                                 -0.05854764007970732                               
son     : -0.585199933445708                                 0.3175970323758664                                 0.7076480641849702                                 -0.14005926337477642                               0.017581030277396634                               -0.1896884031609371                                
70  :
parent#1: -0.5306178322870726                                0.35010107929222384                                0.4682942658139714                                 0.29513520474084753                                -0.4890107119689661                                -0.2243616844412706                                
parent#2: -0.5306178322870726                                0.35010107929222384                                0.4682942658139714                                 0.29513520474084753                                -0.4890107119689661                                -0.2243616844412706                                
son     : -0.5306178322870727                                0.3501010792922239                                 0.46829426581397143                                0.2951352047408476                                 -0.48901071196896617                               -0.22436168444127064                               
71  :
parent#1: -0.5306178322870726                                0.35010107929222384                                0.4682942658139714                                 0.29513520474084753                                -0.4890107119689661                                -0.2243616844412706                                
parent#2: -0.4784082766987913                                0.49771090317190336                                -0.17319263828546855                               0.368651983756461                                  0.4298894084492257                                 0.41557730817408756                                
son     : -0.6646568195558724                                0.5584632655465414                                 0.19438675317925222                                0.437244068948801                                  -0.038943865986701236                              0.12595587684780815                                
72  :
parent#1: -0.5306178322870726                                0.35010107929222384                                0.4682942658139714                                 0.29513520474084753                                -0.4890107119689661                                -0.2243616844412706                                
parent#2: -0.3965893048084307                                -0.30713348119150125                               -0.6307648269593928                                -0.2594767967241961                                0.17450113992183985                                -0.5027353431392816                                
son     : -0.7528537581170183                                0.034887908443762064                               -0.13191936046229186                               0.02895314909665209                                -0.2553687345647185                                -0.590372644719353                                 
73  :
parent#1: -0.4784082766987913                                0.49771090317190336                                -0.17319263828546855                               0.368651983756461                                  0.4298894084492257                                 0.41557730817408756                                
parent#2: 0.29085527417441626                                0.25733626516347335                                -0.21183211697599721                               -0.24419522650199865                               0.6607173766948191                                 -0.5550942711119088                                
son     : -0.1333590551157601                                0.5368742466490226                                 -0.27377081074014087                               0.08849464059136862                                0.7754730044950595                                 -0.09920315910479907                               
74  :
parent#1: -0.4784082766987913                                0.49771090317190336                                -0.17319263828546855                               0.368651983756461                                  0.4298894084492257                                 0.41557730817408756                                
parent#2: -0.26015795454750607                               -0.06129357055600976                               -0.254356736484043                                 0.44339655319043864                                0.464732240419716                                  -0.6717790029709548                                
son     : -0.4724171311490947                                0.27915035312437225                                -0.27347804503919276                               0.5194194155491282                                 0.5722365509581466                                 -0.16387706955845033                               
75  :
parent#1: -0.4784082766987913                                0.49771090317190336                                -0.17319263828546855                               0.368651983756461                                  0.4298894084492257                                 0.41557730817408756                                
parent#2: -0.21277315511615508                               0.4774718557240536                                 -0.06485251024311009                               0.6463067750128703                                 0.01829717410385328                                -0.5518107731467271                                
son     : -0.417943243830401                                 0.5896730247949965                                 -0.14394102181373494                               0.6137247565812847                                 0.271009239443294                                  -0.08237758372560644                               
76  :
parent#1: -0.4784082766987913                                0.49771090317190336                                -0.17319263828546855                               0.368651983756461                                  0.4298894084492257                                 0.41557730817408756                                
parent#2: 0.6648783654390316                                 0.21141963074638148                                0.11820416604969229                                0.4408486913125903                                 -0.09489580285221137                               -0.5439793121100222                                
son     : 0.162015645057893                                  0.6161322797623879                                 -0.047777060976454455                              0.7033394735431885                                 0.2910611855645956                                 -0.111562844394771                                 
77  :
parent#1: -0.4784082766987913                                0.49771090317190336                                -0.17319263828546855                               0.368651983756461                                  0.4298894084492257                                 0.41557730817408756                                
parent#2: -0.18628923436773914                               -0.5349839341810874                                0.5639996316837269                                 -0.4851295709639006                                0.34055424095676134                                0.09831091053476099                                
son     : -0.5487610570642494                                -0.03077187375618304                               0.32264248810142426                                -0.09616158149545131                               0.6360629676167837                                 0.424255901995255                                  
78  :
parent#1: -0.4784082766987913                                0.49771090317190336                                -0.17319263828546855                               0.368651983756461                                  0.4298894084492257                                 0.41557730817408756                                
parent#2: 0.513609862146599                                  -0.03969687532329356                               0.26515001486809464                                -0.16278093320038586                               -0.618123056432208                                 0.5057180954880737                                 
son     : 0.0328818496694175                                 0.4278315370917573                                 0.08589751269206657                                0.19230443315420356                                -0.17582931100871635                               0.8605833112051261                                 
79  :
parent#1: -0.4784082766987913                                0.49771090317190336                                -0.17319263828546855                               0.368651983756461                                  0.4298894084492257                                 0.41557730817408756                                
parent#2: -0.5306178322870726                                0.35010107929222384                                0.4682942658139714                                 0.29513520474084753                                -0.4890107119689661                                -0.2243616844412706                                
son     : -0.6646568195558724                                0.5584632655465414                                 0.19438675317925222                                0.437244068948801                                  -0.038943865986701236                              0.12595587684780815                                
80  :
parent#1: -0.4784082766987913                                0.49771090317190336                                -0.17319263828546855                               0.368651983756461                                  0.4298894084492257                                 0.41557730817408756                                
parent#2: -0.4784082766987913                                0.49771090317190336                                -0.17319263828546855                               0.368651983756461                                  0.4298894084492257                                 0.41557730817408756                                
son     : -0.4784082766987913                                0.49771090317190336                                -0.17319263828546855                               0.368651983756461                                  0.4298894084492257                                 0.41557730817408756                                
81  :
parent#1: -0.4784082766987913                                0.49771090317190336                                -0.17319263828546855                               0.368651983756461                                  0.4298894084492257                                 0.41557730817408756                                
parent#2: -0.3965893048084307                                -0.30713348119150125                               -0.6307648269593928                                -0.2594767967241961                                0.17450113992183985                                -0.5027353431392816                                
son     : -0.6462711133074653                                0.14076002640188387                                -0.5938010539648058                                0.08063653107172646                                0.4464014082135542                                 -0.06437471540620714                               
82  :
parent#1: -0.3965893048084307                                -0.30713348119150125                               -0.6307648269593928                                -0.2594767967241961                                0.17450113992183985                                -0.5027353431392816                                
parent#2: 0.29085527417441626                                0.25733626516347335                                -0.21183211697599721                               -0.24419522650199865                               0.6607173766948191                                 -0.5550942711119088                                
son     : -0.06325702095171104                               -0.0297919555202172                                -0.5040966679957635                                -0.3013295864629655                                0.4996824096090081                                 -0.6328629455510558                                
83  :
parent#1: -0.3965893048084307                                -0.30713348119150125                               -0.6307648269593928                                -0.2594767967241961                                0.17450113992183985                                -0.5027353431392816                                
parent#2: -0.26015795454750607                               -0.06129357055600976                               -0.254356736484043                                 0.44339655319043864                                0.464732240419716                                  -0.6717790029709548                                
son     : -0.3687249806039655                                -0.2068501323367558                                -0.49694372783968027                               0.10326013191468421                                0.35889196705441395                                -0.659420763953069                                 
84  :
parent#1: -0.3965893048084307                                -0.30713348119150125                               -0.6307648269593928                                -0.2594767967241961                                0.17450113992183985                                -0.5027353431392816                                
parent#2: -0.21277315511615508                               0.4774718557240536                                 -0.06485251024311009                               0.6463067750128703                                 0.01829717410385328                                -0.5518107731467271                                
son     : -0.41241945244481815                               0.11528583359688714                                -0.470797169480515                                 0.26180839537571776                                0.1304868289927165                                 -0.7137218986386362                                
85  :
parent#1: -0.3965893048084307                                -0.30713348119150125                               -0.6307648269593928                                -0.2594767967241961                                0.17450113992183985                                -0.5027353431392816                                
parent#2: 0.6648783654390316                                 0.21141963074638148                                0.11820416604969229                                0.4408486913125903                                 -0.09489580285221137                               -0.5439793121100222                                
son     : 0.22062894958842638                                -0.07871079884932845                               -0.42150701169497606                               0.1491521513916547                                 0.06546387638028615                                -0.8607714170814962                                
86  :
parent#1: -0.3965893048084307                                -0.30713348119150125                               -0.6307648269593928                                -0.2594767967241961                                0.17450113992183985                                -0.5027353431392816                                
parent#2: -0.18628923436773914                               -0.5349839341810874                                0.5639996316837269                                 -0.4851295709639006                                0.34055424095676134                                0.09831091053476099                                
son     : -0.40843244503477094                               -0.5900853297037119                                -0.04678345507145587                               -0.5217577572390103                                0.3609076581167131                                 -0.28338675854137096                               
87  :
parent#1: -0.3965893048084307                                -0.30713348119150125                               -0.6307648269593928                                -0.2594767967241961                                0.17450113992183985                                -0.5027353431392816                                
parent#2: -0.3421741524732287                                0.12357659631713436                                0.5871220511618845                                 -0.5040255266265009                                0.5152318057062633                                 -0.05854764007970732                               
son     : -0.5283523858689534                                -0.13127709161860876                               -0.031212649314577554                              -0.5460452465301504                                0.4932865098335402                                 -0.40142105082267565                               
88  :
parent#1: -0.3965893048084307                                -0.30713348119150125                               -0.6307648269593928                                -0.2594767967241961                                0.17450113992183985                                -0.5027353431392816                                
parent#2: 0.513609862146599                                  -0.03969687532329356                               0.26515001486809464                                -0.16278093320038586                               -0.618123056432208                                 0.5057180954880737                                 
son     : 0.14596014921267636                                -0.43260271306085707                               -0.4560326300018785                                -0.5266835389263299                                -0.5533311633506216                                0.003720397405355308                               
89  :
parent#1: -0.3965893048084307                                -0.30713348119150125                               -0.6307648269593928                                -0.2594767967241961                                0.17450113992183985                                -0.5027353431392816                                
parent#2: -0.5306178322870726                                0.35010107929222384                                0.4682942658139714                                 0.29513520474084753                                -0.4890107119689661                                -0.2243616844412706                                
son     : -0.7528537581170183                                0.034887908443762064                               -0.13191936046229186                               0.02895314909665209                                -0.2553687345647185                                -0.590372644719353                                 
90  :
parent#1: -0.3965893048084307                                -0.30713348119150125                               -0.6307648269593928                                -0.2594767967241961                                0.17450113992183985                                -0.5027353431392816                                
parent#2: -0.4784082766987913                                0.49771090317190336                                -0.17319263828546855                               0.368651983756461                                  0.4298894084492257                                 0.41557730817408756                                
son     : -0.6462711133074653                                0.14076002640188387                                -0.5938010539648058                                0.08063653107172646                                0.4464014082135542                                 -0.06437471540620714                               
91  :
parent#1: -0.3965893048084307                                -0.30713348119150125                               -0.6307648269593928                                -0.2594767967241961                                0.17450113992183985                                -0.5027353431392816                                
parent#2: -0.3965893048084307                                -0.30713348119150125                               -0.6307648269593928                                -0.2594767967241961                                0.17450113992183985                                -0.5027353431392816                                
son     : -0.39658930480843074                               -0.3071334811915013                                -0.630764826959393                                 -0.25947679672419616                               0.17450113992183988                                -0.5027353431392817                                

0   :
parent#1: 0.29085527417441626                                0.25733626516347335                                -0.21183211697599721                               -0.24419522650199865                               0.6607173766948191                                 -0.5550942711119088                                
parent#2: 0.6648783654390316                                 0.21141963074638148                                0.11820416604969229                                0.4408486913125903                                 -0.09489580285221137                               -0.5439793121100222                                
son:      0.5807045915083566                                 0.28481649046230334                                -0.0568884244970332                                0.11948681642902671                                0.3437936808814025                                 -0.6677980660392534                                
mutated:  0.5807045915083566                                 0.28481649046230334                                -0.0568884244970332                                0.11948681642902671                                0.3437936808814025                                 -0.6677980660392534                                
1   :
parent#1: -0.26015795454750607                               -0.06129357055600976                               -0.254356736484043                                 0.44339655319043864                                0.464732240419716                                  -0.6717790029709548                                
parent#2: -0.3965893048084307                                -0.30713348119150125                               -0.6307648269593928                                -0.2594767967241961                                0.17450113992183985                                -0.5027353431392816                                
son:      -0.3687249806039655                                -0.2068501323367558                                -0.49694372783968027                               0.10326013191468421                                0.35889196705441395                                -0.659420763953069                                 
mutated:  -0.3687249806039655                                -0.2068501323367558                                -0.49694372783968027                               0.10326013191468421                                0.35889196705441395                                -0.659420763953069                                 
2   :
parent#1: -0.18628923436773914                               -0.5349839341810874                                0.5639996316837269                                 -0.4851295709639006                                0.34055424095676134                                0.09831091053476099                                
parent#2: -0.21277315511615508                               0.4774718557240536                                 -0.06485251024311009                               0.6463067750128703                                 0.01829717410385328                                -0.5518107731467271                                
son:      -0.45414879197839975                               -0.06545102130323152                               0.5680491777612147                                 0.18342603673566646                                0.4083871117503416                                 -0.5161007907409096                                
mutated:  -0.45414879197839975                               -0.06545102130323152                               0.5680491777612147                                 0.18342603673566646                                0.4083871117503416                                 -0.5161007907409096                                
3   :
parent#1: -0.18628923436773914                               -0.5349839341810874                                0.5639996316837269                                 -0.4851295709639006                                0.34055424095676134                                0.09831091053476099                                
parent#2: -0.3965893048084307                                -0.30713348119150125                               -0.6307648269593928                                -0.2594767967241961                                0.17450113992183985                                -0.5027353431392816                                
son:      -0.40843244503477094                               -0.5900853297037119                                -0.04678345507145587                               -0.5217577572390103                                0.3609076581167131                                 -0.28338675854137096                               
mutated:  -0.40843244503477094                               -0.5900853297037119                                -0.04678345507145587                               -0.5217577572390103                                0.3609076581167131                                 -0.28338675854137096                               
4   :
parent#1: -0.3421741524732287                                0.12357659631713436                                0.5871220511618845                                 -0.5040255266265009                                0.5152318057062633                                 -0.05854764007970732                               
parent#2: -0.21277315511615508                               0.4774718557240536                                 -0.06485251024311009                               0.6463067750128703                                 0.01829717410385328                                -0.5518107731467271                                
son:      -0.43608508050637484                               0.4723119817180055                                 0.41040645063568937                                0.11180652434668079                                0.41925426960559514                                -0.4796278748081355                                
mutated:  -0.43608508050637484                               0.4723119817180055                                 0.41040645063568937                                0.11180652434668079                                0.41925426960559514                                -0.4796278748081355                                
5   :
parent#1: 0.513609862146599                                  -0.03969687532329356                               0.26515001486809464                                -0.16278093320038586                               -0.618123056432208                                 0.5057180954880737                                 
parent#2: -0.3421741524732287                                0.12357659631713436                                0.5871220511618845                                 -0.5040255266265009                                0.5152318057062633                                 -0.05854764007970732                               
son:      0.1439684654142073                                 0.07044060268343813                                0.7157219560353447                                 -0.5599714489615989                                -0.0864061256536664                                0.37552528797163925                                
mutated:  0.1439684654142073                                 0.07044060268343813                                0.7157219560353447                                 -0.5599714489615989                                -0.0864061256536664                                0.37552528797163925                                
6   :
parent#1: -0.5306178322870726                                0.35010107929222384                                0.4682942658139714                                 0.29513520474084753                                -0.4890107119689661                                -0.2243616844412706                                
parent#2: 0.513609862146599                                  -0.03969687532329356                               0.26515001486809464                                -0.16278093320038586                               -0.618123056432208                                 0.5057180954880737                                 
son:      -0.012157843180473513                              0.22188689204206696                                0.5242895226472596                                 0.09461108317832054                                -0.7914147675975005                                0.20112259693987342                                
mutated:  -0.012157843180473513                              0.22188689204206696                                0.5242895226472596                                 0.09461108317832054                                -0.7914147675975005                                0.20112259693987342                                
7   :
parent#1: -0.4784082766987913                                0.49771090317190336                                -0.17319263828546855                               0.368651983756461                                  0.4298894084492257                                 0.41557730817408756                                
parent#2: -0.3421741524732287                                0.12357659631713436                                0.5871220511618845                                 -0.5040255266265009                                0.5152318057062633                                 -0.05854764007970732                               
son:      -0.5446706974456693                                0.41238647530196065                                0.27475024322926533                                -0.0898556919932036                                0.6273346986044882                                 0.23698240593084427                                
mutated:  -0.5446706974456693                                0.41238647530196065                                0.27475024322926533                                -0.0898556919932036                                0.6273346986044882                                 0.23698240593084427                                

