0   :
parent#1: -0.3421741524732287                                0.12357659631713436                                0.5871220511618845                                 -0.5040255266265009                                0.5152318057062633                                 -0.05854764007970732                               
parent#2: -0.3421741524732287                                0.12357659631713436                                0.5871220511618845                                 -0.5040255266265009                                0.5152318057062633                                 -0.05854764007970732                               
son     : -0.3421741524732287                                0.12357659631713436                                0.5871220511618845                                 -0.5040255266265009                                0.5152318057062633                                 -0.05854764007970732                               
1   :
parent#1: -0.3421741524732287                                0.12357659631713436                                0.5871220511618845                                 -0.5040255266265009                                0.5152318057062633                                 -0.05854764007970732                               
parent#2: -0.29248886448283773                               -0.2894829078378976                                0.24568137296349887                                -0.16548249693809342                               -0.3870082571678532                                0.7701498070460451                                 
son     : -0.4384873144637671                                -0.11462431408125436                               0.5753820959544702                                 -0.46256165464436605                               0.08858937412058777                                0.4916444078563133                                 
2   :
parent#1: -0.3421741524732287                                0.12357659631713436                                0.5871220511618845                                 -0.5040255266265009                                0.5152318057062633                                 -0.05854764007970732                               
parent#2: 0.18972471890083029                                0.6119797438361118                                 -0.18172289826060914                               0.5421761035248139                                 0.512269904157779                                  -0.009312920105020243                              
son     : -0.1216922071187772                                0.5871551792348868                                 0.32360840263279883                                0.030453559562788116                               0.729284344964242                                  -0.05416944590531608                               
3   :
parent#1: -0.3421741524732287                                0.12357659631713436                                0.5871220511618845                                 -0.5040255266265009                                0.5152318057062633                                 -0.05854764007970732                               
parent#2: -0.5794718837451026                                0.10923998242781177                                0.29420297482487195                                0.522183324330461                                  -0.2629421243855414                                0.4731908566393443                                 
son     : -0.6657864502002484                                0.1681840071122971                                 0.6366590181757822                                 0.013116983312137806                               0.1822511514701336                                 0.2995334699052034                                 
4   :
parent#1: -0.3421741524732287                                0.12357659631713436                                0.5871220511618845                                 -0.5040255266265009                                0.5152318057062633                                 -0.05854764007970732                               
parent#2: 0.6908665279259526                                 0.07234460833012493                                0.5426600347526116                                 -0.29079772174101143                               -0.21669612491884965                               0.3024388523235498                                 
son     : 0.23419957264708613                                0.13159066739361935                                0.7588192353273366                                 -0.5338438067536072                                0.20051177995946345                                0.16380976958766905                                
5   :
parent#1: -0.3421741524732287                                0.12357659631713436                                0.5871220511618845                                 -0.5040255266265009                                0.5152318057062633                                 -0.05854764007970732                               
parent#2: 0.3038735900869655                                 -0.5221975628325886                                -0.02918447314908652                               0.5328329040610401                                 0.46610157754066306                                0.36463300578850194                                
son     : 0.11484611169531088                                -0.3203717451062207                                0.44841453546916815                                0.023152494614904016                               0.7886978230725371                                 0.24600086548583627                                
6   :
parent#1: -0.3421741524732287                                0.12357659631713436                                0.5871220511618845                                 -0.5040255266265009                                0.5152318057062633                                 -0.05854764007970732                               
parent#2: 0.06557235966807352                                0.00883155603317743                                0.8479260691622139                                 0.032776774027101885                               0.4732108114446252                                 -0.2272462574323408                                
son     : -0.13705544207389345                               0.07157776900136782                                0.7757644906232508                                 -0.2547496793588714                                0.5343365651259098                                 -0.15449569543117186                               
7   :
parent#1: -0.3421741524732287                                0.12357659631713436                                0.5871220511618845                                 -0.5040255266265009                                0.5152318057062633                                 -0.05854764007970732                               
parent#2: 0.36926324609991484                                0.324899404720046                                  -0.5749329227476623                                0.4823941444187145                                 -0.11740575138700562                               0.4254984667480403                                 
son     : 0.03547240278484618                                0.5872666530435727                                 0.015961319291966237                               -0.02832568387270262                               0.5209419787754309                                 0.6175936637732058                                 
8   :
parent#1: -0.3421741524732287                                0.12357659631713436                                0.5871220511618845                                 -0.5040255266265009                                0.5152318057062633                                 -0.05854764007970732                               
parent#2: -0.39336570172919444                               -0.44427318425648277                               0.45562644664861096                                0.3550076899946659                                 0.22253785525527123                                0.5145247774316599                                 
son     : -0.4646746992245998                                -0.20259893422724232                               0.6587526723652536                                 -0.09414149079805273                               0.4660833717515869                                 0.2880619424518664                                 
9   :
parent#1: -0.3421741524732287                                0.12357659631713436                                0.5871220511618845                                 -0.5040255266265009                                0.5152318057062633                                 -0.05854764007970732                               
parent#2: 0.4114773666127734                                 0.35303605509627933                                -0.351972553083123                                 0.1669308244660555                                 -0.6249790304914262                                -0.40460172235508607                               
son     : 0.08749161288050303                                0.6016980613258245                                 0.29686370409207624                                -0.4255640889339553                                -0.13855002000742855                               -0.58470137679913                                  
10  :
parent#1: -0.29248886448283773                               -0.2894829078378976                                0.24568137296349887                                -0.16548249693809342                               -0.3870082571678532                                0.7701498070460451                                 
parent#2: -0.3421741524732287                                0.12357659631713436                                0.5871220511618845                                 -0.5040255266265009                                0.5152318057062633                                 -0.05854764007970732                               
son     : -0.4384873144637671                                -0.11462431408125436                               0.5753820959544702                                 -0.46256165464436605                               0.08858937412058777                                0.4916444078563133                                 
11  :
parent#1: -0.29248886448283773                               -0.2894829078378976                                0.24568137296349887                                -0.16548249693809342                               -0.3870082571678532                                0.7701498070460451                                 
parent#2: -0.29248886448283773                               -0.2894829078378976                                0.24568137296349887                                -0.16548249693809342                               -0.3870082571678532                                0.7701498070460451                                 
son     : -0.29248886448283773                               -0.2894829078378976                                0.24568137296349887                                -0.16548249693809342                               -0.3870082571678532                                0.7701498070460451                                 
12  :
parent#1: -0.29248886448283773                               -0.2894829078378976                                0.24568137296349887                                -0.16548249693809342                               -0.3870082571678532                                0.7701498070460451                                 
parent#2: 0.18972471890083029                                0.6119797438361118                                 -0.18172289826060914                               0.5421761035248139                                 0.512269904157779                                  -0.009312920105020243                              
son     : -0.1111293885739074                                0.3487488364597089                                 0.06916484487461463                                0.40735735156067576                                0.13545823947558142                                0.8227707978436688                                 
13  :
parent#1: -0.29248886448283773                               -0.2894829078378976                                0.24568137296349887                                -0.16548249693809342                               -0.3870082571678532                                0.7701498070460451                                 
parent#2: -0.5794718837451026                                0.10923998242781177                                0.29420297482487195                                0.522183324330461                                  -0.2629421243855414                                0.4731908566393443                                 
son     : -0.4889832125455252                                -0.10107767452232558                               0.3027594800810828                                 0.20003276162423222                                -0.3644829497348983                                0.6972477984277753                                 
14  :
parent#1: -0.29248886448283773                               -0.2894829078378976                                0.24568137296349887                                -0.16548249693809342                               -0.3870082571678532                                0.7701498070460451                                 
parent#2: 0.6908665279259526                                 0.07234460833012493                                0.5426600347526116                                 -0.29079772174101143                               -0.21669612491884965                               0.3024388523235498                                 
son     : 0.24945259028761496                                -0.13596573360744224                               0.4936366273302597                                 -0.2857094985265275                                -0.37802225299967374                               0.6716240491005118                                 
15  :
parent#1: -0.29248886448283773                               -0.2894829078378976                                0.24568137296349887                                -0.16548249693809342                               -0.3870082571678532                                0.7701498070460451                                 
parent#2: 0.3038735900869655                                 -0.5221975628325886                                -0.02918447314908652                               0.5328329040610401                                 0.46610157754066306                                0.36463300578850194                                
son     : 0.0077919841120589525                              -0.5555339277777441                                0.14817576306382665                                0.25142358589850994                                0.05413339918280261                                0.7766730578942032                                 
16  :
parent#1: -0.29248886448283773                               -0.2894829078378976                                0.24568137296349887                                -0.16548249693809342                               -0.3870082571678532                                0.7701498070460451                                 
parent#2: 0.06557235966807352                                0.00883155603317743                                0.8479260691622139                                 0.032776774027101885                               0.4732108114446252                                 -0.2272462574323408                                
son     : -0.17686772971688494                               -0.21875080208994105                               0.852401043494653                                  -0.10343610726273589                               0.06718969201105555                                0.4231605733298182                                 
17  :
parent#1: -0.29248886448283773                               -0.2894829078378976                                0.24568137296349887                                -0.16548249693809342                               -0.3870082571678532                                0.7701498070460451                                 
parent#2: 0.36926324609991484                                0.324899404720046                                  -0.5749329227476623                                0.4823941444187145                                 -0.11740575138700562                               0.4254984667480403                                 
son     : 0.0556980418407054                                 0.02569385104307162                                -0.23886439994348732                               0.2299120856384244                                 -0.36594072087292784                               0.8674152259890975                                 
18  :
parent#1: -0.29248886448283773                               -0.2894829078378976                                0.24568137296349887                                -0.16548249693809342                               -0.3870082571678532                                0.7701498070460451                                 
parent#2: -0.39336570172919444                               -0.44427318425648277                               0.45562644664861096                                0.3550076899946659                                 0.22253785525527123                                0.5145247774316599                                 
son     : -0.38256922168687146                               -0.4092886610217087                                0.3911890361738542                                 0.10571702685914842                                -0.09174148099317499                               0.7165906303124333                                 
19  :
parent#1: -0.29248886448283773                               -0.2894829078378976                                0.24568137296349887                                -0.16548249693809342                               -0.3870082571678532                                0.7701498070460451                                 
parent#2: 0.4114773666127734                                 0.35303605509627933                                -0.351972553083123                                 0.1669308244660555                                 -0.6249790304914262                                -0.40460172235508607                               
son     : 0.10920325453856351                                0.0583267323527205                                 -0.0975501211464312                                0.0013292215370401023                              -0.9287645729279552                                0.33548653713616383                                
20  :
parent#1: 0.18972471890083029                                0.6119797438361118                                 -0.18172289826060914                               0.5421761035248139                                 0.512269904157779                                  -0.009312920105020243                              
parent#2: -0.3421741524732287                                0.12357659631713436                                0.5871220511618845                                 -0.5040255266265009                                0.5152318057062633                                 -0.05854764007970732                               
son     : -0.11393164990297641                               0.5497111105398503                                 0.30297124283755816                                0.028511474716047366                               0.7678937359078177                                 -0.05071495120717887                               
21  :
parent#1: 0.18972471890083029                                0.6119797438361118                                 -0.18172289826060914                               0.5421761035248139                                 0.512269904157779                                  -0.009312920105020243                              
parent#2: -0.29248886448283773                               -0.2894829078378976                                0.24568137296349887                                -0.16548249693809342                               -0.3870082571678532                                0.7701498070460451                                 
son     : -0.1111293885739074                                0.3487488364597089                                 0.06916484487461463                                0.40735735156067576                                0.13545823947558142                                0.8227707978436688                                 
22  :
parent#1: 0.18972471890083029                                0.6119797438361118                                 -0.18172289826060914                               0.5421761035248139                                 0.512269904157779                                  -0.009312920105020243                              
parent#2: 0.18972471890083029                                0.6119797438361118                                 -0.18172289826060914                               0.5421761035248139                                 0.512269904157779                                  -0.009312920105020243                              
son     : 0.18972471890083029                                0.6119797438361118                                 -0.18172289826060914                               0.5421761035248139                                 0.512269904157779                                  -0.009312920105020243                              
23  :
parent#1: 0.18972471890083029                                0.6119797438361118                                 -0.18172289826060914                               0.5421761035248139                                 0.512269904157779                                  -0.009312920105020243                              
parent#2: -0.5794718837451026                                0.10923998242781177                                0.29420297482487195                                0.522183324330461                                  -0.2629421243855414                                0.4731908566393443                                 
son     : -0.26927695171489435                               0.49829188490081183                                0.07771266830891416                                0.7353676642558633                                 0.17226096959996218                                0.32049402275361727                                
24  :
parent#1: 0.18972471890083029                                0.6119797438361118                                 -0.18172289826060914                               0.5421761035248139                                 0.512269904157779                                  -0.009312920105020243                              
parent#2: 0.6908665279259526                                 0.07234460833012493                                0.5426600347526116                                 -0.29079772174101143                               -0.21669612491884965                               0.3024388523235498                                 
son     : 0.6938966480148852                                 0.539240397669448                                  0.2844146703233777                                 0.1980835230099648                                 0.23290903173754635                                0.23098015401087196                                
25  :
parent#1: 0.18972471890083029                                0.6119797438361118                                 -0.18172289826060914                               0.5421761035248139                                 0.512269904157779                                  -0.009312920105020243                              
parent#2: 0.3038735900869655                                 -0.5221975628325886                                -0.02918447314908652                               0.5328329040610401                                 0.46610157754066306                                0.36463300578850194                                
son     : 0.3099987061574592                                 0.05638665984120128                                -0.1324579340438804                                0.6751469674655401                                 0.6144548875984344                                 0.22315466813392246                                
26  :
parent#1: 0.18972471890083029                                0.6119797438361118                                 -0.18172289826060914                               0.5421761035248139                                 0.512269904157779                                  -0.009312920105020243                              
parent#2: 0.06557235966807352                                0.00883155603317743                                0.8479260691622139                                 0.032776774027101885                               0.4732108114446252                                 -0.2272462574323408                                
son     : 0.17011818249606808                                0.41367997863038947                                0.44392702510424603                                0.38312204392741506                                0.6566788353512548                                 -0.15763211064148197                               
27  :
parent#1: 0.18972471890083029                                0.6119797438361118                                 -0.18172289826060914                               0.5421761035248139                                 0.512269904157779                                  -0.009312920105020243                              
parent#2: -0.39336570172919444                               -0.44427318425648277                               0.45562644664861096                                0.3550076899946659                                 0.22253785525527123                                0.5145247774316599                                 
son     : -0.15417004885036076                               0.12696525092254698                                0.20736358098829455                                0.6792290400171082                                 0.5562993587583251                                 0.38247967399311145                                
28  :
parent#1: 0.18972471890083029                                0.6119797438361118                                 -0.18172289826060914                               0.5421761035248139                                 0.512269904157779                                  -0.009312920105020243                              
parent#2: 0.4114773666127734                                 0.35303605509627933                                -0.351972553083123                                 0.1669308244660555                                 -0.6249790304914262                                -0.40460172235508607                               
son     : 0.39952569162098966                                0.6412961860640809                                 -0.3546645120682238                                0.47123328854849245                                -0.07490025855778407                               -0.27506480397461414                               
29  :
parent#1: -0.5794718837451026                                0.10923998242781177                                0.29420297482487195                                0.522183324330461                                  -0.2629421243855414                                0.4731908566393443                                 
parent#2: -0.3421741524732287                                0.12357659631713436                                0.5871220511618845                                 -0.5040255266265009                                0.5152318057062633                                 -0.05854764007970732                               
son     : -0.6657864502002484                                0.1681840071122971                                 0.6366590181757822                                 0.013116983312137806                               0.1822511514701336                                 0.2995334699052034                                 
30  :
parent#1: -0.5794718837451026                                0.10923998242781177                                0.29420297482487195                                0.522183324330461                                  -0.2629421243855414                                0.4731908566393443                                 
parent#2: -0.29248886448283773                               -0.2894829078378976                                0.24568137296349887                                -0.16548249693809342                               -0.3870082571678532                                0.7701498070460451                                 
son     : -0.4889832125455252                                -0.10107767452232558                               0.3027594800810828                                 0.20003276162423222                                -0.3644829497348983                                0.6972477984277753                                 
31  :
parent#1: -0.5794718837451026                                0.10923998242781177                                0.29420297482487195                                0.522183324330461                                  -0.2629421243855414                                0.4731908566393443                                 
parent#2: 0.18972471890083029                                0.6119797438361118                                 -0.18172289826060914                               0.5421761035248139                                 0.512269904157779                                  -0.009312920105020243                              
son     : -0.26927695171489435                               0.49829188490081183                                0.07771266830891416                                0.7353676642558633                                 0.17226096959996218                                0.32049402275361727                                
32  :
parent#1: -0.5794718837451026                                0.10923998242781177                                0.29420297482487195                                0.522183324330461                                  -0.2629421243855414                                0.4731908566393443                                 
parent#2: -0.5794718837451026                                0.10923998242781177                                0.29420297482487195                                0.522183324330461                                  -0.2629421243855414                                0.4731908566393443                                 
son     : -0.5794718837451026                                0.10923998242781177                                0.29420297482487195                                0.522183324330461                                  -0.2629421243855414                                0.4731908566393443                                 
33  :
parent#1: -0.5794718837451026                                0.10923998242781177                                0.29420297482487195                                0.522183324330461                                  -0.2629421243855414                                0.4731908566393443                                 
parent#2: 0.6908665279259526                                 0.07234460833012493                                0.5426600347526116                                 -0.29079772174101143                               -0.21669612491884965                               0.3024388523235498                                 
son     : 0.0872265397352785                                 0.1421881243711029                                 0.6552977936657756                                 0.181184343348436                                  -0.37557626867218064                               0.6073496273202795                                 
34  :
parent#1: -0.5794718837451026                                0.10923998242781177                                0.29420297482487195                                0.522183324330461                                  -0.2629421243855414                                0.4731908566393443                                 
parent#2: 0.3038735900869655                                 -0.5221975628325886                                -0.02918447314908652                               0.5328329040610401                                 0.46610157754066306                                0.36463300578850194                                
son     : -0.18695890666886816                               -0.2801399700568094                                0.17978184357624213                                0.7156963055172538                                 0.1378182307922473                                 0.5683585018668477                                 
35  :
parent#1: -0.5794718837451026                                0.10923998242781177                                0.29420297482487195                                0.522183324330461                                  -0.2629421243855414                                0.4731908566393443                                 
parent#2: 0.06557235966807352                                0.00883155603317743                                0.8479260691622139                                 0.032776774027101885                               0.4732108114446252                                 -0.2272462574323408                                
son     : -0.3638209861110313                                0.08359008238366218                                0.8085831871429143                                 0.3928902845344131                                 0.14886209753064686                                0.17411926343555462                                
36  :
parent#1: -0.5794718837451026                                0.10923998242781177                                0.29420297482487195                                0.522183324330461                                  -0.2629421243855414                                0.4731908566393443                                 
parent#2: 0.36926324609991484                                0.324899404720046                                  -0.5749329227476623                                0.4823941444187145                                 -0.11740575138700562                               0.4254984667480403                                 
son     : -0.13942959284647993                               0.28796094521490695                                -0.1862057752581807                                0.6663276496128868                                 -0.2522814954374155                                0.5960929477450049                                 
37  :
parent#1: -0.5794718837451026                                0.10923998242781177                                0.29420297482487195                                0.522183324330461                                  -0.2629421243855414                                0.4731908566393443                                 
parent#2: -0.39336570172919444                               -0.44427318425648277                               0.45562644664861096                                0.3550076899946659                                 0.22253785525527123                                0.5145247774316599                                 
son     : -0.530128531500063                                 -0.18256969296946451                               0.40860465921192723                                0.47800783112477363                                -0.022017504442861966                              0.5382360287554385                                 
38  :
parent#1: -0.5794718837451026                                0.10923998242781177                                0.29420297482487195                                0.522183324330461                                  -0.2629421243855414                                0.4731908566393443                                 
parent#2: 0.4114773666127734                                 0.35303605509627933                                -0.351972553083123                                 0.1669308244660555                                 -0.6249790304914262                                -0.40460172235508607                               
son     : -0.13656532116845083                               0.3757912853978928                                 -0.046961776748878                                 0.5601914673083657                                 -0.7218047336182942                                0.05575715988883985                                
39  :
parent#1: 0.6908665279259526                                 0.07234460833012493                                0.5426600347526116                                 -0.29079772174101143                               -0.21669612491884965                               0.3024388523235498                                 
parent#2: -0.3421741524732287                                0.12357659631713436                                0.5871220511618845                                 -0.5040255266265009                                0.5152318057062633                                 -0.05854764007970732                               
son     : 0.23419957264708613                                0.13159066739361935                                0.7588192353273366                                 -0.5338438067536072                                0.20051177995946345                                0.16380976958766905                                
40  :
parent#1: 0.6908665279259526                                 0.07234460833012493                                0.5426600347526116                                 -0.29079772174101143                               -0.21669612491884965                               0.3024388523235498                                 
parent#2: -0.29248886448283773                               -0.2894829078378976                                0.24568137296349887                                -0.16548249693809342                               -0.3870082571678532                                0.7701498070460451                                 
son     : 0.24945259028761496                                -0.13596573360744224                               0.4936366273302597                                 -0.2857094985265275                                -0.37802225299967374                               0.6716240491005118                                 
41  :
parent#1: 0.6908665279259526                                 0.07234460833012493                                0.5426600347526116                                 -0.29079772174101143                               -0.21669612491884965                               0.3024388523235498                                 
parent#2: 0.18972471890083029                                0.6119797438361118                                 -0.18172289826060914                               0.5421761035248139                                 0.512269904157779                                  -0.009312920105020243                              
son     : 0.6938966480148852                                 0.539240397669448                                  0.2844146703233777                                 0.1980835230099648                                 0.23290903173754635                                0.23098015401087196                                
42  :
parent#1: 0.6908665279259526                                 0.07234460833012493                                0.5426600347526116                                 -0.29079772174101143                               -0.21669612491884965                               0.3024388523235498                                 
parent#2: -0.5794718837451026                                0.10923998242781177                                0.29420297482487195                                0.522183324330461                                  -0.2629421243855414                                0.4731908566393443                                 
son     : 0.0872265397352785                                 0.1421881243711029                                 0.6552977936657756                                 0.181184343348436                                  -0.37557626867218064                               0.6073496273202795                                 
43  :
parent#1: 0.6908665279259526                                 0.07234460833012493                                0.5426600347526116                                 -0.29079772174101143                               -0.21669612491884965                               0.3024388523235498                                 
parent#2: 0.6908665279259526                                 0.07234460833012493                                0.5426600347526116                                 -0.29079772174101143                               -0.21669612491884965                               0.3024388523235498                                 
son     : 0.6908665279259526                                 0.07234460833012493                                0.5426600347526116                                 -0.29079772174101143                               -0.21669612491884965                               0.3024388523235498                                 
44  :
parent#1: 0.6908665279259526                                 0.07234460833012493                                0.5426600347526116                                 -0.29079772174101143                               -0.21669612491884965                               0.3024388523235498                                 
parent#2: 0.3038735900869655                                 -0.5221975628325886                                -0.02918447314908652                               0.5328329040610401                                 0.46610157754066306                                0.36463300578850194                                
son     : 0.6996713033263123                                 -0.31641350065449314                               0.3611637943496343                                 0.17024051649083777                                0.17542455052599665                                0.46919896757547175                                
45  :
parent#1: 0.6908665279259526                                 0.07234460833012493                                0.5426600347526116                                 -0.29079772174101143                               -0.21669612491884965                               0.3024388523235498                                 
parent#2: 0.06557235966807352                                0.00883155603317743                                0.8479260691622139                                 0.032776774027101885                               0.4732108114446252                                 -0.2272462574323408                                
son     : 0.46462871214387585                                0.049860970031386086                               0.8541420082753264                                 -0.15848463452714073                               0.15755944122008986                                0.04618567223345712                                
46  :
parent#1: 0.6908665279259526                                 0.07234460833012493                                0.5426600347526116                                 -0.29079772174101143                               -0.21669612491884965                               0.3024388523235498                                 
parent#2: 0.36926324609991484                                0.324899404720046                                  -0.5749329227476623                                0.4823941444187145                                 -0.11740575138700562                               0.4254984667480403                                 
son     : 0.7570529790403286                                 0.2836773108857417                                 -0.02304650486902731                               0.13682159120085788                                -0.2385866588764816                                0.519829863720374                                  
47  :
parent#1: 0.6908665279259526                                 0.07234460833012493                                0.5426600347526116                                 -0.29079772174101143                               -0.21669612491884965                               0.3024388523235498                                 
parent#2: -0.39336570172919444                               -0.44427318425648277                               0.45562644664861096                                0.3550076899946659                                 0.22253785525527123                                0.5145247774316599                                 
son     : 0.21611432499505479                                -0.2701810753276244                                0.7251879325438474                                 0.04664421986483764                                0.004243623873581834                               0.5934690859422592                                 
48  :
parent#1: 0.6908665279259526                                 0.07234460833012493                                0.5426600347526116                                 -0.29079772174101143                               -0.21669612491884965                               0.3024388523235498                                 
parent#2: 0.4114773666127734                                 0.35303605509627933                                -0.351972553083123                                 0.1669308244660555                                 -0.6249790304914262                                -0.40460172235508607                               
son     : 0.748894661416605                                  0.28898904369873696                                0.1295465396313672                                 -0.08415092472959187                               -0.5718052539289528                                -0.06940595248058333                               
49  :
parent#1: 0.3038735900869655                                 -0.5221975628325886                                -0.02918447314908652                               0.5328329040610401                                 0.46610157754066306                                0.36463300578850194                                
parent#2: -0.3421741524732287                                0.12357659631713436                                0.5871220511618845                                 -0.5040255266265009                                0.5152318057062633                                 -0.05854764007970732                               
son     : -0.030972335954865555                              -0.32235094537405384                               0.45118476156512616                                0.023295526652662622                               0.7935702594421896                                 0.2475206155458652                                 
50  :
parent#1: 0.3038735900869655                                 -0.5221975628325886                                -0.02918447314908652                               0.5328329040610401                                 0.46610157754066306                                0.36463300578850194                                
parent#2: -0.29248886448283773                               -0.2894829078378976                                0.24568137296349887                                -0.16548249693809342                               -0.3870082571678532                                0.7701498070460451                                 
son     : 0.0077919841120589525                              -0.5555339277777441                                0.14817576306382665                                0.25142358589850994                                0.05413339918280261                                0.7766730578942032                                 
51  :
parent#1: 0.3038735900869655                                 -0.5221975628325886                                -0.02918447314908652                               0.5328329040610401                                 0.46610157754066306                                0.36463300578850194                                
parent#2: 0.18972471890083029                                0.6119797438361118                                 -0.18172289826060914                               0.5421761035248139                                 0.512269904157779                                  -0.009312920105020243                              
son     : 0.3099987061574592                                 0.05638665984120128                                -0.1324579340438804                                0.6751469674655401                                 0.6144548875984344                                 0.22315466813392246                                
52  :
parent#1: 0.3038735900869655                                 -0.5221975628325886                                -0.02918447314908652                               0.5328329040610401                                 0.46610157754066306                                0.36463300578850194                                
parent#2: -0.5794718837451026                                0.10923998242781177                                0.29420297482487195                                0.522183324330461                                  -0.2629421243855414                                0.4731908566393443                                 
son     : -0.18695890666886816                               -0.2801399700568094                                0.17978184357624213                                0.7156963055172538                                 0.1378182307922473                                 0.5683585018668477                                 
53  :
parent#1: 0.3038735900869655                                 -0.5221975628325886                                -0.02918447314908652                               0.5328329040610401                                 0.46610157754066306                                0.36463300578850194                                
parent#2: 0.6908665279259526                                 0.07234460833012493                                0.5426600347526116                                 -0.29079772174101143                               -0.21669612491884965                               0.3024388523235498                                 
son     : 0.6996713033263123                                 -0.31641350065449314                               0.3611637943496343                                 0.17024051649083777                                0.17542455052599665                                0.46919896757547175                                
54  :
parent#1: 0.3038735900869655                                 -0.5221975628325886                                -0.02918447314908652                               0.5328329040610401                                 0.46610157754066306                                0.36463300578850194                                
parent#2: 0.3038735900869655                                 -0.5221975628325886                                -0.02918447314908652                               0.5328329040610401                                 0.46610157754066306                                0.36463300578850194                                
son     : 0.3038735900869655                                 -0.5221975628325886                                -0.02918447314908652                               0.5328329040610401                                 0.46610157754066306                                0.36463300578850194                                
55  :
parent#1: 0.3038735900869655                                 -0.5221975628325886                                -0.02918447314908652                               0.5328329040610401                                 0.46610157754066306                                0.36463300578850194                                
parent#2: 0.06557235966807352                                0.00883155603317743                                0.8479260691622139                                 0.032776774027101885                               0.4732108114446252                                 -0.2272462574323408                                
son     : 0.24405843707517977                                -0.33913297831540645                               0.5408661116027749                                 0.37364549298839533                                0.6205159746184927                                 0.09075859432449597                                
56  :
parent#1: 0.3038735900869655                                 -0.5221975628325886                                -0.02918447314908652                               0.5328329040610401                                 0.46610157754066306                                0.36463300578850194                                
parent#2: 0.36926324609991484                                0.324899404720046                                  -0.5749329227476623                                0.4823941444187145                                 -0.11740575138700562                               0.4254984667480403                                 
son     : 0.41479173417319004                                -0.12157653652749661                               -0.3722614612917064                                0.6255901703491623                                 0.21486886269447006                                0.4868846660878019                                 
57  :
parent#1: 0.3038735900869655                                 -0.5221975628325886                                -0.02918447314908652                               0.5328329040610401                                 0.46610157754066306                                0.36463300578850194                                
parent#2: -0.39336570172919444                               -0.44427318425648277                               0.45562644664861096                                0.3550076899946659                                 0.22253785525527123                                0.5145247774316599                                 
son     : -0.05034857674563454                               -0.5437398413030999                                0.2399177540489411                                 0.4995022406713447                                 0.38743096677400946                                0.49461726075860185                                
58  :
parent#1: 0.06557235966807352                                0.00883155603317743                                0.8479260691622139                                 0.032776774027101885                               0.4732108114446252                                 -0.2272462574323408                                
parent#2: -0.3421741524732287                                0.12357659631713436                                0.5871220511618845                                 -0.5040255266265009                                0.5152318057062633                                 -0.05854764007970732                               
son     : -0.14926009753138775                               0.07145020114775642                                0.7743819019737659                                 -0.25429565752698974                               0.5333842559149605                                 -0.15422034898585338                               
59  :
parent#1: 0.06557235966807352                                0.00883155603317743                                0.8479260691622139                                 0.032776774027101885                               0.4732108114446252                                 -0.2272462574323408                                
parent#2: -0.29248886448283773                               -0.2894829078378976                                0.24568137296349887                                -0.16548249693809342                               -0.3870082571678532                                0.7701498070460451                                 
son     : -0.17686772971688494                               -0.21875080208994105                               0.852401043494653                                  -0.10343610726273589                               0.06718969201105555                                0.4231605733298182                                 
60  :
parent#1: 0.06557235966807352                                0.00883155603317743                                0.8479260691622139                                 0.032776774027101885                               0.4732108114446252                                 -0.2272462574323408                                
parent#2: 0.18972471890083029                                0.6119797438361118                                 -0.18172289826060914                               0.5421761035248139                                 0.512269904157779                                  -0.009312920105020243                              
son     : 0.17011818249606808                                0.41367997863038947                                0.44392702510424603                                0.38312204392741506                                0.6566788353512548                                 -0.15763211064148197                               
61  :
parent#1: 0.06557235966807352                                0.00883155603317743                                0.8479260691622139                                 0.032776774027101885                               0.4732108114446252                                 -0.2272462574323408                                
parent#2: -0.5794718837451026                                0.10923998242781177                                0.29420297482487195                                0.522183324330461                                  -0.2629421243855414                                0.4731908566393443                                 
son     : -0.3638209861110313                                0.08359008238366218                                0.8085831871429143                                 0.3928902845344131                                 0.14886209753064686                                0.17411926343555462                                
62  :
parent#1: 0.06557235966807352                                0.00883155603317743                                0.8479260691622139                                 0.032776774027101885                               0.4732108114446252                                 -0.2272462574323408                                
parent#2: 0.6908665279259526                                 0.07234460833012493                                0.5426600347526116                                 -0.29079772174101143                               -0.21669612491884965                               0.3024388523235498                                 
son     : 0.46462871214387585                                0.049860970031386086                               0.8541420082753264                                 -0.15848463452714073                               0.15755944122008986                                0.04618567223345712                                
63  :
parent#1: 0.06557235966807352                                0.00883155603317743                                0.8479260691622139                                 0.032776774027101885                               0.4732108114446252                                 -0.2272462574323408                                
parent#2: 0.3038735900869655                                 -0.5221975628325886                                -0.02918447314908652                               0.5328329040610401                                 0.46610157754066306                                0.36463300578850194                                
son     : 0.24405843707517977                                -0.33913297831540645                               0.5408661116027749                                 0.37364549298839533                                0.6205159746184927                                 0.09075859432449597                                
64  :
parent#1: 0.06557235966807352                                0.00883155603317743                                0.8479260691622139                                 0.032776774027101885                               0.4732108114446252                                 -0.2272462574323408                                
parent#2: 0.06557235966807352                                0.00883155603317743                                0.8479260691622139                                 0.032776774027101885                               0.4732108114446252                                 -0.2272462574323408                                
son     : 0.06557235966807352                                0.00883155603317743                                0.8479260691622139                                 0.032776774027101885                               0.4732108114446252                                 -0.2272462574323408                                
65  :
parent#1: 0.06557235966807352                                0.00883155603317743                                0.8479260691622139                                 0.032776774027101885                               0.4732108114446252                                 -0.2272462574323408                                
parent#2: -0.39336570172919444                               -0.44427318425648277                               0.45562644664861096                                0.3550076899946659                                 0.22253785525527123                                0.5145247774316599                                 
son     : -0.19899992004645126                               -0.26435207212102824                               0.7913731401363702                                 0.23541990465809604                                0.42238176094463836                                0.17440379402296594                                
66  :
parent#1: 0.06557235966807352                                0.00883155603317743                                0.8479260691622139                                 0.032776774027101885                               0.4732108114446252                                 -0.2272462574323408                                
parent#2: 0.4114773666127734                                 0.35303605509627933                                -0.351972553083123                                 0.1669308244660555                                 -0.6249790304914262                                -0.40460172235508607                               
son     : 0.461906516937114                                  0.3503806807568695                                 0.48021023502263216                                0.1933681881446948                                 -0.14695057051638724                               -0.6117909381328158                                
67  :
parent#1: 0.36926324609991484                                0.324899404720046                                  -0.5749329227476623                                0.4823941444187145                                 -0.11740575138700562                               0.4254984667480403                                 
parent#2: -0.3421741524732287                                0.12357659631713436                                0.5871220511618845                                 -0.5040255266265009                                0.5152318057062633                                 -0.05854764007970732                               
son     : 0.03848723278928352                                0.637178950694794                                  0.017317885538794646                               -0.030733108093542613                              0.565217285348519                                  0.521350846315925                                  
68  :
parent#1: 0.36926324609991484                                0.324899404720046                                  -0.5749329227476623                                0.4823941444187145                                 -0.11740575138700562                               0.4254984667480403                                 
parent#2: -0.29248886448283773                               -0.2894829078378976                                0.24568137296349887                                -0.16548249693809342                               -0.3870082571678532                                0.7701498070460451                                 
son     : 0.0556980418407054                                 0.02569385104307162                                -0.23886439994348732                               0.2299120856384244                                 -0.36594072087292784                               0.8674152259890975                                 
69  :
parent#1: 0.36926324609991484                                0.324899404720046                                  -0.5749329227476623                                0.4823941444187145                                 -0.11740575138700562                               0.4254984667480403                                 
parent#2: 0.18972471890083029                                0.6119797438361118                                 -0.18172289826060914                               0.5421761035248139                                 0.512269904157779                                  -0.009312920105020243                              
son     : 0.3153742955862231                                 0.5285759623195553                                 -0.42689612566413815                               0.5780502272948963                                 0.22277761209432737                                0.23480688641576516                                
70  :
parent#1: 0.36926324609991484                                0.324899404720046                                  -0.5749329227476623                                0.4823941444187145                                 -0.11740575138700562                               0.4254984667480403                                 
parent#2: -0.5794718837451026                                0.10923998242781177                                0.29420297482487195                                0.522183324330461                                  -0.2629421243855414                                0.4731908566393443                                 
son     : -0.13942959284647993                               0.28796094521490695                                -0.1862057752581807                                0.6663276496128868                                 -0.2522814954374155                                0.5960929477450049                                 
71  :
parent#1: 0.36926324609991484                                0.324899404720046                                  -0.5749329227476623                                0.4823941444187145                                 -0.11740575138700562                               0.4254984667480403                                 
parent#2: 0.6908665279259526                                 0.07234460833012493                                0.5426600347526116                                 -0.29079772174101143                               -0.21669612491884965                               0.3024388523235498                                 
son     : 0.7570529790403286                                 0.2836773108857417                                 -0.02304650486902731                               0.13682159120085788                                -0.2385866588764816                                0.519829863720374                                  
72  :
parent#1: 0.36926324609991484                                0.324899404720046                                  -0.5749329227476623                                0.4823941444187145                                 -0.11740575138700562                               0.4254984667480403                                 
parent#2: 0.3038735900869655                                 -0.5221975628325886                                -0.02918447314908652                               0.5328329040610401                                 0.46610157754066306                                0.36463300578850194                                
son     : 0.41479173417319004                                -0.12157653652749661                               -0.3722614612917064                                0.6255901703491623                                 0.21486886269447006                                0.4868846660878019                                 
73  :
parent#1: 0.36926324609991484                                0.324899404720046                                  -0.5749329227476623                                0.4823941444187145                                 -0.11740575138700562                               0.4254984667480403                                 
parent#2: 0.06557235966807352                                0.00883155603317743                                0.8479260691622139                                 0.032776774027101885                               0.4732108114446252                                 -0.2272462574323408                                
son     : 0.48426220332691366                                0.37166526436428576                                0.30402354550145677                                0.5737290156262701                                 0.396248467358264                                  0.2207870064552034                                 
74  :
parent#1: 0.36926324609991484                                0.324899404720046                                  -0.5749329227476623                                0.4823941444187145                                 -0.11740575138700562                               0.4254984667480403                                 
parent#2: 0.36926324609991484                                0.324899404720046                                  -0.5749329227476623                                0.4823941444187145                                 -0.11740575138700562                               0.4254984667480403                                 
son     : 0.36926324609991484                                0.324899404720046                                  -0.5749329227476623                                0.4823941444187145                                 -0.11740575138700562                               0.4254984667480403                                 
75  :
parent#1: 0.36926324609991484                                0.324899404720046                                  -0.5749329227476623                                0.4823941444187145                                 -0.11740575138700562                               0.4254984667480403                                 
parent#2: -0.39336570172919444                               -0.44427318425648277                               0.45562644664861096                                0.3550076899946659                                 0.22253785525527123                                0.5145247774316599                                 
son     : -0.018907502268952252                              -0.09364440047746478                               -0.09359160337186499                               0.6569113673613269                                 0.08247232244726962                                0.7374141413460109                                 
76  :
parent#1: -0.39336570172919444                               -0.44427318425648277                               0.45562644664861096                                0.3550076899946659                                 0.22253785525527123                                0.5145247774316599                                 
parent#2: -0.3421741524732287                                0.12357659631713436                                0.5871220511618845                                 -0.5040255266265009                                0.5152318057062633                                 -0.05854764007970732                               
son     : -0.4646746992245998                                -0.20259893422724232                               0.6587526723652536                                 -0.09414149079805273                               0.4660833717515869                                 0.2880619424518664                                 
77  :
parent#1: -0.39336570172919444                               -0.44427318425648277                               0.45562644664861096                                0.3550076899946659                                 0.22253785525527123                                0.5145247774316599                                 
parent#2: -0.29248886448283773                               -0.2894829078378976                                0.24568137296349887                                -0.16548249693809342                               -0.3870082571678532                                0.7701498070460451                                 
son     : -0.38256922168687146                               -0.4092886610217087                                0.3911890361738542                                 0.10571702685914842                                -0.09174148099317499                               0.7165906303124333                                 
78  :
parent#1: -0.39336570172919444                               -0.44427318425648277                               0.45562644664861096                                0.3550076899946659                                 0.22253785525527123                                0.5145247774316599                                 
parent#2: 0.18972471890083029                                0.6119797438361118                                 -0.18172289826060914                               0.5421761035248139                                 0.512269904157779                                  -0.009312920105020243                              
son     : -0.15417004885036076                               0.12696525092254698                                0.20736358098829455                                0.6792290400171082                                 0.5562993587583251                                 0.38247967399311145                                
79  :
parent#1: -0.39336570172919444                               -0.44427318425648277                               0.45562644664861096                                0.3550076899946659                                 0.22253785525527123                                0.5145247774316599                                 
parent#2: -0.5794718837451026                                0.10923998242781177                                0.29420297482487195                                0.522183324330461                                  -0.2629421243855414                                0.4731908566393443                                 
son     : -0.530128531500063                                 -0.18256969296946451                               0.40860465921192723                                0.47800783112477363                                -0.022017504442861966                              0.5382360287554385                                 
80  :
parent#1: -0.39336570172919444                               -0.44427318425648277                               0.45562644664861096                                0.3550076899946659                                 0.22253785525527123                                0.5145247774316599                                 
parent#2: 0.6908665279259526                                 0.07234460833012493                                0.5426600347526116                                 -0.29079772174101143                               -0.21669612491884965                               0.3024388523235498                                 
son     : 0.21611432499505479                                -0.2701810753276244                                0.7251879325438474                                 0.04664421986483764                                0.004243623873581834                               0.5934690859422592                                 
81  :
parent#1: -0.39336570172919444                               -0.44427318425648277                               0.45562644664861096                                0.3550076899946659                                 0.22253785525527123                                0.5145247774316599                                 
parent#2: 0.3038735900869655                                 -0.5221975628325886                                -0.02918447314908652                               0.5328329040610401                                 0.46610157754066306                                0.36463300578850194                                
son     : -0.05034857674563454                               -0.5437398413030999                                0.2399177540489411                                 0.4995022406713447                                 0.38743096677400946                                0.49461726075860185                                
82  :
parent#1: -0.39336570172919444                               -0.44427318425648277                               0.45562644664861096                                0.3550076899946659                                 0.22253785525527123                                0.5145247774316599                                 
parent#2: 0.06557235966807352                                0.00883155603317743                                0.8479260691622139                                 0.032776774027101885                               0.4732108114446252                                 -0.2272462574323408                                
son     : -0.19899992004645126                               -0.26435207212102824                               0.7913731401363702                                 0.23541990465809604                                0.42238176094463836                                0.17440379402296594                                
83  :
parent#1: -0.39336570172919444                               -0.44427318425648277                               0.45562644664861096                                0.3550076899946659                                 0.22253785525527123                                0.5145247774316599                                 
parent#2: 0.36926324609991484                                0.324899404720046                                  -0.5749329227476623                                0.4823941444187145                                 -0.11740575138700562                               0.4254984667480403                                 
son     : -0.018907502268952252                              -0.09364440047746478                               -0.09359160337186499                               0.6569113673613269                                 0.08247232244726962                                0.7374141413460109                                 
84  :
parent#1: -0.39336570172919444                               -0.44427318425648277                               0.45562644664861096                                0.3550076899946659                                 0.22253785525527123                                0.5145247774316599                                 
parent#2: -0.39336570172919444                               -0.44427318425648277                               0.45562644664861096                                0.3550076899946659                                 0.22253785525527123                                0.5145247774316599                                 
son     : -0.3933657017291945                                -0.4442731842564828                                0.455626446648611                                  0.355007689994666                                  0.22253785525527126                                0.51452477743166                                   
85  :
parent#1: -0.39336570172919444                               -0.44427318425648277                               0.45562644664861096                                0.3550076899946659                                 0.22253785525527123                                0.5145247774316599                                 
parent#2: 0.4114773666127734                                 0.35303605509627933                                -0.351972553083123                                 0.1669308244660555                                 -0.6249790304914262                                -0.40460172235508607                               
son     : 0.02653575920008559                                -0.13367332628251755                               0.15186537391705374                                0.7647024625294002                                 -0.5896245423549276                                0.16105044670378843                                
86  :
parent#1: 0.4114773666127734                                 0.35303605509627933                                -0.351972553083123                                 0.1669308244660555                                 -0.6249790304914262                                -0.40460172235508607                               
parent#2: -0.3421741524732287                                0.12357659631713436                                0.5871220511618845                                 -0.5040255266265009                                0.5152318057062633                                 -0.05854764007970732                               
son     : 0.08749161288050303                                0.6016980613258245                                 0.29686370409207624                                -0.4255640889339553                                -0.13855002000742855                               -0.58470137679913                                  
87  :
parent#1: 0.4114773666127734                                 0.35303605509627933                                -0.351972553083123                                 0.1669308244660555                                 -0.6249790304914262                                -0.40460172235508607                               
parent#2: -0.29248886448283773                               -0.2894829078378976                                0.24568137296349887                                -0.16548249693809342                               -0.3870082571678532                                0.7701498070460451                                 
son     : 0.10920325453856351                                0.0583267323527205                                 -0.0975501211464312                                0.0013292215370401023                              -0.9287645729279552                                0.33548653713616383                                
88  :
parent#1: 0.4114773666127734                                 0.35303605509627933                                -0.351972553083123                                 0.1669308244660555                                 -0.6249790304914262                                -0.40460172235508607                               
parent#2: 0.18972471890083029                                0.6119797438361118                                 -0.18172289826060914                               0.5421761035248139                                 0.512269904157779                                  -0.009312920105020243                              
son     : 0.39952569162098966                                0.6412961860640809                                 -0.3546645120682238                                0.47123328854849245                                -0.07490025855778407                               -0.27506480397461414                               
89  :
parent#1: 0.4114773666127734                                 0.35303605509627933                                -0.351972553083123                                 0.1669308244660555                                 -0.6249790304914262                                -0.40460172235508607                               
parent#2: -0.5794718837451026                                0.10923998242781177                                0.29420297482487195                                0.522183324330461                                  -0.2629421243855414                                0.4731908566393443                                 
son     : -0.13656532116845083                               0.3757912853978928                                 -0.046961776748878                                 0.5601914673083657                                 -0.7218047336182942                                0.05575715988883985                                
90  :
parent#1: 0.4114773666127734                                 0.35303605509627933                                -0.351972553083123                                 0.1669308244660555                                 -0.6249790304914262                                -0.40460172235508607                               
parent#2: 0.6908665279259526                                 0.07234460833012493                                0.5426600347526116                                 -0.29079772174101143                               -0.21669612491884965                               0.3024388523235498                                 
son     : 0.748894661416605                                  0.28898904369873696                                0.1295465396313672                                 -0.08415092472959187                               -0.5718052539289528                                -0.06940595248058333                               
91  :
parent#1: 0.4114773666127734                                 0.35303605509627933                                -0.351972553083123                                 0.1669308244660555                                 -0.6249790304914262                                -0.40460172235508607                               
parent#2: 0.3038735900869655                                 -0.5221975628325886                                -0.02918447314908652                               0.5328329040610401                                 0.46610157754066306                                0.36463300578850194                                
son     : 0.6524437337742572                                 -0.15428561978520772                               -0.34763847174613843                               0.638227230318291                                  -0.14490593413611583                               -0.03645390898919683                               
92  :
parent#1: 0.4114773666127734                                 0.35303605509627933                                -0.351972553083123                                 0.1669308244660555                                 -0.6249790304914262                                -0.40460172235508607                               
parent#2: 0.06557235966807352                                0.00883155603317743                                0.8479260691622139                                 0.032776774027101885                               0.4732108114446252                                 -0.2272462574323408                                
son     : 0.461906516937114                                  0.3503806807568695                                 0.48021023502263216                                0.1933681881446948                                 -0.14695057051638724                               -0.6117909381328158                                
93  :
parent#1: 0.4114773666127734                                 0.35303605509627933                                -0.351972553083123                                 0.1669308244660555                                 -0.6249790304914262                                -0.40460172235508607                               
parent#2: 0.36926324609991484                                0.324899404720046                                  -0.5749329227476623                                0.4823941444187145                                 -0.11740575138700562                               0.4254984667480403                                 
son     : 0.4583480793792064                                 0.3979944310444375                                 -0.544156839922778                                 0.3811981182165298                                 -0.435830586232805                                 0.012267816611345498                               
94  :
parent#1: 0.4114773666127734                                 0.35303605509627933                                -0.351972553083123                                 0.1669308244660555                                 -0.6249790304914262                                -0.40460172235508607                               
parent#2: -0.39336570172919444                               -0.44427318425648277                               0.45562644664861096                                0.3550076899946659                                 0.22253785525527123                                0.5145247774316599                                 
son     : 0.02653575920008559                                -0.13367332628251755                               0.15186537391705374                                0.7647024625294002                                 -0.5896245423549276                                0.16105044670378843                                
95  :
parent#1: 0.4114773666127734                                 0.35303605509627933                                -0.351972553083123                                 0.1669308244660555                                 -0.6249790304914262                                -0.40460172235508607                               
parent#2: 0.4114773666127734                                 0.35303605509627933                                -0.351972553083123                                 0.1669308244660555                                 -0.6249790304914262                                -0.40460172235508607                               
son     : 0.4114773666127734                                 0.35303605509627933                                -0.351972553083123                                 0.1669308244660555                                 -0.6249790304914262                                -0.40460172235508607                               

0   :
parent#1: 0.18972471890083029                                0.6119797438361118                                 -0.18172289826060914                               0.5421761035248139                                 0.512269904157779                                  -0.009312920105020243                              
parent#2: 0.36926324609991484                                0.324899404720046                                  -0.5749329227476623                                0.4823941444187145                                 -0.11740575138700562                               0.4254984667480403                                 
son:      0.3153742955862231                                 0.5285759623195553                                 -0.42689612566413815                               0.5780502272948963                                 0.22277761209432737                                0.23480688641576516                                
mutated:  0.3153742955862231                                 0.5285759623195553                                 -0.42689612566413815                               0.5780502272948963                                 0.22277761209432737                                0.23480688641576516                                
1   :
parent#1: 0.3038735900869655                                 -0.5221975628325886                                -0.02918447314908652                               0.5328329040610401                                 0.46610157754066306                                0.36463300578850194                                
parent#2: 0.4114773666127734                                 0.35303605509627933                                -0.351972553083123                                 0.1669308244660555                                 -0.6249790304914262                                -0.40460172235508607                               
son:      0.6524437337742572                                 -0.15428561978520772                               -0.34763847174613843                               0.638227230318291                                  -0.14490593413611583                               -0.03645390898919683                               
mutated:  0.6524437337742572                                 -0.15428561978520772                               -0.34763847174613843                               0.638227230318291                                  -0.14490593413611583                               -0.03645390898919683                               
2   :
parent#1: 0.06557235966807352                                0.00883155603317743                                0.8479260691622139                                 0.032776774027101885                               0.4732108114446252                                 -0.2272462574323408                                
parent#2: 0.36926324609991484                                0.324899404720046                                  -0.5749329227476623                                0.4823941444187145                                 -0.11740575138700562                               0.4254984667480403                                 
son:      0.48426220332691366                                0.37166526436428576                                0.30402354550145677                                0.5737290156262701                                 0.396248467358264                                  0.2207870064552034                                 
mutated:  0.48426220332691366                                0.37166526436428576                                0.30402354550145677                                0.5737290156262701                                 0.396248467358264                                  0.2207870064552034                                 
3   :
parent#1: 0.36926324609991484                                0.324899404720046                                  -0.5749329227476623                                0.4823941444187145                                 -0.11740575138700562                               0.4254984667480403                                 
parent#2: 0.4114773666127734                                 0.35303605509627933                                -0.351972553083123                                 0.1669308244660555                                 -0.6249790304914262                                -0.40460172235508607                               
son:      0.4583480793792064                                 0.3979944310444375                                 -0.544156839922778                                 0.3811981182165298                                 -0.435830586232805                                 0.012267816611345498                               
mutated:  0.4583480793792064                                 0.3979944310444375                                 -0.544156839922778                                 0.3811981182165298                                 -0.435830586232805                                 0.012267816611345498                               

