0   :
parent#1: 0.10241052381088                                   -0.26378742721331977                               0.5129793202443849                                 0.6256697373690031                                 0.45033223619819107                                -0.25003750046724355                               
parent#2: 0.10241052381088                                   -0.26378742721331977                               0.5129793202443849                                 0.6256697373690031                                 0.45033223619819107                                -0.25003750046724355                               
son     : 0.10241052381088                                   -0.26378742721331977                               0.5129793202443849                                 0.6256697373690031                                 0.45033223619819107                                -0.25003750046724355                               
1   :
parent#1: 0.10241052381088                                   -0.26378742721331977                               0.5129793202443849                                 0.6256697373690031                                 0.45033223619819107                                -0.25003750046724355                               
parent#2: -0.5794718837451026                                0.10923998242781177                                0.29420297482487195                                0.522183324330461                                  -0.2629421243855414                                0.4731908566393443                                 
son     : -0.3141898601030812                                -0.10178405575153375                               0.5316056039425651                                 0.755969405956445                                  0.12341404682876643                                0.1469675132920271                                 
2   :
parent#1: 0.10241052381088                                   -0.26378742721331977                               0.5129793202443849                                 0.6256697373690031                                 0.45033223619819107                                -0.25003750046724355                               
parent#2: -0.26303074470681775                               0.444871356365                                     -0.6481642139047714                                0.371054536219684                                  -0.417890580974554                                 -0.02175888144405928                               
son     : -0.1500894024043905                                0.169211439006943                                  -0.12632170339706988                               0.9313755749458054                                 0.030314667844216037                               -0.25397646889785                                  
3   :
parent#1: 0.10241052381088                                   -0.26378742721331977                               0.5129793202443849                                 0.6256697373690031                                 0.45033223619819107                                -0.25003750046724355                               
parent#2: -0.2669632186820971                                -0.3527159894618843                                0.2231659609812442                                 -0.5358675242631691                                -0.4261461591123898                                0.5345694267557359                                 
son     : -0.161413480863575                                 -0.6047422227129864                                0.7221016486962942                                 0.08808903323041647                                -0.03380992799338223                               0.27910383767939806                                
4   :
parent#1: 0.10241052381088                                   -0.26378742721331977                               0.5129793202443849                                 0.6256697373690031                                 0.45033223619819107                                -0.25003750046724355                               
parent#2: -0.4784082766987913                                0.49771090317190336                                -0.17319263828546855                               0.368651983756461                                  0.4298894084492257                                 0.41557730817408756                                
son     : -0.25931380574231594                               0.16132965247102074                                0.23434017081901923                                0.6857523686163065                                 0.6070611401720977                                 0.11416759065342016                                
5   :
parent#1: 0.10241052381088                                   -0.26378742721331977                               0.5129793202443849                                 0.6256697373690031                                 0.45033223619819107                                -0.25003750046724355                               
parent#2: -0.21277315511615508                               0.4774718557240536                                 -0.06485251024311009                               0.6463067750128703                                 0.01829717410385328                                -0.5518107731467271                                
son     : -0.06668276247519295                               0.12911134704295094                                0.27076496162385916                                0.7685473483734402                                 0.28315294123081775                                -0.48448879243048837                               
6   :
parent#1: 0.10241052381088                                   -0.26378742721331977                               0.5129793202443849                                 0.6256697373690031                                 0.45033223619819107                                -0.25003750046724355                               
parent#2: -0.26303074470681775                               0.444871356365                                     -0.6481642139047714                                0.371054536219684                                  -0.417890580974554                                 -0.02175888144405928                               
son     : -0.1500894024043905                                0.169211439006943                                  -0.12632170339706988                               0.9313755749458054                                 0.030314667844216037                               -0.25397646889785                                  
7   :
parent#1: 0.10241052381088                                   -0.26378742721331977                               0.5129793202443849                                 0.6256697373690031                                 0.45033223619819107                                -0.25003750046724355                               
parent#2: -0.36385251318293765                               0.5942059630822825                                 -0.28670104817039366                               0.4268159543460271                                 -0.42904573082625946                               0.25706231353772174                                
son     : -0.22610820991031477                               0.28576260395646746                                0.19569685482862054                                0.9102426747956012                                 0.01840964275269611                                0.006075412416098178                               
8   :
parent#1: 0.10241052381088                                   -0.26378742721331977                               0.5129793202443849                                 0.6256697373690031                                 0.45033223619819107                                -0.25003750046724355                               
parent#2: 0.6237708436645156                                 -0.3386317470591272                                0.141338377596823                                  0.03421423455490659                                0.6051311709709764                                 0.3300114991468579                                 
son     : 0.365298637785077                                  -0.36605918916715896                               0.3975952561914157                                 0.40097759504186287                                0.6413508990489373                                 0.04859609116272121                                
9   :
parent#1: 0.10241052381088                                   -0.26378742721331977                               0.5129793202443849                                 0.6256697373690031                                 0.45033223619819107                                -0.25003750046724355                               
parent#2: 0.14088048781329596                                -0.4007572558484645                                0.08056559107810661                                -0.4273045172415545                                -0.3572928605632245                                -0.7090896677487564                                
son     : 0.1802880043100416                                 -0.49245318963585033                               0.4398396258716491                                 0.14699626353868156                                0.06894575859379426                                -0.7107501501301707                                
10  :
parent#1: -0.5794718837451026                                0.10923998242781177                                0.29420297482487195                                0.522183324330461                                  -0.2629421243855414                                0.4731908566393443                                 
parent#2: 0.10241052381088                                   -0.26378742721331977                               0.5129793202443849                                 0.6256697373690031                                 0.45033223619819107                                -0.25003750046724355                               
son     : -0.3141898601030812                                -0.10178405575153375                               0.5316056039425651                                 0.755969405956445                                  0.12341404682876643                                0.1469675132920271                                 
11  :
parent#1: -0.5794718837451026                                0.10923998242781177                                0.29420297482487195                                0.522183324330461                                  -0.2629421243855414                                0.4731908566393443                                 
parent#2: -0.5794718837451026                                0.10923998242781177                                0.29420297482487195                                0.522183324330461                                  -0.2629421243855414                                0.4731908566393443                                 
son     : -0.5794718837451026                                0.10923998242781177                                0.29420297482487195                                0.522183324330461                                  -0.2629421243855414                                0.4731908566393443                                 
12  :
parent#1: -0.5794718837451026                                0.10923998242781177                                0.29420297482487195                                0.522183324330461                                  -0.2629421243855414                                0.4731908566393443                                 
parent#2: -0.26303074470681775                               0.444871356365                                     -0.6481642139047714                                0.371054536219684                                  -0.417890580974554                                 -0.02175888144405928                               
son     : -0.5217623327113204                                0.343161451307958                                  -0.2192083864842888                                0.553182689344345                                  -0.42164006204654203                               0.2795720659900737                                 
13  :
parent#1: -0.5794718837451026                                0.10923998242781177                                0.29420297482487195                                0.522183324330461                                  -0.2629421243855414                                0.4731908566393443                                 
parent#2: -0.2669632186820971                                -0.3527159894618843                                0.2231659609812442                                 -0.5358675242631691                                -0.4261461591123898                                0.5345694267557359                                 
son     : -0.5317275189145617                                -0.1529507610969934                                0.3250093241771174                                 -0.008596365696182242                              -0.4328828072545149                                0.633071423448426                                  
14  :
parent#1: -0.5794718837451026                                0.10923998242781177                                0.29420297482487195                                0.522183324330461                                  -0.2629421243855414                                0.4731908566393443                                 
parent#2: -0.4784082766987913                                0.49771090317190336                                -0.17319263828546855                               0.368651983756461                                  0.4298894084492257                                 0.41557730817408756                                
son     : -0.5995304736745709                                0.34397615679653976                                0.06857996500713799                                0.5048614523589134                                 0.09461372661661917                                0.5036899440612357                                 
15  :
parent#1: -0.5794718837451026                                0.10923998242781177                                0.29420297482487195                                0.522183324330461                                  -0.2629421243855414                                0.4731908566393443                                 
parent#2: -0.21277315511615508                               0.4774718557240536                                 -0.06485251024311009                               0.6463067750128703                                 0.01829717410385328                                -0.5518107731467271                                
son     : -0.5055398891992818                                0.374386992788912                                  0.1463509429091834                                 0.7456258182462855                                 -0.15611051504511542                               -0.05016819535673931                               
16  :
parent#1: -0.5794718837451026                                0.10923998242781177                                0.29420297482487195                                0.522183324330461                                  -0.2629421243855414                                0.4731908566393443                                 
parent#2: -0.26303074470681775                               0.444871356365                                     -0.6481642139047714                                0.371054536219684                                  -0.417890580974554                                 -0.02175888144405928                               
son     : -0.5217623327113204                                0.343161451307958                                  -0.2192083864842888                                0.553182689344345                                  -0.42164006204654203                               0.2795720659900737                                 
17  :
parent#1: -0.5794718837451026                                0.10923998242781177                                0.29420297482487195                                0.522183324330461                                  -0.2629421243855414                                0.4731908566393443                                 
parent#2: -0.36385251318293765                               0.5942059630822825                                 -0.28670104817039366                               0.4268159543460271                                 -0.42904573082625946                               0.25706231353772174                                
son     : -0.5194821699703178                                0.3873827788409056                                 0.0041312587166383195                              0.5226072877925737                                 -0.3810728883819532                                0.4021453306059509                                 
18  :
parent#1: -0.5794718837451026                                0.10923998242781177                                0.29420297482487195                                0.522183324330461                                  -0.2629421243855414                                0.4731908566393443                                 
parent#2: 0.6237708436645156                                 -0.3386317470591272                                0.141338377596823                                  0.03421423455490659                                0.6051311709709764                                 0.3300114991468579                                 
son     : 0.03861460378612573                                -0.19995666081443808                               0.37965353558711623                                0.48500170936317366                                0.29828001555535794                                0.7001369961098166                                 
19  :
parent#1: -0.5794718837451026                                0.10923998242781177                                0.29420297482487195                                0.522183324330461                                  -0.2629421243855414                                0.4731908566393443                                 
parent#2: 0.14088048781329596                                -0.4007572558484645                                0.08056559107810661                                -0.4273045172415545                                -0.3572928605632245                                -0.7090896677487564                                
son     : -0.4709947077111334                                -0.31305468885407667                               0.40245662088692435                                0.10188849217591274                                -0.6660581994034008                                -0.2533271117912141                                
20  :
parent#1: -0.26303074470681775                               0.444871356365                                     -0.6481642139047714                                0.371054536219684                                  -0.417890580974554                                 -0.02175888144405928                               
parent#2: 0.10241052381088                                   -0.26378742721331977                               0.5129793202443849                                 0.6256697373690031                                 0.45033223619819107                                -0.25003750046724355                               
son     : -0.1500894024043905                                0.169211439006943                                  -0.12632170339706988                               0.9313755749458054                                 0.030314667844216037                               -0.25397646889785                                  
21  :
parent#1: -0.26303074470681775                               0.444871356365                                     -0.6481642139047714                                0.371054536219684                                  -0.417890580974554                                 -0.02175888144405928                               
parent#2: -0.5794718837451026                                0.10923998242781177                                0.29420297482487195                                0.522183324330461                                  -0.2629421243855414                                0.4731908566393443                                 
son     : -0.5217623327113204                                0.343161451307958                                  -0.2192083864842888                                0.553182689344345                                  -0.42164006204654203                               0.2795720659900737                                 
22  :
parent#1: -0.26303074470681775                               0.444871356365                                     -0.6481642139047714                                0.371054536219684                                  -0.417890580974554                                 -0.02175888144405928                               
parent#2: -0.26303074470681775                               0.444871356365                                     -0.6481642139047714                                0.371054536219684                                  -0.417890580974554                                 -0.02175888144405928                               
son     : -0.2630307447068178                                0.4448713563650001                                 -0.6481642139047715                                0.37105453621968404                                -0.41789058097455406                               -0.021758881444059283                              
23  :
parent#1: -0.26303074470681775                               0.444871356365                                     -0.6481642139047714                                0.371054536219684                                  -0.417890580974554                                 -0.02175888144405928                               
parent#2: -0.2669632186820971                                -0.3527159894618843                                0.2231659609812442                                 -0.5358675242631691                                -0.4261461591123898                                0.5345694267557359                                 
son     : -0.4367536355237802                                0.07594273578249869                                -0.3502295212358789                                -0.13581790865928758                               -0.6955477613206394                                0.4225932472280901                                 
24  :
parent#1: -0.26303074470681775                               0.444871356365                                     -0.6481642139047714                                0.371054536219684                                  -0.417890580974554                                 -0.02175888144405928                               
parent#2: -0.4784082766987913                                0.49771090317190336                                -0.17319263828546855                               0.368651983756461                                  0.4298894084492257                                 0.41557730817408756                                
son     : -0.4418949590435096                                0.5617755971132485                                 -0.4895256954113776                                0.4408623944952283                                 0.007151257517359024                               0.234714349428937                                  
25  :
parent#1: -0.26303074470681775                               0.444871356365                                     -0.6481642139047714                                0.371054536219684                                  -0.417890580974554                                 -0.02175888144405928                               
parent#2: -0.21277315511615508                               0.4774718557240536                                 -0.06485251024311009                               0.6463067750128703                                 0.01829717410385328                                -0.5518107731467271                                
son     : -0.26983920284405327                               0.523081793132283                                  -0.4043679854875647                                0.5769687161654461                                 -0.22661850062987493                               -0.32528438381421615                               
26  :
parent#1: -0.26303074470681775                               0.444871356365                                     -0.6481642139047714                                0.371054536219684                                  -0.417890580974554                                 -0.02175888144405928                               
parent#2: -0.26303074470681775                               0.444871356365                                     -0.6481642139047714                                0.371054536219684                                  -0.417890580974554                                 -0.02175888144405928                               
son     : -0.2630307447068178                                0.4448713563650001                                 -0.6481642139047715                                0.37105453621968404                                -0.41789058097455406                               -0.021758881444059283                              
27  :
parent#1: -0.26303074470681775                               0.444871356365                                     -0.6481642139047714                                0.371054536219684                                  -0.417890580974554                                 -0.02175888144405928                               
parent#2: -0.36385251318293765                               0.5942059630822825                                 -0.28670104817039366                               0.4268159543460271                                 -0.42904573082625946                               0.25706231353772174                                
son     : -0.3234666114036044                                0.5361553611104115                                 -0.48238279557878433                               0.41169461885295583                                -0.4370121795485148                                0.12141463800961876                                
28  :
parent#1: -0.26303074470681775                               0.444871356365                                     -0.6481642139047714                                0.371054536219684                                  -0.417890580974554                                 -0.02175888144405928                               
parent#2: 0.6237708436645156                                 -0.3386317470591272                                0.141338377596823                                  0.03421423455490659                                0.6051311709709764                                 0.3300114991468579                                 
son     : 0.43345970047034715                                0.12765586459854705                                -0.608994053700801                                 0.4869646609775406                                 0.22498538501886275                                0.3703915581459212                                 
29  :
parent#1: -0.26303074470681775                               0.444871356365                                     -0.6481642139047714                                0.371054536219684                                  -0.417890580974554                                 -0.02175888144405928                               
parent#2: 0.14088048781329596                                -0.4007572558484645                                0.08056559107810661                                -0.4273045172415545                                -0.3572928605632245                                -0.7090896677487564                                
son     : -0.1005003754803825                                0.036295328218227306                               -0.46699758287002935                               -0.04628024825514868                               -0.6377901194971094                                -0.6013131325396844                                
30  :
parent#1: -0.2669632186820971                                -0.3527159894618843                                0.2231659609812442                                 -0.5358675242631691                                -0.4261461591123898                                0.5345694267557359                                 
parent#2: 0.10241052381088                                   -0.26378742721331977                               0.5129793202443849                                 0.6256697373690031                                 0.45033223619819107                                -0.25003750046724355                               
son     : -0.1614603314297462                                -0.6049177502796441                                0.7223112400569017                                 0.0881146012378607                                 0.02373155921460347                                0.2791848480928151                                 
31  :
parent#1: -0.2669632186820971                                -0.3527159894618843                                0.2231659609812442                                 -0.5358675242631691                                -0.4261461591123898                                0.5345694267557359                                 
parent#2: -0.5794718837451026                                0.10923998242781177                                0.29420297482487195                                0.522183324330461                                  -0.2629421243855414                                0.4731908566393443                                 
son     : -0.5317275189145617                                -0.1529507610969934                                0.3250093241771174                                 -0.008596365696182242                              -0.4328828072545149                                0.633071423448426                                  
32  :
parent#1: -0.2669632186820971                                -0.3527159894618843                                0.2231659609812442                                 -0.5358675242631691                                -0.4261461591123898                                0.5345694267557359                                 
parent#2: -0.26303074470681775                               0.444871356365                                     -0.6481642139047714                                0.371054536219684                                  -0.417890580974554                                 -0.02175888144405928                               
son     : -0.4367536355237802                                0.07594273578249869                                -0.3502295212358789                                -0.13581790865928758                               -0.6955477613206394                                0.4225932472280901                                 
33  :
parent#1: -0.2669632186820971                                -0.3527159894618843                                0.2231659609812442                                 -0.5358675242631691                                -0.4261461591123898                                0.5345694267557359                                 
parent#2: -0.2669632186820971                                -0.3527159894618843                                0.2231659609812442                                 -0.5358675242631691                                -0.4261461591123898                                0.5345694267557359                                 
son     : -0.2669632186820971                                -0.3527159894618843                                0.2231659609812442                                 -0.5358675242631691                                -0.4261461591123898                                0.5345694267557359                                 
34  :
parent#1: -0.2669632186820971                                -0.3527159894618843                                0.2231659609812442                                 -0.5358675242631691                                -0.4261461591123898                                0.5345694267557359                                 
parent#2: -0.4784082766987913                                0.49771090317190336                                -0.17319263828546855                               0.368651983756461                                  0.4298894084492257                                 0.41557730817408756                                
son     : -0.6066041693930092                                0.11800091597590805                                0.04066968765714496                                -0.13608468352662406                               0.003046361001022648                               0.7732559864649251                                 
35  :
parent#1: -0.2669632186820971                                -0.3527159894618843                                0.2231659609812442                                 -0.5358675242631691                                -0.4261461591123898                                0.5345694267557359                                 
parent#2: -0.21277315511615508                               0.4774718557240536                                 -0.06485251024311009                               0.6463067750128703                                 0.01829717410385328                                -0.5518107731467271                                
son     : -0.7154596173794524                                0.1860559032351175                                 0.23610234094686208                                0.16470467615258086                                -0.6082496443880625                                -0.025713053597208997                              
36  :
parent#1: -0.2669632186820971                                -0.3527159894618843                                0.2231659609812442                                 -0.5358675242631691                                -0.4261461591123898                                0.5345694267557359                                 
parent#2: -0.26303074470681775                               0.444871356365                                     -0.6481642139047714                                0.371054536219684                                  -0.417890580974554                                 -0.02175888144405928                               
son     : -0.4367536355237802                                0.07594273578249869                                -0.3502295212358789                                -0.13581790865928758                               -0.6955477613206394                                0.4225932472280901                                 
37  :
parent#1: -0.2669632186820971                                -0.3527159894618843                                0.2231659609812442                                 -0.5358675242631691                                -0.4261461591123898                                0.5345694267557359                                 
parent#2: 0.6237708436645156                                 -0.3386317470591272                                0.141338377596823                                  0.03421423455490659                                0.6051311709709764                                 0.3300114991468579                                 
son     : 0.26824391266110054                                -0.5197473620776172                                0.274030214368163                                  -0.377137235330348                                 0.1345588954019872                                 0.6499821027863304                                 
38  :
parent#1: -0.2669632186820971                                -0.3527159894618843                                0.2231659609812442                                 -0.5358675242631691                                -0.4261461591123898                                0.5345694267557359                                 
parent#2: 0.14088048781329596                                -0.4007572558484645                                0.08056559107810661                                -0.4273045172415545                                -0.3572928605632245                                -0.7090896677487564                                
son     : -0.08409616479676738                               -0.5025605788433437                                0.2025864960249014                                 -0.6424279849577965                                -0.5225475087101021                                -0.11640359346429942                               
39  :
parent#1: -0.4784082766987913                                0.49771090317190336                                -0.17319263828546855                               0.368651983756461                                  0.4298894084492257                                 0.41557730817408756                                
parent#2: 0.10241052381088                                   -0.26378742721331977                               0.5129793202443849                                 0.6256697373690031                                 0.45033223619819107                                -0.25003750046724355                               
son     : -0.25931380574231594                               0.16132965247102074                                0.23434017081901923                                0.6857523686163065                                 0.6070611401720977                                 0.11416759065342016                                
40  :
parent#1: -0.4784082766987913                                0.49771090317190336                                -0.17319263828546855                               0.368651983756461                                  0.4298894084492257                                 0.41557730817408756                                
parent#2: -0.5794718837451026                                0.10923998242781177                                0.29420297482487195                                0.522183324330461                                  -0.2629421243855414                                0.4731908566393443                                 
son     : -0.5995304736745709                                0.34397615679653976                                0.06857996500713799                                0.5048614523589134                                 0.09461372661661917                                0.5036899440612357                                 
41  :
parent#1: -0.4784082766987913                                0.49771090317190336                                -0.17319263828546855                               0.368651983756461                                  0.4298894084492257                                 0.41557730817408756                                
parent#2: -0.26303074470681775                               0.444871356365                                     -0.6481642139047714                                0.371054536219684                                  -0.417890580974554                                 -0.02175888144405928                               
son     : -0.4418949590435096                                0.5617755971132485                                 -0.4895256954113776                                0.4408623944952283                                 0.007151257517359024                               0.234714349428937                                  
42  :
parent#1: -0.4784082766987913                                0.49771090317190336                                -0.17319263828546855                               0.368651983756461                                  0.4298894084492257                                 0.41557730817408756                                
parent#2: -0.2669632186820971                                -0.3527159894618843                                0.2231659609812442                                 -0.5358675242631691                                -0.4261461591123898                                0.5345694267557359                                 
son     : -0.6066041693930092                                0.11800091597590805                                0.04066968765714496                                -0.13608468352662406                               0.003046361001022648                               0.7732559864649251                                 
43  :
parent#1: -0.4784082766987913                                0.49771090317190336                                -0.17319263828546855                               0.368651983756461                                  0.4298894084492257                                 0.41557730817408756                                
parent#2: -0.4784082766987913                                0.49771090317190336                                -0.17319263828546855                               0.368651983756461                                  0.4298894084492257                                 0.41557730817408756                                
son     : -0.4784082766987913                                0.49771090317190336                                -0.17319263828546855                               0.368651983756461                                  0.4298894084492257                                 0.41557730817408756                                
44  :
parent#1: -0.4784082766987913                                0.49771090317190336                                -0.17319263828546855                               0.368651983756461                                  0.4298894084492257                                 0.41557730817408756                                
parent#2: -0.21277315511615508                               0.4774718557240536                                 -0.06485251024311009                               0.6463067750128703                                 0.01829717410385328                                -0.5518107731467271                                
son     : -0.417943243830401                                 0.5896730247949965                                 -0.14394102181373494                               0.6137247565812847                                 0.271009239443294                                  -0.08237758372560644                               
45  :
parent#1: -0.4784082766987913                                0.49771090317190336                                -0.17319263828546855                               0.368651983756461                                  0.4298894084492257                                 0.41557730817408756                                
parent#2: -0.26303074470681775                               0.444871356365                                     -0.6481642139047714                                0.371054536219684                                  -0.417890580974554                                 -0.02175888144405928                               
son     : -0.4418949590435096                                0.5617755971132485                                 -0.4895256954113776                                0.4408623944952283                                 0.007151257517359024                               0.234714349428937                                  
46  :
parent#1: -0.4784082766987913                                0.49771090317190336                                -0.17319263828546855                               0.368651983756461                                  0.4298894084492257                                 0.41557730817408756                                
parent#2: -0.36385251318293765                               0.5942059630822825                                 -0.28670104817039366                               0.4268159543460271                                 -0.42904573082625946                               0.25706231353772174                                
son     : -0.47095570926896185                               0.6105525609018235                                 -0.2571526062890235                                0.4447911757145692                                 4.7174794088919024E-4                              0.3761109076087638                                 
47  :
parent#1: -0.4784082766987913                                0.49771090317190336                                -0.17319263828546855                               0.368651983756461                                  0.4298894084492257                                 0.41557730817408756                                
parent#2: 0.6237708436645156                                 -0.3386317470591272                                0.141338377596823                                  0.03421423455490659                                0.6051311709709764                                 0.3300114991468579                                 
son     : 0.10725243330202015                                0.11737290374591566                                -0.02350293504860642                               0.2972455915646106                                 0.7636661760840993                                 0.5501155868193911                                 
48  :
parent#1: -0.4784082766987913                                0.49771090317190336                                -0.17319263828546855                               0.368651983756461                                  0.4298894084492257                                 0.41557730817408756                                
parent#2: 0.14088048781329596                                -0.4007572558484645                                0.08056559107810661                                -0.4273045172415545                                -0.3572928605632245                                -0.7090896677487564                                
son     : -0.7087969445828664                                0.2035993813011092                                 -0.19451366734305772                               -0.12316833723098826                               0.1524502960149383                                 -0.6163660312259789                                
49  :
parent#1: -0.21277315511615508                               0.4774718557240536                                 -0.06485251024311009                               0.6463067750128703                                 0.01829717410385328                                -0.5518107731467271                                
parent#2: 0.10241052381088                                   -0.26378742721331977                               0.5129793202443849                                 0.6256697373690031                                 0.45033223619819107                                -0.25003750046724355                               
son     : -0.06668276247519295                               0.12911134704295094                                0.27076496162385916                                0.7685473483734402                                 0.28315294123081775                                -0.48448879243048837                               
50  :
parent#1: -0.21277315511615508                               0.4774718557240536                                 -0.06485251024311009                               0.6463067750128703                                 0.01829717410385328                                -0.5518107731467271                                
parent#2: -0.5794718837451026                                0.10923998242781177                                0.29420297482487195                                0.522183324330461                                  -0.2629421243855414                                0.4731908566393443                                 
son     : -0.5055398891992818                                0.374386992788912                                  0.1463509429091834                                 0.7456258182462855                                 -0.15611051504511542                               -0.05016819535673931                               
51  :
parent#1: -0.21277315511615508                               0.4774718557240536                                 -0.06485251024311009                               0.6463067750128703                                 0.01829717410385328                                -0.5518107731467271                                
parent#2: -0.26303074470681775                               0.444871356365                                     -0.6481642139047714                                0.371054536219684                                  -0.417890580974554                                 -0.02175888144405928                               
son     : -0.26983920284405327                               0.523081793132283                                  -0.4043679854875647                                0.5769687161654461                                 -0.22661850062987493                               -0.32528438381421615                               
52  :
parent#1: -0.21277315511615508                               0.4774718557240536                                 -0.06485251024311009                               0.6463067750128703                                 0.01829717410385328                                -0.5518107731467271                                
parent#2: -0.2669632186820971                                -0.3527159894618843                                0.2231659609812442                                 -0.5358675242631691                                -0.4261461591123898                                0.5345694267557359                                 
son     : -0.7154596173794524                                0.1860559032351175                                 0.23610234094686208                                0.16470467615258086                                -0.6082496443880625                                -0.025713053597208997                              
53  :
parent#1: -0.21277315511615508                               0.4774718557240536                                 -0.06485251024311009                               0.6463067750128703                                 0.01829717410385328                                -0.5518107731467271                                
parent#2: -0.4784082766987913                                0.49771090317190336                                -0.17319263828546855                               0.368651983756461                                  0.4298894084492257                                 0.41557730817408756                                
son     : -0.417943243830401                                 0.5896730247949965                                 -0.14394102181373494                               0.6137247565812847                                 0.271009239443294                                  -0.08237758372560644                               
54  :
parent#1: -0.21277315511615508                               0.4774718557240536                                 -0.06485251024311009                               0.6463067750128703                                 0.01829717410385328                                -0.5518107731467271                                
parent#2: -0.21277315511615508                               0.4774718557240536                                 -0.06485251024311009                               0.6463067750128703                                 0.01829717410385328                                -0.5518107731467271                                
son     : -0.2127731551161551                                0.47747185572405365                                -0.0648525102431101                                0.6463067750128704                                 0.018297174103853283                               -0.5518107731467272                                
55  :
parent#1: -0.21277315511615508                               0.4774718557240536                                 -0.06485251024311009                               0.6463067750128703                                 0.01829717410385328                                -0.5518107731467271                                
parent#2: -0.26303074470681775                               0.444871356365                                     -0.6481642139047714                                0.371054536219684                                  -0.417890580974554                                 -0.02175888144405928                               
son     : -0.26983920284405327                               0.523081793132283                                  -0.4043679854875647                                0.5769687161654461                                 -0.22661850062987493                               -0.32528438381421615                               
56  :
parent#1: -0.21277315511615508                               0.4774718557240536                                 -0.06485251024311009                               0.6463067750128703                                 0.01829717410385328                                -0.5518107731467271                                
parent#2: -0.36385251318293765                               0.5942059630822825                                 -0.28670104817039366                               0.4268159543460271                                 -0.42904573082625946                               0.25706231353772174                                
son     : -0.33226417195376834                               0.6175239200108085                                 -0.2025727580394072                                0.618356508698215                                  -0.23668219537147944                               -0.16984043245164188                               
57  :
parent#1: -0.21277315511615508                               0.4774718557240536                                 -0.06485251024311009                               0.6463067750128703                                 0.01829717410385328                                -0.5518107731467271                                
parent#2: 0.6237708436645156                                 -0.3386317470591272                                0.141338377596823                                  0.03421423455490659                                0.6051311709709764                                 0.3300114991468579                                 
son     : 0.3927623549720529                                 0.1326799871707691                                 0.07309230738018994                                0.6503273419124078                                 0.5957677908913788                                 -0.21195838228425906                               
58  :
parent#1: -0.21277315511615508                               0.4774718557240536                                 -0.06485251024311009                               0.6463067750128703                                 0.01829717410385328                                -0.5518107731467271                                
parent#2: 0.14088048781329596                                -0.4007572558484645                                0.08056559107810661                                -0.4273045172415545                                -0.3572928605632245                                -0.7090896677487564                                
son     : -0.054128884979251356                              0.0577593780934862                                 0.011830574342223362                               0.16488952859631165                                -0.25523407614745597                               -0.9493476524942434                                
59  :
parent#1: -0.26303074470681775                               0.444871356365                                     -0.6481642139047714                                0.371054536219684                                  -0.417890580974554                                 -0.02175888144405928                               
parent#2: 0.10241052381088                                   -0.26378742721331977                               0.5129793202443849                                 0.6256697373690031                                 0.45033223619819107                                -0.25003750046724355                               
son     : -0.1500894024043905                                0.169211439006943                                  -0.12632170339706988                               0.9313755749458054                                 0.030314667844216037                               -0.25397646889785                                  
60  :
parent#1: -0.26303074470681775                               0.444871356365                                     -0.6481642139047714                                0.371054536219684                                  -0.417890580974554                                 -0.02175888144405928                               
parent#2: -0.5794718837451026                                0.10923998242781177                                0.29420297482487195                                0.522183324330461                                  -0.2629421243855414                                0.4731908566393443                                 
son     : -0.5217623327113204                                0.343161451307958                                  -0.2192083864842888                                0.553182689344345                                  -0.42164006204654203                               0.2795720659900737                                 
61  :
parent#1: -0.26303074470681775                               0.444871356365                                     -0.6481642139047714                                0.371054536219684                                  -0.417890580974554                                 -0.02175888144405928                               
parent#2: -0.26303074470681775                               0.444871356365                                     -0.6481642139047714                                0.371054536219684                                  -0.417890580974554                                 -0.02175888144405928                               
son     : -0.2630307447068178                                0.4448713563650001                                 -0.6481642139047715                                0.37105453621968404                                -0.41789058097455406                               -0.021758881444059283                              
62  :
parent#1: -0.26303074470681775                               0.444871356365                                     -0.6481642139047714                                0.371054536219684                                  -0.417890580974554                                 -0.02175888144405928                               
parent#2: -0.2669632186820971                                -0.3527159894618843                                0.2231659609812442                                 -0.5358675242631691                                -0.4261461591123898                                0.5345694267557359                                 
son     : -0.4367536355237802                                0.07594273578249869                                -0.3502295212358789                                -0.13581790865928758                               -0.6955477613206394                                0.4225932472280901                                 
63  :
parent#1: -0.26303074470681775                               0.444871356365                                     -0.6481642139047714                                0.371054536219684                                  -0.417890580974554                                 -0.02175888144405928                               
parent#2: -0.4784082766987913                                0.49771090317190336                                -0.17319263828546855                               0.368651983756461                                  0.4298894084492257                                 0.41557730817408756                                
son     : -0.4418949590435096                                0.5617755971132485                                 -0.4895256954113776                                0.4408623944952283                                 0.007151257517359024                               0.234714349428937                                  
64  :
parent#1: -0.26303074470681775                               0.444871356365                                     -0.6481642139047714                                0.371054536219684                                  -0.417890580974554                                 -0.02175888144405928                               
parent#2: -0.21277315511615508                               0.4774718557240536                                 -0.06485251024311009                               0.6463067750128703                                 0.01829717410385328                                -0.5518107731467271                                
son     : -0.26983920284405327                               0.523081793132283                                  -0.4043679854875647                                0.5769687161654461                                 -0.22661850062987493                               -0.32528438381421615                               
65  :
parent#1: -0.26303074470681775                               0.444871356365                                     -0.6481642139047714                                0.371054536219684                                  -0.417890580974554                                 -0.02175888144405928                               
parent#2: -0.26303074470681775                               0.444871356365                                     -0.6481642139047714                                0.371054536219684                                  -0.417890580974554                                 -0.02175888144405928                               
son     : -0.2630307447068178                                0.4448713563650001                                 -0.6481642139047715                                0.37105453621968404                                -0.41789058097455406                               -0.021758881444059283                              
66  :
parent#1: -0.26303074470681775                               0.444871356365                                     -0.6481642139047714                                0.371054536219684                                  -0.417890580974554                                 -0.02175888144405928                               
parent#2: -0.36385251318293765                               0.5942059630822825                                 -0.28670104817039366                               0.4268159543460271                                 -0.42904573082625946                               0.25706231353772174                                
son     : -0.3234666114036044                                0.5361553611104115                                 -0.48238279557878433                               0.41169461885295583                                -0.4370121795485148                                0.12141463800961876                                
67  :
parent#1: -0.26303074470681775                               0.444871356365                                     -0.6481642139047714                                0.371054536219684                                  -0.417890580974554                                 -0.02175888144405928                               
parent#2: 0.6237708436645156                                 -0.3386317470591272                                0.141338377596823                                  0.03421423455490659                                0.6051311709709764                                 0.3300114991468579                                 
son     : 0.43345970047034715                                0.12765586459854705                                -0.608994053700801                                 0.4869646609775406                                 0.22498538501886275                                0.3703915581459212                                 
68  :
parent#1: -0.26303074470681775                               0.444871356365                                     -0.6481642139047714                                0.371054536219684                                  -0.417890580974554                                 -0.02175888144405928                               
parent#2: 0.14088048781329596                                -0.4007572558484645                                0.08056559107810661                                -0.4273045172415545                                -0.3572928605632245                                -0.7090896677487564                                
son     : -0.1005003754803825                                0.036295328218227306                               -0.46699758287002935                               -0.04628024825514868                               -0.6377901194971094                                -0.6013131325396844                                
69  :
parent#1: -0.36385251318293765                               0.5942059630822825                                 -0.28670104817039366                               0.4268159543460271                                 -0.42904573082625946                               0.25706231353772174                                
parent#2: 0.10241052381088                                   -0.26378742721331977                               0.5129793202443849                                 0.6256697373690031                                 0.45033223619819107                                -0.25003750046724355                               
son     : -0.22610820991031477                               0.28576260395646746                                0.19569685482862054                                0.9102426747956012                                 0.01840964275269611                                0.006075412416098178                               
70  :
parent#1: -0.36385251318293765                               0.5942059630822825                                 -0.28670104817039366                               0.4268159543460271                                 -0.42904573082625946                               0.25706231353772174                                
parent#2: -0.5794718837451026                                0.10923998242781177                                0.29420297482487195                                0.522183324330461                                  -0.2629421243855414                                0.4731908566393443                                 
son     : -0.5194821699703178                                0.3873827788409056                                 0.0041312587166383195                              0.5226072877925737                                 -0.3810728883819532                                0.4021453306059509                                 
71  :
parent#1: -0.36385251318293765                               0.5942059630822825                                 -0.28670104817039366                               0.4268159543460271                                 -0.42904573082625946                               0.25706231353772174                                
parent#2: -0.26303074470681775                               0.444871356365                                     -0.6481642139047714                                0.371054536219684                                  -0.417890580974554                                 -0.02175888144405928                               
son     : -0.3234666114036044                                0.5361553611104115                                 -0.48238279557878433                               0.41169461885295583                                -0.4370121795485148                                0.12141463800961876                                
72  :
parent#1: -0.36385251318293765                               0.5942059630822825                                 -0.28670104817039366                               0.4268159543460271                                 -0.42904573082625946                               0.25706231353772174                                
parent#2: -0.2669632186820971                                -0.3527159894618843                                0.2231659609812442                                 -0.5358675242631691                                -0.4261461591123898                                0.5345694267557359                                 
son     : -0.46628580301755695                               0.17850434062156187                                -0.04696380837268266                               -0.0806086409715907                                -0.632139968917995                                 0.5851576349016878                                 
73  :
parent#1: -0.36385251318293765                               0.5942059630822825                                 -0.28670104817039366                               0.4268159543460271                                 -0.42904573082625946                               0.25706231353772174                                
parent#2: -0.4784082766987913                                0.49771090317190336                                -0.17319263828546855                               0.368651983756461                                  0.4298894084492257                                 0.41557730817408756                                
son     : -0.47095570926896185                               0.6105525609018235                                 -0.2571526062890235                                0.4447911757145692                                 4.7174794088919024E-4                              0.3761109076087638                                 
74  :
parent#1: -0.36385251318293765                               0.5942059630822825                                 -0.28670104817039366                               0.4268159543460271                                 -0.42904573082625946                               0.25706231353772174                                
parent#2: -0.21277315511615508                               0.4774718557240536                                 -0.06485251024311009                               0.6463067750128703                                 0.01829717410385328                                -0.5518107731467271                                
son     : -0.33226417195376834                               0.6175239200108085                                 -0.2025727580394072                                0.618356508698215                                  -0.23668219537147944                               -0.16984043245164188                               
75  :
parent#1: -0.36385251318293765                               0.5942059630822825                                 -0.28670104817039366                               0.4268159543460271                                 -0.42904573082625946                               0.25706231353772174                                
parent#2: -0.26303074470681775                               0.444871356365                                     -0.6481642139047714                                0.371054536219684                                  -0.417890580974554                                 -0.02175888144405928                               
son     : -0.3234666114036044                                0.5361553611104115                                 -0.48238279557878433                               0.41169461885295583                                -0.4370121795485148                                0.12141463800961876                                
76  :
parent#1: -0.36385251318293765                               0.5942059630822825                                 -0.28670104817039366                               0.4268159543460271                                 -0.42904573082625946                               0.25706231353772174                                
parent#2: -0.36385251318293765                               0.5942059630822825                                 -0.28670104817039366                               0.4268159543460271                                 -0.42904573082625946                               0.25706231353772174                                
son     : -0.3638525131829377                                0.5942059630822826                                 -0.2867010481703937                                0.42681595434602715                                -0.4290457308262595                                0.2570623135377218                                 
77  :
parent#1: -0.36385251318293765                               0.5942059630822825                                 -0.28670104817039366                               0.4268159543460271                                 -0.42904573082625946                               0.25706231353772174                                
parent#2: 0.6237708436645156                                 -0.3386317470591272                                0.141338377596823                                  0.03421423455490659                                0.6051311709709764                                 0.3300114991468579                                 
son     : 0.30169740602784395                                0.2966550219021616                                 -0.16872815612531256                               0.5351358322217173                                 0.20438928040397494                                0.6814396126108063                                 
78  :
parent#1: -0.36385251318293765                               0.5942059630822825                                 -0.28670104817039366                               0.4268159543460271                                 -0.42904573082625946                               0.25706231353772174                                
parent#2: 0.14088048781329596                                -0.4007572558484645                                0.08056559107810661                                -0.4273045172415545                                -0.3572928605632245                                -0.7090896677487564                                
son     : -0.22848947505044265                               0.1982356014920064                                 -0.21123628536906353                               -5.006523995246395E-4                              -0.8057965642130743                                -0.46321278510565184                               
79  :
parent#1: 0.6237708436645156                                 -0.3386317470591272                                0.141338377596823                                  0.03421423455490659                                0.6051311709709764                                 0.3300114991468579                                 
parent#2: 0.10241052381088                                   -0.26378742721331977                               0.5129793202443849                                 0.6256697373690031                                 0.45033223619819107                                -0.25003750046724355                               
son     : 0.42833609753275054                                -0.3553353056741774                                0.385947508147009                                  0.3892307597218478                                 0.6225622098886741                                 0.04717244483648364                                
80  :
parent#1: 0.6237708436645156                                 -0.3386317470591272                                0.141338377596823                                  0.03421423455490659                                0.6051311709709764                                 0.3300114991468579                                 
parent#2: -0.5794718837451026                                0.10923998242781177                                0.29420297482487195                                0.522183324330461                                  -0.2629421243855414                                0.4731908566393443                                 
son     : 0.03861460378612573                                -0.19995666081443808                               0.37965353558711623                                0.48500170936317366                                0.29828001555535794                                0.7001369961098166                                 
81  :
parent#1: 0.6237708436645156                                 -0.3386317470591272                                0.141338377596823                                  0.03421423455490659                                0.6051311709709764                                 0.3300114991468579                                 
parent#2: -0.26303074470681775                               0.444871356365                                     -0.6481642139047714                                0.371054536219684                                  -0.417890580974554                                 -0.02175888144405928                               
son     : 0.43345970047034715                                0.12765586459854705                                -0.608994053700801                                 0.4869646609775406                                 0.22498538501886275                                0.3703915581459212                                 
82  :
parent#1: 0.6237708436645156                                 -0.3386317470591272                                0.141338377596823                                  0.03421423455490659                                0.6051311709709764                                 0.3300114991468579                                 
parent#2: -0.2669632186820971                                -0.3527159894618843                                0.2231659609812442                                 -0.5358675242631691                                -0.4261461591123898                                0.5345694267557359                                 
son     : 0.26824391266110054                                -0.5197473620776172                                0.274030214368163                                  -0.377137235330348                                 0.1345588954019872                                 0.6499821027863304                                 
83  :
parent#1: 0.6237708436645156                                 -0.3386317470591272                                0.141338377596823                                  0.03421423455490659                                0.6051311709709764                                 0.3300114991468579                                 
parent#2: -0.21277315511615508                               0.4774718557240536                                 -0.06485251024311009                               0.6463067750128703                                 0.01829717410385328                                -0.5518107731467271                                
son     : 0.3927623549720529                                 0.1326799871707691                                 0.07309230738018994                                0.6503273419124078                                 0.5957677908913788                                 -0.21195838228425906                               
84  :
parent#1: 0.6237708436645156                                 -0.3386317470591272                                0.141338377596823                                  0.03421423455490659                                0.6051311709709764                                 0.3300114991468579                                 
parent#2: -0.26303074470681775                               0.444871356365                                     -0.6481642139047714                                0.371054536219684                                  -0.417890580974554                                 -0.02175888144405928                               
son     : 0.43345970047034715                                0.12765586459854705                                -0.608994053700801                                 0.4869646609775406                                 0.22498538501886275                                0.3703915581459212                                 
85  :
parent#1: 0.6237708436645156                                 -0.3386317470591272                                0.141338377596823                                  0.03421423455490659                                0.6051311709709764                                 0.3300114991468579                                 
parent#2: -0.36385251318293765                               0.5942059630822825                                 -0.28670104817039366                               0.4268159543460271                                 -0.42904573082625946                               0.25706231353772174                                
son     : 0.30169740602784395                                0.2966550219021616                                 -0.16872815612531256                               0.5351358322217173                                 0.20438928040397494                                0.6814396126108063                                 
86  :
parent#1: 0.6237708436645156                                 -0.3386317470591272                                0.141338377596823                                  0.03421423455490659                                0.6051311709709764                                 0.3300114991468579                                 
parent#2: 0.6237708436645156                                 -0.3386317470591272                                0.141338377596823                                  0.03421423455490659                                0.6051311709709764                                 0.3300114991468579                                 
son     : 0.6237708436645156                                 -0.3386317470591272                                0.141338377596823                                  0.03421423455490659                                0.6051311709709764                                 0.3300114991468579                                 
87  :
parent#1: 0.6237708436645156                                 -0.3386317470591272                                0.141338377596823                                  0.03421423455490659                                0.6051311709709764                                 0.3300114991468579                                 
parent#2: 0.14088048781329596                                -0.4007572558484645                                0.08056559107810661                                -0.4273045172415545                                -0.3572928605632245                                -0.7090896677487564                                
son     : 0.6161189574447972                                 -0.5957637983015694                                0.17879945565337427                                -0.31673308497679104                               0.19969609041050237                                -0.305442803032459                                 
88  :
parent#1: 0.14088048781329596                                -0.4007572558484645                                0.08056559107810661                                -0.4273045172415545                                -0.3572928605632245                                -0.7090896677487564                                
parent#2: 0.10241052381088                                   -0.26378742721331977                               0.5129793202443849                                 0.6256697373690031                                 0.45033223619819107                                -0.25003750046724355                               
son     : 0.1802880043100416                                 -0.49245318963585033                               0.4398396258716491                                 0.14699626353868156                                0.06894575859379426                                -0.7107501501301707                                
89  :
parent#1: 0.14088048781329596                                -0.4007572558484645                                0.08056559107810661                                -0.4273045172415545                                -0.3572928605632245                                -0.7090896677487564                                
parent#2: -0.5794718837451026                                0.10923998242781177                                0.29420297482487195                                0.522183324330461                                  -0.2629421243855414                                0.4731908566393443                                 
son     : -0.4709947077111334                                -0.31305468885407667                               0.40245662088692435                                0.10188849217591274                                -0.6660581994034008                                -0.2533271117912141                                
90  :
parent#1: 0.14088048781329596                                -0.4007572558484645                                0.08056559107810661                                -0.4273045172415545                                -0.3572928605632245                                -0.7090896677487564                                
parent#2: -0.26303074470681775                               0.444871356365                                     -0.6481642139047714                                0.371054536219684                                  -0.417890580974554                                 -0.02175888144405928                               
son     : -0.1005003754803825                                0.036295328218227306                               -0.46699758287002935                               -0.04628024825514868                               -0.6377901194971094                                -0.6013131325396844                                
91  :
parent#1: 0.14088048781329596                                -0.4007572558484645                                0.08056559107810661                                -0.4273045172415545                                -0.3572928605632245                                -0.7090896677487564                                
parent#2: -0.2669632186820971                                -0.3527159894618843                                0.2231659609812442                                 -0.5358675242631691                                -0.4261461591123898                                0.5345694267557359                                 
son     : -0.08409616479676738                               -0.5025605788433437                                0.2025864960249014                                 -0.6424279849577965                                -0.5225475087101021                                -0.11640359346429942                               
92  :
parent#1: 0.14088048781329596                                -0.4007572558484645                                0.08056559107810661                                -0.4273045172415545                                -0.3572928605632245                                -0.7090896677487564                                
parent#2: -0.4784082766987913                                0.49771090317190336                                -0.17319263828546855                               0.368651983756461                                  0.4298894084492257                                 0.41557730817408756                                
son     : -0.7087969445828664                                0.2035993813011092                                 -0.19451366734305772                               -0.12316833723098826                               0.1524502960149383                                 -0.6163660312259789                                
93  :
parent#1: 0.14088048781329596                                -0.4007572558484645                                0.08056559107810661                                -0.4273045172415545                                -0.3572928605632245                                -0.7090896677487564                                
parent#2: -0.21277315511615508                               0.4774718557240536                                 -0.06485251024311009                               0.6463067750128703                                 0.01829717410385328                                -0.5518107731467271                                
son     : -0.054128884979251356                              0.0577593780934862                                 0.011830574342223362                               0.16488952859631165                                -0.25523407614745597                               -0.9493476524942434                                
94  :
parent#1: 0.14088048781329596                                -0.4007572558484645                                0.08056559107810661                                -0.4273045172415545                                -0.3572928605632245                                -0.7090896677487564                                
parent#2: -0.26303074470681775                               0.444871356365                                     -0.6481642139047714                                0.371054536219684                                  -0.417890580974554                                 -0.02175888144405928                               
son     : -0.1005003754803825                                0.036295328218227306                               -0.46699758287002935                               -0.04628024825514868                               -0.6377901194971094                                -0.6013131325396844                                
95  :
parent#1: 0.14088048781329596                                -0.4007572558484645                                0.08056559107810661                                -0.4273045172415545                                -0.3572928605632245                                -0.7090896677487564                                
parent#2: -0.36385251318293765                               0.5942059630822825                                 -0.28670104817039366                               0.4268159543460271                                 -0.42904573082625946                               0.25706231353772174                                
son     : -0.22848947505044265                               0.1982356014920064                                 -0.21123628536906353                               -5.006523995246395E-4                              -0.8057965642130743                                -0.46321278510565184                               
96  :
parent#1: 0.14088048781329596                                -0.4007572558484645                                0.08056559107810661                                -0.4273045172415545                                -0.3572928605632245                                -0.7090896677487564                                
parent#2: 0.6237708436645156                                 -0.3386317470591272                                0.141338377596823                                  0.03421423455490659                                0.6051311709709764                                 0.3300114991468579                                 
son     : 0.6161189574447972                                 -0.5957637983015694                                0.17879945565337427                                -0.31673308497679104                               0.19969609041050237                                -0.305442803032459                                 
97  :
parent#1: 0.14088048781329596                                -0.4007572558484645                                0.08056559107810661                                -0.4273045172415545                                -0.3572928605632245                                -0.7090896677487564                                
parent#2: 0.14088048781329596                                -0.4007572558484645                                0.08056559107810661                                -0.4273045172415545                                -0.3572928605632245                                -0.7090896677487564                                
son     : 0.14088048781329596                                -0.4007572558484645                                0.08056559107810661                                -0.4273045172415545                                -0.3572928605632245                                -0.7090896677487564                                

0   :
parent#1: -0.2669632186820971                                -0.3527159894618843                                0.2231659609812442                                 -0.5358675242631691                                -0.4261461591123898                                0.5345694267557359                                 
parent#2: -0.36385251318293765                               0.5942059630822825                                 -0.28670104817039366                               0.4268159543460271                                 -0.42904573082625946                               0.25706231353772174                                
son:      -0.46628580301755695                               0.17850434062156187                                -0.04696380837268266                               -0.0806086409715907                                -0.632139968917995                                 0.5851576349016878                                 
mutated:  -0.46628580301755695                               0.17850434062156187                                -0.04696380837268266                               -0.0806086409715907                                -0.632139968917995                                 0.5851576349016878                                 
1   :
parent#1: 0.6237708436645156                                 -0.3386317470591272                                0.141338377596823                                  0.03421423455490659                                0.6051311709709764                                 0.3300114991468579                                 
parent#2: -0.4784082766987913                                0.49771090317190336                                -0.17319263828546855                               0.368651983756461                                  0.4298894084492257                                 0.41557730817408756                                
son:      0.10725243330202015                                0.11737290374591566                                -0.02350293504860642                               0.2972455915646106                                 0.7636661760840993                                 0.5501155868193911                                 
mutated:  0.10725243330202015                                0.11737290374591566                                -0.02350293504860642                               0.2972455915646106                                 0.7636661760840993                                 0.5501155868193911                                 

