0   :
parent#1: 0.04993849713607218                                0.5669548658757171                                 0.26857884685129363                                -0.1582391697671452                                0.5085053286340128                                 -0.5659650391056736                                
parent#2: 0.04993849713607218                                0.5669548658757171                                 0.26857884685129363                                -0.1582391697671452                                0.5085053286340128                                 -0.5659650391056736                                
son     : 0.04993849713607218                                0.5669548658757171                                 0.26857884685129363                                -0.1582391697671452                                0.5085053286340128                                 -0.5659650391056736                                
1   :
parent#1: 0.04993849713607218                                0.5669548658757171                                 0.26857884685129363                                -0.1582391697671452                                0.5085053286340128                                 -0.5659650391056736                                
parent#2: 0.6237708436645156                                 -0.3386317470591272                                0.141338377596823                                  0.03421423455490659                                0.6051311709709764                                 0.3300114991468579                                 
son     : 0.4781460269174786                                 0.1620458341661523                                 0.29092708140575074                                -0.08802316729045095                               0.7903718049740139                                 -0.16746130836534756                               
2   :
parent#1: 0.04993849713607218                                0.5669548658757171                                 0.26857884685129363                                -0.1582391697671452                                0.5085053286340128                                 -0.5659650391056736                                
parent#2: -0.35581810987560264                               -0.022007964121444817                              0.15790186778848952                                0.4850393518110251                                 0.5681999323828612                                 -0.5383881372983081                                
son     : -0.3621436616790047                                0.33379113930361587                                0.2612281731896597                                 0.20017180524909836                                0.4376721296646787                                 -0.6764389406725574                                
3   :
parent#1: 0.04993849713607218                                0.5669548658757171                                 0.26857884685129363                                -0.1582391697671452                                0.5085053286340128                                 -0.5659650391056736                                
parent#2: 0.6260820785247944                                 -0.18304392326731728                               1.8977566461721683E-4                              0.13739941774423964                                -0.49955500524395724                               -0.5532470640043493                                
son     : 0.48663822955809016                                0.27636102826647174                                0.19347500849962787                                -0.015001644023840995                              0.006442954083536661                               -0.8056728093298136                                
4   :
parent#1: 0.04993849713607218                                0.5669548658757171                                 0.26857884685129363                                -0.1582391697671452                                0.5085053286340128                                 -0.5659650391056736                                
parent#2: -0.4776766193153375                                -0.345043090645962                                 0.10146980248249862                                -0.5921173730815134                                -0.12377596198103001                               -0.5258808989417985                                
son     : -0.28375480256034497                               0.14721281246880458                                0.24548450555320314                                -0.49777483377235743                               0.2552234645759046                                 -0.724313575321516                                 
5   :
parent#1: 0.04993849713607218                                0.5669548658757171                                 0.26857884685129363                                -0.1582391697671452                                0.5085053286340128                                 -0.5659650391056736                                
parent#2: 0.4816275896179255                                 0.49882829240834187                                -0.4296071925710571                                -0.29023558287852025                               -0.17765288764989823                               -0.46780938173986847                               
son     : 0.3163372850029234                                 0.634252182550253                                  -0.09582866733384399                               -0.2668892714932411                                0.19689172339156494                                -0.6152036439959907                                
6   :
parent#1: 0.04993849713607218                                0.5669548658757171                                 0.26857884685129363                                -0.1582391697671452                                0.5085053286340128                                 -0.5659650391056736                                
parent#2: -0.26015795454750607                               -0.06129357055600976                               -0.254356736484043                                 0.44339655319043864                                0.464732240419716                                  -0.6717790029709548                                
son     : -0.11846943837345235                               0.4155794892811776                                 0.00801488810046655                                0.16070080038349177                                0.5484692503229159                                 -0.6975322042997979                                
7   :
parent#1: 0.04993849713607218                                0.5669548658757171                                 0.26857884685129363                                -0.1582391697671452                                0.5085053286340128                                 -0.5659650391056736                                
parent#2: 0.18972471890083029                                0.6119797438361118                                 -0.18172289826060914                               0.5421761035248139                                 0.512269904157779                                  -0.009312920105020243                              
son     : 0.1389450365095409                                 0.6834887518306064                                 0.050354840211045346                               0.22258789713523008                                0.591795663655168                                  -0.3335180857848307                                
8   :
parent#1: 0.04993849713607218                                0.5669548658757171                                 0.26857884685129363                                -0.1582391697671452                                0.5085053286340128                                 -0.5659650391056736                                
parent#2: -0.43791437563607977                               0.21611039202443216                                -0.39722792003620605                               -0.2661278964576774                                0.5980338593862198                                 0.41865107591961676                                
son     : -0.2611886196913277                                0.527166107928974                                  -0.08660763648412027                               -0.2856874728868421                                0.7449314742729847                                 -0.09917299718370122                               
9   :
parent#1: 0.04993849713607218                                0.5669548658757171                                 0.26857884685129363                                -0.1582391697671452                                0.5085053286340128                                 -0.5659650391056736                                
parent#2: 0.13803748298085494                                -0.09341651339212566                               -0.2638666833620045                                0.24038102644036366                                -0.4846179787962077                                0.7809966443490395                                 
son     : 0.33591129421793037                                0.8462085461432092                                 0.008420591478065462                               0.1467867190659211                                 0.04268646767774456                                0.3842594397971899                                 
10  :
parent#1: 0.6237708436645156                                 -0.3386317470591272                                0.141338377596823                                  0.03421423455490659                                0.6051311709709764                                 0.3300114991468579                                 
parent#2: 0.04993849713607218                                0.5669548658757171                                 0.26857884685129363                                -0.1582391697671452                                0.5085053286340128                                 -0.5659650391056736                                
son     : 0.4781460269174786                                 0.1620458341661523                                 0.29092708140575074                                -0.08802316729045095                               0.7903718049740139                                 -0.16746130836534756                               
11  :
parent#1: 0.6237708436645156                                 -0.3386317470591272                                0.141338377596823                                  0.03421423455490659                                0.6051311709709764                                 0.3300114991468579                                 
parent#2: 0.6237708436645156                                 -0.3386317470591272                                0.141338377596823                                  0.03421423455490659                                0.6051311709709764                                 0.3300114991468579                                 
son     : 0.6237708436645156                                 -0.3386317470591272                                0.141338377596823                                  0.03421423455490659                                0.6051311709709764                                 0.3300114991468579                                 
12  :
parent#1: 0.6237708436645156                                 -0.3386317470591272                                0.141338377596823                                  0.03421423455490659                                0.6051311709709764                                 0.3300114991468579                                 
parent#2: -0.35581810987560264                               -0.022007964121444817                              0.15790186778848952                                0.4850393518110251                                 0.5681999323828612                                 -0.5383881372983081                                
son     : 0.19037018109388795                                -0.2562207377259969                                0.2125987628454586                                 0.3689098367177148                                 0.833606925632358                                  -0.14804364105453477                               
13  :
parent#1: 0.6237708436645156                                 -0.3386317470591272                                0.141338377596823                                  0.03421423455490659                                0.6051311709709764                                 0.3300114991468579                                 
parent#2: 0.6260820785247944                                 -0.18304392326731728                               1.8977566461721683E-4                              0.13739941774423964                                -0.49955500524395724                               -0.5532470640043493                                
son     : 0.8962479296695655                                 -0.37408460722728193                               0.10148739271524476                                0.12306118411654658                                0.07570684380170593                                -0.16007836544613704                               
14  :
parent#1: 0.6237708436645156                                 -0.3386317470591272                                0.141338377596823                                  0.03421423455490659                                0.6051311709709764                                 0.3300114991468579                                 
parent#2: -0.4776766193153375                                -0.345043090645962                                 0.10146980248249862                                -0.5921173730815134                                -0.12377596198103001                               -0.5258808989417985                                
son     : 0.137492655618705                                  -0.6434222121682983                                0.22851239762400974                                -0.525055555315421                                 0.4530145272666064                                 -0.18433722518613524                               
15  :
parent#1: 0.6237708436645156                                 -0.3386317470591272                                0.141338377596823                                  0.03421423455490659                                0.6051311709709764                                 0.3300114991468579                                 
parent#2: 0.4816275896179255                                 0.49882829240834187                                -0.4296071925710571                                -0.29023558287852025                               -0.17765288764989823                               -0.46780938173986847                               
son     : 0.8744571940551543                                 0.12672808041479314                                -0.22804332943320213                               -0.2025330443146022                                0.3381689795257304                                 -0.10900897462031864                               
16  :
parent#1: 0.6237708436645156                                 -0.3386317470591272                                0.141338377596823                                  0.03421423455490659                                0.6051311709709764                                 0.3300114991468579                                 
parent#2: -0.26015795454750607                               -0.06129357055600976                               -0.254356736484043                                 0.44339655319043864                                0.464732240419716                                  -0.6717790029709548                                
son     : 0.27143964561857037                                -0.29854713552910966                               -0.08436902046909404                               0.35653989957293336                                0.7986607569202899                                 -0.25513190785737905                               
17  :
parent#1: 0.6237708436645156                                 -0.3386317470591272                                0.141338377596823                                  0.03421423455490659                                0.6051311709709764                                 0.3300114991468579                                 
parent#2: 0.18972471890083029                                0.6119797438361118                                 -0.18172289826060914                               0.5421761035248139                                 0.512269904157779                                  -0.009312920105020243                              
son     : 0.5227421486624038                                 0.1756500290144935                                 -0.02595059159009616                               0.37038127515519115                                0.7180280579386262                                 0.20607692530325716                                
18  :
parent#1: 0.6237708436645156                                 -0.3386317470591272                                0.141338377596823                                  0.03421423455490659                                0.6051311709709764                                 0.3300114991468579                                 
parent#2: -0.43791437563607977                               0.21611039202443216                                -0.39722792003620605                               -0.2661278964576774                                0.5980338593862198                                 0.41865107591961676                                
son     : 0.12596692251067473                                -0.0830406291439745                                -0.17343285657845423                               -0.15718285507073948                               0.8154625865556111                                 0.5074169415810268                                 
19  :
parent#1: 0.6237708436645156                                 -0.3386317470591272                                0.141338377596823                                  0.03421423455490659                                0.6051311709709764                                 0.3300114991468579                                 
parent#2: 0.13803748298085494                                -0.09341651339212566                               -0.2638666833620045                                0.24038102644036366                                -0.4846179787962077                                0.7809966443490395                                 
son     : 0.5249114240161238                                 -0.2976957059997165                                -0.08442610196281619                               0.1892053216480584                                 0.08303762128165103                                0.7655217806084942                                 
20  :
parent#1: -0.35581810987560264                               -0.022007964121444817                              0.15790186778848952                                0.4850393518110251                                 0.5681999323828612                                 -0.5383881372983081                                
parent#2: 0.04993849713607218                                0.5669548658757171                                 0.26857884685129363                                -0.1582391697671452                                0.5085053286340128                                 -0.5659650391056736                                
son     : -0.17491393975429217                               0.3116219766627696                                 0.24387837214372765                                0.1868771404598015                                 0.6157022283110009                                 -0.6315123889262833                                
21  :
parent#1: -0.35581810987560264                               -0.022007964121444817                              0.15790186778848952                                0.4850393518110251                                 0.5681999323828612                                 -0.5383881372983081                                
parent#2: 0.6237708436645156                                 -0.3386317470591272                                0.141338377596823                                  0.03421423455490659                                0.6051311709709764                                 0.3300114991468579                                 
son     : 0.19037018109388795                                -0.2562207377259969                                0.2125987628454586                                 0.3689098367177148                                 0.833606925632358                                  -0.14804364105453477                               
22  :
parent#1: -0.35581810987560264                               -0.022007964121444817                              0.15790186778848952                                0.4850393518110251                                 0.5681999323828612                                 -0.5383881372983081                                
parent#2: -0.35581810987560264                               -0.022007964121444817                              0.15790186778848952                                0.4850393518110251                                 0.5681999323828612                                 -0.5383881372983081                                
son     : -0.35581810987560264                               -0.022007964121444817                              0.15790186778848952                                0.4850393518110251                                 0.5681999323828612                                 -0.5383881372983081                                
23  :
parent#1: -0.35581810987560264                               -0.022007964121444817                              0.15790186778848952                                0.4850393518110251                                 0.5681999323828612                                 -0.5383881372983081                                
parent#2: -0.4776766193153375                                -0.345043090645962                                 0.10146980248249862                                -0.5921173730815134                                -0.12377596198103001                               -0.5258808989417985                                
son     : -0.5571060002237151                                -0.2453360985232113                                0.17336344038585091                                -0.07157070831122903                               0.29705198111383346                                -0.7113550274243517                                
24  :
parent#1: -0.35581810987560264                               -0.022007964121444817                              0.15790186778848952                                0.4850393518110251                                 0.5681999323828612                                 -0.5383881372983081                                
parent#2: -0.26015795454750607                               -0.06129357055600976                               -0.254356736484043                                 0.44339655319043864                                0.464732240419716                                  -0.6717790029709548                                
son     : -0.3164425657017651                                -0.042794116334562184                              -0.04955131844779315                               0.4769611302079702                                 0.5306435198316839                                 -0.6216936288805688                                
25  :
parent#1: -0.35581810987560264                               -0.022007964121444817                              0.15790186778848952                                0.4850393518110251                                 0.5681999323828612                                 -0.5383881372983081                                
parent#2: 0.18972471890083029                                0.6119797438361118                                 -0.18172289826060914                               0.5421761035248139                                 0.512269904157779                                  -0.009312920105020243                              
son     : -0.0975538478714417                                0.34651599867372274                                -0.013991123723707326                              0.6033281617824678                                 0.6346067681860786                                 -0.32168857122718086                               
26  :
parent#1: -0.35581810987560264                               -0.022007964121444817                              0.15790186778848952                                0.4850393518110251                                 0.5681999323828612                                 -0.5383881372983081                                
parent#2: -0.43791437563607977                               0.21611039202443216                                -0.39722792003620605                               -0.2661278964576774                                0.5980338593862198                                 0.41865107591961676                                
son     : -0.5416582023755433                                0.132459202683236                                  -0.16332066736384762                               0.14938935667937087                                0.7958602057115332                                 -0.08171085675333303                               
27  :
parent#1: -0.35581810987560264                               -0.022007964121444817                              0.15790186778848952                                0.4850393518110251                                 0.5681999323828612                                 -0.5383881372983081                                
parent#2: 0.13803748298085494                                -0.09341651339212566                               -0.2638666833620045                                0.24038102644036366                                -0.4846179787962077                                0.7809966443490395                                 
son     : -0.2672488277375813                                -0.14164279324364673                               -0.13003439813375725                               0.8901973902312796                                 0.10256733775886091                                0.2977162846528493                                 
28  :
parent#1: 0.6260820785247944                                 -0.18304392326731728                               1.8977566461721683E-4                              0.13739941774423964                                -0.49955500524395724                               -0.5532470640043493                                
parent#2: 0.04993849713607218                                0.5669548658757171                                 0.26857884685129363                                -0.1582391697671452                                0.5085053286340128                                 -0.5659650391056736                                
son     : 0.48663822955809016                                0.27636102826647174                                0.19347500849962787                                -0.015001644023840995                              0.006442954083536661                               -0.8056728093298136                                
29  :
parent#1: 0.6260820785247944                                 -0.18304392326731728                               1.8977566461721683E-4                              0.13739941774423964                                -0.49955500524395724                               -0.5532470640043493                                
parent#2: 0.6237708436645156                                 -0.3386317470591272                                0.141338377596823                                  0.03421423455490659                                0.6051311709709764                                 0.3300114991468579                                 
son     : 0.8962479296695655                                 -0.37408460722728193                               0.10148739271524476                                0.12306118411654658                                0.07570684380170593                                -0.16007836544613704                               
30  :
parent#1: 0.6260820785247944                                 -0.18304392326731728                               1.8977566461721683E-4                              0.13739941774423964                                -0.49955500524395724                               -0.5532470640043493                                
parent#2: -0.35581810987560264                               -0.022007964121444817                              0.15790186778848952                                0.4850393518110251                                 0.5681999323828612                                 -0.5383881372983081                                
son     : 0.2058416223091017                                 -0.1561740300366608                                0.1204076167627789                                 0.47406913601436884                                0.05228215672324074                                -0.8314240404629455                                
31  :
parent#1: 0.6260820785247944                                 -0.18304392326731728                               1.8977566461721683E-4                              0.13739941774423964                                -0.49955500524395724                               -0.5532470640043493                                
parent#2: 0.6260820785247944                                 -0.18304392326731728                               1.8977566461721683E-4                              0.13739941774423964                                -0.49955500524395724                               -0.5532470640043493                                
son     : 0.6260820785247944                                 -0.18304392326731728                               1.8977566461721683E-4                              0.13739941774423964                                -0.49955500524395724                               -0.5532470640043493                                
32  :
parent#1: 0.6260820785247944                                 -0.18304392326731728                               1.8977566461721683E-4                              0.13739941774423964                                -0.49955500524395724                               -0.5532470640043493                                
parent#2: -0.4776766193153375                                -0.345043090645962                                 0.10146980248249862                                -0.5921173730815134                                -0.12377596198103001                               -0.5258808989417985                                
son     : 0.10312247932211346                                -0.3669517446503651                                0.0706401759154605                                 -0.3159697978527844                                -0.4331338962926483                                -0.749853486776161                                 
33  :
parent#1: 0.6260820785247944                                 -0.18304392326731728                               1.8977566461721683E-4                              0.13739941774423964                                -0.49955500524395724                               -0.5532470640043493                                
parent#2: 0.4816275896179255                                 0.49882829240834187                                -0.4296071925710571                                -0.29023558287852025                               -0.17765288764989823                               -0.46780938173986847                               
son     : 0.6357684759319248                                 0.1812440144433644                                 -0.24646354955354238                               -0.08772011165852003                               -0.3886825603644762                                -0.5860339753463546                                
34  :
parent#1: 0.6260820785247944                                 -0.18304392326731728                               1.8977566461721683E-4                              0.13739941774423964                                -0.49955500524395724                               -0.5532470640043493                                
parent#2: -0.26015795454750607                               -0.06129357055600976                               -0.254356736484043                                 0.44339655319043864                                0.464732240419716                                  -0.6717790029709548                                
son     : 0.252666436755535                                  -0.16871225449445726                               -0.17549938941771953                               0.4010329979423401                                 -0.024044722196733648                              -0.8458665362399244                                
35  :
parent#1: 0.6260820785247944                                 -0.18304392326731728                               1.8977566461721683E-4                              0.13739941774423964                                -0.49955500524395724                               -0.5532470640043493                                
parent#2: 0.18972471890083029                                0.6119797438361118                                 -0.18172289826060914                               0.5421761035248139                                 0.512269904157779                                  -0.009312920105020243                              
son     : 0.6330098198312325                                 0.3328246189590844                                 -0.1408571852925339                                0.5273037435305973                                 0.009865884785477527                               -0.43650775564639555                               
36  :
parent#1: 0.6260820785247944                                 -0.18304392326731728                               1.8977566461721683E-4                              0.13739941774423964                                -0.49955500524395724                               -0.5532470640043493                                
parent#2: -0.43791437563607977                               0.21611039202443216                                -0.39722792003620605                               -0.2661278964576774                                0.5980338593862198                                 0.41865107591961676                                
son     : 0.38528151821920115                                0.06770502636376226                                -0.8129527900167326                                -0.2635771333515918                                0.2016397174113229                                 -0.27559111281795545                               
37  :
parent#1: 0.6260820785247944                                 -0.18304392326731728                               1.8977566461721683E-4                              0.13739941774423964                                -0.49955500524395724                               -0.5532470640043493                                
parent#2: 0.13803748298085494                                -0.09341651339212566                               -0.2638666833620045                                0.24038102644036366                                -0.4846179787962077                                0.7809966443490395                                 
son     : 0.5553718114253168                                 -0.20093495995895103                               -0.191643728594483                                 0.2745756294923916                                 -0.7153094364254209                                0.16553129033649425                                
38  :
parent#1: -0.4776766193153375                                -0.345043090645962                                 0.10146980248249862                                -0.5921173730815134                                -0.12377596198103001                               -0.5258808989417985                                
parent#2: 0.04993849713607218                                0.5669548658757171                                 0.26857884685129363                                -0.1582391697671452                                0.5085053286340128                                 -0.5659650391056736                                
son     : -0.28375480256034497                               0.14721281246880458                                0.24548450555320314                                -0.49777483377235743                               0.2552234645759046                                 -0.724313575321516                                 
39  :
parent#1: -0.4776766193153375                                -0.345043090645962                                 0.10146980248249862                                -0.5921173730815134                                -0.12377596198103001                               -0.5258808989417985                                
parent#2: 0.6237708436645156                                 -0.3386317470591272                                0.141338377596823                                  0.03421423455490659                                0.6051311709709764                                 0.3300114991468579                                 
son     : 0.137492655618705                                  -0.6434222121682983                                0.22851239762400974                                -0.525055555315421                                 0.4530145272666064                                 -0.18433722518613524                               
40  :
parent#1: -0.4776766193153375                                -0.345043090645962                                 0.10146980248249862                                -0.5921173730815134                                -0.12377596198103001                               -0.5258808989417985                                
parent#2: -0.35581810987560264                               -0.022007964121444817                              0.15790186778848952                                0.4850393518110251                                 0.5681999323828612                                 -0.5383881372983081                                
son     : -0.5571060002237151                                -0.2453360985232113                                0.17336344038585091                                -0.07157070831122903                               0.29705198111383346                                -0.7113550274243517                                
41  :
parent#1: -0.4776766193153375                                -0.345043090645962                                 0.10146980248249862                                -0.5921173730815134                                -0.12377596198103001                               -0.5258808989417985                                
parent#2: 0.6260820785247944                                 -0.18304392326731728                               1.8977566461721683E-4                              0.13739941774423964                                -0.49955500524395724                               -0.5532470640043493                                
son     : 0.10312247932211346                                -0.3669517446503651                                0.0706401759154605                                 -0.3159697978527844                                -0.4331338962926483                                -0.749853486776161                                 
42  :
parent#1: -0.4776766193153375                                -0.345043090645962                                 0.10146980248249862                                -0.5921173730815134                                -0.12377596198103001                               -0.5258808989417985                                
parent#2: -0.4776766193153375                                -0.345043090645962                                 0.10146980248249862                                -0.5921173730815134                                -0.12377596198103001                               -0.5258808989417985                                
son     : -0.4776766193153375                                -0.345043090645962                                 0.10146980248249862                                -0.5921173730815134                                -0.12377596198103001                               -0.5258808989417985                                
43  :
parent#1: -0.4776766193153375                                -0.345043090645962                                 0.10146980248249862                                -0.5921173730815134                                -0.12377596198103001                               -0.5258808989417985                                
parent#2: 0.4816275896179255                                 0.49882829240834187                                -0.4296071925710571                                -0.29023558287852025                               -0.17765288764989823                               -0.46780938173986847                               
son     : 0.0028020600101264564                              0.10906570563826569                                -0.23271768405653157                               -0.6257718340967984                                -0.21377577171258194                               -0.7047331629209103                                
44  :
parent#1: -0.4776766193153375                                -0.345043090645962                                 0.10146980248249862                                -0.5921173730815134                                -0.12377596198103001                               -0.5258808989417985                                
parent#2: -0.26015795454750607                               -0.06129357055600976                               -0.254356736484043                                 0.44339655319043864                                0.464732240419716                                  -0.6717790029709548                                
son     : -0.4859180800272803                                -0.26760243725399213                               -0.10068723811944583                               -0.09794354699755176                               0.22454466903711515                                -0.7887467200354962                                
45  :
parent#1: -0.4776766193153375                                -0.345043090645962                                 0.10146980248249862                                -0.5921173730815134                                -0.12377596198103001                               -0.5258808989417985                                
parent#2: 0.18972471890083029                                0.6119797438361118                                 -0.18172289826060914                               0.5421761035248139                                 0.512269904157779                                  -0.009312920105020243                              
son     : -0.37159998785466364                               0.3444799528693326                                 -0.10356607952062874                               -0.06444887196091244                               0.5013488155024418                                 -0.6906640184398979                                
46  :
parent#1: -0.4776766193153375                                -0.345043090645962                                 0.10146980248249862                                -0.5921173730815134                                -0.12377596198103001                               -0.5258808989417985                                
parent#2: -0.43791437563607977                               0.21611039202443216                                -0.39722792003620605                               -0.2661278964576774                                0.5980338593862198                                 0.41865107591961676                                
son     : -0.6615626307294276                                -0.09316065334568926                               -0.21370078931236772                               -0.6201273291875934                                0.342676264818695                                  -0.07747918470404967                               
47  :
parent#1: -0.4776766193153375                                -0.345043090645962                                 0.10146980248249862                                -0.5921173730815134                                -0.12377596198103001                               -0.5258808989417985                                
parent#2: 0.13803748298085494                                -0.09341651339212566                               -0.2638666833620045                                0.24038102644036366                                -0.4846179787962077                                0.7809966443490395                                 
son     : -0.35942762396538597                               -0.46400569553036425                               -0.17185865464110378                               -0.3722296573354535                                -0.6438409628775723                                0.2699796236602707                                 
48  :
parent#1: 0.4816275896179255                                 0.49882829240834187                                -0.4296071925710571                                -0.29023558287852025                               -0.17765288764989823                               -0.46780938173986847                               
parent#2: 0.04993849713607218                                0.5669548658757171                                 0.26857884685129363                                -0.1582391697671452                                0.5085053286340128                                 -0.5659650391056736                                
son     : 0.3163372850029234                                 0.634252182550253                                  -0.09582866733384399                               -0.2668892714932411                                0.19689172339156494                                -0.6152036439959907                                
49  :
parent#1: 0.4816275896179255                                 0.49882829240834187                                -0.4296071925710571                                -0.29023558287852025                               -0.17765288764989823                               -0.46780938173986847                               
parent#2: 0.6237708436645156                                 -0.3386317470591272                                0.141338377596823                                  0.03421423455490659                                0.6051311709709764                                 0.3300114991468579                                 
son     : 0.8744571940551543                                 0.12672808041479314                                -0.22804332943320213                               -0.2025330443146022                                0.3381689795257304                                 -0.10900897462031864                               
50  :
parent#1: 0.4816275896179255                                 0.49882829240834187                                -0.4296071925710571                                -0.29023558287852025                               -0.17765288764989823                               -0.46780938173986847                               
parent#2: -0.35581810987560264                               -0.022007964121444817                              0.15790186778848952                                0.4850393518110251                                 0.5681999323828612                                 -0.5383881372983081                                
son     : 0.1020477027255023                                 0.38676274009047323                                -0.22038803649086275                               0.1580109634230068                                 0.3167839880020237                                 -0.8161558693053217                                
51  :
parent#1: 0.4816275896179255                                 0.49882829240834187                                -0.4296071925710571                                -0.29023558287852025                               -0.17765288764989823                               -0.46780938173986847                               
parent#2: 0.6260820785247944                                 -0.18304392326731728                               1.8977566461721683E-4                              0.13739941774423964                                -0.49955500524395724                               -0.5532470640043493                                
son     : 0.6357684759319248                                 0.1812440144433644                                 -0.24646354955354238                               -0.08772011165852003                               -0.3886825603644762                                -0.5860339753463546                                
52  :
parent#1: 0.4816275896179255                                 0.49882829240834187                                -0.4296071925710571                                -0.29023558287852025                               -0.17765288764989823                               -0.46780938173986847                               
parent#2: -0.4776766193153375                                -0.345043090645962                                 0.10146980248249862                                -0.5921173730815134                                -0.12377596198103001                               -0.5258808989417985                                
son     : 0.0028020600101264564                              0.10906570563826569                                -0.23271768405653157                               -0.6257718340967984                                -0.21377577171258194                               -0.7047331629209103                                
53  :
parent#1: 0.4816275896179255                                 0.49882829240834187                                -0.4296071925710571                                -0.29023558287852025                               -0.17765288764989823                               -0.46780938173986847                               
parent#2: 0.4816275896179255                                 0.49882829240834187                                -0.4296071925710571                                -0.29023558287852025                               -0.17765288764989823                               -0.46780938173986847                               
son     : 0.4816275896179255                                 0.49882829240834187                                -0.4296071925710571                                -0.29023558287852025                               -0.17765288764989823                               -0.46780938173986847                               
54  :
parent#1: 0.4816275896179255                                 0.49882829240834187                                -0.4296071925710571                                -0.29023558287852025                               -0.17765288764989823                               -0.46780938173986847                               
parent#2: -0.26015795454750607                               -0.06129357055600976                               -0.254356736484043                                 0.44339655319043864                                0.464732240419716                                  -0.6717790029709548                                
son     : 0.1523639632204921                                 0.3010097715960024                                 -0.470545115124062                                 0.10536980584268325                                0.1975013321030454                                 -0.7840000399123384                                
55  :
parent#1: 0.4816275896179255                                 0.49882829240834187                                -0.4296071925710571                                -0.29023558287852025                               -0.17765288764989823                               -0.46780938173986847                               
parent#2: 0.18972471890083029                                0.6119797438361118                                 -0.18172289826060914                               0.5421761035248139                                 0.512269904157779                                  -0.009312920105020243                              
son     : 0.4279150111949655                                 0.7080208516952221                                 -0.38965729221849155                               0.16058503016201708                                0.2132824190042916                                 -0.30411423710717655                               
56  :
parent#1: 0.4816275896179255                                 0.49882829240834187                                -0.4296071925710571                                -0.29023558287852025                               -0.17765288764989823                               -0.46780938173986847                               
parent#2: -0.43791437563607977                               0.21611039202443216                                -0.39722792003620605                               -0.2661278964576774                                0.5980338593862198                                 0.41865107591961676                                
son     : 0.03367159030640512                                0.5507058457522312                                 -0.6368978765602664                                -0.4285578988869289                                0.3238127459306119                                 -0.03786585755108083                               
57  :
parent#1: 0.4816275896179255                                 0.49882829240834187                                -0.4296071925710571                                -0.29023558287852025                               -0.17765288764989823                               -0.46780938173986847                               
parent#2: 0.13803748298085494                                -0.09341651339212566                               -0.2638666833620045                                0.24038102644036366                                -0.4846179787962077                                0.7809966443490395                                 
son     : 0.4947949775336326                                 0.32371634445835556                                -0.5537304037864141                                -0.03980825323801775                               -0.5288151825470908                                0.25007619667287606                                
58  :
parent#1: -0.26015795454750607                               -0.06129357055600976                               -0.254356736484043                                 0.44339655319043864                                0.464732240419716                                  -0.6717790029709548                                
parent#2: 0.04993849713607218                                0.5669548658757171                                 0.26857884685129363                                -0.1582391697671452                                0.5085053286340128                                 -0.5659650391056736                                
son     : -0.12429224180382042                               0.2989722110532462                                 0.00840882191636173                                0.16859928614136446                                0.5754266553387511                                 -0.7318160919230824                                
59  :
parent#1: -0.26015795454750607                               -0.06129357055600976                               -0.254356736484043                                 0.44339655319043864                                0.464732240419716                                  -0.6717790029709548                                
parent#2: 0.6237708436645156                                 -0.3386317470591272                                0.141338377596823                                  0.03421423455490659                                0.6051311709709764                                 0.3300114991468579                                 
son     : 0.27143964561857037                                -0.29854713552910966                               -0.08436902046909404                               0.35653989957293336                                0.7986607569202899                                 -0.25513190785737905                               
60  :
parent#1: -0.26015795454750607                               -0.06129357055600976                               -0.254356736484043                                 0.44339655319043864                                0.464732240419716                                  -0.6717790029709548                                
parent#2: -0.35581810987560264                               -0.022007964121444817                              0.15790186778848952                                0.4850393518110251                                 0.5681999323828612                                 -0.5383881372983081                                
son     : -0.3164425657017651                                -0.042794116334562184                              -0.04955131844779315                               0.4769611302079702                                 0.5306435198316839                                 -0.6216936288805688                                
61  :
parent#1: -0.26015795454750607                               -0.06129357055600976                               -0.254356736484043                                 0.44339655319043864                                0.464732240419716                                  -0.6717790029709548                                
parent#2: -0.4776766193153375                                -0.345043090645962                                 0.10146980248249862                                -0.5921173730815134                                -0.12377596198103001                               -0.5258808989417985                                
son     : -0.4859180800272803                                -0.26760243725399213                               -0.10068723811944583                               -0.09794354699755176                               0.22454466903711515                                -0.7887467200354962                                
62  :
parent#1: -0.26015795454750607                               -0.06129357055600976                               -0.254356736484043                                 0.44339655319043864                                0.464732240419716                                  -0.6717790029709548                                
parent#2: 0.4816275896179255                                 0.49882829240834187                                -0.4296071925710571                                -0.29023558287852025                               -0.17765288764989823                               -0.46780938173986847                               
son     : 0.1523639632204921                                 0.3010097715960024                                 -0.470545115124062                                 0.10536980584268325                                0.1975013321030454                                 -0.7840000399123384                                
63  :
parent#1: -0.26015795454750607                               -0.06129357055600976                               -0.254356736484043                                 0.44339655319043864                                0.464732240419716                                  -0.6717790029709548                                
parent#2: -0.26015795454750607                               -0.06129357055600976                               -0.254356736484043                                 0.44339655319043864                                0.464732240419716                                  -0.6717790029709548                                
son     : -0.26015795454750607                               -0.06129357055600976                               -0.254356736484043                                 0.44339655319043864                                0.464732240419716                                  -0.6717790029709548                                
64  :
parent#1: -0.26015795454750607                               -0.06129357055600976                               -0.254356736484043                                 0.44339655319043864                                0.464732240419716                                  -0.6717790029709548                                
parent#2: 0.18972471890083029                                0.6119797438361118                                 -0.18172289826060914                               0.5421761035248139                                 0.512269904157779                                  -0.009312920105020243                              
son     : -0.04144455070420442                               0.32403652652139175                                -0.2565993790759302                                0.5799338276721717                                 0.5748907393972538                                 -0.4007702965933327                                
65  :
parent#1: -0.26015795454750607                               -0.06129357055600976                               -0.254356736484043                                 0.44339655319043864                                0.464732240419716                                  -0.6717790029709548                                
parent#2: -0.43791437563607977                               0.21611039202443216                                -0.39722792003620605                               -0.2661278964576774                                0.5980338593862198                                 0.41865107591961676                                
son     : -0.47488952039424936                               0.10531986861127415                                -0.44326456106600826                               0.12059355991751532                                0.7229859451604075                                 -0.17219963416138706                               
66  :
parent#1: -0.26015795454750607                               -0.06129357055600976                               -0.254356736484043                                 0.44339655319043864                                0.464732240419716                                  -0.6717790029709548                                
parent#2: 0.13803748298085494                                -0.09341651339212566                               -0.2638666833620045                                0.24038102644036366                                -0.4846179787962077                                0.7809966443490395                                 
son     : -0.1376334212378135                                -0.17436288838886216                               -0.5840532821726251                                0.7706377681233805                                 -0.022411821470103514                              0.12309154599182974                                
67  :
parent#1: 0.18972471890083029                                0.6119797438361118                                 -0.18172289826060914                               0.5421761035248139                                 0.512269904157779                                  -0.009312920105020243                              
parent#2: 0.04993849713607218                                0.5669548658757171                                 0.26857884685129363                                -0.1582391697671452                                0.5085053286340128                                 -0.5659650391056736                                
son     : 0.1389450365095409                                 0.6834887518306064                                 0.050354840211045346                               0.22258789713523008                                0.591795663655168                                  -0.3335180857848307                                
68  :
parent#1: 0.18972471890083029                                0.6119797438361118                                 -0.18172289826060914                               0.5421761035248139                                 0.512269904157779                                  -0.009312920105020243                              
parent#2: 0.6237708436645156                                 -0.3386317470591272                                0.141338377596823                                  0.03421423455490659                                0.6051311709709764                                 0.3300114991468579                                 
son     : 0.5227421486624038                                 0.1756500290144935                                 -0.02595059159009616                               0.37038127515519115                                0.7180280579386262                                 0.20607692530325716                                
69  :
parent#1: 0.18972471890083029                                0.6119797438361118                                 -0.18172289826060914                               0.5421761035248139                                 0.512269904157779                                  -0.009312920105020243                              
parent#2: -0.35581810987560264                               -0.022007964121444817                              0.15790186778848952                                0.4850393518110251                                 0.5681999323828612                                 -0.5383881372983081                                
son     : -0.0975538478714417                                0.34651599867372274                                -0.013991123723707326                              0.6033281617824678                                 0.6346067681860786                                 -0.32168857122718086                               
70  :
parent#1: 0.18972471890083029                                0.6119797438361118                                 -0.18172289826060914                               0.5421761035248139                                 0.512269904157779                                  -0.009312920105020243                              
parent#2: 0.6260820785247944                                 -0.18304392326731728                               1.8977566461721683E-4                              0.13739941774423964                                -0.49955500524395724                               -0.5532470640043493                                
son     : 0.6330098198312325                                 0.3328246189590844                                 -0.1408571852925339                                0.5273037435305973                                 0.009865884785477527                               -0.43650775564639555                               
71  :
parent#1: 0.18972471890083029                                0.6119797438361118                                 -0.18172289826060914                               0.5421761035248139                                 0.512269904157779                                  -0.009312920105020243                              
parent#2: -0.4776766193153375                                -0.345043090645962                                 0.10146980248249862                                -0.5921173730815134                                -0.12377596198103001                               -0.5258808989417985                                
son     : -0.37159998785466364                               0.3444799528693326                                 -0.10356607952062874                               -0.06444887196091244                               0.5013488155024418                                 -0.6906640184398979                                
72  :
parent#1: 0.18972471890083029                                0.6119797438361118                                 -0.18172289826060914                               0.5421761035248139                                 0.512269904157779                                  -0.009312920105020243                              
parent#2: 0.4816275896179255                                 0.49882829240834187                                -0.4296071925710571                                -0.29023558287852025                               -0.17765288764989823                               -0.46780938173986847                               
son     : 0.4279150111949655                                 0.7080208516952221                                 -0.38965729221849155                               0.16058503016201708                                0.2132824190042916                                 -0.30411423710717655                               
73  :
parent#1: 0.18972471890083029                                0.6119797438361118                                 -0.18172289826060914                               0.5421761035248139                                 0.512269904157779                                  -0.009312920105020243                              
parent#2: -0.26015795454750607                               -0.06129357055600976                               -0.254356736484043                                 0.44339655319043864                                0.464732240419716                                  -0.6717790029709548                                
son     : -0.04144455070420442                               0.32403652652139175                                -0.2565993790759302                                0.5799338276721717                                 0.5748907393972538                                 -0.4007702965933327                                
74  :
parent#1: 0.18972471890083029                                0.6119797438361118                                 -0.18172289826060914                               0.5421761035248139                                 0.512269904157779                                  -0.009312920105020243                              
parent#2: 0.18972471890083029                                0.6119797438361118                                 -0.18172289826060914                               0.5421761035248139                                 0.512269904157779                                  -0.009312920105020243                              
son     : 0.18972471890083029                                0.6119797438361118                                 -0.18172289826060914                               0.5421761035248139                                 0.512269904157779                                  -0.009312920105020243                              
75  :
parent#1: 0.18972471890083029                                0.6119797438361118                                 -0.18172289826060914                               0.5421761035248139                                 0.512269904157779                                  -0.009312920105020243                              
parent#2: -0.43791437563607977                               0.21611039202443216                                -0.39722792003620605                               -0.2661278964576774                                0.5980338593862198                                 0.41865107591961676                                
son     : -0.1551473187268862                                0.5176523709043808                                 -0.36191140402480104                               0.1725621435204144                                 0.6940686173315317                                 0.25588381950577577                                
76  :
parent#1: 0.18972471890083029                                0.6119797438361118                                 -0.18172289826060914                               0.5421761035248139                                 0.512269904157779                                  -0.009312920105020243                              
parent#2: 0.13803748298085494                                -0.09341651339212566                               -0.2638666833620045                                0.24038102644036366                                -0.4846179787962077                                0.7809966443490395                                 
son     : 0.2454240934806223                                 0.3882934335120167                                 -0.33365171000900107                               0.5859686477448975                                 0.020705403722260825                               0.5778267823106228                                 
77  :
parent#1: -0.43791437563607977                               0.21611039202443216                                -0.39722792003620605                               -0.2661278964576774                                0.5980338593862198                                 0.41865107591961676                                
parent#2: 0.04993849713607218                                0.5669548658757171                                 0.26857884685129363                                -0.1582391697671452                                0.5085053286340128                                 -0.5659650391056736                                
son     : -0.2611886196913277                                0.527166107928974                                  -0.08660763648412027                               -0.2856874728868421                                0.7449314742729847                                 -0.09917299718370122                               
78  :
parent#1: -0.43791437563607977                               0.21611039202443216                                -0.39722792003620605                               -0.2661278964576774                                0.5980338593862198                                 0.41865107591961676                                
parent#2: 0.6237708436645156                                 -0.3386317470591272                                0.141338377596823                                  0.03421423455490659                                0.6051311709709764                                 0.3300114991468579                                 
son     : 0.12596692251067473                                -0.0830406291439745                                -0.17343285657845423                               -0.15718285507073948                               0.8154625865556111                                 0.5074169415810268                                 
79  :
parent#1: -0.43791437563607977                               0.21611039202443216                                -0.39722792003620605                               -0.2661278964576774                                0.5980338593862198                                 0.41865107591961676                                
parent#2: -0.35581810987560264                               -0.022007964121444817                              0.15790186778848952                                0.4850393518110251                                 0.5681999323828612                                 -0.5383881372983081                                
son     : -0.5416582023755433                                0.132459202683236                                  -0.16332066736384762                               0.14938935667937087                                0.7958602057115332                                 -0.08171085675333303                               
80  :
parent#1: -0.43791437563607977                               0.21611039202443216                                -0.39722792003620605                               -0.2661278964576774                                0.5980338593862198                                 0.41865107591961676                                
parent#2: 0.6260820785247944                                 -0.18304392326731728                               1.8977566461721683E-4                              0.13739941774423964                                -0.49955500524395724                               -0.5532470640043493                                
son     : 0.38528151821920115                                0.06770502636376226                                -0.8129527900167326                                -0.2635771333515918                                0.2016397174113229                                 -0.27559111281795545                               
81  :
parent#1: -0.43791437563607977                               0.21611039202443216                                -0.39722792003620605                               -0.2661278964576774                                0.5980338593862198                                 0.41865107591961676                                
parent#2: -0.4776766193153375                                -0.345043090645962                                 0.10146980248249862                                -0.5921173730815134                                -0.12377596198103001                               -0.5258808989417985                                
son     : -0.6615626307294276                                -0.09316065334568926                               -0.21370078931236772                               -0.6201273291875934                                0.342676264818695                                  -0.07747918470404967                               
82  :
parent#1: -0.43791437563607977                               0.21611039202443216                                -0.39722792003620605                               -0.2661278964576774                                0.5980338593862198                                 0.41865107591961676                                
parent#2: 0.4816275896179255                                 0.49882829240834187                                -0.4296071925710571                                -0.29023558287852025                               -0.17765288764989823                               -0.46780938173986847                               
son     : 0.03367159030640512                                0.5507058457522312                                 -0.6368978765602664                                -0.4285578988869289                                0.3238127459306119                                 -0.03786585755108083                               
83  :
parent#1: -0.43791437563607977                               0.21611039202443216                                -0.39722792003620605                               -0.2661278964576774                                0.5980338593862198                                 0.41865107591961676                                
parent#2: -0.26015795454750607                               -0.06129357055600976                               -0.254356736484043                                 0.44339655319043864                                0.464732240419716                                  -0.6717790029709548                                
son     : -0.47488952039424936                               0.10531986861127415                                -0.44326456106600826                               0.12059355991751532                                0.7229859451604075                                 -0.17219963416138706                               
84  :
parent#1: -0.43791437563607977                               0.21611039202443216                                -0.39722792003620605                               -0.2661278964576774                                0.5980338593862198                                 0.41865107591961676                                
parent#2: 0.18972471890083029                                0.6119797438361118                                 -0.18172289826060914                               0.5421761035248139                                 0.512269904157779                                  -0.009312920105020243                              
son     : -0.1551473187268862                                0.5176523709043808                                 -0.36191140402480104                               0.1725621435204144                                 0.6940686173315317                                 0.25588381950577577                                
85  :
parent#1: -0.43791437563607977                               0.21611039202443216                                -0.39722792003620605                               -0.2661278964576774                                0.5980338593862198                                 0.41865107591961676                                
parent#2: -0.43791437563607977                               0.21611039202443216                                -0.39722792003620605                               -0.2661278964576774                                0.5980338593862198                                 0.41865107591961676                                
son     : -0.4379143756360798                                0.2161103920244322                                 -0.3972279200362061                                -0.2661278964576775                                0.5980338593862199                                 0.4186510759196168                                 
86  :
parent#1: -0.43791437563607977                               0.21611039202443216                                -0.39722792003620605                               -0.2661278964576774                                0.5980338593862198                                 0.41865107591961676                                
parent#2: 0.13803748298085494                                -0.09341651339212566                               -0.2638666833620045                                0.24038102644036366                                -0.4846179787962077                                0.7809966443490395                                 
son     : -0.21232614541600128                               0.08687270994930535                                -0.468084311705357                                 -0.018229926350438318                              0.08030347567435075                                0.849403813833                                     
87  :
parent#1: 0.13803748298085494                                -0.09341651339212566                               -0.2638666833620045                                0.24038102644036366                                -0.4846179787962077                                0.7809966443490395                                 
parent#2: 0.04993849713607218                                0.5669548658757171                                 0.26857884685129363                                -0.1582391697671452                                0.5085053286340128                                 -0.5659650391056736                                
son     : 0.33591129421793037                                0.8462085461432092                                 0.008420591478065462                               0.1467867190659211                                 0.04268646767774456                                0.3842594397971899                                 
88  :
parent#1: 0.13803748298085494                                -0.09341651339212566                               -0.2638666833620045                                0.24038102644036366                                -0.4846179787962077                                0.7809966443490395                                 
parent#2: 0.6237708436645156                                 -0.3386317470591272                                0.141338377596823                                  0.03421423455490659                                0.6051311709709764                                 0.3300114991468579                                 
son     : 0.5249114240161238                                 -0.2976957059997165                                -0.08442610196281619                               0.1892053216480584                                 0.08303762128165103                                0.7655217806084942                                 
89  :
parent#1: 0.13803748298085494                                -0.09341651339212566                               -0.2638666833620045                                0.24038102644036366                                -0.4846179787962077                                0.7809966443490395                                 
parent#2: -0.35581810987560264                               -0.022007964121444817                              0.15790186778848952                                0.4850393518110251                                 0.5681999323828612                                 -0.5383881372983081                                
son     : -0.2672488277375813                                -0.14164279324364673                               -0.13003439813375725                               0.8901973902312796                                 0.10256733775886091                                0.2977162846528493                                 
90  :
parent#1: 0.13803748298085494                                -0.09341651339212566                               -0.2638666833620045                                0.24038102644036366                                -0.4846179787962077                                0.7809966443490395                                 
parent#2: 0.6260820785247944                                 -0.18304392326731728                               1.8977566461721683E-4                              0.13739941774423964                                -0.49955500524395724                               -0.5532470640043493                                
son     : 0.5553718114253168                                 -0.20093495995895103                               -0.191643728594483                                 0.2745756294923916                                 -0.7153094364254209                                0.16553129033649425                                
91  :
parent#1: 0.13803748298085494                                -0.09341651339212566                               -0.2638666833620045                                0.24038102644036366                                -0.4846179787962077                                0.7809966443490395                                 
parent#2: -0.4776766193153375                                -0.345043090645962                                 0.10146980248249862                                -0.5921173730815134                                -0.12377596198103001                               -0.5258808989417985                                
son     : -0.35942762396538597                               -0.46400569553036425                               -0.17185865464110378                               -0.3722296573354535                                -0.6438409628775723                                0.2699796236602707                                 
92  :
parent#1: 0.13803748298085494                                -0.09341651339212566                               -0.2638666833620045                                0.24038102644036366                                -0.4846179787962077                                0.7809966443490395                                 
parent#2: 0.4816275896179255                                 0.49882829240834187                                -0.4296071925710571                                -0.29023558287852025                               -0.17765288764989823                               -0.46780938173986847                               
son     : 0.4947949775336326                                 0.32371634445835556                                -0.5537304037864141                                -0.03980825323801775                               -0.5288151825470908                                0.25007619667287606                                
93  :
parent#1: 0.13803748298085494                                -0.09341651339212566                               -0.2638666833620045                                0.24038102644036366                                -0.4846179787962077                                0.7809966443490395                                 
parent#2: -0.26015795454750607                               -0.06129357055600976                               -0.254356736484043                                 0.44339655319043864                                0.464732240419716                                  -0.6717790029709548                                
son     : -0.1376334212378135                                -0.17436288838886216                               -0.5840532821726251                                0.7706377681233805                                 -0.022411821470103514                              0.12309154599182974                                
94  :
parent#1: 0.13803748298085494                                -0.09341651339212566                               -0.2638666833620045                                0.24038102644036366                                -0.4846179787962077                                0.7809966443490395                                 
parent#2: 0.18972471890083029                                0.6119797438361118                                 -0.18172289826060914                               0.5421761035248139                                 0.512269904157779                                  -0.009312920105020243                              
son     : 0.2454240934806223                                 0.3882934335120167                                 -0.33365171000900107                               0.5859686477448975                                 0.020705403722260825                               0.5778267823106228                                 
95  :
parent#1: 0.13803748298085494                                -0.09341651339212566                               -0.2638666833620045                                0.24038102644036366                                -0.4846179787962077                                0.7809966443490395                                 
parent#2: -0.43791437563607977                               0.21611039202443216                                -0.39722792003620605                               -0.2661278964576774                                0.5980338593862198                                 0.41865107591961676                                
son     : -0.21232614541600128                               0.08687270994930535                                -0.468084311705357                                 -0.018229926350438318                              0.08030347567435075                                0.849403813833                                     
96  :
parent#1: 0.13803748298085494                                -0.09341651339212566                               -0.2638666833620045                                0.24038102644036366                                -0.4846179787962077                                0.7809966443490395                                 
parent#2: 0.13803748298085494                                -0.09341651339212566                               -0.2638666833620045                                0.24038102644036366                                -0.4846179787962077                                0.7809966443490395                                 
son     : 0.13803748298085497                                -0.09341651339212567                               -0.26386668336200453                               0.2403810264403637                                 -0.48461797879620777                               0.7809966443490396                                 

0   :
parent#1: -0.35581810987560264                               -0.022007964121444817                              0.15790186778848952                                0.4850393518110251                                 0.5681999323828612                                 -0.5383881372983081                                
parent#2: 0.6260820785247944                                 -0.18304392326731728                               1.8977566461721683E-4                              0.13739941774423964                                -0.49955500524395724                               -0.5532470640043493                                
son:      0.2058416223091017                                 -0.1561740300366608                                0.1204076167627789                                 0.47406913601436884                                0.05228215672324074                                -0.8314240404629455                                
mutated:  0.2058416223091017                                 -0.1561740300366608                                0.1204076167627789                                 0.47406913601436884                                0.05228215672324074                                -0.8314240404629455                                
1   :
parent#1: -0.35581810987560264                               -0.022007964121444817                              0.15790186778848952                                0.4850393518110251                                 0.5681999323828612                                 -0.5383881372983081                                
parent#2: 0.4816275896179255                                 0.49882829240834187                                -0.4296071925710571                                -0.29023558287852025                               -0.17765288764989823                               -0.46780938173986847                               
son:      0.1020477027255023                                 0.38676274009047323                                -0.22038803649086275                               0.1580109634230068                                 0.3167839880020237                                 -0.8161558693053217                                
mutated:  0.1020477027255023                                 0.38676274009047323                                -0.22038803649086275                               0.1580109634230068                                 0.3167839880020237                                 -0.8161558693053217                                
2   :
parent#1: -0.26015795454750607                               -0.06129357055600976                               -0.254356736484043                                 0.44339655319043864                                0.464732240419716                                  -0.6717790029709548                                
parent#2: 0.6260820785247944                                 -0.18304392326731728                               1.8977566461721683E-4                              0.13739941774423964                                -0.49955500524395724                               -0.5532470640043493                                
son:      0.252666436755535                                  -0.16871225449445726                               -0.17549938941771953                               0.4010329979423401                                 -0.024044722196733648                              -0.8458665362399244                                
mutated:  0.252666436755535                                  -0.16871225449445726                               -0.17549938941771953                               0.4010329979423401                                 -0.024044722196733648                              -0.8458665362399244                                

